1.15713
1.16087
1.16221
1.16439
1.16949
1.17605
1.17975
1.17709
1.16777
1.15412
1.13916
1.12511
1.11326
1.105
1.10279
1.10908
1.1236
1.14262
1.1615
1.17781
1.19188
1.20524
1.21886
1.23231
1.24435
1.25386
1.2604
1.26413
1.26538
1.26438
1.26097
1.25479
1.24567
1.23403
1.22108
1.20851
1.19798
1.19068
1.18704
1.18653
1.18777
1.18879
1.18746
1.18203
1.17157
1.15656
1.13905
1.12209
1.1085
1.09961
1.09483
1.09236
1.09017
1.08677
1.08154
1.07484
1.06778
1.0619
1.05871
1.05924
1.06406
1.07334
1.08658
1.10256
1.11957
1.13613
1.15109
1.16358
1.17291
1.17879
1.18152
1.18196
1.18117
1.17994
1.17842
1.17598
1.17171
1.16504
1.15621
1.14623
1.13645
1.12792
1.12125
1.11667
1.11428
1.11426
1.11671
1.12125
1.12666
1.13124
1.13406
1.13556
1.13705
1.1394
1.14226
1.14446
1.14478
1.14268
1.13834
1.13262
1.12665
1.12158
1.11818
1.11671
1.11686
1.11771
1.11801
1.117
1.1151
1.11376
1.11436
1.11699
1.12041
1.1229
1.12338
1.122
1.12003
1.11916
1.12046
1.12356
1.12687
1.12866
1.12827
1.12653
1.12524
1.12622
1.13055
1.13846
1.14936
1.1621
1.17521
1.18716
1.19668
1.20302
1.20599
1.20559
1.20177
1.19434
1.18341
1.16968
1.15439
1.13894
1.12478
1.11369
1.10799
1.11001
1.12065
1.13841
1.15952
1.17963
1.19539
1.20498
1.20785
1.20422
1.19489
1.18124
1.165
1.14763
1.12987
1.1122
1.0956
1.08169
1.07205
1.06751
1.06793
1.07227
1.07887
1.08601
1.09262
1.09903
1.10699
1.11858
1.13428
1.15203
1.16819
1.17949
1.18445
1.1835
1.17843
1.17156
1.16525
1.16158
1.16213
1.16729
1.17585
1.18536
1.19316
1.1975
1.19797
1.19523
1.19049
1.18485
1.17892
1.17261
1.1654
1.15681
1.14696
1.13711
1.12998
1.12909
1.137
1.15339
1.17479
1.19639
1.21426
1.2264
1.23244
1.23291
1.22854
1.22017
1.20887
1.19612
1.18352
1.17237
1.16307
1.1547
1.14516
1.13192
1.11307
1.08812
1.0582
1.02584
0.99484
0.969858
0.95553
0.954876
0.968
0.992129
1.02288
1.05574
1.08688
1.11332
1.133
1.14499
1.14964
1.14868
1.14501
1.14216
1.14327
1.15009
1.16243
1.17846
1.19559
1.21141
1.22402
1.23215
1.23498
1.23215
1.22374
1.21032
1.1929
1.17296
1.15234
1.133
1.11665
1.10449
1.09728
1.09551
1.09925
1.10781
1.11961
1.1327
1.14556
1.15749
1.16839
1.17815
1.18627
1.19193
1.19431
1.19292
1.18779
1.17962
1.16957
1.15918
1.14986
1.14252
1.13759
1.13534
1.13623
1.14067
1.14844
1.15838
1.16862
1.17753
1.18432
1.18914
1.1923
1.19358
1.19206
1.18685
1.1779
1.16632
1.15387
1.14209
1.13181
1.12318
1.11611
1.11028
1.1052
1.10058
1.09685
1.095
1.09543
1.09686
1.09669
1.09263
1.08429
1.07355
1.06383
1.05855
1.0599
1.0683
1.0827
1.10115
1.12119
1.14023
1.15591
1.16643
1.17078
1.16887
1.16156
1.15054
1.13799
1.12598
1.11597
1.10869
1.10417
1.10209
1.10207
1.1038
1.10714
1.11186
1.11719
1.12162
1.12342
1.12163
1.11666
1.11006
1.10372
1.09904
1.09664
1.09661
1.09915
1.10482
1.11409
1.1267
1.14121
1.15516
1.16535
1.16864
1.16302
1.14838
1.12656
1.10091
1.07536
1.05351
1.03779
1.02913
1.02702
1.02983
1.03514
1.04028
1.04316
1.04318
1.0417
1.04123
1.04342
1.04753
1.05114
1.05248
1.05199
1.05207
1.05579
1.06557
1.08225
1.10478
1.13038
1.15506
1.17451
1.1851
1.1848
1.17381
1.15446
1.13091
1.10841
1.09228
1.08627
1.09097
1.10372
1.12036
1.13714
1.15148
1.16192
1.16796
1.16989
1.16856
1.16517
1.16111
1.15774
1.15625
1.15735
1.16093
1.16608
1.1714
1.17552
1.17749
1.17674
1.17272
1.16476
1.15239
1.13586
1.11658
1.0969
1.07933
1.06555
1.05597
1.05015
1.0475
1.04779
1.05137
1.05898
1.07105
1.08667
1.1035
1.11878
1.13064
1.13847
1.14246
1.14284
1.13972
1.13336
1.12465
1.11528
1.10754
1.10367
1.10521
1.11241
1.1243
1.13919
1.15549
1.17228
1.18936
1.20682
1.22448
1.24174
1.25764
1.27113
1.2813
1.28738
1.28909
1.28705
1.28284
1.27837
1.2747
1.27141
1.26725
1.26089
1.25141
1.23815
1.22061
1.1987
1.17323
1.14634
1.12133
1.10165
1.08958
1.08544
1.08796
1.09512
1.10491
1.11583
1.12699
1.13795
1.1484
1.15778
1.16501
1.16855
1.16703
1.16
1.14858
1.13537
1.12338
1.11478
1.1103
1.1096
1.1119
1.11616
1.12118
1.12599
1.13011
1.13325
1.13499
1.13462
1.13146
1.12521
1.11628
1.10601
1.0966
1.09056
1.08971
1.09436
1.10354
1.11626
1.13223
1.15141
1.17317
1.19604
1.21809
1.2377
1.25384
1.26605
1.27421
1.27835
1.27839
1.27426
1.26604
1.25409
1.23917
1.22242
1.2052
1.18882
1.17435
1.1625
1.15355
1.14731
1.14341
1.14148
1.14126
1.14254
1.14506
1.14852
1.15259
1.15676
1.1602
1.16171
1.15995
1.15402
1.14407
1.13169
1.11991
1.11232
1.11169
1.1185
1.13054
1.14394
1.15511
1.16193
1.16391
1.16156
1.15574
1.14765
1.13935
1.13394
1.13421
1.14054
1.15028
1.15965
1.16604
1.1687
1.16758
1.16214
1.15227
1.14037
1.13164
1.13004
1.13393
1.1378
1.13742
1.13245
1.12529
1.11874
1.1141
1.11093
1.10841
1.10675
1.10695
1.10987
1.11544
1.12286
1.13098
1.13852
1.14424
1.14714
1.14684
1.14374
1.13908
1.13459
1.13201
1.13264
1.13689
1.14404
1.15238
1.15967
1.16361
1.1624
1.15495
1.14106
1.1214
1.09746
1.07158
1.04673
1.02614
1.01256
1.00758
1.01136
1.02282
1.04
1.06052
1.08188
1.10173
1.11815
1.13025
1.13851
1.14412
1.14767
1.14885
1.14742
1.14411
1.14072
1.13906
1.13979
1.14225
1.14512
1.14752
1.14946
1.15175
1.15533
1.16075
1.1677
1.17494
1.18065
1.18308
1.18123
1.1753
1.16662
1.15706
1.14821
1.14071
1.13447
1.12935
1.12553
1.12322
1.12181
1.11973
1.11547
1.10902
1.10243
1.09829
1.09715
1.09699
1.09533
1.09143
1.0868
1.08407
1.08552
1.09214
1.10333
1.11726
1.13121
1.14238
1.14847
1.14827
1.14182
1.13032
1.11581
1.10086
1.08807
1.07944
1.07592
1.0772
1.08201
1.08842
1.09438
1.09826
1.0994
1.09848
1.09749
1.09904
1.1053
1.11693
1.13261
1.14954
1.16447
1.17464
1.17822
1.17425
1.16273
1.14481
1.12322
1.10201
1.08544
1.07632
1.07508
1.08024
1.08939
1.10013
1.11043
1.11887
1.1248
1.12856
1.13164
1.1364
1.14488
1.15729
1.1721
1.18754
1.20268
1.21727
1.23106
1.24341
1.25322
1.25922
1.26041
1.25639
1.24759
1.23506
1.22008
1.20366
1.18627
1.16802
1.14896
1.12936
1.10981
1.09131
1.07521
1.06301
1.05598
1.05469
1.0587
1.06659
1.07616
1.08514
1.09178
1.09519
1.09528
1.09264
1.08825
1.08327
1.07866
1.07514
1.07318
1.07308
1.07502
1.07908
1.08534
1.09393
1.10473
1.11706
1.12953
1.14037
1.14802
1.15158
1.151
1.14709
1.14147
1.13624
1.13327
1.13344
1.1365
1.14175
1.14894
1.15834
1.17001
1.18294
1.19521
1.20473
1.21005
1.21082
1.20782
1.2025
1.19648
1.19102
1.18676
1.18369
1.18124
1.17837
1.17394
1.16699
1.15723
1.14511
1.13175
1.11874
1.10793
1.10109
1.09962
1.10383
1.11256
1.12326
1.13285
1.13879
1.14002
1.13718
1.1324
1.12853
1.12799
1.13177
1.13911
1.14798
1.15604
1.16159
1.1641
1.16412
1.16255
1.15999
1.15658
1.15223
1.14696
1.14107
1.135
1.12926
1.12421
1.11996
1.11627
1.11256
1.10827
1.10306
1.09704
1.09074
1.08466
1.07899
1.07359
1.06849
1.0646
1.06369
1.06746
1.07623
1.08859
1.10215
1.11465
1.12468
1.13178
1.13612
1.13812
1.13816
1.13657
1.13376
1.13027
1.12681
1.12407
1.12237
1.12141
1.12035
1.11832
1.115
1.11092
1.10719
1.10487
1.10433
1.1052
1.1069
1.10933
1.1131
1.11929
1.12869
1.14096
1.15437
1.1665
1.17508
1.17863
1.17659
1.16918
1.15729
1.14225
1.12563
1.10871
1.0922
1.07634
1.06144
1.04815
1.03752
1.03063
1.0283
1.03087
1.03791
1.04832
1.06061
1.07352
1.0863
1.09851
1.10975
1.11942
1.12695
1.13206
1.13474
1.135
1.13264
1.12729
1.11882
1.10772
1.09524
1.083
1.07248
1.06446
1.05875
1.0544
1.05015
1.04505
1.03903
1.03301
1.02863
1.02759
1.0308
1.03786
1.04719
1.05655
1.0639
1.06776
1.06734
1.06253
1.0537
1.04181
1.02874
1.01732
1.01064
1.01095
1.01886
1.03327
1.05187
1.07197
1.09127
1.10827
1.12237
1.13368
1.14267
1.15011
1.15731
1.16589
1.17696
1.18999
1.20271
1.2121
1.21587
1.21343
1.20589
1.19533
1.1839
1.17313
1.16388
1.15669
1.152
1.1499
1.14967
1.14965
1.14784
1.14298
1.13507
1.12528
1.11533
1.10673
1.10034
1.09629
1.09415
1.09324
1.09303
1.09344
1.09483
1.09802
1.10397
1.11355
1.12715
1.14449
1.16455
1.18577
1.20619
1.22365
1.23615
1.24249
1.24271
1.23813
1.23077
1.22248
1.21408
1.20526
1.19526
1.18391
1.17222
1.16219
1.15588
1.15448
1.15764
1.16366
1.17016
1.17489
1.17633
1.17392
1.16794
1.15946
1.1502
1.14211
1.13671
1.1344
1.13437
1.13538
1.13691
1.13923
1.14253
1.14591
1.14781
1.14746
1.14556
1.14404
1.14483
1.14902
1.15644
1.16602
1.17612
1.18498
1.191
1.19303
1.19061
1.18405
1.17446
1.16353
1.15298
1.14401
1.13673
1.13021
1.12297
1.11391
1.10306
1.0919
1.08294
1.07856
1.08
1.08695
1.09809
1.11183
1.12658
1.14074
1.15271
1.16104
1.16471
1.16317
1.15634
1.14477
1.13011
1.11563
1.10583
1.10468
1.1132
1.12885
1.14701
1.16329
1.17482
1.18042
1.17998
1.17423
1.16483
1.1543
1.145
1.1381
1.13316
1.12875
1.12326
1.11566
1.10611
1.09618
1.08826
1.08396
1.0831
1.08411
1.08549
1.08706
1.09022
1.09769
1.11242
1.13557
1.16513
1.19656
1.2249
1.24643
1.25912
1.26238
1.25678
1.2438
1.22579
1.20607
1.18906
1.17953
1.1802
1.18977
1.20386
1.21776
1.2281
1.23299
1.23143
1.2231
1.20842
1.18874
1.16641
1.14461
1.1265
1.11413
1.10776
1.10598
1.10665
1.10797
1.10903
1.10966
1.11001
1.11042
1.11138
1.11368
1.11828
1.12568
1.1352
1.14466
1.15129
1.15295
1.14898
1.1402
1.12843
1.11617
1.10637
1.10206
1.10554
1.11737
1.13595
1.15821
1.18071
1.2005
1.21562
1.22536
1.23014
1.23106
1.22909
1.22455
1.21725
1.20692
1.19346
1.17716
1.15895
1.14102
1.1276
1.12413
1.13324
1.15155
1.17208
1.18924
1.20071
1.20646
1.20744
1.20472
1.19923
1.19174
1.18301
1.17385
1.16492
1.15633
1.14778
1.13913
1.13107
1.12476
1.12102
1.11978
1.11999
1.12031
1.1196
1.1172
1.11302
1.10746
1.10137
1.09581
1.092
1.09094
1.09308
1.09785
1.10377
1.10896
1.11211
1.11334
1.1144
1.11806
1.1266
1.14039
1.15746
1.1747
1.18933
1.19972
1.20533
1.20623
1.20276
1.19549
1.18526
1.17346
1.16176
1.15174
1.14453
1.1406
1.14006
1.14282
1.14849
1.15644
1.16567
1.17504
1.18348
1.18998
1.1938
1.19438
1.19158
1.18576
1.17787
1.16939
1.16198
1.15698
1.15506
1.15598
1.15881
1.16206
1.16386
1.16222
1.15542
1.14254
1.12383
1.10069
1.0755
1.05158
1.03294
1.02345
1.02526
1.0374
1.0561
1.07672
1.09555
1.11048
1.12097
1.12773
1.13213
1.13588
1.14065
1.14759
1.15671
1.16689
1.17632
1.18326
1.18644
1.18521
1.1794
1.16932
1.15593
1.14081
1.12586
1.11288
1.10326
1.09793
1.09729
1.10092
1.10742
1.1149
1.12192
1.12813
1.13401
1.14024
1.14698
1.15391
1.16047
1.1663
1.17141
1.17602
1.18035
1.18427
1.18734
1.18915
1.18963
1.18915
1.18811
1.18644
1.18333
1.17743
1.16728
1.15181
1.13099
1.10605
1.0795
1.05482
1.03587
1.02608
1.0274
1.03951
1.05986
1.08475
1.11061
1.13498
1.15642
1.17415
1.18764
1.19654
1.20079
1.20084
1.19765
1.19265
1.18751
1.18379
1.18249
1.18377
1.18688
1.19045
1.19283
1.19222
1.18704
1.17637
1.16046
1.14095
1.12052
1.10184
1.08663
1.07558
1.06914
1.06816
1.07369
1.08609
1.10417
1.12515
1.14589
1.16409
1.17868
1.18942
1.19648
1.20012
1.2008
1.19915
1.1958
1.19106
1.18481
1.17684
1.16746
1.15786
1.14984
1.145
1.14397
1.14641
1.15134
1.15762
1.164
1.16922
1.17218
1.17224
1.16939
1.16415
1.15734
1.1499
1.14275
1.13663
1.13187
1.12817
1.12482
1.12135
1.11814
1.1163
1.11687
1.11999
1.12488
1.13051
1.13601
1.1405
1.14284
1.1416
1.13529
1.12305
1.10589
1.08763
1.07401
1.07027
1.0785
1.097
1.12178
1.14856
1.17404
1.19624
1.21438
1.2284
1.23863
1.24551
1.24933
1.25013
1.24779
1.24235
1.23441
1.22522
1.21615
1.20781
1.19985
1.19162
1.18319
1.17552
1.16962
1.16569
1.16283
1.15975
1.1555
1.15001
1.14402
1.13893
1.1363
1.13727
1.14202
1.1498
1.15929
1.16923
1.17854
1.18627
1.19133
1.19273
1.19002
1.18387
1.1761
1.16934
1.1662
1.16852
1.17671
1.18985
1.20603
1.22302
1.23869
1.25123
1.25916
1.26122
1.25654
1.24495
1.22764
1.20744
1.18828
1.17343
1.16401
1.15921
1.15757
1.15794
1.1597
1.16279
1.16731
1.17318
1.17995
1.18696
1.19373
1.2002
1.20662
1.21295
1.21831
1.22102
1.21944
1.21315
1.20355
1.19334
1.18538
1.18156
1.18232
1.1871
1.19491
1.20452
1.2143
1.22217
1.22607
1.22471
1.21797
1.20702
1.19405
1.18177
1.17268
1.16851
1.16982
1.17613
1.18629
1.19898
1.21288
1.22661
1.2386
1.2472
1.25111
1.24982
1.24385
1.2345
1.22355
1.21273
1.20314
1.19515
1.18857
1.18305
1.17798
1.1725
1.16601
1.15871
1.15159
1.14577
1.14185
1.13963
1.1385
1.13781
1.13709
1.13613
1.13487
1.13327
1.13132
1.12915
1.12721
1.12641
1.12787
1.13224
1.13909
1.14685
1.15357
1.15765
1.15848
1.15658
1.15342
1.15077
1.14948
1.14871
1.14604
1.13887
1.12586
1.10774
1.08713
1.06786
1.05382
1.04794
1.05166
1.06478
1.08536
1.11005
1.13464
1.15491
1.16749
1.17052
1.1641
1.15041
1.13299
1.11538
1.09973
1.08663
1.07569
1.06642
1.05849
1.05176
1.04628
1.04225
1.03975
1.03859
1.03838
1.03892
1.04034
1.04305
1.04723
1.05272
1.05919
1.06652
1.07477
1.08384
1.09314
1.10139
1.10709
1.10892
1.10624
1.09924
1.08904
1.07746
1.06666
1.05865
1.05491
1.05624
1.06274
1.07384
1.08829
1.10423
1.11965
1.13276
1.14256
1.14897
1.15266
1.15449
1.15511
1.15479
1.15359
1.15154
1.14853
1.14426
1.13841
1.13087
1.122
1.11266
1.10403
1.09742
1.09394
1.09418
1.09823
1.10566
1.11597
1.12888
1.14445
1.16267
1.18299
1.20414
1.22429
1.24137
1.25346
1.25905
1.2573
1.24823
1.23294
1.21353
1.1928
1.17356
1.15779
1.14598
1.13728
1.13007
1.12286
1.11492
1.10652
1.09863
1.09244
1.08876
1.08775
1.08877
1.09067
1.09208
1.09202
1.09032
1.08767
1.08529
1.08428
1.08542
1.08908
1.09549
1.10458
1.11558
1.12686
1.1361
1.14093
1.13946
1.13066
1.11493
1.09481
1.07514
1.06205
1.06051
1.07203
1.09419
1.12248
1.15284
1.18293
1.21174
1.23833
1.26125
1.27875
1.28947
1.29301
1.29008
1.28224
1.27134
1.25926
1.24786
1.23883
1.23331
1.23156
1.23314
1.23701
1.24162
1.245
1.24502
1.23966
1.22736
1.20748
1.18105
1.15162
1.12509
1.10746
1.10151
1.10563
1.11594
1.1289
1.14242
1.15554
1.16774
1.17833
1.18637
1.19078
1.19087
1.18677
1.17972
1.17173
1.16494
1.16083
1.15989
1.16179
1.16576
1.1711
1.17734
1.18416
1.19122
1.19795
1.2033
1.20587
1.20418
1.1972
1.18466
1.16729
1.14674
1.12552
1.10669
1.09356
1.08911
1.0952
1.11185
1.13684
1.16596
1.19414
1.21721
1.23308
1.24202
1.24596
1.24725
1.2476
1.24758
1.24687
1.24491
1.24144
1.23673
1.23146
1.22646
1.2224
1.21964
1.21821
1.218
1.21886
1.22062
1.22294
1.22523
1.22671
1.2268
1.22545
1.22326
1.22138
1.22102
1.22302
1.22732
1.23293
1.23834
1.24179
1.24161
1.2363
1.22472
1.20661
1.18304
1.1565
1.1301
1.10637
1.08679
1.07216
1.06316
1.06053
1.06482
1.07586
1.09215
1.11096
1.12932
1.14513
1.15775
1.16778
1.17639
1.18454
1.19257
1.20019
1.20652
1.21037
1.21072
1.20763
1.2027
1.19786
1.19338
1.18721
1.17647
1.15978
1.13879
1.11826
1.10454
1.10246
1.11261
1.13112
1.15193
1.16936
1.17954
1.18078
1.17331
1.15879
1.1399
1.11996
1.10268
1.09161
1.08929
1.09639
1.11123
1.13021
1.14877
1.16268
1.16906
1.16678
1.15653
1.14043
1.1216
1.10331
1.08801
1.07679
1.06953
1.06574
1.0649
1.06625
1.06855
1.07047
1.07151
1.07254
1.07554
1.08258
1.09484
1.11217
1.13327
1.15608
1.17815
1.197
1.21049
1.21726
1.2169
1.21001
1.19797
1.18265
1.16594
1.14936
1.13384
1.11966
1.10682
1.09549
1.08631
1.08021
1.07785
1.079
1.08256
1.08714
1.09185
1.09651
1.10144
1.10675
1.11216
1.11701
1.12045
1.12137
1.11871
1.11181
1.10096
1.08747
1.0734
1.06083
1.05132
1.04567
1.044
1.04617
1.05192
1.06067
1.07124
1.08192
1.09085
1.09675
1.09923
1.09872
1.09603
1.09199
1.08727
1.08264
1.07912
1.07798
1.07993
1.08424
1.08878
1.09148
1.09218
1.09328
1.09802
1.10758
1.11968
1.13001
1.13485
1.13253
1.12382
1.1116
1.09973
1.09127
1.08688
1.0847
1.08179
1.07598
1.06696
1.05611
1.04567
1.03796
1.03509
1.03924
1.05183
1.07195
1.09576
1.1181
1.13459
1.14293
1.14325
1.13798
1.13113
1.12667
1.12664
1.13062
1.13658
1.14221
1.14537
1.14438
1.13854
1.1286
1.11676
1.10589
1.09842
1.09594
1.09934
1.10879
1.12333
1.14064
1.15734
1.16992
1.17562
1.17302
1.16208
1.14385
1.1202
1.09369
1.0674
1.04449
1.02767
1.01873
1.01869
1.02808
1.0469
1.07377
1.1054
1.13715
1.16455
1.18459
1.1962
1.19992
1.19735
1.19047
1.18127
1.17151
1.16257
1.15547
1.15088
1.14896
1.1492
1.15069
1.15275
1.15532
1.15873
1.16306
1.16774
1.17177
1.17432
1.17518
1.17472
1.17349
1.17159
1.1684
1.16291
1.15438
1.1431
1.13087
1.12072
1.11579
1.11782
1.12649
1.13973
1.15464
1.16824
1.17812
1.18282
1.18197
1.17608
1.16641
1.15475
1.14336
1.13471
1.13099
1.13344
1.14192
1.15501
1.17064
1.18679
1.20183
1.2145
1.22395
1.22976
1.23202
1.23139
1.22886
1.22544
1.22184
1.21828
1.21449
1.21009
1.20489
1.19913
1.19355
1.18897
1.18565
1.18285
1.17914
1.17325
1.16471
1.15387
1.14173
1.12978
1.11994
1.1146
1.116
1.12498
1.13999
1.15731
1.17256
1.18255
1.1863
1.18503
1.18115
1.17679
1.17294
1.16957
1.16647
1.16357
1.16081
1.15786
1.15461
1.15184
1.15124
1.15429
1.16107
1.1704
1.18093
1.19193
1.20318
1.21435
1.22457
1.2324
1.23609
1.23413
1.22571
1.21099
1.19113
1.16844
1.14603
1.12696
1.11292
1.10348
1.09667
1.09044
1.08392
1.07754
1.07244
1.06968
1.06966
1.07214
1.07641
1.08167
1.08723
1.09244
1.09677
1.09987
1.10158
1.10192
1.10104
1.09921
1.09678
1.09431
1.09257
1.09233
1.09392
1.0968
1.09976
1.10162
1.10165
1.09961
1.09557
1.08982
1.08294
1.07596
1.0703
1.06764
1.06944
1.07642
1.0882
1.10335
1.12007
1.13676
1.15226
1.16568
1.17626
1.1834
1.18685
1.18674
1.18354
1.1781
1.17174
1.16598
1.16215
1.16101
1.1626
1.16632
1.17109
1.17579
1.17955
1.18197
1.18304
1.18308
1.18267
1.18253
1.18329
1.18511
1.18749
1.18934
1.1894
1.18669
1.18083
1.17197
1.16054
1.14708
1.1326
1.11928
1.11075
1.11055
1.11895
1.13221
1.14539
1.1556
1.16287
1.16891
1.17519
1.18192
1.18845
1.19416
1.19892
1.20293
1.20636
1.20923
1.2116
1.21371
1.21589
1.21832
1.22103
1.22409
1.2276
1.23132
1.23453
1.23618
1.23537
1.23163
1.22494
1.21556
1.20388
1.19045
1.17646
1.16404
1.15614
1.15545
1.16299
1.17729
1.19494
1.21204
1.22546
1.23358
1.23641
1.2355
1.23321
1.23159
1.23129
1.23124
1.22941
1.22386
1.21348
1.19837
1.17981
1.15982
1.14041
1.12266
1.10647
1.09115
1.07663
1.06392
1.05457
1.04967
1.04946
1.05368
1.06189
1.07356
1.0881
1.10514
1.12445
1.14533
1.16628
1.18547
1.20157
1.21408
1.22315
1.22932
1.23309
1.23468
1.23366
1.22897
1.21909
1.2026
1.17896
1.14916
1.11593
1.08303
1.05405
1.03114
1.01475
1.0044
0.99996
1.00205
1.01143
1.02808
1.05087
1.07788
1.10682
1.13528
1.16099
1.1821
1.19726
1.20564
1.20692
1.20135
1.18971
1.17323
1.15338
1.13186
1.11051
1.09118
1.07549
1.06454
1.05854
1.0565
1.05638
1.05681
1.05914
1.0681
1.08869
1.12097
1.15845
1.19243
1.21721
1.23206
1.23972
1.24343
1.24481
1.24388
1.24023
1.23374
1.22503
1.21521
1.20542
1.19632
1.18789
1.17991
1.17256
1.1669
1.16465
1.16691
1.17274
1.17898
1.1818
1.17874
1.16971
1.1567
1.14267
1.13054
1.12261
1.12035
1.12398
1.13219
1.14246
1.15219
1.16001
1.16645
1.17345
1.18288
1.19506
1.20853
1.22113
1.23111
1.23729
1.23883
1.23518
1.22649
1.21398
1.19986
1.18669
1.17643
1.16991
1.16689
1.1666
1.16807
1.17016
1.17156
1.17116
1.16841
1.16378
1.15861
1.15456
1.15267
1.15274
1.15343
1.15325
1.15167
1.14941
1.14785
1.14814
1.15046
1.15399
1.15749
1.16002
1.16127
1.16153
1.16144
1.16192
1.16419
1.16934
1.17735
1.18652
1.19412
1.198
1.19778
1.19473
1.19085
1.18791
1.18687
1.18774
1.1897
1.19151
1.19185
1.18982
1.18488
1.17669
1.16488
1.14916
1.12973
1.1079
1.08633
1.06852
1.0572
1.05254
1.05177
1.05085
1.0467
1.03848
1.02762
1.01686
1.00904
1.0062
1.00908
1.01723
1.02924
1.04303
1.05636
1.06771
1.07681
1.08473
1.09306
1.10277
1.11339
1.12304
1.12917
1.12951
1.12281
1.10917
1.08989
1.06732
1.04482
1.02653
1.01593
1.0139
1.01819
1.0251
1.03186
1.03773
1.0436
1.05095
1.06094
1.074
1.08979
1.10721
1.12465
1.14029
1.15257
1.16029
1.1626
1.15891
1.14915
1.1342
1.11641
1.09933
1.08717
1.08342
1.08901
1.10151
1.11659
1.13032
1.14037
1.14603
1.14773
1.14661
1.14418
1.14205
1.14131
1.14199
1.14281
1.14177
1.13702
1.12781
1.11496
1.10047
1.08649
1.0743
1.06426
1.05656
1.05157
1.04926
1.04879
1.04882
1.04863
1.04881
1.05115
1.05783
1.07007
1.08742
1.10789
1.12877
1.14751
1.16237
1.17258
1.17826
1.18001
1.17849
1.17423
1.16764
1.15912
1.1491
1.13798
1.1262
1.11466
1.10532
1.10127
1.10554
1.11946
1.14173
1.16851
1.19448
1.21462
1.226
1.22811
1.22222
1.2103
1.19434
1.1763
1.15852
1.14345
1.13271
1.12664
1.12485
1.12705
1.13324
1.14301
1.15493
1.16674
1.17614
1.18164
1.18273
1.17954
1.17241
1.16171
1.148
1.13233
1.11623
1.10166
1.09059
1.08481
1.0854
1.0925
1.10516
1.12153
1.13914
1.15525
1.16725
1.17318
1.1723
1.16526
1.15395
1.141
1.129
1.11969
1.11343
1.10935
1.10631
1.10394
1.10316
1.10578
1.11342
1.12628
1.14275
1.15989
1.17456
1.18435
1.18822
1.18664
1.18145
1.17525
1.17059
1.16912
1.17104
1.17537
1.18038
1.18411
1.18478
1.18107
1.17232
1.15872
1.14132
1.12205
1.10351
1.08869
1.08035
1.08023
1.08854
1.10386
1.12371
1.14555
1.16728
1.18748
1.20521
1.21974
1.23029
1.23613
1.23677
1.23225
1.22334
1.21148
1.19866
1.18703
1.1784
1.17385
1.17337
1.17614
1.18116
1.18769
1.19517
1.20283
1.20946
1.21378
1.21519
1.21429
1.21253
1.21144
1.21189
1.21375
1.21612
1.2176
1.21677
1.21264
1.20506
1.19469
1.18265
1.1699
1.1566
1.14227
1.12675
1.11267
1.1066
1.11465
1.13512
1.15941
1.17993
1.19394
1.20169
1.20408
1.20181
1.19577
1.18743
1.17875
1.17181
1.16852
1.17052
1.17848
1.19127
1.2056
1.21695
1.22113
1.21554
1.20017
1.17807
1.15439
1.13353
1.11718
1.10601
1.10218
1.10869
1.12605
1.1504
1.17555
1.19655
1.21145
1.22086
1.2269
1.23195
1.23769
1.24455
1.25171
1.25756
1.26029
1.25852
1.25154
1.23939
1.22269
1.20236
1.17958
1.15585
1.13319
1.11402
1.10065
1.09459
1.0961
1.10426
1.11746
1.13383
1.15152
1.16874
1.18384
1.19553
1.20302
1.20601
1.20463
1.19938
1.191
1.1805
1.16924
1.15904
1.15196
1.14962
1.15238
1.15898
1.16715
1.17481
1.18117
1.18685
1.19292
1.19965
1.20617
1.21122
1.214
1.21451
1.21314
1.21026
1.2062
1.20133
1.19614
1.19113
1.18654
1.18234
1.1784
1.17465
1.17122
1.16844
1.16669
1.16632
1.16738
1.16961
1.17248
1.17522
1.1768
1.17617
1.17263
1.16619
1.15739
1.14677
1.13428
1.11924
1.10106
1.07998
1.05755
1.03615
1.01796
1.004
0.994164
0.988056
0.985711
0.987478
0.993473
1.00314
1.01538
1.02911
1.04349
1.05794
1.07168
1.08359
1.09236
1.09699
1.09727
1.09396
1.08867
1.08363
1.08112
1.08303
1.09018
1.10169
1.11492
1.12645
1.13343
1.13456
1.13012
1.1214
1.10994
1.09724
1.08494
1.07503
1.06982
1.07142
1.08087
1.09742
1.1185
1.14074
1.16118
1.17791
1.18994
1.19692
1.19884
1.196
1.18911
1.1793
1.16795
1.15671
1.14719
1.14048
1.13653
1.13394
1.13047
1.12415
1.1146
1.10399
1.09692
1.09787
1.10752
1.12214
1.13686
1.14868
1.15682
1.16179
1.16445
1.16548
1.16523
1.16389
1.16193
1.16032
1.16037
1.1631
1.16861
1.17597
1.18356
1.18973
1.19319
1.1932
1.18956
1.18251
1.17276
1.16134
1.14944
1.13826
1.12858
1.12086
1.11537
1.11261
1.11313
1.11677
1.12215
1.12729
1.131
1.13365
1.13673
1.14154
1.14824
1.15566
1.16203
1.16583
1.16648
1.16454
1.16134
1.15842
1.15678
1.15645
1.15641
1.15508
1.15096
1.14303
1.13108
1.11583
1.09892
1.08268
1.06958
1.06152
1.05924
1.06238
1.06986
1.08038
1.09254
1.10475
1.11541
1.12331
1.12808
1.13007
1.13001
1.12839
1.12517
1.11997
1.11258
1.1034
1.09354
1.08449
1.07772
1.07417
1.07385
1.07588
1.07886
1.08159
1.08332
1.08379
1.08316
1.08243
1.08357
1.08897
1.0997
1.1145
1.13073
1.14595
1.15867
1.16798
1.17347
1.17518
1.1737
1.17004
1.16524
1.16024
1.15569
1.15186
1.14861
1.14557
1.14256
1.1403
1.14069
1.14604
1.15745
1.17382
1.19241
1.21025
1.2252
1.23602
1.24204
1.24276
1.23787
1.22744
1.21215
1.19331
1.17261
1.15182
1.1326
1.11622
1.10352
1.09501
1.09104
1.09163
1.09626
1.10366
1.11173
1.1179
1.11965
1.11517
1.10383
1.08673
1.06684
1.04852
1.03596
1.03144
1.03487
1.04471
1.05901
1.07602
1.0943
1.1128
1.131
1.14896
1.16706
1.18558
1.20417
1.22158
1.2357
1.24389
1.24357
1.23289
1.21148
1.18091
1.14458
1.10674
1.07112
1.04027
1.01609
1.00063
0.996057
1.00357
1.02214
1.04814
1.07643
1.10199
1.12097
1.13111
1.13237
1.12797
1.12388
1.12475
1.12998
1.1356
1.13898
1.14035
1.14108
1.14174
1.14153
1.13907
1.13367
1.12579
1.11663
1.10704
1.09689
1.0854
1.07279
1.06185
1.0579
1.06588
1.08636
1.1144
1.14285
1.16651
1.18379
1.19589
1.2052
1.21406
1.22409
1.23588
1.2489
1.26173
1.27247
1.27922
1.28036
1.27472
1.26167
1.24119
1.21387
1.181
1.14449
1.10675
1.07034
1.03758
1.01039
0.990461
0.979472
0.979058
0.990072
1.01168
1.04099
1.07365
1.10514
1.13187
1.15156
1.16293
1.16534
1.15869
1.14369
1.12214
1.09727
1.07356
1.05595
1.04818
1.05111
1.06231
1.07763
1.09298
1.10544
1.11359
1.11777
1.12001
1.12322
1.12963
1.13907
1.14902
1.15647
1.15971
1.15867
1.15407
1.1466
1.13655
1.1241
1.10984
1.09505
1.08172
1.07198
1.06725
1.06752
1.07127
1.07622
1.08032
1.08243
1.08243
1.08105
1.07961
1.07957
1.08192
1.08665
1.09279
1.09909
1.10485
1.11022
1.11582
1.12211
1.12895
1.13566
1.14133
1.14505
1.14609
1.14412
1.13945
1.13305
1.12648
1.12149
1.11955
1.12138
1.12668
1.13435
1.14306
1.15187
1.16052
1.16934
1.17879
1.18902
1.19953
1.20921
1.21656
1.22031
1.21984
1.21557
1.20891
1.20188
1.19627
1.19277
1.19044
1.18711
1.18073
1.17163
1.16414
1.16414
1.17254
1.18336
1.18948
1.18778
1.17886
1.16481
1.14777
1.12956
1.11195
1.09682
1.08583
1.0799
1.07879
1.08121
1.08551
1.09037
1.0952
1.0999
1.10443
1.10828
1.11074
1.11182
1.11334
1.11817
1.12729
1.13755
1.14369
1.14244
1.13472
1.12488
1.11833
1.11867
1.12573
1.13615
1.14564
1.15111
1.15146
1.14725
1.14002
1.13162
1.12376
1.11775
1.11437
1.11384
1.1157
1.11891
1.12219
1.12418
1.1238
1.12058
1.11481
1.10777
1.10131
1.09704
1.09555
1.09643
1.0987
1.10154
1.10442
1.10719
1.10985
1.11246
1.11515
1.11821
1.12211
1.12721
1.13346
1.14017
1.14635
1.15112
1.15425
1.15636
1.15882
1.16324
1.17077
1.18142
1.19384
1.20564
1.21415
1.21715
1.21349
1.20332
1.18808
1.17008
1.15191
1.13566
1.12253
1.11275
1.10585
1.10105
1.09771
1.09576
1.09591
1.09943
1.10723
1.11922
1.13437
1.15124
1.16839
1.18448
1.1982
1.20853
1.21484
1.21695
1.21493
1.209
1.1998
1.18878
1.17819
1.17039
1.1667
1.1666
1.16803
1.16832
1.16513
1.15725
1.14477
1.12883
1.11091
1.09232
1.07436
1.05869
1.04703
1.0404
1.03867
1.04099
1.0467
1.05577
1.06837
1.08392
1.10061
1.11596
1.12782
1.13478
1.13632
1.13271
1.12512
1.11553
1.10647
1.10035
1.09852
1.10072
1.10549
1.11115
1.11658
1.12127
1.12504
1.1279
1.13007
1.13223
1.1354
1.14074
1.14917
1.16097
1.17556
1.19175
1.20806
1.22317
1.23616
1.24652
1.25418
1.25932
1.26214
1.2627
1.26104
1.25735
1.25215
1.24617
1.24015
1.23468
1.23032
1.22758
1.22669
1.22726
1.22823
1.22824
1.22608
1.22092
1.2125
1.20115
1.18739
1.17122
1.15221
1.13029
1.10625
1.08133
1.05641
1.03176
1.00761
0.984672
0.964186
0.947506
0.936204
0.932954
0.941795
0.966121
1.00523
1.05328
1.10229
1.14581
1.18041
1.20508
1.22025
1.22699
1.22682
1.22163
1.21378
1.20591
1.20043
1.19875
1.20089
1.20564
1.2113
1.21619
1.21904
1.21885
1.21497
1.2072
1.19591
1.18218
1.16776
1.15486
1.14565
1.14149
1.14231
1.14689
1.15369
1.16151
1.16959
1.1772
1.18337
1.1869
1.18655
1.18154
1.17196
1.15898
1.14456
1.13076
1.11912
1.11032
1.10425
1.10016
1.09704
1.09406
1.09113
1.08902
1.08933
1.09376
1.10334
1.11799
1.13648
1.15686
1.17691
1.19468
1.20863
1.21767
1.22098
1.21809
1.20901
1.19441
1.17562
1.15449
1.13303
1.11304
1.09568
1.08131
1.06987
1.06148
1.05674
1.05639
1.06052
1.06823
1.07787
1.0877
1.09638
1.10319
1.10799
1.11116
1.1137
1.11722
1.12355
1.13406
1.1489
1.16684
1.18556
1.20241
1.215
1.22164
1.22145
1.21434
1.20091
1.18235
1.16041
1.13736
1.11566
1.09747
1.08374
1.07384
1.06583
1.05761
1.04813
1.03801
1.02876
1.02132
1.01556
1.01115
1.00855
1.00876
1.01253
1.02009
1.03126
1.04532
1.06083
1.07593
1.08901
1.09961
1.10859
1.11751
1.12743
1.13813
1.14836
1.15713
1.16448
1.17129
1.17845
1.18639
1.19501
1.20386
1.2122
1.21885
1.22235
1.22134
1.21514
1.20403
1.18929
1.17273
1.15609
1.14064
1.1272
1.11653
1.10959
1.10764
1.11177
1.12245
1.13884
1.15869
1.17885
1.19625
1.20884
1.21608
1.21879
1.21885
1.21861
1.22026
1.22527
1.23392
1.24528
1.25736
1.26764
1.27369
1.27392
1.268
1.25721
1.24419
1.23211
1.22286
1.21621
1.21076
1.206
1.20293
1.20268
1.20489
1.20791
1.21028
1.21176
1.21284
1.21381
1.2143
1.21371
1.21176
1.20859
1.20433
1.19876
1.19151
1.18257
1.17257
1.16264
1.15395
1.14732
1.14303
1.14089
1.14036
1.14081
1.14153
1.14175
1.14066
1.13752
1.13187
1.12361
1.1129
1.10036
1.08729
1.0758
1.0683
1.06651
1.07068
1.07959
1.09125
1.10385
1.1163
1.12841
1.1404
1.1523
1.16364
1.17341
1.18034
1.18324
1.18133
1.17444
1.16307
1.14837
1.13194
1.11562
1.10115
1.09011
1.08392
1.08336
1.08818
1.09746
1.11032
1.12579
1.14221
1.1574
1.16964
1.17854
1.18486
1.18979
1.19437
1.19938
1.20546
1.21282
1.22112
1.22937
1.23632
1.2407
1.24148
1.23801
1.23013
1.21823
1.20303
1.18532
1.16577
1.14507
1.12416
1.10446
1.08766
1.0751
1.06738
1.06449
1.06621
1.07209
1.08076
1.08982
1.09685
1.10054
1.10125
1.10072
1.10132
1.10523
1.11376
1.12696
1.14368
1.16185
1.1791
1.19334
1.20322
1.20819
1.20827
1.20379
1.19526
1.18348
1.16961
1.15503
1.14123
1.12973
1.12199
1.11895
1.12068
1.12619
1.134
1.14262
1.15082
1.15773
1.16276
1.16551
1.16541
1.16172
1.15363
1.14046
1.12186
1.09823
1.07111
1.0433
1.01839
0.999791
0.989715
0.98866
0.995564
1.00852
1.02551
1.04455
1.06366
1.08065
1.09324
1.09935
1.09756
1.08771
1.07152
1.05271
1.03605
1.02566
1.02338
1.02845
1.03842
1.05054
1.06272
1.07382
1.0836
1.09237
1.10064
1.10881
1.11686
1.12434
1.13052
1.13475
1.137
1.13815
1.13954
1.14177
1.144
1.14472
1.14323
1.14017
1.13693
1.13474
1.13413
1.13479
1.13581
1.13603
1.13435
1.13013
1.12331
1.11448
1.10489
1.0963
1.09066
1.08941
1.093
1.10101
1.11248
1.1263
1.1411
1.15544
1.16803
1.17823
1.18617
1.19255
1.19811
1.20317
1.20741
1.21013
1.2106
1.20855
1.20437
1.19894
1.19336
1.18855
1.18493
1.18231
1.17991
1.17664
1.17141
1.16357
1.15327
1.14152
1.13003
1.1208
1.11557
1.11544
1.12059
1.13021
1.14254
1.15532
1.16666
1.17576
1.18309
1.18963
1.19584
1.20098
1.20333
1.20092
1.19214
1.17609
1.15274
1.12302
1.08915
1.05476
1.02444
1.00261
0.991939
0.992505
1.00227
1.01832
1.0378
1.0583
1.07782
1.0948
1.10814
1.11738
1.12279
1.12525
1.12578
1.1251
1.12329
1.12011
1.11602
1.11325
1.11535
1.1246
1.13961
1.15634
1.17122
1.18273
1.19112
1.1975
1.20313
1.20894
1.21525
1.22174
1.22769
1.23235
1.23514
1.23559
1.23332
1.22796
1.21914
1.20652
1.19001
1.17008
1.1483
1.12769
1.11236
1.10621
1.11113
1.12613
1.14813
1.17356
1.19951
1.22392
1.24523
1.26193
1.27246
1.27541
1.27005
1.25708
1.23892
1.21935
1.20212
1.1894
1.1811
1.17524
1.16898
1.15974
1.14616
1.12877
1.10991
1.09301
1.08149
1.07786
1.08314
1.09677
1.11686
1.14075
1.16565
1.18884
1.20745
1.2185
1.21954
1.20962
1.19006
1.16459
1.13841
1.11628
1.10079
1.0919
1.08789
1.08664
1.08654
1.08665
1.08647
1.08551
1.08322
1.07947
1.0752
1.07258
1.07378
1.07936
1.08749
1.09503
1.09933
1.09984
1.09888
1.10074
1.10918
1.12494
1.14545
1.16698
1.18662
1.20273
1.2143
1.22048
1.22044
1.21358
1.19991
1.18009
1.15555
1.12821
1.10054
1.07569
1.05759
1.04997
1.05467
1.0704
1.09322
1.11813
1.14089
1.15903
1.17193
1.1802
1.1848
1.18605
1.18357
1.17696
1.16652
1.15349
1.13977
1.12728
1.11729
1.11015
1.10535
1.1021
1.09995
1.09922
1.10096
1.10655
1.11688
1.1318
1.14983
1.16859
1.18557
1.1987
1.2065
1.20804
1.20313
1.19257
1.1783
1.16317
1.15036
1.14237
1.13994
1.14114
1.14186
1.13849
1.13125
1.12449
1.12234
1.12393
1.12455
1.12047
1.11182
1.10264
1.09882
1.10414
1.11673
1.13082
1.14161
1.14771
1.14995
1.14956
1.14743
1.14424
1.14071
1.13738
1.13434
1.1311
1.12671
1.12017
1.11093
1.09934
1.0867
1.075
1.06627
1.06196
1.06268
1.06837
1.07865
1.0929
1.11032
1.13006
1.15146
1.17359
1.19472
1.21226
1.22366
1.22731
1.22298
1.21194
1.19663
1.18012
1.16568
1.15637
1.15479
1.16236
1.17848
1.20025
1.22337
1.24346
1.25729
1.26313
1.26047
1.24958
1.23111
1.20618
1.17663
1.14524
1.11547
1.0908
1.07378
1.06552
1.06567
1.07284
1.08504
1.10017
1.11633
1.13231
1.14753
1.16165
1.17402
1.18362
1.18927
1.19033
1.18717
1.18107
1.17367
1.16625
1.15964
1.15463
1.1524
1.15424
1.16083
1.17157
1.18458
1.19721
1.20667
1.21057
1.20737
1.19668
1.17943
1.15774
1.13447
1.11248
1.0937
1.07863
1.06656
1.05653
1.04821
1.04194
1.03809
1.03646
1.03644
1.0377
1.04037
1.04481
1.05113
1.05898
1.06734
1.07467
1.07922
1.07972
1.07612
1.07023
1.06547
1.06548
1.07202
1.0841
1.09898
1.11385
1.12682
1.13711
1.1447
1.14994
1.15314
1.15432
1.15313
1.14929
1.14304
1.13569
1.12934
1.12604
1.12666
1.13069
1.13702
1.14463
1.15265
1.16017
1.16627
1.17036
1.17228
1.17222
1.17038
1.16673
1.16119
1.15417
1.14705
1.14218
1.14204
1.14783
1.15845
1.17071
1.18069
1.18552
1.18425
1.17783
1.1684
1.15837
1.14962
1.14293
