1	30.7003
2	29.6428
3	29.0066
4	28.3587
5	27.9163
6	27.1557
7	26.6085
8	25.8568
9	25.1297
10	24.6537
11	25.2159
12	24.8898
13	24.6583
14	23.8816
15	22.9517
16	22.4128
17	21.8029
18	20.9651
19	20.6001
20	20.3827
21	19.8122
22	19.5194
23	19.1325
24	19.1045
25	19.9522
26	19.4363
27	19.1211
28	18.746
29	18.4094
30	18.1449
31	17.9383
32	17.6505
33	17.6253
34	17.3215
35	17.1722
36	16.9755
37	16.6835
38	17.8664
39	18.1035
40	17.5202
41	17.4388
42	17.0356
43	16.7827
44	16.911
45	16.3532
46	15.9732
47	16.0004
48	17.5164
49	17.3569
50	16.5873
51	16.4078
52	16.228
53	15.9
54	15.6556
55	15.6413
56	15.6288
57	15.5995
58	15.5796
59	15.56
60	15.5267
61	15.523
62	15.5171
63	15.5054
64	15.4802
65	15.4522
66	15.4336
67	15.4359
68	15.4049
69	15.2292
70	15.0873
71	15.0405
72	14.9171
73	14.8962
74	14.9111
75	14.8888
76	14.8888
77	14.8888
78	14.8888
79	16.3152
80	16.4385
81	16.2545
82	15.6015
83	15.786
84	15.3857
85	14.7129
86	16.0492
87	15.5122
88	15.6323
89	14.8154
90	14.4021
91	14.3822
92	14.3312
93	14.1592
94	13.7826
95	13.7589
96	15.3766
97	15.7284
98	15.6774
99	15.9611
100	15.8052
101	16.1428
102	14.7118
103	14.1372
104	13.7634
105	13.7937
106	13.7024
107	13.7632
108	13.6844
109	13.69
110	13.7929
111	14.8093
112	14.902
113	14.8487
114	14.7748
115	13.9066
116	13.7212
117	13.6538
118	13.6021
119	13.6021
120	13.6021
121	13.6815
122	13.6024
123	13.5999
124	13.5804
125	13.56
126	13.5216
127	13.4935
128	13.4935
129	13.4935
130	13.4935
131	13.4935
132	13.4935
133	13.5029
134	13.4935
135	13.4936
136	13.4935
137	13.4935
138	13.4935
139	13.4935
140	13.4935
141	14.8844
142	16.1868
143	15.6735
144	15.5699
145	14.7778
146	16.2032
147	15.428
148	14.7036
149	14.0843
150	13.4048
151	14.8175
152	14.3371
153	14.1198
154	13.5612
155	13.3258
156	13.1967
157	13.1112
158	13.1078
159	13.1071
160	13.1019
161	13.0931
162	13.0894
163	13.0847
164	13.1416
165	13.078
166	13.0717
167	13.0724
168	13.0724
169	13.071
170	13.071
171	13.071
172	13.071
173	13.0667
174	13.0581
175	13.0431
176	13.027
177	13.1769
178	13.4327
179	13.2423
180	12.9744
181	13.0029
182	12.859
183	12.8604
184	12.8562
185	12.8562
186	12.8562
187	12.8562
188	12.8562
189	12.8562
190	12.8562
191	12.8562
192	12.8562
193	12.8562
194	12.8562
195	12.8562
196	12.8562
197	12.8721
198	12.8562
199	12.8562
200	14.2521
201	13.9501
202	14.3017
203	14.0687
204	15.3063
205	14.9537
206	14.15
207	13.8671
208	13.4715
209	14.9207
210	14.7341
211	13.4957
212	13.0108
213	12.3532
214	12.1896
215	12.1738
216	13.484
217	15.1141
218	14.4633
219	13.6501
220	13.5486
221	12.9331
222	12.5033
223	12.515
224	12.2016
225	12.2
226	12.039
227	11.9736
228	11.9995
229	11.9026
230	11.8608
231	11.853
232	11.853
233	11.853
234	11.853
235	11.853
236	11.8551
237	11.853
238	11.853
239	11.8579
240	11.853
241	11.8678
242	11.853
243	11.853
244	11.853
245	11.853
246	11.853
247	11.8544
248	11.853
249	11.853
250	11.853
251	11.853
252	11.853
253	11.853
254	13.133
255	12.7846
256	12.5013
257	12.349
258	12.0359
259	12.0371
260	11.8873
261	11.8557
262	11.853
263	11.8561
264	11.8561
265	11.8583
266	11.872
267	11.8929
268	11.8574
269	11.853
270	11.853
271	11.8571
272	11.8805
273	11.853
274	11.853
275	11.853
276	11.853
277	11.853
278	11.853
279	11.853
280	11.853
281	11.853
282	11.8562
283	11.853
284	11.8499
285	11.8439
286	11.7652
287	11.6983
288	13.7467
289	13.6111
290	12.9739
291	12.4237
292	11.7116
293	11.2718
294	11.1884
295	11.3579
296	11.1308
297	11.1301
298	11.0039
299	11.0371
300	10.9599
301	10.9427
302	10.9075
303	13.1
304	12.1533
305	11.8015
306	11.2313
307	10.8939
308	10.891
309	10.6822
310	10.6416
311	10.6163
312	10.5767
313	10.5733
314	10.5702
315	10.5526
316	10.5244
317	10.5147
318	10.4928
319	10.4683
320	10.4314
321	10.3847
322	10.3774
323	10.3724
324	10.3724
325	10.3724
326	10.3724
327	10.3724
328	10.3724
329	10.3724
330	10.3724
331	10.3724
332	10.3724
333	10.3724
334	10.3724
335	10.3724
336	10.3724
337	10.3724
338	10.3724
339	10.3724
340	12.016
341	12.0238
342	11.1012
343	10.5828
344	10.6384
345	10.4559
346	10.4805
347	10.4847
348	10.4368
349	10.377
350	10.3811
351	10.3724
352	10.3724
353	10.3724
354	10.3925
355	10.3724
356	10.3724
357	10.3724
358	12.3016
359	11.836
360	11.2127
361	10.9238
362	10.4922
363	10.4025
364	10.3769
365	10.3739
366	10.3724
367	10.3726
368	10.3724
369	10.3724
370	10.3724
371	10.3724
372	10.3724
373	10.3724
374	10.3724
375	10.3724
376	10.3829
377	10.4191
378	10.3751
379	10.3733
380	10.3733
381	10.3724
382	12.0117
383	11.6054
384	11.111
385	10.6684
386	10.4867
387	10.3986
388	10.3724
389	10.3724
390	12.2113
391	12.2348
392	11.386
393	11.5084
394	10.8333
395	10.411
396	10.454
397	12.4634
398	12.532
399	12.1038
400	11.4447
401	10.5328
402	10.3724
403	10.3724
404	10.3724
405	11.7122
406	11.4907
407	11.045
408	10.6863
409	10.5182
410	10.4156
411	10.3724
412	10.3724
413	10.3724
414	10.3724
415	12.3894
416	12.3574
417	12.0209
418	11.682
419	11.7164
420	11.6688
421	11.1978
422	10.6575
423	12.1837
424	12.2552
425	11.9454
426	10.9072
427	10.4699
428	10.4727
429	10.3699
430	10.337
431	10.336
432	10.336
433	10.336
434	10.336
435	10.336
436	10.336
437	10.336
438	10.3384
439	10.336
440	10.3362
441	10.336
442	10.336
443	10.336
444	10.336
445	10.336
446	10.336
447	10.3698
448	10.4022
449	10.336
450	10.3527
451	10.3471
452	10.336
453	10.3534
454	10.3796
455	10.365
456	11.8515
457	11.8993
458	11.8263
459	11.7757
460	10.9649
461	10.597
462	10.3914
463	10.4495
464	10.3812
465	10.3498
466	10.3504
467	10.336
468	10.336
469	10.336
470	10.336
471	10.336
472	10.336
473	10.336
474	10.336
475	10.336
476	10.336
477	10.336
478	10.336
479	10.336
480	10.336
481	10.336
482	10.336
483	10.336
484	10.336
485	10.336
486	10.336
487	10.3428
488	10.336
489	10.336
490	10.3358
491	10.3347
492	10.3549
493	10.5508
494	10.3297
495	10.3283
496	10.3283
497	10.3283
498	10.3283
499	10.3283
500	10.3283
501	10.3283
502	10.3283
503	10.355
504	10.3283
505	10.3283
506	10.3283
507	10.3283
508	10.3283
509	10.3283
510	10.3283
511	10.3283
512	12.1793
513	11.692
514	11.6001
515	11.0083
516	10.811
517	10.4028
518	10.0546
519	9.91497
520	9.96454
521	9.96885
522	10.2981
523	10.0233
524	10.0547
525	10.1441
526	9.9115
527	9.9115
528	9.9115
529	9.9115
530	9.92755
531	9.91173
532	10.1125
533	9.94298
534	9.95978
535	9.91827
536	9.9115
537	9.9115
538	9.91275
539	9.91161
540	9.9115
541	9.9115
542	9.95657
543	9.99132
544	9.9549
545	9.91719
546	9.9115
547	9.9115
548	9.9115
549	9.91282
550	9.9115
551	9.9115
552	9.9115
553	9.9115
554	9.9115
555	9.9115
556	11.4617
557	11.1741
558	10.4514
559	10.0646
560	9.98144
561	9.91468
562	9.9115
563	11.4181
564	11.3499
565	10.8934
566	10.0858
567	9.95059
568	9.92
569	9.9115
570	9.9115
571	9.9115
572	9.9115
573	9.9115
574	9.9115
575	9.9115
576	9.9115
577	11.5564
578	11.3575
579	11.133
580	10.8392
581	10.4889
582	10.0625
583	9.9115
584	9.9115
585	9.9115
586	9.91792
587	9.91183
588	9.9115
589	9.9115
590	9.9115
591	9.9115
592	9.9115
593	9.93751
594	9.9115
595	9.9115
596	9.9115
597	9.9115
598	9.9115
599	9.9115
600	11.7954
601	11.5768
602	11.0865
603	10.4146
604	10.2076
605	10.1169
606	9.92777
607	9.91661
608	9.9115
609	9.9115
610	9.9115
611	9.9115
612	9.91275
613	9.9437
614	9.92741
615	9.91161
616	9.9115
617	9.9115
618	9.9115
619	9.9115
620	9.9115
621	9.9115
622	9.9115
623	9.9115
624	9.9115
625	9.9115
626	9.9115
627	9.91161
628	9.91372
629	9.9115
630	9.9115
631	9.9115
632	9.9115
633	9.9115
634	9.9115
635	9.9115
636	9.9115
637	9.9115
638	9.9115
639	9.9115
640	11.734
641	11.6892
642	11.5143
643	10.7564
644	10.3079
645	9.95262
646	9.93183
647	9.9115
648	9.9115
649	11.1312
650	10.4635
651	10.1711
652	10.054
653	10.009
654	9.98458
655	9.86641
656	9.81151
657	9.77887
658	9.81552
659	9.73191
660	9.7366
661	9.7547
662	9.80829
663	11.7786
664	11.3875
665	11.1979
666	10.5279
667	10.4816
668	9.84684
669	9.85056
670	9.73795
671	9.75655
672	9.72786
673	9.72786
674	9.73356
675	9.75981
676	9.72786
677	9.72786
678	9.72786
679	11.4667
680	11.981
681	11.4632
682	10.6771
683	10.56
684	9.97809
685	9.85759
686	9.74284
687	9.74077
688	9.72947
689	11.5295
690	11.1641
691	10.7091
692	10.1968
693	11.8243
694	11.0997
695	10.5318
696	9.91593
697	11.5474
698	11.7878
699	11.0413
700	10.6569
701	9.96524
702	10.0501
703	9.72797
704	11.538
705	11.3738
706	10.9281
707	10.4539
708	9.98152
709	9.75409
710	9.72786
711	9.72786
712	9.72786
713	9.72786
714	9.72786
715	9.72786
716	9.72786
717	9.72786
718	9.72786
719	9.72786
720	9.72786
721	9.72786
722	9.72786
723	9.72786
724	9.72786
725	9.72786
726	9.72786
727	9.72786
728	9.72786
729	9.72786
730	11.2631
731	11.1119
732	10.6957
733	10.1429
734	10.028
735	9.76544
736	9.77158
737	9.72819
738	9.73717
739	9.72786
740	9.72786
741	9.72786
742	9.7414
743	9.72843
744	9.74136
745	9.76451
746	9.82265
747	9.7282
748	9.73361
749	9.72786
750	9.72786
751	9.72786
752	9.72786
753	9.72786
754	9.72786
755	9.72786
756	9.72786
757	9.72786
758	9.72786
759	9.72786
760	9.72786
761	9.72786
762	9.72786
763	9.72786
764	9.73285
765	9.72786
766	9.72786
767	9.72786
768	9.72786
769	9.72786
770	9.72786
771	9.72786
772	9.72786
773	9.72786
774	9.76438
775	9.73959
776	9.72904
777	9.72786
778	9.72786
779	9.72786
780	9.72786
781	9.72786
782	9.72786
783	9.72786
784	9.72786
785	9.72786
786	9.72786
787	9.72786
788	9.72786
789	9.72786
790	11.2556
791	11.198
792	10.9028
793	10.6278
794	12.2488
795	11.751
796	11.4217
797	10.4304
798	9.97164
799	9.73466
800	9.73035
801	9.72786
802	9.72786
803	9.72786
804	9.72786
805	9.72786
806	9.72786
807	9.72786
808	9.72786
809	9.73103
810	9.76958
811	9.72819
812	9.72786
813	9.72786
814	9.72786
815	9.72786
816	9.72786
817	9.72855
818	9.75498
819	9.72786
820	9.72786
821	9.72786
822	11.3093
823	11.292
824	11.2013
825	10.867
826	10.2705
827	9.87048
828	9.74935
829	9.72786
830	9.72832
831	9.73709
832	9.7414
833	9.73561
834	9.74344
835	9.72786
836	9.72786
837	9.72786
838	9.72786
839	9.72819
840	9.76473
841	10.0294
842	9.7955
843	9.72797
844	9.73713
845	9.72786
846	9.72832
847	9.72786
848	9.72786
849	9.72786
850	9.72786
851	11.4068
852	10.5992
853	10.7254
854	10.1823
855	10.1652
856	9.73766
857	9.72786
858	9.72786
859	9.72786
860	9.72786
861	9.72786
862	9.72786
863	9.72786
864	9.72786
865	9.72786
866	9.72786
867	9.72786
868	9.72786
869	9.72786
870	9.72786
871	9.72786
872	9.72786
873	9.72786
874	9.72809
875	9.72786
876	9.72786
877	9.72786
878	9.7396
879	9.72786
880	12.0195
881	11.5766
882	10.9564
883	10.5902
884	9.89213
885	9.73646
886	9.77416
887	9.75698
888	9.74032
889	9.72786
890	9.72786
891	9.72786
892	9.72786
893	9.72786
894	9.7381
895	9.72944
896	11.5779
897	13.2377
898	12.8622
899	12.2264
900	11.1174
901	10.3448
902	10.0274
903	9.90427
904	9.82499
905	9.73534
906	9.72786
907	9.72786
908	9.72786
909	9.72786
910	9.72786
911	9.72786
912	9.72786
913	9.72786
914	9.72786
915	9.72786
916	9.72786
917	9.72786
918	9.72786
919	9.72786
920	9.73981
921	9.72808
922	9.73485
923	9.88285
924	9.7283
925	9.72786
926	9.72786
927	9.72786
928	9.72786
929	9.72939
930	9.72903
931	9.72786
932	9.72786
933	9.72786
934	9.72786
935	9.72786
936	9.72786
937	9.73253
938	11.9263
939	11.4906
940	11.3755
941	11.3086
942	10.5591
943	10.1694
944	9.83886
945	9.72786
946	9.72786
947	9.72786
948	9.72786
949	9.72786
950	9.72786
951	9.72786
952	9.72786
953	9.72786
954	9.72786
955	9.72786
956	9.72786
957	9.72786
958	9.72786
959	9.72786
960	9.72786
961	9.73052
962	9.73903
963	9.80624
964	9.72786
965	9.72786
966	9.72786
967	9.72786
968	9.72786
969	9.72786
970	9.72786
971	9.72786
972	9.72786
973	11.1429
974	11.3449
975	11.3768
976	11.3137
977	10.4485
978	9.94097
979	11.852
980	13.6297
981	13.1782
982	11.3338
983	10.6742
984	10.4647
985	9.99225
986	10.317
987	10.2698
988	10.1339
989	9.66793
990	9.55883
991	9.58381
992	9.97845
993	9.66364
994	9.56312
995	9.55069
996	9.53672
997	9.53672
998	9.53672
999	9.53672
1000	9.53672
1001	9.53672
1002	9.53672
1003	9.53672
1004	9.53672
1005	9.53672
1006	9.55391
1007	9.53672
1008	9.53672
1009	11.5903
1010	13.5461
1011	13.0101
1012	11.8414
1013	11.6353
1014	10.7539
1015	10.1349
1016	10.1947
1017	9.71324
1018	9.54515
1019	9.53968
1020	11.3966
1021	11.0326
1022	10.164
1023	10.1599
1024	9.62294
1025	9.54409
1026	11.482
1027	10.6403
1028	10.2208
1029	9.57748
1030	11.99
1031	11.2918
1032	10.1031
1033	9.59825
1034	9.53672
1035	9.53672
1036	9.53672
1037	9.53672
1038	9.53672
1039	9.53672
1040	11.656
1041	11.5849
1042	11.2033
1043	10.786
1044	9.92788
1045	9.68459
1046	9.58021
1047	9.53672
1048	9.53672
1049	9.53672
1050	9.53672
1051	11.1179
1052	11.3998
1053	10.6419
1054	10.1219
1055	9.87688
1056	9.652
1057	9.55895
1058	9.53672
1059	11.2599
1060	10.589
1061	10.0114
1062	10.0431
1063	11.6152
1064	10.9188
1065	10.4683
1066	10.1242
1067	9.89733
1068	9.78844
1069	9.72067
1070	9.55031
1071	9.53672
1072	9.53672
1073	9.53672
1074	9.53672
1075	9.53672
1076	9.53672
1077	9.54216
1078	9.53672
1079	9.53672
1080	9.53672
1081	9.53672
1082	9.53672
1083	9.53672
1084	9.53672
1085	9.53672
1086	9.53672
1087	9.53672
1088	9.53672
1089	9.53672
1090	9.55402
1091	9.53672
1092	9.60599
1093	9.53672
1094	9.53672
1095	9.53672
1096	10.8735
1097	10.9527
1098	10.6155
1099	10.2342
1100	9.79228
1101	11.9194
1102	11.9923
1103	11.0068
1104	10.2845
1105	9.74536
1106	9.5432
1107	9.53672
1108	9.53672
1109	9.53672
1110	9.53695
1111	11.3565
1112	11.0832
1113	10.5361
1114	10.5308
1115	10.5162
1116	10.3
1117	9.63107
1118	9.5472
1119	9.5457
1120	9.54677
1121	9.56094
1122	9.53962
1123	9.5425
1124	9.53672
1125	9.53672
1126	9.53672
1127	9.53672
1128	9.53672
1129	9.53672
1130	9.53672
1131	9.53672
1132	9.53672
1133	9.53672
1134	11.5114
1135	11.5381
1136	11.1255
1137	9.87354
1138	9.5691
1139	9.73655
1140	9.53787
1141	9.53706
1142	9.53672
1143	9.53672
1144	9.53672
1145	9.53672
1146	9.53672
1147	9.53672
1148	9.53672
1149	9.53672
1150	9.53672
1151	9.53672
1152	9.53672
1153	9.53672
1154	9.53672
1155	9.53672
1156	9.53672
1157	9.53672
1158	9.53672
1159	9.53672
1160	9.53672
1161	9.53672
1162	9.53672
1163	9.53672
1164	11.0442
1165	10.5592
1166	10.1826
1167	9.94145
1168	9.71888
1169	9.70554
1170	9.53808
1171	9.53672
1172	9.53672
1173	9.53672
1174	11.503
1175	11.3454
1176	10.6794
1177	10.2393
1178	11.6401
1179	11.051
1180	10.2549
1181	10.0952
1182	9.70882
1183	9.63288
1184	9.65319
1185	9.5625
1186	9.54492
1187	9.53695
1188	9.53672
1189	9.53672
1190	9.53672
1191	9.53672
1192	9.53672
1193	9.53672
1194	11.258
1195	11.3245
1196	10.733
1197	10.0839
1198	10.1263
1199	9.54715
1200	9.50882
1201	9.3378
1202	9.30914
1203	9.30914
1204	9.30914
1205	9.30914
1206	9.30914
1207	9.30914
1208	11.2087
1209	11.3646
1210	10.7347
1211	10.434
1212	10.0318
1213	9.55712
1214	9.59245
1215	9.33739
1216	9.30914
1217	9.30914
1218	9.30914
1219	9.30914
1220	9.30892
1221	9.30757
1222	11.0925
1223	10.6243
1224	10.5194
1225	9.67384
1226	9.38466
1227	11.3268
1228	10.9736
1229	10.4379
1230	9.72869
1231	9.41656
1232	9.31954
1233	9.29795
1234	9.31632
1235	9.29795
1236	9.29795
1237	9.29795
1238	9.29795
1239	9.29795
1240	9.29795
1241	9.29795
1242	9.29795
1243	9.29795
1244	9.29795
1245	9.29795
1246	9.38712
1247	9.42761
1248	9.3105
1249	9.29818
1250	9.31749
1251	9.30109
1252	9.29795
1253	9.29795
1254	9.30135
1255	9.29795
1256	9.29795
1257	9.29795
1258	9.29795
1259	9.29795
1260	9.29795
1261	9.29795
1262	9.31871
1263	9.30936
1264	9.29795
1265	11.0736
1266	10.698
1267	10.4429
1268	10.0092
1269	9.49199
1270	9.37205
1271	9.29795
1272	9.29795
1273	11.2488
1274	10.8812
1275	10.4905
1276	10.2673
1277	9.82435
1278	9.44758
1279	9.33217
1280	9.29795
1281	9.29795
1282	9.29795
1283	9.29795
1284	9.29795
1285	9.29795
1286	9.29795
1287	9.29795
1288	9.29795
1289	9.29795
1290	9.29795
1291	9.29795
1292	9.29795
1293	9.29795
1294	9.29795
1295	9.29795
1296	9.29795
1297	9.29795
1298	9.29795
1299	9.29795
1300	9.29795
1301	9.29795
1302	9.29795
1303	9.29795
1304	9.29795
1305	10.8761
1306	11.0114
1307	10.0908
1308	10.0481
1309	9.72856
1310	9.45
1311	9.38482
1312	9.39244
1313	9.29872
1314	9.29795
1315	9.29795
1316	9.29795
1317	9.29795
1318	9.29795
1319	9.29795
1320	9.29795
1321	9.29795
1322	11.2216
1323	10.8546
1324	10.2025
1325	9.81543
1326	9.47773
1327	9.38628
1328	9.29799
1329	9.29795
1330	9.29795
1331	9.29795
1332	9.29795
1333	9.29795
1334	9.29795
1335	9.30272
1336	9.29795
1337	9.29795
1338	9.31234
1339	9.29799
1340	9.29865
1341	9.3273
1342	9.29795
1343	9.31483
1344	9.3303
1345	9.30778
1346	9.29799
1347	9.29795
1348	9.31933
1349	9.31658
1350	9.29795
1351	9.29795
1352	9.29795
1353	9.29795
1354	9.29795
1355	9.29795
1356	9.29795
1357	9.29795
1358	9.30493
1359	9.29806
1360	11.3972
1361	10.9589
1362	10.9185
1363	10.3228
1364	12.513
1365	11.8114
1366	11.393
1367	10.7503
1368	12.3062
1369	11.8054
1370	11.1736
1371	10.0918
1372	9.80329
1373	9.65156
1374	9.42034
1375	9.34493
1376	11.2162
1377	11.0296
1378	10.5165
1379	9.91067
1380	11.6608
1381	10.8539
1382	10.1589
1383	9.58648
1384	9.40361
1385	9.31948
1386	9.29795
1387	9.29795
1388	9.30818
1389	9.33728
1390	9.33723
1391	11.597
1392	11.0499
1393	10.3069
1394	9.5983
1395	9.36471
1396	9.32204
1397	9.29806
1398	9.29795
1399	11.2539
1400	10.8956
1401	10.3589
1402	9.982
1403	9.59573
1404	9.36101
1405	9.31362
1406	9.29795
1407	9.29795
1408	9.29795
1409	9.29795
1410	9.29795
1411	9.29795
1412	11.1488
1413	11.0985
1414	10.5077
1415	9.827
1416	12.0521
1417	11.2149
1418	10.6641
1419	12.4082
1420	11.6165
1421	11.0928
1422	10.4742
1423	10.1227
1424	12.3604
1425	11.4577
1426	10.77
1427	10.7268
1428	10.2131
1429	9.94262
1430	9.74438
1431	9.65871
1432	9.50094
1433	9.31283
1434	9.32551
1435	11.526
1436	11.7115
1437	11.4532
1438	10.6847
1439	9.95623
1440	9.58755
1441	9.31059
1442	11.0203
1443	10.6979
1444	10.8683
1445	10.3005
1446	9.81201
1447	9.94367
1448	9.32838
1449	9.31582
1450	11.359
1451	10.9799
1452	10.943
1453	10.5685
1454	10.3973
1455	9.5932
1456	9.33976
1457	9.31573
1458	9.29854
1459	9.29795
1460	9.29795
1461	9.29795
1462	9.29795
1463	9.29795
1464	9.29795
1465	10.956
1466	10.496
1467	9.98013
1468	9.58775
1469	11.3126
1470	13.6193
1471	13.1959
1472	12.2639
1473	11.7178
1474	10.8447
1475	10.0066
1476	9.71583
1477	9.6718
1478	9.64281
1479	9.65265
1480	11.4244
1481	11.3505
1482	11.2768
1483	10.5717
1484	10.3431
1485	10.5364
1486	10.1171
1487	9.65287
1488	9.62987
1489	9.62408
1490	9.62408
1491	11.0138
1492	11.1132
1493	10.7272
1494	10.1672
1495	9.77325
1496	9.91717
1497	9.66735
1498	9.63143
1499	9.62408
1500	9.62408
1501	11.3172
1502	11.1842
1503	11.0313
1504	10.289
1505	10.1303
1506	9.51333
1507	9.34793
1508	9.30389
1509	9.31939
1510	9.303
1511	9.3018
1512	9.30125
1513	9.29982
1514	11.1217
1515	11.3215
1516	10.6536
1517	9.78904
1518	9.57094
1519	9.54639
1520	9.29795
1521	9.29795
1522	9.29795
1523	9.29795
1524	9.29795
1525	9.29795
1526	9.29795
1527	9.29795
1528	9.29795
1529	9.29795
1530	9.29795
1531	9.29795
1532	9.29795
1533	9.29795
1534	9.29795
1535	9.29795
1536	9.29795
1537	9.29795
1538	9.29795
1539	9.29795
1540	9.29795
1541	9.29795
1542	9.29795
1543	9.29799
1544	9.30483
1545	9.29795
1546	9.29795
1547	9.29795
1548	9.29795
1549	9.29795
1550	9.29795
1551	9.29795
1552	9.3143
1553	9.29795
1554	9.29795
1555	11.0486
1556	10.6221
1557	9.96212
1558	9.71731
1559	9.54544
1560	9.29828
1561	9.29795
1562	9.29795
1563	9.29795
1564	9.29795
1565	9.29795
1566	9.29795
1567	9.29795
1568	9.29795
1569	9.29795
1570	9.29795
1571	9.29795
1572	9.29795
1573	9.29795
1574	9.29795
1575	9.29795
1576	9.29795
1577	9.29795
1578	9.29795
1579	9.29795
1580	9.32008
1581	9.29806
1582	9.29795
1583	9.29795
1584	9.29861
1585	9.29795
1586	9.29832
1587	9.29795
1588	9.29795
1589	9.29795
1590	9.29795
1591	9.29795
1592	10.9813
1593	10.4719
1594	12.3084
1595	11.0536
1596	10.1517
1597	9.91826
1598	9.41598
1599	9.31903
1600	9.30197
1601	9.29795
1602	9.29795
1603	9.29795
1604	9.29795
1605	9.29795
1606	9.29795
1607	9.29795
1608	11.2211
1609	10.9728
1610	10.5245
1611	10.1939
1612	9.90947
1613	9.47296
1614	9.29799
1615	9.4167
1616	9.29795
1617	9.29828
1618	9.29795
1619	9.29795
1620	9.29795
1621	9.29795
1622	9.29795
1623	9.29795
1624	9.29795
1625	9.29795
1626	9.29795
1627	9.29795
1628	9.29795
1629	9.29795
1630	9.29795
1631	9.31673
1632	9.33152
1633	9.33288
1634	9.32422
1635	9.29795
1636	9.29795
1637	9.29795
1638	9.29795
1639	9.29795
1640	9.29795
1641	9.29795
1642	9.29795
1643	11.5149
1644	11.1443
1645	10.8605
1646	10.3707
1647	10.1558
1648	9.76571
1649	9.35142
1650	9.3088
1651	9.32224
1652	9.29795
1653	9.29795
1654	9.29795
1655	9.30877
1656	9.29795
1657	9.29795
1658	9.29795
1659	9.29795
1660	9.29795
1661	9.29795
1662	9.29795
1663	9.29795
1664	9.29795
1665	9.29795
1666	9.29795
1667	9.29795
1668	9.29795
1669	9.29795
1670	11.3095
1671	10.9123
1672	10.5685
1673	10.3678
1674	9.90193
1675	9.66322
1676	9.50127
1677	9.36868
1678	9.31544
1679	9.38297
1680	9.29795
1681	9.30144
1682	9.29795
1683	9.29795
1684	9.29795
1685	9.29795
1686	9.29795
1687	11.3797
1688	11.0271
1689	10.773
1690	10.0488
1691	9.39738
1692	9.37049
1693	9.33493
1694	9.29795
1695	9.29795
1696	9.29795
1697	9.29795
1698	11.0646
1699	10.7561
1700	10.4743
1701	9.78861
1702	9.49132
1703	11.3479
1704	11.381
1705	10.8711
1706	10.3001
1707	9.74258
1708	9.43184
1709	9.30092
1710	9.30004
1711	9.29795
1712	9.29795
1713	11.1054
1714	10.6693
1715	9.94307
1716	9.86993
1717	9.67449
1718	9.35898
1719	9.37373
1720	9.29795
1721	9.29795
1722	9.29795
1723	9.29795
1724	9.29795
1725	9.29795
1726	9.29795
1727	9.29795
1728	9.29795
1729	11.0921
1730	10.7418
1731	10.7122
1732	9.85904
1733	9.65706
1734	9.30977
1735	9.30819
1736	9.29795
1737	9.29818
1738	9.29795
1739	9.29795
1740	9.29795
1741	9.29795
1742	11.4724
1743	11.221
1744	10.8638
1745	10.0727
1746	9.88236
1747	9.66887
1748	9.31544
1749	9.29795
1750	9.29795
1751	11.0004
1752	11.3204
1753	10.1098
1754	9.8555
1755	9.66374
1756	9.49226
1757	9.30283
1758	9.31751
1759	11.1058
1760	10.9527
1761	10.5593
1762	10.8672
1763	10.3851
1764	10.0963
1765	11.7413
1766	10.889
1767	10.425
1768	9.84589
1769	9.50065
1770	9.3239
1771	9.3078
1772	9.31615
1773	9.30109
1774	9.29795
1775	9.32661
1776	9.29795
1777	9.29795
1778	9.29795
1779	9.29795
1780	9.29818
1781	9.29795
1782	9.29795
1783	9.29795
1784	9.29795
1785	9.29795
1786	9.29795
1787	9.29795
1788	9.29795
1789	9.29795
1790	9.29795
1791	9.29795
1792	11.2023
1793	10.9721
1794	10.5699
1795	10.3333
1796	9.73526
1797	9.58405
1798	9.33619
1799	9.35188
1800	9.38172
1801	9.39525
1802	9.31384
1803	9.29806
1804	9.29795
1805	9.30665
1806	9.44777
1807	9.32104
1808	9.32519
1809	9.4873
1810	9.31915
1811	9.29795
1812	9.29795
1813	9.29795
1814	9.29795
1815	9.29795
1816	9.29795
1817	9.29795
1818	9.29795
1819	9.29795
1820	9.29795
1821	9.29795
1822	9.29795
1823	9.29795
1824	9.29795
1825	9.29795
1826	9.29806
1827	9.29795
1828	9.29795
1829	9.29795
1830	10.9029
1831	10.5717
1832	10.3223
1833	9.54438
1834	9.31741
1835	9.29806
1836	9.29795
1837	9.29795
1838	9.29795
1839	9.32718
1840	9.2984
1841	9.29795
1842	9.29898
1843	9.29795
1844	9.29795
1845	9.29795
1846	9.29795
1847	9.29795
1848	9.29795
1849	11.3128
1850	10.8952
1851	10.222
1852	11.8977
1853	11.4287
1854	11.035
1855	10.3956
1856	10.0811
1857	11.7385
1858	11.0773
1859	10.54
1860	9.78565
1861	9.62318
1862	9.37314
1863	9.33307
1864	9.29795
1865	9.29795
1866	9.30447
1867	9.34174
1868	9.29795
1869	9.29795
1870	9.29795
1871	9.29795
1872	9.29795
1873	9.29795
1874	9.29795
1875	9.29795
1876	9.29795
1877	9.29795
1878	9.29795
1879	9.29795
1880	9.29795
1881	10.9386
1882	11.389
1883	10.8414
1884	11.011
1885	10.7141
1886	10.7161
1887	10.675
1888	10.4776
1889	10.0648
1890	9.43925
1891	9.46325
1892	9.3412
1893	9.36108
1894	9.32444
1895	9.29795
1896	9.29795
1897	9.29795
1898	9.29795
1899	9.29795
1900	9.29795
1901	9.29795
1902	9.29795
1903	9.29795
1904	9.29795
1905	9.29795
1906	9.29795
1907	9.29795
1908	9.29795
1909	9.29795
1910	9.29795
1911	9.29795
1912	9.29817
1913	9.29795
1914	9.29795
1915	9.29795
1916	9.29795
1917	9.29795
1918	9.29795
1919	9.29795
1920	9.29795
1921	9.29795
1922	9.29795
1923	9.29795
1924	9.29795
1925	9.29795
1926	9.29795
1927	9.29795
1928	9.29795
1929	9.29795
1930	9.36229
1931	12.2833
1932	11.8626
1933	10.9454
1934	9.78431
1935	9.68115
1936	9.54805
1937	9.32034
1938	9.29795
1939	9.31509
1940	9.29795
1941	9.29795
1942	9.29795
1943	9.29795
1944	9.29795
1945	9.29795
1946	9.29795
1947	9.29795
1948	9.29795
1949	9.29795
1950	9.29795
1951	9.29795
1952	9.29795
1953	9.29795
1954	9.29795
1955	9.29795
1956	9.29795
1957	9.29795
1958	9.29795
1959	9.29795
1960	9.29795
1961	9.29795
1962	9.29795
1963	9.29795
1964	10.8675
1965	10.7066
1966	10.2738
1967	10.4766
1968	10.2014
1969	9.67349
1970	9.50377
1971	9.2984
1972	9.3046
1973	9.29795
1974	9.29795
1975	9.29795
1976	9.29795
1977	9.29795
1978	9.29795
1979	9.29795
1980	9.29795
1981	9.29795
1982	9.29795
1983	9.29795
1984	9.29795
1985	9.29795
1986	9.29795
1987	9.29795
1988	9.29795
1989	9.29795
1990	9.29795
1991	9.29795
1992	9.29795
1993	9.29806
1994	9.29795
1995	9.29795
1996	9.29795
1997	9.29795
1998	9.29795
1999	9.30139
2000	10.8759
2001	10.628
2002	10.3955
2003	9.9179
2004	9.57052
2005	9.34625
2006	9.29795
2007	9.29795
2008	9.29795
2009	9.29795
2010	9.29795
2011	11.2776
2012	10.9142
2013	10.4462
2014	10.157
2015	9.62811
2016	9.46298
2017	11.7216
2018	11.971
2019	11.2269
2020	11.439
2021	10.3787
2022	10.0265
2023	11.9834
2024	11.1176
2025	10.662
2026	10.2824
2027	9.68413
2028	9.56157
2029	9.51209
2030	9.4403
2031	9.30193
2032	9.29795
2033	9.29795
2034	9.32265
2035	9.30472
2036	9.30636
2037	9.34656
2038	9.29851
2039	9.29795
2040	9.29806
2041	9.29795
2042	9.29795
2043	9.29795
2044	9.29795
2045	9.29795
2046	9.29795
2047	9.29795
2048	9.29795
2049	9.29795
2050	9.29795
2051	9.29795
2052	9.29795
2053	9.29795
2054	9.29795
2055	9.29795
2056	9.29795
2057	9.29795
2058	9.29806
2059	9.32339
2060	9.31713
2061	9.3127
2062	9.32068
2063	9.29795
2064	9.29795
2065	9.29795
2066	9.29795
2067	9.29795
2068	9.29795
2069	9.29799
2070	11.2793
2071	10.9772
2072	10.4994
2073	9.82206
2074	9.30516
2075	9.29795
2076	9.29795
2077	9.29795
2078	9.29795
2079	11.446
2080	10.9333
2081	10.1995
2082	9.84031
2083	9.64811
2084	9.49806
2085	9.38417
2086	9.33442
2087	9.42227
2088	9.30152
2089	9.29795
2090	9.3252
2091	9.29795
2092	9.29795
2093	11.2192
2094	10.7522
2095	10.1758
2096	9.52348
2097	9.31577
2098	9.29795
2099	9.29795
2100	9.2984
2101	9.31017
2102	9.29795
2103	9.29795
2104	11.0382
2105	10.5661
2106	10.308
2107	10.0286
2108	9.75918
2109	9.73612
2110	9.34961
2111	9.30155
2112	9.29795
2113	11.236
2114	10.8653
2115	9.92334
2116	10.0956
2117	9.58397
2118	9.37564
2119	9.32877
2120	11.2153
2121	10.5448
2122	10.4794
2123	9.80503
2124	9.60516
2125	9.75404
2126	9.4662
2127	11.2319
2128	11.3049
2129	10.7025
2130	10.4446
2131	9.60806
2132	9.40885
2133	9.3943
2134	9.31445
2135	9.39267
2136	9.32035
2137	9.29799
2138	9.3228
2139	9.30116
2140	9.29795
2141	9.29795
2142	9.29795
2143	9.29795
2144	9.30121
2145	9.30401
2146	9.29795
2147	9.29795
2148	9.31436
2149	9.30637
2150	9.34713
2151	9.46719
2152	9.39593
2153	9.29799
2154	9.2981
2155	9.29795
2156	9.30484
2157	9.29795
2158	9.29795
2159	9.29795
2160	9.29799
2161	9.29795
2162	9.29795
2163	9.35123
2164	9.29795
2165	9.29795
2166	9.29795
2167	9.29795
2168	9.31106
2169	11.3415
2170	11.1238
2171	10.5067
2172	10.3482
2173	9.80311
2174	9.39357
2175	9.29795
2176	9.29795
2177	9.29795
2178	9.29795
2179	9.29795
2180	9.29795
2181	9.29795
2182	11.2438
2183	10.5694
2184	11.6737
2185	11.2288
2186	10.229
2187	9.79051
2188	9.64864
2189	9.33724
2190	9.45431
2191	9.36806
2192	9.31448
2193	11.2683
2194	10.7682
2195	10.3647
2196	11.7822
2197	11.7819
2198	10.8216
2199	10.1408
2200	9.78088
2201	9.34782
2202	9.29795
2203	9.29795
2204	9.29795
2205	9.29851
2206	9.29795
2207	9.29795
2208	9.31278
2209	11.2975
2210	10.7718
2211	10.457
2212	9.95094
2213	9.66775
2214	9.41111
2215	11.3454
2216	10.9973
2217	10.5602
2218	10.1502
2219	9.72694
2220	9.46575
2221	9.36606
2222	9.30015
2223	9.29795
2224	9.29795
2225	9.29795
2226	9.29795
2227	9.29795
2228	9.29795
2229	11.162
2230	10.5306
2231	10.4378
2232	10.1137
2233	9.47142
2234	9.30432
2235	9.29795
2236	9.30457
2237	9.29795
2238	9.29795
2239	9.29795
2240	9.29795
2241	9.38725
2242	9.29795
2243	9.29795
2244	9.29795
2245	9.29795
2246	9.29795
2247	9.29795
2248	9.29795
2249	9.29795
2250	9.29795
2251	9.29795
2252	9.29795
2253	9.29795
2254	9.29795
2255	9.29795
2256	9.29795
2257	9.29795
2258	9.29795
2259	11.1058
2260	12.7446
2261	12.2019
2262	11.1735
2263	10.5596
2264	10.2313
2265	9.73426
2266	9.5529
2267	9.84826
2268	9.67797
2269	9.40486
2270	9.29861
2271	9.29795
2272	9.29795
2273	9.29795
2274	9.29795
2275	9.29795
2276	9.29795
2277	9.29795
2278	9.29795
2279	9.29795
2280	9.29795
2281	9.29795
2282	9.29795
2283	9.29795
2284	9.29795
2285	9.29795
2286	9.29795
2287	9.29795
2288	9.29795
2289	9.29795
2290	9.29795
2291	9.29795
2292	9.31345
2293	9.29795
2294	9.29795
2295	9.29795
2296	9.29795
2297	9.29795
2298	9.29795
2299	9.29795
2300	9.29795
2301	9.29795
2302	9.29795
2303	9.29795
2304	9.29795
2305	9.29795
2306	9.29795
2307	9.29806
2308	9.29795
2309	9.29795
2310	9.29795
2311	9.29795
2312	9.29795
2313	9.3033
2314	9.29795
2315	9.29795
2316	9.29795
2317	9.29795
2318	9.29795
2319	9.29795
2320	9.29795
2321	9.29795
2322	9.29795
2323	9.29795
2324	9.29795
2325	11.5387
2326	11.2881
2327	10.4248
2328	9.7896
2329	9.45326
2330	9.56296
2331	9.34637
2332	9.29795
2333	9.29795
2334	9.29795
2335	9.29795
2336	9.29795
2337	9.29795
2338	9.29795
2339	9.29795
2340	9.29795
2341	9.29795
2342	9.29795
2343	9.29795
2344	9.29795
2345	9.30283
2346	9.29795
2347	9.3353
2348	9.29795
2349	9.29795
2350	9.29795
2351	9.29795
2352	9.29795
2353	9.29795
2354	11.1261
2355	10.7153
2356	10.7104
2357	9.79424
2358	9.34472
2359	9.48639
2360	9.34926
2361	9.29799
2362	9.29795
2363	9.29795
2364	9.29795
2365	9.29795
2366	9.29795
2367	9.3016
2368	9.29821
2369	11.0316
2370	10.9193
2371	11.4673
2372	12.5176
2373	11.5796
2374	10.9351
2375	10.1914
2376	9.76954
2377	9.64505
2378	9.68057
2379	9.59987
2380	9.60521
2381	11.7615
2382	10.8334
2383	10.1066
2384	9.5712
2385	9.34011
2386	9.3579
2387	9.45325
2388	9.43702
2389	9.29795
2390	9.29795
2391	11.0055
2392	10.5202
2393	10.1368
2394	9.80763
2395	9.64286
2396	9.34116
2397	9.35109
2398	9.35809
2399	9.29916
2400	11.8877
2401	11.1506
2402	10.3933
2403	9.77664
2404	9.39384
2405	9.39524
2406	9.38022
2407	11.5492
2408	11.055
2409	10.1126
2410	9.81589
2411	9.51512
2412	9.49815
2413	9.29832
2414	11.3051
2415	11.1417
2416	10.353
2417	9.993
2418	9.35748
2419	9.29795
2420	9.29795
2421	9.29795
2422	9.29795
2423	9.29795
2424	9.29795
2425	9.29795
2426	9.31228
2427	9.29854
2428	9.29795
2429	9.29795
2430	9.29795
2431	9.30433
2432	9.29795
2433	9.31072
2434	9.29795
2435	9.29795
2436	9.29795
2437	9.29795
2438	9.29795
2439	9.29795
2440	9.29795
2441	9.29795
2442	9.29795
2443	9.29795
2444	9.29795
2445	9.29795
2446	9.29795
2447	10.9283
2448	11.2221
2449	10.7479
2450	10.4116
2451	9.64225
2452	9.41583
2453	9.30371
2454	9.32625
2455	11.0896
2456	10.6183
2457	9.85391
2458	9.36232
2459	9.32906
2460	9.30433
2461	9.29795
2462	9.29795
2463	9.29795
2464	9.29795
2465	9.29795
2466	9.29795
2467	9.29795
2468	10.9654
2469	10.1274
2470	9.54659
2471	9.55089
2472	9.63184
2473	9.29795
2474	9.29795
2475	9.29795
2476	9.29795
2477	9.29795
2478	9.29795
2479	9.29795
2480	9.29795
2481	9.29795
2482	9.29795
2483	9.29795
2484	9.29795
2485	9.29795
2486	9.29795
2487	9.29795
2488	9.29795
2489	9.29795
2490	9.29795
2491	9.29795
2492	9.29795
2493	11.1875
2494	10.7706
2495	10.5346
2496	10.2473
2497	9.95553
2498	9.67095
2499	9.34307
2500	9.39448
2501	9.35387
2502	9.3517
2503	9.29795
2504	9.29795
2505	9.29795
2506	9.29806
2507	9.30924
2508	9.29795
2509	9.29795
2510	9.30113
2511	9.29817
2512	9.31201
2513	9.32062
2514	9.29795
2515	9.29795
2516	9.29795
2517	9.29795
2518	9.29795
2519	9.30102
2520	11.1116
2521	11.1982
2522	10.5919
2523	10.0498
2524	9.50159
2525	9.31295
2526	9.29795
2527	9.29795
2528	9.29795
2529	9.29795
2530	9.29795
2531	9.29795
2532	9.29795
2533	9.29795
2534	9.29795
2535	9.29795
2536	9.29795
2537	9.29795
2538	9.29795
2539	11.3645
2540	10.9329
2541	10.311
2542	10.492
2543	10.1103
2544	9.48571
2545	9.38828
2546	9.29795
2547	9.29795
2548	9.29795
2549	9.29795
2550	9.29795
2551	9.29795
2552	9.29795
2553	9.29795
2554	9.29795
2555	9.29795
2556	9.29795
2557	9.29795
2558	9.29795
2559	9.29795
2560	9.29795
2561	9.29795
2562	9.29795
2563	9.29795
2564	9.29795
2565	9.29795
2566	9.29795
2567	9.29795
2568	9.29795
2569	9.29795
2570	9.29795
2571	9.29795
2572	9.3194
2573	9.37445
2574	9.29795
2575	11.0324
2576	10.5816
2577	10.6594
2578	9.78343
2579	9.46196
2580	9.29862
2581	11.1473
2582	10.6106
2583	10.0217
2584	9.36937
2585	9.31594
2586	9.29821
2587	9.29795
2588	9.29795
2589	9.29795
2590	9.29795
2591	9.29795
2592	9.29795
2593	9.29795
2594	9.29795
2595	9.29795
2596	9.29795
2597	9.29795
2598	9.29795
2599	10.932
2600	10.4855
2601	10.2612
2602	9.90652
2603	9.72763
2604	9.40226
2605	11.905
2606	11.6525
2607	10.9994
2608	12.541
2609	11.7435
2610	11.2833
2611	10.8984
2612	9.75726
2613	9.70112
2614	9.37471
2615	9.29828
2616	9.29795
2617	9.29795
2618	9.29795
2619	9.29795
2620	9.29795
2621	9.29795
2622	9.29795
2623	9.29795
2624	9.29795
2625	9.29795
2626	9.29795
2627	9.29795
2628	9.29795
2629	9.29795
2630	9.29795
2631	9.29795
2632	9.29795
2633	9.29795
2634	9.29795
2635	9.29795
2636	9.29795
2637	9.29795
2638	9.29795
2639	9.29795
2640	9.29795
2641	9.29795
2642	9.29795
2643	9.29795
2644	9.29795
2645	9.29795
2646	9.29795
2647	9.29795
2648	9.29795
2649	9.29795
2650	9.29795
2651	9.29795
2652	9.29795
2653	11.0785
2654	10.5049
2655	10.0106
2656	9.5243
2657	9.32462
2658	9.29795
2659	9.29795
2660	9.32457
2661	9.29795
2662	9.29795
2663	9.29795
2664	11.1126
2665	10.7769
2666	9.99233
2667	9.58358
2668	9.56803
2669	9.32222
2670	9.29795
2671	9.29795
2672	9.29795
2673	9.29795
2674	9.29795
2675	9.29795
2676	10.959
2677	10.9129
2678	10.609
2679	9.82963
2680	9.37581
2681	11.2366
2682	10.8493
2683	10.0906
2684	11.9522
2685	11.7951
2686	10.8226
2687	10.1333
2688	9.59116
2689	9.38689
2690	9.35809
2691	9.29795
2692	9.29795
2693	9.29795
2694	9.29795
2695	9.29795
2696	9.29795
2697	9.29795
2698	9.29795
2699	9.29795
2700	11.1601
2701	10.5573
2702	11.8131
2703	11.2987
2704	10.4077
2705	10.4662
2706	9.86802
2707	9.34421
2708	9.38186
2709	9.33398
2710	9.29795
2711	9.29795
2712	9.29795
2713	9.31081
2714	9.34202
2715	9.30211
2716	9.29795
2717	9.29829
2718	9.29795
2719	9.29795
2720	9.29795
2721	9.29795
2722	9.29795
2723	9.29795
2724	9.29795
2725	9.29795
2726	9.29795
2727	9.29795
2728	9.32775
2729	9.30736
2730	9.32586
2731	9.31107
2732	9.29795
2733	11.4234
2734	13.1314
2735	14.4533
2736	13.7084
2737	12.2393
2738	11.7565
2739	10.9633
2740	10.285
2741	10.04
2742	9.88766
2743	12.0072
2744	10.8746
2745	10.2339
2746	9.89661
2747	9.78759
2748	9.787
2749	9.82381
2750	9.82125
2751	9.77406
2752	9.90528
2753	9.76119
2754	9.76212
2755	9.7585
2756	9.75817
2757	9.75817
2758	9.75817
2759	9.75817
2760	9.75817
2761	9.75817
2762	9.75817
2763	9.75817
2764	9.84621
2765	9.80203
2766	9.81603
2767	11.723
2768	11.1509
2769	10.5849
2770	10.1999
2771	9.79459
2772	9.74329
2773	9.74329
2774	11.7287
2775	11.5613
2776	10.8227
2777	10.11
2778	11.784
2779	11.1786
2780	10.5101
2781	11.9406
2782	11.1814
2783	10.4432
2784	9.94313
2785	11.2224
2786	10.5208
2787	10.2058
2788	11.8891
2789	12.0316
2790	12.0579
2791	11.2063
2792	12.9787
2793	12.5514
2794	11.9018
2795	11.058
2796	10.2189
2797	9.99266
2798	9.45188
2799	9.29795
2800	11.2149
2801	10.9808
2802	10.1339
2803	9.93115
2804	9.45786
2805	9.41061
2806	9.39169
2807	9.52425
2808	9.3615
2809	9.3065
2810	9.29795
2811	9.29795
2812	9.29795
2813	9.29795
2814	9.29795
2815	9.29795
2816	9.29795
2817	9.29795
2818	9.29795
2819	9.29795
2820	9.29795
2821	9.29795
2822	9.29795
2823	9.29795
2824	9.29795
2825	9.29795
2826	9.29795
2827	9.29795
2828	9.29795
2829	9.29795
2830	10.8865
2831	10.3554
2832	9.72032
2833	9.42771
2834	9.39376
2835	9.35092
2836	9.31176
2837	9.29795
2838	9.29795
2839	11.0702
2840	10.7552
2841	10.3968
2842	9.74453
2843	9.53744
2844	11.7475
2845	11.1345
2846	10.7669
2847	10.0571
2848	9.84111
2849	9.41554
2850	9.39986
2851	9.45633
2852	9.34113
2853	9.30109
2854	9.40648
2855	9.29795
2856	9.29795
2857	9.29795
2858	9.29795
2859	9.29795
2860	11.3444
2861	10.5517
2862	10.2341
2863	9.58994
2864	9.54339
2865	9.33356
2866	9.29795
2867	9.29829
2868	9.29795
2869	9.29795
2870	9.29795
2871	11.2427
2872	10.8568
2873	10.0877
2874	9.99093
2875	9.54785
2876	9.32812
2877	9.30306
2878	9.33383
2879	9.29795
2880	9.29795
2881	9.29795
2882	9.29795
2883	9.29795
2884	9.29795
2885	9.29795
2886	9.29795
2887	9.29795
2888	9.29795
2889	9.29795
2890	9.29795
2891	9.29795
2892	9.29795
2893	9.29795
2894	11.0882
2895	10.8139
2896	11.013
2897	10.2344
2898	9.59382
2899	9.47948
2900	9.3675
2901	9.30486
2902	9.30405
2903	9.32225
2904	9.39686
2905	9.29799
2906	9.29795
2907	9.29795
2908	9.29795
2909	9.29795
2910	9.2981
2911	11.1238
2912	10.904
2913	10.6523
2914	10.0862
2915	9.3889
2916	9.32956
2917	9.30385
2918	9.29795
2919	11.1081
2920	11.079
2921	10.5459
2922	9.70752
2923	9.29795
2924	9.30466
2925	9.29795
2926	9.29795
2927	9.29795
2928	9.29795
2929	10.9518
2930	10.6573
2931	10.343
2932	9.90325
2933	9.70066
2934	9.34817
2935	9.3413
2936	9.34127
2937	9.33599
2938	9.29876
2939	9.29795
2940	9.29795
2941	9.29795
2942	9.29795
2943	9.29795
2944	11.0319
2945	10.6011
2946	10.0275
2947	11.9618
2948	11.9243
2949	10.6643
2950	10.1906
2951	9.85597
2952	9.4941
2953	9.41511
2954	11.486
2955	11.4171
2956	11.4224
2957	10.422
2958	9.89384
2959	9.56099
2960	9.57204
2961	9.40426
2962	9.38882
2963	9.34403
2964	9.3005
2965	10.9971
2966	10.2505
2967	9.72931
2968	9.48481
2969	9.50146
2970	9.39518
2971	9.29795
2972	9.29795
2973	9.29795
2974	9.29795
2975	9.2984
2976	9.33264
2977	9.30493
2978	11.1968
2979	10.7943
2980	9.97178
2981	9.58102
2982	9.35868
2983	9.31196
2984	9.29795
2985	9.29795
2986	9.30144
2987	9.29795
2988	9.30148
2989	9.3528
2990	9.33452
2991	9.29795
2992	9.29795
2993	9.30102
2994	9.29795
2995	9.30511
2996	9.38368
2997	9.29802
2998	9.29795
2999	9.30131
3000	9.29795
3001	9.29795
3002	9.29795
3003	9.29795
3004	9.29795
3005	9.29795
3006	9.29795
3007	9.29795
3008	9.29795
3009	9.29795
3010	9.34687
3011	9.31603
3012	9.31292
3013	9.31263
3014	9.29795
3015	10.8849
3016	10.749
3017	10.8378
3018	10.0227
3019	9.34313
3020	9.29795
3021	9.29795
3022	9.30283
3023	9.3165
3024	9.29806
3025	9.29795
3026	11.2106
3027	10.838
3028	10.6426
3029	10.0851
3030	9.65643
3031	9.37086
3032	9.37442
3033	9.30311
3034	9.29795
3035	9.29795
3036	11.2061
3037	11.1798
3038	10.5475
3039	10.6244
3040	9.8116
3041	9.36287
3042	11.1984
3043	10.7557
3044	10.3175
3045	9.73133
3046	9.64262
3047	9.55864
3048	9.421
3049	9.30424
3050	9.29795
3051	9.29795
3052	9.29795
3053	9.29795
3054	9.29799
3055	9.29795
3056	9.29795
3057	9.29795
3058	9.29795
3059	9.29795
3060	9.29795
3061	9.29795
3062	9.29795
3063	9.29795
3064	9.29795
3065	9.29795
3066	9.29795
3067	9.29795
3068	9.29795
3069	11.1235
3070	11.1966
3071	10.321
3072	9.60039
3073	9.41702
3074	9.366
3075	9.39097
3076	9.34275
3077	9.29795
3078	9.2985
3079	9.49064
3080	9.48764
3081	9.31783
3082	9.33916
3083	9.29795
3084	9.29795
3085	9.34669
3086	9.34553
3087	9.35895
3088	9.35247
3089	9.30491
3090	9.3408
3091	9.29795
3092	9.29795
3093	9.29795
3094	9.29795
3095	9.29795
3096	9.29795
3097	9.39038
3098	9.29795
3099	9.29795
3100	9.29795
3101	9.29795
3102	9.30815
3103	9.58119
3104	9.70632
3105	9.95081
3106	9.31859
3107	9.30401
3108	9.32412
3109	9.34095
3110	9.305
3111	9.40106
3112	9.35211
3113	9.29795
3114	9.29795
3115	9.31756
3116	11.3327
3117	11.2413
3118	11.2043
3119	10.9552
3120	10.4472
3121	10.1409
3122	9.78199
3123	9.35826
3124	9.29795
3125	9.29795
3126	9.29795
3127	9.29795
3128	9.29795
3129	9.29818
3130	9.29795
3131	9.29799
3132	9.29795
3133	10.857
3134	10.6178
3135	10.1583
3136	9.61502
3137	9.40385
3138	9.33691
3139	9.29795
3140	9.29795
3141	9.29795
3142	9.29795
3143	9.29795
3144	9.29795
3145	9.29795
3146	9.29795
3147	9.30167
3148	9.29795
3149	9.29795
3150	9.29795
3151	11.1072
3152	11.0771
3153	10.5485
3154	10.0933
3155	9.66865
3156	9.66683
3157	9.3309
3158	9.47546
3159	9.33025
3160	9.29795
3161	9.29795
3162	9.29795
3163	9.29795
3164	9.29795
3165	9.29894
3166	9.32061
3167	9.3196
3168	9.29795
3169	9.29795
3170	9.29795
3171	9.29795
3172	9.29795
3173	9.29795
3174	9.29795
3175	9.29795
3176	9.29795
3177	9.29795
3178	9.29795
3179	9.29795
3180	9.29795
3181	9.29795
3182	9.29795
3183	9.29795
3184	9.29795
3185	9.29795
3186	9.29795
3187	9.36352
3188	9.29795
3189	9.29795
3190	10.9916
3191	11.1774
3192	10.5929
3193	10.5892
3194	9.91961
3195	9.42337
3196	9.30121
3197	9.30411
3198	9.29795
3199	9.29795
3200	9.29795
3201	11.2773
3202	10.8368
3203	10.2605
3204	9.30978
3205	9.30026
3206	9.29894
3207	9.29927
3208	9.29795
3209	9.29795
3210	9.30141
3211	9.29795
3212	9.29795
3213	9.29795
3214	9.29795
3215	9.29806
3216	9.44799
3217	9.34294
3218	9.29795
3219	9.29795
3220	9.32097
3221	11.2853
3222	10.7607
3223	11.1175
3224	10.9084
3225	10.4009
3226	10.2011
3227	9.94101
3228	9.46089
3229	9.29795
3230	9.29795
3231	9.30707
3232	9.29795
3233	9.29795
3234	9.29795
3235	9.29795
3236	9.29795
3237	9.29795
3238	9.29802
3239	9.29799
3240	9.29795
3241	9.29795
3242	9.29795
3243	9.29795
3244	9.29795
3245	9.29795
3246	11.004
3247	10.3969
3248	10.1384
3249	9.5533
3250	9.43442
3251	9.29855
3252	9.29861
3253	9.29795
3254	9.29795
3255	9.29795
3256	9.29795
3257	9.29795
3258	9.29795
3259	9.29806
3260	9.29795
3261	9.29795
3262	9.29795
3263	9.29873
3264	9.29795
3265	9.31935
3266	9.33716
3267	9.29821
3268	9.29795
3269	9.29862
3270	9.29795
3271	9.29795
3272	9.29795
3273	9.29795
3274	9.29795
3275	9.29795
3276	11.3529
3277	11.2563
3278	10.7465
3279	10.428
3280	9.55221
3281	9.40644
3282	9.30261
3283	9.29795
3284	9.29795
3285	9.30116
3286	9.29795
3287	9.29795
3288	9.29795
3289	11.0921
3290	10.8578
3291	12.57
3292	11.7758
3293	11.2033
3294	10.5407
3295	9.95006
3296	9.64676
3297	9.38693
3298	9.30575
3299	9.3463
3300	9.36368
3301	9.34814
3302	9.30574
3303	11.1656
3304	10.9827
3305	10.5757
3306	10.0229
3307	9.77535
3308	9.79028
3309	9.50332
3310	9.39039
3311	9.30515
3312	9.29795
3313	9.29795
3314	9.29795
3315	9.29795
3316	9.29795
3317	9.29795
3318	9.29795
3319	9.30109
3320	9.29795
3321	9.29795
3322	9.29795
3323	9.29795
3324	9.29795
3325	9.29795
3326	9.29795
3327	9.29795
3328	9.29795
3329	9.29795
3330	9.29795
3331	9.29795
3332	9.29795
3333	9.29795
3334	9.29795
3335	9.29795
3336	9.29795
3337	9.29795
3338	9.29795
3339	9.29795
3340	9.29795
3341	9.31553
3342	9.29795
3343	9.29795
3344	9.2984
3345	9.29795
3346	9.29795
3347	9.29795
3348	9.29795
3349	9.29795
3350	9.29795
3351	9.29795
3352	9.29795
3353	9.29795
3354	9.35308
3355	9.29795
3356	9.29795
3357	9.29795
3358	9.29795
3359	11.1371
3360	11.0732
3361	10.4277
3362	9.91684
3363	9.37921
3364	9.33466
3365	9.32196
3366	9.29795
3367	9.29795
3368	9.29795
3369	9.29795
3370	11.2582
3371	10.7331
3372	10.2769
3373	10.1041
3374	9.71916
3375	9.77028
3376	9.35983
3377	9.30116
3378	9.30452
3379	9.29795
3380	9.29795
3381	9.29795
3382	9.29795
3383	9.29795
3384	9.29795
3385	9.29795
3386	9.29795
3387	9.29795
3388	9.29795
3389	9.29795
3390	9.29795
3391	9.29795
3392	9.29795
3393	9.29795
3394	9.29795
3395	9.29795
3396	9.29795
3397	9.29795
3398	9.30098
3399	9.29795
3400	11.1178
3401	10.9811
3402	10.3703
3403	9.82635
3404	9.30737
3405	9.29795
3406	9.29795
3407	11.0884
3408	11.064
3409	10.421
3410	9.63977
3411	9.3148
3412	9.29795
3413	9.29795
3414	9.29795
3415	9.29795
3416	9.29795
3417	9.29795
3418	9.34505
3419	9.33527
3420	11.6305
3421	11.0683
3422	10.6701
3423	9.85054
3424	9.72109
3425	11.5152
3426	11.0411
3427	10.1065
3428	9.81808
3429	9.6195
3430	11.3082
3431	11.0547
3432	10.4018
3433	10.0881
3434	9.73652
3435	9.36249
3436	9.29906
3437	9.29795
3438	9.29795
3439	9.29795
3440	9.29795
3441	9.29795
3442	9.29795
3443	9.32263
3444	9.29795
3445	9.30116
3446	9.31315
3447	9.303
3448	9.30473
3449	9.29795
3450	9.29795
3451	9.29795
3452	9.29795
3453	9.29795
3454	9.29795
3455	9.32195
3456	9.29821
3457	9.30985
3458	9.29795
3459	9.29806
3460	9.29795
3461	9.29795
3462	9.29795
3463	9.29795
3464	9.29795
3465	9.31581
3466	9.29795
3467	9.29795
3468	9.29795
3469	9.29795
3470	9.29795
3471	9.29795
3472	9.29795
3473	9.29795
3474	9.29795
3475	9.29795
3476	9.29795
3477	9.29795
3478	9.36097
3479	11.1947
3480	10.8268
3481	10.4327
3482	12.2663
3483	11.7621
3484	11.0822
3485	10.2771
3486	9.74355
3487	9.52221
3488	9.39246
3489	9.33296
3490	9.35527
3491	9.29795
3492	9.29795
3493	9.29795
3494	9.29795
3495	9.29795
3496	9.29795
3497	9.29795
3498	9.29795
3499	9.29795
3500	9.29795
3501	9.29795
3502	9.29795
3503	11.1791
3504	11.0906
3505	11.0349
3506	9.9647
3507	9.44579
3508	9.35647
3509	9.30296
3510	9.29795
3511	9.29795
3512	9.29795
3513	9.29795
3514	9.29795
3515	9.30826
3516	9.29795
3517	9.29795
3518	9.31217
3519	9.29795
3520	9.29795
3521	9.29865
3522	9.32271
3523	11.2549
3524	10.5043
3525	10.2919
3526	9.78922
3527	9.33803
3528	11.0987
3529	10.9408
3530	9.79536
3531	9.62986
3532	9.39002
3533	9.33378
3534	9.34896
3535	9.31904
3536	9.29873
3537	9.29795
3538	9.30582
3539	9.29795
3540	9.29795
3541	9.29795
3542	9.29795
3543	9.29795
3544	9.29795
3545	9.29795
3546	9.29795
3547	9.29795
3548	9.29795
3549	9.29795
3550	9.29795
3551	9.29795
3552	9.29795
3553	9.29795
3554	9.29795
3555	9.29795
3556	11.1953
3557	10.7159
3558	9.98846
3559	9.71074
3560	9.84937
3561	9.6321
3562	9.46607
3563	9.32447
3564	9.29795
3565	9.29795
3566	9.29795
3567	9.29795
3568	9.29795
3569	9.29795
3570	9.29795
3571	9.29795
3572	11.0223
3573	10.579
3574	10.1576
3575	9.60128
3576	11.7043
3577	10.9387
3578	10.5943
3579	10.0534
3580	9.54334
3581	9.45981
3582	9.40556
3583	9.31782
3584	9.29799
3585	9.29795
3586	9.29795
3587	9.29795
3588	11.3153
3589	11.2035
3590	10.4008
3591	10.0255
3592	9.43165
3593	9.34351
3594	9.30677
3595	9.29795
3596	9.29795
3597	9.29795
3598	9.29795
3599	9.29795
3600	9.31087
3601	9.29795
3602	9.29795
3603	9.29795
3604	9.29795
3605	9.29795
3606	9.29795
3607	9.29795
3608	9.29795
3609	9.29795
3610	9.29795
3611	9.29795
3612	9.29795
3613	9.29795
3614	9.32561
3615	9.30649
3616	9.29795
3617	10.9649
3618	10.241
3619	9.77715
3620	11.6041
3621	11.2824
3622	10.878
3623	10.2048
3624	9.48127
3625	9.37036
3626	9.31936
3627	9.36159
3628	9.30131
3629	9.29795
3630	9.29795
3631	9.29795
3632	9.29795
3633	9.29795
3634	9.29795
3635	10.7877
3636	10.7605
3637	10.3778
3638	9.55995
3639	9.66606
3640	9.30399
3641	9.29795
3642	9.29795
3643	9.29795
3644	11.2076
3645	12.6827
3646	12.0508
3647	11.1266
3648	10.1906
3649	11.7261
3650	11.5354
3651	11.0387
3652	10.8801
3653	10.2876
3654	9.54214
3655	9.37437
3656	9.42523
3657	9.31264
3658	9.29795
3659	9.29795
3660	11.1237
3661	10.9419
3662	9.97486
3663	9.99343
3664	11.7489
3665	11.4458
3666	10.9198
3667	12.853
3668	12.3358
3669	11.868
3670	11.0693
3671	10.1073
3672	9.99675
3673	9.81065
3674	9.76945
3675	9.76534
3676	9.7603
3677	9.75966
3678	9.85393
3679	9.76133
3680	9.71603
3681	11.6097
3682	10.8586
3683	11.9757
3684	11.1598
3685	9.9558
3686	9.59083
3687	9.51548
3688	9.38128
3689	9.31577
3690	11.3265
3691	10.9094
3692	10.2762
3693	9.69279
3694	9.48686
3695	9.39211
3696	9.36335
3697	9.29795
3698	9.29795
3699	9.29795
3700	9.29795
3701	9.29795
3702	11.0435
3703	10.6076
3704	10.1096
3705	9.63428
3706	9.52115
3707	9.31155
3708	9.34995
3709	10.9006
3710	11.1577
3711	10.9078
3712	10.9181
3713	10.2056
3714	9.77167
3715	9.54548
3716	9.29795
3717	9.29795
3718	9.29818
3719	9.29795
3720	9.29795
3721	9.29795
3722	9.29795
3723	9.29795
3724	9.29795
3725	9.29795
3726	9.29795
3727	9.29795
3728	9.29795
3729	9.29795
3730	11.1568
3731	10.5023
3732	9.84166
3733	9.55944
3734	9.43539
3735	9.29795
3736	9.29795
3737	9.29795
3738	9.29795
3739	9.29795
3740	9.29795
3741	11.4686
3742	10.8502
3743	10.0033
3744	9.7739
3745	9.56031
3746	9.4685
3747	9.38141
3748	9.42828
3749	9.32013
3750	9.29795
3751	9.29795
3752	9.29795
3753	9.29795
3754	9.29795
3755	9.29795
3756	9.29795
3757	9.29795
3758	9.32815
3759	9.29795
3760	9.29795
3761	9.29795
3762	9.29795
3763	9.29795
3764	9.29795
3765	9.32282
3766	9.30582
3767	9.29795
3768	10.8836
3769	10.8473
3770	10.6542
3771	9.91606
3772	9.73251
3773	9.56437
3774	9.38466
3775	9.29795
3776	9.29795
3777	11.1178
3778	10.9359
3779	11.3216
3780	11.0315
3781	10.7417
3782	10.1868
3783	9.6909
3784	9.41126
3785	9.30098
3786	11.5939
3787	12.0603
3788	11.7517
3789	11.0417
3790	10.4921
3791	9.83146
3792	9.44188
3793	9.33754
3794	9.29828
3795	9.31028
3796	9.29795
3797	9.29795
3798	9.29795
3799	9.29795
3800	9.29795
3801	9.29795
3802	9.40609
3803	9.39013
3804	9.29795
3805	11.1315
3806	10.6271
3807	10.2449
3808	9.87264
3809	9.62295
3810	9.30112
3811	9.29795
3812	9.29795
3813	9.29795
3814	9.29795
3815	9.29795
3816	9.29795
3817	11.1849
3818	11.0946
3819	13.209
3820	13.0143
3821	12.4849
3822	11.7523
3823	11.4359
3824	10.6394
3825	9.99333
3826	9.39401
3827	9.36233
3828	9.29795
3829	11.1216
3830	10.775
3831	10.2754
3832	9.63589
3833	9.31589
3834	9.303
3835	9.31875
3836	9.3277
3837	9.34066
3838	9.29795
3839	9.29795
3840	9.29795
3841	9.29795
3842	9.29795
3843	9.29795
3844	9.29795
3845	9.29795
3846	9.29795
3847	9.29795
3848	9.29795
3849	9.29795
3850	9.29795
3851	9.29795
3852	9.29795
3853	9.29799
3854	9.29795
3855	9.29802
3856	9.29795
3857	9.29795
3858	9.29795
3859	9.29795
3860	9.29795
3861	9.29795
3862	9.29795
3863	11.2458
3864	10.9976
3865	10.2765
3866	12.8198
3867	12.5556
3868	12.0907
3869	11.7058
3870	10.9884
3871	10.7322
3872	10.3202
3873	10.0856
3874	10.074
3875	10.074
3876	12.0028
3877	11.9159
3878	10.9704
3879	10.5446
3880	10.1098
3881	10.0447
3882	10.0389
3883	10.0424
3884	10.0396
3885	10.0389
3886	10.0458
3887	10.0389
3888	12.0316
3889	11.8076
3890	11.2115
3891	11.5822
3892	10.502
3893	10.5576
3894	10.4263
3895	10.0389
3896	10.0389
3897	10.0389
3898	10.0389
3899	10.0483
3900	10.0389
3901	10.0389
3902	10.0389
3903	10.0389
3904	10.0389
3905	10.0389
3906	10.0389
3907	10.0389
3908	10.0389
3909	10.0575
3910	10.0375
3911	10.0371
3912	10.0579
3913	12.3264
3914	12.2423
3915	11.6627
3916	10.9768
3917	10.8829
3918	11.4811
3919	10.9283
3920	10.8335
3921	10.6632
3922	10.5574
3923	9.99577
3924	9.9698
3925	11.8927
3926	11.7804
3927	10.7162
3928	10.2476
3929	9.62528
3930	9.36331
3931	9.32402
3932	9.32243
3933	9.31984
3934	9.33987
3935	9.311
3936	9.30705
3937	9.30705
3938	9.30705
3939	9.30705
3940	9.30705
3941	9.30705
3942	9.30705
3943	9.30705
3944	9.30705
3945	9.30705
3946	9.30705
3947	9.30705
3948	11.1435
3949	10.8477
3950	10.5749
3951	10.1462
3952	9.92967
3953	9.51271
3954	11.176
3955	11.148
3956	10.3481
3957	9.85269
3958	9.87604
3959	9.70249
3960	9.33158
3961	9.30705
3962	9.30705
3963	9.30705
3964	10.9942
3965	10.8729
3966	10.1415
3967	9.98259
3968	9.49648
3969	9.32894
3970	9.31309
3971	9.32295
3972	9.30705
3973	9.30705
3974	9.30705
3975	9.30705
3976	9.32145
3977	9.30705
3978	9.30705
3979	9.30705
3980	9.30705
3981	9.30705
3982	9.30705
3983	9.32788
3984	9.67779
3985	10.0602
3986	9.7438
3987	9.45169
3988	9.39715
3989	9.31074
3990	11.1677
3991	10.8903
3992	10.5119
3993	9.93378
3994	9.71607
3995	9.48871
3996	9.37286
3997	9.31338
3998	9.35527
3999	9.30705
4000	9.30705
