1	31.2548
2	29.9693
3	28.7947
4	27.9756
5	27.4016
6	27.2792
7	26.4033
8	25.6476
9	24.9131
10	24.4303
11	23.7141
12	23.1666
13	22.6971
14	22.0741
15	21.6887
16	21.4258
17	21.0357
18	20.8714
19	20.6523
20	20.4804
21	20.3508
22	20.277
23	20.1743
24	19.991
25	19.7251
26	19.5719
27	19.3894
28	19.2973
29	20.3875
30	20.2716
31	19.0648
32	18.6985
33	18.5161
34	17.7858
35	17.5624
36	17.4949
37	17.4329
38	17.2937
39	17.0508
40	16.9189
41	16.8124
42	16.7743
43	16.7412
44	16.6646
45	16.5405
46	16.4954
47	16.4605
48	16.4229
49	16.4086
50	16.1893
51	15.8619
52	15.7632
53	15.6336
54	15.4459
55	15.2059
56	15.1331
57	15.1359
58	15.1175
59	15.1607
60	15.193
61	15.0838
62	14.928
63	15.0594
64	15.0239
65	14.7978
66	14.676
67	14.4262
68	14.1749
69	14.0271
70	13.8296
71	13.6041
72	13.472
73	13.3552
74	13.2944
75	13.2175
76	13.0408
77	14.4128
78	13.8704
79	13.4538
80	13.5421
81	13.0352
82	13.2243
83	12.932
84	14.4851
85	14.3679
86	13.7396
87	13.5515
88	12.809
89	12.4802
90	12.0585
91	11.9612
92	11.913
93	11.8722
94	11.8346
95	11.8346
96	11.8346
97	11.8346
98	11.8403
99	11.84
100	13.6632
101	13.0876
102	12.508
103	12.0037
104	11.6502
105	11.4648
106	11.3681
107	11.3625
108	11.3625
109	11.3625
110	11.3625
111	11.3625
112	11.3625
113	11.3625
114	11.3625
115	11.3716
116	11.3625
117	13.0886
118	13.0536
119	12.6469
120	12.2875
121	11.5271
122	11.5391
123	11.4685
124	11.3929
125	11.389
126	11.3683
127	11.3625
128	11.3625
129	11.3691
130	11.3681
131	11.3625
132	11.3625
133	11.3625
134	11.3625
135	11.3625
136	11.3625
137	11.3625
138	11.3625
139	11.3625
140	11.3625
141	11.3625
142	11.3625
143	11.3625
144	11.3625
145	11.3625
146	13.0355
147	12.1755
148	11.907
149	11.6392
150	11.4588
151	11.3748
152	11.3672
153	11.3683
154	11.3671
155	11.3625
156	11.3625
157	11.3625
158	11.3625
159	11.3625
160	11.3625
161	11.3625
162	11.3625
163	11.3625
164	11.3625
165	11.3625
166	11.3625
167	11.3625
168	11.3625
169	11.3625
170	11.3625
171	11.3625
172	11.3625
173	11.3625
174	11.3625
175	11.3625
176	11.3639
177	11.3625
178	11.3625
179	11.3625
180	11.4227
181	11.3625
182	11.3625
183	11.3625
184	11.3625
185	11.3625
186	11.3697
187	11.3625
188	11.3625
189	11.3625
190	11.3626
191	11.3625
192	11.3625
193	11.3625
194	11.3625
195	11.3625
196	11.3625
197	11.3625
198	11.3597
199	11.3597
200	11.357
201	11.423
202	11.3967
203	11.5515
204	13.3053
205	13.2522
206	12.9297
207	12.4558
208	12.2179
209	11.7347
210	11.3242
211	11.3446
212	11.2123
213	11.1726
214	11.0571
215	11.0056
216	10.8846
217	10.7607
218	10.6575
219	10.5924
220	10.6052
221	10.5488
222	10.4975
223	10.4424
224	10.4147
225	10.4147
226	10.4147
227	10.4147
228	10.4147
229	10.4147
230	10.4147
231	10.4143
232	10.4131
233	10.4086
234	10.402
235	10.3969
236	12.0294
237	12.0348
238	11.3031
239	10.8645
240	10.5249
241	10.465
242	10.3466
243	10.3057
244	10.3084
245	10.3088
246	10.3023
247	10.306
248	10.3023
249	10.3023
250	12.0819
251	11.7142
252	11.7124
253	10.8391
254	10.3249
255	10.3056
256	10.3023
257	10.3013
258	10.2909
259	10.2713
260	10.2579
261	10.2507
262	10.2511
263	10.2507
264	10.2507
265	10.2507
266	10.2509
267	10.2507
268	10.2507
269	12.4107
270	11.6881
271	13.0483
272	12.4798
273	11.817
274	11.2839
275	10.7049
276	10.2001
277	10.1996
278	10.1996
279	10.1996
280	10.1996
281	10.1996
282	10.1996
283	10.1996
284	10.1996
285	10.1996
286	10.1996
287	10.1996
288	10.1996
289	10.1996
290	10.1996
291	10.1996
292	10.1996
293	10.1996
294	10.1996
295	11.4817
296	10.7299
297	12.5954
298	11.7961
299	11.4732
300	10.9597
301	10.6623
302	10.3918
303	10.3963
304	10.2019
305	10.2071
306	10.2034
307	10.1996
308	10.1996
309	10.1996
310	10.1996
311	10.1996
312	10.2019
313	12.0373
314	11.7002
315	11.0515
316	10.7852
317	10.3847
318	10.2196
319	12.1078
320	11.8687
321	10.9688
322	10.6684
323	10.4917
324	10.2144
325	10.1996
326	10.1996
327	10.2001
328	10.1996
329	10.1996
330	11.856
331	11.6561
332	11.0747
333	12.9014
334	11.8221
335	11.425
336	10.885
337	10.8167
338	10.5556
339	10.0905
340	9.95669
341	9.95005
342	9.95005
343	9.95005
344	9.95005
345	9.95005
346	9.95005
347	9.95005
348	9.95005
349	9.95005
350	9.95005
351	9.95005
352	9.95005
353	9.9724
354	9.95005
355	9.95005
356	9.95005
357	9.95005
358	9.95005
359	9.95005
360	9.95005
361	9.95005
362	11.4455
363	10.8614
364	10.5376
365	10.0816
366	9.97142
367	9.97799
368	9.95005
369	9.95005
370	9.95005
371	9.95005
372	9.95005
373	9.99238
374	9.95142
375	9.95009
376	9.95005
377	9.95005
378	9.95005
379	9.95005
380	9.95005
381	9.95005
382	9.95005
383	9.95005
384	9.95005
385	9.95005
386	9.95005
387	9.95005
388	9.95005
389	9.95005
390	9.95839
391	9.95005
392	9.95005
393	9.98108
394	9.98755
395	11.7752
396	11.1248
397	10.6175
398	9.99878
399	9.95005
400	9.95005
401	9.95005
402	9.95005
403	11.6407
404	11.6432
405	11.1217
406	10.4709
407	10.3027
408	10.0504
409	9.9569
410	11.8513
411	11.5184
412	11.1224
413	10.6431
414	10.1505
415	10.0811
416	9.95005
417	9.95005
418	9.99937
419	9.96099
420	9.96585
421	9.95005
422	9.95005
423	9.95005
424	9.95005
425	9.95005
426	9.95005
427	9.95005
428	9.95005
429	9.95005
430	9.95005
431	9.95005
432	9.95005
433	9.95005
434	9.95005
435	9.95005
436	11.6893
437	11.5528
438	11.1699
439	10.4723
440	10.3965
441	9.96135
442	9.95005
443	9.95005
444	9.95005
445	9.95005
446	9.95005
447	9.95005
448	9.95005
449	9.9502
450	9.95005
451	9.9502
452	9.95005
453	9.95005
454	9.95005
455	9.95005
456	9.95005
457	9.95005
458	9.96136
459	9.97067
460	9.95005
461	9.95005
462	9.95005
463	9.95005
464	9.95005
465	9.95005
466	9.95005
467	9.9502
468	9.95005
469	9.95005
470	9.95005
471	9.95005
472	9.95005
473	9.95242
474	9.95005
475	9.95005
476	9.95005
477	9.95005
478	9.95005
479	9.95005
480	9.95005
481	9.95005
482	9.95005
483	9.95005
484	9.95005
485	9.95005
486	9.95005
487	9.95005
488	9.95005
489	9.95005
490	9.95009
491	9.95005
492	9.95005
493	9.9502
494	9.95289
495	11.9105
496	11.6981
497	11.7058
498	13.0515
499	12.3099
500	11.9024
501	11.4016
502	11.2103
503	10.4536
504	10.2315
505	10.1477
506	10.1158
507	9.95038
508	9.95016
509	9.95005
510	9.95005
511	9.95005
512	9.95039
513	9.95005
514	9.95005
515	9.95005
516	9.95005
517	9.95005
518	9.99976
519	9.9984
520	9.99381
521	9.95005
522	9.95049
523	9.95027
524	9.95005
525	9.95005
526	9.95005
527	9.95005
528	9.97387
529	9.95016
530	9.95791
531	9.95223
532	9.95005
533	9.95005
534	9.95005
535	9.95005
536	9.95016
537	11.294
538	13.2298
539	12.8817
540	12.7812
541	11.7762
542	11.2338
543	10.7568
544	10.6961
545	10.413
546	10.3786
547	10.2537
548	10.0544
549	10.0546
550	10.0566
551	10.0544
552	10.0544
553	11.7087
554	13.5027
555	12.6649
556	12.5818
557	13.7118
558	12.7461
559	13.856
560	12.5449
561	11.5541
562	11.1831
563	11.3876
564	10.4887
565	10.361
566	10.362
567	10.2596
568	9.99436
569	10.0793
570	9.97535
571	9.9351
572	9.92906
573	9.92723
574	9.92081
575	9.89846
576	9.86946
577	9.8486
578	9.8486
579	9.8486
580	9.8486
581	9.8486
582	9.85067
583	9.87903
584	9.8486
585	9.8486
586	9.8486
587	9.8486
588	9.8486
589	9.8486
590	9.8486
591	9.8486
592	9.8486
593	9.8486
594	9.8486
595	9.8486
596	9.8486
597	9.8486
598	9.8486
599	9.8486
600	9.8486
601	9.8486
602	9.8486
603	9.84832
604	9.84688
605	9.84401
606	9.84344
607	9.83958
608	9.8461
609	9.84195
610	12.1388
611	11.9411
612	11.4168
613	10.9253
614	10.4518
615	10.0564
616	9.83426
617	9.83426
618	9.83426
619	9.83426
620	9.83426
621	9.83426
622	9.83426
623	9.83426
624	11.5674
625	11.0503
626	10.3763
627	10.2257
628	9.98628
629	9.83437
630	9.83437
631	9.83426
632	9.83426
633	9.83426
634	9.83426
635	9.83426
636	9.83426
637	9.83426
638	9.83426
639	9.83426
640	9.83426
641	9.83426
642	11.6883
643	11.1807
644	10.3857
645	10.2727
646	10.1124
647	9.87378
648	9.8424
649	9.83426
650	9.83426
651	9.83426
652	9.83529
653	9.83426
654	9.83426
655	9.83426
656	9.83426
657	9.83426
658	9.83426
659	9.83426
660	9.83426
661	9.83426
662	9.83426
663	9.83426
664	11.2857
665	11.2919
666	10.9827
667	10.3954
668	10.0971
669	9.89152
670	9.85284
671	9.84685
672	9.83426
673	9.84045
674	9.83865
675	9.83979
676	9.84564
677	10.0391
678	9.85113
679	9.83426
680	9.83426
681	9.83426
682	9.83426
683	9.83426
684	9.83426
685	9.83426
686	9.83426
687	9.83426
688	9.83426
689	9.83426
690	9.83426
691	9.83426
692	11.5232
693	11.2163
694	11.5027
695	11.3406
696	13.0126
697	12.1699
698	11.5023
699	11.0017
700	10.3272
701	10.1291
702	9.91058
703	9.83426
704	9.83426
705	9.83426
706	9.83426
707	9.83426
708	9.83426
709	9.83426
710	9.85842
711	9.83429
712	9.83429
713	9.83426
714	9.83426
715	9.83426
716	9.83426
717	9.83426
718	9.83426
719	9.83426
720	9.83426
721	9.83426
722	9.83426
723	9.83426
724	9.83426
725	9.83452
726	9.83426
727	9.83796
728	9.83426
729	9.83426
730	9.83426
731	9.83426
732	9.83426
733	9.83426
734	9.83426
735	9.83426
736	9.83426
737	9.83426
738	9.83437
739	9.83426
740	9.83426
741	9.83426
742	9.83426
743	9.84155
744	9.86383
745	9.83426
746	11.6877
747	11.4683
748	11.2388
749	10.875
750	10.5412
751	10.2928
752	9.92748
753	9.85603
754	9.86431
755	9.83426
756	9.83426
757	9.83426
758	11.7814
759	10.7775
760	10.5951
761	10.3123
762	10.2112
763	9.87854
764	9.84068
765	9.8513
766	9.83426
767	9.83426
768	9.83426
769	9.83426
770	9.83426
771	9.83426
772	9.83426
773	9.83426
774	9.83426
775	9.83448
776	10.1404
777	10.0459
778	9.97527
779	9.84773
780	11.8184
781	11.6462
782	11.5494
783	10.4806
784	10.0181
785	9.88016
786	9.84003
787	9.83426
788	9.83426
789	9.83426
790	9.8658
791	9.91562
792	9.83433
793	9.83426
794	9.83426
795	9.83429
796	9.83426
797	9.83426
798	9.83426
799	9.83426
800	9.83749
801	9.83426
802	9.83426
803	9.83426
804	9.83426
805	9.83426
806	9.83426
807	9.83426
808	9.83426
809	9.83426
810	9.83426
811	9.83426
812	9.83643
813	9.86798
814	12.1354
815	11.5813
816	10.8106
817	10.1317
818	9.91169
819	11.7088
820	11.5394
821	11.1947
822	10.6434
823	10.4355
824	12.2316
825	12.7268
826	12.0875
827	11.4505
828	10.9252
829	10.6134
830	10.1227
831	10.1867
832	9.96144
833	9.86057
834	9.83426
835	9.83426
836	9.83426
837	9.83426
838	9.83426
839	9.83426
840	9.83426
841	9.83426
842	9.83426
843	9.83426
844	9.83426
845	9.83426
846	9.83426
847	9.83426
848	9.83426
849	9.83426
850	9.83426
851	9.83767
852	9.86018
853	9.84332
854	9.83426
855	9.83426
856	9.83426
857	9.83426
858	9.83426
859	9.83426
860	9.83426
861	9.83426
862	9.83426
863	9.83341
864	9.83086
865	9.82151
866	9.81725
867	9.80539
868	9.80028
869	9.79175
870	9.79175
871	9.79175
872	9.79175
873	9.79175
874	9.79175
875	9.79082
876	11.4867
877	11.3309
878	10.9668
879	10.2886
880	10.3434
881	9.97051
882	9.76415
883	9.75359
884	9.74708
885	9.74522
886	11.6659
887	11.2056
888	10.6773
889	10.5395
890	10.1574
891	9.98041
892	9.76018
893	9.75446
894	9.74522
895	9.74522
896	9.74522
897	9.74522
898	9.74522
899	9.74522
900	9.74522
901	9.74522
902	9.74522
903	9.74522
904	9.74522
905	9.74522
906	9.74522
907	9.74522
908	9.74522
909	9.74522
910	9.74522
911	9.74522
912	11.3859
913	10.8674
914	10.4802
915	10.3344
916	10.067
917	9.76084
918	9.74522
919	9.74522
920	9.74522
921	9.74522
922	9.74522
923	9.74522
924	9.74522
925	9.74522
926	9.74522
927	9.74522
928	9.74522
929	9.74522
930	9.74522
931	9.74522
932	9.74522
933	11.7824
934	11.4864
935	10.8347
936	10.5149
937	10.3119
938	9.87951
939	9.75386
940	9.76205
941	9.74522
942	9.74522
943	9.74522
944	9.74522
945	9.74525
946	9.84295
947	9.79331
948	9.81767
949	11.6979
950	10.995
951	10.649
952	10.1914
953	10.1882
954	9.90888
955	10.0017
956	9.84119
957	9.75634
958	9.74522
959	11.3636
960	11.1339
961	10.8525
962	10.2074
963	9.82886
964	9.78224
965	9.75965
966	9.74522
967	9.74522
968	9.74522
969	9.74522
970	9.74522
971	9.74522
972	9.77095
973	9.75579
974	9.74522
975	9.74522
976	9.74522
977	9.74522
978	9.74522
979	9.74522
980	9.74522
981	9.74522
982	9.74522
983	9.74522
984	9.74522
985	9.74522
986	9.74522
987	9.74522
988	9.74522
989	9.74522
990	9.74522
991	9.74522
992	9.74522
993	9.74522
994	9.75786
995	9.74522
996	9.74643
997	9.74522
998	9.74522
999	9.74522
1000	9.74522
1001	11.5124
1002	12.5329
1003	12.0357
1004	10.8994
1005	10.3215
1006	10.0639
1007	9.7731
1008	9.77228
1009	9.74821
1010	9.74522
1011	9.74522
1012	9.74522
1013	9.74522
1014	9.74522
1015	11.7292
1016	11.3849
1017	10.9947
1018	10.7274
1019	10.3278
1020	12.1111
1021	11.6862
1022	10.2033
1023	9.93035
1024	10.0046
1025	9.77908
1026	9.95939
1027	9.86926
1028	9.80058
1029	9.78977
1030	9.75489
1031	9.77885
1032	9.81549
1033	9.77884
1034	11.7628
1035	11.5345
1036	10.9717
1037	10.2612
1038	9.82645
1039	9.77568
1040	9.78007
1041	9.7643
1042	9.78817
1043	9.78536
1044	9.74739
1045	9.79711
1046	9.74522
1047	9.74522
1048	9.74522
1049	9.74522
1050	9.74522
1051	9.74522
1052	9.74522
1053	9.74522
1054	9.74522
1055	11.6859
1056	10.872
1057	10.286
1058	10.008
1059	9.79962
1060	9.74522
1061	11.4939
1062	11.1815
1063	11.1535
1064	10.5034
1065	10.2859
1066	10.0382
1067	12.0562
1068	12.1364
1069	11.573
1070	10.8808
1071	10.7225
1072	10.236
1073	10.2052
1074	10.0261
1075	9.8051
1076	9.74522
1077	9.74522
1078	9.74522
1079	9.74522
1080	9.74522
1081	9.74522
1082	9.74522
1083	9.74522
1084	9.74522
1085	9.74522
1086	9.74641
1087	9.74522
1088	9.7474
1089	9.74522
1090	9.74522
1091	9.75666
1092	9.74522
1093	9.74522
1094	9.74522
1095	9.74522
1096	11.0898
1097	10.7225
1098	12.6122
1099	12.2186
1100	11.8242
1101	11.2938
1102	10.8348
1103	10.236
1104	9.91403
1105	9.88008
1106	9.8418
1107	9.84071
1108	9.83021
1109	9.82544
1110	9.82425
1111	9.82436
1112	9.83288
1113	9.82425
1114	9.82425
1115	9.82518
1116	9.82458
1117	12.002
1118	11.5243
1119	11.0333
1120	10.7073
1121	9.79135
1122	9.50275
1123	9.42354
1124	9.40543
1125	9.37891
1126	11.6147
1127	11.2957
1128	10.6444
1129	10.2199
1130	9.88322
1131	9.39825
1132	10.9544
1133	10.7876
1134	10.5232
1135	9.68236
1136	9.56855
1137	9.49803
1138	9.63723
1139	9.38208
1140	11.3499
1141	13.5209
1142	12.5094
1143	12.1107
1144	11.6774
1145	10.942
1146	10.8905
1147	10.1778
1148	10.0453
1149	9.62985
1150	9.61778
1151	9.61778
1152	9.61778
1153	9.61778
1154	9.61778
1155	9.61778
1156	9.61778
1157	9.61778
1158	9.61778
1159	9.61778
1160	9.61778
1161	9.61778
1162	9.61778
1163	9.61778
1164	9.61778
1165	9.61778
1166	9.61778
1167	9.61778
1168	9.62067
1169	9.61778
1170	9.61778
1171	9.61778
1172	9.61778
1173	9.61778
1174	9.61778
1175	9.61778
1176	9.61778
1177	9.61778
1178	9.61778
1179	9.61778
1180	11.5115
1181	11.4928
1182	10.6207
1183	12.5297
1184	12.5824
1185	11.9328
1186	10.9166
1187	10.3077
1188	10.0405
1189	9.70585
1190	9.61778
1191	9.61778
1192	9.61778
1193	9.61778
1194	9.618
1195	9.61778
1196	9.61778
1197	9.61778
1198	9.61778
1199	9.61778
1200	9.61778
1201	9.61778
1202	11.2577
1203	11.6517
1204	10.9655
1205	10.7201
1206	10.3637
1207	10.0926
1208	11.6884
1209	11.4505
1210	10.9355
1211	10.3084
1212	9.7162
1213	9.64456
1214	9.7198
1215	9.64012
1216	9.61778
1217	9.61778
1218	9.61778
1219	9.61778
1220	9.61778
1221	9.61778
1222	9.61778
1223	9.61778
1224	9.61778
1225	9.61778
1226	9.61778
1227	9.61778
1228	9.61778
1229	9.61778
1230	11.1444
1231	12.8235
1232	11.7394
1233	12.2672
1234	11.4619
1235	10.9956
1236	10.0823
1237	10.2938
1238	9.96023
1239	9.41178
1240	9.40176
1241	9.37913
1242	9.43735
1243	9.38309
1244	9.37946
1245	9.41464
1246	9.37891
1247	9.37891
1248	9.37891
1249	9.37891
1250	9.37891
1251	9.37891
1252	9.46975
1253	9.43679
1254	9.37891
1255	9.37891
1256	9.41519
1257	9.38882
1258	9.3895
1259	9.37891
1260	9.37891
1261	9.37891
1262	9.37891
1263	9.37891
1264	9.37891
1265	9.37891
1266	9.37891
1267	9.37891
1268	9.37891
1269	9.37891
1270	9.37891
1271	9.37891
1272	9.37891
1273	9.37891
1274	9.37891
1275	9.37891
1276	11.2343
1277	10.9773
1278	10.6596
1279	10.0113
1280	9.45672
1281	11.4818
1282	10.957
1283	10.6052
1284	9.97698
1285	9.92414
1286	9.51714
1287	9.41651
1288	9.47181
1289	9.37891
1290	9.37891
1291	11.3412
1292	11.4978
1293	10.7372
1294	10.1243
1295	9.57282
1296	9.43137
1297	9.37913
1298	9.37891
1299	9.37891
1300	9.37891
1301	9.37891
1302	9.37891
1303	9.37891
1304	9.37891
1305	9.37891
1306	9.37891
1307	9.37891
1308	9.37894
1309	9.37891
1310	9.37891
1311	9.37891
1312	9.37891
1313	9.37891
1314	9.37891
1315	9.37891
1316	9.37891
1317	9.37891
1318	9.37891
1319	9.37891
1320	9.37891
1321	9.37891
1322	9.37891
1323	9.37891
1324	9.37891
1325	9.37891
1326	9.37891
1327	9.37891
1328	9.37891
1329	9.37891
1330	9.37894
1331	11.3724
1332	10.4375
1333	9.63097
1334	9.60748
1335	9.51375
1336	9.37891
1337	9.44555
1338	9.42497
1339	9.37894
1340	9.37891
1341	9.37891
1342	9.37891
1343	9.37891
1344	9.37891
1345	10.978
1346	10.4142
1347	10.0958
1348	9.72235
1349	9.46324
1350	9.37924
1351	9.37891
1352	9.37891
1353	9.37891
1354	9.37891
1355	9.37891
1356	9.37891
1357	9.37891
1358	9.37891
1359	9.37891
1360	11.2655
1361	11.1235
1362	10.9984
1363	11.1073
1364	10.4067
1365	9.98431
1366	9.75454
1367	9.39268
1368	9.37891
1369	9.37891
1370	11.2264
1371	11.0124
1372	10.6493
1373	9.68835
1374	9.41575
1375	9.37891
1376	9.37891
1377	9.37891
1378	9.37891
1379	9.37891
1380	9.39017
1381	9.37891
1382	9.37891
1383	9.37891
1384	9.37891
1385	11.022
1386	11.0137
1387	10.7407
1388	10.1893
1389	9.7675
1390	9.73072
1391	9.43853
1392	9.41924
1393	9.40403
1394	9.37891
1395	9.37891
1396	9.37891
1397	9.37891
1398	9.37891
1399	9.37891
1400	9.37891
1401	11.2016
1402	11.3068
1403	10.3671
1404	9.51945
1405	9.44082
1406	9.37891
1407	9.37891
1408	9.37891
1409	9.37891
1410	9.37891
1411	9.37891
1412	10.7779
1413	10.0099
1414	9.8697
1415	9.46415
1416	9.39457
1417	9.39974
1418	9.37891
1419	9.37891
1420	9.37891
1421	9.37891
1422	9.37891
1423	11.5392
1424	10.9223
1425	10.4151
1426	10.2529
1427	9.72055
1428	11.5029
1429	11.4702
1430	10.8369
1431	12.6982
1432	12.3064
1433	11.7612
1434	10.6386
1435	10.0149
1436	9.53416
1437	9.39555
1438	9.37891
1439	9.37891
1440	9.39065
1441	9.37891
1442	9.42843
1443	9.43748
1444	9.41962
1445	11.7949
1446	11.81
1447	11.7187
1448	10.5232
1449	10.2223
1450	9.80905
1451	11.9541
1452	12.8568
1453	12.1302
1454	11.9477
1455	11.2538
1456	10.388
1457	10.2761
1458	9.96627
1459	9.89471
1460	9.89471
1461	9.89471
1462	9.89471
1463	9.89471
1464	9.89471
1465	9.89471
1466	9.89471
1467	9.89068
1468	9.85449
1469	9.8132
1470	9.76209
1471	9.71759
1472	9.6903
1473	11.6473
1474	11.6556
1475	11.0752
1476	11.1169
1477	10.8923
1478	10.3892
1479	12.6124
1480	11.8054
1481	11.2636
1482	10.9519
1483	9.80374
1484	9.59349
1485	9.54004
1486	9.52578
1487	9.51064
1488	9.49136
1489	9.4831
1490	9.46795
1491	9.46795
1492	9.46795
1493	9.46795
1494	9.46795
1495	9.46795
1496	9.46795
1497	9.46795
1498	9.46795
1499	9.46795
1500	9.46795
1501	9.46795
1502	9.46795
1503	9.46795
1504	9.46795
1505	9.46795
1506	9.47212
1507	9.46817
1508	9.46817
1509	9.47437
1510	9.46828
1511	9.46795
1512	9.46795
1513	9.46795
1514	9.46795
1515	9.46795
1516	9.46795
1517	9.46795
1518	9.46795
1519	9.46795
1520	9.46795
1521	9.46795
1522	9.46795
1523	11.2593
1524	11.4705
1525	10.5337
1526	9.97205
1527	9.57167
1528	9.57481
1529	9.51982
1530	9.48849
1531	9.46799
1532	9.46795
1533	9.46795
1534	9.46795
1535	9.46795
1536	9.46795
1537	9.46832
1538	9.46813
1539	9.46795
1540	9.46795
1541	9.46795
1542	9.47064
1543	9.46828
1544	9.46795
1545	9.46795
1546	9.48479
1547	9.46795
1548	9.46795
1549	9.46795
1550	9.46795
1551	9.46795
1552	9.46795
1553	9.46795
1554	9.46795
1555	9.46795
1556	9.46795
1557	9.46795
1558	9.46795
1559	9.46795
1560	9.46795
1561	9.46795
1562	9.46795
1563	9.46795
1564	9.46795
1565	9.46795
1566	9.46795
1567	9.46795
1568	9.46795
1569	9.46795
1570	9.46795
1571	9.46795
1572	9.46795
1573	9.46795
1574	9.46795
1575	9.46795
1576	9.46795
1577	9.46795
1578	9.46795
1579	9.46795
1580	9.46795
1581	9.46795
1582	9.46795
1583	9.48688
1584	9.46806
1585	9.46795
1586	9.46795
1587	9.46795
1588	9.46795
1589	9.46795
1590	9.46795
1591	9.46795
1592	9.46795
1593	9.46795
1594	9.46795
1595	9.46795
1596	9.46795
1597	9.46795
1598	9.46795
1599	9.46795
1600	11.1225
1601	11.1658
1602	10.701
1603	10.2184
1604	10.0004
1605	9.66535
1606	11.2153
1607	10.7996
1608	10.4151
1609	10.2413
1610	9.81596
1611	9.69009
1612	9.5351
1613	9.46828
1614	9.46795
1615	11.4048
1616	10.715
1617	10.1445
1618	10.1978
1619	9.72607
1620	9.76914
1621	9.46795
1622	9.46828
1623	9.47301
1624	9.55464
1625	9.46795
1626	10.9473
1627	10.8712
1628	10.3851
1629	9.94115
1630	11.7054
1631	12.2069
1632	11.6944
1633	10.7454
1634	10.7596
1635	10.2322
1636	9.81265
1637	9.49273
1638	9.47126
1639	9.49366
1640	9.46795
1641	9.46795
1642	9.46795
1643	9.46795
1644	9.46795
1645	9.46802
1646	9.49083
1647	9.47053
1648	9.46795
1649	9.46795
1650	9.46795
1651	9.46795
1652	9.46795
1653	9.46795
1654	9.46795
1655	9.46795
1656	9.46795
1657	9.46795
1658	9.46795
1659	9.46795
1660	9.46795
1661	9.46795
1662	9.46795
1663	9.46795
1664	9.46795
1665	9.46795
1666	9.46795
1667	9.473
1668	9.54222
1669	9.46795
1670	11.2764
1671	11.2047
1672	12.3648
1673	11.9771
1674	10.8441
1675	10.1083
1676	9.73246
1677	9.53751
1678	11.4253
1679	11.3168
1680	11.1999
1681	10.342
1682	12.1774
1683	12.0629
1684	11.8032
1685	11.1234
1686	10.425
1687	9.82868
1688	9.51988
1689	9.46799
1690	9.46795
1691	9.46795
1692	9.46795
1693	9.46795
1694	9.46795
1695	9.46795
1696	9.46795
1697	9.46795
1698	9.46795
1699	9.47098
1700	9.46795
1701	9.48091
1702	9.46795
1703	9.46795
1704	9.46795
1705	9.46795
1706	9.46795
1707	9.54186
1708	9.46799
1709	9.46795
1710	9.46795
1711	9.47241
1712	9.46799
1713	9.46795
1714	9.46795
1715	11.3584
1716	11.2408
1717	10.656
1718	10.7295
1719	9.83781
1720	11.901
1721	11.5922
1722	10.4549
1723	9.66605
1724	9.43687
1725	9.37891
1726	9.37984
1727	9.37891
1728	9.37891
1729	9.37891
1730	9.37891
1731	9.37891
1732	9.37891
1733	9.37891
1734	9.37891
1735	9.37891
1736	11.1276
1737	10.5393
1738	10.6515
1739	10.2404
1740	9.77014
1741	9.43357
1742	9.41014
1743	9.40258
1744	9.37891
1745	11.599
1746	11.0385
1747	10.3339
1748	10.6179
1749	10.2392
1750	9.44572
1751	9.39093
1752	9.37891
1753	11.2761
1754	11.0344
1755	10.6076
1756	9.95022
1757	9.66668
1758	9.42234
1759	9.37891
1760	9.37891
1761	9.37891
1762	9.37891
1763	9.37891
1764	9.37891
1765	9.37891
1766	9.37891
1767	9.37891
1768	9.37913
1769	9.37891
1770	9.37891
1771	9.38127
1772	9.37891
1773	9.37891
1774	9.37891
1775	9.37891
1776	9.37891
1777	9.37891
1778	9.37891
1779	9.37891
1780	9.37957
1781	9.37891
1782	9.37891
1783	9.37891
1784	9.37891
1785	9.37891
1786	9.37891
1787	9.37891
1788	9.37891
1789	9.37935
1790	11.6562
1791	11.094
1792	10.9343
1793	9.83979
1794	9.40148
1795	9.37891
1796	9.37891
1797	9.37891
1798	9.37891
1799	9.37891
1800	9.40526
1801	9.42824
1802	9.38566
1803	9.39251
1804	9.37891
1805	9.37891
1806	9.37891
1807	9.37891
1808	9.37891
1809	9.37891
1810	9.37891
1811	11.2355
1812	11.2299
1813	11.0656
1814	10.5401
1815	10.0085
1816	9.95864
1817	9.43349
1818	9.37891
1819	9.37891
1820	9.37891
1821	9.37891
1822	9.37891
1823	9.37891
1824	9.37891
1825	9.37891
1826	9.37891
1827	9.37891
1828	9.37891
1829	9.37891
1830	9.37891
1831	9.37891
1832	9.37891
1833	9.37891
1834	9.37891
1835	9.37891
1836	9.37891
1837	9.37891
1838	9.37891
1839	11.0951
1840	10.7461
1841	10.0423
1842	12.398
1843	12.0865
1844	11.815
1845	11.0526
1846	10.4963
1847	10.2294
1848	9.64262
1849	9.37891
1850	9.37891
1851	9.37891
1852	9.37891
1853	9.37891
1854	9.37891
1855	9.37891
1856	9.37891
1857	9.37891
1858	9.37891
1859	9.37891
1860	9.37891
1861	9.37891
1862	9.37891
1863	9.37891
1864	10.9746
1865	11.22
1866	10.5143
1867	10.0635
1868	9.54709
1869	9.37891
1870	9.37891
1871	9.37891
1872	9.37891
1873	11.251
1874	11.5595
1875	11.2457
1876	10.965
1877	10.4439
1878	10.1686
1879	9.58411
1880	9.39105
1881	9.37891
1882	9.37891
1883	9.37891
1884	9.37891
1885	9.40698
1886	9.39923
1887	9.39424
1888	9.37891
1889	9.41546
1890	9.37891
1891	9.37891
1892	9.37891
1893	9.37891
1894	9.37891
1895	9.38681
1896	9.37891
1897	9.37891
1898	9.43048
1899	9.37891
1900	11.6497
1901	11.4841
1902	12.8062
1903	12.0386
1904	11.2008
1905	10.4836
1906	9.91968
1907	9.45677
1908	9.38149
1909	11.4966
1910	11.4253
1911	11.2208
1912	12.5305
1913	12.0998
1914	11.5455
1915	11.0011
1916	10.5377
1917	10.0158
1918	9.63452
1919	11.4176
1920	11.697
1921	11.4164
1922	10.0935
1923	9.67718
1924	9.43206
1925	9.37946
1926	9.37891
1927	9.37891
1928	11.429
1929	11.4302
1930	10.7394
1931	10.3937
1932	10.0585
1933	9.57585
1934	9.38816
1935	9.41146
1936	9.41789
1937	9.37891
1938	9.37891
1939	9.37891
1940	9.37891
1941	9.37891
1942	9.37891
1943	9.37891
1944	9.37891
1945	9.37891
1946	9.37891
1947	9.37891
1948	9.37891
1949	9.37891
1950	9.37891
1951	9.37891
1952	9.38902
1953	9.37891
1954	11.1238
1955	11.116
1956	13.1565
1957	12.7484
1958	11.8803
1959	12.8393
1960	12.7859
1961	12.0326
1962	10.2942
1963	12.1407
1964	12.0795
1965	10.9138
1966	9.81908
1967	9.98439
1968	9.44075
1969	9.43415
1970	9.4313
1971	9.42761
1972	9.42504
1973	9.42021
1974	9.42021
1975	9.42021
1976	9.42049
1977	9.42021
1978	9.4223
1979	9.42105
1980	9.42021
1981	9.42021
1982	9.42021
1983	9.42021
1984	9.42021
1985	9.42021
1986	9.42021
1987	9.42021
1988	11.2824
1989	11.7015
1990	10.7149
1991	10.1835
1992	9.63517
1993	9.41141
1994	9.41021
1995	9.40934
1996	9.40934
1997	9.40934
1998	9.40934
1999	9.40934
2000	11.1473
2001	10.6312
2002	12.0178
2003	11.3936
2004	10.6409
2005	10.3722
2006	10.4082
2007	9.88913
2008	9.44133
2009	11.4837
2010	11.6667
2011	13.2203
2012	12.3431
2013	11.8696
2014	11.6509
2015	11.2617
2016	12.5023
2017	11.9142
2018	11.304
2019	10.8432
2020	10.2546
2021	9.83927
2022	9.49706
2023	11.3552
2024	11.1042
2025	11.0897
2026	10.2331
2027	9.81747
2028	9.66084
2029	9.41027
2030	9.40934
2031	9.40934
2032	11.3755
2033	11.5526
2034	10.5336
2035	9.89785
2036	9.48189
2037	9.45267
2038	9.40934
2039	9.40934
2040	9.40934
2041	9.40934
2042	9.40934
2043	9.40934
2044	9.40934
2045	9.41717
2046	9.45393
2047	9.41189
2048	9.42027
2049	9.40934
2050	9.40934
2051	9.40934
2052	9.40934
2053	9.40934
2054	9.45136
2055	9.40934
2056	9.40934
2057	9.40934
2058	9.40934
2059	9.40934
2060	9.40934
2061	9.40934
2062	9.40934
2063	9.40953
2064	9.40934
2065	9.40934
2066	9.40934
2067	9.40934
2068	9.42551
2069	9.40934
2070	9.40934
2071	9.40934
2072	9.40934
2073	9.40953
2074	11.2069
2075	10.982
2076	10.5443
2077	9.84287
2078	9.38423
2079	9.365
2080	9.42149
2081	11.4017
2082	11.9598
2083	11.4882
2084	10.3325
2085	10.1358
2086	9.96873
2087	9.52076
2088	9.37795
2089	9.38363
2090	9.42672
2091	9.35427
2092	10.7261
2093	10.6167
2094	10.282
2095	9.66059
2096	9.45903
2097	9.36803
2098	9.37471
2099	9.35427
2100	9.35427
2101	9.35427
2102	9.35427
2103	9.35427
2104	11.1239
2105	11.3816
2106	10.708
2107	10.0749
2108	9.49366
2109	9.36211
2110	9.38491
2111	9.44441
2112	9.35427
2113	9.35427
2114	9.35427
2115	9.35427
2116	9.35427
2117	10.9104
2118	10.7101
2119	10.2097
2120	9.55523
2121	9.79956
2122	9.72219
2123	9.43226
2124	9.43743
2125	9.38489
2126	11.413
2127	10.8248
2128	10.7082
2129	12.3161
2130	12.179
2131	11.6768
2132	10.5957
2133	10.3688
2134	9.41352
2135	11.2906
2136	11.5051
2137	10.245
2138	9.70522
2139	11.6173
2140	11.5122
2141	10.5134
2142	9.67333
2143	9.37647
2144	9.35427
2145	9.35427
2146	11.2864
2147	11.8226
2148	11.3642
2149	10.3359
2150	9.85193
2151	9.49756
2152	9.35717
2153	9.35427
2154	9.35427
2155	9.35427
2156	9.35427
2157	9.35427
2158	9.35427
2159	9.35427
2160	9.35427
2161	9.35427
2162	9.35427
2163	9.35427
2164	11.2982
2165	11.152
2166	12.8888
2167	12.5714
2168	12.0028
2169	11.3938
2170	10.3484
2171	10.0706
2172	9.59955
2173	9.42371
2174	9.35427
2175	9.35427
2176	9.35427
2177	9.35427
2178	9.35427
2179	9.35427
2180	9.35427
2181	9.35427
2182	9.35427
2183	9.35427
2184	9.35427
2185	9.35427
2186	11.3589
2187	11.2943
2188	10.7517
2189	10.0194
2190	9.51378
2191	9.35427
2192	9.35427
2193	9.35427
2194	9.3611
2195	9.35427
2196	9.35427
2197	9.35427
2198	9.35427
2199	9.35427
2200	9.35427
2201	9.35427
2202	9.35427
2203	9.35427
2204	9.35427
2205	9.35427
2206	9.35427
2207	9.35427
2208	9.35427
2209	9.35427
2210	11.4555
2211	11.4543
2212	11.1189
2213	10.095
2214	12.432
2215	11.7528
2216	11.2649
2217	10.7503
2218	12.4303
2219	12.6431
2220	12.4253
2221	12.1857
2222	11.3473
2223	10.4993
2224	9.65505
2225	9.46698
2226	9.42384
2227	9.44396
2228	9.52834
2229	9.37275
2230	9.35427
2231	9.35427
2232	9.35427
2233	9.35427
2234	9.3552
2235	9.35427
2236	9.35427
2237	9.35427
2238	9.35427
2239	11.339
2240	11.5123
2241	11.3393
2242	10.6197
2243	9.85547
2244	9.49015
2245	9.35427
2246	9.3711
2247	9.362
2248	9.3815
2249	11.5007
2250	11.5943
2251	11.4851
2252	11.005
2253	10.6731
2254	10.3868
2255	10.4389
2256	9.76913
2257	9.50629
2258	9.43544
2259	9.37475
2260	9.35427
2261	9.3628
2262	9.37714
2263	9.35427
2264	9.35427
2265	9.35427
2266	9.36052
2267	11.084
2268	11.0015
2269	10.2475
2270	9.94084
2271	9.45525
2272	9.67028
2273	9.42864
2274	9.49891
2275	9.44057
2276	9.36999
2277	11.7745
2278	11.9805
2279	11.0337
2280	11.124
2281	10.1456
2282	9.54502
2283	9.4696
2284	9.36267
2285	9.35427
2286	9.35427
2287	9.35427
2288	9.35427
2289	9.35427
2290	9.35427
2291	9.35427
2292	9.35427
2293	9.35427
2294	11.324
2295	13.2532
2296	12.5931
2297	11.3482
2298	9.96844
2299	9.57579
2300	9.35427
2301	9.35427
2302	9.35427
2303	9.36014
2304	9.35951
2305	9.35427
2306	9.35427
2307	9.35427
2308	9.35427
2309	9.35427
2310	9.35427
2311	9.35613
2312	9.35427
2313	9.35427
2314	9.35427
2315	9.35427
2316	9.35427
2317	9.35427
2318	9.35427
2319	9.35427
2320	9.35427
2321	9.36564
2322	9.3552
2323	9.37244
2324	9.35427
2325	9.35427
2326	9.37999
2327	9.36858
2328	9.35427
2329	9.35427
2330	9.35427
2331	9.35427
2332	9.35427
2333	9.35427
2334	9.35427
2335	11.4225
2336	11.171
2337	11.4222
2338	11.381
2339	10.4761
2340	9.57828
2341	9.63724
2342	9.35446
2343	9.35427
2344	9.35427
2345	9.48941
2346	9.35427
2347	9.35427
2348	9.35553
2349	9.35427
2350	9.37254
2351	9.38325
2352	9.47849
2353	9.38035
2354	9.35446
2355	9.36963
2356	9.35427
2357	9.35427
2358	9.35427
2359	9.35427
2360	11.1813
2361	10.3407
2362	10.0388
2363	9.921
2364	9.79793
2365	9.5112
2366	9.39982
2367	9.35427
2368	9.35427
2369	9.35427
2370	9.35427
2371	9.35427
2372	9.35427
2373	9.35427
2374	9.35427
2375	9.35427
2376	9.35427
2377	9.35427
2378	9.35427
2379	9.35427
2380	9.35427
2381	9.35427
2382	9.35427
2383	11.4034
2384	11.4659
2385	14.0257
2386	13.2593
2387	14.3743
2388	14.029
2389	13.5391
2390	12.18
2391	11.6806
2392	10.8251
2393	10.5947
2394	10.109
2395	9.967
2396	9.83887
2397	9.69326
2398	9.63982
2399	9.63982
2400	9.64633
2401	9.65835
2402	9.63982
2403	9.63982
2404	9.63982
2405	9.63982
2406	9.63982
2407	9.63982
2408	9.63982
2409	11.563
2410	11.7548
2411	11.3467
2412	10.971
2413	10.4557
2414	9.79358
2415	9.64947
2416	9.65849
2417	9.63982
2418	9.63982
2419	9.63982
2420	9.69978
2421	9.63982
2422	11.3287
2423	11.6055
2424	10.9881
2425	10.5275
2426	10.0953
2427	9.72808
2428	9.66407
2429	9.63982
2430	9.63982
2431	11.6235
2432	11.5269
2433	11.0053
2434	9.8095
2435	9.92481
2436	9.8438
2437	9.74188
2438	10.1682
2439	9.76166
2440	9.63982
2441	9.63982
2442	9.63982
2443	9.63982
2444	9.63982
2445	9.64602
2446	9.63982
2447	9.64646
2448	9.63982
2449	9.63982
2450	9.63982
2451	9.63982
2452	9.63982
2453	9.63982
2454	9.63982
2455	9.63982
2456	9.63982
2457	11.5671
2458	11.6055
2459	13.4618
2460	12.8778
2461	14.4187
2462	14.0696
2463	15.0473
2464	14.6306
2465	14.0374
2466	12.5733
2467	11.5016
2468	11.0714
2469	11.0341
2470	11.0331
2471	11.0225
2472	12.267
2473	12.4023
2474	11.4069
2475	10.9855
2476	10.8123
2477	10.7519
2478	10.7451
2479	10.7739
2480	10.6829
2481	10.6811
2482	10.6811
2483	10.6811
2484	10.6811
2485	10.6811
2486	10.6811
2487	10.6811
2488	10.681
2489	10.68
2490	10.6789
2491	10.6767
2492	10.675
2493	10.675
2494	10.675
2495	10.675
2496	10.675
2497	10.675
2498	10.682
2499	10.6968
2500	10.675
2501	10.675
2502	10.675
2503	10.6968
2504	10.675
2505	10.675
2506	10.675
2507	10.675
2508	10.675
2509	10.675
2510	10.675
2511	10.675
2512	10.675
2513	10.675
2514	10.675
2515	10.675
2516	10.675
2517	10.675
2518	10.675
2519	10.675
2520	10.675
2521	10.675
2522	10.675
2523	10.675
2524	10.675
2525	10.6893
2526	10.675
2527	10.675
2528	10.675
2529	10.675
2530	10.675
2531	10.675
2532	10.675
2533	10.675
2534	10.6976
2535	10.6752
2536	10.675
2537	10.675
2538	10.675
2539	12.2497
2540	11.647
2541	11.2476
2542	10.799
2543	12.7537
2544	12.5474
2545	11.7442
2546	13.1266
2547	12.3787
2548	11.8547
2549	11.2095
2550	11.0855
2551	12.7676
2552	12.443
2553	11.7484
2554	11.6371
2555	11.3256
2556	10.9386
2557	10.8553
2558	10.675
2559	10.675
2560	10.675
2561	10.675
2562	10.675
2563	10.675
2564	12.8036
2565	12.5195
2566	11.9055
2567	11.395
2568	11.0118
2569	10.7243
2570	10.675
2571	10.675
2572	10.675
2573	10.6922
2574	10.6911
2575	10.675
2576	10.675
2577	10.675
2578	10.675
2579	10.675
2580	12.2545
2581	11.7515
2582	11.4002
2583	10.9086
2584	10.7605
2585	12.7591
2586	12.3496
2587	11.8684
2588	11.5471
2589	10.8948
2590	10.7388
2591	12.5352
2592	12.2408
2593	11.1904
2594	10.9424
2595	10.927
2596	11.4848
2597	11.4592
2598	11.3182
2599	10.8211
2600	10.7356
2601	10.8159
2602	12.5739
2603	12.4131
2604	12.2518
2605	11.8409
2606	11.1048
2607	10.9161
2608	10.0597
2609	10.0597
2610	10.0597
2611	10.0597
2612	10.0597
2613	10.0597
2614	11.9632
2615	12.7709
2616	12.0631
2617	11.598
2618	11.041
2619	10.1453
2620	10.0484
2621	9.99776
2622	9.99176
2623	9.98749
2624	9.98543
2625	9.98543
2626	9.98543
2627	9.98543
2628	9.98543
2629	9.98543
2630	9.98543
2631	9.98543
2632	9.98543
2633	9.98543
2634	10.0296
2635	9.99227
2636	9.98543
2637	9.98543
2638	9.98543
2639	9.98543
2640	9.98543
2641	9.98543
2642	9.98846
2643	9.98543
2644	9.98543
2645	11.8436
2646	11.3904
2647	11.2284
2648	11.1775
2649	10.6142
2650	10.3391
2651	10.0581
2652	9.9252
2653	9.91984
2654	9.91984
2655	9.91984
2656	9.91984
2657	9.91984
2658	9.9218
2659	9.93923
2660	9.91984
2661	9.91984
2662	9.91984
2663	11.5222
2664	11.1945
2665	12.4898
2666	11.7005
2667	11.0437
2668	10.4152
2669	9.59535
2670	9.40573
2671	9.379
2672	9.35427
2673	9.35427
2674	9.35427
2675	9.35427
2676	9.35427
2677	9.35427
2678	9.35427
2679	9.3546
2680	9.35427
2681	9.35427
2682	9.35427
2683	9.35427
2684	11.3588
2685	13.2382
2686	13.1864
2687	12.5447
2688	13.6943
2689	12.7993
2690	12.2058
2691	11.7134
2692	11.2373
2693	10.4705
2694	9.87394
2695	9.49787
2696	9.36475
2697	9.35427
2698	9.35427
2699	9.35736
2700	9.35427
2701	9.35427
2702	9.35427
2703	9.35427
2704	11.0058
2705	10.8248
2706	12.6074
2707	12.191
2708	11.2156
2709	10.396
2710	9.91473
2711	9.55986
2712	9.49383
2713	9.37297
2714	9.36278
2715	9.37099
2716	9.35427
2717	9.35427
2718	9.35427
2719	9.35427
2720	9.35427
2721	11.2207
2722	11.1441
2723	12.954
2724	12.1716
2725	11.1837
2726	10.6584
2727	9.96037
2728	9.71808
2729	9.44775
2730	9.4298
2731	11.3558
2732	11.3555
2733	12.7279
2734	12.2577
2735	11.3746
2736	10.5685
2737	10.1825
2738	9.75199
2739	9.65902
2740	9.37497
2741	9.38573
2742	9.38353
2743	11.3761
2744	10.9887
2745	10.5204
2746	9.51386
2747	9.42855
2748	9.3591
2749	9.35736
2750	9.36202
2751	9.35427
2752	9.35427
2753	9.35427
2754	9.35427
2755	9.36543
2756	9.36191
2757	9.35427
2758	10.8751
2759	10.9782
2760	10.9197
2761	10.3865
2762	11.8554
2763	11.7507
2764	11.0839
2765	10.158
2766	9.76577
2767	9.56705
2768	11.7741
2769	11.3772
2770	10.8466
2771	12.1656
2772	11.5381
2773	10.5137
2774	11.6547
2775	10.4352
2776	10.2672
2777	9.69261
2778	9.43556
2779	9.36128
2780	9.44087
2781	9.35427
2782	9.35427
2783	9.35427
2784	9.35427
2785	9.35427
2786	9.35427
2787	9.35427
2788	9.36235
2789	9.35427
2790	9.35427
2791	9.35427
2792	9.35427
2793	9.35427
2794	9.35427
2795	9.35427
2796	9.35427
2797	9.35427
2798	9.35427
2799	9.35427
2800	9.35427
2801	9.35427
2802	10.6903
2803	10.8393
2804	10.2348
2805	10.032
2806	9.3974
2807	9.35427
2808	9.35427
2809	9.35427
2810	11.1657
2811	10.7327
2812	10.9038
2813	12.0769
2814	11.2005
2815	12.7887
2816	12.2713
2817	11.624
2818	10.5166
2819	12.3237
2820	11.7612
2821	11.0563
2822	10.8587
2823	10.4245
2824	10.0186
2825	10.065
2826	9.5444
2827	9.42357
2828	9.45286
2829	9.36739
2830	9.35427
2831	9.35427
2832	10.9653
2833	10.7753
2834	10.7993
2835	10.6496
2836	11.9753
2837	11.2385
2838	11.1228
2839	10.6935
2840	10.3015
2841	9.75851
2842	9.74375
2843	9.7646
2844	11.8808
2845	11.6309
2846	11.0146
2847	10.1448
2848	9.77234
2849	9.66211
2850	9.43558
2851	9.45732
2852	9.41804
2853	9.37712
2854	9.36742
2855	9.35427
2856	9.35427
2857	9.35427
2858	9.35427
2859	9.35427
2860	9.35427
2861	9.35427
2862	9.35427
2863	9.35427
2864	11.1233
2865	11.149
2866	10.911
2867	10.3896
2868	9.68018
2869	9.50122
2870	9.44973
2871	9.36254
2872	11.3517
2873	10.9262
2874	10.4543
2875	10.3525
2876	9.89547
2877	9.45095
2878	9.38967
2879	9.35427
2880	9.35466
2881	9.35427
2882	9.35427
2883	9.35427
2884	9.35427
2885	9.35427
2886	11.3588
2887	11.0229
2888	10.4497
2889	10.0664
2890	9.47031
2891	9.37158
2892	9.35427
2893	9.35427
2894	9.35427
2895	9.35427
2896	9.35427
2897	9.38725
2898	9.3573
2899	9.35427
2900	9.35427
2901	9.37482
2902	9.35427
2903	9.35427
2904	9.35427
2905	9.35427
2906	9.35427
2907	9.35427
2908	9.35427
2909	9.35427
2910	9.35427
2911	9.35427
2912	9.38159
2913	9.39071
2914	9.35717
2915	9.35624
2916	9.36491
2917	9.35446
2918	9.35427
2919	9.35427
2920	9.35427
2921	9.35427
2922	9.35427
2923	9.35427
2924	9.35427
2925	9.35427
2926	9.3657
2927	9.35427
2928	9.35427
2929	9.35427
2930	9.35427
2931	9.35427
2932	9.35427
2933	9.35427
2934	9.35427
2935	9.35427
2936	9.35427
2937	9.35427
2938	11.0899
2939	10.6402
2940	9.88425
2941	9.72917
2942	9.6325
2943	9.37491
2944	9.42997
2945	9.45914
2946	9.42432
2947	9.38525
2948	9.3546
2949	9.37656
2950	11.3923
2951	11.5434
2952	10.5285
2953	9.79962
2954	9.63443
2955	9.4215
2956	9.40572
2957	9.35427
2958	9.35427
2959	9.35427
2960	9.35427
2961	9.35427
2962	9.35427
2963	9.35427
2964	9.35427
2965	11.4077
2966	10.6836
2967	12.7082
2968	14.1381
2969	12.81
2970	12.5596
2971	12.4881
2972	11.809
2973	11.4351
2974	10.8918
2975	10.8041
2976	10.6951
2977	10.6708
2978	10.6272
2979	10.6381
2980	10.5486
2981	10.5412
2982	10.5964
2983	10.499
2984	10.3927
2985	10.3427
2986	10.3011
2987	10.238
2988	10.2203
2989	10.2266
2990	10.2151
2991	10.2151
2992	10.2151
2993	10.2151
2994	10.2151
2995	10.2151
2996	10.2151
2997	10.215
2998	10.2149
2999	10.2148
3000	12.0764
3001	11.8825
3002	11.4436
3003	10.8681
3004	10.3103
3005	10.2148
3006	10.2362
3007	10.214
3008	10.2102
3009	10.2033
3010	10.194
3011	10.1894
3012	10.1786
3013	10.1763
3014	10.1763
3015	11.9774
3016	11.9517
3017	11.6729
3018	10.756
3019	10.3186
3020	10.1811
3021	10.2028
3022	10.1763
3023	10.1763
3024	10.1763
3025	10.1763
3026	10.2016
3027	10.1746
3028	10.1576
3029	10.1355
3030	10.1204
3031	10.1066
3032	10.1066
3033	10.101
3034	12.0728
3035	11.9123
3036	11.2954
3037	11.2613
3038	11.1569
3039	10.43
3040	10.2682
3041	10.3999
3042	10.2383
3043	10.0913
3044	10.0913
3045	10.0913
3046	10.0913
3047	10.0913
3048	10.0913
3049	10.0913
3050	10.0913
3051	10.1044
3052	10.0988
3053	10.0913
3054	10.0913
3055	11.6754
3056	13.4481
3057	12.4391
3058	11.6696
3059	11.0836
3060	10.2125
3061	10.1924
3062	10.0913
3063	10.0987
3064	10.0944
3065	10.0935
3066	10.096
3067	10.0919
3068	10.0913
3069	10.1153
3070	10.0913
3071	10.0913
3072	10.0913
3073	10.0913
3074	10.0913
3075	10.0913
3076	10.0913
3077	10.0913
3078	10.0913
3079	10.0913
3080	10.0913
3081	10.0913
3082	10.0913
3083	10.0913
3084	10.0913
3085	10.0913
3086	10.0913
3087	10.0913
3088	10.0913
3089	10.0913
3090	10.0913
3091	10.0913
3092	10.0913
3093	10.0913
3094	12.303
3095	12.1244
3096	12.0529
3097	11.4724
3098	11.424
3099	11.2857
3100	10.6788
3101	12.7002
3102	13.2007
3103	12.3757
3104	11.9946
3105	11.5102
3106	11.4247
3107	11.0549
3108	10.9674
3109	10.4848
3110	10.4002
3111	10.1495
3112	10.0389
3113	10.0389
3114	10.062
3115	10.0389
3116	10.0389
3117	10.0389
3118	10.0389
3119	10.0389
3120	10.0389
3121	10.0389
3122	10.0391
3123	10.0389
3124	10.0389
3125	10.0389
3126	10.0389
3127	10.0543
3128	10.0389
3129	10.0389
3130	10.0389
3131	10.0389
3132	10.0389
3133	10.0389
3134	10.0391
3135	10.1046
3136	11.6641
3137	12.0371
3138	11.9953
3139	11.7507
3140	11.9288
3141	11.8721
3142	12.0658
3143	11.0939
3144	10.2196
3145	10.0389
3146	10.037
3147	10.026
3148	9.99486
3149	9.97073
3150	9.94679
3151	9.94679
3152	9.94679
3153	9.94679
3154	9.94679
3155	9.94679
3156	9.94542
3157	9.93993
3158	9.92777
3159	9.90563
3160	11.4851
3161	11.1155
3162	10.5659
3163	12.3573
3164	12.3336
3165	11.1341
3166	10.6269
3167	10.4027
3168	10.0069
3169	9.90517
3170	9.87818
3171	9.87818
3172	9.87818
3173	9.87818
3174	9.87818
3175	9.87818
3176	9.88055
3177	9.87818
3178	9.87818
3179	12.0806
3180	12.7327
3181	11.8202
3182	11.4259
3183	13.1397
3184	12.354
3185	11.6298
3186	11.1799
3187	10.887
3188	10.4863
3189	10.2596
3190	10.3068
3191	9.99649
3192	10.0232
3193	9.99629
3194	9.99629
3195	9.99916
3196	9.99629
3197	9.99629
3198	9.99629
3199	9.99393
3200	9.98494
3201	10.0177
3202	9.93688
3203	9.91033
3204	9.88443
3205	9.87876
3206	9.88055
3207	9.87818
3208	12.1387
3209	11.8013
3210	10.8864
3211	10.1599
3212	12.4046
3213	12.1105
3214	10.8569
3215	10.728
3216	10.29
3217	10.1333
3218	9.99315
3219	9.90158
3220	9.87818
3221	9.87818
3222	9.87818
3223	9.87818
3224	9.87818
3225	9.87818
3226	11.6463
3227	11.3932
3228	11.1151
3229	10.7035
3230	10.1445
3231	10.0679
3232	9.96151
3233	9.97982
3234	10.0023
3235	9.87818
3236	9.88707
3237	11.7399
3238	11.3576
3239	11.0618
3240	10.7956
3241	10.3787
3242	10.1493
3243	9.87982
3244	9.87956
3245	9.87818
3246	9.87818
3247	9.87818
3248	9.87818
3249	11.521
3250	11.5738
3251	11.2291
3252	11.1597
3253	10.8598
3254	9.99665
3255	9.89236
3256	9.95804
3257	9.9206
3258	9.91519
3259	9.89524
3260	9.87956
3261	9.87818
3262	9.87818
3263	9.87818
3264	9.87818
3265	9.87818
3266	9.87818
3267	9.87818
3268	9.87818
3269	9.87818
3270	9.87818
3271	9.87818
3272	9.88873
3273	9.87818
3274	9.90916
3275	9.88043
3276	9.87818
3277	9.87818
3278	9.87818
3279	9.87818
3280	9.96468
3281	9.89207
3282	9.87818
3283	11.8173
3284	11.7846
3285	11.1801
3286	10.2387
3287	9.89161
3288	9.88794
3289	9.94049
3290	9.8831
3291	9.87818
3292	9.87956
3293	9.87818
3294	9.87818
3295	9.87818
3296	9.87818
3297	9.87818
3298	11.9061
3299	13.7914
3300	13.5077
3301	13.2437
3302	14.1343
3303	13.5494
3304	12.8876
3305	12.3386
3306	13.8746
3307	12.8609
3308	12.0119
3309	11.558
3310	11.3439
3311	10.488
3312	10.2787
3313	10.2632
3314	10.2583
3315	10.2583
3316	10.2583
3317	10.2583
3318	10.2583
3319	10.2597
3320	12.1669
3321	11.8115
3322	11.5968
3323	10.5008
3324	12.5586
3325	12.2365
3326	11.6483
3327	10.8496
3328	10.2707
3329	10.1993
3330	10.2193
3331	10.1955
3332	10.1955
3333	10.1955
3334	10.1955
3335	10.1955
3336	10.1955
3337	10.1955
3338	10.1955
3339	11.8988
3340	11.9029
3341	11.0373
3342	10.3791
3343	10.4904
3344	10.5235
3345	10.3644
3346	10.2077
3347	10.1981
3348	10.2029
3349	10.1955
3350	10.248
3351	10.3655
3352	10.364
3353	10.2918
3354	10.1955
3355	10.1955
3356	10.1955
3357	11.9211
3358	11.6513
3359	11.002
3360	10.8398
3361	10.5418
3362	10.3334
3363	10.2294
3364	10.2413
3365	10.1955
3366	10.1955
3367	10.2131
3368	10.2178
3369	10.1955
3370	10.1955
3371	10.1955
3372	10.1955
3373	10.1955
3374	10.1955
3375	10.1955
3376	10.2093
3377	11.8832
3378	11.9858
3379	11.4842
3380	10.7566
3381	10.3893
3382	10.1955
3383	10.1955
3384	10.1955
3385	10.1955
3386	10.1955
3387	10.1955
3388	10.1955
3389	10.1935
3390	10.1816
3391	10.2851
3392	10.1852
3393	10.1215
3394	10.1568
3395	10.1207
3396	10.096
3397	10.096
3398	10.0963
3399	10.096
3400	10.096
3401	11.7667
3402	11.4683
3403	11.1897
3404	12.4426
3405	12.5987
3406	12.5497
3407	11.6682
3408	11.2905
3409	10.4461
3410	10.1635
3411	10.096
3412	10.096
3413	10.096
3414	10.096
3415	10.096
3416	10.096
3417	10.096
3418	10.096
3419	10.096
3420	10.096
3421	10.096
3422	10.096
3423	10.096
3424	10.096
3425	10.096
3426	10.096
3427	10.096
3428	10.096
3429	10.096
3430	10.096
3431	10.096
3432	10.096
3433	10.1
3434	12.1488
3435	12.8219
3436	12.4041
3437	12.0264
3438	11.3767
3439	10.815
3440	10.6158
3441	10.2043
3442	10.1078
3443	10.096
3444	10.096
3445	10.096
3446	10.096
3447	10.096
3448	10.096
3449	10.096
3450	10.096
3451	11.7334
3452	13.8942
3453	12.7274
3454	11.5696
3455	10.9803
3456	10.8476
3457	10.3216
3458	10.2453
3459	10.2141
3460	10.2141
3461	10.2141
3462	10.2117
3463	10.1976
3464	10.1692
3465	10.1176
3466	10.096
3467	10.096
3468	11.7031
3469	11.7837
3470	11.1818
3471	11.009
3472	10.3853
3473	10.1129
3474	10.096
3475	10.1365
3476	10.1179
3477	10.0963
3478	10.096
3479	10.096
3480	10.096
3481	10.096
3482	10.096
3483	10.096
3484	10.096
3485	10.096
3486	11.9778
3487	11.7776
3488	11.17
3489	10.8878
3490	12.6249
3491	12.5682
3492	11.752
3493	11.7968
3494	11.0716
3495	10.6841
3496	10.4579
3497	10.195
3498	10.1046
3499	10.1268
3500	12.2777
3501	11.187
3502	10.8486
3503	10.561
3504	10.1049
3505	10.096
3506	10.096
3507	10.096
3508	10.096
3509	10.0964
3510	10.1208
3511	12.0865
3512	11.6796
3513	10.9565
3514	10.5623
3515	10.4339
3516	10.2198
3517	10.0963
3518	10.096
3519	10.096
3520	10.096
3521	10.096
3522	10.0962
3523	11.8899
3524	11.5703
3525	11.5801
3526	10.9394
3527	10.2561
3528	10.096
3529	10.096
3530	10.096
3531	10.096
3532	10.108
3533	10.096
3534	12.0293
3535	11.4554
3536	11.1399
3537	12.92
3538	12.9744
3539	14.3457
3540	13.8823
3541	13.4119
3542	12.2246
3543	13.6779
3544	13.2165
3545	12.9682
3546	12.3379
3547	11.4705
3548	10.9238
3549	11.2509
3550	12.7272
3551	11.9318
3552	11.3539
3553	11.0492
3554	12.4932
3555	12.7733
3556	11.6379
3557	11.3907
3558	11.2367
3559	10.6327
3560	10.4477
3561	10.3898
3562	10.3685
3563	10.3532
3564	10.3176
3565	10.2979
3566	10.2972
3567	10.2986
3568	10.3137
3569	10.297
3570	10.2953
3571	11.8988
3572	11.412
3573	11.4727
3574	10.9961
3575	10.6253
3576	10.4885
3577	12.1656
3578	11.9662
3579	11.8589
3580	11.293
3581	10.6896
3582	10.4432
3583	10.4398
3584	10.3514
3585	10.2876
3586	10.2876
3587	10.2876
3588	10.2876
3589	10.2876
3590	10.3741
3591	10.2924
3592	10.3387
3593	10.2876
3594	10.3193
3595	10.2928
3596	10.3047
3597	10.2876
3598	10.2967
3599	10.2876
3600	10.2876
3601	10.2876
3602	10.2876
3603	10.2876
3604	10.2876
3605	10.2856
3606	10.3006
3607	10.3017
3608	10.2342
3609	11.8064
3610	12.1043
3611	11.7633
3612	11.0548
3613	10.4323
3614	10.3298
3615	10.3007
3616	10.2303
3617	10.1922
3618	10.1922
3619	10.1922
3620	10.1922
3621	10.1922
3622	10.1969
3623	10.1928
3624	10.1922
3625	10.1922
3626	12.396
3627	14.1127
3628	14.9601
3629	14.5737
3630	13.975
3631	13.1333
3632	11.9312
3633	11.6851
3634	11.8379
3635	11.2999
3636	10.9995
3637	10.9834
3638	10.977
3639	10.977
3640	10.977
3641	10.977
3642	10.977
3643	10.9714
3644	10.9528
3645	10.9191
3646	10.8909
3647	10.8677
3648	12.6726
3649	12.2387
3650	11.8134
3651	11.6643
3652	11.0247
3653	12.9621
3654	12.7813
3655	13.732
3656	12.9543
3657	12.1554
3658	13.5922
3659	13.502
3660	12.9011
3661	14.6117
3662	14.634
3663	13.4613
3664	12.4429
3665	12.1452
3666	11.8107
3667	10.8882
3668	10.6753
3669	10.4956
3670	10.434
3671	10.3641
3672	12.0842
3673	12.1783
3674	11.8812
3675	11.4094
3676	10.9082
3677	10.773
3678	10.4675
3679	10.2642
3680	10.2497
3681	10.2285
3682	10.2285
3683	10.2283
3684	10.2279
3685	11.914
3686	11.8759
3687	11.578
3688	11.1434
3689	10.6076
3690	12.2866
3691	11.4059
3692	10.8699
3693	10.4211
3694	10.2073
3695	10.2156
3696	10.204
3697	10.2268
3698	10.2008
3699	10.197
3700	10.195
3701	10.1934
3702	10.1899
3703	10.1882
3704	10.1853
3705	10.1766
3706	10.1039
3707	10.0554
3708	10.0192
3709	9.90996
3710	9.83273
3711	9.8033
3712	9.78067
3713	9.781
3714	9.78067
3715	9.84549
3716	9.82194
3717	9.80558
3718	9.78067
3719	11.6933
3720	11.1176
3721	10.4176
3722	9.96454
3723	9.91506
3724	9.83383
3725	9.78067
3726	9.78067
3727	11.6358
3728	11.1667
3729	11.2691
3730	10.7375
3731	10.1485
3732	9.75866
3733	9.75866
3734	9.75866
3735	9.75866
3736	9.75755
3737	9.83269
3738	9.73984
3739	9.73319
3740	9.71913
3741	9.7033
3742	9.7033
3743	9.7033
3744	9.7044
3745	9.70192
3746	9.6952
3747	9.6814
3748	9.66471
3749	9.65034
3750	9.64525
3751	9.65254
3752	9.68557
3753	9.65322
3754	9.63464
3755	9.63464
3756	9.64519
3757	9.68551
3758	9.63616
3759	9.63478
3760	9.68548
3761	9.67278
3762	9.63445
3763	9.68122
3764	9.63478
3765	9.63985
3766	9.63445
3767	9.63445
3768	9.63445
3769	9.63478
3770	9.63445
3771	9.63445
3772	9.63445
3773	9.63445
3774	9.63695
3775	9.63445
3776	11.7164
3777	12.028
3778	11.0481
3779	10.3297
3780	9.81896
3781	9.74511
3782	9.73384
3783	9.67014
3784	9.63892
3785	11.5284
3786	10.8887
3787	10.1287
3788	9.92116
3789	9.89921
3790	9.75727
3791	9.63445
3792	9.63445
3793	9.63445
3794	11.4651
3795	11.1375
3796	10.8699
3797	10.3756
3798	9.69528
3799	9.63445
3800	9.63445
3801	9.63445
3802	11.3884
3803	10.9112
3804	10.2852
3805	11.9538
3806	11.4961
3807	10.5594
3808	10.4535
3809	10.2236
3810	9.95451
3811	9.80568
3812	9.78377
3813	9.74232
3814	9.58765
3815	9.54541
3816	9.54541
3817	9.54541
3818	9.54541
3819	9.54541
3820	11.0408
3821	11.1284
3822	10.9774
3823	10.8207
3824	10.5489
3825	9.74076
3826	10.0336
3827	10.3098
3828	9.59124
3829	9.38327
3830	9.35663
3831	9.38344
3832	9.35427
3833	9.35427
3834	9.35427
3835	9.35427
3836	9.35427
3837	9.35427
3838	9.35427
3839	11.2924
3840	11.0272
3841	10.3415
3842	9.74479
3843	9.73979
3844	10.0077
3845	9.72926
3846	9.65271
3847	9.52726
3848	9.46353
3849	9.36245
3850	9.35446
3851	9.35427
3852	9.35899
3853	11.5868
3854	11.469
3855	11.2079
3856	10.3666
3857	9.98641
3858	9.8423
3859	9.77701
3860	9.44481
3861	9.43275
3862	9.41718
3863	9.39769
3864	9.35891
3865	9.35427
3866	9.35427
3867	9.35427
3868	9.35427
3869	9.35427
3870	9.35427
3871	11.2814
3872	10.5593
3873	10.165
3874	9.79972
3875	9.44916
3876	9.32998
3877	9.29598
3878	9.27331
3879	9.27331
3880	9.27331
3881	9.27331
3882	9.27331
3883	9.27331
3884	9.27331
3885	9.27331
3886	9.27331
3887	9.27331
3888	9.27331
3889	9.27331
3890	9.27331
3891	9.27331
3892	9.27331
3893	9.27331
3894	9.27331
3895	9.27331
3896	9.27331
3897	9.27331
3898	9.27331
3899	9.27331
3900	9.27331
3901	9.27331
3902	9.27331
3903	9.27331
3904	9.27331
3905	10.6689
3906	12.2788
3907	11.5931
3908	11.4598
3909	11.3048
3910	10.3157
3911	9.82153
3912	11.8238
3913	11.0997
3914	10.8524
3915	10.6242
3916	10.412
3917	9.70523
3918	10.0117
3919	12.0075
3920	11.327
3921	10.4631
3922	12.0978
3923	11.442
3924	10.641
3925	10.3907
3926	10.0169
3927	9.85802
3928	9.33057
3929	9.27772
3930	9.30228
3931	9.27442
3932	9.27331
3933	9.27331
3934	9.27331
3935	9.27331
3936	9.27331
3937	9.29238
3938	9.27331
3939	9.27331
3940	9.27331
3941	9.27331
3942	9.27331
3943	9.27331
3944	9.27331
3945	9.27331
3946	9.27331
3947	9.27331
3948	9.27645
3949	9.27331
3950	9.29479
3951	9.31024
3952	11.119
3953	10.6875
3954	11.9786
3955	11.3866
3956	10.8976
3957	10.1208
3958	9.75624
3959	11.6089
3960	11.2964
3961	11.1437
3962	13.0359
3963	12.8059
3964	11.927
3965	11.0405
3966	10.2869
3967	10.0097
3968	9.48397
3969	9.38513
3970	9.27463
3971	11.4348
3972	11.1331
3973	10.3595
3974	10.3459
3975	12.2467
3976	11.5343
3977	10.8395
3978	10.0705
3979	9.60704
3980	9.38803
3981	9.28263
3982	9.27331
3983	9.27331
3984	9.27331
3985	9.27645
3986	9.28967
3987	9.28819
3988	11.2231
3989	11.0715
3990	9.99451
3991	9.78493
3992	9.40314
3993	9.28811
3994	9.27331
3995	9.27331
3996	9.31307
3997	9.298
3998	9.27351
3999	9.27331
4000	9.28905
