1	30.9279
2	30.2865
3	29.2647
4	28.8279
5	28.4959
6	27.377
7	26.5855
8	26.5571
9	25.8817
10	25.2668
11	24.2284
12	23.6167
13	22.9638
14	22.5997
15	22.0239
16	21.6685
17	21.6392
18	21.2737
19	20.9893
20	20.8037
21	20.6572
22	20.5371
23	20.2677
24	19.9418
25	20.8973
26	20.3893
27	20.3528
28	20.0024
29	21.7007
30	20.8667
31	20.3251
32	20.9926
33	20.1405
34	19.3818
35	18.667
36	18.3229
37	17.8561
38	17.8471
39	17.8515
40	17.9275
41	17.7605
42	19.3285
43	18.8835
44	18.5234
45	18.3224
46	19.032
47	17.5574
48	16.957
49	18.073
50	18.8543
51	17.6616
52	16.7298
53	15.2334
54	14.0784
55	13.7295
56	15.1331
57	15.0583
58	14.7539
59	14.1948
60	13.668
61	13.6241
62	13.365
63	13.1735
64	13.0667
65	13.0179
66	12.9839
67	12.9104
68	12.7514
69	12.6666
70	14.0366
71	13.192
72	13.7779
73	13.3684
74	12.4887
75	12.2014
76	11.9414
77	13.245
78	13.5608
79	13.4972
80	12.7944
81	11.631
82	11.533
83	11.5124
84	11.2876
85	11.2443
86	11.197
87	11.1895
88	11.1905
89	11.1847
90	11.1763
91	11.2111
92	11.1642
93	11.1594
94	11.1393
95	11.0663
96	10.9505
97	10.8146
98	10.7598
99	10.7467
100	12.5606
101	12.6709
102	12.1771
103	12.3611
104	11.3917
105	11.2042
106	10.6865
107	10.4944
108	10.4725
109	10.4332
110	12.3355
111	12.1421
112	12.2097
113	14.0537
114	13.213
115	12.8353
116	12.0139
117	11.7109
118	11.5952
119	10.8408
120	12.746
121	14.5393
122	14.404
123	13.9033
124	12.7754
125	12.0096
126	11.6916
127	11.1614
128	10.7216
129	10.7231
130	10.7199
131	10.7093
132	10.6863
133	10.6651
134	10.6457
135	10.6439
136	10.6333
137	10.6333
138	10.6333
139	10.6333
140	10.6333
141	10.6333
142	10.6333
143	12.4933
144	12.6792
145	12.0824
146	12.181
147	12.6359
148	12.3879
149	12.2779
150	11.5443
151	12.0758
152	11.3195
153	10.8089
154	10.6786
155	10.676
156	10.6333
157	10.6333
158	10.6333
159	12.2149
160	12.6734
161	12.2582
162	11.6585
163	11.5755
164	11.2512
165	10.922
166	10.8886
167	10.6318
168	10.5754
169	10.5796
170	10.521
171	10.521
172	10.521
173	10.521
174	10.521
175	10.521
176	10.521
177	10.5169
178	10.5025
179	10.4654
180	10.3736
181	10.3756
182	12.3279
183	11.828
184	11.7064
185	11.5523
186	11.2185
187	10.5191
188	10.4126
189	10.3132
190	10.3132
191	10.3132
192	10.3132
193	10.3132
194	10.3132
195	12.0436
196	11.6478
197	10.7134
198	12.5529
199	11.7547
200	11.4389
201	10.9453
202	10.6256
203	10.4257
204	10.196
205	9.92004
206	9.92227
207	9.90325
208	9.90325
209	9.90325
210	9.90325
211	9.91118
212	9.90325
213	9.90325
214	9.90325
215	9.90325
216	9.90325
217	11.392
218	11.1911
219	10.68
220	10.1914
221	9.95001
222	9.97887
223	10.0521
224	10.2173
225	10.037
226	9.90903
227	9.90614
228	9.92112
229	11.494
230	11.1904
231	10.7813
232	10.6137
233	10.2381
234	10.1943
235	9.97755
236	9.92244
237	9.94613
238	9.91637
239	9.90325
240	9.90325
241	9.90325
242	9.90325
243	9.90325
244	9.90325
245	9.90325
246	9.90325
247	9.90325
248	9.90325
249	9.90325
250	9.90325
251	9.90325
252	9.90325
253	12.2615
254	11.0776
255	10.321
256	10.2264
257	10.0503
258	10.0881
259	9.90325
260	9.90325
261	9.90325
262	9.90325
263	9.90325
264	9.90325
265	9.91563
266	9.94281
267	9.95603
268	9.9204
269	9.91987
270	9.90325
271	9.90325
272	9.90325
273	9.91324
274	9.91751
275	9.91656
276	9.90469
277	9.90325
278	9.90325
279	9.90325
280	9.90325
281	9.90325
282	9.90325
283	9.90325
284	9.90325
285	9.90325
286	9.90325
287	9.90325
288	9.90325
289	9.90325
290	9.90325
291	9.90325
292	9.90325
293	9.90325
294	9.90325
295	9.90325
296	9.90325
297	9.90325
298	9.90325
299	9.90325
300	9.90325
301	9.90325
302	9.90325
303	9.90325
304	9.90325
305	9.90325
306	9.90325
307	9.90325
308	11.5471
309	11.5016
310	11.2433
311	10.7745
312	10.1747
313	11.5736
314	10.9893
315	10.7401
316	10.1459
317	12.0415
318	11.5851
319	10.7696
320	10.46
321	10.3643
322	10.065
323	9.99221
324	9.90671
325	9.90325
326	9.91729
327	9.92216
328	9.90993
329	9.90325
330	9.90325
331	9.90325
332	9.90325
333	9.90325
334	9.90325
335	9.92557
336	9.90325
337	9.90325
338	9.90325
339	9.90325
340	9.90325
341	9.90358
342	9.90325
343	9.90325
344	9.90325
345	9.90325
346	9.90325
347	9.90325
348	9.90325
349	9.90416
350	11.6401
351	11.6199
352	12.8514
353	11.5777
354	11.0177
355	10.5417
356	11.6193
357	13.2445
358	12.7162
359	12.1964
360	11.9937
361	11.0776
362	10.667
363	10.3392
364	10.1825
365	9.99305
366	9.92458
367	9.88153
368	9.88153
369	9.88472
370	9.8812
371	9.87956
372	9.87594
373	9.87557
374	9.86707
375	9.86674
376	9.86543
377	9.8651
378	9.8651
379	9.88037
380	9.95446
381	9.8651
382	9.8651
383	9.87087
384	9.8651
385	11.7962
386	11.1953
387	10.5959
388	10.5053
389	10.2004
390	10.1265
391	9.90278
392	9.8651
393	9.8651
394	9.8651
395	9.8651
396	9.8651
397	9.8651
398	9.8651
399	9.8651
400	9.86961
401	9.8651
402	9.8651
403	9.8651
404	9.8651
405	9.8653
406	9.8651
407	9.8651
408	9.8651
409	9.8651
410	9.8721
411	9.87361
412	9.8651
413	11.5139
414	10.9503
415	10.5884
416	10.1998
417	9.98486
418	9.87444
419	9.8651
420	11.6324
421	11.2907
422	10.3982
423	10.1661
424	10.0153
425	9.9996
426	9.87732
427	9.8651
428	9.86549
429	9.8653
430	9.8651
431	9.87025
432	9.8651
433	9.8651
434	9.8651
435	9.8651
436	9.8651
437	9.8651
438	9.8651
439	9.8651
440	9.8651
441	9.8651
442	9.8651
443	9.87087
444	9.8651
445	9.8651
446	9.8651
447	9.8651
448	9.8651
449	9.8651
450	9.8651
451	9.8651
452	9.8651
453	9.8651
454	9.8651
455	9.8651
456	9.8651
457	9.8651
458	9.8651
459	9.8651
460	9.8651
461	9.8651
462	11.7674
463	11.3234
464	10.7569
465	10.7603
466	10.2951
467	12.0887
468	11.5889
469	10.6086
470	10.1461
471	10.0447
472	9.97465
473	11.8041
474	11.2728
475	10.9878
476	10.7863
477	10.1952
478	10.019
479	9.86832
480	9.8651
481	11.8052
482	11.7426
483	11.1494
484	10.6556
485	10.0589
486	10.0496
487	9.91532
488	11.8672
489	10.8509
490	10.4395
491	10.159
492	10.0288
493	9.90963
494	9.881
495	9.8651
496	9.8651
497	9.87615
498	12.0886
499	11.4046
500	11.0064
501	10.1382
502	9.97191
503	9.94312
504	9.8651
505	9.8651
506	9.8653
507	9.8651
508	9.8651
509	9.8651
510	9.90519
511	9.87245
512	9.86763
513	9.8651
514	9.8651
515	9.8651
516	11.4049
517	10.7436
518	10.0773
519	10.0156
520	9.89295
521	9.8651
522	9.8651
523	9.8651
524	9.8651
525	9.8651
526	9.8651
527	9.87548
528	9.8651
529	9.8651
530	9.8651
531	9.8651
532	9.8651
533	9.8651
534	9.8651
535	9.86687
536	9.8651
537	9.8651
538	11.31
539	10.5924
540	10.5247
541	10.1802
542	10.0109
543	9.94525
544	9.8651
545	9.8651
546	9.8651
547	11.4906
548	11.4337
549	11.5064
550	11.3324
551	10.9389
552	10.4245
553	10.3789
554	9.94505
555	9.92726
556	9.8691
557	9.87357
558	9.8651
559	9.8651
560	9.8651
561	9.8651
562	9.8651
563	9.8651
564	9.8651
565	9.8651
566	9.8651
567	9.8651
568	9.8651
569	9.8651
570	9.8651
571	9.8651
572	9.8651
573	9.8651
574	9.8651
575	9.8651
576	9.88508
577	9.8651
578	9.8651
579	9.8651
580	9.8651
581	9.8651
582	9.8651
583	9.8651
584	9.8651
585	9.8651
586	9.8651
587	9.8651
588	9.8651
589	9.8651
590	9.8651
591	9.8651
592	9.8651
593	9.8651
594	9.8651
595	9.8651
596	9.8651
597	9.8651
598	9.8651
599	9.8651
600	9.8651
601	9.8651
602	9.8651
603	9.8651
604	11.7064
605	11.3259
606	10.4683
607	10.6608
608	10.0419
609	9.94371
610	9.95577
611	9.8653
612	9.8651
613	9.86543
614	9.8651
615	9.8651
616	9.8651
617	9.8651
618	9.8651
619	11.3503
620	10.7842
621	10.6398
622	10.1646
623	9.87687
624	9.89383
625	9.8651
626	9.87631
627	9.8651
628	9.8651
629	9.8651
630	9.8651
631	9.8651
632	9.8651
633	9.8651
634	9.8651
635	9.8651
636	9.8651
637	9.8651
638	9.8651
639	9.8651
640	9.86687
641	9.8651
642	9.8651
643	9.8651
644	9.8651
645	9.8651
646	9.8651
647	9.8651
648	9.8651
649	9.8651
650	9.8651
651	11.0912
652	10.5918
653	10.3705
654	10.2359
655	10.0213
656	9.87997
657	9.86766
658	9.8651
659	9.8651
660	9.8651
661	9.8651
662	9.8651
663	9.8651
664	9.8651
665	9.8651
666	9.8651
667	9.8651
668	9.8651
669	9.8651
670	9.8651
671	9.87642
672	11.8561
673	11.2825
674	10.8659
675	10.4714
676	10.3143
677	10.1938
678	9.86953
679	9.8651
680	9.87796
681	9.8651
682	9.91806
683	9.8651
684	9.8651
685	9.86543
686	9.8651
687	9.86549
688	9.8651
689	9.8651
690	9.8651
691	9.8651
692	9.8651
693	9.8651
694	9.8651
695	9.8651
696	11.7229
697	11.1425
698	10.4958
699	10.0046
700	9.87437
701	9.8651
702	11.5599
703	11.5392
704	10.769
705	10.1421
706	12.4335
707	13.8259
708	13.1198
709	12.287
710	11.7897
711	10.9574
712	10.5016
713	10.4577
714	10.0813
715	9.96885
716	9.96031
717	9.92668
718	9.82563
719	11.1056
720	10.6135
721	10.2752
722	10.1783
723	9.93001
724	9.82735
725	9.65033
726	9.6481
727	9.6481
728	9.64799
729	9.64755
730	9.64634
731	9.64546
732	9.6436
733	9.64239
734	9.64127
735	9.63634
736	11.5284
737	11.222
738	10.6451
739	10.1378
740	10.2393
741	10.1535
742	9.73089
743	9.63198
744	9.63142
745	9.63187
746	9.63142
747	11.4503
748	11.1949
749	10.7357
750	10.2742
751	10.3055
752	9.8625
753	9.91465
754	9.65534
755	11.6403
756	10.8666
757	10.2177
758	9.74132
759	9.66532
760	11.6087
761	13.9409
762	13.757
763	13.3441
764	12.3374
765	11.4312
766	10.339
767	10.2368
768	10.2167
769	10.0466
770	10.0184
771	10.0184
772	10.0184
773	10.0344
774	10.0189
775	10.0184
776	10.0184
777	10.0184
778	10.0184
779	10.0184
780	10.0184
781	10.0184
782	10.0184
783	10.0188
784	10.0315
785	10.0184
786	10.0186
787	10.0184
788	10.0184
789	10.0184
790	10.0184
791	10.0184
792	10.0184
793	10.0184
794	10.0184
795	10.0184
796	10.0184
797	10.0184
798	10.0184
799	10.0184
800	10.0184
801	10.0312
802	10.0184
803	10.0184
804	10.0201
805	10.0184
806	10.0283
807	10.0184
808	10.0218
809	10.0187
810	10.0184
811	11.781
812	11.4234
813	12.304
814	11.9928
815	11.1525
816	10.2446
817	10.1916
818	9.95497
819	9.58068
820	9.53031
821	9.41167
822	9.42772
823	9.4049
824	9.39889
825	9.39889
826	9.41986
827	9.39889
828	9.39889
829	9.39889
830	9.39889
831	9.39889
832	9.39889
833	9.39889
834	9.39889
835	9.39889
836	9.39889
837	9.39889
838	9.39889
839	9.39889
840	9.39889
841	9.39889
842	9.39889
843	9.39889
844	9.39889
845	9.39889
846	9.39889
847	9.39889
848	9.39889
849	9.39889
850	9.39889
851	9.39889
852	9.40075
853	9.39889
854	9.39889
855	9.39889
856	9.39889
857	9.39889
858	9.39889
859	9.39889
860	9.39889
861	9.41093
862	9.39889
863	9.39889
864	9.39889
865	9.39889
866	9.39889
867	9.39889
868	9.39889
869	11.3981
870	11.2174
871	11.1464
872	10.9822
873	10.5325
874	10.0784
875	11.7003
876	12.8576
877	11.7111
878	10.821
879	10.1467
880	11.7763
881	11.5176
882	10.8387
883	10.1218
884	9.81232
885	9.49173
886	9.48253
887	11.413
888	11.226
889	10.4681
890	9.84885
891	9.61333
892	9.39889
893	9.39889
894	9.45178
895	9.39889
896	9.39986
897	9.39889
898	9.39926
899	9.39889
900	9.39889
901	9.41774
902	9.42297
903	9.39889
904	9.39889
905	9.39889
906	9.39889
907	9.39889
908	9.39889
909	11.1953
910	10.9436
911	10.3002
912	9.64569
913	9.40754
914	9.39889
915	9.39904
916	11.2094
917	10.8525
918	12.1806
919	11.9292
920	13.4052
921	14.6006
922	14.2358
923	13.4974
924	12.9125
925	11.8944
926	11.1066
927	10.6567
928	10.516
929	10.516
930	10.523
931	10.516
932	10.515
933	10.5113
934	12.3559
935	12.173
936	12.6147
937	11.3274
938	11.3652
939	12.9257
940	13.151
941	12.6162
942	12.3946
943	11.7237
944	10.9873
945	10.5875
946	10.5793
947	12.5072
948	13.301
949	13.3688
950	12.2564
951	11.5296
952	10.8993
953	10.6973
954	10.5611
955	10.5164
956	10.5958
957	10.5603
958	10.4694
959	10.4694
960	10.4694
961	10.4694
962	10.4694
963	10.4694
964	10.4694
965	10.4694
966	10.4694
967	10.4694
968	10.4657
969	10.4431
970	10.4013
971	10.3301
972	10.2958
973	10.1255
974	9.97933
975	9.92241
976	9.81205
977	9.63424
978	9.52911
979	9.47402
980	9.44433
981	9.44307
982	9.44307
983	9.44307
984	9.44307
985	9.44433
986	9.44307
987	9.44307
988	9.44307
989	9.44307
990	9.44307
991	9.44307
992	9.44307
993	9.44307
994	9.44311
995	9.44307
996	9.44307
997	9.4503
998	9.44307
999	9.44307
1000	9.44307
1001	9.44307
1002	9.44307
1003	11.6203
1004	11.179
1005	10.136
1006	9.94522
1007	9.78513
1008	9.54287
1009	9.444
1010	9.44307
1011	9.44307
1012	9.444
1013	9.44307
1014	9.44307
1015	9.44307
1016	9.44307
1017	9.44307
1018	9.44307
1019	9.44307
1020	9.44307
1021	9.44307
1022	9.66144
1023	9.44307
1024	9.44307
1025	9.44307
1026	9.44307
1027	9.44307
1028	9.44307
1029	9.44307
1030	9.44307
1031	9.44307
1032	9.44307
1033	9.44307
1034	9.44307
1035	9.44307
1036	9.44307
1037	9.44307
1038	9.44307
1039	9.44307
1040	9.44307
1041	9.44558
1042	9.44318
1043	9.44307
1044	9.44307
1045	11.2043
1046	11.5101
1047	10.363
1048	10.0596
1049	11.3646
1050	11.2188
1051	10.5495
1052	10.0444
1053	9.77743
1054	9.48409
1055	11.3533
1056	11.5487
1057	10.8117
1058	10.1994
1059	9.97662
1060	9.4478
1061	9.44322
1062	9.44307
1063	9.44307
1064	9.44307
1065	9.44307
1066	9.44307
1067	11.0228
1068	11.2389
1069	10.6337
1070	10.146
1071	10.0336
1072	9.57604
1073	9.45659
1074	9.44307
1075	9.44307
1076	9.44307
1077	9.44307
1078	9.44307
1079	9.44307
1080	9.44307
1081	9.44307
1082	9.44257
1083	9.4426
1084	9.44162
1085	9.43943
1086	9.43797
1087	9.49745
1088	11.6364
1089	13.2067
1090	15.0509
1091	14.3632
1092	13.5714
1093	13.1013
1094	12.4296
1095	11.7619
1096	11.4698
1097	11.3471
1098	11.3053
1099	11.2807
1100	11.2642
1101	11.2026
1102	11.183
1103	13.1874
1104	12.4239
1105	12.2599
1106	11.8177
1107	11.1635
1108	11.0628
1109	11.0555
1110	13.2289
1111	13.1499
1112	12.9687
1113	12.7554
1114	11.8582
1115	11.634
1116	11.0342
1117	12.5866
1118	12.5723
1119	12.0164
1120	11.4329
1121	11.2113
1122	10.8573
1123	10.7875
1124	10.5511
1125	10.4344
1126	12.5074
1127	13.9986
1128	13.497
1129	12.1777
1130	11.6188
1131	11.4322
1132	11.2298
1133	10.8385
1134	10.6762
1135	10.7814
1136	10.6856
1137	10.2864
1138	10.2816
1139	10.2616
1140	10.2704
1141	10.2616
1142	10.2616
1143	10.2616
1144	10.2616
1145	10.2616
1146	10.2689
1147	10.2679
1148	10.2616
1149	10.2616
1150	10.2685
1151	10.2616
1152	10.2616
1153	10.2631
1154	10.2616
1155	10.2616
1156	10.2616
1157	10.2616
1158	10.2616
1159	10.2616
1160	10.2616
1161	10.2802
1162	10.2647
1163	12.2532
1164	11.7586
1165	11.6081
1166	11.0879
1167	11.005
1168	11.1292
1169	12.9535
1170	11.9375
1171	11.2546
1172	10.9547
1173	10.6033
1174	10.3051
1175	12.0215
1176	11.6004
1177	11.0331
1178	10.8857
1179	10.5727
1180	10.419
1181	10.2655
1182	10.2267
1183	10.1841
1184	11.6568
1185	11.1269
1186	10.7965
1187	10.2607
1188	11.7847
1189	11.4377
1190	11.4236
1191	11.2325
1192	10.6978
1193	10.3709
1194	10.2814
1195	10.1451
1196	10.1491
1197	10.1421
1198	10.1421
1199	10.1421
1200	10.1421
1201	10.1421
1202	10.1421
1203	10.1421
1204	10.1421
1205	10.1421
1206	10.1421
1207	11.6705
1208	11.9839
1209	10.9116
1210	10.4882
1211	10.247
1212	10.4142
1213	10.4697
1214	10.2677
1215	10.0237
1216	9.93667
1217	9.90363
1218	9.8925
1219	9.88631
1220	9.87702
1221	9.87182
1222	9.85428
1223	9.85424
1224	11.5455
1225	13.1185
1226	12.6583
1227	12.0419
1228	11.7825
1229	10.5798
1230	10.1224
1231	10.1222
1232	12.0459
1233	11.0741
1234	10.7026
1235	10.4059
1236	9.88003
1237	12.0623
1238	11.3896
1239	10.9311
1240	10.4182
1241	10.1157
1242	10.0078
1243	11.8455
1244	11.6205
1245	11.2742
1246	10.8745
1247	10.3309
1248	10.1559
1249	10.1457
1250	11.8764
1251	11.856
1252	11.2145
1253	11.0865
1254	10.7912
1255	10.5326
1256	10.2016
1257	10.1314
1258	10.0607
1259	9.94646
1260	9.92309
1261	9.92309
1262	9.92172
1263	9.9107
1264	9.8928
1265	9.86388
1266	11.6873
1267	11.6781
1268	11.0663
1269	12.6229
1270	12.2192
1271	11.2176
1272	10.6059
1273	10.0408
1274	9.95587
1275	11.6509
1276	11.1333
1277	10.9692
1278	12.3952
1279	11.8804
1280	12.0423
1281	11.5046
1282	11.2653
1283	10.44
1284	10.3157
1285	9.98376
1286	9.92213
1287	9.95445
1288	9.86688
1289	9.85424
1290	9.85424
1291	9.85424
1292	9.85424
1293	9.85424
1294	9.85424
1295	9.85424
1296	9.85424
1297	9.85424
1298	9.85424
1299	9.85439
1300	9.87656
1301	9.85645
1302	11.6197
1303	10.8805
1304	10.7661
1305	10.3462
1306	10.0981
1307	9.8614
1308	9.89731
1309	9.90507
1310	9.86717
1311	9.85447
1312	9.85424
1313	9.85424
1314	9.85424
1315	9.85424
1316	9.85424
1317	9.8791
1318	9.85424
1319	9.85424
1320	9.85424
1321	9.85424
1322	9.85424
1323	11.5905
1324	11.3525
1325	11.372
1326	11.018
1327	11.2795
1328	10.3789
1329	10.0112
1330	9.94645
1331	9.87555
1332	9.85424
1333	9.85424
1334	9.85424
1335	9.85424
1336	9.85424
1337	9.85424
1338	9.86569
1339	9.85424
1340	9.85424
1341	9.85424
1342	9.85424
1343	9.85424
1344	9.85424
1345	9.85424
1346	9.85424
1347	9.85424
1348	9.85424
1349	9.85424
1350	9.85424
1351	9.85424
1352	9.85424
1353	9.85424
1354	9.85424
1355	9.85428
1356	9.85424
1357	9.85768
1358	9.85424
1359	9.85562
1360	9.85424
1361	9.85424
1362	9.85424
1363	9.85424
1364	9.85424
1365	9.85424
1366	9.85424
1367	9.85424
1368	9.85601
1369	9.85424
1370	9.85424
1371	9.85424
1372	9.85424
1373	9.85424
1374	9.85424
1375	9.85424
1376	9.85738
1377	9.85424
1378	9.85424
1379	9.85424
1380	9.85424
1381	9.85424
1382	9.85424
1383	9.85424
1384	9.85424
1385	11.7165
1386	11.5644
1387	11.1156
1388	10.5462
1389	10.1183
1390	9.92765
1391	9.85424
1392	9.85424
1393	9.85424
1394	9.85424
1395	11.6073
1396	11.5976
1397	11.0118
1398	10.2815
1399	10.0035
1400	9.89204
1401	10.1005
1402	9.85528
1403	9.89855
1404	9.85424
1405	9.85424
1406	9.85424
1407	9.85424
1408	9.85424
1409	9.85424
1410	9.85424
1411	9.85424
1412	9.85424
1413	9.85424
1414	9.85424
1415	9.85424
1416	9.85424
1417	9.85424
1418	11.7054
1419	11.68
1420	10.8682
1421	10.322
1422	9.92051
1423	11.74
1424	11.3931
1425	13.1511
1426	12.6748
1427	11.9239
1428	11.2401
1429	11.2036
1430	10.8028
1431	10.1688
1432	9.87007
1433	9.95871
1434	9.85464
1435	9.85808
1436	9.85428
1437	9.85424
1438	9.85424
1439	9.85424
1440	9.85446
1441	9.85424
1442	9.85424
1443	9.85424
1444	9.85424
1445	9.85424
1446	9.8545
1447	9.86174
1448	9.85424
1449	9.85424
1450	9.85424
1451	9.85424
1452	9.85424
1453	9.85424
1454	9.85424
1455	9.85424
1456	9.85424
1457	9.85424
1458	9.85424
1459	9.85424
1460	9.85424
1461	9.85424
1462	9.85424
1463	9.85424
1464	9.85424
1465	9.85424
1466	9.85424
1467	9.85424
1468	9.85424
1469	9.85424
1470	9.85424
1471	9.85424
1472	9.85424
1473	9.86378
1474	9.86235
1475	9.86164
1476	9.85424
1477	9.85424
1478	11.854
1479	11.8786
1480	11.4152
1481	10.3907
1482	10.1759
1483	9.87512
1484	9.85627
1485	9.85424
1486	9.85424
1487	9.85424
1488	11.4798
1489	10.9182
1490	10.3871
1491	10.0552
1492	9.96973
1493	9.76876
1494	9.7652
1495	9.7652
1496	9.7652
1497	9.7652
1498	9.7652
1499	9.7652
1500	9.76524
1501	9.7652
1502	9.78451
1503	9.76531
1504	9.80743
1505	9.7652
1506	9.7652
1507	9.7652
1508	9.7652
1509	9.7652
1510	9.7652
1511	9.7652
1512	9.7652
1513	9.7652
1514	9.7652
1515	9.7652
1516	9.77248
1517	9.76949
1518	9.76822
1519	9.7652
1520	11.4549
1521	10.8774
1522	10.3551
1523	10.3425
1524	9.77522
1525	9.77531
1526	9.7652
1527	9.7652
1528	9.7652
1529	9.7652
1530	9.7652
1531	9.7652
1532	9.7652
1533	9.7652
1534	9.7652
1535	9.7652
1536	9.7652
1537	9.7652
1538	9.76524
1539	9.76779
1540	9.77074
1541	9.7652
1542	11.2827
1543	10.9804
1544	10.1883
1545	9.7798
1546	9.99679
1547	9.76716
1548	9.77031
1549	9.76613
1550	9.78459
1551	11.4947
1552	10.7711
1553	10.7299
1554	10.3219
1555	10.192
1556	9.82313
1557	9.76643
1558	9.7652
1559	9.7652
1560	9.7652
1561	9.7652
1562	9.7652
1563	9.7652
1564	9.7652
1565	9.7652
1566	9.7652
1567	9.76697
1568	9.77712
1569	9.7652
1570	9.7652
1571	9.7652
1572	9.7652
1573	9.7652
1574	9.7652
1575	11.2368
1576	11.1489
1577	11.1416
1578	10.4542
1579	10.0368
1580	11.4261
1581	10.8614
1582	10.2789
1583	9.83043
1584	9.7652
1585	9.7652
1586	9.7652
1587	9.7652
1588	11.6397
1589	11.156
1590	10.6382
1591	10.3698
1592	9.93618
1593	9.78177
1594	9.7652
1595	9.7652
1596	9.7652
1597	9.7652
1598	11.6794
1599	10.9269
1600	10.3022
1601	9.98675
1602	9.86357
1603	9.76706
1604	9.76531
1605	9.7652
1606	9.7652
1607	9.7652
1608	9.7652
1609	9.7652
1610	9.7652
1611	9.7652
1612	9.7652
1613	9.7652
1614	9.7652
1615	11.4952
1616	11.4955
1617	11.2709
1618	10.2578
1619	10.0181
1620	9.7652
1621	9.7652
1622	9.7652
1623	11.6597
1624	11.5297
1625	12.3057
1626	11.8905
1627	11.303
1628	10.7387
1629	10.2842
1630	10.1681
1631	10.3241
1632	9.82865
1633	9.76524
1634	9.7652
1635	9.7652
1636	9.7652
1637	9.7652
1638	9.7652
1639	9.7652
1640	9.7652
1641	9.76542
1642	9.7652
1643	9.7652
1644	9.7652
1645	9.7652
1646	9.7652
1647	11.5054
1648	11.1358
1649	10.7839
1650	10.0332
1651	9.81215
1652	9.92613
1653	9.7652
1654	9.7652
1655	11.3052
1656	10.6566
1657	9.99458
1658	9.84713
1659	9.78843
1660	9.7652
1661	9.76857
1662	9.7652
1663	9.7652
1664	11.578
1665	10.9662
1666	10.3792
1667	9.97565
1668	9.98986
1669	9.7652
1670	9.7652
1671	9.7652
1672	9.7652
1673	9.7652
1674	9.7652
1675	9.7652
1676	9.7652
1677	9.7652
1678	9.7652
1679	9.7652
1680	9.7652
1681	9.7652
1682	11.5066
1683	11.4807
1684	10.9026
1685	10.4729
1686	10.3169
1687	9.84169
1688	9.79971
1689	9.78356
1690	9.7652
1691	11.5619
1692	11.2017
1693	10.3818
1694	9.91364
1695	9.77115
1696	9.7652
1697	9.7652
1698	9.7652
1699	9.7652
1700	9.7652
1701	9.7652
1702	9.7652
1703	9.7652
1704	9.7652
1705	9.7652
1706	9.7652
1707	11.2927
1708	10.6621
1709	9.97773
1710	12.009
1711	11.2492
1712	10.7788
1713	10.8929
1714	10.2514
1715	10.4463
1716	10.0096
1717	9.83577
1718	9.7652
1719	9.7652
1720	9.76542
1721	9.7652
1722	9.7652
1723	9.7652
1724	9.80654
1725	9.79436
1726	9.77652
1727	9.7652
1728	9.7652
1729	9.7652
1730	9.76727
1731	9.7652
1732	9.7652
1733	9.76524
1734	9.7652
1735	9.7652
1736	9.7652
1737	9.7652
1738	9.7652
1739	9.7652
1740	9.7652
1741	9.7652
1742	9.7652
1743	9.7652
1744	9.7652
1745	9.7652
1746	9.77256
1747	9.7652
1748	9.7652
1749	9.7652
1750	9.7652
1751	9.7652
1752	11.5561
1753	13.077
1754	12.4881
1755	11.578
1756	11.0425
1757	10.6247
1758	10.29
1759	10.0709
1760	10.0348
1761	10.023
1762	10.0192
1763	10.0144
1764	10.0142
1765	10.0142
1766	10.0142
1767	10.0142
1768	12.0125
1769	11.5638
1770	11.369
1771	12.8197
1772	12.4222
1773	11.376
1774	10.6429
1775	10.623
1776	12.3701
1777	11.8325
1778	11.0965
1779	10.5559
1780	10.3045
1781	10.1438
1782	10.0983
1783	10.0142
1784	10.0142
1785	10.0142
1786	10.016
1787	10.0285
1788	10.0146
1789	11.5994
1790	11.4609
1791	10.8065
1792	10.2159
1793	10.022
1794	10.0209
1795	10.0142
1796	10.0142
1797	10.0142
1798	10.0142
1799	10.0142
1800	11.9848
1801	11.1791
1802	11.087
1803	10.6889
1804	10.4059
1805	10.023
1806	10.0329
1807	10.0186
1808	10.0165
1809	10.071
1810	10.0411
1811	10.0142
1812	10.0142
1813	10.0142
1814	11.5604
1815	10.8347
1816	10.4886
1817	10.3708
1818	12.2736
1819	11.8533
1820	11.1944
1821	10.5659
1822	10.2386
1823	10.0422
1824	10.0886
1825	10.0625
1826	10.0291
1827	10.0142
1828	10.0142
1829	10.0231
1830	10.0431
1831	10.0146
1832	10.1105
1833	10.0379
1834	10.0142
1835	10.0413
1836	10.0286
1837	10.0142
1838	10.0142
1839	10.0143
1840	10.0142
1841	10.0142
1842	10.0142
1843	10.0142
1844	10.0142
1845	10.0166
1846	10.0142
1847	10.0142
1848	10.0143
1849	10.0142
1850	10.0142
1851	10.0142
1852	10.0142
1853	10.0142
1854	10.0142
1855	10.0142
1856	10.0142
1857	10.0101
1858	9.99796
1859	9.98575
1860	9.95748
1861	9.89675
1862	9.91
1863	9.91396
1864	9.94805
1865	10.0019
1866	9.88022
1867	11.6049
1868	11.0555
1869	10.4918
1870	10.0666
1871	9.98316
1872	9.88753
1873	9.85041
1874	9.78629
1875	9.77969
1876	9.76627
1877	9.7652
1878	9.7652
1879	9.7652
1880	9.7652
1881	9.77743
1882	9.77626
1883	9.7652
1884	9.77597
1885	9.79061
1886	9.79417
1887	9.79939
1888	9.76947
1889	9.7652
1890	9.7652
1891	9.7652
1892	9.7652
1893	9.7652
1894	9.7652
1895	9.7652
1896	9.7652
1897	9.7652
1898	9.7652
1899	9.7652
1900	9.7652
1901	9.7652
1902	9.7652
1903	9.7652
1904	9.7652
1905	9.7652
1906	9.7652
1907	9.7652
1908	9.7652
1909	9.7735
1910	9.78853
1911	9.7652
1912	9.7652
1913	9.7652
1914	9.7652
1915	9.7652
1916	9.7652
1917	11.6631
1918	11.6927
1919	11.2053
1920	10.7156
1921	10.2275
1922	9.80423
1923	9.7652
1924	9.7784
1925	9.7652
1926	9.7652
1927	9.7652
1928	9.7652
1929	9.7652
1930	9.7652
1931	9.7652
1932	9.7652
1933	9.7652
1934	9.7652
1935	9.7652
1936	9.7652
1937	9.7652
1938	9.7652
1939	9.76542
1940	9.78227
1941	9.7652
1942	9.7652
1943	9.7652
1944	9.7652
1945	9.7652
1946	9.7652
1947	9.7652
1948	9.76501
1949	9.75693
1950	9.6974
1951	9.58286
1952	9.56209
1953	9.43981
1954	9.39889
1955	9.39889
1956	9.39889
1957	9.39889
1958	9.39889
1959	9.399
1960	9.39911
1961	9.39889
1962	9.39889
1963	9.39889
1964	9.40832
1965	9.40804
1966	9.42153
1967	9.54102
1968	11.5691
1969	10.8749
1970	10.401
1971	10.1471
1972	9.64609
1973	9.44988
1974	9.39896
1975	9.39889
1976	9.39915
1977	9.39889
1978	9.39889
1979	9.39889
1980	9.39889
1981	9.39889
1982	9.39889
1983	9.39889
1984	9.39889
1985	9.39889
1986	9.39889
1987	9.39889
1988	9.39889
1989	9.39889
1990	9.39889
1991	9.39889
1992	9.40123
1993	9.45181
1994	9.76404
1995	9.76988
1996	9.73913
1997	9.61796
1998	9.45358
1999	9.46258
2000	9.44441
2001	9.39889
2002	9.39889
2003	9.39889
2004	9.39889
2005	9.399
2006	11.3438
2007	11.0514
2008	10.607
2009	10.4145
2010	9.85875
2011	9.59478
2012	9.42135
2013	11.5746
2014	11.1988
2015	10.5116
2016	9.77842
2017	9.54178
2018	9.58833
2019	9.49329
2020	9.40982
2021	9.39893
2022	9.39889
2023	9.39889
2024	9.39889
2025	9.39889
2026	9.42793
2027	11.1082
2028	12.9981
2029	12.4505
2030	11.3208
2031	10.6442
2032	9.96167
2033	9.87788
2034	9.69301
2035	9.42024
2036	9.43169
2037	9.42363
2038	9.40931
2039	9.39889
2040	9.39889
2041	9.39889
2042	9.39889
2043	11.0427
2044	10.7791
2045	10.3159
2046	9.90386
2047	9.68941
2048	9.5101
2049	11.2285
2050	11.0376
2051	12.9719
2052	12.1398
2053	11.068
2054	10.3365
2055	10.1373
2056	9.95713
2057	9.70354
2058	11.6022
2059	11.1752
2060	10.5267
2061	10.1405
2062	9.77691
2063	9.69655
2064	9.69655
2065	9.6906
2066	9.66272
2067	9.65892
2068	9.55064
2069	9.49428
2070	9.47795
2071	9.4511
2072	11.0078
2073	10.9072
2074	10.6523
2075	9.90718
2076	11.4748
2077	10.7323
2078	9.81271
2079	9.50509
2080	9.39889
2081	9.39889
2082	9.39889
2083	9.39889
2084	9.39889
2085	9.39889
2086	9.39889
2087	9.39889
2088	9.40098
2089	9.42747
2090	9.39889
2091	9.40462
2092	9.399
2093	9.39889
2094	9.39889
2095	9.41118
2096	11.2542
2097	11.1224
2098	10.5993
2099	10.1029
2100	9.8602
2101	9.43006
2102	9.39889
2103	9.39889
2104	9.39889
2105	9.39889
2106	9.39889
2107	9.39889
2108	9.39889
2109	9.39889
2110	9.39889
2111	9.39889
2112	9.39889
2113	9.39889
2114	9.39889
2115	9.40391
2116	9.39889
2117	9.39889
2118	9.39889
2119	9.39889
2120	9.39889
2121	9.4298
2122	9.41719
2123	9.40438
2124	11.5673
2125	11.2386
2126	10.6825
2127	10.0207
2128	9.77356
2129	9.80317
2130	11.8252
2131	11.5245
2132	11.5339
2133	10.4837
2134	10.149
2135	9.83848
2136	9.76634
2137	9.7931
2138	9.79721
2139	9.73807
2140	9.635
2141	9.69125
2142	9.53726
2143	9.44798
2144	9.44356
2145	9.43612
2146	9.42495
2147	9.4082
2148	9.40317
2149	9.40287
2150	9.39889
2151	9.40588
2152	9.39889
2153	9.39889
2154	9.39889
2155	9.39889
2156	9.39889
2157	9.39889
2158	9.39889
2159	9.39889
2160	9.39889
2161	9.39889
2162	9.39889
2163	9.39889
2164	9.39889
2165	9.39889
2166	9.39889
2167	9.39889
2168	9.39889
2169	9.39889
2170	9.39889
2171	9.39889
2172	9.39889
2173	9.39889
2174	9.39889
2175	9.39889
2176	9.39889
2177	9.39889
2178	9.39889
2179	9.39889
2180	9.39889
2181	11.4487
2182	11.0287
2183	10.762
2184	10.2006
2185	9.98336
2186	9.87654
2187	9.81025
2188	9.40504
2189	9.39889
2190	11.4128
2191	11.1449
2192	10.6222
2193	10.1637
2194	9.85618
2195	9.86474
2196	11.6933
2197	12.6052
2198	12.1554
2199	11.4007
2200	10.707
2201	10.0648
2202	9.55506
2203	9.63061
2204	9.51497
2205	9.54908
2206	9.44702
2207	9.39889
2208	9.39889
2209	9.39889
2210	9.39889
2211	9.39889
2212	9.39889
2213	9.39889
2214	9.39889
2215	9.39889
2216	9.4181
2217	9.41324
2218	9.42377
2219	9.39889
2220	9.39889
2221	9.40564
2222	9.39889
2223	9.39889
2224	9.39889
2225	9.41458
2226	9.39889
2227	9.39889
2228	9.39889
2229	9.39889
2230	9.40744
2231	9.39889
2232	9.39889
2233	9.39889
2234	9.39889
2235	9.39889
2236	9.39889
2237	9.39889
2238	9.39893
2239	9.39889
2240	9.41821
2241	9.39889
2242	9.40575
2243	9.399
2244	9.39889
2245	9.41025
2246	9.39889
2247	9.39889
2248	9.40392
2249	9.43816
2250	9.39889
2251	9.39889
2252	9.39889
2253	9.39889
2254	9.39889
2255	9.39889
2256	9.39889
2257	9.39889
2258	9.39889
2259	9.39922
2260	9.39889
2261	9.39889
2262	9.39889
2263	9.40187
2264	9.39889
2265	9.39893
2266	9.39889
2267	9.39889
2268	9.39889
2269	9.39889
2270	9.39889
2271	9.39889
2272	9.39889
2273	9.39889
2274	9.41339
2275	9.39889
2276	9.39889
2277	9.41013
2278	9.40904
2279	9.39889
2280	9.39889
2281	9.39889
2282	9.41166
2283	9.39889
2284	9.39912
2285	9.39889
2286	9.39889
2287	9.39889
2288	9.39889
2289	9.39889
2290	9.39889
2291	9.40015
2292	9.39889
2293	9.39889
2294	9.39889
2295	9.39889
2296	9.39889
2297	9.39889
2298	9.39889
2299	9.39889
2300	9.39889
2301	11.3299
2302	11.1721
2303	10.6049
2304	10.2414
2305	9.80278
2306	9.54416
2307	9.58026
2308	11.3073
2309	11.2208
2310	11.0148
2311	10.4939
2312	9.95861
2313	9.76882
2314	10.1342
2315	9.59184
2316	9.41484
2317	9.39889
2318	9.39889
2319	9.39889
2320	9.40174
2321	9.39974
2322	9.39889
2323	11.1297
2324	10.5141
2325	9.90389
2326	9.53333
2327	9.51135
2328	9.46537
2329	9.4092
2330	9.419
2331	11.195
2332	11.0051
2333	10.3856
2334	9.92911
2335	9.67743
2336	9.49881
2337	9.44906
2338	9.39889
2339	9.41766
2340	9.39889
2341	9.39889
2342	9.39889
2343	9.39889
2344	9.39889
2345	9.39889
2346	9.39889
2347	9.39889
2348	9.39889
2349	9.39889
2350	9.39889
2351	9.39889
2352	9.39889
2353	10.8243
2354	10.4102
2355	9.6942
2356	9.52624
2357	9.41159
2358	9.39889
2359	9.39912
2360	9.39889
2361	9.39889
2362	9.39889
2363	9.39889
2364	9.39889
2365	9.39889
2366	9.39889
2367	9.39889
2368	9.39889
2369	9.39889
2370	9.39889
2371	9.39889
2372	11.249
2373	11.1021
2374	10.87
2375	10.1155
2376	10.0002
2377	9.57001
2378	9.51213
2379	9.55369
2380	9.46017
2381	9.41448
2382	9.39889
2383	9.39889
2384	9.39889
2385	9.39889
2386	9.39889
2387	9.39889
2388	9.39889
2389	9.39889
2390	9.39889
2391	9.39889
2392	9.39889
2393	9.39889
2394	9.39889
2395	11.388
2396	10.9749
2397	12.3033
2398	11.8593
2399	11.3519
2400	10.481
2401	10.0027
2402	10.1521
2403	9.9057
2404	9.78469
2405	9.47638
2406	9.39889
2407	9.39889
2408	9.399
2409	9.40564
2410	9.39889
2411	9.39889
2412	9.39889
2413	9.39889
2414	9.39889
2415	9.39889
2416	9.39889
2417	9.39889
2418	9.39889
2419	9.39889
2420	9.39889
2421	9.39889
2422	9.39889
2423	9.39889
2424	9.39889
2425	9.39889
2426	9.39889
2427	9.39889
2428	9.39889
2429	9.39889
2430	9.39889
2431	9.39889
2432	9.39889
2433	11.2666
2434	10.692
2435	12.8636
2436	12.0723
2437	11.2449
2438	12.5661
2439	12.152
2440	11.8169
2441	10.8774
2442	10.5278
2443	10.1538
2444	9.8725
2445	9.78028
2446	9.77302
2447	9.77234
2448	9.77234
2449	9.77234
2450	9.77234
2451	9.77234
2452	9.81581
2453	9.81712
2454	9.78304
2455	9.77234
2456	9.77234
2457	9.77234
2458	9.77234
2459	9.77234
2460	9.77234
2461	9.77234
2462	9.77234
2463	9.77234
2464	9.77234
2465	9.77234
2466	9.77234
2467	9.77234
2468	9.77234
2469	9.77234
2470	9.77234
2471	9.77234
2472	9.77234
2473	9.77234
2474	9.77234
2475	9.77234
2476	9.77234
2477	9.77237
2478	9.77245
2479	9.77234
2480	11.2554
2481	10.7858
2482	10.3546
2483	10.0147
2484	9.90175
2485	9.86124
2486	9.77234
2487	9.77234
2488	9.77234
2489	9.77234
2490	9.77067
2491	9.78117
2492	9.78226
2493	9.72723
2494	9.70287
2495	9.70143
2496	9.68745
2497	9.68745
2498	9.68745
2499	9.68752
2500	9.68745
2501	9.68745
2502	9.68745
2503	9.68745
2504	9.68745
2505	9.68745
2506	9.68745
2507	9.68745
2508	9.68745
2509	9.68424
2510	9.66179
2511	9.65727
2512	11.7361
2513	10.5892
2514	10.0407
2515	9.9455
2516	9.73496
2517	9.57759
2518	9.53128
2519	11.2191
2520	10.4028
2521	9.91599
2522	9.8083
2523	11.6731
2524	10.9764
2525	10.5289
2526	9.72659
2527	9.6501
2528	11.5841
2529	11.1356
2530	10.7194
2531	9.8795
2532	9.66683
2533	9.5703
2534	9.50271
2535	9.4926
2536	9.48793
2537	9.48793
2538	9.48793
2539	9.48793
2540	9.48793
2541	9.48793
2542	9.48793
2543	9.48793
2544	9.48793
2545	9.48793
2546	9.49614
2547	9.48793
2548	9.48793
2549	9.48793
2550	9.48793
2551	9.48793
2552	9.48793
2553	9.48793
2554	9.48793
2555	9.48793
2556	9.48793
2557	9.48793
2558	11.1661
2559	10.8065
2560	10.3165
2561	9.79686
2562	11.7803
2563	11.0699
2564	10.3925
2565	9.94969
2566	9.74502
2567	9.48793
2568	9.53806
2569	9.57441
2570	9.48996
2571	9.60709
2572	9.53688
2573	9.58308
2574	9.48793
2575	9.48816
2576	9.48793
2577	9.49156
2578	9.48793
2579	9.48793
2580	9.48793
2581	9.48793
2582	9.48793
2583	9.48793
2584	11.0181
2585	10.7454
2586	10.3712
2587	10.0054
2588	9.91122
2589	9.84903
2590	9.55753
2591	9.54152
2592	9.56852
2593	9.49524
2594	9.48793
2595	9.48793
2596	9.49301
2597	9.49984
2598	9.49656
2599	9.48793
2600	9.49323
2601	9.48793
2602	9.48793
2603	9.48793
2604	9.48793
2605	9.48793
2606	9.48793
2607	11.1381
2608	10.8936
2609	10.2739
2610	9.78809
2611	9.63949
2612	9.48793
2613	9.48793
2614	9.48793
2615	9.48793
2616	9.48793
2617	9.48837
2618	9.48793
2619	9.48793
2620	9.48793
2621	9.48793
2622	9.48793
2623	9.48793
2624	9.48793
2625	9.48793
2626	9.48793
2627	9.48793
2628	9.48793
2629	9.50186
2630	9.48797
2631	9.48793
2632	9.48793
2633	9.48793
2634	11.7337
2635	11.335
2636	10.6705
2637	10.0298
2638	9.74383
2639	9.62654
2640	9.63019
2641	11.6374
2642	12.7354
2643	12.2389
2644	11.0321
2645	10.0859
2646	9.90642
2647	9.68346
2648	9.63129
2649	9.53427
2650	9.53033
2651	9.53033
2652	9.53033
2653	9.53033
2654	9.53033
2655	9.53033
2656	9.53014
2657	9.52879
2658	9.5257
2659	9.52261
2660	9.52183
2661	9.52068
2662	9.52068
2663	9.52068
2664	9.52068
2665	9.52068
2666	9.52068
2667	9.52068
2668	9.52068
2669	9.52068
2670	11.1402
2671	10.6334
2672	10.1204
2673	12.1757
2674	11.9647
2675	11.5747
2676	10.8737
2677	10.4411
2678	10.0333
2679	9.73983
2680	9.66893
2681	9.52106
2682	9.52106
2683	9.52068
2684	9.52068
2685	9.52068
2686	9.52068
2687	9.52068
2688	9.52068
2689	9.52068
2690	9.52068
2691	9.52068
2692	9.52068
2693	9.52481
2694	9.52068
2695	9.52068
2696	9.52068
2697	9.55788
2698	9.60723
2699	9.52068
2700	9.52068
2701	9.52068
2702	9.52068
2703	9.52068
2704	9.52068
2705	9.52068
2706	9.52068
2707	9.52068
2708	9.52068
2709	9.52068
2710	9.52068
2711	9.52068
2712	9.52068
2713	9.52068
2714	11.4792
2715	10.9837
2716	10.6028
2717	10.4509
2718	9.95762
2719	9.66863
2720	11.984
2721	11.8495
2722	11.1738
2723	10.7058
2724	10.3369
2725	9.753
2726	9.58018
2727	9.86801
2728	9.5394
2729	9.53929
2730	9.52562
2731	9.51836
2732	11.4787
2733	11.1646
2734	11.0732
2735	10.3066
2736	9.63678
2737	9.51836
2738	9.51836
2739	9.51836
2740	9.51836
2741	9.51836
2742	9.51836
2743	9.51836
2744	9.51836
2745	9.51836
2746	9.51836
2747	9.51836
2748	9.51836
2749	9.51836
2750	9.51836
2751	11.238
2752	10.5944
2753	10.071
2754	9.87505
2755	11.9568
2756	11.1653
2757	10.9811
2758	10.1189
2759	9.9863
2760	9.80519
2761	9.54197
2762	9.52779
2763	9.51836
2764	11.2934
2765	10.9646
2766	10.7473
2767	10.2927
2768	9.81795
2769	9.75831
2770	9.66306
2771	9.65529
2772	9.51836
2773	9.51836
2774	9.51836
2775	9.51836
2776	9.51836
2777	11.5592
2778	10.8578
2779	10.2533
2780	9.93128
2781	9.77984
2782	9.67917
2783	9.53317
2784	9.5215
2785	9.52066
2786	9.51836
2787	9.51836
2788	11.656
2789	11.3944
2790	10.9189
2791	10.4207
2792	10.2422
2793	9.67738
2794	9.63026
2795	9.46569
2796	9.4633
2797	9.4633
2798	9.4633
2799	11.4511
2800	10.8731
2801	10.3687
2802	10.2042
2803	9.63174
2804	9.5171
2805	9.47026
2806	9.46694
2807	11.107
2808	10.8193
2809	10.2127
2810	9.77785
2811	9.72319
2812	9.51012
2813	9.55874
2814	9.47138
2815	9.48052
2816	9.47875
2817	9.4633
2818	10.9282
2819	10.6
2820	9.87875
2821	9.70918
2822	9.59476
2823	9.4633
2824	9.4633
2825	9.48381
2826	9.4633
2827	9.4633
2828	9.46349
2829	9.48982
2830	9.4746
2831	9.4633
2832	9.4633
2833	9.47044
2834	11.0825
2835	10.5016
2836	10.2419
2837	9.74611
2838	9.56539
2839	11.6533
2840	10.8332
2841	10.3007
2842	9.96204
2843	9.69268
2844	9.4633
2845	9.4633
2846	9.4633
2847	9.4633
2848	11.2431
2849	10.4363
2850	9.92465
2851	9.52294
2852	9.51965
2853	9.46526
2854	9.47241
2855	9.4633
2856	9.4633
2857	9.4633
2858	9.4633
2859	9.4633
2860	10.9133
2861	10.2344
2862	9.76077
2863	9.51694
2864	9.4633
2865	9.4633
2866	9.4633
2867	9.46349
2868	9.4633
2869	9.4633
2870	9.48512
2871	9.4633
2872	9.4633
2873	9.4633
2874	9.4633
2875	9.4633
2876	9.4633
2877	9.4633
2878	9.4633
2879	9.4633
2880	9.4633
2881	9.4633
2882	9.4633
2883	9.4633
2884	9.4633
2885	9.4633
2886	9.51805
2887	9.4633
2888	9.4633
2889	9.4633
2890	9.4633
2891	9.4633
2892	9.4633
2893	9.4633
2894	9.4633
2895	9.4633
2896	9.4633
2897	9.4633
2898	9.4633
2899	9.4633
2900	10.9969
2901	10.8005
2902	10.2264
2903	9.75911
2904	9.79762
2905	9.69953
2906	9.4633
2907	9.4633
2908	9.4633
2909	9.4633
2910	9.4633
2911	9.48682
2912	9.63169
2913	11.4979
2914	10.9069
2915	10.7117
2916	10.1278
2917	9.92215
2918	9.633
2919	9.77289
2920	9.80211
2921	9.51845
2922	9.47495
2923	9.4633
2924	9.4633
2925	9.4633
2926	9.48059
2927	9.46938
2928	9.46533
2929	11.7929
2930	11.1709
2931	10.3558
2932	9.9698
2933	9.73486
2934	9.46803
2935	9.4633
2936	9.46769
2937	9.46363
2938	9.4633
2939	9.4669
2940	9.51155
2941	9.46835
2942	11.2861
2943	10.9993
2944	10.6298
2945	9.86553
2946	9.60641
2947	9.49675
2948	9.4633
2949	9.46506
2950	9.4633
2951	9.4667
2952	9.48757
2953	9.48749
2954	9.46846
2955	9.49142
2956	9.4633
2957	9.4633
2958	9.4633
2959	9.4633
2960	9.4633
2961	9.4633
2962	9.4677
2963	9.51718
2964	9.49252
2965	9.47123
2966	9.46809
2967	9.49556
2968	9.4633
2969	9.4633
2970	9.4633
2971	9.4633
2972	9.4633
2973	9.4633
2974	9.4633
2975	11.175
2976	10.8218
2977	9.98646
2978	9.68059
2979	9.49296
2980	9.4633
2981	9.4633
2982	9.4633
2983	9.4633
2984	9.4633
2985	9.4633
2986	9.4633
2987	9.4633
2988	9.4633
2989	9.4633
2990	11.3692
2991	11.2402
2992	11.2024
2993	10.3792
2994	10.2489
2995	9.75673
2996	9.68834
2997	9.57459
2998	9.52702
2999	9.51661
3000	9.51381
3001	9.4633
3002	9.4633
3003	9.4633
3004	9.4633
3005	9.4633
3006	9.4633
3007	9.4633
3008	9.46821
3009	9.4633
3010	9.4633
3011	9.4633
3012	9.4633
3013	9.4633
3014	9.4633
3015	9.4633
3016	9.46506
3017	9.4633
3018	9.4633
3019	9.4633
3020	9.47207
3021	9.4633
3022	9.4633
3023	9.4633
3024	9.49564
3025	9.46605
3026	9.4633
3027	9.4633
3028	9.4633
3029	9.4633
3030	9.4633
3031	9.4633
3032	9.46533
3033	9.4633
3034	9.4633
3035	9.4633
3036	9.4633
3037	9.4633
3038	9.4633
3039	9.4633
3040	9.4633
3041	9.4633
3042	9.4633
3043	9.4633
3044	9.4633
3045	9.4633
3046	11.1768
3047	10.9542
3048	10.9143
3049	10.4236
3050	10.0085
3051	9.5986
3052	9.58595
3053	9.53299
3054	9.47973
3055	9.4672
3056	9.4633
3057	9.4633
3058	9.4633
3059	11.1223
3060	11.0128
3061	10.6656
3062	10.0917
3063	9.82263
3064	9.53449
3065	9.48872
3066	9.54668
3067	11.7704
3068	11.3059
3069	10.4659
3070	9.7648
3071	9.62664
3072	9.54086
3073	9.37917
3074	9.37425
3075	9.37425
3076	9.37425
3077	9.37425
3078	9.37728
3079	9.43655
3080	9.37425
3081	9.37425
3082	9.37622
3083	9.5396
3084	9.3974
3085	9.39624
3086	9.37425
3087	9.37425
3088	9.37425
3089	9.37425
3090	9.37425
3091	9.37425
3092	9.37425
3093	9.37425
3094	9.37425
3095	9.37425
3096	9.37425
3097	9.37678
3098	9.37425
3099	9.37503
3100	9.40177
3101	9.37425
3102	9.37425
3103	9.37425
3104	11.1504
3105	10.7675
3106	10.5799
3107	10.3276
3108	9.96655
3109	9.88246
3110	9.66834
3111	9.76431
3112	9.79582
3113	9.4106
3114	11.5487
3115	10.6675
3116	10.6596
3117	10.0651
3118	9.4734
3119	9.50648
3120	9.50015
3121	9.52023
3122	9.57545
3123	9.3983
3124	9.37621
3125	9.37478
3126	9.37425
3127	9.37425
3128	9.37425
3129	9.37425
3130	11.0407
3131	11.0718
3132	10.7903
3133	9.98338
3134	9.56442
3135	9.76738
3136	9.5206
3137	9.4737
3138	9.37445
3139	11.4327
3140	10.956
3141	10.924
3142	10.5122
3143	10.1756
3144	9.92994
3145	9.64567
3146	9.40197
3147	9.38928
3148	11.6967
3149	11.2188
3150	10.8251
3151	10.2164
3152	9.91644
3153	9.43633
3154	9.41802
3155	9.40446
3156	9.37425
3157	9.37425
3158	11.1974
3159	10.9844
3160	10.5477
3161	10.0251
3162	10.0304
3163	9.83066
3164	9.663
3165	9.57605
3166	9.39339
3167	9.37425
3168	9.37425
3169	9.37425
3170	9.46471
3171	9.37425
3172	9.41077
3173	11.3282
3174	11.0818
3175	10.3209
3176	10.0911
3177	11.3161
3178	13.3167
3179	12.4246
3180	11.6593
3181	10.9654
3182	10.4844
3183	9.93134
3184	9.91616
3185	9.72491
3186	9.56182
3187	9.44733
3188	9.37611
3189	11.3286
3190	13.3149
3191	12.8071
3192	11.4633
3193	11.15
3194	12.3713
3195	11.7191
3196	11.1467
3197	10.9952
3198	10.6589
3199	10.0712
3200	10.0944
3201	9.95258
3202	9.84585
3203	9.81959
3204	11.658
3205	11.6454
3206	10.9204
3207	10.0432
3208	10.017
3209	9.82423
3210	9.82085
3211	9.82479
3212	9.81959
3213	9.81959
3214	9.81959
3215	9.81959
3216	9.81959
3217	9.81959
3218	11.805
3219	11.0617
3220	10.5028
3221	10.0907
3222	9.92395
3223	9.82634
3224	9.81959
3225	9.81959
3226	9.81959
3227	9.84321
3228	9.82351
3229	11.6389
3230	11.2974
3231	10.6646
3232	10.1334
3233	9.9717
3234	9.81959
3235	9.81959
3236	9.81959
3237	9.81959
3238	9.81959
3239	9.85036
3240	9.81959
3241	9.81959
3242	9.82759
3243	9.81959
3244	9.81959
3245	9.81959
3246	9.81959
3247	9.81959
3248	9.81959
3249	9.81959
3250	9.81959
3251	9.81959
3252	9.81959
3253	9.81959
3254	9.81959
3255	9.81959
3256	9.81959
3257	9.81959
3258	9.81959
3259	9.81959
3260	9.81959
3261	9.81959
3262	9.81959
3263	9.81959
3264	9.81959
3265	9.81959
3266	9.81959
3267	9.81959
3268	9.81959
3269	11.5218
3270	11.0642
3271	10.7897
3272	10.3455
3273	10.1242
3274	9.81959
3275	9.81959
3276	9.81959
3277	9.81959
3278	9.81959
3279	9.81959
3280	9.81959
3281	9.81959
3282	9.81959
3283	9.81959
3284	9.81959
3285	9.81959
3286	9.81959
3287	9.81959
3288	9.81959
3289	9.8282
3290	9.858
3291	9.85447
3292	9.85101
3293	9.91374
3294	10.0317
3295	9.85268
3296	9.81959
3297	9.81959
3298	9.81959
3299	9.81959
3300	9.81959
3301	9.81979
3302	9.83338
3303	9.95268
3304	9.85683
3305	9.81959
3306	9.81959
3307	9.81959
3308	11.6689
3309	11.2447
3310	10.3292
3311	10.194
3312	10.1137
3313	10.0964
3314	10.0793
3315	9.81959
3316	9.81959
3317	9.82313
3318	9.83202
3319	9.82165
3320	9.81959
3321	9.81959
3322	9.81959
3323	9.81959
3324	9.81959
3325	9.81959
3326	9.81959
3327	9.82894
3328	12.0722
3329	11.2646
3330	10.5939
3331	10.2116
3332	9.88068
3333	9.88024
3334	9.9955
3335	9.82072
3336	9.81959
3337	9.82464
3338	9.81959
3339	9.81959
3340	9.81959
3341	9.81959
3342	9.81959
3343	9.81959
3344	9.81959
3345	9.81959
3346	9.81959
3347	9.81959
3348	9.81959
3349	9.81959
3350	9.81959
3351	9.81959
3352	11.6987
3353	11.0762
3354	12.8291
3355	12.1059
3356	12.0119
3357	10.9788
3358	10.7657
3359	10.2717
3360	10.1024
3361	9.94576
3362	9.89642
3363	9.89632
3364	9.89621
3365	9.89591
3366	9.89393
3367	9.88279
3368	9.85501
3369	9.82857
3370	9.81073
3371	9.80335
3372	9.8094
3373	9.80232
3374	9.80168
3375	9.79178
3376	9.77033
3377	9.75794
3378	9.75175
3379	9.75175
3380	9.75175
3381	9.75175
3382	9.75278
3383	9.75983
3384	9.75175
3385	9.75175
3386	9.75175
3387	9.75175
3388	9.75175
3389	9.75175
3390	9.75175
3391	9.75175
3392	9.75175
3393	9.75175
3394	12.043
3395	11.634
3396	10.6071
3397	10.1039
3398	9.99824
3399	9.75175
3400	11.2662
3401	11.004
3402	10.2281
3403	9.88505
3404	9.81322
3405	9.75759
3406	9.75175
3407	9.75175
3408	9.75175
3409	9.75175
3410	9.75569
3411	9.75802
3412	9.75175
3413	9.75175
3414	9.75175
3415	9.76664
3416	9.75774
3417	9.75175
3418	9.75175
3419	9.75175
3420	9.75175
3421	9.75175
3422	9.75278
3423	9.75175
3424	9.75175
3425	9.75175
3426	9.75175
3427	9.75175
3428	9.75175
3429	9.75918
3430	9.76111
3431	9.78733
3432	9.75175
3433	9.75175
3434	9.75175
3435	9.75175
3436	9.75175
3437	9.75175
3438	9.75175
3439	9.75175
3440	9.75175
3441	9.75175
3442	9.75175
3443	11.5792
3444	11.4536
3445	11.133
3446	10.853
3447	10.3959
3448	9.93914
3449	9.78421
3450	9.75589
3451	9.75268
3452	9.75175
3453	9.75175
3454	9.75175
3455	9.75175
3456	9.75175
3457	9.75175
3458	9.88965
3459	9.75175
3460	9.75175
3461	9.75175
3462	9.75175
3463	9.75175
3464	9.75175
3465	9.75175
3466	9.75175
3467	9.75175
3468	9.7881
3469	9.96491
3470	9.83775
3471	9.84721
3472	9.75352
3473	9.75175
3474	9.75175
3475	9.75175
3476	9.75175
3477	9.75175
3478	11.5204
3479	11.4079
3480	12.4003
3481	12.0017
3482	11.4406
3483	10.9138
3484	11.0963
3485	11.1995
3486	12.5389
3487	12.2584
3488	11.5278
3489	11.3005
3490	11.0366
3491	10.5924
3492	10.3594
3493	10.1671
3494	10.0605
3495	9.93179
3496	9.80282
3497	9.75991
3498	9.75784
3499	9.75175
3500	9.75175
3501	9.75175
3502	9.75175
3503	9.75175
3504	9.75175
3505	9.75175
3506	9.75175
3507	9.75175
3508	9.75175
3509	9.75175
3510	9.75175
3511	9.75175
3512	9.75175
3513	9.75175
3514	9.75588
3515	9.75175
3516	9.75175
3517	9.75278
3518	9.75175
3519	9.75175
3520	11.6225
3521	12.0031
3522	12.2987
3523	11.0913
3524	10.2936
3525	9.92877
3526	9.81901
3527	9.75175
3528	9.75175
3529	9.75175
3530	9.75175
3531	9.75175
3532	9.75175
3533	9.75175
3534	9.75175
3535	9.75175
3536	9.75268
3537	9.75175
3538	9.75175
3539	9.75175
3540	9.75967
3541	9.76004
3542	9.81763
3543	9.87532
3544	9.75175
3545	9.75175
3546	11.611
3547	11.3086
3548	10.6685
3549	10.26
3550	9.88917
3551	9.83333
3552	9.76294
3553	9.75175
3554	11.6547
3555	12.026
3556	11.4826
3557	10.944
3558	10.5654
3559	10.1791
3560	9.80831
3561	9.77286
3562	9.75175
3563	9.75175
3564	9.75175
3565	9.75175
3566	9.75175
3567	9.75175
3568	9.75175
3569	9.75175
3570	9.75268
3571	9.75175
3572	9.75175
3573	9.75175
3574	11.1891
3575	10.758
3576	10.5686
3577	10.3484
3578	9.93023
3579	9.75175
3580	9.75175
3581	9.75175
3582	9.75175
3583	9.75175
3584	9.75175
3585	9.75175
3586	9.75175
3587	9.75175
3588	9.75175
3589	9.75175
3590	9.75175
3591	9.75175
3592	9.75175
3593	11.5017
3594	11.0085
3595	10.5291
3596	10.1744
3597	10.338
3598	12.1003
3599	11.4413
3600	10.5816
3601	9.94056
3602	9.76566
3603	9.75175
3604	9.75175
3605	9.75175
3606	9.75175
3607	9.75175
3608	9.75175
3609	9.75175
3610	9.75175
3611	9.75175
3612	9.75175
3613	9.75175
3614	9.75382
3615	9.75175
3616	11.9254
3617	11.6601
3618	12.8305
3619	12.7261
3620	11.5875
3621	10.8027
3622	12.5766
3623	12.0808
3624	11.9531
3625	11.045
3626	12.668
3627	11.7321
3628	11.5829
3629	10.853
3630	10.7772
3631	10.5422
3632	10.1867
3633	12.1731
3634	11.4332
3635	11.1945
3636	10.461
3637	10.0775
3638	11.8386
3639	11.1345
3640	11.1571
3641	12.2727
3642	12.0778
3643	11.5949
3644	11.2744
3645	10.5476
3646	10.3043
3647	9.94862
3648	10.1248
3649	9.96851
3650	9.91894
3651	9.87221
3652	9.75175
3653	9.75175
3654	12.0165
3655	11.7691
3656	11.3108
3657	10.801
3658	10.0716
3659	9.85864
3660	9.82002
3661	9.78437
3662	11.681
3663	11.7642
3664	10.4587
3665	11.7148
3666	11.2856
3667	11.1146
3668	12.6877
3669	12.3852
3670	11.8667
3671	10.7393
3672	9.92721
3673	9.78775
3674	9.7581
3675	9.75175
3676	9.75175
3677	9.75246
3678	9.75175
3679	9.75175
3680	9.75246
3681	9.75765
3682	9.75175
3683	9.75175
3684	9.75175
3685	9.75175
3686	9.75175
3687	9.75464
3688	9.75175
3689	9.75454
3690	9.75175
3691	9.75175
3692	9.75175
3693	9.75807
3694	9.75175
3695	9.78805
3696	9.86358
3697	9.87197
3698	9.75278
3699	9.75175
3700	9.75175
3701	9.75175
3702	9.75175
3703	9.75175
3704	9.75175
3705	9.75175
3706	9.75175
3707	9.75175
3708	9.75175
3709	9.75175
3710	9.75175
3711	9.75175
3712	9.75175
3713	9.75963
3714	9.75298
3715	11.871
3716	11.9043
3717	10.7873
3718	10.8141
3719	12.4395
3720	13.5968
3721	12.86
3722	13.6165
3723	11.8089
3724	10.873
3725	9.92591
3726	9.75484
3727	9.76513
3728	9.78873
3729	9.75175
3730	9.75175
3731	9.75175
3732	9.75175
3733	9.75175
3734	9.75175
3735	9.75175
3736	9.75175
3737	11.4038
3738	11.4126
3739	10.8473
3740	10.6681
3741	10.1181
3742	9.97478
3743	12.0908
3744	11.5491
3745	10.5299
3746	10.1342
3747	10.0936
3748	9.76263
3749	9.7617
3750	9.76035
3751	11.3294
3752	11.0091
3753	10.5618
3754	10.5777
3755	9.84999
3756	9.75317
3757	9.75175
3758	9.75175
3759	9.75175
3760	9.75175
3761	9.75175
3762	11.4759
3763	11.0598
3764	11.0639
3765	10.8437
3766	10.3619
3767	12.341
3768	11.6909
3769	11.5246
3770	10.509
3771	9.96665
3772	9.76098
3773	11.5649
3774	13.2671
3775	12.6467
3776	12.0503
3777	11.3766
3778	10.5932
3779	10.3021
3780	10.2224
3781	10.1907
3782	11.8871
3783	12.3142
3784	11.7083
3785	10.9484
3786	10.8909
3787	10.9291
3788	11.1639
3789	10.5301
3790	10.1907
3791	10.1907
3792	10.1907
3793	10.1907
3794	10.1907
3795	10.1907
3796	10.1907
3797	10.1907
3798	10.1921
3799	10.1907
3800	10.1907
3801	10.1907
3802	10.2316
3803	12.2436
3804	11.7945
3805	13.8005
3806	13.5147
3807	12.0427
3808	11.0365
3809	10.4485
3810	10.3152
3811	10.2923
3812	12.1386
3813	12.3419
3814	12.6087
3815	11.7698
3816	11.5486
3817	11.1793
3818	10.3492
3819	10.2075
3820	10.1543
3821	10.1543
3822	10.1543
3823	10.1543
3824	10.1543
3825	10.1543
3826	10.1543
3827	10.1543
3828	12.1321
3829	11.5992
3830	11.4484
3831	11.3759
3832	11.5027
3833	11.4427
3834	11.2331
3835	11.1926
3836	10.2061
3837	10.1583
3838	10.1543
3839	11.9127
3840	11.7721
3841	11.8876
3842	11.408
3843	10.9073
3844	10.5233
3845	10.387
3846	10.1543
3847	10.1543
3848	10.1543
3849	10.1818
3850	10.1605
3851	10.1543
3852	12.0462
3853	13.9857
3854	15.1061
3855	16.3409
3856	14.9854
3857	14.3328
3858	13.6605
3859	13.4784
3860	12.3356
3861	11.8367
3862	11.6774
3863	11.5684
3864	11.5361
3865	11.5361
3866	11.5361
3867	11.5361
3868	11.5371
3869	11.5361
3870	11.536
3871	11.5358
3872	11.5357
3873	11.5357
3874	11.5355
3875	11.5352
3876	11.5336
3877	11.531
3878	11.5266
3879	11.5266
3880	11.5266
3881	11.5266
3882	11.5266
3883	11.5266
3884	13.1376
3885	12.5945
3886	12.2011
3887	14.2196
3888	12.9896
3889	12.2606
3890	11.6505
3891	11.3994
3892	11.4056
3893	11.3685
3894	11.3676
3895	11.3672
3896	11.3335
3897	11.2807
3898	11.2486
3899	11.2309
3900	11.2288
3901	11.2424
3902	13.085
3903	13.0183
3904	12.2844
3905	13.4809
3906	12.1533
3907	11.6551
3908	11.0367
3909	10.7078
3910	10.601
3911	10.3502
3912	10.1966
3913	10.2117
3914	10.153
3915	10.0046
3916	9.96357
3917	9.85287
3918	9.84414
3919	9.84414
3920	9.84414
3921	9.84414
3922	9.84414
3923	11.7418
3924	11.6346
3925	11.3487
3926	10.7421
3927	10.5234
3928	9.96134
3929	9.85386
3930	9.84414
3931	9.84414
3932	9.84414
3933	9.84414
3934	9.84414
3935	9.84414
3936	9.84414
3937	9.84414
3938	9.90194
3939	9.84517
3940	9.90616
3941	9.89189
3942	9.846
3943	9.88807
3944	9.85095
3945	9.86413
3946	9.86222
3947	9.90166
3948	9.84414
3949	9.85386
3950	9.84414
3951	9.84414
3952	9.84453
3953	9.84414
3954	9.84414
3955	9.84414
3956	9.84414
3957	9.84414
3958	9.84414
3959	9.84414
3960	9.84414
3961	9.84414
3962	11.7726
3963	11.4022
3964	11.1015
3965	11.3271
3966	10.6922
3967	10.3895
3968	10.0205
3969	9.92069
3970	9.85245
3971	9.83643
3972	9.84146
3973	12.0101
3974	11.5835
3975	11.1592
3976	10.7323
3977	10.6467
3978	10.2084
3979	9.95394
3980	9.83643
3981	9.83643
3982	9.83643
3983	9.83643
3984	9.83643
3985	9.83643
3986	9.83643
3987	9.83643
3988	9.83643
3989	11.7872
3990	11.4591
3991	11.1004
3992	12.1273
3993	11.383
3994	10.9634
3995	10.7679
3996	10.1986
3997	10.3216
3998	9.9088
3999	9.83643
4000	9.83643
