1	27.8667
2	27.8667
3	27.1489
4	27.0654
5	26.4135
6	25.9886
7	24.858
8	24.5858
9	23.305
10	23.305
11	23.305
12	21.4049
13	21.3883
14	21.3883
15	20.7499
16	20.7499
17	20.7499
18	20.6046
19	20.6046
20	20.6046
21	20.0288
22	19.3955
23	19.3955
24	19.3955
25	19.3955
26	19.3955
27	19.1028
28	18.6412
29	18.6901
30	18.6901
31	18.6901
32	17.8549
33	17.8549
34	17.8549
35	17.8549
36	17.7454
37	17.7454
38	17.716
39	17.716
40	17.716
41	17.716
42	17.5565
43	17.5565
44	17.1593
45	17.1593
46	15.961
47	15.248
48	15.248
49	14.5475
50	14.9198
51	13.6262
52	13.6262
53	13.6218
54	13.6218
55	13.4531
56	13.3327
57	13.3327
58	13.3327
59	13.1834
60	13.1834
61	13.1373
62	12.9922
63	12.9922
64	12.9922
65	12.9922
66	12.5408
67	12.5408
68	12.3194
69	12.3194
70	11.7212
71	11.7212
72	11.7212
73	11.4999
74	11.4999
75	11.4999
76	11.4987
77	11.3404
78	11.3404
79	11.3392
80	11.3392
81	11.1838
82	11.1826
83	11.1826
84	11.1826
85	11.1826
86	11.1826
87	11.1563
88	11.1563
89	11.1563
90	11.1563
91	11.1563
92	11.1563
93	11.1563
94	10.7321
95	10.7321
96	10.7321
97	10.7321
98	10.7321
99	10.6208
100	10.4332
101	10.4332
102	10.4332
103	10.4332
104	10.4332
105	10.4332
106	10.4332
107	10.4332
108	10.4332
109	10.4332
110	10.4255
111	10.4255
112	10.4255
113	11.234
114	10.4255
115	10.4255
116	10.4255
117	10.4255
118	10.4255
119	10.4255
120	10.4255
121	11.4505
122	10.7216
123	10.7216
124	10.7216
125	10.7216
126	10.7216
127	10.7216
128	10.7216
129	10.7216
130	10.6333
131	10.6333
132	10.6333
133	10.6333
134	10.6333
135	10.6333
136	10.6333
137	10.6333
138	10.6333
139	10.6333
140	10.6333
141	10.6333
142	10.6333
143	10.6775
144	10.6775
145	10.6333
146	10.6333
147	10.6333
148	10.6333
149	10.6333
150	10.6333
151	10.6333
152	10.6333
153	10.6333
154	10.6333
155	10.6333
156	10.6333
157	10.6333
158	10.6333
159	10.521
160	10.521
161	10.521
162	10.521
163	10.521
164	10.521
165	10.521
166	10.521
167	10.521
168	10.521
169	10.521
170	10.521
171	10.521
172	10.521
173	10.521
174	10.521
175	10.521
176	10.521
177	10.3132
178	10.3132
179	10.3132
180	10.3132
181	10.3132
182	10.3132
183	10.3132
184	10.3132
185	10.3132
186	10.3132
187	10.3132
188	10.3132
189	10.3132
190	10.3132
191	10.3132
192	10.3132
193	10.3132
194	10.3132
195	10.3132
196	10.3132
197	10.3132
198	10.0432
199	10.0432
200	10.0432
201	9.90325
202	9.90325
203	9.90325
204	9.90325
205	9.90325
206	9.90325
207	9.90325
208	9.90325
209	9.90325
210	9.90325
211	9.90325
212	9.90325
213	9.90325
214	9.90325
215	9.90325
216	9.90325
217	9.90325
218	9.90325
219	9.90325
220	9.90325
221	9.90325
222	9.90325
223	9.90325
224	9.90325
225	9.90325
226	9.90325
227	9.90325
228	9.90325
229	9.90325
230	9.90325
231	9.90325
232	9.90325
233	9.90325
234	9.90325
235	9.90325
236	9.90325
237	9.90325
238	9.90325
239	9.90325
240	9.90325
241	9.90325
242	9.90325
243	9.90325
244	9.90325
245	9.90325
246	9.90325
247	9.90325
248	9.90325
249	9.90325
250	9.90325
251	9.90325
252	9.90325
253	9.90325
254	9.90325
255	9.90325
256	9.90325
257	9.90325
258	9.90325
259	9.90325
260	9.90325
261	9.90325
262	9.90325
263	9.90325
264	9.90325
265	9.90325
266	9.90325
267	9.90325
268	9.90325
269	9.90325
270	9.90325
271	9.90325
272	9.90325
273	9.90325
274	9.90325
275	9.90325
276	9.90325
277	9.90325
278	9.90325
279	9.90325
280	9.90325
281	9.90325
282	9.90325
283	9.90325
284	9.90325
285	9.90325
286	9.90325
287	9.90325
288	9.90325
289	9.90325
290	9.90325
291	9.90325
292	9.90325
293	9.90325
294	9.90325
295	9.90325
296	9.90325
297	9.90325
298	9.90325
299	9.90325
300	9.90325
301	9.90325
302	9.90325
303	9.90325
304	9.90325
305	9.90325
306	9.90325
307	9.90325
308	9.90325
309	9.90325
310	9.90325
311	9.90325
312	9.90325
313	9.90325
314	9.90325
315	9.90325
316	9.90325
317	9.92739
318	9.90325
319	9.90325
320	9.90325
321	9.90325
322	9.90325
323	9.90325
324	9.90325
325	9.90325
326	9.90325
327	9.90325
328	9.90325
329	9.90325
330	9.90325
331	9.90325
332	9.90325
333	9.90325
334	9.90325
335	9.90325
336	9.90325
337	9.90325
338	9.90325
339	9.90325
340	9.90325
341	9.90325
342	9.90325
343	9.90325
344	9.90325
345	9.90325
346	9.90325
347	9.90325
348	9.90325
349	9.90325
350	9.8651
351	9.8651
352	9.95832
353	9.8651
354	9.8651
355	9.8651
356	9.8651
357	10.9505
358	10.4118
359	10.4118
360	10.4118
361	10.3456
362	9.88153
363	9.88153
364	9.88153
365	9.88153
366	9.88153
367	9.88153
368	9.88153
369	9.88153
370	9.8651
371	9.8651
372	9.8651
373	9.8651
374	9.8651
375	9.8651
376	9.8651
377	9.8651
378	9.8651
379	9.8651
380	9.8651
381	9.8651
382	9.8651
383	9.8651
384	9.8651
385	9.8651
386	9.8651
387	9.8651
388	9.8651
389	9.8651
390	9.8651
391	9.8651
392	9.8651
393	9.8651
394	9.8651
395	9.8651
396	9.8651
397	9.8651
398	9.8651
399	9.8651
400	9.8651
401	9.8651
402	9.8651
403	9.8651
404	9.8651
405	9.8651
406	9.8651
407	9.8651
408	9.8651
409	9.8651
410	9.8651
411	9.8651
412	9.8651
413	9.8651
414	9.8651
415	9.8651
416	9.8651
417	9.8651
418	9.8651
419	9.8651
420	9.8651
421	9.8651
422	9.8651
423	9.8651
424	9.8651
425	9.8651
426	9.8651
427	9.8651
428	9.8651
429	9.8651
430	9.8651
431	9.8651
432	9.8651
433	9.8651
434	9.8651
435	9.8651
436	9.8651
437	9.8651
438	9.8651
439	9.8651
440	9.8651
441	9.8651
442	9.8651
443	9.8651
444	9.8651
445	9.8651
446	9.8651
447	9.8651
448	9.8651
449	9.8651
450	9.8651
451	9.8651
452	9.8651
453	9.8651
454	9.8651
455	9.8651
456	9.8651
457	9.8651
458	9.8651
459	9.8651
460	9.8651
461	9.8651
462	9.8651
463	9.8651
464	9.8651
465	9.8651
466	9.8651
467	9.8651
468	9.8651
469	9.8651
470	9.8651
471	9.8651
472	9.8651
473	9.8651
474	9.8651
475	9.8651
476	9.8651
477	9.8651
478	9.8651
479	9.8651
480	9.8651
481	9.8651
482	9.8651
483	9.8651
484	9.8651
485	9.8651
486	9.8651
487	9.8651
488	9.8651
489	9.8651
490	9.8651
491	9.8651
492	9.8651
493	9.8651
494	9.8651
495	9.8651
496	9.8651
497	9.8651
498	9.8651
499	9.8651
500	9.8651
501	9.8651
502	9.8651
503	9.8651
504	9.8651
505	9.8651
506	9.8651
507	9.8651
508	9.8651
509	9.8651
510	9.8651
511	9.8651
512	9.8651
513	9.8651
514	9.8651
515	9.8651
516	9.8651
517	9.8651
518	9.8651
519	9.8651
520	9.8651
521	9.8651
522	9.8651
523	9.8651
524	9.8651
525	9.8651
526	9.8651
527	9.8651
528	9.8651
529	9.8651
530	9.8651
531	9.8651
532	9.8651
533	9.8651
534	9.8651
535	9.8651
536	9.8651
537	9.8651
538	9.8651
539	9.8651
540	9.8651
541	9.8651
542	9.8651
543	9.8651
544	9.8651
545	9.8651
546	9.8651
547	9.8651
548	9.8651
549	9.8651
550	9.8651
551	9.8651
552	9.8651
553	9.8651
554	9.8651
555	9.8651
556	9.8651
557	9.8651
558	9.8651
559	9.8651
560	9.8651
561	9.8651
562	9.8651
563	9.8651
564	9.8651
565	9.8651
566	9.8651
567	9.8651
568	9.8651
569	9.8651
570	9.8651
571	9.8651
572	9.8651
573	9.8651
574	9.8651
575	9.8651
576	9.8651
577	9.8651
578	9.8651
579	9.8651
580	9.8651
581	9.8651
582	9.8651
583	9.8651
584	9.8651
585	9.8651
586	9.8651
587	9.8651
588	9.8651
589	9.8651
590	9.8651
591	9.8651
592	9.8651
593	9.8651
594	9.8651
595	9.8651
596	9.8651
597	9.8651
598	9.8651
599	9.8651
600	9.8651
601	9.8651
602	9.8651
603	9.8651
604	9.8651
605	9.8651
606	9.8651
607	9.8651
608	9.8651
609	9.8651
610	9.8651
611	9.8651
612	9.8651
613	9.8651
614	9.8651
615	9.8651
616	9.8651
617	9.8651
618	9.8651
619	9.8651
620	9.8651
621	9.8651
622	9.8651
623	9.8651
624	9.8651
625	9.8651
626	9.8651
627	9.8651
628	9.8651
629	9.8651
630	9.8651
631	9.8651
632	9.8651
633	9.8651
634	9.8651
635	9.8651
636	9.8651
637	9.8651
638	9.8651
639	9.8651
640	9.8651
641	9.8651
642	9.8651
643	9.8651
644	9.8651
645	9.8651
646	9.8651
647	9.8651
648	9.8651
649	9.8651
650	9.8651
651	9.8651
652	9.8651
653	9.8651
654	9.8651
655	9.8651
656	9.8651
657	9.8651
658	9.8651
659	9.8651
660	9.8651
661	9.8651
662	9.8651
663	9.8651
664	9.8651
665	9.8651
666	9.8651
667	9.8651
668	9.8651
669	9.8651
670	9.8651
671	9.8651
672	9.8651
673	9.8651
674	9.8651
675	9.8651
676	9.8651
677	9.8651
678	9.8651
679	9.8651
680	9.8651
681	9.8651
682	9.8651
683	9.8651
684	9.8651
685	9.8651
686	9.8651
687	9.8651
688	9.8651
689	9.8651
690	9.8651
691	9.8651
692	9.8651
693	9.8651
694	9.8651
695	9.8651
696	9.8651
697	9.8651
698	9.8651
699	9.8651
700	9.8651
701	9.8651
702	9.8651
703	9.8651
704	9.8651
705	9.8651
706	9.96874
707	9.96874
708	9.96874
709	9.96874
710	9.96874
711	9.96874
712	9.96874
713	9.96874
714	9.96874
715	9.95755
716	9.6481
717	9.6481
718	9.6481
719	9.6481
720	9.6481
721	9.6481
722	9.6481
723	9.6481
724	9.6481
725	9.6481
726	9.6481
727	9.6481
728	9.64261
729	9.64261
730	9.64261
731	9.64261
732	9.64261
733	9.63142
734	9.63142
735	9.63142
736	9.80257
737	9.63142
738	9.63142
739	9.63142
740	9.63142
741	9.63142
742	9.63142
743	9.63142
744	9.63142
745	9.63142
746	9.63142
747	9.74645
748	9.63142
749	9.63142
750	9.63142
751	9.63142
752	9.63142
753	9.63142
754	9.63142
755	9.63142
756	9.63142
757	9.63142
758	9.63142
759	9.63142
760	9.63142
761	11.6557
762	11.6557
763	11.0762
764	10.0184
765	10.0184
766	10.0184
767	10.0184
768	10.0184
769	10.0184
770	10.0184
771	10.0184
772	10.0184
773	10.0184
774	10.0184
775	10.0184
776	10.0184
777	10.0184
778	10.0184
779	10.0184
780	10.0184
781	10.0184
782	10.0184
783	10.0184
784	10.0184
785	10.0184
786	10.0184
787	10.0184
788	10.0184
789	10.0184
790	10.0184
791	10.0184
792	10.0184
793	10.0184
794	10.0184
795	10.0184
796	10.0184
797	10.0184
798	10.0184
799	10.0184
800	10.0184
801	10.0184
802	10.0184
803	10.0184
804	10.0184
805	10.0184
806	10.0184
807	10.0184
808	10.0184
809	10.0184
810	10.0184
811	9.41536
812	9.41536
813	9.42655
814	9.41536
815	9.39889
816	9.39889
817	9.39889
818	9.39889
819	9.39889
820	9.39889
821	9.39889
822	9.39889
823	9.39889
824	9.39889
825	9.39889
826	9.39889
827	9.39889
828	9.39889
829	9.39889
830	9.39889
831	9.39889
832	9.39889
833	9.39889
834	9.39889
835	9.39889
836	9.39889
837	9.39889
838	9.39889
839	9.39889
840	9.39889
841	9.39889
842	9.39889
843	9.39889
844	9.39889
845	9.39889
846	9.39889
847	9.39889
848	9.39889
849	9.39889
850	9.39889
851	9.39889
852	9.39889
853	9.39889
854	9.39889
855	9.39889
856	9.39889
857	9.39889
858	9.39889
859	9.39889
860	9.39889
861	9.39889
862	9.39889
863	9.39889
864	9.39889
865	9.39889
866	9.39889
867	9.39889
868	9.39889
869	9.39889
870	9.39889
871	9.39889
872	9.39889
873	9.39889
874	9.39889
875	9.39889
876	9.39889
877	9.39889
878	9.39889
879	9.39889
880	9.63601
881	9.48721
882	9.48721
883	9.39889
884	9.39889
885	9.39889
886	9.39889
887	9.39889
888	9.39889
889	9.39889
890	9.39889
891	9.39889
892	9.39889
893	9.39889
894	9.39889
895	9.39889
896	9.39889
897	9.39889
898	9.39889
899	9.39889
900	9.39889
901	9.39889
902	9.39889
903	9.39889
904	9.39889
905	9.39889
906	9.39889
907	9.39889
908	9.39889
909	9.39889
910	9.39889
911	9.39889
912	9.39889
913	9.39889
914	9.39889
915	9.39889
916	9.39889
917	9.39889
918	9.44307
919	9.44307
920	9.4896
921	10.516
922	10.516
923	10.516
924	10.516
925	10.516
926	10.516
927	10.516
928	10.516
929	10.516
930	10.516
931	10.516
932	10.4694
933	10.4694
934	10.516
935	10.516
936	10.516
937	10.516
938	10.516
939	10.4694
940	10.4694
941	10.4694
942	10.4694
943	10.4694
944	10.4694
945	10.4694
946	10.4694
947	10.4694
948	10.9215
949	10.8506
950	10.4694
951	10.4694
952	10.4694
953	10.4694
954	10.4694
955	10.4694
956	10.4694
957	10.4694
958	10.4694
959	10.4694
960	10.4694
961	10.4694
962	10.4694
963	10.4694
964	10.4694
965	10.4694
966	10.4694
967	10.4694
968	10.2811
969	10.2811
970	10.2811
971	9.90388
972	9.90388
973	9.90388
974	9.90388
975	9.44307
976	9.44307
977	9.44307
978	9.44307
979	9.44307
980	9.44307
981	9.44307
982	9.44307
983	9.44307
984	9.44307
985	9.44307
986	9.44307
987	9.44307
988	9.44307
989	9.44307
990	9.44307
991	9.44307
992	9.44307
993	9.44307
994	9.44307
995	9.44307
996	9.44307
997	9.44307
998	9.44307
999	9.44307
1000	9.44307
1001	9.44307
1002	9.44307
1003	9.4896
1004	9.44307
1005	9.44307
1006	9.44307
1007	9.44307
1008	9.44307
1009	9.44307
1010	9.44307
1011	9.44307
1012	9.44307
1013	9.44307
1014	9.44307
1015	9.44307
1016	9.44307
1017	9.44307
1018	9.44307
1019	9.44307
1020	9.44307
1021	9.44307
1022	9.44307
1023	9.44307
1024	9.44307
1025	9.44307
1026	9.44307
1027	9.44307
1028	9.44307
1029	9.44307
1030	9.44307
1031	9.44307
1032	9.44307
1033	9.44307
1034	9.44307
1035	9.44307
1036	9.44307
1037	9.44307
1038	9.44307
1039	9.44307
1040	9.44307
1041	9.44307
1042	9.44307
1043	9.44307
1044	9.44307
1045	9.44307
1046	9.44307
1047	9.44307
1048	9.44307
1049	9.44307
1050	9.44307
1051	9.44307
1052	9.44307
1053	9.44307
1054	9.44307
1055	9.44307
1056	9.44307
1057	9.44307
1058	9.44307
1059	9.44307
1060	9.44307
1061	9.44307
1062	9.44307
1063	9.44307
1064	9.44307
1065	9.44307
1066	9.44307
1067	9.44307
1068	9.44307
1069	9.44307
1070	9.44307
1071	9.44307
1072	9.44307
1073	9.44307
1074	9.44307
1075	9.44307
1076	9.44307
1077	9.44307
1078	9.44307
1079	9.44307
1080	9.44307
1081	9.44307
1082	9.41779
1083	9.40661
1084	9.40661
1085	9.40661
1086	9.40661
1087	9.40661
1088	9.77574
1089	9.77574
1090	11.3867
1091	11.3867
1092	11.3867
1093	11.3867
1094	11.3299
1095	11.3299
1096	11.3299
1097	11.1827
1098	11.1827
1099	11.1827
1100	11.1827
1101	11.0588
1102	11.0588
1103	11.0588
1104	11.0588
1105	11.0588
1106	11.0588
1107	11.0588
1108	11.0588
1109	10.8981
1110	11.0588
1111	10.8981
1112	10.8981
1113	10.8981
1114	10.8981
1115	10.8981
1116	10.8981
1117	10.8981
1118	10.8981
1119	10.8981
1120	10.8981
1121	10.2616
1122	10.2616
1123	10.2616
1124	10.2616
1125	10.2616
1126	10.29
1127	10.7096
1128	10.2616
1129	10.2616
1130	10.2616
1131	10.2616
1132	10.2616
1133	10.2616
1134	10.2616
1135	10.2616
1136	10.2616
1137	10.2616
1138	10.2616
1139	10.2616
1140	10.2616
1141	10.2616
1142	10.2616
1143	10.2616
1144	10.2616
1145	10.2616
1146	10.2616
1147	10.2616
1148	10.2616
1149	10.2616
1150	10.2616
1151	10.2616
1152	10.2616
1153	10.2616
1154	10.2616
1155	10.2616
1156	10.2616
1157	10.2616
1158	10.2616
1159	10.2616
1160	10.2616
1161	10.2616
1162	10.2616
1163	10.2251
1164	10.2251
1165	10.2251
1166	10.2251
1167	10.2251
1168	10.2251
1169	10.2109
1170	10.2109
1171	10.2109
1172	10.2109
1173	10.2109
1174	10.2109
1175	10.2109
1176	10.2109
1177	10.2109
1178	10.2109
1179	10.2109
1180	10.2109
1181	10.1421
1182	10.1421
1183	10.1421
1184	10.1421
1185	10.1421
1186	10.1421
1187	10.1421
1188	10.1421
1189	10.1421
1190	10.1421
1191	10.1421
1192	10.1421
1193	10.1421
1194	10.1421
1195	10.1421
1196	10.1421
1197	10.1421
1198	10.1421
1199	10.1421
1200	10.1421
1201	10.1421
1202	10.1421
1203	10.1421
1204	10.1421
1205	10.1421
1206	10.1421
1207	10.0871
1208	10.0643
1209	10.0643
1210	10.0643
1211	9.90585
1212	9.90585
1213	9.90585
1214	9.90585
1215	9.90585
1216	9.85424
1217	9.85424
1218	9.85424
1219	9.85424
1220	9.85424
1221	9.85424
1222	9.85424
1223	9.85424
1224	9.85424
1225	10.7245
1226	9.85424
1227	9.85424
1228	9.85424
1229	9.85424
1230	9.85424
1231	9.85424
1232	9.92309
1233	9.85424
1234	9.85424
1235	9.85424
1236	9.85424
1237	9.92309
1238	9.92309
1239	9.85424
1240	9.85424
1241	9.85424
1242	9.85424
1243	9.92309
1244	9.92309
1245	9.92309
1246	9.92309
1247	9.92309
1248	9.92309
1249	9.92309
1250	9.92309
1251	9.92309
1252	9.92309
1253	9.92309
1254	9.92309
1255	9.92309
1256	9.92309
1257	9.92309
1258	9.92309
1259	9.92309
1260	9.92309
1261	9.92309
1262	9.85424
1263	9.85424
1264	9.85424
1265	9.85424
1266	9.92309
1267	9.85424
1268	9.85424
1269	9.94167
1270	9.94167
1271	9.85424
1272	9.85424
1273	9.85424
1274	9.85424
1275	9.85424
1276	9.85424
1277	9.85424
1278	10.0464
1279	9.85424
1280	9.85424
1281	9.85424
1282	9.85424
1283	9.85424
1284	9.85424
1285	9.85424
1286	9.85424
1287	9.85424
1288	9.85424
1289	9.85424
1290	9.85424
1291	9.85424
1292	9.85424
1293	9.85424
1294	9.85424
1295	9.85424
1296	9.85424
1297	9.85424
1298	9.85424
1299	9.85424
1300	9.85424
1301	9.85424
1302	9.85424
1303	9.85424
1304	9.85424
1305	9.85424
1306	9.85424
1307	9.85424
1308	9.85424
1309	9.85424
1310	9.85424
1311	9.85424
1312	9.85424
1313	9.85424
1314	9.85424
1315	9.85424
1316	9.85424
1317	9.85424
1318	9.85424
1319	9.85424
1320	9.85424
1321	9.85424
1322	9.85424
1323	9.85424
1324	9.85424
1325	9.85424
1326	9.85424
1327	9.85424
1328	9.85424
1329	9.85424
1330	9.85424
1331	9.85424
1332	9.85424
1333	9.85424
1334	9.85424
1335	9.85424
1336	9.85424
1337	9.85424
1338	9.85424
1339	9.85424
1340	9.85424
1341	9.85424
1342	9.85424
1343	9.85424
1344	9.85424
1345	9.85424
1346	9.85424
1347	9.85424
1348	9.85424
1349	9.85424
1350	9.85424
1351	9.85424
1352	9.85424
1353	9.85424
1354	9.85424
1355	9.85424
1356	9.85424
1357	9.85424
1358	9.85424
1359	9.85424
1360	9.85424
1361	9.85424
1362	9.85424
1363	9.85424
1364	9.85424
1365	9.85424
1366	9.85424
1367	9.85424
1368	9.85424
1369	9.85424
1370	9.85424
1371	9.85424
1372	9.85424
1373	9.85424
1374	9.85424
1375	9.85424
1376	9.85424
1377	9.85424
1378	9.85424
1379	9.85424
1380	9.85424
1381	9.85424
1382	9.85424
1383	9.85424
1384	9.85424
1385	9.85424
1386	9.85424
1387	9.85424
1388	9.85424
1389	9.85424
1390	9.85424
1391	9.85424
1392	9.85424
1393	9.85424
1394	9.85424
1395	9.85424
1396	9.85424
1397	9.85424
1398	9.85424
1399	9.85424
1400	9.85424
1401	9.85424
1402	9.85424
1403	9.85424
1404	9.85424
1405	9.85424
1406	9.85424
1407	9.85424
1408	9.85424
1409	9.85424
1410	9.85424
1411	9.85424
1412	9.85424
1413	9.85424
1414	9.85424
1415	9.85424
1416	9.85424
1417	9.85424
1418	9.85424
1419	9.85424
1420	9.85424
1421	9.85424
1422	9.85424
1423	9.85424
1424	9.85424
1425	10.281
1426	9.85973
1427	9.85424
1428	9.85424
1429	9.85424
1430	9.85424
1431	9.85424
1432	9.85424
1433	9.85424
1434	9.85424
1435	9.85424
1436	9.85424
1437	9.85424
1438	9.85424
1439	9.85424
1440	9.85424
1441	9.85424
1442	9.85424
1443	9.85424
1444	9.85424
1445	9.85424
1446	9.85424
1447	9.85424
1448	9.85424
1449	9.85424
1450	9.85424
1451	9.85424
1452	9.85424
1453	9.85424
1454	9.85424
1455	9.85424
1456	9.85424
1457	9.85424
1458	9.85424
1459	9.85424
1460	9.85424
1461	9.85424
1462	9.85424
1463	9.85424
1464	9.85424
1465	9.85424
1466	9.85424
1467	9.85424
1468	9.85424
1469	9.85424
1470	9.85424
1471	9.85424
1472	9.85424
1473	9.85424
1474	9.85424
1475	9.85424
1476	9.85424
1477	9.85424
1478	9.85424
1479	9.85424
1480	9.85424
1481	9.85424
1482	9.85424
1483	9.85424
1484	9.85424
1485	9.85424
1486	9.85424
1487	9.85424
1488	9.7652
1489	9.7652
1490	9.7652
1491	9.7652
1492	9.7652
1493	9.7652
1494	9.7652
1495	9.7652
1496	9.7652
1497	9.7652
1498	9.7652
1499	9.7652
1500	9.7652
1501	9.7652
1502	9.7652
1503	9.7652
1504	9.7652
1505	9.7652
1506	9.7652
1507	9.7652
1508	9.7652
1509	9.7652
1510	9.7652
1511	9.7652
1512	9.7652
1513	9.7652
1514	9.7652
1515	9.7652
1516	9.7652
1517	9.7652
1518	9.7652
1519	9.7652
1520	9.7652
1521	9.7652
1522	9.7652
1523	9.7652
1524	9.7652
1525	9.7652
1526	9.7652
1527	9.7652
1528	9.7652
1529	9.7652
1530	9.7652
1531	9.7652
1532	9.7652
1533	9.7652
1534	9.7652
1535	9.7652
1536	9.7652
1537	9.7652
1538	9.7652
1539	9.7652
1540	9.7652
1541	9.7652
1542	9.7652
1543	9.7652
1544	9.7652
1545	9.7652
1546	9.7652
1547	9.7652
1548	9.7652
1549	9.7652
1550	9.7652
1551	9.7652
1552	9.7652
1553	9.7652
1554	9.7652
1555	9.7652
1556	9.7652
1557	9.7652
1558	9.7652
1559	9.7652
1560	9.7652
1561	9.7652
1562	9.7652
1563	9.7652
1564	9.7652
1565	9.7652
1566	9.7652
1567	9.7652
1568	9.7652
1569	9.7652
1570	9.7652
1571	9.7652
1572	9.7652
1573	9.7652
1574	9.7652
1575	9.7652
1576	9.7652
1577	9.7652
1578	9.7652
1579	9.7652
1580	9.7652
1581	9.7652
1582	9.7652
1583	9.7652
1584	9.7652
1585	9.7652
1586	9.7652
1587	9.7652
1588	9.7652
1589	9.7652
1590	9.7652
1591	9.7652
1592	9.7652
1593	9.7652
1594	9.7652
1595	9.7652
1596	9.7652
1597	9.7652
1598	9.77069
1599	9.7652
1600	9.7652
1601	9.7652
1602	9.7652
1603	9.7652
1604	9.7652
1605	9.7652
1606	9.7652
1607	9.7652
1608	9.7652
1609	9.7652
1610	9.7652
1611	9.7652
1612	9.7652
1613	9.7652
1614	9.7652
1615	9.7652
1616	9.7652
1617	9.7652
1618	9.7652
1619	9.7652
1620	9.7652
1621	9.7652
1622	9.7652
1623	9.7652
1624	9.7652
1625	9.8076
1626	9.7652
1627	9.7652
1628	9.7652
1629	9.7652
1630	9.7652
1631	9.7652
1632	9.7652
1633	9.7652
1634	9.7652
1635	9.7652
1636	9.7652
1637	9.7652
1638	9.7652
1639	9.7652
1640	9.7652
1641	9.7652
1642	9.7652
1643	9.7652
1644	9.7652
1645	9.7652
1646	9.7652
1647	9.7652
1648	9.7652
1649	9.7652
1650	9.7652
1651	9.7652
1652	9.7652
1653	9.7652
1654	9.7652
1655	9.7652
1656	9.7652
1657	9.7652
1658	9.7652
1659	9.7652
1660	9.7652
1661	9.7652
1662	9.7652
1663	9.7652
1664	9.7652
1665	9.7652
1666	9.7652
1667	9.7652
1668	9.7652
1669	9.7652
1670	9.7652
1671	9.7652
1672	9.7652
1673	9.7652
1674	9.7652
1675	9.7652
1676	9.7652
1677	9.7652
1678	9.7652
1679	9.7652
1680	9.7652
1681	9.7652
1682	9.7652
1683	9.7652
1684	9.7652
1685	9.7652
1686	9.7652
1687	9.7652
1688	9.7652
1689	9.7652
1690	9.7652
1691	9.7652
1692	9.7652
1693	9.7652
1694	9.7652
1695	9.7652
1696	9.7652
1697	9.7652
1698	9.7652
1699	9.7652
1700	9.7652
1701	9.7652
1702	9.7652
1703	9.7652
1704	9.7652
1705	9.7652
1706	9.7652
1707	9.7652
1708	9.7652
1709	9.7652
1710	9.77069
1711	9.7652
1712	9.7652
1713	9.7652
1714	9.7652
1715	9.7652
1716	9.7652
1717	9.7652
1718	9.7652
1719	9.7652
1720	9.7652
1721	9.7652
1722	9.7652
1723	9.7652
1724	9.7652
1725	9.7652
1726	9.7652
1727	9.7652
1728	9.7652
1729	9.7652
1730	9.7652
1731	9.7652
1732	9.7652
1733	9.7652
1734	9.7652
1735	9.7652
1736	9.7652
1737	9.7652
1738	9.7652
1739	9.7652
1740	9.7652
1741	9.7652
1742	9.7652
1743	9.7652
1744	9.7652
1745	9.7652
1746	9.7652
1747	9.7652
1748	9.7652
1749	9.7652
1750	9.7652
1751	9.7652
1752	9.7652
1753	10.4124
1754	10.4454
1755	10.0329
1756	10.0329
1757	10.0329
1758	10.0142
1759	10.0142
1760	10.0142
1761	10.0142
1762	10.0142
1763	10.0142
1764	10.0142
1765	10.0142
1766	10.0142
1767	10.0142
1768	10.0329
1769	10.0142
1770	10.0142
1771	10.9074
1772	10.5918
1773	10.5918
1774	10.5918
1775	10.5918
1776	10.5918
1777	10.2053
1778	10.0142
1779	10.0142
1780	10.0142
1781	10.0142
1782	10.0142
1783	10.0142
1784	10.0142
1785	10.0142
1786	10.0142
1787	10.0142
1788	10.0142
1789	10.0142
1790	10.0142
1791	10.0142
1792	10.0142
1793	10.0142
1794	10.0142
1795	10.0142
1796	10.0142
1797	10.0142
1798	10.0142
1799	10.0142
1800	10.0142
1801	10.0142
1802	10.0142
1803	10.0142
1804	10.0142
1805	10.0142
1806	10.0142
1807	10.0142
1808	10.0142
1809	10.0142
1810	10.0142
1811	10.0142
1812	10.0142
1813	10.0142
1814	10.0142
1815	10.0142
1816	10.0142
1817	10.0142
1818	10.0142
1819	10.0142
1820	10.0142
1821	10.0142
1822	10.0142
1823	10.0142
1824	10.0142
1825	10.0142
1826	10.0142
1827	10.0142
1828	10.0142
1829	10.0142
1830	10.0142
1831	10.0142
1832	10.0142
1833	10.0142
1834	10.0142
1835	10.0142
1836	10.0142
1837	10.0142
1838	10.0142
1839	10.0142
1840	10.0142
1841	10.0142
1842	10.0142
1843	10.0142
1844	10.0142
1845	10.0142
1846	10.0142
1847	10.0142
1848	10.0142
1849	10.0142
1850	10.0142
1851	10.0142
1852	10.0142
1853	10.0142
1854	10.0142
1855	10.0142
1856	10.0142
1857	9.81173
1858	9.81173
1859	9.81173
1860	9.81173
1861	9.81173
1862	9.81173
1863	9.81173
1864	9.81173
1865	9.81173
1866	9.81173
1867	9.81173
1868	9.81173
1869	9.81173
1870	9.7652
1871	9.7652
1872	9.7652
1873	9.7652
1874	9.7652
1875	9.7652
1876	9.7652
1877	9.7652
1878	9.7652
1879	9.7652
1880	9.7652
1881	9.7652
1882	9.7652
1883	9.7652
1884	9.7652
1885	9.7652
1886	9.7652
1887	9.7652
1888	9.7652
1889	9.7652
1890	9.7652
1891	9.7652
1892	9.7652
1893	9.7652
1894	9.7652
1895	9.7652
1896	9.7652
1897	9.7652
1898	9.7652
1899	9.7652
1900	9.7652
1901	9.7652
1902	9.7652
1903	9.7652
1904	9.7652
1905	9.7652
1906	9.7652
1907	9.7652
1908	9.7652
1909	9.7652
1910	9.7652
1911	9.7652
1912	9.7652
1913	9.7652
1914	9.7652
1915	9.7652
1916	9.7652
1917	9.7652
1918	9.7652
1919	9.7652
1920	9.7652
1921	9.7652
1922	9.7652
1923	9.7652
1924	9.7652
1925	9.7652
1926	9.7652
1927	9.7652
1928	9.7652
1929	9.7652
1930	9.7652
1931	9.7652
1932	9.7652
1933	9.7652
1934	9.7652
1935	9.7652
1936	9.7652
1937	9.7652
1938	9.7652
1939	9.7652
1940	9.7652
1941	9.7652
1942	9.7652
1943	9.7652
1944	9.7652
1945	9.7652
1946	9.7652
1947	9.7652
1948	9.75572
1949	9.39889
1950	9.39889
1951	9.39889
1952	9.39889
1953	9.39889
1954	9.39889
1955	9.39889
1956	9.39889
1957	9.39889
1958	9.39889
1959	9.39889
1960	9.39889
1961	9.39889
1962	9.39889
1963	9.39889
1964	9.39889
1965	9.39889
1966	9.39889
1967	9.39889
1968	9.39889
1969	9.39889
1970	9.39889
1971	9.39889
1972	9.39889
1973	9.39889
1974	9.39889
1975	9.39889
1976	9.39889
1977	9.39889
1978	9.39889
1979	9.39889
1980	9.39889
1981	9.39889
1982	9.39889
1983	9.39889
1984	9.39889
1985	9.39889
1986	9.39889
1987	9.39889
1988	9.39889
1989	9.39889
1990	9.39889
1991	9.39889
1992	9.39889
1993	9.39889
1994	9.39889
1995	9.39889
1996	9.39889
1997	9.39889
1998	9.39889
1999	9.39889
2000	9.39889
2001	9.39889
2002	9.39889
2003	9.39889
2004	9.39889
2005	9.39889
2006	9.39889
2007	9.39889
2008	9.39889
2009	9.39889
2010	9.39889
2011	9.39889
2012	9.39889
2013	9.39889
2014	9.39889
2015	9.39889
2016	9.39889
2017	9.39889
2018	9.39889
2019	9.39889
2020	9.39889
2021	9.39889
2022	9.39889
2023	9.39889
2024	9.39889
2025	9.39889
2026	9.39889
2027	9.39889
2028	10.1511
2029	9.39889
2030	9.39889
2031	9.39889
2032	9.39889
2033	9.39889
2034	9.39889
2035	9.39889
2036	9.39889
2037	9.39889
2038	9.39889
2039	9.39889
2040	9.39889
2041	9.39889
2042	9.39889
2043	9.39889
2044	9.39889
2045	9.39889
2046	9.39889
2047	9.39889
2048	9.39889
2049	9.39889
2050	9.39889
2051	9.69655
2052	9.69655
2053	9.69655
2054	9.69655
2055	9.69655
2056	9.69655
2057	9.69655
2058	9.69655
2059	9.69655
2060	9.69655
2061	9.69655
2062	9.69655
2063	9.69655
2064	9.69655
2065	9.39889
2066	9.39889
2067	9.39889
2068	9.39889
2069	9.39889
2070	9.39889
2071	9.39889
2072	9.39889
2073	9.39889
2074	9.39889
2075	9.39889
2076	9.39889
2077	9.39889
2078	9.39889
2079	9.39889
2080	9.39889
2081	9.39889
2082	9.39889
2083	9.39889
2084	9.39889
2085	9.39889
2086	9.39889
2087	9.39889
2088	9.39889
2089	9.39889
2090	9.39889
2091	9.39889
2092	9.39889
2093	9.39889
2094	9.39889
2095	9.39889
2096	9.39889
2097	9.39889
2098	9.39889
2099	9.39889
2100	9.39889
2101	9.39889
2102	9.39889
2103	9.39889
2104	9.39889
2105	9.39889
2106	9.39889
2107	9.39889
2108	9.39889
2109	9.39889
2110	9.39889
2111	9.39889
2112	9.39889
2113	9.39889
2114	9.39889
2115	9.39889
2116	9.39889
2117	9.39889
2118	9.39889
2119	9.39889
2120	9.39889
2121	9.39889
2122	9.39889
2123	9.39889
2124	9.76274
2125	9.76274
2126	9.76274
2127	9.76274
2128	9.55678
2129	9.55678
2130	9.87777
2131	9.76274
2132	9.76274
2133	9.76274
2134	9.76274
2135	9.76274
2136	9.76274
2137	9.76274
2138	9.45314
2139	9.44542
2140	9.44542
2141	9.44542
2142	9.44542
2143	9.44542
2144	9.39889
2145	9.39889
2146	9.39889
2147	9.39889
2148	9.39889
2149	9.39889
2150	9.39889
2151	9.39889
2152	9.39889
2153	9.39889
2154	9.39889
2155	9.39889
2156	9.39889
2157	9.39889
2158	9.39889
2159	9.39889
2160	9.39889
2161	9.39889
2162	9.39889
2163	9.39889
2164	9.39889
2165	9.39889
2166	9.39889
2167	9.39889
2168	9.39889
2169	9.39889
2170	9.39889
2171	9.39889
2172	9.39889
2173	9.39889
2174	9.39889
2175	9.39889
2176	9.39889
2177	9.39889
2178	9.39889
2179	9.39889
2180	9.39889
2181	9.39889
2182	9.39889
2183	9.39889
2184	9.39889
2185	9.39889
2186	9.39889
2187	9.39889
2188	9.39889
2189	9.39889
2190	9.39889
2191	9.39889
2192	9.39889
2193	9.39889
2194	9.39889
2195	9.39889
2196	9.48721
2197	9.80664
2198	9.39889
2199	9.39889
2200	9.39889
2201	9.39889
2202	9.39889
2203	9.39889
2204	9.39889
2205	9.39889
2206	9.39889
2207	9.39889
2208	9.39889
2209	9.39889
2210	9.39889
2211	9.39889
2212	9.39889
2213	9.39889
2214	9.39889
2215	9.39889
2216	9.39889
2217	9.39889
2218	9.39889
2219	9.39889
2220	9.39889
2221	9.39889
2222	9.39889
2223	9.39889
2224	9.39889
2225	9.39889
2226	9.39889
2227	9.39889
2228	9.39889
2229	9.39889
2230	9.39889
2231	9.39889
2232	9.39889
2233	9.39889
2234	9.39889
2235	9.39889
2236	9.39889
2237	9.39889
2238	9.39889
2239	9.39889
2240	9.39889
2241	9.39889
2242	9.39889
2243	9.39889
2244	9.39889
2245	9.39889
2246	9.39889
2247	9.39889
2248	9.39889
2249	9.39889
2250	9.39889
2251	9.39889
2252	9.39889
2253	9.39889
2254	9.39889
2255	9.39889
2256	9.39889
2257	9.39889
2258	9.39889
2259	9.39889
2260	9.39889
2261	9.39889
2262	9.39889
2263	9.39889
2264	9.39889
2265	9.39889
2266	9.39889
2267	9.39889
2268	9.39889
2269	9.39889
2270	9.39889
2271	9.39889
2272	9.39889
2273	9.39889
2274	9.39889
2275	9.39889
2276	9.39889
2277	9.39889
2278	9.39889
2279	9.39889
2280	9.39889
2281	9.39889
2282	9.39889
2283	9.39889
2284	9.39889
2285	9.39889
2286	9.39889
2287	9.39889
2288	9.39889
2289	9.39889
2290	9.39889
2291	9.39889
2292	9.39889
2293	9.39889
2294	9.39889
2295	9.39889
2296	9.39889
2297	9.39889
2298	9.39889
2299	9.39889
2300	9.39889
2301	9.39889
2302	9.39889
2303	9.39889
2304	9.39889
2305	9.39889
2306	9.39889
2307	9.39889
2308	9.44129
2309	9.39889
2310	9.39889
2311	9.39889
2312	9.39889
2313	9.39889
2314	9.39889
2315	9.39889
2316	9.39889
2317	9.39889
2318	9.39889
2319	9.39889
2320	9.39889
2321	9.39889
2322	9.39889
2323	9.39889
2324	9.39889
2325	9.39889
2326	9.39889
2327	9.39889
2328	9.39889
2329	9.39889
2330	9.39889
2331	9.39889
2332	9.39889
2333	9.39889
2334	9.39889
2335	9.39889
2336	9.39889
2337	9.39889
2338	9.39889
2339	9.39889
2340	9.39889
2341	9.39889
2342	9.39889
2343	9.39889
2344	9.39889
2345	9.39889
2346	9.39889
2347	9.39889
2348	9.39889
2349	9.39889
2350	9.39889
2351	9.39889
2352	9.39889
2353	9.39889
2354	9.39889
2355	9.39889
2356	9.39889
2357	9.39889
2358	9.39889
2359	9.39889
2360	9.39889
2361	9.39889
2362	9.39889
2363	9.39889
2364	9.39889
2365	9.39889
2366	9.39889
2367	9.39889
2368	9.39889
2369	9.39889
2370	9.39889
2371	9.39889
2372	9.39889
2373	9.39889
2374	9.39889
2375	9.39889
2376	9.39889
2377	9.39889
2378	9.39889
2379	9.39889
2380	9.39889
2381	9.39889
2382	9.39889
2383	9.39889
2384	9.39889
2385	9.39889
2386	9.39889
2387	9.39889
2388	9.39889
2389	9.39889
2390	9.39889
2391	9.39889
2392	9.39889
2393	9.39889
2394	9.39889
2395	9.39889
2396	9.39889
2397	9.39889
2398	9.39889
2399	9.39889
2400	9.39889
2401	9.39889
2402	9.39889
2403	9.39889
2404	9.39889
2405	9.39889
2406	9.39889
2407	9.39889
2408	9.39889
2409	9.39889
2410	9.39889
2411	9.39889
2412	9.39889
2413	9.39889
2414	9.39889
2415	9.39889
2416	9.39889
2417	9.39889
2418	9.39889
2419	9.39889
2420	9.39889
2421	9.39889
2422	9.39889
2423	9.39889
2424	9.39889
2425	9.39889
2426	9.39889
2427	9.39889
2428	9.39889
2429	9.39889
2430	9.39889
2431	9.39889
2432	9.39889
2433	9.39889
2434	9.39889
2435	9.84691
2436	9.77234
2437	9.77234
2438	10.1567
2439	10.1567
2440	10.1567
2441	9.77234
2442	9.77234
2443	9.77234
2444	9.77234
2445	9.77234
2446	9.77234
2447	9.77234
2448	9.77234
2449	9.77234
2450	9.77234
2451	9.77234
2452	9.77234
2453	9.77234
2454	9.77234
2455	9.77234
2456	9.77234
2457	9.77234
2458	9.77234
2459	9.77234
2460	9.77234
2461	9.77234
2462	9.77234
2463	9.77234
2464	9.77234
2465	9.77234
2466	9.77234
2467	9.77234
2468	9.77234
2469	9.77234
2470	9.77234
2471	9.77234
2472	9.77234
2473	9.77234
2474	9.77234
2475	9.77234
2476	9.77234
2477	9.77234
2478	9.77234
2479	9.77234
2480	9.77234
2481	9.77234
2482	9.77234
2483	9.77234
2484	9.77234
2485	9.77234
2486	9.77234
2487	9.77234
2488	9.77234
2489	9.77234
2490	9.68923
2491	9.68745
2492	9.68745
2493	9.68745
2494	9.68745
2495	9.68745
2496	9.68745
2497	9.68745
2498	9.68745
2499	9.68745
2500	9.68745
2501	9.68745
2502	9.68745
2503	9.68745
2504	9.68745
2505	9.68745
2506	9.68745
2507	9.68745
2508	9.68745
2509	9.52684
2510	9.52684
2511	9.52684
2512	9.58237
2513	9.52684
2514	9.52684
2515	9.52684
2516	9.52684
2517	9.52684
2518	9.52684
2519	9.56797
2520	9.52684
2521	9.52684
2522	9.52684
2523	9.48793
2524	9.48793
2525	9.48793
2526	9.48793
2527	9.48793
2528	9.48793
2529	9.48793
2530	9.48793
2531	9.48793
2532	9.48793
2533	9.48793
2534	9.48793
2535	9.48793
2536	9.48793
2537	9.48793
2538	9.48793
2539	9.48793
2540	9.48793
2541	9.48793
2542	9.48793
2543	9.48793
2544	9.48793
2545	9.48793
2546	9.48793
2547	9.48793
2548	9.48793
2549	9.48793
2550	9.48793
2551	9.48793
2552	9.48793
2553	9.48793
2554	9.48793
2555	9.48793
2556	9.48793
2557	9.48793
2558	9.48793
2559	9.48793
2560	9.48793
2561	9.48793
2562	9.48793
2563	9.48793
2564	9.48793
2565	9.48793
2566	9.48793
2567	9.48793
2568	9.48793
2569	9.48793
2570	9.48793
2571	9.48793
2572	9.48793
2573	9.48793
2574	9.48793
2575	9.48793
2576	9.48793
2577	9.48793
2578	9.48793
2579	9.48793
2580	9.48793
2581	9.48793
2582	9.48793
2583	9.48793
2584	9.48793
2585	9.48793
2586	9.48793
2587	9.48793
2588	9.48793
2589	9.48793
2590	9.48793
2591	9.48793
2592	9.48793
2593	9.48793
2594	9.48793
2595	9.48793
2596	9.48793
2597	9.48793
2598	9.48793
2599	9.48793
2600	9.48793
2601	9.48793
2602	9.48793
2603	9.48793
2604	9.48793
2605	9.48793
2606	9.48793
2607	9.48793
2608	9.48793
2609	9.48793
2610	9.48793
2611	9.48793
2612	9.48793
2613	9.48793
2614	9.48793
2615	9.48793
2616	9.48793
2617	9.48793
2618	9.48793
2619	9.48793
2620	9.48793
2621	9.48793
2622	9.48793
2623	9.48793
2624	9.48793
2625	9.48793
2626	9.48793
2627	9.48793
2628	9.48793
2629	9.48793
2630	9.48793
2631	9.48793
2632	9.48793
2633	9.48793
2634	9.48793
2635	9.48793
2636	9.48793
2637	9.48793
2638	9.48793
2639	9.48793
2640	9.48793
2641	9.48793
2642	10.0913
2643	9.53033
2644	9.53033
2645	9.53033
2646	9.53033
2647	9.53033
2648	9.53033
2649	9.53033
2650	9.53033
2651	9.53033
2652	9.53033
2653	9.53033
2654	9.53033
2655	9.53033
2656	9.52068
2657	9.52068
2658	9.52068
2659	9.52068
2660	9.52068
2661	9.52068
2662	9.52068
2663	9.52068
2664	9.52068
2665	9.52068
2666	9.52068
2667	9.52068
2668	9.52068
2669	9.52068
2670	9.52068
2671	9.52068
2672	9.52068
2673	9.52068
2674	9.52068
2675	9.52068
2676	9.52068
2677	9.52068
2678	9.52068
2679	9.52068
2680	9.52068
2681	9.52068
2682	9.52068
2683	9.52068
2684	9.52068
2685	9.52068
2686	9.52068
2687	9.52068
2688	9.52068
2689	9.52068
2690	9.52068
2691	9.52068
2692	9.52068
2693	9.52068
2694	9.52068
2695	9.52068
2696	9.52068
2697	9.52068
2698	9.52068
2699	9.52068
2700	9.52068
2701	9.52068
2702	9.52068
2703	9.52068
2704	9.52068
2705	9.52068
2706	9.52068
2707	9.52068
2708	9.52068
2709	9.52068
2710	9.52068
2711	9.52068
2712	9.52068
2713	9.52068
2714	9.52068
2715	9.52068
2716	9.52068
2717	9.52068
2718	9.52068
2719	9.52068
2720	9.51836
2721	9.51836
2722	9.51836
2723	9.51836
2724	9.51836
2725	9.51836
2726	9.51836
2727	9.51836
2728	9.51836
2729	9.51836
2730	9.51836
2731	9.51836
2732	9.51836
2733	9.51836
2734	9.51836
2735	9.51836
2736	9.51836
2737	9.51836
2738	9.51836
2739	9.51836
2740	9.51836
2741	9.51836
2742	9.51836
2743	9.51836
2744	9.51836
2745	9.51836
2746	9.51836
2747	9.51836
2748	9.51836
2749	9.51836
2750	9.51836
2751	9.51836
2752	9.51836
2753	9.51836
2754	9.51836
2755	9.51836
2756	9.51836
2757	9.51836
2758	9.51836
2759	9.51836
2760	9.51836
2761	9.51836
2762	9.51836
2763	9.51836
2764	9.51836
2765	9.51836
2766	9.51836
2767	9.51836
2768	9.51836
2769	9.51836
2770	9.51836
2771	9.51836
2772	9.51836
2773	9.51836
2774	9.51836
2775	9.51836
2776	9.51836
2777	9.51836
2778	9.51836
2779	9.51836
2780	9.51836
2781	9.51836
2782	9.51836
2783	9.51836
2784	9.51836
2785	9.51836
2786	9.51836
2787	9.51836
2788	9.4633
2789	9.4633
2790	9.4633
2791	9.4633
2792	9.4633
2793	9.4633
2794	9.4633
2795	9.4633
2796	9.4633
2797	9.4633
2798	9.4633
2799	9.4633
2800	9.4633
2801	9.4633
2802	9.4633
2803	9.4633
2804	9.4633
2805	9.4633
2806	9.4633
2807	9.4633
2808	9.4633
2809	9.4633
2810	9.4633
2811	9.4633
2812	9.4633
2813	9.4633
2814	9.4633
2815	9.4633
2816	9.4633
2817	9.4633
2818	9.4633
2819	9.4633
2820	9.4633
2821	9.4633
2822	9.4633
2823	9.4633
2824	9.4633
2825	9.4633
2826	9.4633
2827	9.4633
2828	9.4633
2829	9.4633
2830	9.4633
2831	9.4633
2832	9.4633
2833	9.4633
2834	9.4633
2835	9.4633
2836	9.4633
2837	9.4633
2838	9.4633
2839	9.4633
2840	9.4633
2841	9.4633
2842	9.4633
2843	9.4633
2844	9.4633
2845	9.4633
2846	9.4633
2847	9.4633
2848	9.4633
2849	9.4633
2850	9.4633
2851	9.4633
2852	9.4633
2853	9.4633
2854	9.4633
2855	9.4633
2856	9.4633
2857	9.4633
2858	9.4633
2859	9.4633
2860	9.4633
2861	9.4633
2862	9.4633
2863	9.4633
2864	9.4633
2865	9.4633
2866	9.4633
2867	9.4633
2868	9.4633
2869	9.4633
2870	9.4633
2871	9.4633
2872	9.4633
2873	9.4633
2874	9.4633
2875	9.4633
2876	9.4633
2877	9.4633
2878	9.4633
2879	9.4633
2880	9.4633
2881	9.4633
2882	9.4633
2883	9.4633
2884	9.4633
2885	9.4633
2886	9.4633
2887	9.4633
2888	9.4633
2889	9.4633
2890	9.4633
2891	9.4633
2892	9.4633
2893	9.4633
2894	9.4633
2895	9.4633
2896	9.4633
2897	9.4633
2898	9.4633
2899	9.4633
2900	9.4633
2901	9.4633
2902	9.4633
2903	9.4633
2904	9.4633
2905	9.4633
2906	9.4633
2907	9.4633
2908	9.4633
2909	9.4633
2910	9.4633
2911	9.4633
2912	9.4633
2913	9.4633
2914	9.4633
2915	9.4633
2916	9.4633
2917	9.4633
2918	9.4633
2919	9.4633
2920	9.4633
2921	9.4633
2922	9.4633
2923	9.4633
2924	9.4633
2925	9.4633
2926	9.4633
2927	9.4633
2928	9.4633
2929	9.47976
2930	9.4633
2931	9.4633
2932	9.4633
2933	9.4633
2934	9.4633
2935	9.4633
2936	9.4633
2937	9.4633
2938	9.4633
2939	9.4633
2940	9.4633
2941	9.4633
2942	9.4633
2943	9.4633
2944	9.4633
2945	9.4633
2946	9.4633
2947	9.4633
2948	9.4633
2949	9.4633
2950	9.4633
2951	9.4633
2952	9.4633
2953	9.4633
2954	9.4633
2955	9.4633
2956	9.4633
2957	9.4633
2958	9.4633
2959	9.4633
2960	9.4633
2961	9.4633
2962	9.4633
2963	9.4633
2964	9.4633
2965	9.4633
2966	9.4633
2967	9.4633
2968	9.4633
2969	9.4633
2970	9.4633
2971	9.4633
2972	9.4633
2973	9.4633
2974	9.4633
2975	9.4633
2976	9.4633
2977	9.4633
2978	9.4633
2979	9.4633
2980	9.4633
2981	9.4633
2982	9.4633
2983	9.4633
2984	9.4633
2985	9.4633
2986	9.4633
2987	9.4633
2988	9.4633
2989	9.4633
2990	9.4633
2991	9.4633
2992	9.4633
2993	9.4633
2994	9.4633
2995	9.4633
2996	9.4633
2997	9.4633
2998	9.4633
2999	9.4633
3000	9.4633
3001	9.4633
3002	9.4633
3003	9.4633
3004	9.4633
3005	9.4633
3006	9.4633
3007	9.4633
3008	9.4633
3009	9.4633
3010	9.4633
3011	9.4633
3012	9.4633
3013	9.4633
3014	9.4633
3015	9.4633
3016	9.4633
3017	9.4633
3018	9.4633
3019	9.4633
3020	9.4633
3021	9.4633
3022	9.4633
3023	9.4633
3024	9.4633
3025	9.4633
3026	9.4633
3027	9.4633
3028	9.4633
3029	9.4633
3030	9.4633
3031	9.4633
3032	9.4633
3033	9.4633
3034	9.4633
3035	9.4633
3036	9.4633
3037	9.4633
3038	9.4633
3039	9.4633
3040	9.4633
3041	9.4633
3042	9.4633
3043	9.4633
3044	9.4633
3045	9.4633
3046	9.4633
3047	9.4633
3048	9.4633
3049	9.4633
3050	9.4633
3051	9.4633
3052	9.4633
3053	9.4633
3054	9.4633
3055	9.4633
3056	9.4633
3057	9.4633
3058	9.4633
3059	9.37425
3060	9.37425
3061	9.37425
3062	9.37425
3063	9.37425
3064	9.37425
3065	9.37425
3066	9.37425
3067	9.41557
3068	9.37425
3069	9.37425
3070	9.37425
3071	9.37425
3072	9.37425
3073	9.37425
3074	9.37425
3075	9.37425
3076	9.37425
3077	9.37425
3078	9.37425
3079	9.37425
3080	9.37425
3081	9.37425
3082	9.37425
3083	9.37425
3084	9.37425
3085	9.37425
3086	9.37425
3087	9.37425
3088	9.37425
3089	9.37425
3090	9.37425
3091	9.37425
3092	9.37425
3093	9.37425
3094	9.37425
3095	9.37425
3096	9.37425
3097	9.37425
3098	9.37425
3099	9.37425
3100	9.37425
3101	9.37425
3102	9.37425
3103	9.37425
3104	9.37425
3105	9.37425
3106	9.37425
3107	9.37425
3108	9.37425
3109	9.37425
3110	9.37425
3111	9.37425
3112	9.37425
3113	9.37425
3114	9.37425
3115	9.37425
3116	9.37425
3117	9.37425
3118	9.37425
3119	9.37425
3120	9.37425
3121	9.37425
3122	9.37425
3123	9.37425
3124	9.37425
3125	9.37425
3126	9.37425
3127	9.37425
3128	9.37425
3129	9.37425
3130	9.37425
3131	9.37425
3132	9.37425
3133	9.37425
3134	9.37425
3135	9.37425
3136	9.37425
3137	9.37425
3138	9.37425
3139	9.82799
3140	9.82799
3141	9.37425
3142	9.37425
3143	9.37425
3144	9.37425
3145	9.37425
3146	9.37425
3147	9.37425
3148	9.37425
3149	9.37425
3150	9.37425
3151	9.37425
3152	9.37425
3153	9.37425
3154	9.37425
3155	9.37425
3156	9.37425
3157	9.37425
3158	9.41844
3159	9.37425
3160	9.37425
3161	9.37425
3162	9.37425
3163	9.37425
3164	9.37425
3165	9.37425
3166	9.37425
3167	9.37425
3168	9.37425
3169	9.37425
3170	9.37425
3171	9.37425
3172	9.37425
3173	9.37425
3174	9.37425
3175	9.37425
3176	9.37425
3177	9.37425
3178	10.5714
3179	9.79846
3180	9.782
3181	9.782
3182	9.782
3183	9.782
3184	9.37425
3185	9.37425
3186	9.37425
3187	9.37425
3188	9.37425
3189	9.37425
3190	9.83448
3191	9.83448
3192	9.81959
3193	9.81959
3194	9.81959
3195	9.81959
3196	9.81959
3197	9.81959
3198	9.81959
3199	9.81959
3200	9.81959
3201	9.81959
3202	9.81959
3203	9.81959
3204	9.81959
3205	9.81959
3206	9.81959
3207	9.81959
3208	9.81959
3209	9.81959
3210	9.81959
3211	9.81959
3212	9.81959
3213	9.81959
3214	9.81959
3215	9.81959
3216	9.81959
3217	9.81959
3218	9.86613
3219	9.81959
3220	9.81959
3221	9.81959
3222	9.81959
3223	9.81959
3224	9.81959
3225	9.81959
3226	9.81959
3227	9.81959
3228	9.81959
3229	9.81959
3230	9.81959
3231	9.81959
3232	9.81959
3233	9.81959
3234	9.81959
3235	9.81959
3236	9.81959
3237	9.81959
3238	9.81959
3239	9.81959
3240	9.81959
3241	9.81959
3242	9.81959
3243	9.81959
3244	9.81959
3245	9.81959
3246	9.81959
3247	9.81959
3248	9.81959
3249	9.81959
3250	9.81959
3251	9.81959
3252	9.81959
3253	9.81959
3254	9.81959
3255	9.81959
3256	9.81959
3257	9.81959
3258	9.81959
3259	9.81959
3260	9.81959
3261	9.81959
3262	9.81959
3263	9.81959
3264	9.81959
3265	9.81959
3266	9.81959
3267	9.81959
3268	9.81959
3269	9.81959
3270	9.81959
3271	9.81959
3272	9.81959
3273	9.81959
3274	9.81959
3275	9.81959
3276	9.81959
3277	9.81959
3278	9.81959
3279	9.81959
3280	9.81959
3281	9.81959
3282	9.81959
3283	9.81959
3284	9.81959
3285	9.81959
3286	9.81959
3287	9.81959
3288	9.81959
3289	9.81959
3290	9.81959
3291	9.81959
3292	9.81959
3293	9.81959
3294	9.81959
3295	9.81959
3296	9.81959
3297	9.81959
3298	9.81959
3299	9.81959
3300	9.81959
3301	9.81959
3302	9.81959
3303	9.81959
3304	9.81959
3305	9.81959
3306	9.81959
3307	9.81959
3308	9.81959
3309	9.81959
3310	9.81959
3311	9.81959
3312	9.81959
3313	9.81959
3314	9.81959
3315	9.81959
3316	9.81959
3317	9.81959
3318	9.81959
3319	9.81959
3320	9.81959
3321	9.81959
3322	9.81959
3323	9.81959
3324	9.81959
3325	9.81959
3326	9.81959
3327	9.81959
3328	10.2237
3329	9.81959
3330	9.81959
3331	9.81959
3332	9.81959
3333	9.81959
3334	9.81959
3335	9.81959
3336	9.81959
3337	9.81959
3338	9.81959
3339	9.81959
3340	9.81959
3341	9.81959
3342	9.81959
3343	9.81959
3344	9.81959
3345	9.81959
3346	9.81959
3347	9.81959
3348	9.81959
3349	9.81959
3350	9.81959
3351	9.81959
3352	9.81959
3353	9.81959
3354	9.89644
3355	9.89644
3356	9.89644
3357	9.89644
3358	9.89644
3359	9.89644
3360	9.89644
3361	9.89644
3362	9.8956
3363	9.8956
3364	9.8956
3365	9.8956
3366	9.80335
3367	9.80335
3368	9.80335
3369	9.80335
3370	9.80335
3371	9.80335
3372	9.80335
3373	9.75175
3374	9.75175
3375	9.75175
3376	9.75175
3377	9.75175
3378	9.75175
3379	9.75175
3380	9.75175
3381	9.75175
3382	9.75175
3383	9.75175
3384	9.75175
3385	9.75175
3386	9.75175
3387	9.75175
3388	9.75175
3389	9.75175
3390	9.75175
3391	9.75175
3392	9.75175
3393	9.75175
3394	9.75175
3395	9.75175
3396	9.75175
3397	9.75175
3398	9.75175
3399	9.75175
3400	9.75175
3401	9.75175
3402	9.75175
3403	9.75175
3404	9.75175
3405	9.75175
3406	9.75175
3407	9.75175
3408	9.75175
3409	9.75175
3410	9.75175
3411	9.75175
3412	9.75175
3413	9.75175
3414	9.75175
3415	9.75175
3416	9.75175
3417	9.75175
3418	9.75175
3419	9.75175
3420	9.75175
3421	9.75175
3422	9.75175
3423	9.75175
3424	9.75175
3425	9.75175
3426	9.75175
3427	9.75175
3428	9.75175
3429	9.75175
3430	9.75175
3431	9.75175
3432	9.75175
3433	9.75175
3434	9.75175
3435	9.75175
3436	9.75175
3437	9.75175
3438	9.75175
3439	9.75175
3440	9.75175
3441	9.75175
3442	9.75175
3443	9.93918
3444	9.75175
3445	9.75175
3446	9.75175
3447	9.75175
3448	9.75175
3449	9.75175
3450	9.75175
3451	9.75175
3452	9.75175
3453	9.75175
3454	9.75175
3455	9.75175
3456	9.75175
3457	9.75175
3458	9.75175
3459	9.75175
3460	9.75175
3461	9.75175
3462	9.75175
3463	9.75175
3464	9.75175
3465	9.75175
3466	9.75175
3467	9.75175
3468	9.75175
3469	9.75175
3470	9.75175
3471	9.75175
3472	9.75175
3473	9.75175
3474	9.75175
3475	9.75175
3476	9.75175
3477	9.75175
3478	9.84007
3479	9.75175
3480	9.85014
3481	9.75175
3482	9.75175
3483	9.75175
3484	9.75175
3485	9.75175
3486	9.97879
3487	9.85014
3488	9.85014
3489	9.85014
3490	9.85014
3491	9.75175
3492	9.75175
3493	9.75175
3494	9.75175
3495	9.75175
3496	9.75175
3497	9.75175
3498	9.75175
3499	9.75175
3500	9.75175
3501	9.75175
3502	9.75175
3503	9.75175
3504	9.75175
3505	9.75175
3506	9.75175
3507	9.75175
3508	9.75175
3509	9.75175
3510	9.75175
3511	9.75175
3512	9.75175
3513	9.75175
3514	9.75175
3515	9.75175
3516	9.75175
3517	9.75175
3518	9.75175
3519	9.75175
3520	9.75175
3521	9.75175
3522	9.75175
3523	9.75175
3524	9.75175
3525	9.75175
3526	9.75175
3527	9.75175
3528	9.75175
3529	9.75175
3530	9.75175
3531	9.75175
3532	9.75175
3533	9.75175
3534	9.75175
3535	9.75175
3536	9.75175
3537	9.75175
3538	9.75175
3539	9.75175
3540	9.75175
3541	9.75175
3542	9.75175
3543	9.75175
3544	9.75175
3545	9.75175
3546	9.75175
3547	9.75175
3548	9.75175
3549	9.75175
3550	9.75175
3551	9.75175
3552	9.75175
3553	9.75175
3554	9.75175
3555	9.75175
3556	9.75175
3557	9.75175
3558	9.75175
3559	9.75175
3560	9.75175
3561	9.75175
3562	9.75175
3563	9.75175
3564	9.75175
3565	9.75175
3566	9.75175
3567	9.75175
3568	9.75175
3569	9.75175
3570	9.75175
3571	9.75175
3572	9.75175
3573	9.75175
3574	9.75175
3575	9.75175
3576	9.75175
3577	9.75175
3578	9.75175
3579	9.75175
3580	9.75175
3581	9.75175
3582	9.75175
3583	9.75175
3584	9.75175
3585	9.75175
3586	9.75175
3587	9.75175
3588	9.75175
3589	9.75175
3590	9.75175
3591	9.75175
3592	9.75175
3593	9.75175
3594	9.75175
3595	9.75175
3596	9.75175
3597	9.75175
3598	9.75175
3599	9.75175
3600	9.75175
3601	9.75175
3602	9.75175
3603	9.75175
3604	9.75175
3605	9.75175
3606	9.75175
3607	9.75175
3608	9.75175
3609	9.75175
3610	9.75175
3611	9.75175
3612	9.75175
3613	9.75175
3614	9.75175
3615	9.75175
3616	9.75175
3617	9.75175
3618	9.75175
3619	9.75175
3620	9.75175
3621	9.75175
3622	9.75175
3623	9.75175
3624	9.75175
3625	9.75175
3626	9.86678
3627	9.75175
3628	9.75175
3629	9.75175
3630	9.75175
3631	9.75175
3632	9.75175
3633	9.75175
3634	9.75175
3635	9.75175
3636	9.75175
3637	9.75175
3638	9.75175
3639	9.75175
3640	9.75175
3641	9.75947
3642	9.75175
3643	9.75175
3644	9.75175
3645	9.75175
3646	9.75175
3647	9.75175
3648	9.75175
3649	9.75175
3650	9.75175
3651	9.75175
3652	9.75175
3653	9.75175
3654	9.88164
3655	9.86047
3656	9.86047
3657	9.75175
3658	9.75175
3659	9.75175
3660	9.75175
3661	9.75175
3662	9.75175
3663	9.75175
3664	9.75175
3665	9.75175
3666	9.75175
3667	9.75175
3668	9.78723
3669	9.78723
3670	9.78723
3671	9.75175
3672	9.75175
3673	9.75175
3674	9.75175
3675	9.75175
3676	9.75175
3677	9.75175
3678	9.75175
3679	9.75175
3680	9.75175
3681	9.75175
3682	9.75175
3683	9.75175
3684	9.75175
3685	9.75175
3686	9.75175
3687	9.75175
3688	9.75175
3689	9.75175
3690	9.75175
3691	9.75175
3692	9.75175
3693	9.75175
3694	9.75175
3695	9.75175
3696	9.75175
3697	9.75175
3698	9.75175
3699	9.75175
3700	9.75175
3701	9.75175
3702	9.75175
3703	9.75175
3704	9.75175
3705	9.75175
3706	9.75175
3707	9.75175
3708	9.75175
3709	9.75175
3710	9.75175
3711	9.75175
3712	9.75175
3713	9.75175
3714	9.75175
3715	9.75175
3716	9.75175
3717	9.75175
3718	9.75175
3719	9.68614
3720	10.1558
3721	9.75175
3722	9.75175
3723	9.75175
3724	9.75175
3725	9.75175
3726	9.75175
3727	9.75175
3728	9.75175
3729	9.75175
3730	9.75175
3731	9.75175
3732	9.75175
3733	9.75175
3734	9.75175
3735	9.75175
3736	9.75175
3737	9.75175
3738	9.75175
3739	9.75175
3740	9.75175
3741	9.75175
3742	9.75175
3743	9.75175
3744	9.75175
3745	9.75175
3746	9.75175
3747	9.75175
3748	9.75175
3749	9.75175
3750	9.75175
3751	9.75175
3752	9.75175
3753	9.75175
3754	9.75175
3755	9.75175
3756	9.75175
3757	9.75175
3758	9.75175
3759	9.75175
3760	9.75175
3761	9.75175
3762	9.75175
3763	9.75175
3764	9.75175
3765	9.75175
3766	9.75175
3767	9.75175
3768	9.75175
3769	9.75175
3770	9.75175
3771	9.75175
3772	9.75175
3773	9.75175
3774	10.1907
3775	10.1907
3776	10.1907
3777	10.1907
3778	10.1907
3779	10.1907
3780	10.1907
3781	10.1907
3782	10.1907
3783	10.1907
3784	10.1907
3785	10.1907
3786	10.1907
3787	10.1907
3788	10.1907
3789	10.1907
3790	10.1907
3791	10.1907
3792	10.1907
3793	10.1907
3794	10.1907
3795	10.1907
3796	10.1907
3797	10.1907
3798	10.1907
3799	10.1907
3800	10.1907
3801	10.1907
3802	10.1907
3803	10.5234
3804	10.1907
3805	10.5619
3806	10.5234
3807	10.1907
3808	10.1907
3809	10.1907
3810	10.1907
3811	10.1907
3812	10.1543
3813	10.1543
3814	10.1543
3815	10.1543
3816	10.1543
3817	10.1543
3818	10.1543
3819	10.1543
3820	10.1543
3821	10.1543
3822	10.1543
3823	10.1543
3824	10.1543
3825	10.1543
3826	10.1543
3827	10.1543
3828	10.1543
3829	10.1543
3830	10.1543
3831	10.1543
3832	10.1543
3833	10.1543
3834	10.1543
3835	10.1543
3836	10.1543
3837	10.1543
3838	10.1543
3839	10.1543
3840	10.1543
3841	10.1543
3842	10.1543
3843	10.1543
3844	10.1543
3845	10.1543
3846	10.1543
3847	10.1543
3848	10.1543
3849	10.1543
3850	10.1543
3851	10.1543
3852	10.1543
3853	10.3124
3854	11.1166
3855	11.5361
3856	11.5361
3857	11.5361
3858	11.5361
3859	11.5361
3860	11.5361
3861	11.5361
3862	11.5361
3863	11.5361
3864	11.5361
3865	11.5361
3866	11.5361
3867	11.5361
3868	11.5361
3869	11.5354
3870	11.5354
3871	11.5354
3872	11.5354
3873	11.5354
3874	11.5354
3875	11.5266
3876	11.5266
3877	11.5266
3878	11.5266
3879	11.5266
3880	11.5266
3881	11.5266
3882	11.5266
3883	11.5266
3884	11.5266
3885	11.5266
3886	11.5266
3887	11.3685
3888	11.3685
3889	11.3685
3890	11.3685
3891	11.3685
3892	11.3685
3893	11.3685
3894	11.3205
3895	11.2221
3896	11.2221
3897	11.2221
3898	11.2221
3899	11.2221
3900	11.2221
3901	11.2221
3902	11.198
3903	11.198
3904	10.8298
3905	10.8298
3906	10.208
3907	10.208
3908	10.208
3909	10.208
3910	10.208
3911	10.208
3912	9.84414
3913	9.84414
3914	9.84414
3915	9.84414
3916	9.84414
3917	9.84414
3918	9.84414
3919	9.84414
3920	9.84414
3921	9.84414
3922	9.84414
3923	9.84414
3924	9.84414
3925	9.84414
3926	9.84414
3927	9.84414
3928	9.84414
3929	9.84414
3930	9.84414
3931	9.84414
3932	9.84414
3933	9.84414
3934	9.84414
3935	9.84414
3936	9.84414
3937	9.84414
3938	9.84414
3939	9.84414
3940	9.84414
3941	9.84414
3942	9.84414
3943	9.84414
3944	9.84414
3945	9.84414
3946	9.84414
3947	9.84414
3948	9.84414
3949	9.84414
3950	9.84414
3951	9.84414
3952	9.84414
3953	9.84414
3954	9.84414
3955	9.84414
3956	9.84414
3957	9.84414
3958	9.84414
3959	9.84414
3960	9.84414
3961	9.84414
3962	9.83643
3963	9.83643
3964	9.83643
3965	9.83643
3966	9.83643
3967	9.83643
3968	9.83643
3969	9.83643
3970	9.83643
3971	9.83643
3972	9.83643
3973	9.83643
3974	9.83643
3975	9.83643
3976	9.83643
3977	9.83643
3978	9.83643
3979	9.83643
3980	9.83643
3981	9.83643
3982	9.83643
3983	9.83643
3984	9.83643
3985	9.83643
3986	9.83643
3987	9.83643
3988	9.83643
3989	9.83643
3990	9.83643
3991	9.83643
3992	9.83643
3993	9.83643
3994	9.83643
3995	9.83643
3996	9.83643
3997	9.83643
3998	9.83643
3999	9.83643
4000	9.83643
