27.8795
28.3877
29.8454
29.9918
30.3205
30.38
30.4806
30.5944
30.7428
30.8418
31.1868
31.2466
31.3745
31.4468
31.5474
31.5738
31.7688
31.8204
31.8271
32.2088
32.2306
32.479
32.6413
32.6766
32.9081
32.9212
32.9654
32.9928
33.2246
33.2982
33.4196
33.4879
33.4978
33.5816
33.6329
33.6675
33.6962
33.7115
33.7358
33.7388
33.8881
33.9423
34.2011
34.2103
34.2122
34.233
34.2397
34.3217
34.463
34.5229
34.5265
34.5523
34.5633
34.6495
34.6503
34.6527
34.6569
34.6709
34.7417
34.8233
34.9649
34.9737
35.02
35.1218
35.1998
35.2699
35.3664
35.4159
35.4918
35.5425
35.5449
35.572
35.5721
35.689
35.7064
35.7324
35.9495
35.9606
36.3174
36.3215
36.4076
36.5802
36.6548
36.7822
36.9078
36.9263
36.9965
37.0618
37.23
37.2674
37.3219
37.4729
37.4967
37.6531
37.7068
37.9401
38.0709
38.7537
38.9728
39.2181
