28.9336
29.1713
29.2475
29.9416
30.874
30.8868
30.9148
31.0644
31.0954
31.2445
31.3061
31.4048
31.7065
31.761
31.8423
32.0046
32.0832
32.1641
32.1728
32.2656
32.5936
32.6583
32.8743
32.9866
33.028
33.1054
33.1284
33.2499
33.4299
33.5063
33.5203
33.5998
33.6835
33.7284
33.7511
33.7626
33.7928
33.8823
33.9369
33.951
33.974
33.9867
34.1767
34.26
34.3787
34.4232
34.4842
34.5457
34.595
34.619
34.6852
34.7536
34.9927
35.0172
35.0296
35.1071
35.1484
35.2305
35.3068
35.3126
35.3978
35.4301
35.7634
35.9934
35.9969
36.2454
36.2523
36.2837
36.3113
36.3411
36.4396
36.4947
36.4971
36.6165
36.6852
36.8408
36.8414
36.8701
36.8772
36.9185
36.9515
37.2039
37.5292
37.6175
37.6602
37.7933
37.8332
38.4159
38.5525
38.5622
38.6278
39.0263
39.045
39.1446
39.2599
39.4153
39.4837
39.8217
40.2926
40.5357
