1	26.6603
2	26.6603
3	26.0398
4	26.0398
5	26.0398
6	25.2603
7	24.5999
8	23.578
9	23.5147
10	23.5147
11	22.2849
12	22.2849
13	22.2849
14	22.1327
15	22.1327
16	21.6245
17	20.9917
18	20.3313
19	20.3313
20	19.9392
21	19.9392
22	19.9392
23	19.9392
24	19.9392
25	19.1698
26	19.1698
27	18.9628
28	18.9628
29	18.9628
30	18.9628
31	18.9628
32	18.9628
33	18.9493
34	18.9141
35	18.4956
36	18.1582
37	18.1582
38	17.4518
39	17.4518
40	17.4518
41	17.4518
42	16.9258
43	16.8742
44	16.8468
45	16.8468
46	16.8468
47	16.8468
48	16.8468
49	16.6788
50	16.6664
51	16.6255
52	17.1049
53	17.069
54	16.7545
55	15.744
56	15.744
57	15.772
58	16.0011
59	15.772
60	15.6652
61	15.5935
62	14.9397
63	14.5321
64	14.5321
65	14.5321
66	14.5321
67	14.5321
68	14.0953
69	14.0953
70	13.9185
71	13.9185
72	13.9185
73	13.9185
74	13.7341
75	13.7341
76	13.7341
77	13.5328
78	13.5328
79	13.5328
80	13.5328
81	13.0736
82	13.0736
83	12.717
84	12.717
85	12.717
86	12.717
87	12.717
88	12.717
89	12.717
90	12.717
91	12.6929
92	12.6929
93	12.6929
94	12.6929
95	12.4619
96	12.4619
97	12.4455
98	12.4455
99	12.4455
100	12.4455
101	12.4214
102	12.4214
103	12.4214
104	12.4214
105	12.4214
106	12.4214
107	12.4214
108	12.4214
109	12.198
110	12.198
111	12.198
112	12.198
113	12.198
114	12.1735
115	12.1735
116	12.1735
117	12.1735
118	12.1735
119	12.1152
120	12.1152
121	12.1152
122	12.1152
123	11.4862
124	11.4765
125	11.5361
126	11.5361
127	11.5361
128	11.5361
129	11.5361
130	11.5361
131	11.3164
132	11.3164
133	11.3164
134	11.3164
135	11.3164
136	11.3164
137	11.2044
138	11.2044
139	11.2044
140	11.2044
141	11.2044
142	11.2044
143	11.2044
144	11.2044
145	11.2679
146	11.2044
147	11.2044
148	11.2044
149	11.2044
150	11.2044
151	11.2044
152	11.2044
153	11.2044
154	11.2044
155	11.2044
156	11.2044
157	11.2044
158	11.1776
159	11.1776
160	11.1776
161	11.1776
162	11.1776
163	11.1776
164	11.1776
165	11.0933
166	11.0933
167	11.0933
168	11.0819
169	11.0819
170	11.0819
171	11.0819
172	11.0725
173	11.0725
174	10.9088
175	10.9088
176	10.9088
177	10.9088
178	10.9088
179	10.9088
180	10.9088
181	10.907
182	10.907
183	10.907
184	10.907
185	10.907
186	10.907
187	10.907
188	10.907
189	10.907
190	10.907
191	10.907
192	10.907
193	10.907
194	10.907
195	10.907
196	10.907
197	10.907
198	10.907
199	10.907
200	10.907
201	10.907
202	10.907
203	10.907
204	10.907
205	10.907
206	10.907
207	10.907
208	10.907
209	10.907
210	10.907
211	10.9158
212	10.9158
213	10.9158
214	10.9158
215	10.9158
216	10.9158
217	10.9158
218	10.9158
219	10.9158
220	10.9158
221	10.9158
222	10.9158
223	10.9158
224	10.9158
225	10.9158
226	10.9158
227	10.9158
228	10.9158
229	10.9158
230	10.9158
231	10.9158
232	10.9158
233	10.9158
234	10.9158
235	10.9158
236	10.9158
237	10.9158
238	10.9158
239	10.9158
240	10.9158
241	10.9158
242	10.9158
243	10.9158
244	10.9158
245	11.0279
246	10.9158
247	10.9158
248	10.9158
249	10.9158
250	10.9158
251	10.9158
252	10.9158
253	10.9003
254	10.9003
255	10.9003
256	10.9003
257	10.9003
258	10.9003
259	10.9003
260	10.9003
261	10.9003
262	10.9003
263	10.9003
264	10.7733
265	10.7733
266	10.7733
267	10.7733
268	10.7733
269	10.7733
270	10.7733
271	10.7733
272	10.7733
273	10.7733
274	10.7733
275	10.7733
276	10.7733
277	10.7025
278	10.7025
279	10.7025
280	10.7025
281	10.7025
282	10.7025
283	10.7025
284	10.7025
285	10.7025
286	10.7025
287	10.7025
288	10.7025
289	10.7025
290	10.7025
291	10.7025
292	10.7025
293	10.7025
294	10.7025
295	10.7025
296	10.7025
297	10.7025
298	10.7025
299	10.7025
300	10.7025
301	10.7025
302	10.7025
303	10.7025
304	10.7025
305	10.7025
306	10.7025
307	10.7025
308	10.7025
309	10.7025
310	10.7025
311	10.7025
312	10.7025
313	10.7025
314	10.7025
315	10.7025
316	10.7025
317	10.7025
318	10.7025
319	10.7025
320	10.7025
321	10.7025
322	10.7025
323	10.7025
324	10.7025
325	10.7025
326	10.7025
327	10.7025
328	10.7025
329	10.7025
330	10.7025
331	10.7025
332	10.7025
333	10.7025
334	10.7025
335	10.7025
336	10.7025
337	10.7025
338	10.7025
339	10.7025
340	10.7025
341	10.7025
342	10.7025
343	10.7025
344	10.7025
345	10.6583
346	10.6583
347	10.6583
348	10.6583
349	10.6583
350	10.6583
351	10.6583
352	10.6583
353	10.6583
354	10.6583
355	10.6583
356	10.6583
357	10.6583
358	10.6583
359	10.6583
360	10.6583
361	10.6583
362	10.6583
363	10.7415
364	10.7415
365	10.7099
366	10.7415
367	11.1741
368	11.1063
369	11.1063
370	11.1063
371	11.1063
372	11.1063
373	11.1063
374	11.1063
375	11.1063
376	11.1063
377	10.6583
378	10.6583
379	10.6583
380	10.6583
381	10.6583
382	10.6583
383	10.6583
384	10.6583
385	10.6583
386	10.6583
387	10.6583
388	10.6583
389	10.6583
390	10.0359
391	10.0359
392	10.0359
393	10.0359
394	10.0359
395	10.0359
396	10.0359
397	10.0359
398	10.0359
399	10.0359
400	10.0359
401	10.0359
402	10.0359
403	10.0359
404	10.0359
405	10.0359
406	10.0359
407	10.0359
408	10.0359
409	10.0359
410	10.0359
411	10.0359
412	10.0359
413	10.0359
414	10.0359
415	10.0359
416	10.0359
417	10.0359
418	10.0359
419	10.0359
420	10.0359
421	10.0359
422	10.0359
423	10.0359
424	10.0359
425	10.0359
426	10.0359
427	10.0359
428	10.0359
429	10.0359
430	10.0359
431	10.0359
432	10.0359
433	10.0359
434	10.0359
435	10.0359
436	10.0359
437	10.0359
438	10.0359
439	10.0359
440	10.0359
441	10.0359
442	10.0359
443	10.0359
444	10.0359
445	10.0359
446	10.0359
447	10.0359
448	10.0359
449	10.0359
450	10.0359
451	10.0359
452	10.0359
453	10.0359
454	10.0359
455	10.0359
456	10.0359
457	10.0359
458	10.0359
459	10.0359
460	10.2846
461	10.2846
462	10.2846
463	10.2846
464	10.2846
465	10.5566
466	10.5566
467	10.2846
468	10.2846
469	10.2846
470	10.2846
471	10.2846
472	10.2846
473	10.2846
474	10.2846
475	10.2846
476	10.2846
477	10.2846
478	10.2846
479	10.2846
480	10.2846
481	10.2846
482	10.2846
483	10.2846
484	10.2846
485	10.2846
486	10.2846
487	10.2846
488	10.2846
489	10.2846
490	10.2846
491	10.2846
492	10.2846
493	10.2846
494	10.2846
495	10.2846
496	10.2846
497	10.2846
498	10.2846
499	10.2846
500	10.2846
501	10.2846
502	10.2846
503	10.2846
504	10.2846
505	10.2846
506	10.2846
507	10.2846
508	10.2846
509	10.2846
510	10.2846
511	10.2846
512	10.2846
513	10.2846
514	10.2846
515	10.2846
516	10.2846
517	10.2846
518	10.2846
519	10.3362
520	10.2846
521	10.2846
522	10.2846
523	10.2846
524	10.2846
525	10.2846
526	10.2846
527	10.2846
528	10.2846
529	10.2846
530	10.2846
531	10.2846
532	10.2846
533	10.2846
534	10.2846
535	10.2846
536	10.2846
537	10.2846
538	10.2846
539	10.2846
540	10.2846
541	10.2846
542	10.2846
543	10.2846
544	10.2846
545	10.2846
546	10.2846
547	10.2846
548	10.2846
549	10.3103
550	10.3103
551	10.2846
552	10.2846
553	10.2846
554	10.2846
555	10.2846
556	10.2846
557	10.2846
558	10.2846
559	10.2846
560	10.2291
561	10.2291
562	10.2291
563	10.2291
564	10.2291
565	10.2291
566	10.2291
567	10.2291
568	10.2291
569	10.2291
570	10.2291
571	10.2291
572	10.2291
573	10.2291
574	10.2291
575	10.2291
576	10.2291
577	10.2291
578	10.2291
579	10.2291
580	10.2291
581	10.2291
582	10.2291
583	10.2291
584	10.2291
585	10.2291
586	10.2291
587	10.2291
588	10.2291
589	10.2291
590	10.2291
591	10.2291
592	10.2291
593	10.2291
594	10.2291
595	10.2291
596	10.2291
597	10.2291
598	10.2291
599	10.2291
600	10.2291
601	10.2291
602	10.2291
603	10.2291
604	10.2291
605	10.2291
606	10.2291
607	10.2291
608	10.2291
609	10.2291
610	10.2291
611	10.2291
612	10.2291
613	10.2291
614	10.2291
615	10.2291
616	10.2291
617	10.2291
618	10.2291
619	10.2291
620	10.2291
621	10.2291
622	10.2291
623	10.2291
624	10.2291
625	10.2291
626	10.2291
627	10.2291
628	10.2291
629	10.2291
630	10.2291
631	10.2291
632	10.2291
633	10.2291
634	10.2291
635	10.2291
636	10.2291
637	10.2291
638	10.2291
639	10.2291
640	10.2291
641	10.2291
642	10.2291
643	10.2291
644	10.2291
645	10.2291
646	10.2291
647	10.2291
648	10.2291
649	10.2291
650	10.2291
651	10.2291
652	10.2291
653	10.2291
654	10.2291
655	10.2291
656	10.2291
657	10.2291
658	10.2291
659	10.2291
660	10.2291
661	10.2291
662	10.2291
663	10.2291
664	10.2291
665	10.2291
666	10.2291
667	10.2291
668	10.2291
669	10.4049
670	10.4049
671	10.4049
672	10.4049
673	10.2291
674	10.2291
675	10.2291
676	10.2291
677	10.2291
678	10.2291
679	10.2291
680	10.2291
681	10.2291
682	10.2291
683	10.2291
684	10.2291
685	10.2291
686	10.2291
687	10.2291
688	10.2291
689	10.2291
690	10.2291
691	10.2291
692	10.2291
693	10.2291
694	10.2291
695	10.2291
696	10.2291
697	10.2291
698	10.2291
699	10.2291
700	10.2291
701	10.2291
702	10.2291
703	10.2291
704	10.2291
705	10.2291
706	10.2291
707	10.2291
708	10.2291
709	10.2291
710	10.2291
711	10.2291
712	10.2291
713	10.2291
714	10.2291
715	10.2291
716	10.2291
717	10.2291
718	10.2291
719	10.2291
720	10.2291
721	10.2291
722	10.2291
723	10.2291
724	10.2291
725	10.2291
726	10.2291
727	10.2291
728	10.2291
729	10.2291
730	10.2291
731	10.2291
732	10.2291
733	10.2291
734	10.2291
735	10.1243
736	10.1243
737	10.1243
738	10.1243
739	10.0359
740	10.1243
741	10.1243
742	10.1243
743	10.1243
744	10.1243
745	10.0359
746	10.0359
747	10.0359
748	10.0359
749	10.0359
750	10.0359
751	10.0359
752	10.0359
753	10.0359
754	10.0359
755	10.0359
756	10.0359
757	10.1447
758	10.1447
759	10.1447
760	10.0359
761	10.0359
762	10.0359
763	10.0359
764	10.0359
765	10.0359
766	10.0359
767	10.0359
768	10.0359
769	10.0359
770	10.0359
771	10.0359
772	10.0359
773	10.0359
774	10.0359
775	10.0359
776	10.0359
777	10.0359
778	10.0359
779	10.0359
780	10.0359
781	10.0359
782	10.0359
783	10.0359
784	10.0359
785	10.0359
786	10.0359
787	10.0359
788	10.0359
789	10.0359
790	10.0359
791	10.0359
792	10.0359
793	10.0359
794	10.0359
795	10.0359
796	10.0359
797	10.0359
798	10.0359
799	10.0359
800	10.0359
801	10.0359
802	10.0359
803	10.0359
804	10.0359
805	10.0359
806	10.0359
807	10.0359
808	10.0359
809	10.0359
810	10.0359
811	10.1526
812	10.1526
813	10.1526
814	10.2828
815	10.1526
816	10.1526
817	10.2556
818	10.1389
819	10.1389
820	10.0876
821	10.0359
822	10.0359
823	10.0359
824	10.0359
825	10.0359
826	10.0359
827	10.0359
828	10.0359
829	10.0359
830	10.0359
831	10.0359
832	10.0359
833	10.0359
834	10.0359
835	10.0359
836	10.0359
837	10.0359
838	10.0359
839	10.0359
840	10.0359
841	10.0359
842	10.0359
843	10.0359
844	10.0359
845	10.0359
846	10.0359
847	10.0359
848	10.0359
849	10.0359
850	10.0359
851	10.0359
852	10.4294
853	10.7494
854	10.3906
855	10.3906
856	10.3906
857	10.0876
858	10.0876
859	10.0876
860	10.0876
861	10.0876
862	10.0359
863	10.0359
864	10.0359
865	10.0359
866	10.0359
867	10.0359
868	10.0359
869	10.0359
870	10.0359
871	10.0359
872	10.0359
873	10.0359
874	10.0359
875	10.0359
876	10.0359
877	10.0359
878	10.0359
879	10.0359
880	10.0359
881	10.0359
882	10.0437
883	10.0371
884	10.0371
885	10.0371
886	10.0371
887	10.0371
888	10.0371
889	10.0371
890	10.0371
891	10.0371
892	10.0371
893	10.0359
894	10.0359
895	10.0359
896	10.0359
897	10.0359
898	10.0359
899	10.0359
900	10.0359
901	10.0359
902	10.0359
903	10.0359
904	10.0359
905	10.0359
906	10.0359
907	10.0359
908	10.0359
909	10.0359
910	10.0359
911	10.0359
912	10.0359
913	10.0359
914	10.0359
915	10.0359
916	10.0359
917	10.0359
918	10.0359
919	10.0359
920	10.0359
921	10.0359
922	10.0359
923	10.0359
924	10.0359
925	10.0359
926	10.0359
927	10.0359
928	10.0359
929	10.0359
930	10.0359
931	10.0359
932	10.0359
933	10.0359
934	10.0359
935	10.0359
936	10.0359
937	10.0359
938	10.0359
939	10.0359
940	10.0359
941	10.0359
942	10.0359
943	10.0359
944	10.0359
945	10.0359
946	10.0359
947	10.0359
948	10.0359
949	10.0359
950	10.0359
951	10.0359
952	10.5897
953	10.0371
954	10.0371
955	10.0359
956	10.0359
957	10.0359
958	10.0359
959	10.0359
960	10.0359
961	10.0359
962	10.0359
963	10.0359
964	10.0359
965	10.0359
966	10.0359
967	10.0359
968	10.0359
969	10.0359
970	10.0359
971	10.0359
972	10.0359
973	10.0359
974	10.0359
975	10.0359
976	10.0359
977	10.0359
978	10.0359
979	10.0359
980	10.0359
981	10.0359
982	10.0359
983	10.0359
984	10.0359
985	10.0359
986	10.0359
987	10.0359
988	10.0359
989	10.0359
990	10.0359
991	10.0359
992	10.0359
993	10.0359
994	10.0359
995	10.0359
996	10.0359
997	10.0359
998	10.0359
999	10.0359
1000	10.0359
1001	10.0359
1002	10.0359
1003	10.0359
1004	10.0359
1005	10.0359
1006	10.0359
1007	10.0359
1008	10.0359
1009	10.0359
1010	10.0359
1011	10.0359
1012	10.0359
1013	10.0359
1014	10.0359
1015	10.0359
1016	10.0359
1017	10.0359
1018	10.0359
1019	10.0359
1020	10.0359
1021	10.0359
1022	10.0359
1023	10.0359
1024	10.0359
1025	10.0359
1026	10.0359
1027	10.0359
1028	10.0359
1029	10.0359
1030	10.0359
1031	10.0359
1032	10.0359
1033	10.0359
1034	10.0359
1035	10.0359
1036	10.0359
1037	10.0359
1038	10.0359
1039	10.0359
1040	10.0359
1041	10.0359
1042	10.0359
1043	10.0359
1044	10.0359
1045	10.0359
1046	10.0359
1047	10.0359
1048	10.0359
1049	10.0359
1050	10.0359
1051	10.0359
1052	10.0359
1053	10.0359
1054	10.0359
1055	10.0359
1056	10.0359
1057	10.0359
1058	10.0359
1059	10.0359
1060	10.0359
1061	10.0359
1062	10.0359
1063	10.0359
1064	10.0359
1065	10.0359
1066	10.0359
1067	10.0359
1068	10.0359
1069	10.0359
1070	10.0359
1071	10.0359
1072	10.0359
1073	10.0359
1074	10.0359
1075	10.0359
1076	10.0359
1077	10.0359
1078	10.0359
1079	10.0359
1080	10.0359
1081	10.0359
1082	10.0359
1083	10.0359
1084	10.0359
1085	10.0359
1086	10.0359
1087	10.0359
1088	10.0359
1089	10.0359
1090	10.0359
1091	10.0359
1092	10.0359
1093	10.0359
1094	10.0359
1095	10.0359
1096	10.0359
1097	10.0359
1098	10.0359
1099	10.0359
1100	10.0359
1101	10.0359
1102	10.0359
1103	10.0359
1104	10.0359
1105	10.0359
1106	10.0359
1107	10.0359
1108	10.0359
1109	10.0359
1110	10.0359
1111	10.0359
1112	10.0359
1113	10.0359
1114	10.0359
1115	10.0359
1116	10.0359
1117	10.0359
1118	10.0359
1119	10.0359
1120	10.0359
1121	10.0359
1122	10.0359
1123	10.0359
1124	10.0359
1125	10.0359
1126	10.0359
1127	10.0414
1128	10.0359
1129	10.0359
1130	10.0359
1131	10.0359
1132	10.0359
1133	10.0801
1134	10.0801
1135	10.0801
1136	10.0801
1137	10.0801
1138	10.0801
1139	10.0801
1140	10.0801
1141	10.0801
1142	10.0801
1143	10.0801
1144	10.0801
1145	10.0801
1146	10.0801
1147	10.0801
1148	10.0801
1149	10.0801
1150	10.0801
1151	10.0801
1152	10.0801
1153	10.0801
1154	10.0801
1155	10.0801
1156	10.0801
1157	10.0801
1158	10.0801
1159	10.0801
1160	10.0801
1161	10.0801
1162	10.0801
1163	10.0801
1164	10.0801
1165	10.0801
1166	10.0687
1167	10.0687
1168	10.0687
1169	10.0687
1170	10.0687
1171	10.0359
1172	10.0359
1173	10.0359
1174	10.0359
1175	10.0359
1176	10.0359
1177	10.0359
1178	10.3079
1179	10.0359
1180	10.0359
1181	10.0359
1182	10.0359
1183	10.0359
1184	10.0359
1185	10.0359
1186	10.0359
1187	10.0359
1188	10.1447
1189	10.1447
1190	10.0359
1191	10.0359
1192	10.0359
1193	10.0359
1194	10.0359
1195	10.0359
1196	10.0359
1197	10.0359
1198	10.0359
1199	10.0359
1200	10.0359
1201	10.0359
1202	10.0359
1203	10.0359
1204	10.0359
1205	10.0359
1206	10.0359
1207	10.0359
1208	11.2116
1209	11.6049
1210	11.6049
1211	11.6049
1212	11.6049
1213	11.6049
1214	11.6049
1215	11.6049
1216	11.6049
1217	11.6049
1218	11.6049
1219	11.6049
1220	11.6049
1221	11.6049
1222	11.6049
1223	11.6049
1224	11.6049
1225	11.6049
1226	11.6049
1227	11.6049
1228	11.6049
1229	11.6049
1230	11.6049
1231	11.5498
1232	11.5498
1233	11.5498
1234	11.5498
1235	11.5498
1236	11.5498
1237	11.2292
1238	11.2292
1239	11.2292
1240	11.2292
1241	11.2292
1242	11.2237
1243	11.2237
1244	11.2237
1245	11.2237
1246	11.2237
1247	11.2237
1248	11.2237
1249	11.2237
1250	11.2237
1251	11.2237
1252	11.2237
1253	11.2237
1254	11.2237
1255	11.0798
1256	11.0798
1257	11.0798
1258	11.0798
1259	11.0798
1260	10.7992
1261	10.7992
1262	10.7992
1263	10.7761
1264	10.7761
1265	10.7761
1266	10.7761
1267	10.7761
1268	10.7761
1269	10.7761
1270	10.7761
1271	10.7761
1272	10.7761
1273	10.7761
1274	10.7761
1275	10.7761
1276	10.7761
1277	10.7761
1278	10.7761
1279	10.7761
1280	10.7761
1281	10.7761
1282	10.7761
1283	10.7761
1284	10.7761
1285	10.7761
1286	10.7761
1287	10.7761
1288	10.7761
1289	10.7761
1290	10.7761
1291	10.7761
1292	10.7761
1293	10.7761
1294	10.7761
1295	10.7761
1296	10.7761
1297	10.7761
1298	10.7761
1299	10.7761
1300	10.7761
1301	10.7761
1302	10.7761
1303	10.7761
1304	10.7761
1305	10.7761
1306	10.7761
1307	10.7761
1308	10.7761
1309	10.7761
1310	10.7761
1311	10.7761
1312	10.7761
1313	10.7761
1314	10.5011
1315	10.5011
1316	10.5011
1317	10.5011
1318	10.5011
1319	10.5011
1320	10.5011
1321	10.5011
1322	10.5011
1323	10.5011
1324	10.5011
1325	10.5011
1326	10.5011
1327	10.5011
1328	10.5011
1329	10.5011
1330	10.5023
1331	10.5011
1332	10.5011
1333	10.5011
1334	10.5011
1335	10.5011
1336	10.5011
1337	10.5011
1338	10.5011
1339	10.5011
1340	10.5011
1341	10.5011
1342	10.5011
1343	10.5011
1344	10.5011
1345	10.5011
1346	10.5011
1347	10.5011
1348	10.5011
1349	10.5011
1350	10.5011
1351	10.5011
1352	10.5011
1353	10.5011
1354	10.5011
1355	10.5011
1356	10.5011
1357	10.5011
1358	10.5011
1359	10.5011
1360	10.5011
1361	10.5011
1362	10.5011
1363	10.5011
1364	10.5011
1365	10.5011
1366	10.5011
1367	10.5011
1368	10.5011
1369	10.5011
1370	10.5011
1371	10.5011
1372	10.5011
1373	10.5011
1374	10.5011
1375	10.5011
1376	10.5011
1377	10.5011
1378	10.5011
1379	10.5011
1380	10.5011
1381	10.5011
1382	10.5011
1383	10.5011
1384	10.5011
1385	10.5011
1386	10.5011
1387	10.5011
1388	10.5011
1389	10.5011
1390	10.5011
1391	10.5011
1392	10.5011
1393	10.5011
1394	10.5011
1395	10.5011
1396	10.5011
1397	10.5011
1398	10.5011
1399	10.5011
1400	10.5011
1401	10.5011
1402	10.5011
1403	10.5011
1404	10.5011
1405	10.5011
1406	10.5011
1407	10.5011
1408	10.5011
1409	10.5011
1410	10.5011
1411	10.5011
1412	10.5011
1413	10.5011
1414	10.5011
1415	10.5011
1416	10.5011
1417	10.5011
1418	10.5011
1419	10.5011
1420	10.5011
1421	10.5011
1422	10.5011
1423	10.5011
1424	10.5011
1425	10.5011
1426	10.5011
1427	10.5011
1428	10.5011
1429	10.5011
1430	10.5011
1431	10.5011
1432	10.5011
1433	10.5011
1434	10.5011
1435	10.5011
1436	10.5011
1437	10.5011
1438	10.5011
1439	10.5011
1440	10.5011
1441	10.5011
1442	10.5011
1443	10.5011
1444	10.5011
1445	10.5011
1446	10.5011
1447	10.5011
1448	10.5011
1449	10.5011
1450	10.5011
1451	10.5011
1452	10.5011
1453	10.5011
1454	10.5011
1455	10.5011
1456	10.5011
1457	10.404
1458	10.404
1459	10.404
1460	10.404
1461	10.404
1462	10.404
1463	10.404
1464	10.404
1465	10.404
1466	10.404
1467	10.404
1468	10.404
1469	10.3156
1470	10.3156
1471	10.3156
1472	10.3156
1473	10.3156
1474	10.3156
1475	10.3156
1476	10.3156
1477	10.3156
1478	10.3156
1479	10.3156
1480	10.3156
1481	10.3156
1482	10.3156
1483	10.3156
1484	10.3156
1485	10.3156
1486	10.3156
1487	10.3156
1488	10.3156
1489	10.3156
1490	10.3156
1491	10.3156
1492	10.3156
1493	10.3156
1494	10.3156
1495	10.3156
1496	10.3156
1497	10.3156
1498	10.3156
1499	10.3156
1500	10.3156
1501	10.3156
1502	10.3156
1503	10.3156
1504	10.3156
1505	10.3156
1506	10.3156
1507	10.3156
1508	10.3156
1509	10.3156
1510	10.3156
1511	10.3156
1512	10.3156
1513	10.3156
1514	10.3156
1515	10.3156
1516	10.3156
1517	10.3156
1518	10.3156
1519	10.3156
1520	10.3156
1521	10.3156
1522	10.3156
1523	10.0437
1524	10.0437
1525	10.0437
1526	10.0437
1527	10.0437
1528	10.0437
1529	10.0437
1530	10.0437
1531	10.0437
1532	10.0437
1533	10.0437
1534	10.0437
1535	10.0437
1536	10.0437
1537	10.0437
1538	10.0437
1539	10.0437
1540	10.0437
1541	10.0437
1542	10.0437
1543	10.0437
1544	10.0437
1545	10.0437
1546	10.0437
1547	10.0437
1548	10.0359
1549	10.0359
1550	10.0359
1551	10.0359
1552	10.0359
1553	10.0359
1554	10.0359
1555	10.0359
1556	10.0359
1557	10.0359
1558	10.0359
1559	10.0359
1560	10.0359
1561	10.0359
1562	10.0359
1563	10.0359
1564	10.0359
1565	10.0359
1566	10.0359
1567	10.0359
1568	10.0359
1569	10.0359
1570	10.0359
1571	10.0359
1572	10.0359
1573	10.0359
1574	10.0359
1575	10.0359
1576	10.0359
1577	10.0359
1578	10.0359
1579	10.0359
1580	10.3167
1581	10.0359
1582	10.0359
1583	10.0359
1584	10.0359
1585	10.0359
1586	10.0359
1587	10.0359
1588	10.0359
1589	10.0359
1590	10.0359
1591	10.0359
1592	10.0359
1593	10.0359
1594	10.0359
1595	10.0359
1596	10.0359
1597	10.0359
1598	10.0359
1599	10.0359
1600	10.0359
1601	10.0359
1602	10.0359
1603	10.0359
1604	10.0359
1605	10.0359
1606	10.0359
1607	10.0359
1608	10.0359
1609	10.0359
1610	10.0359
1611	10.0359
1612	10.0359
1613	10.0359
1614	10.0471
1615	10.0359
1616	10.0359
1617	10.0359
1618	10.0359
1619	10.0359
1620	10.0359
1621	10.0359
1622	10.0359
1623	10.0359
1624	10.0359
1625	10.0359
1626	10.0359
1627	10.0359
1628	10.0359
1629	10.0359
1630	10.0359
1631	10.0359
1632	10.0359
1633	10.0359
1634	10.0359
1635	10.0359
1636	10.0359
1637	10.0359
1638	10.0359
1639	10.0359
1640	10.0359
1641	10.0359
1642	10.0359
1643	10.0359
1644	10.0359
1645	10.0359
1646	10.0359
1647	10.0359
1648	10.0359
1649	10.0359
1650	10.0359
1651	10.0359
1652	10.0359
1653	10.0359
1654	10.0359
1655	10.0359
1656	10.0359
1657	10.0359
1658	10.0359
1659	10.0359
1660	10.0359
1661	10.0359
1662	10.0359
1663	10.0359
1664	10.1338
1665	10.0359
1666	10.0359
1667	10.0359
1668	10.0359
1669	10.0359
1670	10.0359
1671	10.0359
1672	10.0359
1673	10.0359
1674	10.0359
1675	10.0359
1676	10.0359
1677	10.0359
1678	10.0359
1679	10.0359
1680	10.0359
1681	10.0359
1682	10.0359
1683	10.0359
1684	10.0359
1685	10.0359
1686	10.0359
1687	10.0359
1688	10.0359
1689	10.0359
1690	10.0359
1691	10.0359
1692	10.0359
1693	10.0359
1694	10.0359
1695	10.0359
1696	10.0359
1697	10.0359
1698	10.0359
1699	10.0359
1700	10.0359
1701	10.0359
1702	10.0359
1703	10.0359
1704	10.0359
1705	10.0359
1706	10.0359
1707	10.0359
1708	10.0359
1709	10.0359
1710	10.0359
1711	10.0359
1712	10.0359
1713	10.0359
1714	10.0359
1715	10.0359
1716	10.0359
1717	10.0359
1718	10.0359
1719	10.0359
1720	10.0359
1721	10.0359
1722	10.0359
1723	10.0359
1724	10.0359
1725	10.0359
1726	10.0359
1727	10.0359
1728	10.0359
1729	10.0359
1730	10.0359
1731	10.0359
1732	10.0359
1733	10.0359
1734	10.0359
1735	10.0359
1736	10.0359
1737	10.0359
1738	10.0359
1739	10.0359
1740	10.0359
1741	10.0359
1742	10.0359
1743	10.0359
1744	10.0359
1745	10.0359
1746	10.0359
1747	10.0359
1748	10.0359
1749	10.0359
1750	10.0359
1751	10.0359
1752	10.0359
1753	10.0359
1754	10.0359
1755	10.0359
1756	10.0359
1757	10.0359
1758	10.0359
1759	10.0359
1760	10.0359
1761	10.0359
1762	10.0359
1763	10.0359
1764	10.0359
1765	10.0359
1766	10.0359
1767	10.0359
1768	10.0359
1769	10.0359
1770	10.0359
1771	10.1242
1772	10.0359
1773	10.0359
1774	10.0437
1775	10.0437
1776	10.0437
1777	10.0437
1778	10.0437
1779	10.0437
1780	10.0437
1781	10.0437
1782	10.0437
1783	10.0437
1784	10.0437
1785	10.0437
1786	10.0437
1787	10.0437
1788	10.0437
1789	10.0437
1790	10.0437
1791	10.0437
1792	10.0437
1793	10.0437
1794	10.0437
1795	10.0437
1796	10.0437
1797	10.0437
1798	10.0437
1799	10.0437
1800	10.0437
1801	10.0437
1802	10.0437
1803	10.0437
1804	10.0437
1805	10.0359
1806	10.0359
1807	10.0359
1808	11.1316
1809	10.0359
1810	10.0359
1811	10.0359
1812	10.0359
1813	10.0359
1814	10.0359
1815	10.0359
1816	10.0359
1817	10.0359
1818	10.0359
1819	10.0359
1820	10.0359
1821	10.0359
1822	10.0359
1823	10.0359
1824	10.0359
1825	10.0359
1826	10.0359
1827	10.0359
1828	10.0359
1829	10.0359
1830	10.0359
1831	10.0359
1832	10.0359
1833	10.0359
1834	10.0359
1835	10.0359
1836	10.0359
1837	10.0359
1838	10.0359
1839	10.0359
1840	10.0359
1841	10.0359
1842	10.0359
1843	10.0359
1844	10.0359
1845	10.0359
1846	10.0359
1847	10.0359
1848	10.1526
1849	10.1526
1850	10.1526
1851	10.1526
1852	10.1526
1853	10.1544
1854	10.1544
1855	10.1544
1856	10.1544
1857	10.1544
1858	10.1544
1859	10.1544
1860	10.1544
1861	10.1544
1862	10.1544
1863	10.1544
1864	10.1544
1865	10.1526
1866	10.0377
1867	10.0377
1868	10.0377
1869	10.0377
1870	10.0377
1871	10.0377
1872	10.0377
1873	10.0377
1874	10.0377
1875	10.0377
1876	10.0377
1877	10.0377
1878	10.0377
1879	10.0359
1880	10.0359
1881	10.0359
1882	10.0359
1883	10.0359
1884	10.0359
1885	10.0359
1886	10.0359
1887	10.0359
1888	10.0359
1889	10.0359
1890	10.0359
1891	10.0359
1892	10.0359
1893	10.0359
1894	10.0359
1895	10.0359
1896	10.0359
1897	10.0359
1898	10.0359
1899	10.0359
1900	10.0359
1901	10.0359
1902	10.0359
1903	10.0359
1904	10.0359
1905	10.0359
1906	10.0359
1907	10.0359
1908	10.0359
1909	10.0359
1910	10.0359
1911	10.0359
1912	10.0359
1913	10.0359
1914	10.0359
1915	10.0359
1916	10.3947
1917	10.3947
1918	10.3947
1919	10.0915
1920	10.0915
1921	10.0915
1922	10.0915
1923	10.0915
1924	10.0915
1925	10.0915
1926	10.0915
1927	10.0915
1928	10.0915
1929	10.0915
1930	10.0915
1931	10.0915
1932	10.0915
1933	10.0915
1934	10.0915
1935	10.0915
1936	10.0915
1937	10.0915
1938	10.0915
1939	10.0915
1940	10.0915
1941	10.0915
1942	10.0915
1943	10.0915
1944	10.0772
1945	10.0772
1946	10.0915
1947	10.0915
1948	10.0915
1949	10.0772
1950	10.1798
1951	10.1798
1952	10.1798
1953	10.0915
1954	10.0915
1955	10.0915
1956	10.0915
1957	10.0915
1958	10.0915
1959	10.0915
1960	10.0915
1961	10.0915
1962	10.0915
1963	10.0915
1964	10.0915
1965	10.0915
1966	10.0915
1967	10.0915
1968	10.0915
1969	10.0915
1970	10.0915
1971	10.0915
1972	10.0915
1973	10.0915
1974	10.0915
1975	10.0772
1976	10.3401
1977	10.0915
1978	10.9927
1979	10.7109
1980	11.6538
1981	10.3879
1982	10.3879
1983	10.3879
1984	10.3879
1985	10.3879
1986	10.3879
1987	10.3879
1988	10.3879
1989	10.3879
1990	10.3879
1991	10.3879
1992	10.3553
1993	10.3553
1994	10.3553
1995	10.3553
1996	10.3553
1997	10.3553
1998	10.3553
1999	10.3553
2000	10.3553
2001	10.3553
2002	10.3553
2003	10.3553
2004	10.3553
2005	10.3553
2006	10.171
2007	10.171
2008	10.171
2009	10.171
2010	10.171
2011	10.171
2012	10.171
2013	10.171
2014	10.171
2015	10.171
2016	10.171
2017	10.171
2018	10.0915
2019	10.0915
2020	10.0915
2021	10.0915
2022	10.8196
2023	10.8727
2024	10.8727
2025	10.4783
2026	10.4783
2027	10.4783
2028	10.3696
2029	10.3696
2030	10.3547
2031	10.3547
2032	10.7837
2033	10.7837
2034	10.7837
2035	10.0054
2036	10.0054
2037	10.0054
2038	10.0054
2039	10.0054
2040	10.0054
2041	10.0054
2042	9.95882
2043	9.95882
2044	9.95882
2045	9.95882
2046	9.95882
2047	9.95882
2048	9.95425
2049	9.95425
2050	9.95425
2051	9.95425
2052	9.95425
2053	9.95425
2054	9.95425
2055	9.95425
2056	9.95425
2057	9.95425
2058	9.95425
2059	9.95425
2060	9.95425
2061	9.95425
2062	9.89138
2063	9.89138
2064	9.89138
2065	9.89138
2066	9.89138
2067	9.89138
2068	9.89138
2069	9.87994
2070	9.89138
2071	9.89138
2072	9.89138
2073	9.89138
2074	9.89138
2075	9.89138
2076	9.87994
2077	9.87994
2078	9.87994
2079	9.87994
2080	9.87994
2081	9.87994
2082	9.87994
2083	9.87994
2084	9.87994
2085	9.87994
2086	9.87994
2087	9.87994
2088	9.87994
2089	9.87994
2090	9.87994
2091	9.87994
2092	9.87994
2093	9.87994
2094	9.87994
2095	9.87994
2096	9.87994
2097	9.87994
2098	9.87994
2099	9.87994
2100	9.87994
2101	9.87994
2102	9.87994
2103	9.87994
2104	9.87994
2105	9.87994
2106	9.87994
2107	9.87994
2108	9.87994
2109	9.87994
2110	9.87994
2111	9.87994
2112	9.87994
2113	9.87994
2114	9.87994
2115	9.87994
2116	9.87994
2117	9.87994
2118	9.87994
2119	9.87994
2120	9.87994
2121	9.87994
2122	9.87994
2123	9.87994
2124	9.87994
2125	9.87994
2126	9.87994
2127	9.87994
2128	9.87994
2129	10.0935
2130	9.87994
2131	9.87994
2132	9.87994
2133	9.87994
2134	9.87994
2135	9.87994
2136	9.87994
2137	9.87994
2138	9.87994
2139	9.87994
2140	9.87994
2141	9.87994
2142	9.87994
2143	9.87994
2144	9.87994
2145	9.87994
2146	9.87994
2147	9.87994
2148	9.87994
2149	9.87994
2150	9.84948
2151	9.84948
2152	9.84948
2153	9.84948
2154	9.84948
2155	9.84948
2156	9.84948
2157	9.84948
2158	9.84948
2159	9.84948
2160	9.84948
2161	9.84948
2162	9.84948
2163	9.84948
2164	9.84774
2165	9.84774
2166	9.84774
2167	9.84774
2168	9.84774
2169	9.84774
2170	9.84774
2171	9.84774
2172	9.84774
2173	9.84774
2174	9.84774
2175	9.84774
2176	9.84774
2177	9.84774
2178	9.84774
2179	9.84774
2180	9.84774
2181	9.84774
2182	9.84774
2183	9.84774
2184	9.84774
2185	9.84774
2186	9.84774
2187	9.84774
2188	9.84774
2189	9.84774
2190	9.84774
2191	9.84774
2192	9.84774
2193	9.84774
2194	9.84774
2195	9.84774
2196	9.84774
2197	9.84774
2198	9.84774
2199	9.84774
2200	9.84774
2201	9.84774
2202	9.87016
2203	9.87016
2204	9.84774
2205	9.84774
2206	9.84774
2207	9.84774
2208	9.84774
2209	9.84774
2210	9.814
2211	9.814
2212	9.814
2213	9.814
2214	9.814
2215	9.814
2216	9.814
2217	9.814
2218	9.814
2219	9.814
2220	9.814
2221	9.814
2222	9.814
2223	9.814
2224	9.814
2225	9.814
2226	9.814
2227	9.814
2228	9.814
2229	9.814
2230	9.814
2231	9.814
2232	9.814
2233	9.814
2234	9.814
2235	9.814
2236	9.814
2237	9.814
2238	9.814
2239	9.814
2240	9.814
2241	9.814
2242	9.814
2243	9.814
2244	9.814
2245	9.814
2246	9.814
2247	9.814
2248	9.814
2249	9.814
2250	9.814
2251	9.814
2252	9.814
2253	9.814
2254	9.814
2255	9.814
2256	9.814
2257	9.814
2258	9.814
2259	9.814
2260	9.814
2261	9.814
2262	9.814
2263	10.3371
2264	9.814
2265	9.814
2266	10.7086
2267	10.0128
2268	9.86561
2269	9.86561
2270	9.814
2271	9.814
2272	9.814
2273	9.814
2274	9.814
2275	9.814
2276	9.814
2277	9.814
2278	9.814
2279	9.814
2280	9.814
2281	9.814
2282	9.814
2283	9.814
2284	9.814
2285	9.814
2286	9.814
2287	9.814
2288	9.814
2289	9.91493
2290	9.91493
2291	9.90305
2292	9.814
2293	9.814
2294	9.814
2295	9.814
2296	9.814
2297	9.814
2298	9.814
2299	9.814
2300	9.814
2301	9.814
2302	9.814
2303	9.814
2304	9.814
2305	9.814
2306	9.814
2307	9.814
2308	9.814
2309	9.814
2310	9.814
2311	9.814
2312	9.814
2313	9.814
2314	9.814
2315	9.814
2316	9.88806
2317	9.88806
2318	9.88806
2319	9.814
2320	9.88806
2321	9.814
2322	10.4815
2323	10.4815
2324	9.814
2325	9.814
2326	9.814
2327	9.814
2328	9.814
2329	9.814
2330	9.814
2331	9.814
2332	9.814
2333	9.814
2334	9.814
2335	9.814
2336	9.814
2337	9.814
2338	9.814
2339	9.814
2340	9.814
2341	9.814
2342	9.814
2343	9.814
2344	9.814
2345	9.814
2346	9.814
2347	9.814
2348	9.814
2349	9.814
2350	9.814
2351	9.814
2352	9.814
2353	9.814
2354	9.814
2355	9.814
2356	9.814
2357	9.814
2358	9.814
2359	9.814
2360	9.814
2361	9.814
2362	9.814
2363	9.814
2364	9.814
2365	9.814
2366	9.814
2367	9.814
2368	9.814
2369	9.814
2370	9.814
2371	9.814
2372	9.814
2373	9.814
2374	9.814
2375	9.814
2376	9.814
2377	9.814
2378	9.814
2379	9.814
2380	9.814
2381	9.814
2382	9.814
2383	9.814
2384	9.814
2385	9.814
2386	9.814
2387	9.814
2388	9.814
2389	9.814
2390	9.814
2391	9.814
2392	9.814
2393	9.814
2394	9.814
2395	9.814
2396	9.814
2397	9.814
2398	9.814
2399	9.814
2400	9.814
2401	9.814
2402	9.814
2403	9.814
2404	9.814
2405	9.814
2406	9.814
2407	9.814
2408	9.814
2409	9.814
2410	9.814
2411	9.814
2412	9.814
2413	9.814
2414	9.814
2415	9.814
2416	9.814
2417	9.814
2418	9.814
2419	9.814
2420	9.814
2421	9.814
2422	9.814
2423	9.814
2424	9.814
2425	9.814
2426	9.814
2427	9.814
2428	9.814
2429	9.814
2430	9.84948
2431	9.84948
2432	9.814
2433	9.814
2434	9.814
2435	9.814
2436	9.814
2437	9.814
2438	9.814
2439	9.814
2440	9.814
2441	9.814
2442	9.814
2443	9.814
2444	9.814
2445	9.814
2446	9.814
2447	9.814
2448	9.814
2449	9.814
2450	9.814
2451	9.814
2452	9.814
2453	9.814
2454	9.814
2455	9.814
2456	9.814
2457	9.814
2458	9.814
2459	9.814
2460	9.814
2461	9.814
2462	9.814
2463	9.814
2464	9.814
2465	9.814
2466	9.814
2467	9.814
2468	9.814
2469	9.814
2470	9.814
2471	9.814
2472	9.814
2473	9.814
2474	9.814
2475	9.814
2476	9.814
2477	9.814
2478	9.814
2479	9.814
2480	9.814
2481	9.814
2482	9.814
2483	9.814
2484	9.814
2485	9.814
2486	9.814
2487	9.814
2488	9.814
2489	9.814
2490	9.814
2491	9.814
2492	9.814
2493	9.814
2494	9.814
2495	9.814
2496	9.814
2497	9.814
2498	9.814
2499	9.814
2500	9.814
2501	9.814
2502	9.814
2503	9.814
2504	9.814
2505	9.814
2506	9.814
2507	9.814
2508	9.814
2509	9.814
2510	9.814
2511	9.814
2512	9.814
2513	9.814
2514	9.814
2515	9.814
2516	9.814
2517	9.814
2518	9.814
2519	9.814
2520	10.4075
2521	10.4075
2522	10.4075
2523	10.4075
2524	10.4075
2525	10.2527
2526	10.2527
2527	10.2527
2528	10.2527
2529	10.2527
2530	10.2527
2531	10.2527
2532	10.2527
2533	10.0506
2534	10.0506
2535	10.0506
2536	10.0506
2537	10.0506
2538	10.0506
2539	10.0506
2540	10.0506
2541	10.0506
2542	10.0506
2543	10.0506
2544	10.0506
2545	10.0506
2546	10.0506
2547	10.0506
2548	10.0506
2549	10.0506
2550	10.0506
2551	10.0506
2552	10.0506
2553	10.0506
2554	10.0506
2555	10.0506
2556	10.0506
2557	10.0506
2558	10.0506
2559	10.0506
2560	10.0429
2561	10.0429
2562	9.84639
2563	9.84639
2564	9.84639
2565	9.84639
2566	9.84639
2567	9.84639
2568	9.84639
2569	9.84639
2570	9.84639
2571	9.84639
2572	9.84639
2573	9.84639
2574	9.84639
2575	9.84639
2576	9.84639
2577	9.84639
2578	9.84639
2579	9.84639
2580	9.84639
2581	9.84639
2582	9.84639
2583	9.84639
2584	9.84639
2585	9.84639
2586	9.84639
2587	9.84639
2588	9.84639
2589	9.84639
2590	9.84639
2591	9.84639
2592	9.84639
2593	9.84639
2594	9.84639
2595	9.84639
2596	9.84639
2597	9.84639
2598	9.84639
2599	9.84639
2600	9.84639
2601	9.84639
2602	9.84639
2603	9.84639
2604	9.84639
2605	9.84639
2606	9.84639
2607	9.84639
2608	9.84639
2609	9.84639
2610	9.84639
2611	9.84639
2612	9.84639
2613	9.84639
2614	9.84639
2615	9.84639
2616	9.84639
2617	9.84639
2618	9.84639
2619	10.0951
2620	10.1992
2621	10.4412
2622	10.1503
2623	10.1503
2624	10.1503
2625	10.1503
2626	10.1503
2627	10.1503
2628	10.1503
2629	10.1503
2630	10.1503
2631	10.1503
2632	10.1503
2633	10.1503
2634	10.1503
2635	10.1503
2636	10.1494
2637	10.1494
2638	10.1494
2639	10.1494
2640	10.5803
2641	10.5543
2642	10.5543
2643	10.5543
2644	10.5535
2645	10.5535
2646	10.5535
2647	10.5535
2648	10.1494
2649	10.1494
2650	10.3866
2651	10.1351
2652	10.1351
2653	10.0835
2654	10.0835
2655	10.0835
2656	10.0835
2657	10.0835
2658	10.0835
2659	10.0835
2660	10.0835
2661	10.0835
2662	10.0835
2663	10.0835
2664	10.0835
2665	10.0835
2666	10.0835
2667	10.0835
2668	10.0835
2669	10.0835
2670	10.0835
2671	10.0835
2672	10.0835
2673	10.0835
2674	10.0835
2675	10.0835
2676	10.0835
2677	10.0835
2678	10.0835
2679	10.0835
2680	10.0835
2681	10.0835
2682	10.0835
2683	10.0835
2684	10.0835
2685	10.0835
2686	10.0835
2687	10.0835
2688	10.0835
2689	10.0835
2690	10.0835
2691	10.0835
2692	10.0835
2693	10.0835
2694	10.0835
2695	10.0835
2696	10.0835
2697	10.0835
2698	10.0835
2699	10.0835
2700	10.0835
2701	10.0835
2702	10.0835
2703	10.0122
2704	10.0122
2705	10.0122
2706	10.0122
2707	10.0122
2708	10.0122
2709	10.0122
2710	10.0122
2711	10.0122
2712	10.0122
2713	10.0122
2714	10.0122
2715	10.0122
2716	10.0122
2717	10.0122
2718	10.0122
2719	10.0122
2720	10.0122
2721	10.0122
2722	10.0122
2723	10.0122
2724	10.0122
2725	10.0122
2726	10.0122
2727	10.0122
2728	10.0122
2729	10.0122
2730	10.0122
2731	10.0122
2732	10.0122
2733	10.0122
2734	10.0122
2735	10.0122
2736	10.0122
2737	10.0122
2738	10.0122
2739	10.0122
2740	10.0122
2741	10.0122
2742	10.0122
2743	10.0122
2744	10.0122
2745	10.0122
2746	10.0122
2747	10.0122
2748	10.0122
2749	10.0122
2750	10.0122
2751	10.0122
2752	10.0122
2753	10.0122
2754	10.0122
2755	10.0122
2756	10.0122
2757	10.0122
2758	10.2153
2759	10.2153
2760	10.2153
2761	10.2153
2762	10.0395
2763	10.0395
2764	10.0395
2765	10.0395
2766	10.0395
2767	10.0395
2768	10.0395
2769	10.0395
2770	10.0395
2771	10.0395
2772	10.0395
2773	10.0395
2774	10.0395
2775	10.0395
2776	10.0395
2777	9.56741
2778	9.56741
2779	9.56741
2780	9.56741
2781	9.56741
2782	9.56741
2783	9.56741
2784	9.56741
2785	9.56741
2786	9.56741
2787	9.56741
2788	9.56741
2789	9.56741
2790	9.56741
2791	9.56741
2792	9.56741
2793	9.56741
2794	9.56741
2795	9.56741
2796	9.92424
2797	9.56741
2798	9.56741
2799	9.56741
2800	9.56741
2801	9.56741
2802	9.56741
2803	9.56741
2804	9.56741
2805	9.56741
2806	9.56741
2807	9.56741
2808	9.56741
2809	9.56741
2810	9.56741
2811	9.56741
2812	9.56741
2813	9.56741
2814	9.56741
2815	9.56741
2816	9.56741
2817	9.56741
2818	9.56741
2819	9.56741
2820	9.56741
2821	9.56741
2822	9.56741
2823	9.56741
2824	9.56741
2825	9.56741
2826	9.47029
2827	9.47029
2828	9.47029
2829	9.47029
2830	9.47029
2831	9.47029
2832	9.47029
2833	9.47029
2834	9.47029
2835	9.47029
2836	9.47029
2837	9.47029
2838	9.47029
2839	9.79703
2840	9.47029
2841	9.47029
2842	9.47029
2843	9.47029
2844	9.47029
2845	9.47029
2846	9.47029
2847	9.47029
2848	9.47029
2849	9.47029
2850	9.38197
2851	9.38197
2852	9.38197
2853	9.38197
2854	9.38197
2855	9.38197
2856	9.38197
2857	9.38197
2858	9.38197
2859	9.38197
2860	9.38197
2861	9.38197
2862	9.38197
2863	9.38197
2864	9.38197
2865	9.38197
2866	9.38197
2867	9.38197
2868	10.3428
2869	9.38197
2870	9.38197
2871	9.38197
2872	9.38197
2873	9.38197
2874	9.38197
2875	9.38197
2876	9.38197
2877	9.38197
2878	9.38197
2879	9.38197
2880	9.38197
2881	9.38197
2882	9.38197
2883	9.38197
2884	9.38197
2885	9.38197
2886	9.38197
2887	9.38197
2888	9.38197
2889	9.38197
2890	9.38197
2891	9.38197
2892	9.38197
2893	9.38197
2894	9.38197
2895	9.38197
2896	9.38197
2897	9.38197
2898	9.38197
2899	9.38197
2900	9.38197
2901	9.38197
2902	9.38197
2903	9.38197
2904	9.38197
2905	9.72709
2906	9.72709
2907	9.45935
2908	9.38197
2909	9.38197
2910	9.45935
2911	9.45935
2912	9.38197
2913	9.38197
2914	9.38197
2915	9.38197
2916	9.38197
2917	9.38197
2918	9.38197
2919	9.38197
2920	9.38197
2921	9.38197
2922	9.37425
2923	9.37425
2924	9.37425
2925	9.37425
2926	9.37425
2927	9.37425
2928	9.37425
2929	9.37425
2930	9.37425
2931	9.37425
2932	9.37425
2933	9.37425
2934	9.37425
2935	9.37425
2936	9.37425
2937	9.37425
2938	9.37425
2939	9.37425
2940	9.37425
2941	9.37425
2942	9.37425
2943	9.37425
2944	9.37425
2945	9.37425
2946	9.37425
2947	9.37425
2948	9.37425
2949	9.37425
2950	9.37425
2951	9.37425
2952	9.37425
2953	9.37425
2954	9.37425
2955	9.37425
2956	9.37425
2957	9.37425
2958	9.37425
2959	9.37425
2960	9.37425
2961	9.37425
2962	9.37425
2963	9.37425
2964	9.37425
2965	9.37425
2966	9.37425
2967	9.37425
2968	9.37425
2969	9.37425
2970	9.37425
2971	9.37425
2972	9.37425
2973	9.37425
2974	9.37425
2975	9.67072
2976	9.67072
2977	9.67072
2978	9.37425
2979	9.37425
2980	9.37425
2981	9.37425
2982	9.37425
2983	9.37425
2984	9.37425
2985	9.37425
2986	9.37425
2987	9.37425
2988	9.37425
2989	9.37425
2990	9.37425
2991	9.37425
2992	9.37425
2993	9.37425
2994	9.37425
2995	9.37425
2996	9.37425
2997	9.37425
2998	9.37425
2999	9.37425
3000	9.37425
3001	9.37425
3002	9.37425
3003	9.37425
3004	9.37425
3005	9.37425
3006	9.37425
3007	9.37425
3008	9.37425
3009	9.37425
3010	9.37425
3011	9.37425
3012	9.37425
3013	9.37425
3014	9.37425
3015	9.37425
3016	9.73109
3017	9.37425
3018	9.37425
3019	9.37425
3020	9.37425
3021	9.37425
3022	9.37425
3023	9.37425
3024	9.37425
3025	9.37425
3026	9.37425
3027	9.37425
3028	9.37425
3029	9.37425
3030	9.37425
3031	9.37425
3032	9.37425
3033	9.37425
3034	9.37425
3035	9.37425
3036	9.37425
3037	9.37425
3038	9.37425
3039	9.37425
3040	9.37425
3041	9.37425
3042	9.37425
3043	9.37425
3044	9.37425
3045	9.37425
3046	9.37425
3047	9.37425
3048	9.37425
3049	9.37425
3050	9.37425
3051	9.37425
3052	9.37425
3053	9.37425
3054	9.37425
3055	9.37425
3056	9.37425
3057	9.37425
3058	9.37425
3059	9.37425
3060	9.37425
3061	9.37425
3062	9.37425
3063	9.37425
3064	9.37425
3065	9.37425
3066	9.37425
3067	9.37425
3068	9.37425
3069	9.37425
3070	9.37425
3071	9.37425
3072	9.37425
3073	9.42078
3074	9.42078
3075	9.37425
3076	9.37425
3077	9.37425
3078	9.37425
3079	9.37425
3080	9.37425
3081	9.37425
3082	9.37425
3083	9.37425
3084	9.37425
3085	9.37425
3086	9.37425
3087	9.37425
3088	9.37425
3089	9.37425
3090	9.37425
3091	9.37425
3092	9.37425
3093	9.37425
3094	9.37425
3095	9.37425
3096	9.37425
3097	9.37425
3098	9.37425
3099	9.37425
3100	9.37425
3101	9.37425
3102	9.37425
3103	9.37425
3104	9.37425
3105	9.37425
3106	9.37425
3107	9.37425
3108	9.37425
3109	9.37425
3110	9.37425
3111	9.37425
3112	9.37425
3113	9.37425
3114	9.37425
3115	9.37425
3116	9.37425
3117	9.37425
3118	9.37425
3119	9.37425
3120	9.37425
3121	9.37425
3122	9.37425
3123	9.37425
3124	9.37425
3125	9.37425
3126	9.37425
3127	9.37425
3128	9.37425
3129	9.37425
3130	9.37425
3131	9.37425
3132	9.37425
3133	9.37425
3134	9.37425
3135	9.37425
3136	9.37425
3137	9.37425
3138	9.37425
3139	9.37425
3140	9.37425
3141	9.37425
3142	9.37425
3143	9.37425
3144	9.37425
3145	9.37425
3146	9.37425
3147	9.37425
3148	9.37425
3149	9.37425
3150	9.37425
3151	9.37425
3152	9.37425
3153	9.37425
3154	9.37425
3155	9.37425
3156	9.37425
3157	9.37425
3158	9.37425
3159	9.37425
3160	9.37425
3161	9.37425
3162	9.37425
3163	9.37425
3164	9.37425
3165	9.37425
3166	9.37425
3167	9.37425
3168	9.37425
3169	9.37425
3170	9.37425
3171	9.37425
3172	9.37425
3173	9.37425
3174	9.37425
3175	9.37425
3176	9.37425
3177	9.37425
3178	9.37425
3179	9.37425
3180	9.37425
3181	9.37425
3182	9.53345
3183	9.37425
3184	9.37425
3185	9.37425
3186	9.37425
3187	9.37425
3188	9.37425
3189	9.37425
3190	9.37425
3191	9.37425
3192	9.37425
3193	9.37425
3194	9.37425
3195	9.37425
3196	9.37425
3197	9.37425
3198	9.37425
3199	9.37425
3200	9.37425
3201	9.37425
3202	9.37425
3203	9.37425
3204	9.37425
3205	9.37425
3206	9.37425
3207	9.37425
3208	9.37425
3209	9.37425
3210	9.37425
3211	9.37425
3212	9.37425
3213	9.37425
3214	9.37425
3215	9.37425
3216	9.37425
3217	9.37425
3218	9.37425
3219	9.37425
3220	9.37425
3221	9.37425
3222	9.37425
3223	9.37425
3224	9.37425
3225	9.37425
3226	9.37425
3227	9.37425
3228	9.37425
3229	9.37425
3230	9.37425
3231	9.37425
3232	9.37425
3233	9.37425
3234	9.37425
3235	9.37425
3236	9.37425
3237	9.37425
3238	9.37425
3239	9.37425
3240	9.37425
3241	9.67072
3242	9.37425
3243	9.37425
3244	9.37425
3245	9.37425
3246	9.37425
3247	9.37425
3248	9.37425
3249	9.37425
3250	9.37425
3251	9.37425
3252	9.37425
3253	9.37425
3254	9.37425
3255	9.37425
3256	9.37425
3257	9.37425
3258	9.37425
3259	9.37425
3260	9.37425
3261	9.37425
3262	9.37425
3263	9.37425
3264	9.37425
3265	9.37425
3266	9.37425
3267	9.37425
3268	9.37425
3269	9.37425
3270	9.37425
3271	9.37425
3272	9.37425
3273	9.37425
3274	9.37425
3275	9.37425
3276	9.37425
3277	9.37425
3278	9.37425
3279	9.37425
3280	9.37425
3281	9.37425
3282	9.37425
3283	9.37425
3284	9.37425
3285	9.37425
3286	9.37425
3287	9.37425
3288	9.37425
3289	9.37425
3290	9.37425
3291	9.37425
3292	9.37425
3293	9.37425
3294	9.37425
3295	9.37425
3296	9.37425
3297	9.37425
3298	9.37425
3299	9.37425
3300	9.37425
3301	9.37425
3302	9.37425
3303	9.37425
3304	9.37425
3305	9.37425
3306	9.37425
3307	9.37425
3308	9.37425
3309	9.37425
3310	9.37425
3311	9.37425
3312	9.37425
3313	9.37425
3314	9.37425
3315	9.37425
3316	9.37425
3317	9.37425
3318	9.37425
3319	9.37425
3320	9.37425
3321	9.37425
3322	9.37425
3323	9.37425
3324	9.37425
3325	9.37425
3326	9.37425
3327	9.37425
3328	9.37425
3329	9.37425
3330	9.37425
3331	9.37425
3332	9.37425
3333	9.37425
3334	9.37425
3335	9.37425
3336	9.37425
3337	9.37425
3338	9.37425
3339	9.37425
3340	9.37425
3341	9.37425
3342	9.37425
3343	9.37425
3344	9.37425
3345	9.37425
3346	9.37425
3347	9.77913
3348	9.37425
3349	9.37425
3350	9.37425
3351	9.37425
3352	9.37425
3353	9.37425
3354	9.37425
3355	9.37425
3356	9.37425
3357	9.37425
3358	9.37425
3359	9.37425
3360	9.37425
3361	9.37425
3362	9.37425
3363	9.37425
3364	9.37425
3365	9.37425
3366	9.37425
3367	9.37425
3368	9.37425
3369	9.37425
3370	9.37425
3371	9.37425
3372	9.37425
3373	9.37425
3374	9.37425
3375	9.37425
3376	9.37425
3377	9.37425
3378	9.37425
3379	9.37425
3380	9.37425
3381	9.37425
3382	9.37425
3383	9.37425
3384	9.37425
3385	9.37425
3386	9.37425
3387	9.37425
3388	9.4633
3389	9.37425
3390	9.37425
3391	9.37425
3392	9.37425
3393	9.37425
3394	9.37425
3395	9.37425
3396	9.37425
3397	9.37425
3398	9.37425
3399	9.37425
3400	9.37425
3401	9.37425
3402	9.37425
3403	9.37425
3404	9.37425
3405	9.37425
3406	9.37425
3407	9.37425
3408	9.37425
3409	9.37425
3410	9.37425
3411	9.37425
3412	9.37425
3413	9.37425
3414	9.37425
3415	9.37425
3416	9.37425
3417	9.37425
3418	9.37425
3419	9.37425
3420	9.37425
3421	9.37425
3422	9.37425
3423	9.37425
3424	9.37425
3425	9.37425
3426	9.37425
3427	9.37425
3428	9.37425
3429	9.37425
3430	9.37425
3431	9.54541
3432	9.54541
3433	9.54541
3434	9.54541
3435	9.54541
3436	9.54541
3437	9.54541
3438	9.54541
3439	9.54541
3440	9.54541
3441	9.54541
3442	9.54541
3443	9.54541
3444	9.54541
3445	9.54541
3446	9.54541
3447	9.54541
3448	9.54541
3449	9.54541
3450	9.54541
3451	9.54541
3452	9.54541
3453	9.54541
3454	9.54541
3455	9.54541
3456	9.54541
3457	9.54541
3458	9.37425
3459	9.37425
3460	9.37425
3461	9.37425
3462	9.37425
3463	9.37425
3464	9.37425
3465	9.37425
3466	9.37425
3467	9.37425
3468	9.37425
3469	9.37425
3470	9.37425
3471	9.37425
3472	9.37425
3473	9.37425
3474	9.37425
3475	9.37425
3476	9.37425
3477	9.37425
3478	9.37425
3479	9.37425
3480	9.37425
3481	9.37425
3482	9.48928
3483	9.48928
3484	9.48928
3485	9.48928
3486	9.48928
3487	9.41844
3488	9.41844
3489	9.41844
3490	9.41844
3491	9.41844
3492	9.41844
3493	9.41844
3494	9.41844
3495	9.41844
3496	9.41844
3497	9.41844
3498	9.41844
3499	9.41844
3500	9.41844
3501	9.41844
3502	9.41844
3503	9.41844
3504	9.41844
3505	9.41844
3506	9.41844
3507	9.41844
3508	9.41844
3509	9.41844
3510	9.41844
3511	9.41844
3512	9.41844
3513	9.41844
3514	9.41844
3515	9.41844
3516	9.41844
3517	9.41844
3518	9.41844
3519	9.41844
3520	9.41844
3521	9.41844
3522	9.41844
3523	9.41844
3524	9.41844
3525	9.41844
3526	9.41844
3527	9.41844
3528	9.41844
3529	9.41844
3530	9.41844
3531	9.41844
3532	9.41844
3533	9.41844
3534	9.41844
3535	9.41844
3536	9.41844
3537	9.41844
3538	9.41844
3539	9.41844
3540	9.41844
3541	9.41844
3542	9.41844
3543	9.41844
3544	9.41844
3545	9.41844
3546	9.41844
3547	9.41844
3548	9.39843
3549	9.39843
3550	9.39843
3551	9.39843
3552	9.39843
3553	9.38197
3554	9.38197
3555	9.38197
3556	9.38197
3557	9.38197
3558	9.38197
3559	9.38197
3560	9.38197
3561	9.38197
3562	9.38197
3563	9.38197
3564	9.38197
3565	9.38197
3566	9.38197
3567	9.38197
3568	9.38197
3569	9.38197
3570	9.38197
3571	9.991
3572	9.7388
3573	9.38197
3574	9.38197
3575	9.38197
3576	9.38197
3577	9.38197
3578	9.38197
3579	9.38197
3580	9.38197
3581	9.38197
3582	9.38197
3583	9.38197
3584	9.38197
3585	9.38197
3586	9.38197
3587	9.38197
3588	9.38197
3589	9.38197
3590	9.38197
3591	9.38197
3592	9.38197
3593	9.39843
3594	9.38197
3595	9.38197
3596	9.38197
3597	9.38197
3598	9.38197
3599	9.38197
3600	9.38197
3601	9.38197
3602	9.38197
3603	9.38197
3604	9.38197
3605	9.38197
3606	9.38197
3607	9.38197
3608	9.38197
3609	9.38197
3610	9.38197
3611	9.38197
3612	9.38197
3613	9.38197
3614	9.38197
3615	9.38197
3616	9.38197
3617	9.38197
3618	9.38197
3619	9.38197
3620	9.38197
3621	9.38197
3622	9.38197
3623	9.38197
3624	9.38197
3625	9.38197
3626	9.38197
3627	9.38197
3628	9.38197
3629	9.38197
3630	9.38197
3631	9.38197
3632	9.38197
3633	9.38197
3634	9.38197
3635	9.38197
3636	9.38197
3637	9.38197
3638	9.38197
3639	9.38197
3640	9.38197
3641	9.38197
3642	9.38197
3643	9.38197
3644	9.38197
3645	9.38197
3646	9.38197
3647	9.38197
3648	9.38197
3649	9.38197
3650	9.38197
3651	9.38197
3652	9.38197
3653	9.38197
3654	9.38197
3655	9.38197
3656	9.38197
3657	9.38197
3658	9.38197
3659	9.38197
3660	9.38197
3661	9.38197
3662	9.38197
3663	9.38197
3664	9.38197
3665	9.38197
3666	9.38197
3667	9.38197
3668	9.41745
3669	9.41745
3670	9.38197
3671	9.38197
3672	9.38197
3673	9.38197
3674	9.38197
3675	9.38197
3676	9.38197
3677	9.38197
3678	9.38197
3679	9.38197
3680	9.38197
3681	9.38197
3682	9.38197
3683	9.38197
3684	9.38197
3685	9.38197
3686	9.38197
3687	9.38197
3688	9.38197
3689	9.38197
3690	9.38197
3691	9.38197
3692	9.38197
3693	9.38197
3694	9.38197
3695	9.41745
3696	9.38197
3697	9.56894
3698	9.56894
3699	9.56894
3700	11.0366
3701	12.3529
3702	12.3529
3703	11.3588
3704	11.3588
3705	10.6432
3706	10.6432
3707	10.6432
3708	10.6432
3709	10.6432
3710	10.5312
3711	10.5312
3712	10.5312
3713	10.5312
3714	10.5294
3715	10.5294
3716	10.5294
3717	10.3779
3718	10.3779
3719	10.3779
3720	10.3779
3721	10.3779
3722	10.3779
3723	10.3779
3724	10.3779
3725	10.3779
3726	10.3779
3727	10.3797
3728	10.3779
3729	10.3779
3730	10.3779
3731	10.3779
3732	10.3779
3733	10.3779
3734	10.3779
3735	10.4144
3736	10.4144
3737	10.3702
3738	10.3702
3739	10.3702
3740	10.3702
3741	10.3702
3742	10.3702
3743	10.3702
3744	10.3702
3745	10.3702
3746	10.3702
3747	10.3702
3748	10.3702
3749	10.3702
3750	10.3702
3751	10.3702
3752	10.3702
3753	10.3702
3754	10.3702
3755	10.3702
3756	10.3702
3757	10.3702
3758	10.3702
3759	10.3702
3760	10.3702
3761	10.3702
3762	10.3702
3763	10.3702
3764	10.3261
3765	10.2819
3766	10.2819
3767	10.2819
3768	10.2819
3769	10.2819
3770	10.2819
3771	10.2819
3772	10.1788
3773	10.1788
3774	10.1788
3775	10.1788
3776	10.1788
3777	10.1788
3778	10.1788
3779	10.1788
3780	10.1788
3781	10.1788
3782	10.1788
3783	10.1788
3784	10.1788
3785	10.1788
3786	10.1788
3787	10.1788
3788	10.1788
3789	10.0667
3790	10.0667
3791	10.0667
3792	10.0667
3793	10.0667
3794	10.0667
3795	10.0667
3796	10.0667
3797	10.0667
3798	10.0667
3799	10.0667
3800	10.0667
3801	10.0667
3802	10.0667
3803	10.0667
3804	10.0667
3805	10.0667
3806	10.0667
3807	10.0667
3808	10.0667
3809	10.0667
3810	10.0667
3811	10.0667
3812	10.0667
3813	10.0667
3814	10.0667
3815	10.0667
3816	10.0667
3817	10.0667
3818	10.0667
3819	10.0667
3820	10.0667
3821	10.0667
3822	10.0667
3823	10.0667
3824	10.0667
3825	10.0667
3826	10.0667
3827	10.0667
3828	10.0667
3829	10.0667
3830	10.1949
3831	10.0667
3832	10.4645
3833	10.4645
3834	10.0667
3835	10.0667
3836	10.0667
3837	10.0667
3838	10.0667
3839	10.0667
3840	10.0667
3841	10.0667
3842	10.0667
3843	10.0667
3844	10.0667
3845	10.0667
3846	10.0667
3847	10.0667
3848	10.0667
3849	10.0667
3850	10.0667
3851	10.0667
3852	10.0667
3853	10.0667
3854	10.0667
3855	10.0667
3856	10.0667
3857	10.0667
3858	10.0667
3859	10.0667
3860	10.0667
3861	10.0667
3862	10.0667
3863	10.0667
3864	10.0667
3865	10.0667
3866	10.0667
3867	10.0667
3868	10.0667
3869	10.0667
3870	10.0667
3871	10.0667
3872	10.0667
3873	10.0667
3874	10.0667
3875	10.0667
3876	10.0667
3877	10.0667
3878	10.0667
3879	10.0667
3880	10.0667
3881	10.0667
3882	10.0667
3883	10.0667
3884	10.0667
3885	10.0667
3886	10.0667
3887	10.0667
3888	10.0667
3889	10.0667
3890	10.0667
3891	10.0667
3892	10.0667
3893	10.0667
3894	10.0667
3895	9.91474
3896	9.91474
3897	9.91474
3898	9.91474
3899	9.91474
3900	9.91474
3901	9.91474
3902	9.91474
3903	9.91474
3904	9.91474
3905	9.91474
3906	9.91474
3907	9.86821
3908	9.86821
3909	9.86821
3910	9.86821
3911	9.86821
3912	9.86821
3913	9.86821
3914	9.86821
3915	9.86821
3916	9.86821
3917	9.86821
3918	9.86821
3919	9.86821
3920	9.86821
3921	9.86821
3922	9.86821
3923	9.86821
3924	9.86821
3925	9.86821
3926	9.86821
3927	9.86821
3928	9.86821
3929	9.86821
3930	9.86821
3931	9.86821
3932	9.86821
3933	9.86821
3934	9.84413
3935	9.84413
3936	9.84413
3937	9.84413
3938	9.84413
3939	9.84413
3940	9.84413
3941	9.91883
3942	10.0813
3943	9.84413
3944	9.84413
3945	9.84413
3946	9.84413
3947	9.84413
3948	9.84413
3949	9.84413
3950	9.84413
3951	9.84413
3952	9.84413
3953	9.84413
3954	9.84413
3955	9.84413
3956	9.84413
3957	9.84413
3958	9.84413
3959	9.84413
3960	9.84413
3961	9.84413
3962	9.84413
3963	9.83448
3964	9.84413
3965	9.83448
3966	9.83448
3967	9.83448
3968	9.83448
3969	9.83448
3970	9.83448
3971	9.83448
3972	9.83448
3973	9.83448
3974	9.83448
3975	9.83448
3976	9.83448
3977	9.83448
3978	9.83448
3979	9.83448
3980	9.83448
3981	9.83448
3982	9.83448
3983	9.83448
3984	9.83448
3985	9.83448
3986	9.83448
3987	9.83448
3988	9.83448
3989	9.83448
3990	9.83448
3991	9.83448
3992	9.83448
3993	9.83448
3994	9.83448
3995	9.83448
3996	9.83448
3997	9.83448
3998	9.83448
3999	9.83448
4000	9.83448
