28.8864
29.1438
29.4932
29.7589
29.9854
30.1386
30.3345
31.0353
31.0406
31.1396
31.2605
31.4006
31.4169
31.8043
31.9873
32.2856
32.2919
32.5352
32.7739
33.1191
33.3027
33.4405
33.5341
33.5578
33.6919
33.7754
33.8377
33.9214
33.9782
33.9882
34.0514
34.214
34.2266
34.2337
34.266
34.3045
34.3137
34.3199
34.3704
34.4736
34.49
34.5063
34.5832
34.6259
34.634
34.7101
34.712
34.7147
34.8464
34.9487
35.0018
35.0985
35.2015
35.2248
35.2583
35.2891
35.3258
35.3764
35.4198
35.4404
35.562
35.5759
35.6211
35.7072
35.7078
35.9424
35.95
35.9787
35.9867
36.105
36.1783
36.182
36.1828
36.2019
36.2169
36.3017
36.6495
36.7204
36.8541
36.8657
36.9664
37.0039
37.0859
37.1606
37.4905
37.681
37.7093
37.795
37.8183
37.8761
38.1086
38.3956
38.5911
38.6517
38.7031
39.0245
39.3076
39.3087
39.4891
40.1249
