1	31.3065
2	29.6802
3	28.5455
4	27.8027
5	27.1546
6	27.662
7	26.6018
8	25.4406
9	25.0515
10	24.349
11	23.7492
12	23.1453
13	22.6867
14	22.5412
15	22.2994
16	22.2025
17	22.0545
18	21.8015
19	21.1696
20	20.8866
21	20.5628
22	20.4454
23	20.1944
24	20.0371
25	19.9199
26	19.9007
27	19.9035
28	19.884
29	19.7556
30	19.717
31	19.5325
32	19.2626
33	19.239
34	19.0679
35	18.9378
36	18.8013
37	18.6049
38	18.3753
39	18.2385
40	18.2397
41	18.1755
42	18.1446
43	17.6446
44	17.3716
45	17.1304
46	17.0024
47	16.973
48	17.0974
49	16.9692
50	17.1349
51	17.5689
52	18.7952
53	18.7539
54	18.068
55	19.2355
56	18.3831
57	18.4722
58	19.2878
59	18.5597
60	17.0606
61	16.2277
62	15.9656
63	15.8207
64	15.2609
65	14.9446
66	14.6704
67	14.5781
68	14.5224
69	14.4677
70	14.4022
71	14.1673
72	14.0423
73	14.0111
74	13.9409
75	13.8856
76	13.8623
77	13.7623
78	13.7154
79	13.6631
80	13.6469
81	13.6118
82	13.4694
83	13.3044
84	13.179
85	13.0382
86	12.9271
87	12.7385
88	12.717
89	12.7204
90	12.717
91	12.7165
92	12.7151
93	12.7107
94	12.6987
95	12.6829
96	12.6751
97	12.5941
98	12.5546
99	12.471
100	12.4509
101	12.4483
102	12.4448
103	12.4406
104	12.4439
105	12.4288
106	12.4214
107	12.4214
108	12.4214
109	12.417
110	12.391
111	12.341
112	12.2759
113	12.2114
114	12.1975
115	12.1931
116	12.1867
117	12.1798
118	12.1744
119	13.5535
120	13.3171
121	13.1536
122	12.5697
123	14.2774
124	13.5412
125	14.7084
126	14.1506
127	13.4161
128	12.6759
129	11.9194
130	11.9086
131	11.6413
132	11.5536
133	11.4704
134	11.3757
135	11.3432
136	11.3165
137	11.3274
138	11.3097
139	11.292
140	11.247
141	11.2044
142	11.2044
143	11.2044
144	11.2044
145	12.8133
146	12.8498
147	12.6071
148	12.0604
149	11.5758
150	11.6193
151	11.2402
152	12.9762
153	12.3393
154	12.5404
155	12.238
156	11.8723
157	11.48
158	11.3301
159	11.199
160	11.1963
161	11.1894
162	11.1808
163	11.1776
164	11.1776
165	12.7244
166	12.629
167	11.8095
168	11.6616
169	11.3766
170	11.145
171	11.2371
172	11.0931
173	13.0785
174	12.6861
175	11.8718
176	11.5176
177	11.3939
178	13.0706
179	12.675
180	12.3228
181	12.3223
182	11.6194
183	11.2456
184	10.9074
185	10.9073
186	10.907
187	10.907
188	10.907
189	10.907
190	10.907
191	10.907
192	10.907
193	10.907
194	10.907
195	10.907
196	10.907
197	10.907
198	10.907
199	10.907
200	10.907
201	10.907
202	10.907
203	10.907
204	10.907
205	10.907
206	10.907
207	10.907
208	10.907
209	10.907
210	10.907
211	12.8717
212	12.3714
213	11.962
214	11.3069
215	11.2152
216	11.0193
217	10.9173
218	10.9541
219	10.9813
220	10.9191
221	10.9158
222	10.9158
223	10.9158
224	10.9158
225	10.9158
226	10.9158
227	10.9158
228	10.9577
229	10.9158
230	10.9161
231	10.9165
232	12.6548
233	12.2738
234	12.024
235	11.4626
236	10.9525
237	10.9158
238	10.9158
239	10.9158
240	10.9158
241	10.9158
242	10.9158
243	10.9182
244	10.918
245	12.9696
246	12.8868
247	12.5616
248	11.8747
249	11.1601
250	11.0264
251	10.9158
252	10.916
253	12.3543
254	12.1029
255	11.9326
256	11.6157
257	11.5552
258	13.4985
259	13.2234
260	12.5509
261	12.1264
262	11.689
263	11.3797
264	10.9746
265	10.8926
266	10.9148
267	12.7876
268	12.1844
269	11.4186
270	11.2386
271	10.9375
272	10.7784
273	10.7733
274	10.7733
275	10.7733
276	10.7733
277	10.7719
278	10.7634
279	10.7489
280	10.7266
281	10.7181
282	10.7155
283	10.7129
284	10.7074
285	10.7025
286	10.7025
287	10.7025
288	10.7025
289	10.7025
290	10.7025
291	10.7039
292	10.7039
293	10.7025
294	10.7025
295	10.7025
296	10.7025
297	10.7025
298	10.7025
299	10.7025
300	10.7025
301	10.7025
302	10.7025
303	10.7025
304	10.7025
305	10.7025
306	10.7025
307	10.7025
308	10.7025
309	12.4053
310	12.267
311	12.5973
312	12.137
313	11.3431
314	11.4575
315	11.1227
316	10.7026
317	10.7025
318	10.7025
319	10.7025
320	10.7025
321	10.7025
322	10.7025
323	10.7025
324	10.7025
325	10.7025
326	10.7025
327	10.7025
328	10.7025
329	10.7025
330	10.7025
331	10.7025
332	10.7025
333	10.7025
334	10.7025
335	10.7025
336	10.7025
337	10.7025
338	10.7025
339	12.2714
340	12.4146
341	11.7803
342	11.2587
343	10.9209
344	10.8387
345	10.7526
346	10.6947
347	10.6967
348	12.6421
349	12.4646
350	11.4031
351	11.447
352	11.3599
353	10.7882
354	10.7409
355	10.6829
356	10.6642
357	10.6583
358	10.6583
359	10.6583
360	10.6583
361	10.6614
362	10.6583
363	12.4286
364	12.1717
365	11.8242
366	13.0395
367	14.8866
368	13.6295
369	12.5856
370	12.155
371	11.9016
372	11.2993
373	11.1683
374	12.9347
375	12.5648
376	11.8052
377	11.2406
378	11.1025
379	11.0104
380	10.7493
381	10.7251
382	10.6583
383	10.6651
384	10.6583
385	10.6583
386	10.6583
387	10.6583
388	10.6583
389	10.6583
390	12.0197
391	11.4279
392	11.3822
393	11.0425
394	10.318
395	10.0642
396	11.7059
397	11.5828
398	10.6507
399	10.5411
400	10.2906
401	10.1273
402	10.0475
403	10.0452
404	10.0359
405	10.0359
406	10.0359
407	10.0359
408	10.0359
409	10.0359
410	10.0359
411	10.0359
412	10.0359
413	10.0359
414	10.0359
415	10.0359
416	10.0359
417	10.0359
418	10.0911
419	10.0359
420	10.0359
421	11.9007
422	11.5752
423	11.127
424	10.5869
425	10.3709
426	10.1721
427	10.0506
428	10.0388
429	10.0359
430	10.0359
431	10.0359
432	10.0359
433	10.0827
434	10.0383
435	10.0359
436	10.0359
437	10.0359
438	10.0359
439	10.0359
440	10.0359
441	10.0359
442	10.0359
443	11.7533
444	11.5534
445	10.905
446	10.5812
447	10.0487
448	10.0359
449	10.0359
450	10.0359
451	10.0359
452	10.0359
453	10.1548
454	10.0584
455	10.0361
456	10.0359
457	11.8462
458	11.6322
459	10.9914
460	12.607
461	12.2662
462	12.4146
463	11.9909
464	11.4161
465	12.6278
466	12.5017
467	12.4646
468	11.9626
469	11.2688
470	10.7256
471	10.558
472	10.3806
473	10.2915
474	12.4274
475	12.294
476	11.935
477	11.145
478	10.7293
479	10.5089
480	10.4446
481	10.3121
482	10.2846
483	10.2846
484	10.2846
485	10.2846
486	10.2846
487	10.2846
488	10.2846
489	11.9876
490	11.4698
491	11.4635
492	11.3509
493	10.8667
494	10.3201
495	10.3296
496	10.2872
497	10.2859
498	10.2846
499	10.2846
500	10.2846
501	10.2846
502	10.2846
503	10.2846
504	10.2846
505	10.2846
506	10.2846
507	10.2846
508	10.2846
509	10.2846
510	10.2846
511	10.2846
512	10.2846
513	12.0841
514	12.038
515	11.3306
516	10.9549
517	10.6312
518	10.3115
519	12.1295
520	11.6617
521	11.1767
522	10.8906
523	10.5001
524	12.5247
525	12.4952
526	12.2264
527	12.0126
528	11.1198
529	10.8381
530	10.702
531	10.2846
532	10.3175
533	10.2846
534	10.2846
535	10.2846
536	10.2846
537	12.2628
538	12.0904
539	11.4106
540	11.0686
541	11.0308
542	10.78
543	12.4976
544	12.6748
545	11.7627
546	10.7634
547	10.4425
548	10.2846
549	12.1153
550	12.0907
551	11.4212
552	11.4929
553	11.1931
554	11.2214
555	11.0955
556	10.5634
557	10.4948
558	10.3505
559	10.2846
560	12.4763
561	12.1152
562	11.5237
563	10.9323
564	10.5756
565	10.5423
566	10.2524
567	11.8483
568	11.0584
569	10.7266
570	10.4081
571	10.2292
572	10.2291
573	10.2291
574	10.2291
575	10.2291
576	10.2291
577	10.2291
578	10.2291
579	10.2291
580	10.2291
581	10.2291
582	10.2291
583	10.2291
584	10.2291
585	10.2291
586	10.2291
587	10.2291
588	10.2291
589	10.2291
590	10.2291
591	10.2291
592	10.2291
593	10.2291
594	10.2291
595	10.2291
596	10.2291
597	10.2291
598	10.2291
599	10.2291
600	10.2291
601	10.2291
602	10.2291
603	10.2291
604	10.2291
605	10.2291
606	10.2291
607	10.2291
608	10.2291
609	10.2291
610	10.2291
611	10.2291
612	10.2357
613	10.2291
614	10.2291
615	10.2291
616	10.2291
617	10.2291
618	10.2291
619	10.2291
620	10.2291
621	10.2291
622	10.2291
623	10.2291
624	12.118
625	12.3616
626	11.4156
627	11.3233
628	10.5596
629	10.2391
630	10.24
631	10.24
632	10.2346
633	10.2293
634	10.2291
635	10.2291
636	10.2291
637	10.2291
638	10.2291
639	11.9084
640	11.147
641	10.9185
642	12.2679
643	11.8461
644	10.9447
645	10.3764
646	10.3314
647	10.3386
648	10.2455
649	10.2588
650	10.2374
651	10.2291
652	10.2291
653	10.2291
654	10.2291
655	10.2291
656	10.2291
657	10.2291
658	10.2291
659	10.2313
660	10.2291
661	10.2291
662	10.2291
663	10.2291
664	10.2291
665	10.2291
666	10.2291
667	10.2291
668	10.2291
669	12.4368
670	11.9268
671	11.1355
672	10.8001
673	10.4013
674	10.3768
675	10.3206
676	10.2807
677	10.2684
678	10.2449
679	10.2292
680	10.2335
681	11.5459
682	12.1167
683	11.4163
684	10.9027
685	10.2445
686	10.2292
687	10.2838
688	10.2477
689	10.2291
690	10.2291
691	10.2291
692	10.2291
693	10.2291
694	10.2291
695	10.2291
696	10.2291
697	12.2914
698	11.9231
699	11.2383
700	12.9031
701	11.8287
702	11.5196
703	11.0896
704	10.6912
705	10.4045
706	10.2362
707	10.2291
708	10.2291
709	10.2291
710	10.2291
711	10.2291
712	11.7832
713	13.3289
714	12.6473
715	12.2068
716	11.8325
717	11.1212
718	10.9138
719	10.65
720	10.4965
721	10.2574
722	10.2868
723	10.2631
724	12.2515
725	11.9728
726	11.1909
727	11.0716
728	10.468
729	12.0949
730	11.6796
731	11.1646
732	10.6734
733	10.5315
734	10.2712
735	10.318
736	10.3434
737	10.2521
738	10.202
739	10.1225
740	12.1537
741	11.7426
742	11.3848
743	10.8306
744	10.4052
745	10.2461
746	10.2725
747	10.3264
748	10.0719
749	10.0431
750	10.056
751	10.0359
752	10.0359
753	10.0359
754	10.0359
755	10.0359
756	11.5135
757	13.2218
758	12.4431
759	11.8448
760	11.2626
761	10.7803
762	10.6725
763	10.3001
764	10.1113
765	10.2877
766	10.0844
767	10.1011
768	10.0425
769	10.0359
770	10.0359
771	10.0359
772	10.0359
773	10.0883
774	10.097
775	10.0721
776	10.0466
777	10.0359
778	10.0359
779	10.0359
780	10.0359
781	10.0359
782	10.0359
783	10.0359
784	10.0359
785	10.0359
786	10.0359
787	10.0359
788	10.0359
789	10.0359
790	10.0359
791	10.0359
792	10.0359
793	10.0359
794	10.0359
795	10.0359
796	10.0359
797	10.0359
798	10.0359
799	10.0359
800	10.0359
801	10.0359
802	10.0359
803	10.0359
804	10.036
805	10.0359
806	10.0359
807	10.0359
808	10.0359
809	10.0359
810	10.0359
811	11.883
812	12.4168
813	11.446
814	12.9654
815	12.1305
816	11.1652
817	12.8777
818	12.3312
819	11.6947
820	10.8112
821	10.3667
822	10.1927
823	10.14
824	10.0828
825	10.0494
826	10.0401
827	10.0359
828	10.0359
829	10.0359
830	10.0359
831	10.0359
832	10.0493
833	10.0359
834	10.0359
835	10.0359
836	10.0359
837	10.0359
838	11.7313
839	11.232
840	10.748
841	10.2804
842	10.1427
843	10.036
844	10.0383
845	10.0359
846	10.0377
847	10.0359
848	10.0359
849	10.0359
850	10.0622
851	11.9726
852	13.0765
853	12.9306
854	12.2865
855	11.5108
856	11.2188
857	10.6579
858	10.3772
859	10.3047
860	10.3456
861	10.1317
862	10.0935
863	10.0783
864	10.0598
865	10.0537
866	10.036
867	10.0411
868	10.0359
869	10.0359
870	10.0359
871	10.0359
872	10.0359
873	10.0359
874	10.0359
875	10.0359
876	10.0359
877	10.0359
878	10.0359
879	10.0359
880	10.0382
881	10.0567
882	11.9362
883	11.5126
884	10.9336
885	10.6215
886	10.5072
887	10.1748
888	10.0592
889	10.0395
890	10.0371
891	10.1115
892	10.0371
893	10.0428
894	10.0398
895	10.0367
896	11.6012
897	11.3867
898	11.0982
899	10.6189
900	10.2035
901	10.0459
902	10.0359
903	10.0359
904	10.0359
905	10.0359
906	10.0359
907	10.0359
908	10.0359
909	10.0359
910	11.3575
911	11.1525
912	10.7703
913	10.5446
914	10.209
915	10.0867
916	10.0359
917	10.0359
918	10.0359
919	10.0359
920	10.0359
921	10.0359
922	10.0359
923	10.0359
924	10.0359
925	10.0988
926	10.0613
927	10.1121
928	10.0361
929	10.0359
930	10.0359
931	10.0359
932	10.0359
933	10.0359
934	10.0359
935	10.0359
936	10.0359
937	10.0359
938	10.0359
939	10.0359
940	10.0359
941	10.0359
942	10.0359
943	10.0359
944	10.0359
945	10.0359
946	10.0359
947	10.0359
948	10.0359
949	10.0359
950	10.0359
951	11.6922
952	13.4826
953	13.0729
954	11.5265
955	11.0843
956	10.628
957	10.2611
958	10.0549
959	10.039
960	10.2276
961	10.0888
962	10.0419
963	10.0385
964	10.0359
965	10.0359
966	11.6863
967	11.0863
968	10.5885
969	10.6467
970	10.3475
971	10.0613
972	10.0359
973	10.0359
974	10.0359
975	10.0359
976	10.0359
977	10.0359
978	10.0359
979	11.9407
980	11.762
981	11.2982
982	10.5761
983	10.1586
984	10.0359
985	10.0359
986	10.0359
987	10.0359
988	10.0359
989	10.0359
990	11.6478
991	11.2586
992	10.3282
993	10.1702
994	10.0441
995	10.0359
996	10.0359
997	10.0359
998	10.0359
999	10.0359
1000	10.0359
1001	10.0359
1002	10.0359
1003	10.0359
1004	10.0359
1005	10.0359
1006	10.0359
1007	10.0359
1008	10.0359
1009	10.0359
1010	10.0359
1011	10.0359
1012	10.0359
1013	10.0359
1014	10.036
1015	10.0359
1016	10.0359
1017	10.0552
1018	10.0359
1019	10.0359
1020	10.0359
1021	10.0359
1022	10.0359
1023	10.0359
1024	10.0359
1025	10.0359
1026	10.0359
1027	10.0359
1028	10.0359
1029	10.0359
1030	10.0359
1031	10.0359
1032	10.0359
1033	10.0359
1034	10.0359
1035	10.0359
1036	10.0359
1037	10.0384
1038	10.0498
1039	10.0359
1040	10.0359
1041	10.0359
1042	10.0359
1043	10.0359
1044	10.0359
1045	10.0359
1046	10.0359
1047	10.0359
1048	10.0359
1049	10.0359
1050	10.0359
1051	10.0359
1052	10.0359
1053	10.0398
1054	10.0359
1055	10.0359
1056	10.0359
1057	10.0359
1058	10.0359
1059	10.0359
1060	10.0359
1061	10.0359
1062	10.0359
1063	10.0359
1064	11.5473
1065	11.1918
1066	10.7431
1067	10.3471
1068	10.4706
1069	10.1954
1070	10.0359
1071	10.0359
1072	10.0359
1073	11.8951
1074	11.3603
1075	11.2633
1076	10.4586
1077	10.15
1078	10.0859
1079	10.0359
1080	10.0359
1081	10.0359
1082	10.0359
1083	10.0359
1084	10.0359
1085	10.0359
1086	10.0359
1087	10.0359
1088	10.0359
1089	10.0359
1090	10.0359
1091	10.0359
1092	10.0359
1093	10.0359
1094	11.7501
1095	10.891
1096	10.3656
1097	10.1058
1098	10.036
1099	10.0361
1100	10.0359
1101	10.0376
1102	10.0394
1103	10.036
1104	10.036
1105	11.9273
1106	11.293
1107	11.0822
1108	10.3351
1109	10.0844
1110	10.2143
1111	10.0579
1112	10.038
1113	10.0359
1114	10.0359
1115	10.0359
1116	10.0359
1117	10.0359
1118	10.0359
1119	10.0359
1120	10.0359
1121	10.0359
1122	10.0359
1123	10.0359
1124	10.0359
1125	10.0359
1126	10.0359
1127	11.9592
1128	11.3967
1129	11.2732
1130	10.7304
1131	10.5288
1132	10.4132
1133	12.2489
1134	12.3044
1135	12.1459
1136	11.5895
1137	11.3471
1138	11.0828
1139	10.8892
1140	10.6232
1141	10.5803
1142	10.3891
1143	10.267
1144	10.1605
1145	10.2719
1146	10.0818
1147	10.0805
1148	10.0801
1149	10.0801
1150	10.0801
1151	10.0801
1152	10.0801
1153	10.0801
1154	10.0801
1155	10.0801
1156	10.0801
1157	10.0801
1158	10.0801
1159	10.0801
1160	10.0801
1161	10.0801
1162	10.0801
1163	10.0801
1164	10.0801
1165	10.0801
1166	10.0799
1167	10.0792
1168	10.079
1169	10.0899
1170	10.147
1171	11.9816
1172	11.9849
1173	11.6252
1174	10.9456
1175	10.1115
1176	10.0359
1177	10.0359
1178	12.0449
1179	11.7938
1180	11.9189
1181	13.2089
1182	12.6356
1183	12.1802
1184	11.2069
1185	12.7268
1186	12.1369
1187	11.2358
1188	12.5583
1189	11.9216
1190	11.3516
1191	10.8966
1192	10.5098
1193	10.5223
1194	10.6678
1195	10.4819
1196	10.0874
1197	10.05
1198	10.0359
1199	10.0359
1200	10.0361
1201	11.7397
1202	11.3985
1203	11.0616
1204	10.3439
1205	10.1204
1206	10.0359
1207	11.7641
1208	13.2949
1209	14.1056
1210	13.6733
1211	12.7476
1212	14.2605
1213	13.2425
1214	12.2971
1215	11.9194
1216	11.6771
1217	11.6235
1218	11.6085
1219	13.4591
1220	12.9125
1221	12.4078
1222	11.9794
1223	11.8348
1224	11.6619
1225	11.6049
1226	11.6049
1227	11.6049
1228	11.6049
1229	11.6049
1230	11.6049
1231	11.6028
1232	11.5972
1233	11.5873
1234	11.5729
1235	11.563
1236	11.5542
1237	13.1867
1238	13.0191
1239	12.5061
1240	11.9961
1241	11.6719
1242	11.3914
1243	11.3191
1244	11.2395
1245	11.2434
1246	11.2246
1247	11.2237
1248	11.2237
1249	11.2237
1250	11.2237
1251	11.2237
1252	11.2237
1253	11.2237
1254	11.2237
1255	12.8113
1256	12.3979
1257	11.7457
1258	11.5128
1259	11.3302
1260	11.164
1261	11.1054
1262	11.0181
1263	10.9166
1264	10.9142
1265	10.8338
1266	10.7844
1267	10.7787
1268	10.7761
1269	10.7761
1270	10.7761
1271	10.7761
1272	10.7764
1273	12.3916
1274	12.1638
1275	11.3024
1276	11.6861
1277	11.0112
1278	11.0944
1279	10.78
1280	10.7761
1281	10.7761
1282	10.7761
1283	10.7761
1284	10.7761
1285	10.7761
1286	10.7761
1287	10.7761
1288	10.7761
1289	10.7761
1290	10.7761
1291	10.7761
1292	10.7761
1293	10.7761
1294	10.7761
1295	10.7761
1296	10.7761
1297	10.7761
1298	12.836
1299	12.1598
1300	11.529
1301	11.3403
1302	10.9335
1303	10.8801
1304	10.7897
1305	10.7761
1306	10.7761
1307	10.7761
1308	10.7762
1309	10.7761
1310	10.7761
1311	10.7761
1312	10.7761
1313	10.7761
1314	12.4054
1315	12.0353
1316	11.6219
1317	11.1249
1318	10.9628
1319	10.8764
1320	10.5167
1321	10.5039
1322	10.5011
1323	10.5011
1324	10.5011
1325	10.5011
1326	10.5037
1327	10.5011
1328	10.5011
1329	10.5011
1330	12.3691
1331	12.4455
1332	11.8548
1333	10.9726
1334	10.5622
1335	10.532
1336	10.5068
1337	10.5111
1338	10.5012
1339	10.5033
1340	10.5011
1341	10.5011
1342	10.5011
1343	10.5011
1344	10.5011
1345	10.5011
1346	10.5011
1347	10.5011
1348	10.5011
1349	10.5011
1350	10.5011
1351	10.5011
1352	10.5011
1353	10.5011
1354	12.0867
1355	11.689
1356	11.5788
1357	10.9105
1358	10.6812
1359	10.5266
1360	10.5222
1361	10.5156
1362	10.5011
1363	10.6252
1364	10.542
1365	10.5084
1366	12.2963
1367	11.707
1368	11.4613
1369	11.1292
1370	10.7351
1371	10.5675
1372	10.5921
1373	10.5387
1374	10.5276
1375	10.5011
1376	10.5011
1377	10.5011
1378	10.5011
1379	10.5011
1380	12.3325
1381	11.9409
1382	11.62
1383	11.0909
1384	10.7345
1385	10.6434
1386	10.5011
1387	10.5039
1388	10.5013
1389	10.5011
1390	10.5021
1391	10.5011
1392	10.5011
1393	10.5011
1394	10.5011
1395	10.5011
1396	10.5011
1397	10.5011
1398	10.5011
1399	10.5011
1400	10.5011
1401	10.5011
1402	10.5011
1403	10.5011
1404	10.5011
1405	10.5011
1406	10.5011
1407	10.5011
1408	10.5011
1409	10.5011
1410	10.5011
1411	10.5011
1412	10.5011
1413	10.5011
1414	10.5011
1415	10.5011
1416	10.5011
1417	10.5011
1418	10.5011
1419	10.5011
1420	10.5011
1421	10.5011
1422	10.5011
1423	10.5011
1424	10.5011
1425	10.5011
1426	10.5011
1427	10.5011
1428	10.5011
1429	10.5011
1430	10.5011
1431	10.5011
1432	10.5011
1433	10.5011
1434	10.5011
1435	10.5011
1436	10.5011
1437	10.5011
1438	10.5011
1439	12.2303
1440	11.8698
1441	11.7414
1442	11.0181
1443	11.0115
1444	10.5525
1445	10.5011
1446	10.5011
1447	12.0281
1448	11.6715
1449	11.2839
1450	10.8783
1451	10.6706
1452	10.539
1453	10.5011
1454	10.5141
1455	10.5171
1456	10.5149
1457	10.5044
1458	10.5502
1459	10.5081
1460	10.7038
1461	10.8862
1462	10.9267
1463	11.1001
1464	10.6879
1465	10.8537
1466	10.5364
1467	12.3284
1468	11.9642
1469	11.5299
1470	10.8022
1471	10.5038
1472	10.5045
1473	10.3421
1474	10.3213
1475	10.3157
1476	10.3156
1477	10.3156
1478	10.3156
1479	11.7479
1480	11.5272
1481	11.3381
1482	11.3841
1483	10.5451
1484	10.3289
1485	10.3156
1486	10.3156
1487	10.3156
1488	10.3156
1489	10.3156
1490	10.3156
1491	11.9804
1492	12.1759
1493	11.6306
1494	13.151
1495	12.7458
1496	12.0659
1497	11.1093
1498	10.555
1499	10.4099
1500	12.2225
1501	12.0183
1502	11.269
1503	11.1818
1504	12.7971
1505	12.1443
1506	12.1332
1507	11.3375
1508	10.8519
1509	10.483
1510	10.5373
1511	10.3705
1512	10.327
1513	10.3636
1514	10.3159
1515	10.3346
1516	10.3156
1517	10.3156
1518	10.3157
1519	11.7956
1520	11.7796
1521	10.72
1522	10.4849
1523	12.4885
1524	14.0815
1525	13.161
1526	12.4098
1527	11.2366
1528	10.5354
1529	10.5418
1530	10.1975
1531	10.0882
1532	11.8334
1533	11.5258
1534	11.7248
1535	10.7781
1536	10.5984
1537	10.2899
1538	10.1107
1539	10.0465
1540	11.7879
1541	11.1297
1542	10.7998
1543	10.4749
1544	10.1436
1545	10.1068
1546	10.2051
1547	10.0493
1548	11.4731
1549	11.3153
1550	10.9171
1551	10.4198
1552	10.7157
1553	10.7984
1554	11.0022
1555	10.7278
1556	10.2302
1557	10.0413
1558	10.0359
1559	10.036
1560	10.0359
1561	10.0403
1562	10.0359
1563	10.0359
1564	10.0359
1565	10.0359
1566	10.0359
1567	10.0359
1568	10.0359
1569	10.0412
1570	10.0392
1571	10.0359
1572	10.0567
1573	10.036
1574	10.0361
1575	10.0359
1576	10.0359
1577	10.0359
1578	10.0359
1579	10.0359
1580	11.9437
1581	11.6601
1582	10.9466
1583	10.7315
1584	12.7737
1585	12.3138
1586	11.846
1587	11.5691
1588	13.3401
1589	12.1094
1590	11.4265
1591	11.0389
1592	10.8518
1593	10.6487
1594	10.4353
1595	10.3127
1596	10.4459
1597	10.04
1598	10.0359
1599	10.0359
1600	10.0359
1601	10.0359
1602	10.0359
1603	10.0359
1604	10.0359
1605	10.0359
1606	10.0359
1607	10.0359
1608	10.0359
1609	10.0359
1610	10.0359
1611	10.0359
1612	10.0359
1613	10.0359
1614	12.0656
1615	11.5423
1616	11.0036
1617	10.4634
1618	12.4195
1619	12.2387
1620	11.9323
1621	11.3194
1622	12.7733
1623	12.4517
1624	11.4777
1625	10.8546
1626	10.3888
1627	10.1538
1628	10.0544
1629	10.0397
1630	10.0359
1631	10.0359
1632	10.0359
1633	10.0359
1634	10.0359
1635	10.0359
1636	10.0359
1637	10.0866
1638	10.0359
1639	10.0359
1640	10.0359
1641	10.0359
1642	10.0359
1643	10.0359
1644	10.0359
1645	10.0359
1646	11.8319
1647	11.7676
1648	11.631
1649	13.4345
1650	12.4031
1651	11.9004
1652	11.3536
1653	10.8488
1654	10.352
1655	10.2557
1656	10.1388
1657	10.1515
1658	10.0749
1659	10.0359
1660	12.0861
1661	12.071
1662	11.4054
1663	11.2297
1664	12.8654
1665	11.9082
1666	10.9498
1667	10.4468
1668	10.0789
1669	10.0506
1670	10.0585
1671	10.0359
1672	10.0359
1673	10.0359
1674	10.0359
1675	10.0359
1676	10.0359
1677	10.0359
1678	10.0359
1679	10.0359
1680	10.0359
1681	10.0359
1682	10.0359
1683	10.0359
1684	10.0359
1685	10.0359
1686	10.0359
1687	10.0359
1688	10.0359
1689	10.0392
1690	10.0361
1691	10.0359
1692	10.0359
1693	10.0359
1694	10.0803
1695	10.0359
1696	10.0671
1697	10.0359
1698	10.0359
1699	10.0361
1700	10.0359
1701	10.0359
1702	10.0359
1703	10.0359
1704	10.0359
1705	10.0359
1706	10.0644
1707	10.0359
1708	10.0359
1709	10.0359
1710	11.5411
1711	10.9434
1712	10.6158
1713	10.2733
1714	10.1063
1715	10.0359
1716	10.0437
1717	10.0359
1718	10.0359
1719	10.0359
1720	10.0359
1721	10.0359
1722	10.0359
1723	10.0359
1724	10.0359
1725	10.0359
1726	10.0359
1727	10.0359
1728	10.0359
1729	10.0359
1730	10.0359
1731	10.0359
1732	10.0359
1733	10.0359
1734	10.0359
1735	10.0359
1736	10.0359
1737	10.0359
1738	10.0359
1739	10.0359
1740	10.0359
1741	10.0359
1742	10.0359
1743	10.0443
1744	10.0359
1745	10.0359
1746	10.045
1747	10.0374
1748	10.0359
1749	10.0359
1750	10.0359
1751	10.0359
1752	10.0359
1753	10.0359
1754	11.8449
1755	11.4575
1756	10.7765
1757	10.3324
1758	10.1109
1759	10.0359
1760	10.036
1761	10.0359
1762	10.0359
1763	10.0359
1764	10.0359
1765	10.0359
1766	10.0359
1767	11.5103
1768	11.5654
1769	11.1029
1770	10.6961
1771	12.9271
1772	12.0702
1773	10.9686
1774	12.9406
1775	12.4901
1776	11.7065
1777	11.1037
1778	10.7499
1779	10.2906
1780	10.1102
1781	10.0465
1782	10.0437
1783	10.0437
1784	10.0437
1785	10.0437
1786	10.0437
1787	10.0437
1788	10.0437
1789	10.0437
1790	10.0437
1791	10.0437
1792	10.0437
1793	11.6012
1794	11.158
1795	10.4345
1796	10.502
1797	10.37
1798	10.2197
1799	10.0437
1800	10.0437
1801	10.0437
1802	10.0437
1803	10.0437
1804	10.0437
1805	11.4179
1806	11.2477
1807	11.1638
1808	13.1998
1809	12.6844
1810	12.1746
1811	11.601
1812	11.2241
1813	10.939
1814	10.2505
1815	10.046
1816	11.7708
1817	11.7022
1818	10.8048
1819	10.0978
1820	10.0535
1821	10.0359
1822	10.0421
1823	10.0359
1824	10.0359
1825	10.0359
1826	10.0359
1827	10.0359
1828	10.0359
1829	10.0359
1830	10.0359
1831	10.0359
1832	10.0359
1833	10.0359
1834	10.0359
1835	10.0359
1836	10.0359
1837	10.0359
1838	11.7105
1839	11.4081
1840	10.5153
1841	10.5747
1842	10.1835
1843	11.9106
1844	11.61
1845	10.925
1846	10.4038
1847	10.1461
1848	12.4879
1849	12.1599
1850	13.6536
1851	13.2642
1852	12.4858
1853	13.1234
1854	12.7549
1855	11.7389
1856	11.0172
1857	10.7613
1858	10.6168
1859	10.2722
1860	10.1544
1861	10.1544
1862	10.1544
1863	10.1544
1864	10.1544
1865	10.1544
1866	11.7605
1867	11.4148
1868	11.1209
1869	10.6446
1870	10.2754
1871	10.1002
1872	10.0757
1873	10.0377
1874	10.0377
1875	10.0377
1876	10.0377
1877	10.0377
1878	11.6227
1879	10.8591
1880	10.2764
1881	10.0369
1882	10.0364
1883	10.036
1884	10.0359
1885	11.6939
1886	11.5738
1887	10.9029
1888	12.2934
1889	11.9276
1890	10.8907
1891	10.4842
1892	10.2925
1893	10.1307
1894	10.0386
1895	10.0386
1896	10.0384
1897	10.0359
1898	10.036
1899	10.0362
1900	10.036
1901	10.0359
1902	10.0359
1903	10.0359
1904	10.0359
1905	10.0359
1906	11.6778
1907	11.5753
1908	10.765
1909	10.6466
1910	10.3075
1911	10.4111
1912	10.2569
1913	10.1566
1914	10.0517
1915	11.7186
1916	13.2568
1917	12.8654
1918	11.925
1919	11.4114
1920	10.9277
1921	10.6645
1922	10.1643
1923	10.1998
1924	10.1338
1925	10.0915
1926	10.0925
1927	10.0915
1928	10.0915
1929	10.1007
1930	11.8981
1931	12.0627
1932	13.5399
1933	12.4533
1934	11.8612
1935	11.0244
1936	10.3397
1937	11.9442
1938	11.1738
1939	10.8238
1940	10.5306
1941	10.3103
1942	10.1311
1943	10.1718
1944	10.1198
1945	10.1029
1946	11.652
1947	11.2187
1948	11.2145
1949	10.8866
1950	12.3973
1951	11.8855
1952	11.5636
1953	11.4049
1954	10.6809
1955	10.1665
1956	10.1414
1957	10.0915
1958	10.0915
1959	10.0915
1960	10.0915
1961	10.0915
1962	10.0915
1963	10.0915
1964	10.0915
1965	10.0915
1966	10.0915
1967	10.0915
1968	10.0915
1969	10.0915
1970	10.0915
1971	10.0915
1972	10.0915
1973	10.0915
1974	10.0915
1975	10.0912
1976	12.2457
1977	12.1917
1978	13.5297
1979	12.6139
1980	14.2305
1981	13.3048
1982	12.0027
1983	11.3016
1984	10.7547
1985	10.5509
1986	10.5636
1987	10.4072
1988	10.3964
1989	10.4149
1990	10.3879
1991	10.3879
1992	10.387
1993	10.3825
1994	10.3718
1995	10.3613
1996	10.3553
1997	10.3553
1998	10.3553
1999	10.3553
2000	10.3553
2001	10.3553
2002	10.3553
2003	10.3553
2004	10.3553
2005	10.3553
2006	12.4608
2007	11.8319
2008	11.4579
2009	10.3765
2010	10.4167
2011	10.3258
2012	10.1826
2013	10.171
2014	10.171
2015	12.0495
2016	11.5407
2017	11.1084
2018	10.9558
2019	10.8231
2020	10.6728
2021	10.3464
2022	12.4118
2023	14.0151
2024	13.1389
2025	12.3167
2026	11.4087
2027	10.9082
2028	10.683
2029	10.4895
2030	12.1885
2031	11.7885
2032	13.3729
2033	12.9333
2034	12.2979
2035	11.6715
2036	11.1083
2037	10.6848
2038	10.2184
2039	10.1693
2040	10.0054
2041	10.0054
2042	10.0044
2043	10.0007
2044	9.9886
2045	9.97836
2046	9.9707
2047	9.96804
2048	9.95873
2049	9.95836
2050	9.95745
2051	9.95626
2052	11.2053
2053	10.9239
2054	10.625
2055	10.0895
2056	9.9779
2057	9.95425
2058	9.965
2059	9.95425
2060	9.98681
2061	9.95425
2062	9.96185
2063	9.94796
2064	9.93802
2065	9.91024
2066	9.89767
2067	9.89138
2068	9.89138
2069	9.89115
2070	11.8285
2071	11.7728
2072	11.1369
2073	10.5336
2074	10.3079
2075	10.0438
2076	9.89214
2077	9.88955
2078	11.8283
2079	11.4129
2080	10.6611
2081	12.3338
2082	11.9962
2083	11.6295
2084	11.126
2085	10.6907
2086	10.4395
2087	10.1742
2088	9.88496
2089	9.87994
2090	9.87994
2091	9.87994
2092	9.87994
2093	9.87994
2094	9.87994
2095	9.87994
2096	9.87994
2097	9.87994
2098	9.87994
2099	9.87994
2100	9.87994
2101	9.88153
2102	9.90978
2103	9.88681
2104	9.87994
2105	9.87994
2106	9.87994
2107	9.87994
2108	9.87994
2109	9.87994
2110	9.87994
2111	9.87994
2112	9.87994
2113	9.87994
2114	9.87994
2115	9.88315
2116	9.87994
2117	9.87994
2118	9.87994
2119	9.87994
2120	9.87994
2121	9.87994
2122	9.87994
2123	9.87994
2124	9.87994
2125	9.88452
2126	9.87994
2127	9.87994
2128	9.87994
2129	11.8193
2130	11.7405
2131	10.7452
2132	10.2068
2133	10.0033
2134	9.91155
2135	9.88304
2136	9.88331
2137	9.87994
2138	9.87994
2139	9.87994
2140	9.87994
2141	9.87994
2142	9.87994
2143	9.87994
2144	9.87994
2145	9.87994
2146	9.87994
2147	9.87994
2148	9.87994
2149	9.87994
2150	11.3217
2151	11.0559
2152	10.8694
2153	10.4578
2154	10.0352
2155	9.85767
2156	11.2904
2157	10.6734
2158	10.1405
2159	9.91187
2160	9.88247
2161	9.84948
2162	9.85042
2163	9.84948
2164	9.84945
2165	9.84924
2166	9.84886
2167	9.84819
2168	9.86393
2169	9.84781
2170	9.84774
2171	9.84788
2172	9.84774
2173	9.84774
2174	9.84774
2175	9.84774
2176	9.84774
2177	9.84774
2178	9.84774
2179	9.85635
2180	9.84774
2181	9.84774
2182	9.84774
2183	9.84774
2184	9.84774
2185	9.84774
2186	9.84774
2187	11.7118
2188	13.4118
2189	12.8263
2190	11.9193
2191	11.1075
2192	10.1259
2193	9.89648
2194	9.85094
2195	9.87813
2196	9.85073
2197	9.8541
2198	9.84774
2199	9.84777
2200	9.84774
2201	11.8687
2202	13.3964
2203	12.676
2204	11.5503
2205	10.7469
2206	10.1209
2207	9.96816
2208	9.85043
2209	9.84908
2210	9.84706
2211	9.84369
2212	9.83604
2213	9.8248
2214	9.82052
2215	9.8167
2216	9.81445
2217	9.814
2218	9.814
2219	9.814
2220	9.814
2221	9.814
2222	9.814
2223	9.814
2224	9.814
2225	9.814
2226	9.814
2227	9.814
2228	9.814
2229	9.814
2230	9.814
2231	9.814
2232	9.814
2233	9.814
2234	9.814
2235	9.814
2236	9.814
2237	9.814
2238	9.814
2239	9.814
2240	9.814
2241	9.814
2242	9.814
2243	9.814
2244	9.814
2245	9.84085
2246	9.814
2247	9.814
2248	9.814
2249	9.814
2250	9.814
2251	9.814
2252	9.814
2253	11.3081
2254	10.8424
2255	10.5362
2256	10.1422
2257	9.89235
2258	11.5355
2259	11.1058
2260	10.8707
2261	10.5449
2262	9.94731
2263	12.1927
2264	12.1578
2265	11.8551
2266	12.7713
2267	11.746
2268	11.1454
2269	10.6639
2270	10.2739
2271	10.0365
2272	9.99224
2273	11.666
2274	11.1463
2275	10.8778
2276	10.3431
2277	9.98221
2278	9.83724
2279	9.81566
2280	9.814
2281	9.814
2282	9.814
2283	9.81483
2284	9.81566
2285	9.84383
2286	9.814
2287	11.6125
2288	11.0338
2289	12.7935
2290	12.3867
2291	11.2534
2292	10.6159
2293	10.32
2294	10.0157
2295	10.0823
2296	9.87025
2297	9.84063
2298	9.84663
2299	9.92232
2300	9.83312
2301	9.814
2302	9.814
2303	9.814
2304	9.814
2305	9.814
2306	9.814
2307	9.814
2308	9.814
2309	9.814
2310	9.814
2311	9.83227
2312	9.82435
2313	9.814
2314	9.814
2315	11.6486
2316	13.7953
2317	12.6469
2318	11.644
2319	10.6146
2320	12.0083
2321	11.675
2322	13.546
2323	12.9375
2324	11.8289
2325	11.5892
2326	12.8399
2327	12.3938
2328	11.8872
2329	11.5434
2330	10.6369
2331	10.3466
2332	10.1495
2333	9.93363
2334	9.83866
2335	9.814
2336	9.814
2337	9.84304
2338	11.8648
2339	11.3409
2340	10.5594
2341	10.0311
2342	9.85572
2343	9.94954
2344	10.1609
2345	9.90795
2346	9.817
2347	9.83379
2348	9.83636
2349	9.81996
2350	9.814
2351	9.81504
2352	9.814
2353	9.814
2354	9.814
2355	9.814
2356	9.814
2357	9.814
2358	9.814
2359	9.814
2360	9.814
2361	9.814
2362	9.814
2363	9.81493
2364	9.82137
2365	9.814
2366	9.814
2367	9.814
2368	9.814
2369	9.814
2370	9.814
2371	9.814
2372	9.814
2373	9.814
2374	9.814
2375	9.814
2376	9.814
2377	9.814
2378	9.814
2379	9.82597
2380	9.814
2381	9.8225
2382	9.8168
2383	9.814
2384	9.814
2385	9.814
2386	9.814
2387	9.82834
2388	9.85996
2389	9.90142
2390	10.0439
2391	9.93391
2392	9.86169
2393	9.87419
2394	9.87257
2395	9.85551
2396	9.814
2397	9.814
2398	9.814
2399	11.769
2400	11.5122
2401	11.131
2402	10.474
2403	11.9688
2404	11.9973
2405	11.5748
2406	10.8101
2407	12.0484
2408	11.3418
2409	10.6124
2410	9.9636
2411	9.82355
2412	9.814
2413	9.814
2414	9.87305
2415	9.88702
2416	9.814
2417	9.814
2418	9.814
2419	9.814
2420	9.814
2421	9.814
2422	9.84597
2423	9.8468
2424	9.82435
2425	9.814
2426	9.814
2427	9.814
2428	9.814
2429	11.9237
2430	12.7152
2431	12.2632
2432	11.6879
2433	10.7569
2434	10.0588
2435	9.94546
2436	9.94201
2437	9.82071
2438	9.82261
2439	9.8255
2440	11.7844
2441	11.2738
2442	10.6369
2443	10.3413
2444	10.0185
2445	10.0071
2446	10.0586
2447	9.91163
2448	9.98674
2449	9.81586
2450	9.814
2451	9.814
2452	9.814
2453	9.814
2454	9.81618
2455	9.85522
2456	9.86269
2457	9.814
2458	9.814
2459	9.814
2460	9.814
2461	9.814
2462	9.814
2463	9.814
2464	9.814
2465	9.814
2466	9.814
2467	9.814
2468	11.7868
2469	11.3414
2470	11.2062
2471	11.0186
2472	10.7627
2473	10.1559
2474	9.82994
2475	9.8142
2476	9.94999
2477	9.814
2478	9.814
2479	9.82193
2480	9.85337
2481	9.81945
2482	9.82157
2483	9.90189
2484	9.84518
2485	9.814
2486	9.814
2487	9.814
2488	9.814
2489	9.814
2490	9.814
2491	9.814
2492	9.814
2493	9.814
2494	9.814
2495	9.814
2496	9.814
2497	9.814
2498	9.814
2499	9.93546
2500	9.81996
2501	9.814
2502	9.814
2503	9.814
2504	9.814
2505	9.814
2506	9.814
2507	9.81513
2508	9.84844
2509	9.814
2510	9.814
2511	9.814
2512	9.814
2513	9.814
2514	9.814
2515	9.814
2516	11.9173
2517	11.6688
2518	11.0117
2519	12.1351
2520	13.601
2521	12.9905
2522	12.1532
2523	11.346
2524	11.2213
2525	12.5329
2526	12.0919
2527	11.5483
2528	11.5436
2529	10.9892
2530	10.6393
2531	10.3988
2532	10.2608
2533	10.2487
2534	10.2123
2535	10.1961
2536	10.1577
2537	10.1467
2538	10.1154
2539	10.079
2540	10.0508
2541	10.0506
2542	10.0547
2543	10.1167
2544	10.0523
2545	10.0506
2546	10.0506
2547	10.0506
2548	10.0506
2549	10.0506
2550	10.0506
2551	10.0506
2552	10.0506
2553	10.0506
2554	10.0506
2555	10.0506
2556	10.0506
2557	10.0506
2558	10.0506
2559	10.0506
2560	11.7114
2561	11.56
2562	13.2386
2563	12.7413
2564	11.752
2565	10.6872
2566	9.88947
2567	10.0293
2568	9.84742
2569	9.84639
2570	9.84639
2571	9.84639
2572	9.84639
2573	9.84639
2574	9.84639
2575	9.84639
2576	9.85144
2577	9.84639
2578	9.84639
2579	9.84639
2580	9.84639
2581	9.84639
2582	9.84639
2583	9.84639
2584	9.84639
2585	11.6035
2586	11.4685
2587	10.8151
2588	10.2206
2589	9.99189
2590	9.99968
2591	12.0959
2592	12.0621
2593	11.6931
2594	11.4071
2595	10.7798
2596	10.3651
2597	10.7071
2598	10.3637
2599	10.4244
2600	10.0866
2601	9.95861
2602	9.8679
2603	9.85065
2604	11.5674
2605	11.273
2606	11.1568
2607	10.4477
2608	9.89592
2609	9.84762
2610	9.85423
2611	9.84639
2612	9.84639
2613	9.84855
2614	9.84658
2615	9.84639
2616	9.84639
2617	9.84639
2618	9.84639
2619	11.8516
2620	12.1139
2621	13.6939
2622	13.1284
2623	12.534
2624	11.4652
2625	11.3177
2626	10.8135
2627	10.3823
2628	10.3151
2629	10.1503
2630	10.1505
2631	10.1503
2632	10.1503
2633	10.1503
2634	10.1503
2635	10.1766
2636	10.2061
2637	10.2975
2638	10.198
2639	12.4073
2640	13.851
2641	12.5461
2642	11.7658
2643	11.1353
2644	10.9162
2645	10.6767
2646	10.6024
2647	10.6014
2648	10.5692
2649	10.4192
2650	12.1541
2651	11.7562
2652	10.9137
2653	10.5798
2654	10.3473
2655	10.2632
2656	10.1145
2657	10.0835
2658	10.0835
2659	10.0835
2660	10.0835
2661	10.0835
2662	10.0835
2663	10.0835
2664	10.0835
2665	10.0835
2666	10.0835
2667	10.0835
2668	10.0835
2669	10.0835
2670	10.1085
2671	10.0905
2672	10.0835
2673	10.0894
2674	11.9614
2675	12.0386
2676	11.3377
2677	10.5237
2678	10.4035
2679	10.437
2680	10.0835
2681	10.0844
2682	10.1035
2683	10.084
2684	10.0835
2685	10.0835
2686	10.1037
2687	10.0835
2688	10.0835
2689	10.0835
2690	10.0835
2691	10.0835
2692	10.0835
2693	10.0835
2694	10.0835
2695	10.0835
2696	10.0835
2697	10.0835
2698	10.0835
2699	10.0835
2700	10.0835
2701	10.0835
2702	10.0835
2703	10.0821
2704	10.0731
2705	10.0493
2706	10.0489
2707	10.0287
2708	10.0517
2709	10.047
2710	10.0131
2711	10.0294
2712	10.0122
2713	10.0122
2714	10.0122
2715	10.0122
2716	10.0122
2717	10.0122
2718	10.0122
2719	10.0122
2720	11.6674
2721	11.9727
2722	11.8577
2723	11.185
2724	10.9784
2725	10.3511
2726	10.0719
2727	10.0166
2728	10.0122
2729	10.0122
2730	10.0267
2731	10.0331
2732	10.0918
2733	10.0404
2734	10.0122
2735	10.0122
2736	10.0122
2737	10.0292
2738	10.0122
2739	10.0122
2740	10.03
2741	10.0524
2742	12.0849
2743	12.0109
2744	11.4842
2745	11.0927
2746	10.8384
2747	10.178
2748	10.0427
2749	10.0122
2750	10.0122
2751	10.0122
2752	10.0122
2753	10.0122
2754	10.0122
2755	10.0122
2756	10.0122
2757	10.0122
2758	11.7949
2759	11.6391
2760	11.7722
2761	11.738
2762	11.136
2763	10.9461
2764	10.4153
2765	10.125
2766	10.0606
2767	10.0785
2768	10.0605
2769	10.1027
2770	10.0395
2771	10.0395
2772	10.0395
2773	10.0395
2774	10.0395
2775	11.9369
2776	11.5291
2777	11.3441
2778	11.3052
2779	10.8566
2780	9.99757
2781	12.2875
2782	12.0481
2783	13.2182
2784	12.1862
2785	11.1513
2786	10.691
2787	10.2375
2788	9.80384
2789	9.57186
2790	9.56741
2791	9.56741
2792	9.56741
2793	9.56741
2794	9.56741
2795	9.56793
2796	11.5569
2797	10.8363
2798	10.5117
2799	10.0937
2800	10.0702
2801	9.72263
2802	9.56741
2803	9.56741
2804	9.56741
2805	9.56741
2806	9.56741
2807	9.56741
2808	9.59752
2809	9.66832
2810	9.56741
2811	9.56741
2812	9.56741
2813	9.6522
2814	11.7246
2815	11.3114
2816	10.8242
2817	10.3089
2818	9.76135
2819	9.64179
2820	9.56741
2821	9.56741
2822	9.56741
2823	9.56741
2824	9.56741
2825	9.56741
2826	9.60272
2827	9.61983
2828	9.65427
2829	9.83008
2830	10.1307
2831	9.71091
2832	9.57263
2833	9.47062
2834	9.61974
2835	11.3993
2836	11.0427
2837	10.529
2838	10.1309
2839	11.5391
2840	10.8522
2841	10.6087
2842	10.3157
2843	10.2339
2844	9.8102
2845	9.64064
2846	9.61967
2847	9.53321
2848	9.56434
2849	9.54055
2850	9.47797
2851	9.4677
2852	9.42966
2853	9.3988
2854	9.38913
2855	9.38197
2856	9.38197
2857	9.38216
2858	9.38466
2859	9.38197
2860	9.38197
2861	9.38197
2862	9.38197
2863	9.38197
2864	9.38197
2865	9.38197
2866	9.38197
2867	11.1685
2868	12.8998
2869	12.681
2870	11.7859
2871	11.729
2872	10.6207
2873	10.1147
2874	9.83061
2875	11.6396
2876	11.8298
2877	10.8367
2878	10.2784
2879	9.8887
2880	9.52838
2881	9.4069
2882	11.386
2883	10.695
2884	10.2719
2885	9.62695
2886	9.66571
2887	9.41487
2888	9.39262
2889	9.38197
2890	9.38197
2891	11.1179
2892	10.8897
2893	10.3132
2894	9.80052
2895	9.44205
2896	9.44952
2897	9.38197
2898	11.2415
2899	11.1724
2900	10.4178
2901	10.1578
2902	9.71244
2903	9.53618
2904	9.38865
2905	11.527
2906	11.5495
2907	11.2847
2908	11.0003
2909	10.8158
2910	12.4759
2911	12.0909
2912	11.4358
2913	10.9169
2914	9.93678
2915	9.497
2916	9.41556
2917	9.3959
2918	9.41502
2919	9.38197
2920	9.38197
2921	9.38197
2922	9.38181
2923	9.38135
2924	9.37981
2925	11.4372
2926	11.0043
2927	10.3073
2928	11.7318
2929	10.7263
2930	10.5696
2931	9.85156
2932	9.43534
2933	9.40223
2934	9.37601
2935	9.37635
2936	9.37425
2937	9.37425
2938	9.37425
2939	11.193
2940	11.2948
2941	10.7401
2942	9.9987
2943	9.88336
2944	9.84277
2945	9.54939
2946	9.37925
2947	9.37445
2948	9.37761
2949	9.38489
2950	11.0227
2951	10.2036
2952	10.3877
2953	10.0781
2954	9.69783
2955	9.44453
2956	9.3915
2957	9.39573
2958	9.37425
2959	9.37425
2960	9.37425
2961	9.37425
2962	9.37425
2963	9.37425
2964	9.37425
2965	9.37425
2966	9.38464
2967	9.37812
2968	9.37425
2969	9.37425
2970	9.37425
2971	9.37425
2972	9.37425
2973	11.4398
2974	11.0205
2975	12.261
2976	12.2414
2977	11.2398
2978	10.6447
2979	9.84639
2980	9.67114
2981	9.47005
2982	9.4772
2983	9.39754
2984	9.42127
2985	9.37425
2986	9.37425
2987	9.37425
2988	9.37425
2989	9.37425
2990	9.37425
2991	9.37425
2992	9.37425
2993	9.37425
2994	9.37425
2995	9.37425
2996	9.37425
2997	9.37425
2998	9.37425
2999	9.41925
3000	9.5876
3001	9.37425
3002	9.37425
3003	9.37425
3004	9.39699
3005	9.38801
3006	11.3276
3007	10.7914
3008	10.2841
3009	10.1493
3010	9.70232
3011	9.44307
3012	9.45253
3013	10.9807
3014	10.9583
3015	10.3557
3016	12.2817
3017	11.3498
3018	10.8843
3019	10.4612
3020	9.62569
3021	9.38064
3022	9.37425
3023	11.0677
3024	10.5674
3025	10.1427
3026	9.88741
3027	9.62358
3028	9.41903
3029	9.40706
3030	9.37425
3031	9.37425
3032	9.37458
3033	11.0535
3034	10.7299
3035	10.1261
3036	9.54733
3037	11.3169
3038	11.129
3039	10.5088
3040	11.8699
3041	10.7132
3042	10.1325
3043	9.87249
3044	9.6049
3045	9.48378
3046	9.39773
3047	9.37425
3048	9.43499
3049	9.37425
3050	9.37425
3051	9.37425
3052	9.37458
3053	9.37425
3054	9.37425
3055	9.37425
3056	9.37425
3057	9.37425
3058	9.37425
3059	9.37425
3060	9.37425
3061	9.37425
3062	9.37425
3063	9.37425
3064	9.37425
3065	11.3683
3066	11.0689
3067	10.4709
3068	9.78615
3069	9.4316
3070	11.2743
3071	10.3558
3072	9.59722
3073	11.602
3074	10.9372
3075	10.4452
3076	10.0857
3077	10.0635
3078	9.72981
3079	9.41383
3080	9.37464
3081	9.37425
3082	9.37425
3083	10.8844
3084	10.7661
3085	10.8494
3086	12.2638
3087	11.4264
3088	11.1918
3089	10.3493
3090	9.74052
3091	11.7794
3092	11.3064
3093	10.7544
3094	9.93322
3095	9.90557
3096	11.5082
3097	11.3991
3098	10.338
3099	9.6887
3100	9.42544
3101	9.41299
3102	9.37425
3103	9.37425
3104	9.37425
3105	9.37425
3106	9.37425
3107	9.37425
3108	9.39386
3109	9.4068
3110	9.41651
3111	11.5517
3112	11.4531
3113	10.9258
3114	10.2182
3115	11.8379
3116	11.4329
3117	10.1929
3118	9.83426
3119	9.494
3120	9.37425
3121	9.37425
3122	9.37425
3123	9.37425
3124	9.37425
3125	9.37425
3126	9.37425
3127	9.37425
3128	9.37425
3129	9.37425
3130	11.4387
3131	11.1326
3132	10.6187
3133	9.76558
3134	9.47512
3135	9.46382
3136	9.37425
3137	9.41579
3138	9.37425
3139	9.37425
3140	11.1874
3141	11.0847
3142	10.4809
3143	9.91384
3144	9.46039
3145	9.37524
3146	9.42
3147	9.37425
3148	9.37425
3149	9.37425
3150	9.37425
3151	9.37425
3152	9.37425
3153	9.37425
3154	11.1893
3155	11.2156
3156	10.521
3157	10.3923
3158	10.4548
3159	10.1198
3160	9.81155
3161	9.71165
3162	9.38189
3163	9.37425
3164	9.37425
3165	9.37425
3166	9.37425
3167	9.37425
3168	9.37425
3169	9.57265
3170	9.38828
3171	9.37445
3172	9.37425
3173	9.37425
3174	9.37425
3175	9.3756
3176	9.37425
3177	9.37599
3178	9.37599
3179	9.37464
3180	9.37425
3181	9.37425
3182	10.9939
3183	10.6099
3184	10.0144
3185	9.80733
3186	9.58886
3187	9.41689
3188	9.40639
3189	9.39265
3190	9.37425
3191	9.37425
3192	9.37425
3193	9.37425
3194	9.37425
3195	9.37549
3196	9.37425
3197	9.37425
3198	9.37425
3199	9.37425
3200	9.37425
3201	9.37425
3202	9.37425
3203	9.37425
3204	9.37425
3205	9.37425
3206	9.37425
3207	9.37425
3208	9.37425
3209	9.37425
3210	9.37425
3211	9.37425
3212	9.37425
3213	9.39532
3214	9.38249
3215	9.37425
3216	9.37425
3217	9.37425
3218	10.8273
3219	9.92762
3220	9.80793
3221	11.6374
3222	11.1148
3223	10.4947
3224	10.0242
3225	9.54517
3226	9.39113
3227	9.37425
3228	9.37425
3229	9.37425
3230	9.37425
3231	9.37425
3232	9.37425
3233	9.37425
3234	11.5371
3235	11.1314
3236	10.3535
3237	9.86237
3238	12.1597
3239	12.154
3240	11.5159
3241	12.4107
3242	11.5134
3243	12.2847
3244	11.668
3245	10.876
3246	10.2501
3247	9.71348
3248	9.38431
3249	9.50738
3250	9.48284
3251	11.1733
3252	10.9622
3253	10.2984
3254	10.0115
3255	10.0233
3256	9.84768
3257	9.52035
3258	9.62409
3259	9.39994
3260	9.42834
3261	9.37425
3262	9.37425
3263	9.37425
3264	9.37425
3265	9.37478
3266	9.37425
3267	9.37425
3268	9.37425
3269	9.37425
3270	9.37425
3271	9.37425
3272	11.2713
3273	10.9518
3274	10.28
3275	10.0047
3276	9.57323
3277	9.55996
3278	11.7659
3279	11.2607
3280	10.467
3281	9.99618
3282	9.88794
3283	9.73684
3284	9.57779
3285	9.39183
3286	9.39594
3287	9.37962
3288	9.37425
3289	9.37425
3290	9.37425
3291	9.37425
3292	9.37425
3293	11.2835
3294	10.8779
3295	10.5932
3296	10.2298
3297	9.75418
3298	9.65125
3299	9.42972
3300	9.37425
3301	9.37425
3302	9.37425
3303	9.37425
3304	9.37425
3305	10.7472
3306	10.4414
3307	10.3029
3308	9.86324
3309	9.67172
3310	12.1232
3311	11.4747
3312	10.5795
3313	10.2391
3314	9.81071
3315	9.38396
3316	9.38544
3317	9.37425
3318	9.37425
3319	9.37425
3320	9.37425
3321	9.37425
3322	9.37425
3323	9.37425
3324	9.37425
3325	9.37425
3326	9.37425
3327	9.37425
3328	9.37425
3329	9.37425
3330	9.37425
3331	9.37425
3332	9.3968
3333	9.37425
3334	9.37425
3335	9.37602
3336	9.38329
3337	9.37425
3338	9.37425
3339	9.37425
3340	9.37425
3341	9.37425
3342	9.37425
3343	9.37425
3344	9.37425
3345	9.37425
3346	9.37425
3347	11.3843
3348	11.1501
3349	10.5764
3350	9.96866
3351	9.5624
3352	9.45798
3353	9.44623
3354	9.38705
3355	9.37425
3356	9.39072
3357	9.37425
3358	9.38256
3359	9.37425
3360	9.37425
3361	9.37425
3362	9.37425
3363	9.37425
3364	9.37425
3365	9.37425
3366	9.37425
3367	9.37425
3368	9.37425
3369	9.37425
3370	9.38853
3371	9.37425
3372	9.37425
3373	9.37425
3374	9.37425
3375	9.37425
3376	9.37425
3377	9.37425
3378	9.37425
3379	9.37425
3380	9.37425
3381	9.37425
3382	9.37425
3383	9.37425
3384	9.37425
3385	11.1775
3386	11.0375
3387	10.4339
3388	11.9615
3389	11.2039
3390	10.3059
3391	9.8659
3392	9.62623
3393	9.3951
3394	10.7708
3395	10.8481
3396	10.4619
3397	9.93473
3398	9.47687
3399	9.3983
3400	9.37425
3401	9.37934
3402	9.46616
3403	9.39413
3404	9.37425
3405	9.37425
3406	9.37425
3407	11.4451
3408	10.7926
3409	10.4679
3410	9.98179
3411	9.50805
3412	9.37425
3413	9.37425
3414	9.37425
3415	9.37425
3416	9.41524
3417	9.39164
3418	9.41686
3419	9.37944
3420	9.37838
3421	9.37748
3422	9.38438
3423	9.37683
3424	9.38483
3425	9.37425
3426	9.37425
3427	9.37425
3428	9.37425
3429	9.37752
3430	9.37425
3431	11.502
3432	11.3571
3433	10.9375
3434	10.6879
3435	9.85315
3436	9.55941
3437	9.54541
3438	9.54541
3439	9.54541
3440	9.55224
3441	9.54921
3442	9.54541
3443	9.54541
3444	9.54541
3445	9.56964
3446	9.55486
3447	9.61993
3448	9.62006
3449	9.61027
3450	9.54541
3451	9.54541
3452	11.4258
3453	11.1715
3454	10.9998
3455	10.6429
3456	10.2318
3457	10.1885
3458	11.8488
3459	11.7864
3460	11.3063
3461	10.9101
3462	9.95842
3463	9.583
3464	9.38611
3465	9.37425
3466	9.37425
3467	9.37425
3468	9.38473
3469	9.37464
3470	9.37425
3471	9.39905
3472	11.1613
3473	10.9636
3474	10.0241
3475	9.58254
3476	9.41525
3477	9.37425
3478	9.37425
3479	9.37518
3480	9.37715
3481	9.37425
3482	11.1923
3483	10.6415
3484	10.5623
3485	9.89698
3486	9.63782
3487	9.48786
3488	9.4822
3489	9.46803
3490	9.53112
3491	9.44394
3492	9.42819
3493	9.46622
3494	9.4304
3495	9.42661
3496	9.41844
3497	9.41844
3498	9.41844
3499	9.41844
3500	9.41844
3501	9.41844
3502	9.41844
3503	9.41844
3504	9.41882
3505	9.42024
3506	9.41844
3507	9.41844
3508	9.41844
3509	9.41844
3510	9.4189
3511	9.51973
3512	9.44769
3513	9.41844
3514	9.41844
3515	9.41844
3516	9.41844
3517	9.41844
3518	9.41844
3519	9.41844
3520	9.41844
3521	9.41844
3522	9.41844
3523	11.0001
3524	11.0114
3525	10.7601
3526	10.8484
3527	10.6186
3528	9.98586
3529	9.89726
3530	9.49297
3531	9.41844
3532	9.42557
3533	9.41844
3534	9.41876
3535	9.4326
3536	9.41844
3537	9.41844
3538	9.41844
3539	9.41844
3540	9.41844
3541	9.41844
3542	9.41844
3543	9.41844
3544	9.41844
3545	9.41844
3546	9.41844
3547	9.41844
3548	9.41804
3549	9.4218
3550	9.4479
3551	9.42724
3552	9.41171
3553	9.44756
3554	9.40461
3555	9.39119
3556	9.39571
3557	9.3846
3558	9.38414
3559	9.38328
3560	9.38197
3561	9.38939
3562	9.38197
3563	9.38197
3564	9.38197
3565	9.38197
3566	9.38197
3567	9.38197
3568	9.38197
3569	11.1013
3570	10.7322
3571	12.5303
3572	11.9576
3573	11.134
3574	10.1616
3575	9.72527
3576	9.53136
3577	9.43732
3578	9.39258
3579	9.38197
3580	11.0294
3581	11.0178
3582	10.6959
3583	10.3936
3584	9.55169
3585	9.44092
3586	9.44167
3587	9.44572
3588	9.38466
3589	9.43218
3590	9.40582
3591	9.38197
3592	9.40592
3593	11.4953
3594	11.469
3595	10.3199
3596	9.98024
3597	9.70489
3598	9.58113
3599	9.51137
3600	9.44839
3601	9.38197
3602	9.38197
3603	9.38197
3604	9.38197
3605	9.38197
3606	9.38197
3607	9.38197
3608	9.38197
3609	9.38197
3610	9.38197
3611	9.38197
3612	9.38197
3613	9.38216
3614	9.38216
3615	9.38216
3616	9.41599
3617	9.38197
3618	9.4055
3619	9.44886
3620	9.44155
3621	9.38197
3622	9.38197
3623	9.38197
3624	9.38197
3625	9.38197
3626	9.38197
3627	9.38197
3628	9.38197
3629	9.38197
3630	9.38197
3631	9.38197
3632	9.38197
3633	9.38197
3634	9.38197
3635	9.38197
3636	9.38197
3637	9.38197
3638	9.38197
3639	9.38197
3640	9.38197
3641	9.38197
3642	9.40642
3643	9.38235
3644	9.3829
3645	9.39739
3646	9.39747
3647	9.38197
3648	9.38197
3649	9.38197
3650	9.38197
3651	9.38197
3652	9.3823
3653	9.38197
3654	9.38197
3655	9.38323
3656	9.38197
3657	9.38197
3658	9.38197
3659	9.38197
3660	9.38197
3661	9.38197
3662	9.38197
3663	10.8716
3664	11.0952
3665	10.6068
3666	10.5678
3667	12.2397
3668	13.7733
3669	12.8308
3670	11.8721
3671	10.7822
3672	10.1287
3673	9.70176
3674	9.46647
3675	9.38216
3676	9.38197
3677	9.38197
3678	9.38197
3679	11.1459
3680	10.5747
3681	12.7649
3682	11.8808
3683	10.9771
3684	9.99346
3685	9.47251
3686	9.42756
3687	9.43637
3688	9.52761
3689	11.1211
3690	10.8774
3691	10.2896
3692	9.77774
3693	9.42236
3694	9.38197
3695	11.3918
3696	11.1797
3697	12.7909
3698	12.5366
3699	14.2049
3700	15.0453
3701	16.3137
3702	15.5383
3703	14.1933
3704	13.2028
3705	12.2648
3706	11.9255
3707	11.4969
3708	11.3277
3709	10.8723
3710	10.7408
3711	10.6186
3712	10.571
3713	10.5408
3714	10.5311
3715	10.531
3716	10.5305
3717	10.5296
3718	10.517
3719	10.4828
3720	10.4386
3721	10.3929
3722	10.3823
3723	10.3783
3724	10.3779
3725	10.3779
3726	12.2201
3727	12.1584
3728	11.9043
3729	11.3298
3730	11.2142
3731	10.7894
3732	10.4281
3733	10.4029
3734	10.4293
3735	12.0876
3736	11.6781
3737	11.1882
3738	11.702
3739	11.4269
3740	11.1471
3741	11.1466
3742	10.6595
3743	10.4943
3744	10.3858
3745	10.3702
3746	10.4606
3747	10.382
3748	10.3702
3749	10.3702
3750	10.3702
3751	10.3702
3752	10.3702
3753	10.3702
3754	10.3702
3755	10.3702
3756	10.3702
3757	10.3733
3758	10.3702
3759	10.3702
3760	10.3702
3761	10.3702
3762	10.3702
3763	10.3702
3764	10.3693
3765	10.3623
3766	10.3313
3767	10.319
3768	12.2252
3769	11.8824
3770	10.7928
3771	10.5646
3772	10.3713
3773	10.2796
3774	10.2922
3775	10.2547
3776	10.304
3777	10.2035
3778	10.1838
3779	10.1911
3780	10.1788
3781	11.9436
3782	11.6966
3783	11.2815
3784	11.2314
3785	10.4692
3786	10.2553
3787	10.1818
3788	10.1788
3789	10.1765
3790	10.2183
3791	10.1699
3792	10.1141
3793	10.0984
3794	10.0685
3795	10.0667
3796	10.0667
3797	10.0667
3798	10.0899
3799	10.0904
3800	10.0667
3801	10.0667
3802	10.0764
3803	10.1095
3804	10.0667
3805	10.0667
3806	10.0667
3807	11.7814
3808	11.1007
3809	10.5839
3810	10.3182
3811	10.1229
3812	10.097
3813	10.0678
3814	10.0667
3815	10.0667
3816	10.0667
3817	10.0667
3818	10.0667
3819	10.0667
3820	10.0667
3821	10.0667
3822	10.0667
3823	10.0667
3824	10.0667
3825	10.0667
3826	10.0667
3827	10.0667
3828	10.0667
3829	10.0667
3830	11.7338
3831	11.6288
3832	13.2399
3833	12.8088
3834	12.8606
3835	12.5442
3836	11.735
3837	10.6152
3838	10.3766
3839	10.2808
3840	10.258
3841	10.1693
3842	10.0667
3843	10.0667
3844	10.0667
3845	10.0667
3846	10.0667
3847	10.0696
3848	10.0909
3849	10.0667
3850	10.0667
3851	10.0667
3852	10.0667
3853	11.6918
3854	11.3197
3855	11.2979
3856	10.5937
3857	10.2924
3858	10.2705
3859	10.1042
3860	10.0693
3861	10.1161
3862	10.0929
3863	10.0667
3864	10.0667
3865	10.0667
3866	11.8088
3867	11.7797
3868	11.3898
3869	11.1655
3870	10.6579
3871	10.3286
3872	10.0719
3873	10.0673
3874	10.0667
3875	10.0667
3876	10.0667
3877	10.0667
3878	10.0667
3879	10.0667
3880	10.0667
3881	11.5377
3882	12.856
3883	11.9897
3884	10.8569
3885	10.7471
3886	10.5296
3887	10.105
3888	10.093
3889	10.0804
3890	10.0667
3891	10.0978
3892	10.0678
3893	10.0667
3894	10.0667
3895	11.3771
3896	11.4576
3897	11.3653
3898	12.6422
3899	12.3022
3900	11.2555
3901	10.1809
3902	9.93097
3903	9.92989
3904	9.96911
3905	9.96074
3906	9.93379
3907	9.94016
3908	9.9311
3909	9.90206
3910	9.87659
3911	9.871
3912	9.86821
3913	9.86821
3914	9.86821
3915	9.86821
3916	9.86821
3917	9.86821
3918	9.86821
3919	9.86821
3920	9.86821
3921	9.86821
3922	9.86821
3923	9.86821
3924	9.86821
3925	9.86821
3926	9.86821
3927	11.8889
3928	11.8974
3929	11.5492
3930	10.6363
3931	10.0527
3932	9.98497
3933	9.86821
3934	11.5092
3935	11.1916
3936	10.6057
3937	10.0312
3938	12.035
3939	11.7516
3940	11.4162
3941	12.8264
3942	13.3129
3943	11.8716
3944	10.7867
3945	10.2842
3946	9.96632
3947	9.91948
3948	9.91471
3949	9.85318
3950	9.84413
3951	9.84413
3952	9.84413
3953	9.84413
3954	9.84413
3955	9.84413
3956	9.8761
3957	9.86732
3958	9.93363
3959	9.85844
3960	9.84413
3961	9.84413
3962	9.84413
3963	9.84394
3964	11.7283
3965	11.2557
3966	10.6741
3967	10.588
3968	10.5374
3969	10.1886
3970	9.92024
3971	9.96374
3972	9.87237
3973	9.88906
3974	10.0773
3975	9.90681
3976	9.83448
3977	9.83448
3978	9.83448
3979	9.83448
3980	11.6541
3981	11.0688
3982	10.4648
3983	10.5481
3984	9.91146
3985	9.83448
3986	9.83448
3987	9.83448
3988	9.83448
3989	9.83448
3990	9.83448
3991	9.83448
3992	9.83448
3993	9.83448
3994	9.83448
3995	9.83448
3996	9.83448
3997	9.83448
3998	9.83448
3999	9.83448
4000	9.83448
