26.6603
29.5486
29.7126
29.9877
30.9546
31.1351
31.1674
31.3238
31.542
31.6037
31.6612
31.665
31.7407
32.0003
32.1583
32.4674
32.8174
32.8913
32.8925
32.9096
33.0258
33.0401
33.1068
33.1419
33.3951
33.5073
33.5815
33.6096
33.8855
34.0025
34.0128
34.0933
34.1861
34.2691
34.3055
34.3122
34.3678
34.3894
34.4827
34.6826
34.7082
34.7457
34.8516
34.881
34.924
34.9457
34.9937
35.0199
35.0363
35.1033
35.124
35.202
35.3127
35.5109
35.5262
35.5271
35.7022
35.7783
35.8945
35.9574
36.0086
36.0654
36.0736
36.1567
36.3235
36.3483
36.397
36.4424
36.7153
36.8482
36.9243
37.0375
37.0738
37.1507
37.2295
37.3419
37.391
37.4604
37.501
37.5146
37.5192
37.694
37.7784
37.7841
37.8959
37.9041
37.9112
37.9878
38.107
38.1666
38.4798
38.5504
38.8039
38.9064
38.9647
39.0737
39.1985
39.2238
39.5042
40.3705
