1	27.6133
2	27.6133
3	27.483
4	26.5736
5	25.4766
6	25.1515
7	23.7663
8	23.2595
9	23.1159
10	22.2514
11	22.0084
12	21.486
13	21.486
14	21.486
15	21.2597
16	20.5707
17	20.4889
18	20.356
19	20.356
20	20.356
21	19.5653
22	19.4618
23	19.4618
24	19.4618
25	19.2214
26	19.2146
27	19.2146
28	18.6789
29	18.6354
30	18.0134
31	17.6719
32	17.6485
33	17.5146
34	17.4156
35	17.3937
36	17.2817
37	16.7799
38	16.7799
39	16.7799
40	16.7799
41	16.7799
42	16.5021
43	16.5021
44	16.5021
45	16.3535
46	16.3535
47	16.3535
48	16.2553
49	15.6063
50	15.6063
51	15.6063
52	15.1344
53	15.1344
54	15.1344
55	15.0977
56	15.0977
57	15.0977
58	15.0965
59	15.0965
60	14.5138
61	14.309
62	14.309
63	14.309
64	14.309
65	14.1923
66	14.1923
67	13.9716
68	13.5363
69	13.1988
70	13.1988
71	13.1988
72	13.1082
73	13.1082
74	12.666
75	12.666
76	12.666
77	12.666
78	12.658
79	12.658
80	11.9913
81	11.9913
82	11.9913
83	11.9913
84	11.9913
85	11.9913
86	11.9913
87	11.9913
88	11.9913
89	11.8346
90	11.8346
91	11.8346
92	11.8346
93	11.8346
94	11.8346
95	11.8346
96	11.8346
97	11.8346
98	11.8346
99	11.8346
100	11.8009
101	11.8009
102	11.3625
103	11.3625
104	11.3625
105	11.3625
106	11.3625
107	11.3625
108	11.3625
109	11.3625
110	11.3625
111	11.3625
112	11.3625
113	11.3625
114	11.3625
115	11.3625
116	11.3625
117	11.3625
118	11.3625
119	11.3625
120	11.3625
121	11.3625
122	11.3625
123	11.3625
124	11.3625
125	11.3625
126	11.3625
127	11.3625
128	11.3625
129	11.3625
130	11.3625
131	11.3625
132	11.3625
133	11.3625
134	11.3625
135	11.3625
136	11.3625
137	11.3625
138	11.3625
139	11.3625
140	11.3625
141	11.3625
142	11.3625
143	11.3625
144	11.3625
145	11.3625
146	11.3625
147	11.3625
148	11.3625
149	11.3625
150	11.3625
151	11.3625
152	11.3625
153	11.3625
154	11.3625
155	11.3625
156	11.3625
157	11.3625
158	11.3625
159	11.3625
160	11.3625
161	11.3625
162	11.3625
163	11.3625
164	11.3625
165	11.3625
166	11.3625
167	11.3625
168	11.3625
169	11.3625
170	11.3625
171	11.3625
172	11.3625
173	11.3625
174	11.3625
175	11.3625
176	11.3625
177	11.3625
178	11.3625
179	11.3625
180	11.3625
181	11.3625
182	11.3625
183	11.3625
184	11.3625
185	11.3625
186	11.3625
187	11.3625
188	11.3625
189	11.3625
190	11.3625
191	11.3625
192	11.3625
193	11.3625
194	11.3625
195	11.3625
196	11.3625
197	11.3625
198	11.224
199	11.224
200	11.224
201	11.224
202	11.224
203	11.224
204	11.224
205	11.224
206	11.224
207	11.224
208	11.224
209	11.224
210	11.224
211	11.224
212	10.8601
213	10.8601
214	10.8601
215	10.5666
216	10.5666
217	10.5666
218	10.4147
219	10.4147
220	10.4147
221	10.4147
222	10.4147
223	10.4147
224	10.4147
225	10.4147
226	10.4147
227	10.4147
228	10.4147
229	10.4147
230	10.4147
231	10.3954
232	10.3954
233	10.3954
234	10.3945
235	10.3945
236	10.3945
237	10.3945
238	10.3945
239	10.3023
240	10.3023
241	10.3023
242	10.3023
243	10.3023
244	10.3023
245	10.3023
246	10.3023
247	10.3023
248	10.3023
249	10.3023
250	10.3023
251	10.3023
252	10.3023
253	10.3023
254	10.3023
255	10.3023
256	10.3023
257	10.2507
258	10.2507
259	10.2507
260	10.2507
261	10.2507
262	10.2507
263	10.2507
264	10.2507
265	10.2507
266	10.2507
267	10.2507
268	10.2507
269	10.1996
270	10.1996
271	10.1996
272	10.1996
273	10.1996
274	10.1996
275	10.1996
276	10.1996
277	10.1996
278	10.1996
279	10.1996
280	10.1996
281	10.1996
282	10.1996
283	10.1996
284	10.1996
285	10.1996
286	10.1996
287	10.1996
288	10.1996
289	10.1996
290	10.1996
291	10.1996
292	10.1996
293	10.1996
294	10.1996
295	10.1996
296	10.1996
297	10.1996
298	10.1996
299	10.1996
300	10.1996
301	10.1996
302	10.1996
303	10.1996
304	10.1996
305	10.1996
306	10.1996
307	10.1996
308	10.1996
309	10.1996
310	10.1996
311	10.1996
312	10.1996
313	10.1996
314	10.1996
315	10.1996
316	10.1996
317	10.1996
318	10.1996
319	10.2461
320	10.1996
321	10.1996
322	10.1996
323	10.1996
324	10.1996
325	10.1996
326	10.1996
327	10.1996
328	10.1996
329	10.1996
330	9.95005
331	9.95005
332	9.95005
333	10.1636
334	9.95005
335	9.95005
336	9.95005
337	9.95005
338	9.95005
339	9.95005
340	9.95005
341	9.95005
342	9.95005
343	9.95005
344	9.95005
345	9.95005
346	9.95005
347	9.95005
348	9.95005
349	9.95005
350	9.95005
351	9.95005
352	9.95005
353	9.95005
354	9.95005
355	9.95005
356	9.95005
357	9.95005
358	9.95005
359	9.95005
360	9.95005
361	9.95005
362	9.95005
363	9.95005
364	9.95005
365	9.95005
366	9.95005
367	9.95005
368	9.95005
369	9.95005
370	9.95005
371	9.95005
372	9.95005
373	9.95005
374	9.95005
375	9.95005
376	9.95005
377	9.95005
378	9.95005
379	9.95005
380	9.95005
381	9.95005
382	9.95005
383	9.95005
384	9.95005
385	9.95005
386	9.95005
387	9.95005
388	9.95005
389	9.95005
390	9.95005
391	9.95005
392	9.95005
393	9.95005
394	9.95005
395	9.95005
396	9.95005
397	9.95005
398	9.95005
399	9.95005
400	9.95005
401	9.95005
402	9.95005
403	9.95005
404	9.95005
405	9.95005
406	9.95005
407	9.95005
408	9.95005
409	9.95005
410	9.95005
411	9.95005
412	9.95005
413	9.95005
414	9.95005
415	9.95005
416	9.95005
417	9.95005
418	9.95005
419	9.95005
420	9.95005
421	9.95005
422	9.95005
423	9.95005
424	9.95005
425	9.95005
426	9.95005
427	9.95005
428	9.95005
429	9.95005
430	9.95005
431	9.95005
432	9.95005
433	9.95005
434	9.95005
435	9.95005
436	9.95005
437	9.95005
438	9.95005
439	9.95005
440	9.95005
441	9.95005
442	9.95005
443	9.95005
444	9.95005
445	9.95005
446	9.95005
447	9.95005
448	9.95005
449	9.95005
450	9.95005
451	9.95005
452	9.95005
453	9.95005
454	9.95005
455	9.95005
456	9.95005
457	9.95005
458	9.95005
459	9.95005
460	9.95005
461	9.95005
462	9.95005
463	9.95005
464	9.95005
465	9.95005
466	9.95005
467	9.95005
468	9.95005
469	9.95005
470	9.95005
471	9.95005
472	9.95005
473	9.95005
474	9.95005
475	9.95005
476	9.95005
477	9.95005
478	9.95005
479	9.95005
480	9.95005
481	9.95005
482	9.95005
483	9.95005
484	9.95005
485	9.95005
486	9.95005
487	9.95005
488	9.95005
489	9.95005
490	9.95005
491	9.95005
492	9.95005
493	9.95005
494	9.95005
495	9.95005
496	9.95005
497	9.95005
498	9.95005
499	9.95005
500	9.95005
501	9.95005
502	9.95005
503	9.95005
504	9.95005
505	9.95005
506	9.95005
507	9.95005
508	9.95005
509	9.95005
510	9.95005
511	9.95005
512	9.95005
513	9.95005
514	9.95005
515	9.95005
516	9.95005
517	9.95005
518	9.95005
519	9.95005
520	9.95005
521	9.95005
522	9.95005
523	9.95005
524	9.95005
525	9.95005
526	9.95005
527	9.95005
528	9.95005
529	9.95005
530	9.95005
531	9.95005
532	9.95005
533	9.95005
534	9.95005
535	9.95005
536	9.95005
537	9.75956
538	10.6001
539	10.6001
540	10.6001
541	10.6001
542	10.0544
543	10.0544
544	10.0544
545	10.0544
546	10.0544
547	10.0544
548	10.0544
549	10.0544
550	10.0544
551	10.0544
552	10.0544
553	9.75956
554	10.1843
555	10.1843
556	10.1843
557	10.1843
558	10.1843
559	10.1843
560	10.0397
561	10.0397
562	10.0397
563	10.0397
564	9.96217
565	9.92884
566	9.92884
567	9.92884
568	9.92884
569	9.92884
570	9.92884
571	9.92884
572	9.92884
573	9.8486
574	9.8486
575	9.8486
576	9.8486
577	9.8486
578	9.8486
579	9.8486
580	9.8486
581	9.8486
582	9.8486
583	9.8486
584	9.8486
585	9.8486
586	9.8486
587	9.8486
588	9.8486
589	9.8486
590	9.8486
591	9.8486
592	9.8486
593	9.8486
594	9.8486
595	9.8486
596	9.8486
597	9.8486
598	9.8486
599	9.8486
600	9.8486
601	9.8486
602	9.8486
603	9.83426
604	9.83426
605	9.83426
606	9.83426
607	9.83426
608	9.83426
609	9.83426
610	9.83426
611	9.83426
612	9.83426
613	9.83426
614	9.83426
615	9.83426
616	9.83426
617	9.83426
618	9.83426
619	9.83426
620	9.83426
621	9.83426
622	9.83426
623	9.83426
624	9.83426
625	9.83426
626	9.83426
627	9.83426
628	9.83426
629	9.83426
630	9.83426
631	9.83426
632	9.83426
633	9.83426
634	9.83426
635	9.83426
636	9.83426
637	9.83426
638	9.83426
639	9.83426
640	9.83426
641	9.83426
642	9.83426
643	9.83426
644	9.83426
645	9.83426
646	9.83426
647	9.83426
648	9.83426
649	9.83426
650	9.83426
651	9.83426
652	9.83426
653	9.83426
654	9.83426
655	9.83426
656	9.83426
657	9.83426
658	9.83426
659	9.83426
660	9.83426
661	9.83426
662	9.83426
663	9.83426
664	9.83426
665	9.83426
666	9.83426
667	9.83426
668	9.83426
669	9.83426
670	9.83426
671	9.83426
672	9.83426
673	9.83426
674	9.83426
675	9.83426
676	9.83426
677	9.83426
678	9.83426
679	9.83426
680	9.83426
681	9.83426
682	9.83426
683	9.83426
684	9.83426
685	9.83426
686	9.83426
687	9.83426
688	9.83426
689	9.83426
690	9.83426
691	9.83426
692	9.83426
693	9.83426
694	9.83426
695	9.83426
696	9.83426
697	9.83426
698	9.83426
699	9.83426
700	9.83426
701	9.83426
702	9.83426
703	9.83426
704	9.83426
705	9.83426
706	9.83426
707	9.83426
708	9.83426
709	9.83426
710	9.83426
711	9.83426
712	9.83426
713	9.83426
714	9.83426
715	9.83426
716	9.83426
717	9.83426
718	9.83426
719	9.83426
720	9.83426
721	9.83426
722	9.83426
723	9.83426
724	9.83426
725	9.83426
726	9.83426
727	9.83426
728	9.83426
729	9.83426
730	9.83426
731	9.83426
732	9.83426
733	9.83426
734	9.83426
735	9.83426
736	9.83426
737	9.83426
738	9.83426
739	9.83426
740	9.83426
741	9.83426
742	9.83426
743	9.83426
744	9.83426
745	9.83426
746	9.83426
747	9.83426
748	9.83426
749	9.83426
750	9.83426
751	9.83426
752	9.83426
753	9.83426
754	9.83426
755	9.83426
756	9.83426
757	9.83426
758	9.83426
759	9.83426
760	9.83426
761	9.83426
762	9.83426
763	9.83426
764	9.83426
765	9.83426
766	9.83426
767	9.83426
768	9.83426
769	9.83426
770	9.83426
771	9.83426
772	9.83426
773	9.83426
774	9.83426
775	9.83426
776	9.83426
777	9.83426
778	9.83426
779	9.83426
780	9.83426
781	9.83426
782	9.83426
783	9.83426
784	9.83426
785	9.83426
786	9.83426
787	9.83426
788	9.83426
789	9.83426
790	9.83426
791	9.83426
792	9.83426
793	9.83426
794	9.83426
795	9.83426
796	9.83426
797	9.83426
798	9.83426
799	9.83426
800	9.83426
801	9.83426
802	9.83426
803	9.83426
804	9.83426
805	9.83426
806	9.83426
807	9.83426
808	9.83426
809	9.83426
810	9.83426
811	9.83426
812	9.83426
813	9.83426
814	9.99089
815	9.83426
816	9.83426
817	9.83426
818	9.83426
819	9.83426
820	9.83426
821	9.83426
822	9.83426
823	9.83426
824	9.83426
825	9.83426
826	9.83426
827	9.83426
828	9.83426
829	9.83426
830	9.83426
831	9.83426
832	9.83426
833	9.83426
834	9.83426
835	9.83426
836	9.83426
837	9.83426
838	9.83426
839	9.83426
840	9.83426
841	9.83426
842	9.83426
843	9.83426
844	9.83426
845	9.83426
846	9.83426
847	9.83426
848	9.83426
849	9.83426
850	9.83426
851	9.83426
852	9.83426
853	9.83426
854	9.83426
855	9.83426
856	9.83426
857	9.83426
858	9.83426
859	9.83426
860	9.83426
861	9.83426
862	9.83426
863	9.79175
864	9.79175
865	9.79175
866	9.79175
867	9.79175
868	9.79175
869	9.79175
870	9.79175
871	9.79175
872	9.79175
873	9.79175
874	9.79175
875	9.74522
876	9.79175
877	9.79175
878	9.74522
879	9.74522
880	9.74522
881	9.74522
882	9.74522
883	9.74522
884	9.74522
885	9.74522
886	9.8749
887	9.74522
888	9.74522
889	9.74522
890	9.74522
891	9.74522
892	9.74522
893	9.74522
894	9.74522
895	9.74522
896	9.74522
897	9.74522
898	9.74522
899	9.74522
900	9.74522
901	9.74522
902	9.74522
903	9.74522
904	9.74522
905	9.74522
906	9.74522
907	9.74522
908	9.74522
909	9.74522
910	9.74522
911	9.74522
912	9.74522
913	9.74522
914	9.74522
915	9.74522
916	9.74522
917	9.74522
918	9.74522
919	9.74522
920	9.74522
921	9.74522
922	9.74522
923	9.74522
924	9.74522
925	9.74522
926	9.74522
927	9.74522
928	9.74522
929	9.74522
930	9.74522
931	9.74522
932	9.74522
933	9.82837
934	9.82837
935	9.74522
936	9.74522
937	9.74522
938	9.74522
939	9.74522
940	9.74522
941	9.74522
942	9.74522
943	9.74522
944	9.74522
945	9.74522
946	9.74522
947	9.74522
948	9.74522
949	9.74522
950	9.74522
951	9.74522
952	9.74522
953	9.74522
954	9.74522
955	9.74522
956	9.74522
957	9.74522
958	9.74522
959	9.74522
960	9.74522
961	9.74522
962	9.74522
963	9.74522
964	9.74522
965	9.74522
966	9.74522
967	9.74522
968	9.74522
969	9.74522
970	9.74522
971	9.74522
972	9.74522
973	9.74522
974	9.74522
975	9.74522
976	9.74522
977	9.74522
978	9.74522
979	9.74522
980	9.74522
981	9.74522
982	9.74522
983	9.74522
984	9.74522
985	9.74522
986	9.74522
987	9.74522
988	9.74522
989	9.74522
990	9.74522
991	9.74522
992	9.74522
993	9.74522
994	9.74522
995	9.74522
996	9.74522
997	9.74522
998	9.74522
999	9.74522
1000	9.74522
1001	9.74522
1002	10.1077
1003	9.74522
1004	9.74522
1005	9.74522
1006	9.74522
1007	9.74522
1008	9.74522
1009	9.74522
1010	9.74522
1011	9.74522
1012	9.74522
1013	9.74522
1014	9.74522
1015	9.74522
1016	9.74522
1017	9.74522
1018	9.74522
1019	9.74522
1020	9.74522
1021	9.74522
1022	9.74522
1023	9.74522
1024	9.74522
1025	9.74522
1026	9.74522
1027	9.74522
1028	9.74522
1029	9.74522
1030	9.74522
1031	9.74522
1032	9.74522
1033	9.74522
1034	9.74522
1035	9.74522
1036	9.74522
1037	9.74522
1038	9.74522
1039	9.74522
1040	9.74522
1041	9.74522
1042	9.74522
1043	9.74522
1044	9.74522
1045	9.74522
1046	9.74522
1047	9.74522
1048	9.74522
1049	9.74522
1050	9.74522
1051	9.74522
1052	9.74522
1053	9.74522
1054	9.74522
1055	9.74522
1056	9.74522
1057	9.74522
1058	9.74522
1059	9.74522
1060	9.74522
1061	9.74522
1062	9.74522
1063	9.74522
1064	9.74522
1065	9.74522
1066	9.74522
1067	10.1896
1068	10.1896
1069	9.74522
1070	9.74522
1071	9.74522
1072	9.74522
1073	9.74522
1074	9.74522
1075	9.74522
1076	9.74522
1077	9.74522
1078	9.74522
1079	9.74522
1080	9.74522
1081	9.74522
1082	9.74522
1083	9.74522
1084	9.74522
1085	9.74522
1086	9.74522
1087	9.74522
1088	9.74522
1089	9.74522
1090	9.74522
1091	9.74522
1092	9.74522
1093	9.74522
1094	9.74522
1095	9.74522
1096	9.74522
1097	9.74522
1098	9.94754
1099	9.84831
1100	9.84831
1101	9.84831
1102	9.84831
1103	9.84831
1104	9.82425
1105	9.82425
1106	9.82425
1107	9.82425
1108	9.82425
1109	9.82425
1110	9.82425
1111	9.82425
1112	9.82425
1113	9.82425
1114	9.82425
1115	9.82425
1116	9.82425
1117	9.82425
1118	9.37891
1119	9.37891
1120	9.37891
1121	9.37891
1122	9.37891
1123	9.37891
1124	9.37891
1125	9.37891
1126	9.37891
1127	9.37891
1128	9.37891
1129	9.37891
1130	9.37891
1131	9.37891
1132	9.37891
1133	9.37891
1134	9.37891
1135	9.37891
1136	9.37891
1137	9.37891
1138	9.37891
1139	9.37891
1140	9.37891
1141	9.61778
1142	9.61778
1143	9.61778
1144	9.61778
1145	9.61778
1146	9.61778
1147	9.61778
1148	9.61778
1149	9.61778
1150	9.61778
1151	9.61778
1152	9.61778
1153	9.61778
1154	9.61778
1155	9.61778
1156	9.61778
1157	9.61778
1158	9.61778
1159	9.61778
1160	9.61778
1161	9.61778
1162	9.61778
1163	9.61778
1164	9.61778
1165	9.61778
1166	9.61778
1167	9.61778
1168	9.61778
1169	9.61778
1170	9.61778
1171	9.61778
1172	9.61778
1173	9.61778
1174	9.61778
1175	9.61778
1176	9.61778
1177	9.61778
1178	9.61778
1179	9.61778
1180	9.61778
1181	9.61778
1182	9.61778
1183	9.61778
1184	9.61778
1185	9.61778
1186	9.61778
1187	9.61778
1188	9.61778
1189	9.61778
1190	9.61778
1191	9.61778
1192	9.61778
1193	9.61778
1194	9.61778
1195	9.61778
1196	9.61778
1197	9.61778
1198	9.61778
1199	9.61778
1200	9.61778
1201	9.61778
1202	9.61778
1203	9.61778
1204	9.61778
1205	9.61778
1206	9.61778
1207	9.61778
1208	9.61778
1209	9.61778
1210	9.61778
1211	9.61778
1212	9.61778
1213	9.61778
1214	9.61778
1215	9.61778
1216	9.61778
1217	9.61778
1218	9.61778
1219	9.61778
1220	9.61778
1221	9.61778
1222	9.61778
1223	9.61778
1224	9.61778
1225	9.61778
1226	9.61778
1227	9.61778
1228	9.61778
1229	9.61778
1230	9.61778
1231	9.97039
1232	9.97039
1233	9.37891
1234	9.37891
1235	9.37891
1236	9.37891
1237	9.37891
1238	9.37891
1239	9.37891
1240	9.37891
1241	9.37891
1242	9.37891
1243	9.37891
1244	9.37891
1245	9.37891
1246	9.37891
1247	9.37891
1248	9.37891
1249	9.37891
1250	9.37891
1251	9.37891
1252	9.37891
1253	9.37891
1254	9.37891
1255	9.37891
1256	9.37891
1257	9.37891
1258	9.37891
1259	9.37891
1260	9.37891
1261	9.37891
1262	9.37891
1263	9.37891
1264	9.37891
1265	9.37891
1266	9.37891
1267	9.37891
1268	9.37891
1269	9.37891
1270	9.37891
1271	9.37891
1272	9.37891
1273	9.37891
1274	9.37891
1275	9.37891
1276	9.37891
1277	9.37891
1278	9.37891
1279	9.37891
1280	9.37891
1281	9.37891
1282	9.37891
1283	9.37891
1284	9.37891
1285	9.37891
1286	9.37891
1287	9.37891
1288	9.37891
1289	9.37891
1290	9.37891
1291	9.37891
1292	9.37891
1293	9.37891
1294	9.37891
1295	9.37891
1296	9.37891
1297	9.37891
1298	9.37891
1299	9.37891
1300	9.37891
1301	9.37891
1302	9.37891
1303	9.37891
1304	9.37891
1305	9.37891
1306	9.37891
1307	9.37891
1308	9.37891
1309	9.37891
1310	9.37891
1311	9.37891
1312	9.37891
1313	9.37891
1314	9.37891
1315	9.37891
1316	9.37891
1317	9.37891
1318	9.37891
1319	9.37891
1320	9.37891
1321	9.37891
1322	9.37891
1323	9.37891
1324	9.37891
1325	9.37891
1326	9.37891
1327	9.37891
1328	9.37891
1329	9.37891
1330	9.37891
1331	9.37891
1332	9.37891
1333	9.37891
1334	9.37891
1335	9.37891
1336	9.37891
1337	9.37891
1338	9.37891
1339	9.37891
1340	9.37891
1341	9.37891
1342	9.37891
1343	9.37891
1344	9.37891
1345	9.37891
1346	9.37891
1347	9.37891
1348	9.37891
1349	9.37891
1350	9.37891
1351	9.37891
1352	9.37891
1353	9.37891
1354	9.37891
1355	9.37891
1356	9.37891
1357	9.37891
1358	9.37891
1359	9.37891
1360	9.37891
1361	9.37891
1362	9.37891
1363	9.37891
1364	9.37891
1365	9.37891
1366	9.37891
1367	9.37891
1368	9.37891
1369	9.37891
1370	9.37891
1371	9.37891
1372	9.37891
1373	9.37891
1374	9.37891
1375	9.37891
1376	9.37891
1377	9.37891
1378	9.37891
1379	9.37891
1380	9.37891
1381	9.37891
1382	9.37891
1383	9.37891
1384	9.37891
1385	9.37891
1386	9.37891
1387	9.37891
1388	9.37891
1389	9.37891
1390	9.37891
1391	9.37891
1392	9.37891
1393	9.37891
1394	9.37891
1395	9.37891
1396	9.37891
1397	9.37891
1398	9.37891
1399	9.37891
1400	9.37891
1401	9.37891
1402	9.37891
1403	9.37891
1404	9.37891
1405	9.37891
1406	9.37891
1407	9.37891
1408	9.37891
1409	9.37891
1410	9.37891
1411	9.37891
1412	9.37891
1413	9.37891
1414	9.37891
1415	9.37891
1416	9.37891
1417	9.37891
1418	9.37891
1419	9.37891
1420	9.37891
1421	9.37891
1422	9.37891
1423	9.37891
1424	9.37891
1425	9.37891
1426	9.37891
1427	9.37891
1428	9.37891
1429	9.37891
1430	9.37891
1431	9.37891
1432	9.37891
1433	9.37891
1434	9.37891
1435	9.37891
1436	9.37891
1437	9.37891
1438	9.37891
1439	9.37891
1440	9.37891
1441	9.37891
1442	9.37891
1443	9.37891
1444	9.37891
1445	9.37891
1446	9.37891
1447	9.37891
1448	9.37891
1449	9.37891
1450	9.37891
1451	9.37891
1452	9.89543
1453	9.89471
1454	9.89471
1455	9.89471
1456	9.89471
1457	9.89471
1458	9.89471
1459	9.89471
1460	9.89471
1461	9.89471
1462	9.89471
1463	9.89471
1464	9.89471
1465	9.89471
1466	9.89471
1467	9.69343
1468	9.69343
1469	9.69343
1470	9.69343
1471	9.69343
1472	9.5368
1473	9.62458
1474	9.62458
1475	9.5368
1476	9.5368
1477	9.5368
1478	9.5368
1479	9.62458
1480	9.5368
1481	9.5368
1482	9.5368
1483	9.5368
1484	9.5368
1485	9.46795
1486	9.46795
1487	9.46795
1488	9.46795
1489	9.46795
1490	9.46795
1491	9.46795
1492	9.46795
1493	9.46795
1494	9.46795
1495	9.46795
1496	9.46795
1497	9.46795
1498	9.46795
1499	9.46795
1500	9.46795
1501	9.46795
1502	9.46795
1503	9.46795
1504	9.46795
1505	9.46795
1506	9.46795
1507	9.46795
1508	9.46795
1509	9.46795
1510	9.46795
1511	9.46795
1512	9.46795
1513	9.46795
1514	9.46795
1515	9.46795
1516	9.46795
1517	9.46795
1518	9.46795
1519	9.46795
1520	9.46795
1521	9.46795
1522	9.46795
1523	9.46795
1524	9.46795
1525	9.46795
1526	9.46795
1527	9.46795
1528	9.46795
1529	9.46795
1530	9.46795
1531	9.46795
1532	9.46795
1533	9.46795
1534	9.46795
1535	9.46795
1536	9.46795
1537	9.46795
1538	9.46795
1539	9.46795
1540	9.46795
1541	9.46795
1542	9.46795
1543	9.46795
1544	9.46795
1545	9.46795
1546	9.46795
1547	9.46795
1548	9.46795
1549	9.46795
1550	9.46795
1551	9.46795
1552	9.46795
1553	9.46795
1554	9.46795
1555	9.46795
1556	9.46795
1557	9.46795
1558	9.46795
1559	9.46795
1560	9.46795
1561	9.46795
1562	9.46795
1563	9.46795
1564	9.46795
1565	9.46795
1566	9.46795
1567	9.46795
1568	9.46795
1569	9.46795
1570	9.46795
1571	9.46795
1572	9.46795
1573	9.46795
1574	9.46795
1575	9.46795
1576	9.46795
1577	9.46795
1578	9.46795
1579	9.46795
1580	9.46795
1581	9.46795
1582	9.46795
1583	9.46795
1584	9.46795
1585	9.46795
1586	9.46795
1587	9.46795
1588	9.46795
1589	9.46795
1590	9.46795
1591	9.46795
1592	9.46795
1593	9.46795
1594	9.46795
1595	9.46795
1596	9.46795
1597	9.46795
1598	9.46795
1599	9.46795
1600	9.46795
1601	9.46795
1602	9.46795
1603	9.46795
1604	9.46795
1605	9.46795
1606	9.46795
1607	9.46795
1608	9.46795
1609	9.46795
1610	9.46795
1611	9.46795
1612	9.46795
1613	9.46795
1614	9.46795
1615	9.46795
1616	9.46795
1617	9.46795
1618	9.46795
1619	9.46795
1620	9.46795
1621	9.46795
1622	9.46795
1623	9.46795
1624	9.46795
1625	9.46795
1626	9.46795
1627	9.46795
1628	9.46795
1629	9.46795
1630	9.46795
1631	9.46795
1632	9.46795
1633	9.46795
1634	9.46795
1635	9.46795
1636	9.46795
1637	9.46795
1638	9.46795
1639	9.46795
1640	9.46795
1641	9.46795
1642	9.46795
1643	9.46795
1644	9.46795
1645	9.46795
1646	9.46795
1647	9.46795
1648	9.46795
1649	9.46795
1650	9.46795
1651	9.46795
1652	9.46795
1653	9.46795
1654	9.46795
1655	9.46795
1656	9.46795
1657	9.46795
1658	9.46795
1659	9.46795
1660	9.46795
1661	9.46795
1662	9.46795
1663	9.46795
1664	9.46795
1665	9.46795
1666	9.46795
1667	9.46795
1668	9.46795
1669	9.46795
1670	9.46795
1671	9.46795
1672	9.5368
1673	9.5368
1674	9.46795
1675	9.46795
1676	9.46795
1677	9.46795
1678	9.46795
1679	9.46795
1680	9.46795
1681	9.46795
1682	9.89363
1683	9.46795
1684	9.46795
1685	9.46795
1686	9.46795
1687	9.46795
1688	9.46795
1689	9.46795
1690	9.46795
1691	9.46795
1692	9.46795
1693	9.46795
1694	9.46795
1695	9.46795
1696	9.46795
1697	9.46795
1698	9.46795
1699	9.46795
1700	9.46795
1701	9.46795
1702	9.46795
1703	9.46795
1704	9.46795
1705	9.46795
1706	9.46795
1707	9.46795
1708	9.46795
1709	9.46795
1710	9.46795
1711	9.46795
1712	9.46795
1713	9.46795
1714	9.46795
1715	9.37891
1716	9.37891
1717	9.37891
1718	9.37891
1719	9.37891
1720	9.37891
1721	9.37891
1722	9.37891
1723	9.37891
1724	9.37891
1725	9.37891
1726	9.37891
1727	9.37891
1728	9.37891
1729	9.37891
1730	9.37891
1731	9.37891
1732	9.37891
1733	9.37891
1734	9.37891
1735	9.37891
1736	9.37891
1737	9.37891
1738	9.37891
1739	9.37891
1740	9.37891
1741	9.37891
1742	9.37891
1743	9.37891
1744	9.37891
1745	9.43444
1746	9.43444
1747	9.37891
1748	9.37891
1749	9.37891
1750	9.37891
1751	9.37891
1752	9.37891
1753	9.37891
1754	9.37891
1755	9.37891
1756	9.37891
1757	9.37891
1758	9.37891
1759	9.37891
1760	9.37891
1761	9.37891
1762	9.37891
1763	9.37891
1764	9.37891
1765	9.37891
1766	9.37891
1767	9.37891
1768	9.37891
1769	9.37891
1770	9.37891
1771	9.37891
1772	9.37891
1773	9.37891
1774	9.37891
1775	9.37891
1776	9.37891
1777	9.37891
1778	9.37891
1779	9.37891
1780	9.37891
1781	9.37891
1782	9.37891
1783	9.37891
1784	9.37891
1785	9.37891
1786	9.37891
1787	9.37891
1788	9.37891
1789	9.37891
1790	9.37891
1791	9.37891
1792	9.37891
1793	9.37891
1794	9.37891
1795	9.37891
1796	9.37891
1797	9.37891
1798	9.37891
1799	9.37891
1800	9.37891
1801	9.37891
1802	9.37891
1803	9.37891
1804	9.37891
1805	9.37891
1806	9.37891
1807	9.37891
1808	9.37891
1809	9.37891
1810	9.37891
1811	9.42544
1812	9.42544
1813	9.37891
1814	9.37891
1815	9.37891
1816	9.37891
1817	9.37891
1818	9.37891
1819	9.37891
1820	9.37891
1821	9.37891
1822	9.37891
1823	9.37891
1824	9.37891
1825	9.37891
1826	9.37891
1827	9.37891
1828	9.37891
1829	9.37891
1830	9.37891
1831	9.37891
1832	9.37891
1833	9.37891
1834	9.37891
1835	9.37891
1836	9.37891
1837	9.37891
1838	9.37891
1839	9.37891
1840	9.37891
1841	9.37891
1842	9.37891
1843	9.37891
1844	9.37891
1845	9.37891
1846	9.37891
1847	9.37891
1848	9.37891
1849	9.37891
1850	9.37891
1851	9.37891
1852	9.37891
1853	9.37891
1854	9.37891
1855	9.37891
1856	9.37891
1857	9.37891
1858	9.37891
1859	9.37891
1860	9.37891
1861	9.37891
1862	9.37891
1863	9.37891
1864	9.37891
1865	9.37891
1866	9.37891
1867	9.37891
1868	9.37891
1869	9.37891
1870	9.37891
1871	9.37891
1872	9.37891
1873	9.37891
1874	9.37891
1875	9.37891
1876	9.37891
1877	9.37891
1878	9.37891
1879	9.37891
1880	9.37891
1881	9.37891
1882	9.37891
1883	9.37891
1884	9.37891
1885	9.37891
1886	9.37891
1887	9.37891
1888	9.37891
1889	9.37891
1890	9.37891
1891	9.37891
1892	9.37891
1893	9.37891
1894	9.37891
1895	9.37891
1896	9.37891
1897	9.37891
1898	9.37891
1899	9.37891
1900	9.37891
1901	9.37891
1902	9.75736
1903	9.37891
1904	9.37891
1905	9.37891
1906	9.37891
1907	9.37891
1908	9.37891
1909	9.37891
1910	9.37891
1911	9.37891
1912	9.53811
1913	9.37891
1914	9.37891
1915	9.37891
1916	9.37891
1917	9.37891
1918	9.37891
1919	9.37891
1920	9.37891
1921	9.37891
1922	9.37891
1923	9.37891
1924	9.37891
1925	9.37891
1926	9.37891
1927	9.37891
1928	9.43444
1929	9.43444
1930	9.43444
1931	9.37891
1932	9.37891
1933	9.37891
1934	9.37891
1935	9.37891
1936	9.37891
1937	9.37891
1938	9.37891
1939	9.37891
1940	9.37891
1941	9.37891
1942	9.37891
1943	9.37891
1944	9.37891
1945	9.37891
1946	9.37891
1947	9.37891
1948	9.37891
1949	9.37891
1950	9.37891
1951	9.37891
1952	9.37891
1953	9.37891
1954	9.37891
1955	9.37891
1956	9.43444
1957	9.43444
1958	9.43444
1959	9.43444
1960	9.43444
1961	9.43444
1962	9.43444
1963	9.43444
1964	9.43444
1965	9.43444
1966	9.43444
1967	9.43444
1968	9.43444
1969	9.42021
1970	9.42021
1971	9.42021
1972	9.42021
1973	9.42021
1974	9.42021
1975	9.42021
1976	9.42021
1977	9.42021
1978	9.42021
1979	9.42021
1980	9.42021
1981	9.42021
1982	9.42021
1983	9.42021
1984	9.42021
1985	9.42021
1986	9.42021
1987	9.42021
1988	9.40934
1989	9.40934
1990	9.40934
1991	9.40934
1992	9.40934
1993	9.40934
1994	9.40934
1995	9.40934
1996	9.40934
1997	9.40934
1998	9.40934
1999	9.40934
2000	9.40934
2001	9.40934
2002	9.40934
2003	9.40934
2004	9.40934
2005	9.40934
2006	9.40934
2007	9.40934
2008	9.40934
2009	9.40934
2010	9.40934
2011	9.62087
2012	9.62087
2013	9.62087
2014	9.40934
2015	9.40934
2016	9.40934
2017	9.40934
2018	9.40934
2019	9.40934
2020	9.40934
2021	9.40934
2022	9.40934
2023	9.40934
2024	9.40934
2025	9.40934
2026	9.40934
2027	9.40934
2028	9.40934
2029	9.40934
2030	9.40934
2031	9.40934
2032	9.40934
2033	9.40934
2034	9.40934
2035	9.40934
2036	9.40934
2037	9.40934
2038	9.40934
2039	9.40934
2040	9.40934
2041	9.40934
2042	9.40934
2043	9.40934
2044	9.40934
2045	9.40934
2046	9.40934
2047	9.40934
2048	9.40934
2049	9.40934
2050	9.40934
2051	9.40934
2052	9.40934
2053	9.40934
2054	9.40934
2055	9.40934
2056	9.40934
2057	9.40934
2058	9.40934
2059	9.40934
2060	9.40934
2061	9.40934
2062	9.40934
2063	9.40934
2064	9.40934
2065	9.40934
2066	9.40934
2067	9.40934
2068	9.40934
2069	9.40934
2070	9.40934
2071	9.40934
2072	9.40934
2073	9.40934
2074	9.35427
2075	9.35427
2076	9.35427
2077	9.35427
2078	9.35427
2079	9.35427
2080	9.35427
2081	9.35427
2082	9.35427
2083	9.35427
2084	9.35427
2085	9.35427
2086	9.35427
2087	9.35427
2088	9.35427
2089	9.35427
2090	9.35427
2091	9.35427
2092	9.35427
2093	9.35427
2094	9.35427
2095	9.35427
2096	9.35427
2097	9.35427
2098	9.35427
2099	9.35427
2100	9.35427
2101	9.35427
2102	9.35427
2103	9.35427
2104	9.35427
2105	9.35427
2106	9.35427
2107	9.35427
2108	9.35427
2109	9.35427
2110	9.35427
2111	9.35427
2112	9.35427
2113	9.35427
2114	9.35427
2115	9.35427
2116	9.35427
2117	9.35427
2118	9.35427
2119	9.35427
2120	9.35427
2121	9.35427
2122	9.35427
2123	9.35427
2124	9.35427
2125	9.35427
2126	9.4008
2127	9.35427
2128	9.35427
2129	9.35427
2130	9.35427
2131	9.35427
2132	9.35427
2133	9.35427
2134	9.35427
2135	9.35427
2136	9.35427
2137	9.35427
2138	9.35427
2139	9.35427
2140	9.35427
2141	9.35427
2142	9.35427
2143	9.35427
2144	9.35427
2145	9.35427
2146	9.35427
2147	9.35427
2148	9.35427
2149	9.35427
2150	9.35427
2151	9.35427
2152	9.35427
2153	9.35427
2154	9.35427
2155	9.35427
2156	9.35427
2157	9.35427
2158	9.35427
2159	9.35427
2160	9.35427
2161	9.35427
2162	9.35427
2163	9.35427
2164	9.35427
2165	9.35427
2166	9.35427
2167	9.35427
2168	9.35427
2169	9.35427
2170	9.35427
2171	9.35427
2172	9.35427
2173	9.35427
2174	9.35427
2175	9.35427
2176	9.35427
2177	9.35427
2178	9.35427
2179	9.35427
2180	9.35427
2181	9.35427
2182	9.35427
2183	9.35427
2184	9.35427
2185	9.35427
2186	9.35427
2187	9.35427
2188	9.35427
2189	9.35427
2190	9.35427
2191	9.35427
2192	9.35427
2193	9.35427
2194	9.35427
2195	9.35427
2196	9.35427
2197	9.35427
2198	9.35427
2199	9.35427
2200	9.35427
2201	9.35427
2202	9.35427
2203	9.35427
2204	9.35427
2205	9.35427
2206	9.35427
2207	9.35427
2208	9.35427
2209	9.35427
2210	9.35427
2211	9.35427
2212	9.35427
2213	9.35427
2214	9.35427
2215	9.35427
2216	9.35427
2217	9.35427
2218	9.35427
2219	9.35427
2220	9.35427
2221	9.35427
2222	9.35427
2223	9.35427
2224	9.35427
2225	9.35427
2226	9.35427
2227	9.35427
2228	9.35427
2229	9.35427
2230	9.35427
2231	9.35427
2232	9.35427
2233	9.35427
2234	9.35427
2235	9.35427
2236	9.35427
2237	9.35427
2238	9.35427
2239	9.35427
2240	9.35427
2241	9.35427
2242	9.35427
2243	9.35427
2244	9.35427
2245	9.35427
2246	9.35427
2247	9.35427
2248	9.35427
2249	9.48928
2250	9.48928
2251	9.35427
2252	9.35427
2253	9.35427
2254	9.35427
2255	9.35427
2256	9.35427
2257	9.35427
2258	9.35427
2259	9.35427
2260	9.35427
2261	9.35427
2262	9.35427
2263	9.35427
2264	9.35427
2265	9.35427
2266	9.35427
2267	9.35427
2268	9.35427
2269	9.35427
2270	9.35427
2271	9.35427
2272	9.35427
2273	9.35427
2274	9.35427
2275	9.35427
2276	9.35427
2277	9.35427
2278	9.35427
2279	9.35427
2280	9.35427
2281	9.35427
2282	9.35427
2283	9.35427
2284	9.35427
2285	9.35427
2286	9.35427
2287	9.35427
2288	9.35427
2289	9.35427
2290	9.35427
2291	9.35427
2292	9.35427
2293	9.35427
2294	9.35427
2295	9.35427
2296	9.35427
2297	9.35427
2298	9.35427
2299	9.35427
2300	9.35427
2301	9.35427
2302	9.35427
2303	9.35427
2304	9.35427
2305	9.35427
2306	9.35427
2307	9.35427
2308	9.35427
2309	9.35427
2310	9.35427
2311	9.35427
2312	9.35427
2313	9.35427
2314	9.35427
2315	9.35427
2316	9.35427
2317	9.35427
2318	9.35427
2319	9.35427
2320	9.35427
2321	9.35427
2322	9.35427
2323	9.35427
2324	9.35427
2325	9.35427
2326	9.35427
2327	9.35427
2328	9.35427
2329	9.35427
2330	9.35427
2331	9.35427
2332	9.35427
2333	9.35427
2334	9.35427
2335	9.35427
2336	9.35427
2337	9.35427
2338	9.35427
2339	9.35427
2340	9.35427
2341	9.35427
2342	9.35427
2343	9.35427
2344	9.35427
2345	9.35427
2346	9.35427
2347	9.35427
2348	9.35427
2349	9.35427
2350	9.35427
2351	9.35427
2352	9.35427
2353	9.35427
2354	9.35427
2355	9.35427
2356	9.35427
2357	9.35427
2358	9.35427
2359	9.35427
2360	9.35427
2361	9.35427
2362	9.35427
2363	9.35427
2364	9.35427
2365	9.35427
2366	9.35427
2367	9.35427
2368	9.35427
2369	9.35427
2370	9.35427
2371	9.35427
2372	9.35427
2373	9.35427
2374	9.35427
2375	9.35427
2376	9.35427
2377	9.35427
2378	9.35427
2379	9.35427
2380	9.35427
2381	9.35427
2382	9.35427
2383	9.48928
2384	9.35427
2385	10.7174
2386	10.2129
2387	10.694
2388	10.694
2389	10.2129
2390	10.2129
2391	10.2129
2392	9.63982
2393	9.63982
2394	9.63982
2395	9.63982
2396	9.63982
2397	9.63982
2398	9.63982
2399	9.63982
2400	9.63982
2401	9.63982
2402	9.63982
2403	9.63982
2404	9.63982
2405	9.63982
2406	9.63982
2407	9.63982
2408	9.63982
2409	9.63982
2410	9.63982
2411	9.63982
2412	9.63982
2413	9.63982
2414	9.63982
2415	9.63982
2416	9.63982
2417	9.63982
2418	9.63982
2419	9.63982
2420	9.63982
2421	9.63982
2422	9.63982
2423	9.63982
2424	9.63982
2425	9.63982
2426	9.63982
2427	9.63982
2428	9.63982
2429	9.63982
2430	9.63982
2431	9.63982
2432	9.63982
2433	9.63982
2434	9.63982
2435	9.63982
2436	9.63982
2437	9.63982
2438	9.63982
2439	9.63982
2440	9.63982
2441	9.63982
2442	9.63982
2443	9.63982
2444	9.63982
2445	9.63982
2446	9.63982
2447	9.63982
2448	9.63982
2449	9.63982
2450	9.63982
2451	9.63982
2452	9.63982
2453	9.63982
2454	9.63982
2455	9.63982
2456	9.63982
2457	9.63982
2458	9.63982
2459	9.63982
2460	9.63982
2461	10.0878
2462	11.4825
2463	11.0341
2464	11.0341
2465	11.0341
2466	11.0341
2467	11.0341
2468	11.0341
2469	11.0341
2470	10.9876
2471	10.9876
2472	10.9876
2473	10.9298
2474	10.6811
2475	10.6811
2476	10.6811
2477	10.6811
2478	10.6811
2479	10.6811
2480	10.6811
2481	10.6811
2482	10.6811
2483	10.6811
2484	10.6811
2485	10.6811
2486	10.6811
2487	10.6811
2488	10.675
2489	10.675
2490	10.675
2491	10.675
2492	10.675
2493	10.675
2494	10.675
2495	10.675
2496	10.675
2497	10.675
2498	10.675
2499	10.675
2500	10.675
2501	10.675
2502	10.675
2503	10.675
2504	10.675
2505	10.675
2506	10.675
2507	10.675
2508	10.675
2509	10.675
2510	10.675
2511	10.675
2512	10.675
2513	10.675
2514	10.675
2515	10.675
2516	10.675
2517	10.675
2518	10.675
2519	10.675
2520	10.675
2521	10.675
2522	10.675
2523	10.675
2524	10.675
2525	10.675
2526	10.675
2527	10.675
2528	10.675
2529	10.675
2530	10.675
2531	10.675
2532	10.675
2533	10.675
2534	10.675
2535	10.675
2536	10.675
2537	10.675
2538	10.675
2539	10.675
2540	10.675
2541	10.5298
2542	10.5298
2543	10.675
2544	10.675
2545	10.675
2546	10.675
2547	10.675
2548	10.675
2549	10.675
2550	10.675
2551	11.0671
2552	10.675
2553	10.675
2554	10.675
2555	10.675
2556	10.675
2557	10.675
2558	10.675
2559	10.675
2560	10.675
2561	10.675
2562	10.675
2563	10.675
2564	10.675
2565	10.675
2566	10.675
2567	10.675
2568	10.675
2569	10.675
2570	10.675
2571	10.675
2572	10.675
2573	10.675
2574	10.675
2575	10.675
2576	10.675
2577	10.675
2578	10.675
2579	10.675
2580	10.675
2581	10.675
2582	10.675
2583	10.675
2584	10.675
2585	10.675
2586	10.675
2587	10.675
2588	10.675
2589	10.675
2590	10.675
2591	10.675
2592	10.675
2593	10.6201
2594	10.6201
2595	10.6201
2596	10.2873
2597	10.2873
2598	10.2873
2599	10.2873
2600	10.2873
2601	10.2873
2602	10.0597
2603	10.0597
2604	10.0597
2605	10.0597
2606	10.0597
2607	10.0597
2608	10.0597
2609	10.0597
2610	10.0597
2611	10.0597
2612	10.0597
2613	10.0597
2614	9.98543
2615	9.98543
2616	9.98543
2617	9.98543
2618	9.98543
2619	9.98543
2620	9.98543
2621	9.98543
2622	9.98543
2623	9.98543
2624	9.98543
2625	9.98543
2626	9.98543
2627	9.98543
2628	9.98543
2629	9.98543
2630	9.98543
2631	9.98543
2632	9.98543
2633	9.98543
2634	9.98543
2635	9.98543
2636	9.98543
2637	9.98543
2638	9.98543
2639	9.98543
2640	9.98543
2641	9.98543
2642	9.98543
2643	9.98543
2644	9.98543
2645	9.91984
2646	9.91984
2647	9.91984
2648	9.91984
2649	9.91984
2650	9.91984
2651	9.91984
2652	9.91984
2653	9.91984
2654	9.91984
2655	9.91984
2656	9.91984
2657	9.91984
2658	9.91984
2659	9.91984
2660	9.91984
2661	9.91984
2662	9.91984
2663	9.90519
2664	9.35427
2665	9.35427
2666	9.35427
2667	9.35427
2668	9.35427
2669	9.35427
2670	9.35427
2671	9.35427
2672	9.35427
2673	9.35427
2674	9.35427
2675	9.35427
2676	9.35427
2677	9.35427
2678	9.35427
2679	9.35427
2680	9.35427
2681	9.35427
2682	9.35427
2683	9.35427
2684	9.35427
2685	9.71812
2686	9.71812
2687	9.71812
2688	10.8941
2689	10.8941
2690	10.0287
2691	9.51347
2692	9.35427
2693	9.35427
2694	9.35427
2695	9.35427
2696	9.35427
2697	9.35427
2698	9.35427
2699	9.35427
2700	9.35427
2701	9.35427
2702	9.35427
2703	9.35427
2704	9.35427
2705	9.35427
2706	9.35427
2707	9.35427
2708	9.35427
2709	9.35427
2710	9.35427
2711	9.35427
2712	9.35427
2713	9.35427
2714	9.35427
2715	9.35427
2716	9.35427
2717	9.35427
2718	9.35427
2719	9.35427
2720	9.35427
2721	9.36393
2722	9.36393
2723	9.69067
2724	9.36393
2725	9.36393
2726	9.36393
2727	9.36393
2728	9.36393
2729	9.36393
2730	9.36393
2731	9.36393
2732	9.36393
2733	9.36393
2734	9.36393
2735	9.36393
2736	9.36393
2737	9.36393
2738	9.36393
2739	9.36393
2740	9.35427
2741	9.35427
2742	9.35427
2743	9.36393
2744	9.36393
2745	9.36393
2746	9.35427
2747	9.35427
2748	9.35427
2749	9.35427
2750	9.35427
2751	9.35427
2752	9.35427
2753	9.35427
2754	9.35427
2755	9.35427
2756	9.35427
2757	9.35427
2758	9.48928
2759	9.35427
2760	9.35427
2761	9.35427
2762	9.35427
2763	9.35427
2764	9.35427
2765	9.35427
2766	9.35427
2767	9.35427
2768	9.35427
2769	9.35427
2770	9.35427
2771	9.82568
2772	9.35427
2773	9.35427
2774	9.35427
2775	9.35427
2776	9.35427
2777	9.35427
2778	9.35427
2779	9.35427
2780	9.35427
2781	9.35427
2782	9.35427
2783	9.35427
2784	9.35427
2785	9.35427
2786	9.35427
2787	9.35427
2788	9.35427
2789	9.35427
2790	9.35427
2791	9.35427
2792	9.35427
2793	9.35427
2794	9.35427
2795	9.35427
2796	9.35427
2797	9.35427
2798	9.35427
2799	9.35427
2800	9.35427
2801	9.35427
2802	9.35427
2803	9.35427
2804	9.35427
2805	9.35427
2806	9.35427
2807	9.35427
2808	9.35427
2809	9.35427
2810	9.35427
2811	9.35427
2812	9.35427
2813	9.35427
2814	9.35427
2815	9.35427
2816	9.35427
2817	9.35427
2818	9.35427
2819	9.35427
2820	9.35427
2821	9.35427
2822	9.35427
2823	9.35427
2824	9.35427
2825	9.35427
2826	9.35427
2827	9.35427
2828	9.35427
2829	9.35427
2830	9.35427
2831	9.35427
2832	9.35427
2833	9.35427
2834	9.35427
2835	9.35427
2836	9.35427
2837	9.35427
2838	9.35427
2839	9.35427
2840	9.35427
2841	9.35427
2842	9.35427
2843	9.35427
2844	9.35427
2845	9.35427
2846	9.35427
2847	9.35427
2848	9.35427
2849	9.35427
2850	9.35427
2851	9.35427
2852	9.35427
2853	9.35427
2854	9.35427
2855	9.35427
2856	9.35427
2857	9.35427
2858	9.35427
2859	9.35427
2860	9.35427
2861	9.35427
2862	9.35427
2863	9.35427
2864	9.35427
2865	9.35427
2866	9.35427
2867	9.35427
2868	9.35427
2869	9.35427
2870	9.35427
2871	9.35427
2872	9.35427
2873	9.35427
2874	9.35427
2875	9.35427
2876	9.35427
2877	9.35427
2878	9.35427
2879	9.35427
2880	9.35427
2881	9.35427
2882	9.35427
2883	9.35427
2884	9.35427
2885	9.35427
2886	9.35427
2887	9.35427
2888	9.35427
2889	9.35427
2890	9.35427
2891	9.35427
2892	9.35427
2893	9.35427
2894	9.35427
2895	9.35427
2896	9.35427
2897	9.35427
2898	9.35427
2899	9.35427
2900	9.35427
2901	9.35427
2902	9.35427
2903	9.35427
2904	9.35427
2905	9.35427
2906	9.35427
2907	9.35427
2908	9.35427
2909	9.35427
2910	9.35427
2911	9.35427
2912	9.35427
2913	9.35427
2914	9.35427
2915	9.35427
2916	9.35427
2917	9.35427
2918	9.35427
2919	9.35427
2920	9.35427
2921	9.35427
2922	9.35427
2923	9.35427
2924	9.35427
2925	9.35427
2926	9.35427
2927	9.35427
2928	9.35427
2929	9.35427
2930	9.35427
2931	9.35427
2932	9.35427
2933	9.35427
2934	9.35427
2935	9.35427
2936	9.35427
2937	9.35427
2938	9.35427
2939	9.35427
2940	9.35427
2941	9.35427
2942	9.35427
2943	9.35427
2944	9.35427
2945	9.35427
2946	9.35427
2947	9.35427
2948	9.35427
2949	9.35427
2950	9.35427
2951	9.35427
2952	9.35427
2953	9.35427
2954	9.35427
2955	9.35427
2956	9.35427
2957	9.35427
2958	9.35427
2959	9.35427
2960	9.35427
2961	9.35427
2962	9.35427
2963	9.35427
2964	9.35427
2965	9.35427
2966	9.35427
2967	9.60647
2968	10.8698
2969	10.8698
2970	10.6517
2971	10.6517
2972	10.6517
2973	10.6517
2974	10.6517
2975	10.6517
2976	10.5294
2977	10.5294
2978	10.5294
2979	10.5294
2980	10.5294
2981	10.5294
2982	10.2151
2983	10.2151
2984	10.2151
2985	10.2151
2986	10.2151
2987	10.2151
2988	10.2151
2989	10.2151
2990	10.2151
2991	10.2151
2992	10.2151
2993	10.2151
2994	10.2151
2995	10.2148
2996	10.2148
2997	10.2148
2998	10.2148
2999	10.2148
3000	10.2148
3001	10.2148
3002	10.2148
3003	10.2148
3004	10.2148
3005	10.2148
3006	10.2148
3007	10.1763
3008	10.1763
3009	10.1763
3010	10.1763
3011	10.1763
3012	10.1763
3013	10.1763
3014	10.1763
3015	10.1763
3016	10.1763
3017	10.1763
3018	10.1763
3019	10.1763
3020	10.1763
3021	10.1763
3022	10.1763
3023	10.1763
3024	10.1763
3025	10.1763
3026	10.1763
3027	10.0913
3028	10.0913
3029	10.0913
3030	10.0913
3031	10.0913
3032	10.0913
3033	10.0913
3034	10.0913
3035	10.0913
3036	10.0913
3037	10.0913
3038	10.0913
3039	10.0913
3040	10.0913
3041	10.0913
3042	10.0913
3043	10.0913
3044	10.0913
3045	10.0913
3046	10.0913
3047	10.0913
3048	10.0913
3049	10.0913
3050	10.0913
3051	10.0913
3052	10.0913
3053	10.0913
3054	10.0913
3055	10.0913
3056	10.0913
3057	10.0913
3058	10.0913
3059	10.0913
3060	10.0913
3061	10.0913
3062	10.0913
3063	10.0913
3064	10.0913
3065	10.0913
3066	10.0913
3067	10.0913
3068	10.0913
3069	10.0913
3070	10.0913
3071	10.0913
3072	10.0913
3073	10.0913
3074	10.0913
3075	10.0913
3076	10.0913
3077	10.0913
3078	10.0913
3079	10.0913
3080	10.0913
3081	10.0913
3082	10.0913
3083	10.0913
3084	10.0913
3085	10.0913
3086	10.0913
3087	10.0913
3088	10.0913
3089	10.0913
3090	10.0913
3091	10.0913
3092	10.0913
3093	10.0913
3094	10.0389
3095	10.0389
3096	10.0389
3097	10.0389
3098	10.0389
3099	10.0389
3100	10.0389
3101	10.3244
3102	10.4537
3103	10.0389
3104	10.0389
3105	10.0389
3106	10.0389
3107	10.0389
3108	10.0389
3109	10.0389
3110	10.0389
3111	10.0389
3112	10.0389
3113	10.0389
3114	10.0389
3115	10.0389
3116	10.0389
3117	10.0389
3118	10.0389
3119	10.0389
3120	10.0389
3121	10.0389
3122	10.0389
3123	10.0389
3124	10.0389
3125	10.0389
3126	10.0389
3127	10.0389
3128	10.0389
3129	10.0389
3130	10.0389
3131	10.0389
3132	10.0389
3133	10.0389
3134	10.0389
3135	10.0389
3136	10.0389
3137	10.0389
3138	10.0389
3139	10.0389
3140	10.0389
3141	10.0389
3142	10.0389
3143	10.0389
3144	10.0389
3145	10.0389
3146	9.94679
3147	9.94679
3148	9.94679
3149	9.94679
3150	9.94679
3151	9.94679
3152	9.94679
3153	9.94679
3154	9.94679
3155	9.94679
3156	9.87818
3157	9.87818
3158	9.87818
3159	9.87818
3160	9.87818
3161	9.87818
3162	9.87818
3163	9.87818
3164	9.87818
3165	9.87818
3166	9.87818
3167	9.87818
3168	9.87818
3169	9.87818
3170	9.87818
3171	9.87818
3172	9.87818
3173	9.87818
3174	9.87818
3175	9.87818
3176	9.87818
3177	9.87818
3178	9.87818
3179	9.87818
3180	9.87818
3181	9.87818
3182	9.87818
3183	9.99629
3184	9.99629
3185	9.99629
3186	9.99629
3187	9.99629
3188	9.99629
3189	9.99629
3190	9.99629
3191	9.99629
3192	9.99629
3193	9.99629
3194	9.99629
3195	9.99629
3196	9.99629
3197	9.99629
3198	9.99629
3199	9.87818
3200	9.87818
3201	9.87818
3202	9.87818
3203	9.87818
3204	9.87818
3205	9.87818
3206	9.87818
3207	9.87818
3208	9.87818
3209	9.87818
3210	9.87818
3211	9.87818
3212	9.87818
3213	9.87818
3214	9.87818
3215	9.87818
3216	9.87818
3217	9.87818
3218	9.87818
3219	9.87818
3220	9.87818
3221	9.87818
3222	9.87818
3223	9.87818
3224	9.87818
3225	9.87818
3226	9.87818
3227	9.87818
3228	9.87818
3229	9.87818
3230	9.87818
3231	9.87818
3232	9.87818
3233	9.87818
3234	9.87818
3235	9.87818
3236	9.87818
3237	9.87818
3238	9.87818
3239	9.87818
3240	9.87818
3241	9.87818
3242	9.87818
3243	9.87818
3244	9.87818
3245	9.87818
3246	9.87818
3247	9.87818
3248	9.87818
3249	9.99629
3250	9.99629
3251	9.87818
3252	9.87818
3253	9.87818
3254	9.87818
3255	9.87818
3256	9.87818
3257	9.87818
3258	9.87818
3259	9.87818
3260	9.87818
3261	9.87818
3262	9.87818
3263	9.87818
3264	9.87818
3265	9.87818
3266	9.87818
3267	9.87818
3268	9.87818
3269	9.87818
3270	9.87818
3271	9.87818
3272	9.87818
3273	9.87818
3274	9.87818
3275	9.87818
3276	9.87818
3277	9.87818
3278	9.87818
3279	9.87818
3280	9.87818
3281	9.87818
3282	9.87818
3283	9.87818
3284	9.87818
3285	9.87818
3286	9.87818
3287	9.87818
3288	9.87818
3289	9.87818
3290	9.87818
3291	9.87818
3292	9.87818
3293	9.87818
3294	9.87818
3295	9.87818
3296	9.87818
3297	9.87818
3298	9.87818
3299	10.3046
3300	10.3046
3301	10.3046
3302	10.6923
3303	10.6923
3304	10.6923
3305	10.6923
3306	10.3046
3307	10.3046
3308	10.3046
3309	10.3046
3310	10.2583
3311	10.2583
3312	10.2583
3313	10.2583
3314	10.2583
3315	10.2583
3316	10.2583
3317	10.2583
3318	10.2583
3319	10.2583
3320	10.1955
3321	10.1955
3322	10.1955
3323	10.1955
3324	10.2583
3325	10.1955
3326	10.1955
3327	10.1955
3328	10.1955
3329	10.1955
3330	10.1955
3331	10.1955
3332	10.1955
3333	10.1955
3334	10.1955
3335	10.1955
3336	10.1955
3337	10.1955
3338	10.1955
3339	10.1955
3340	10.1955
3341	10.1955
3342	10.1955
3343	10.1955
3344	10.1955
3345	10.1955
3346	10.1955
3347	10.1955
3348	10.1955
3349	10.1955
3350	10.1955
3351	10.1955
3352	10.1955
3353	10.1955
3354	10.1955
3355	10.1955
3356	10.1955
3357	10.1955
3358	10.1955
3359	10.1955
3360	10.1955
3361	10.1955
3362	10.1955
3363	10.1955
3364	10.1955
3365	10.1955
3366	10.1955
3367	10.1955
3368	10.1955
3369	10.1955
3370	10.1955
3371	10.1955
3372	10.1955
3373	10.1955
3374	10.1955
3375	10.1955
3376	10.1955
3377	10.1955
3378	10.1955
3379	10.1955
3380	10.1955
3381	10.1955
3382	10.1955
3383	10.1955
3384	10.1955
3385	10.1955
3386	10.1955
3387	10.1955
3388	10.1955
3389	10.096
3390	10.096
3391	10.096
3392	10.096
3393	10.096
3394	10.096
3395	10.096
3396	10.096
3397	10.096
3398	10.096
3399	10.096
3400	10.096
3401	10.096
3402	10.096
3403	10.096
3404	10.3349
3405	10.096
3406	10.096
3407	10.096
3408	10.096
3409	10.096
3410	10.096
3411	10.096
3412	10.096
3413	10.096
3414	10.096
3415	10.096
3416	10.096
3417	10.096
3418	10.096
3419	10.096
3420	10.096
3421	10.096
3422	10.096
3423	10.096
3424	10.096
3425	10.096
3426	10.096
3427	10.096
3428	10.096
3429	10.096
3430	10.096
3431	10.096
3432	10.096
3433	10.096
3434	10.096
3435	10.096
3436	10.096
3437	10.096
3438	10.096
3439	10.096
3440	10.096
3441	10.096
3442	10.096
3443	10.096
3444	10.096
3445	10.096
3446	10.096
3447	10.096
3448	10.096
3449	10.096
3450	10.096
3451	10.0506
3452	10.2141
3453	10.2141
3454	10.2141
3455	10.2141
3456	10.2141
3457	10.2141
3458	10.2141
3459	10.2141
3460	10.2141
3461	10.2141
3462	10.096
3463	10.096
3464	10.096
3465	10.096
3466	10.096
3467	10.096
3468	10.096
3469	10.096
3470	10.096
3471	10.096
3472	10.096
3473	10.096
3474	10.096
3475	10.096
3476	10.096
3477	10.096
3478	10.096
3479	10.096
3480	10.096
3481	10.096
3482	10.096
3483	10.096
3484	10.096
3485	10.096
3486	10.096
3487	10.096
3488	10.096
3489	10.096
3490	10.6255
3491	10.3482
3492	10.096
3493	10.096
3494	10.096
3495	10.096
3496	10.096
3497	10.096
3498	10.096
3499	10.096
3500	10.096
3501	10.096
3502	10.096
3503	10.096
3504	10.096
3505	10.096
3506	10.096
3507	10.096
3508	10.096
3509	10.096
3510	10.096
3511	10.096
3512	10.096
3513	10.096
3514	10.096
3515	10.096
3516	10.096
3517	10.096
3518	10.096
3519	10.096
3520	10.096
3521	10.096
3522	10.096
3523	10.096
3524	10.096
3525	10.096
3526	10.096
3527	10.096
3528	10.096
3529	10.096
3530	10.096
3531	10.096
3532	10.096
3533	10.096
3534	10.1701
3535	10.1701
3536	10.096
3537	10.4779
3538	10.4779
3539	10.697
3540	10.697
3541	10.4779
3542	10.4038
3543	11.0288
3544	10.775
3545	10.775
3546	10.775
3547	10.775
3548	10.4376
3549	10.4376
3550	10.4135
3551	10.4135
3552	10.4135
3553	10.4135
3554	10.4376
3555	10.4376
3556	10.4135
3557	10.4086
3558	10.4086
3559	10.4086
3560	10.2972
3561	10.2972
3562	10.2972
3563	10.2972
3564	10.2972
3565	10.2972
3566	10.2972
3567	10.2972
3568	10.2972
3569	10.2876
3570	10.2876
3571	10.2876
3572	10.2876
3573	10.2876
3574	10.2876
3575	10.2876
3576	10.2876
3577	10.2876
3578	10.2876
3579	10.2876
3580	10.2876
3581	10.2876
3582	10.2876
3583	10.2876
3584	10.2876
3585	10.2876
3586	10.2876
3587	10.2876
3588	10.2876
3589	10.2876
3590	10.2876
3591	10.2876
3592	10.2876
3593	10.2876
3594	10.2876
3595	10.2876
3596	10.2876
3597	10.2876
3598	10.2876
3599	10.2876
3600	10.2876
3601	10.2876
3602	10.2876
3603	10.2876
3604	10.2876
3605	10.1922
3606	10.1922
3607	10.1922
3608	10.1922
3609	10.1922
3610	10.1922
3611	10.1922
3612	10.1922
3613	10.1922
3614	10.1922
3615	10.1922
3616	10.1922
3617	10.1922
3618	10.1922
3619	10.1922
3620	10.1922
3621	10.1922
3622	10.1922
3623	10.1922
3624	10.1922
3625	10.1922
3626	10.1922
3627	11.1014
3628	11.0391
3629	11.0391
3630	11.0391
3631	11.0391
3632	10.977
3633	10.977
3634	10.977
3635	10.977
3636	10.977
3637	10.977
3638	10.977
3639	10.977
3640	10.977
3641	10.977
3642	10.977
3643	10.8464
3644	10.8315
3645	10.8315
3646	10.8315
3647	10.8315
3648	10.8315
3649	10.8315
3650	10.8315
3651	10.8315
3652	10.8315
3653	10.8095
3654	10.8315
3655	10.8315
3656	10.8315
3657	10.8315
3658	10.8315
3659	10.8315
3660	10.8315
3661	10.5332
3662	10.5332
3663	10.5332
3664	10.5332
3665	10.5332
3666	10.5332
3667	10.5332
3668	10.2302
3669	10.2302
3670	10.2302
3671	10.2302
3672	10.2285
3673	10.2285
3674	10.2285
3675	10.2285
3676	10.2285
3677	10.2285
3678	10.2285
3679	10.2285
3680	10.2285
3681	10.2285
3682	10.2285
3683	10.2185
3684	10.2185
3685	10.2044
3686	10.2044
3687	10.2044
3688	10.2044
3689	10.2044
3690	10.2044
3691	10.2044
3692	10.2044
3693	10.2044
3694	10.2044
3695	10.2044
3696	10.1944
3697	10.1944
3698	10.1944
3699	10.1944
3700	10.1847
3701	10.1847
3702	10.1847
3703	10.1847
3704	10.1847
3705	9.78067
3706	9.78067
3707	9.78067
3708	9.78067
3709	9.78067
3710	9.78067
3711	9.78067
3712	9.78067
3713	9.78067
3714	9.78067
3715	9.78067
3716	9.78067
3717	9.78067
3718	9.78067
3719	9.78067
3720	9.78067
3721	9.78067
3722	9.78067
3723	9.78067
3724	9.78067
3725	9.78067
3726	9.78067
3727	9.75866
3728	9.75866
3729	9.75866
3730	9.75866
3731	9.75866
3732	9.75866
3733	9.75866
3734	9.75866
3735	9.75866
3736	9.7033
3737	9.7033
3738	9.7033
3739	9.7033
3740	9.7033
3741	9.7033
3742	9.7033
3743	9.7033
3744	9.7033
3745	9.63445
3746	9.63445
3747	9.63445
3748	9.63445
3749	9.63445
3750	9.63445
3751	9.63445
3752	9.63445
3753	9.63445
3754	9.63445
3755	9.63445
3756	9.63445
3757	9.63445
3758	9.63445
3759	9.63445
3760	9.63445
3761	9.63445
3762	9.63445
3763	9.63445
3764	9.63445
3765	9.63445
3766	9.63445
3767	9.63445
3768	9.63445
3769	9.63445
3770	9.63445
3771	9.63445
3772	9.63445
3773	9.63445
3774	9.63445
3775	9.63445
3776	9.63445
3777	9.63445
3778	9.63445
3779	9.63445
3780	9.63445
3781	9.63445
3782	9.63445
3783	9.63445
3784	9.63445
3785	9.63445
3786	9.63445
3787	9.63445
3788	9.63445
3789	9.63445
3790	9.63445
3791	9.63445
3792	9.63445
3793	9.63445
3794	9.63445
3795	9.63445
3796	9.63445
3797	9.63445
3798	9.63445
3799	9.63445
3800	9.63445
3801	9.63445
3802	9.54541
3803	9.54541
3804	9.54541
3805	9.54541
3806	9.54541
3807	9.54541
3808	9.54541
3809	9.54541
3810	9.54541
3811	9.54541
3812	9.54541
3813	9.54541
3814	9.54541
3815	9.54541
3816	9.54541
3817	9.54541
3818	9.54541
3819	9.54541
3820	9.35427
3821	9.35427
3822	9.35427
3823	9.35427
3824	9.35427
3825	9.35427
3826	9.35427
3827	9.35427
3828	9.35427
3829	9.35427
3830	9.35427
3831	9.35427
3832	9.35427
3833	9.35427
3834	9.35427
3835	9.35427
3836	9.35427
3837	9.35427
3838	9.35427
3839	9.35427
3840	9.35427
3841	9.35427
3842	9.35427
3843	9.35427
3844	9.35427
3845	9.35427
3846	9.35427
3847	9.35427
3848	9.35427
3849	9.35427
3850	9.35427
3851	9.35427
3852	9.35427
3853	9.43622
3854	9.43622
3855	9.43622
3856	9.43622
3857	9.43622
3858	9.43622
3859	9.43165
3860	9.35427
3861	9.35427
3862	9.35427
3863	9.35427
3864	9.35427
3865	9.35427
3866	9.35427
3867	9.35427
3868	9.35427
3869	9.35427
3870	9.35427
3871	9.35427
3872	9.35427
3873	9.35427
3874	9.27331
3875	9.27331
3876	9.27331
3877	9.27331
3878	9.27331
3879	9.27331
3880	9.27331
3881	9.27331
3882	9.27331
3883	9.27331
3884	9.27331
3885	9.27331
3886	9.27331
3887	9.27331
3888	9.27331
3889	9.27331
3890	9.27331
3891	9.27331
3892	9.27331
3893	9.27331
3894	9.27331
3895	9.27331
3896	9.27331
3897	9.27331
3898	9.27331
3899	9.27331
3900	9.27331
3901	9.27331
3902	9.27331
3903	9.27331
3904	9.27331
3905	9.27331
3906	9.75444
3907	9.27331
3908	9.27331
3909	9.27331
3910	9.27331
3911	9.27331
3912	9.27331
3913	9.27331
3914	9.27331
3915	9.27331
3916	9.27331
3917	9.27331
3918	9.27331
3919	9.27331
3920	9.27331
3921	9.27331
3922	9.32838
3923	9.27331
3924	9.27331
3925	9.27331
3926	9.27331
3927	9.27331
3928	9.27331
3929	9.27331
3930	9.27331
3931	9.27331
3932	9.27331
3933	9.27331
3934	9.27331
3935	9.27331
3936	9.27331
3937	9.27331
3938	9.27331
3939	9.27331
3940	9.27331
3941	9.27331
3942	9.27331
3943	9.27331
3944	9.27331
3945	9.27331
3946	9.27331
3947	9.27331
3948	9.27331
3949	9.27331
3950	9.27331
3951	9.27331
3952	9.27331
3953	9.27331
3954	9.27331
3955	9.27331
3956	9.27331
3957	9.27331
3958	9.27331
3959	9.56832
3960	9.27331
3961	9.27331
3962	10.3134
3963	9.89854
3964	9.68817
3965	9.68817
3966	9.27331
3967	9.27331
3968	9.27331
3969	9.27331
3970	9.27331
3971	9.27331
3972	9.27331
3973	9.27331
3974	9.27331
3975	9.9178
3976	9.27331
3977	9.27331
3978	9.27331
3979	9.27331
3980	9.27331
3981	9.27331
3982	9.27331
3983	9.27331
3984	9.27331
3985	9.27331
3986	9.27331
3987	9.27331
3988	9.27331
3989	9.27331
3990	9.27331
3991	9.27331
3992	9.27331
3993	9.27331
3994	9.27331
3995	9.27331
3996	9.27331
3997	9.27331
3998	9.27331
3999	9.27331
4000	9.27331
