1	27.1285
2	26.3771
3	26.3771
4	26.0595
5	25.1315
6	25.1315
7	24.814
8	24.2263
9	24.2263
10	24.0686
11	22.8251
12	22.8251
13	21.4409
14	21.4409
15	20.6528
16	20.6528
17	20.6528
18	19.1376
19	19.1376
20	19.1376
21	19.1376
22	19.1376
23	19.0455
24	18.2622
25	18.1938
26	18.0295
27	17.947
28	17.947
29	17.3492
30	17.3492
31	17.3492
32	17.328
33	17.0509
34	16.4754
35	16.4754
36	16.4754
37	16.3717
38	16.0441
39	16.0441
40	16.0441
41	15.9045
42	15.9045
43	15.9045
44	15.9045
45	15.9045
46	15.8903
47	15.8903
48	15.8173
49	15.6423
50	15.6423
51	15.6423
52	15.6423
53	15.6423
54	15.6423
55	15.5958
56	15.5259
57	15.5259
58	15.5259
59	15.5259
60	15.4788
61	15.4788
62	15.4788
63	15.4123
64	15.4123
65	15.4123
66	15.4123
67	14.8888
68	14.8888
69	14.8888
70	14.8888
71	14.8888
72	14.8888
73	14.8888
74	14.8888
75	14.8888
76	14.8888
77	14.8888
78	14.8888
79	14.3983
80	14.3983
81	14.3983
82	14.3983
83	14.3983
84	14.3983
85	14.3983
86	14.3948
87	14.3948
88	14.3948
89	14.3948
90	14.3948
91	13.7586
92	13.7586
93	13.7586
94	13.7523
95	13.7523
96	13.6962
97	13.6962
98	13.6962
99	13.6962
100	13.6962
101	13.6962
102	13.6962
103	13.6962
104	13.6847
105	13.6847
106	13.6847
107	13.6847
108	13.6208
109	13.6208
110	13.6208
111	13.6021
112	13.6021
113	13.6021
114	13.6021
115	13.6021
116	13.6021
117	13.6021
118	13.6021
119	13.6021
120	13.6021
121	13.6021
122	13.6021
123	13.4935
124	13.4935
125	13.4935
126	13.4935
127	13.4935
128	13.4935
129	13.4935
130	13.4935
131	13.4935
132	13.4935
133	13.4935
134	13.4935
135	13.4935
136	13.4935
137	13.4935
138	13.4935
139	13.4935
140	13.4935
141	13.3456
142	13.1078
143	13.1078
144	13.1078
145	13.1078
146	13.1647
147	13.1078
148	13.1078
149	13.1078
150	13.1078
151	13.1078
152	13.1078
153	13.1078
154	13.1078
155	13.1078
156	13.1078
157	13.1078
158	13.1078
159	13.071
160	13.071
161	13.071
162	13.071
163	13.071
164	13.071
165	13.071
166	13.071
167	13.071
168	13.071
169	13.071
170	13.071
171	13.071
172	13.071
173	12.8562
174	12.8562
175	12.8562
176	12.8562
177	12.8562
178	12.8562
179	12.8562
180	12.8562
181	12.8562
182	12.8562
183	12.8562
184	12.8562
185	12.8562
186	12.8562
187	12.8562
188	12.8562
189	12.8562
190	12.8562
191	12.8562
192	12.8562
193	12.8562
194	12.8562
195	12.8562
196	12.8562
197	12.8562
198	12.8562
199	12.8562
200	12.6426
201	12.6426
202	12.6426
203	12.6426
204	12.7134
205	12.7134
206	12.6426
207	12.6426
208	12.5286
209	12.2955
210	12.2955
211	12.2955
212	12.1107
213	12.1107
214	12.1107
215	12.1107
216	12.1107
217	11.9142
218	11.9142
219	11.9142
220	11.853
221	11.853
222	11.853
223	11.853
224	11.853
225	11.853
226	11.853
227	11.853
228	11.853
229	11.853
230	11.853
231	11.853
232	11.853
233	11.853
234	11.853
235	11.853
236	11.853
237	11.853
238	11.853
239	11.853
240	11.853
241	11.853
242	11.853
243	11.853
244	11.853
245	11.853
246	11.853
247	11.853
248	11.853
249	11.853
250	11.853
251	11.853
252	11.853
253	11.853
254	11.853
255	11.853
256	11.853
257	11.853
258	11.853
259	11.853
260	11.853
261	11.853
262	11.853
263	11.853
264	11.853
265	11.853
266	11.853
267	11.853
268	11.853
269	11.853
270	11.853
271	11.853
272	11.853
273	11.853
274	11.853
275	11.853
276	11.853
277	11.853
278	11.853
279	11.853
280	11.853
281	11.853
282	11.853
283	11.853
284	11.644
285	11.644
286	11.644
287	11.6408
288	11.4628
289	11.1719
290	11.1719
291	11.1719
292	11.1686
293	11.1686
294	10.9553
295	10.9553
296	10.9002
297	10.9002
298	10.9002
299	10.9002
300	10.9002
301	10.9002
302	10.9002
303	10.6451
304	10.6451
305	10.636
306	10.636
307	10.636
308	10.5736
309	10.5736
310	10.5736
311	10.5736
312	10.5736
313	10.5576
314	10.4953
315	10.4953
316	10.4953
317	10.4953
318	10.3724
319	10.3724
320	10.3724
321	10.3724
322	10.3724
323	10.3724
324	10.3724
325	10.3724
326	10.3724
327	10.3724
328	10.3724
329	10.3724
330	10.3724
331	10.3724
332	10.3724
333	10.3724
334	10.3724
335	10.3724
336	10.3724
337	10.3724
338	10.3724
339	10.3724
340	10.3724
341	10.3724
342	10.3724
343	10.3724
344	10.3724
345	10.3724
346	10.3724
347	10.3724
348	10.3724
349	10.3724
350	10.3724
351	10.3724
352	10.3724
353	10.3724
354	10.3724
355	10.3724
356	10.3724
357	10.3724
358	10.3724
359	10.3724
360	10.3724
361	10.3724
362	10.3724
363	10.3724
364	10.3724
365	10.3724
366	10.3724
367	10.3724
368	10.3724
369	10.3724
370	10.3724
371	10.3724
372	10.3724
373	10.3724
374	10.3724
375	10.3724
376	10.3724
377	10.3724
378	10.3724
379	10.3724
380	10.3724
381	10.3724
382	10.3724
383	10.3724
384	10.3724
385	10.3724
386	10.3724
387	10.3724
388	10.3724
389	10.3724
390	10.3724
391	10.3724
392	10.3724
393	10.3724
394	10.3724
395	10.3724
396	10.3724
397	10.3724
398	10.3724
399	10.3724
400	10.3724
401	10.3724
402	10.3724
403	10.3724
404	10.3724
405	10.3724
406	10.3724
407	10.3724
408	10.3724
409	10.3724
410	10.3724
411	10.3724
412	10.3724
413	10.3724
414	10.3724
415	10.336
416	10.336
417	10.336
418	10.336
419	10.336
420	10.336
421	10.336
422	10.336
423	10.336
424	10.336
425	10.336
426	10.336
427	10.336
428	10.336
429	10.336
430	10.336
431	10.336
432	10.336
433	10.336
434	10.336
435	10.336
436	10.336
437	10.336
438	10.336
439	10.336
440	10.336
441	10.336
442	10.336
443	10.336
444	10.336
445	10.336
446	10.336
447	10.336
448	10.336
449	10.336
450	10.336
451	10.336
452	10.336
453	10.336
454	10.336
455	10.336
456	10.336
457	10.336
458	10.336
459	10.336
460	10.336
461	10.336
462	10.336
463	10.336
464	10.336
465	10.336
466	10.336
467	10.336
468	10.336
469	10.336
470	10.336
471	10.336
472	10.336
473	10.336
474	10.336
475	10.336
476	10.336
477	10.336
478	10.336
479	10.336
480	10.336
481	10.336
482	10.336
483	10.336
484	10.336
485	10.336
486	10.336
487	10.336
488	10.336
489	10.336
490	10.3283
491	10.3283
492	10.3283
493	10.3283
494	10.3283
495	10.3283
496	10.3283
497	10.3283
498	10.3283
499	10.3283
500	10.3283
501	10.3283
502	10.3283
503	10.3283
504	10.3283
505	10.3283
506	10.3283
507	10.3283
508	10.3283
509	10.3283
510	10.3283
511	10.3283
512	9.9115
513	9.9115
514	9.9115
515	9.9115
516	9.9115
517	9.9115
518	9.9115
519	9.9115
520	9.9115
521	9.9115
522	9.9115
523	9.9115
524	9.9115
525	9.9115
526	9.9115
527	9.9115
528	9.9115
529	9.9115
530	9.9115
531	9.9115
532	9.9115
533	9.9115
534	9.9115
535	9.9115
536	9.9115
537	9.9115
538	9.9115
539	9.9115
540	9.9115
541	9.9115
542	9.9115
543	9.9115
544	9.9115
545	9.9115
546	9.9115
547	9.9115
548	9.9115
549	9.9115
550	9.9115
551	9.9115
552	9.9115
553	9.9115
554	9.9115
555	9.9115
556	9.9115
557	9.9115
558	9.9115
559	9.9115
560	9.9115
561	9.9115
562	9.9115
563	9.9115
564	9.9115
565	9.9115
566	9.9115
567	9.9115
568	9.9115
569	9.9115
570	9.9115
571	9.9115
572	9.9115
573	9.9115
574	9.9115
575	9.9115
576	9.9115
577	9.9115
578	9.9115
579	9.9115
580	9.9115
581	9.9115
582	9.9115
583	9.9115
584	9.9115
585	9.9115
586	9.9115
587	9.9115
588	9.9115
589	9.9115
590	9.9115
591	9.9115
592	9.9115
593	9.9115
594	9.9115
595	9.9115
596	9.9115
597	9.9115
598	9.9115
599	9.9115
600	9.9115
601	9.9115
602	9.9115
603	9.9115
604	9.9115
605	9.9115
606	9.9115
607	9.9115
608	9.9115
609	9.9115
610	9.9115
611	9.9115
612	9.9115
613	9.9115
614	9.9115
615	9.9115
616	9.9115
617	9.9115
618	9.9115
619	9.9115
620	9.9115
621	9.9115
622	9.9115
623	9.9115
624	9.9115
625	9.9115
626	9.9115
627	9.9115
628	9.9115
629	9.9115
630	9.9115
631	9.9115
632	9.9115
633	9.9115
634	9.9115
635	9.9115
636	9.9115
637	9.9115
638	9.9115
639	9.9115
640	9.9115
641	9.9115
642	9.9115
643	9.9115
644	9.9115
645	9.9115
646	9.9115
647	9.9115
648	9.9115
649	9.88847
650	9.88847
651	9.88847
652	9.88847
653	9.72786
654	9.72786
655	9.72786
656	9.72786
657	9.72786
658	9.72786
659	9.72786
660	9.72786
661	9.72786
662	9.72786
663	9.72786
664	9.72786
665	9.72786
666	9.72786
667	9.72786
668	9.72786
669	9.72786
670	9.72786
671	9.72786
672	9.72786
673	9.72786
674	9.72786
675	9.72786
676	9.72786
677	9.72786
678	9.72786
679	9.72786
680	9.72786
681	9.72786
682	9.72786
683	9.72786
684	9.72786
685	9.72786
686	9.72786
687	9.72786
688	9.72786
689	9.72786
690	9.72786
691	9.72786
692	9.72786
693	9.76561
694	9.72786
695	9.72786
696	9.72786
697	9.72786
698	9.72786
699	9.72786
700	9.72786
701	9.72786
702	9.72786
703	9.72786
704	9.72786
705	9.72786
706	9.72786
707	9.72786
708	9.72786
709	9.72786
710	9.72786
711	9.72786
712	9.72786
713	9.72786
714	9.72786
715	9.72786
716	9.72786
717	9.72786
718	9.72786
719	9.72786
720	9.72786
721	9.72786
722	9.72786
723	9.72786
724	9.72786
725	9.72786
726	9.72786
727	9.72786
728	9.72786
729	9.72786
730	9.72786
731	9.72786
732	9.72786
733	9.72786
734	9.72786
735	9.72786
736	9.72786
737	9.72786
738	9.72786
739	9.72786
740	9.72786
741	9.72786
742	9.72786
743	9.72786
744	9.72786
745	9.72786
746	9.72786
747	9.72786
748	9.72786
749	9.72786
750	9.72786
751	9.72786
752	9.72786
753	9.72786
754	9.72786
755	9.72786
756	9.72786
757	9.72786
758	9.72786
759	9.72786
760	9.72786
761	9.72786
762	9.72786
763	9.72786
764	9.72786
765	9.72786
766	9.72786
767	9.72786
768	9.72786
769	9.72786
770	9.72786
771	9.72786
772	9.72786
773	9.72786
774	9.72786
775	9.72786
776	9.72786
777	9.72786
778	9.72786
779	9.72786
780	9.72786
781	9.72786
782	9.72786
783	9.72786
784	9.72786
785	9.72786
786	9.72786
787	9.72786
788	9.72786
789	9.72786
790	9.72786
791	9.72786
792	9.72786
793	9.72786
794	9.72786
795	9.72786
796	9.72786
797	9.72786
798	9.72786
799	9.72786
800	9.72786
801	9.72786
802	9.72786
803	9.72786
804	9.72786
805	9.72786
806	9.72786
807	9.72786
808	9.72786
809	9.72786
810	9.72786
811	9.72786
812	9.72786
813	9.72786
814	9.72786
815	9.72786
816	9.72786
817	9.72786
818	9.72786
819	9.72786
820	9.72786
821	9.72786
822	9.72786
823	9.72786
824	9.72786
825	9.72786
826	9.72786
827	9.72786
828	9.72786
829	9.72786
830	9.72786
831	9.72786
832	9.72786
833	9.72786
834	9.72786
835	9.72786
836	9.72786
837	9.72786
838	9.72786
839	9.72786
840	9.72786
841	9.72786
842	9.72786
843	9.72786
844	9.72786
845	9.72786
846	9.72786
847	9.72786
848	9.72786
849	9.72786
850	9.72786
851	9.72786
852	9.72786
853	9.72786
854	9.72786
855	9.72786
856	9.72786
857	9.72786
858	9.72786
859	9.72786
860	9.72786
861	9.72786
862	9.72786
863	9.72786
864	9.72786
865	9.72786
866	9.72786
867	9.72786
868	9.72786
869	9.72786
870	9.72786
871	9.72786
872	9.72786
873	9.72786
874	9.72786
875	9.72786
876	9.72786
877	9.72786
878	9.72786
879	9.72786
880	9.72786
881	9.72786
882	9.72786
883	9.72786
884	9.72786
885	9.72786
886	9.72786
887	9.72786
888	9.72786
889	9.72786
890	9.72786
891	9.72786
892	9.72786
893	9.72786
894	9.72786
895	9.72786
896	9.72786
897	9.82793
898	9.72786
899	9.72786
900	9.72786
901	9.72786
902	9.72786
903	9.72786
904	9.72786
905	9.72786
906	9.72786
907	9.72786
908	9.72786
909	9.72786
910	9.72786
911	9.72786
912	9.72786
913	9.72786
914	9.72786
915	9.72786
916	9.72786
917	9.72786
918	9.72786
919	9.72786
920	9.72786
921	9.72786
922	9.72786
923	9.72786
924	9.72786
925	9.72786
926	9.72786
927	9.72786
928	9.72786
929	9.72786
930	9.72786
931	9.72786
932	9.72786
933	9.72786
934	9.72786
935	9.72786
936	9.72786
937	9.72786
938	10.0134
939	10.0134
940	10.0134
941	9.72786
942	9.72786
943	9.72786
944	9.72786
945	9.72786
946	9.72786
947	9.72786
948	9.72786
949	9.72786
950	9.72786
951	9.72786
952	9.72786
953	9.72786
954	9.72786
955	9.72786
956	9.72786
957	9.72786
958	9.72786
959	9.72786
960	9.72786
961	9.72786
962	9.72786
963	9.72786
964	9.72786
965	9.72786
966	9.72786
967	9.72786
968	9.72786
969	9.72786
970	9.72786
971	9.72786
972	9.72786
973	9.72786
974	9.72786
975	9.72786
976	9.72786
977	9.72786
978	9.72786
979	9.53672
980	9.75825
981	9.75825
982	9.53672
983	9.53672
984	9.53672
985	9.53672
986	9.53672
987	9.53672
988	9.53672
989	9.53672
990	9.53672
991	9.53672
992	9.53672
993	9.53672
994	9.53672
995	9.53672
996	9.53672
997	9.53672
998	9.53672
999	9.53672
1000	9.53672
1001	9.53672
1002	9.53672
1003	9.53672
1004	9.53672
1005	9.53672
1006	9.53672
1007	9.53672
1008	9.53672
1009	9.53672
1010	10.0109
1011	9.73787
1012	9.57867
1013	9.57867
1014	9.53672
1015	9.53672
1016	9.53672
1017	9.53672
1018	9.53672
1019	9.53672
1020	9.55319
1021	9.53672
1022	9.53672
1023	9.53672
1024	9.53672
1025	9.53672
1026	9.53672
1027	9.53672
1028	9.53672
1029	9.53672
1030	9.53672
1031	9.53672
1032	9.53672
1033	9.53672
1034	9.53672
1035	9.53672
1036	9.53672
1037	9.53672
1038	9.53672
1039	9.53672
1040	9.53672
1041	9.53672
1042	9.53672
1043	9.53672
1044	9.53672
1045	9.53672
1046	9.53672
1047	9.53672
1048	9.53672
1049	9.53672
1050	9.53672
1051	9.53672
1052	9.53672
1053	9.53672
1054	9.53672
1055	9.53672
1056	9.53672
1057	9.53672
1058	9.53672
1059	9.53672
1060	9.53672
1061	9.53672
1062	9.53672
1063	9.53672
1064	9.53672
1065	9.53672
1066	9.53672
1067	9.53672
1068	9.53672
1069	9.53672
1070	9.53672
1071	9.53672
1072	9.53672
1073	9.53672
1074	9.53672
1075	9.53672
1076	9.53672
1077	9.53672
1078	9.53672
1079	9.53672
1080	9.53672
1081	9.53672
1082	9.53672
1083	9.53672
1084	9.53672
1085	9.53672
1086	9.53672
1087	9.53672
1088	9.53672
1089	9.53672
1090	9.53672
1091	9.53672
1092	9.53672
1093	9.53672
1094	9.53672
1095	9.53672
1096	9.53672
1097	9.54816
1098	9.53672
1099	9.53672
1100	9.53672
1101	9.53672
1102	9.53672
1103	9.53672
1104	9.53672
1105	9.53672
1106	9.53672
1107	9.53672
1108	9.53672
1109	9.53672
1110	9.53672
1111	9.59904
1112	9.53672
1113	9.53672
1114	9.53672
1115	9.53672
1116	9.53672
1117	9.53672
1118	9.53672
1119	9.53672
1120	9.53672
1121	9.53672
1122	9.53672
1123	9.53672
1124	9.53672
1125	9.53672
1126	9.53672
1127	9.53672
1128	9.53672
1129	9.53672
1130	9.53672
1131	9.53672
1132	9.53672
1133	9.53672
1134	9.53672
1135	9.53672
1136	9.53672
1137	9.53672
1138	9.53672
1139	9.53672
1140	9.53672
1141	9.53672
1142	9.53672
1143	9.53672
1144	9.53672
1145	9.53672
1146	9.53672
1147	9.53672
1148	9.53672
1149	9.53672
1150	9.53672
1151	9.53672
1152	9.53672
1153	9.53672
1154	9.53672
1155	9.53672
1156	9.53672
1157	9.53672
1158	9.53672
1159	9.53672
1160	9.53672
1161	9.53672
1162	9.53672
1163	9.53672
1164	9.53672
1165	9.53672
1166	9.53672
1167	9.53672
1168	9.53672
1169	9.53672
1170	9.53672
1171	9.53672
1172	9.53672
1173	9.53672
1174	9.53672
1175	9.53672
1176	9.53672
1177	9.53672
1178	9.53672
1179	9.53672
1180	9.53672
1181	9.53672
1182	9.53672
1183	9.53672
1184	9.53672
1185	9.53672
1186	9.53672
1187	9.53672
1188	9.53672
1189	9.53672
1190	9.53672
1191	9.53672
1192	9.53672
1193	9.53672
1194	9.30914
1195	9.30914
1196	9.30914
1197	9.30914
1198	9.30914
1199	9.30914
1200	9.30914
1201	9.30914
1202	9.30914
1203	9.30914
1204	9.30914
1205	9.30914
1206	9.30914
1207	9.30914
1208	9.30914
1209	9.30914
1210	9.30914
1211	9.30914
1212	9.30914
1213	9.30914
1214	9.30914
1215	9.30914
1216	9.30914
1217	9.30914
1218	9.30914
1219	9.30914
1220	9.29795
1221	9.29795
1222	9.29795
1223	9.29795
1224	9.29795
1225	9.29795
1226	9.29795
1227	9.59295
1228	9.29795
1229	9.29795
1230	9.29795
1231	9.29795
1232	9.29795
1233	9.29795
1234	9.29795
1235	9.29795
1236	9.29795
1237	9.29795
1238	9.29795
1239	9.29795
1240	9.29795
1241	9.29795
1242	9.29795
1243	9.29795
1244	9.29795
1245	9.29795
1246	9.29795
1247	9.29795
1248	9.29795
1249	9.29795
1250	9.29795
1251	9.29795
1252	9.29795
1253	9.29795
1254	9.29795
1255	9.29795
1256	9.29795
1257	9.29795
1258	9.29795
1259	9.29795
1260	9.29795
1261	9.29795
1262	9.29795
1263	9.29795
1264	9.29795
1265	9.29795
1266	9.29795
1267	9.29795
1268	9.29795
1269	9.29795
1270	9.29795
1271	9.29795
1272	9.29795
1273	9.29795
1274	9.29795
1275	9.29795
1276	9.29795
1277	9.29795
1278	9.29795
1279	9.29795
1280	9.29795
1281	9.29795
1282	9.29795
1283	9.29795
1284	9.29795
1285	9.29795
1286	9.29795
1287	9.29795
1288	9.29795
1289	9.29795
1290	9.29795
1291	9.29795
1292	9.29795
1293	9.29795
1294	9.29795
1295	9.29795
1296	9.29795
1297	9.29795
1298	9.29795
1299	9.29795
1300	9.29795
1301	9.29795
1302	9.29795
1303	9.29795
1304	9.29795
1305	9.29795
1306	9.29795
1307	9.29795
1308	9.29795
1309	9.29795
1310	9.29795
1311	9.29795
1312	9.29795
1313	9.29795
1314	9.29795
1315	9.29795
1316	9.29795
1317	9.29795
1318	9.29795
1319	9.29795
1320	9.29795
1321	9.29795
1322	9.29795
1323	9.29795
1324	9.29795
1325	9.29795
1326	9.29795
1327	9.29795
1328	9.29795
1329	9.29795
1330	9.29795
1331	9.29795
1332	9.29795
1333	9.29795
1334	9.29795
1335	9.29795
1336	9.29795
1337	9.29795
1338	9.29795
1339	9.29795
1340	9.29795
1341	9.29795
1342	9.29795
1343	9.29795
1344	9.29795
1345	9.29795
1346	9.29795
1347	9.29795
1348	9.29795
1349	9.29795
1350	9.29795
1351	9.29795
1352	9.29795
1353	9.29795
1354	9.29795
1355	9.29795
1356	9.29795
1357	9.29795
1358	9.29795
1359	9.29795
1360	9.29795
1361	9.29795
1362	9.29795
1363	9.29795
1364	9.29795
1365	9.29795
1366	9.29795
1367	9.29795
1368	9.29795
1369	9.29795
1370	9.29795
1371	9.29795
1372	9.29795
1373	9.29795
1374	9.29795
1375	9.29795
1376	9.29795
1377	9.29795
1378	9.29795
1379	9.29795
1380	9.29795
1381	9.29795
1382	9.29795
1383	9.29795
1384	9.29795
1385	9.29795
1386	9.29795
1387	9.29795
1388	9.29795
1389	9.29795
1390	9.29795
1391	9.29795
1392	9.29795
1393	9.29795
1394	9.29795
1395	9.29795
1396	9.29795
1397	9.29795
1398	9.29795
1399	9.29795
1400	9.29795
1401	9.29795
1402	9.29795
1403	9.29795
1404	9.29795
1405	9.29795
1406	9.29795
1407	9.29795
1408	9.29795
1409	9.29795
1410	9.29795
1411	9.29795
1412	9.29795
1413	9.29795
1414	9.29795
1415	9.29795
1416	9.80165
1417	9.29795
1418	9.29795
1419	9.30344
1420	9.30344
1421	9.29795
1422	9.29795
1423	9.29795
1424	9.29795
1425	9.29795
1426	9.29795
1427	9.29795
1428	9.29795
1429	9.29795
1430	9.29795
1431	9.29795
1432	9.29795
1433	9.29795
1434	9.29795
1435	9.45857
1436	9.29795
1437	9.29795
1438	9.29795
1439	9.29795
1440	9.29795
1441	9.29795
1442	9.29795
1443	9.29795
1444	9.29795
1445	9.29795
1446	9.29795
1447	9.29795
1448	9.29795
1449	9.29795
1450	9.29795
1451	9.29795
1452	9.29795
1453	9.29795
1454	9.29795
1455	9.29795
1456	9.29795
1457	9.29795
1458	9.29795
1459	9.29795
1460	9.29795
1461	9.29795
1462	9.29795
1463	9.29795
1464	9.29795
1465	9.29795
1466	9.29795
1467	9.29795
1468	9.29795
1469	9.29795
1470	9.67915
1471	9.67915
1472	9.67915
1473	9.67915
1474	9.62408
1475	9.62408
1476	9.62408
1477	9.62408
1478	9.62408
1479	9.62408
1480	9.62408
1481	9.62408
1482	9.62408
1483	9.62408
1484	9.62408
1485	9.62408
1486	9.62408
1487	9.62408
1488	9.62408
1489	9.62408
1490	9.62408
1491	9.62408
1492	9.62408
1493	9.62408
1494	9.62408
1495	9.62408
1496	9.62408
1497	9.62408
1498	9.62408
1499	9.62408
1500	9.62408
1501	9.30344
1502	9.30344
1503	9.30344
1504	9.30344
1505	9.30344
1506	9.30344
1507	9.30344
1508	9.30344
1509	9.29795
1510	9.29795
1511	9.29795
1512	9.29795
1513	9.29795
1514	9.29795
1515	9.29795
1516	9.29795
1517	9.29795
1518	9.29795
1519	9.29795
1520	9.29795
1521	9.29795
1522	9.29795
1523	9.29795
1524	9.29795
1525	9.29795
1526	9.29795
1527	9.29795
1528	9.29795
1529	9.29795
1530	9.29795
1531	9.29795
1532	9.29795
1533	9.29795
1534	9.29795
1535	9.29795
1536	9.29795
1537	9.29795
1538	9.29795
1539	9.29795
1540	9.29795
1541	9.29795
1542	9.29795
1543	9.29795
1544	9.29795
1545	9.29795
1546	9.29795
1547	9.29795
1548	9.29795
1549	9.29795
1550	9.29795
1551	9.29795
1552	9.29795
1553	9.29795
1554	9.29795
1555	9.29795
1556	9.29795
1557	9.29795
1558	9.29795
1559	9.29795
1560	9.29795
1561	9.29795
1562	9.29795
1563	9.29795
1564	9.29795
1565	9.29795
1566	9.29795
1567	9.29795
1568	9.29795
1569	9.29795
1570	9.29795
1571	9.29795
1572	9.29795
1573	9.29795
1574	9.29795
1575	9.29795
1576	9.29795
1577	9.29795
1578	9.29795
1579	9.29795
1580	9.29795
1581	9.29795
1582	9.29795
1583	9.29795
1584	9.29795
1585	9.29795
1586	9.29795
1587	9.29795
1588	9.29795
1589	9.29795
1590	9.29795
1591	9.29795
1592	9.29795
1593	9.29795
1594	9.29795
1595	9.29795
1596	9.29795
1597	9.29795
1598	9.29795
1599	9.29795
1600	9.29795
1601	9.29795
1602	9.29795
1603	9.29795
1604	9.29795
1605	9.29795
1606	9.29795
1607	9.29795
1608	9.29795
1609	9.29795
1610	9.29795
1611	9.29795
1612	9.29795
1613	9.29795
1614	9.29795
1615	9.29795
1616	9.29795
1617	9.29795
1618	9.29795
1619	9.29795
1620	9.29795
1621	9.29795
1622	9.29795
1623	9.29795
1624	9.29795
1625	9.29795
1626	9.29795
1627	9.29795
1628	9.29795
1629	9.29795
1630	9.29795
1631	9.29795
1632	9.29795
1633	9.29795
1634	9.29795
1635	9.29795
1636	9.29795
1637	9.29795
1638	9.29795
1639	9.29795
1640	9.29795
1641	9.29795
1642	9.29795
1643	9.29795
1644	9.29795
1645	9.29795
1646	9.29795
1647	9.29795
1648	9.29795
1649	9.29795
1650	9.29795
1651	9.29795
1652	9.29795
1653	9.29795
1654	9.29795
1655	9.29795
1656	9.29795
1657	9.29795
1658	9.29795
1659	9.29795
1660	9.29795
1661	9.29795
1662	9.29795
1663	9.29795
1664	9.29795
1665	9.29795
1666	9.29795
1667	9.29795
1668	9.29795
1669	9.29795
1670	9.45459
1671	9.29795
1672	9.29795
1673	9.29795
1674	9.29795
1675	9.29795
1676	9.29795
1677	9.29795
1678	9.29795
1679	9.29795
1680	9.29795
1681	9.29795
1682	9.29795
1683	9.29795
1684	9.29795
1685	9.29795
1686	9.29795
1687	9.29795
1688	9.29795
1689	9.29795
1690	9.29795
1691	9.29795
1692	9.29795
1693	9.29795
1694	9.29795
1695	9.29795
1696	9.29795
1697	9.29795
1698	9.31442
1699	9.29795
1700	9.29795
1701	9.29795
1702	9.29795
1703	9.60942
1704	9.31442
1705	9.29795
1706	9.29795
1707	9.29795
1708	9.29795
1709	9.29795
1710	9.29795
1711	9.29795
1712	9.29795
1713	9.29795
1714	9.29795
1715	9.29795
1716	9.29795
1717	9.29795
1718	9.29795
1719	9.29795
1720	9.29795
1721	9.29795
1722	9.29795
1723	9.29795
1724	9.29795
1725	9.29795
1726	9.29795
1727	9.29795
1728	9.29795
1729	9.29795
1730	9.29795
1731	9.29795
1732	9.29795
1733	9.29795
1734	9.29795
1735	9.29795
1736	9.29795
1737	9.29795
1738	9.29795
1739	9.29795
1740	9.29795
1741	9.29795
1742	9.65674
1743	9.65674
1744	9.29795
1745	9.29795
1746	9.29795
1747	9.29795
1748	9.29795
1749	9.29795
1750	9.29795
1751	9.29795
1752	9.29795
1753	9.29795
1754	9.29795
1755	9.29795
1756	9.29795
1757	9.29795
1758	9.29795
1759	9.29795
1760	9.29795
1761	9.29795
1762	9.29795
1763	9.29795
1764	9.29795
1765	9.45857
1766	9.29795
1767	9.29795
1768	9.29795
1769	9.29795
1770	9.29795
1771	9.29795
1772	9.29795
1773	9.29795
1774	9.29795
1775	9.29795
1776	9.29795
1777	9.29795
1778	9.29795
1779	9.29795
1780	9.29795
1781	9.29795
1782	9.29795
1783	9.29795
1784	9.29795
1785	9.29795
1786	9.29795
1787	9.29795
1788	9.29795
1789	9.29795
1790	9.29795
1791	9.29795
1792	9.29795
1793	9.29795
1794	9.29795
1795	9.29795
1796	9.29795
1797	9.29795
1798	9.29795
1799	9.29795
1800	9.29795
1801	9.29795
1802	9.29795
1803	9.29795
1804	9.29795
1805	9.29795
1806	9.29795
1807	9.29795
1808	9.29795
1809	9.29795
1810	9.29795
1811	9.29795
1812	9.29795
1813	9.29795
1814	9.29795
1815	9.29795
1816	9.29795
1817	9.29795
1818	9.29795
1819	9.29795
1820	9.29795
1821	9.29795
1822	9.29795
1823	9.29795
1824	9.29795
1825	9.29795
1826	9.29795
1827	9.29795
1828	9.29795
1829	9.29795
1830	9.29795
1831	9.29795
1832	9.29795
1833	9.29795
1834	9.29795
1835	9.29795
1836	9.29795
1837	9.29795
1838	9.29795
1839	9.29795
1840	9.29795
1841	9.29795
1842	9.29795
1843	9.29795
1844	9.29795
1845	9.29795
1846	9.29795
1847	9.29795
1848	9.29795
1849	9.29795
1850	9.29795
1851	9.29795
1852	9.29795
1853	9.29795
1854	9.29795
1855	9.29795
1856	9.29795
1857	9.29795
1858	9.29795
1859	9.29795
1860	9.29795
1861	9.29795
1862	9.29795
1863	9.29795
1864	9.29795
1865	9.29795
1866	9.29795
1867	9.29795
1868	9.29795
1869	9.29795
1870	9.29795
1871	9.29795
1872	9.29795
1873	9.29795
1874	9.29795
1875	9.29795
1876	9.29795
1877	9.29795
1878	9.29795
1879	9.29795
1880	9.29795
1881	9.29795
1882	9.29795
1883	9.29795
1884	9.29795
1885	9.29795
1886	9.29795
1887	9.29795
1888	9.29795
1889	9.29795
1890	9.29795
1891	9.29795
1892	9.29795
1893	9.29795
1894	9.29795
1895	9.29795
1896	9.29795
1897	9.29795
1898	9.29795
1899	9.29795
1900	9.29795
1901	9.29795
1902	9.29795
1903	9.29795
1904	9.29795
1905	9.29795
1906	9.29795
1907	9.29795
1908	9.29795
1909	9.29795
1910	9.29795
1911	9.29795
1912	9.29795
1913	9.29795
1914	9.29795
1915	9.29795
1916	9.29795
1917	9.29795
1918	9.29795
1919	9.29795
1920	9.29795
1921	9.29795
1922	9.29795
1923	9.29795
1924	9.29795
1925	9.29795
1926	9.29795
1927	9.29795
1928	9.29795
1929	9.29795
1930	9.29795
1931	9.53079
1932	9.29795
1933	9.29795
1934	9.29795
1935	9.29795
1936	9.29795
1937	9.29795
1938	9.29795
1939	9.29795
1940	9.29795
1941	9.29795
1942	9.29795
1943	9.29795
1944	9.29795
1945	9.29795
1946	9.29795
1947	9.29795
1948	9.29795
1949	9.29795
1950	9.29795
1951	9.29795
1952	9.29795
1953	9.29795
1954	9.29795
1955	9.29795
1956	9.29795
1957	9.29795
1958	9.29795
1959	9.29795
1960	9.29795
1961	9.29795
1962	9.29795
1963	9.29795
1964	9.29795
1965	9.29795
1966	9.29795
1967	9.29795
1968	9.29795
1969	9.29795
1970	9.29795
1971	9.29795
1972	9.29795
1973	9.29795
1974	9.29795
1975	9.29795
1976	9.29795
1977	9.29795
1978	9.29795
1979	9.29795
1980	9.29795
1981	9.29795
1982	9.29795
1983	9.29795
1984	9.29795
1985	9.29795
1986	9.29795
1987	9.29795
1988	9.29795
1989	9.29795
1990	9.29795
1991	9.29795
1992	9.29795
1993	9.29795
1994	9.29795
1995	9.29795
1996	9.29795
1997	9.29795
1998	9.29795
1999	9.29795
2000	9.29795
2001	9.29795
2002	9.29795
2003	9.29795
2004	9.29795
2005	9.29795
2006	9.29795
2007	9.29795
2008	9.29795
2009	9.29795
2010	9.29795
2011	9.57867
2012	9.29795
2013	9.29795
2014	9.29795
2015	9.29795
2016	9.29795
2017	9.29795
2018	9.29795
2019	9.29795
2020	9.29795
2021	9.29795
2022	9.29795
2023	9.29795
2024	9.29795
2025	9.29795
2026	9.29795
2027	9.29795
2028	9.29795
2029	9.29795
2030	9.29795
2031	9.29795
2032	9.29795
2033	9.29795
2034	9.29795
2035	9.29795
2036	9.29795
2037	9.29795
2038	9.29795
2039	9.29795
2040	9.29795
2041	9.29795
2042	9.29795
2043	9.29795
2044	9.29795
2045	9.29795
2046	9.29795
2047	9.29795
2048	9.29795
2049	9.29795
2050	9.29795
2051	9.29795
2052	9.29795
2053	9.29795
2054	9.29795
2055	9.29795
2056	9.29795
2057	9.29795
2058	9.29795
2059	9.29795
2060	9.29795
2061	9.29795
2062	9.29795
2063	9.29795
2064	9.29795
2065	9.29795
2066	9.29795
2067	9.29795
2068	9.29795
2069	9.29795
2070	9.29795
2071	9.29795
2072	9.29795
2073	9.29795
2074	9.29795
2075	9.29795
2076	9.29795
2077	9.29795
2078	9.29795
2079	9.29795
2080	9.29795
2081	9.29795
2082	9.29795
2083	9.29795
2084	9.29795
2085	9.29795
2086	9.29795
2087	9.29795
2088	9.29795
2089	9.29795
2090	9.29795
2091	9.29795
2092	9.29795
2093	9.29795
2094	9.29795
2095	9.29795
2096	9.29795
2097	9.29795
2098	9.29795
2099	9.29795
2100	9.29795
2101	9.29795
2102	9.29795
2103	9.29795
2104	9.30344
2105	9.29795
2106	9.29795
2107	9.29795
2108	9.29795
2109	9.29795
2110	9.29795
2111	9.29795
2112	9.29795
2113	9.29795
2114	9.29795
2115	9.29795
2116	9.29795
2117	9.29795
2118	9.29795
2119	9.29795
2120	9.29795
2121	9.29795
2122	9.29795
2123	9.29795
2124	9.29795
2125	9.29795
2126	9.29795
2127	9.29795
2128	9.29795
2129	9.29795
2130	9.29795
2131	9.29795
2132	9.29795
2133	9.29795
2134	9.29795
2135	9.29795
2136	9.29795
2137	9.29795
2138	9.29795
2139	9.29795
2140	9.29795
2141	9.29795
2142	9.29795
2143	9.29795
2144	9.29795
2145	9.29795
2146	9.29795
2147	9.29795
2148	9.29795
2149	9.29795
2150	9.29795
2151	9.29795
2152	9.29795
2153	9.29795
2154	9.29795
2155	9.29795
2156	9.29795
2157	9.29795
2158	9.29795
2159	9.29795
2160	9.29795
2161	9.29795
2162	9.29795
2163	9.29795
2164	9.29795
2165	9.29795
2166	9.29795
2167	9.29795
2168	9.29795
2169	9.29795
2170	9.29795
2171	9.29795
2172	9.29795
2173	9.29795
2174	9.29795
2175	9.29795
2176	9.29795
2177	9.29795
2178	9.29795
2179	9.29795
2180	9.29795
2181	9.29795
2182	9.45715
2183	9.29795
2184	9.31442
2185	9.29795
2186	9.29795
2187	9.29795
2188	9.29795
2189	9.29795
2190	9.29795
2191	9.29795
2192	9.29795
2193	9.29795
2194	9.29795
2195	9.29795
2196	9.55015
2197	9.29795
2198	9.29795
2199	9.29795
2200	9.29795
2201	9.29795
2202	9.29795
2203	9.29795
2204	9.29795
2205	9.29795
2206	9.29795
2207	9.29795
2208	9.29795
2209	9.55015
2210	9.29795
2211	9.29795
2212	9.29795
2213	9.29795
2214	9.29795
2215	9.29795
2216	9.29795
2217	9.29795
2218	9.29795
2219	9.29795
2220	9.29795
2221	9.29795
2222	9.29795
2223	9.29795
2224	9.29795
2225	9.29795
2226	9.29795
2227	9.29795
2228	9.29795
2229	9.29795
2230	9.29795
2231	9.29795
2232	9.29795
2233	9.29795
2234	9.29795
2235	9.29795
2236	9.29795
2237	9.29795
2238	9.29795
2239	9.29795
2240	9.29795
2241	9.29795
2242	9.29795
2243	9.29795
2244	9.29795
2245	9.29795
2246	9.29795
2247	9.29795
2248	9.29795
2249	9.29795
2250	9.29795
2251	9.29795
2252	9.29795
2253	9.29795
2254	9.29795
2255	9.29795
2256	9.29795
2257	9.29795
2258	9.29795
2259	9.29795
2260	9.29795
2261	9.29795
2262	9.29795
2263	9.29795
2264	9.29795
2265	9.29795
2266	9.29795
2267	9.29795
2268	9.29795
2269	9.29795
2270	9.29795
2271	9.29795
2272	9.29795
2273	9.29795
2274	9.29795
2275	9.29795
2276	9.29795
2277	9.29795
2278	9.29795
2279	9.29795
2280	9.29795
2281	9.29795
2282	9.29795
2283	9.29795
2284	9.29795
2285	9.29795
2286	9.29795
2287	9.29795
2288	9.29795
2289	9.29795
2290	9.29795
2291	9.29795
2292	9.29795
2293	9.29795
2294	9.29795
2295	9.29795
2296	9.29795
2297	9.29795
2298	9.29795
2299	9.29795
2300	9.29795
2301	9.29795
2302	9.29795
2303	9.29795
2304	9.29795
2305	9.29795
2306	9.29795
2307	9.29795
2308	9.29795
2309	9.29795
2310	9.29795
2311	9.29795
2312	9.29795
2313	9.29795
2314	9.29795
2315	9.29795
2316	9.29795
2317	9.29795
2318	9.29795
2319	9.29795
2320	9.29795
2321	9.29795
2322	9.29795
2323	9.29795
2324	9.29795
2325	9.29795
2326	9.29795
2327	9.29795
2328	9.29795
2329	9.29795
2330	9.29795
2331	9.29795
2332	9.29795
2333	9.29795
2334	9.29795
2335	9.29795
2336	9.29795
2337	9.29795
2338	9.29795
2339	9.29795
2340	9.29795
2341	9.29795
2342	9.29795
2343	9.29795
2344	9.29795
2345	9.29795
2346	9.29795
2347	9.29795
2348	9.29795
2349	9.29795
2350	9.29795
2351	9.29795
2352	9.29795
2353	9.29795
2354	9.29795
2355	9.29795
2356	9.29795
2357	9.29795
2358	9.29795
2359	9.29795
2360	9.29795
2361	9.29795
2362	9.29795
2363	9.29795
2364	9.29795
2365	9.29795
2366	9.29795
2367	9.29795
2368	9.29795
2369	9.29795
2370	9.29795
2371	9.29795
2372	9.29795
2373	9.29795
2374	9.29795
2375	9.29795
2376	9.29795
2377	9.29795
2378	9.29795
2379	9.29795
2380	9.29795
2381	9.29795
2382	9.29795
2383	9.29795
2384	9.29795
2385	9.29795
2386	9.29795
2387	9.29795
2388	9.29795
2389	9.29795
2390	9.29795
2391	9.29795
2392	9.29795
2393	9.29795
2394	9.29795
2395	9.29795
2396	9.29795
2397	9.29795
2398	9.29795
2399	9.29795
2400	9.29795
2401	9.29795
2402	9.29795
2403	9.29795
2404	9.29795
2405	9.29795
2406	9.29795
2407	9.29795
2408	9.29795
2409	9.29795
2410	9.29795
2411	9.29795
2412	9.29795
2413	9.29795
2414	9.29795
2415	9.29795
2416	9.29795
2417	9.29795
2418	9.29795
2419	9.29795
2420	9.29795
2421	9.29795
2422	9.29795
2423	9.29795
2424	9.29795
2425	9.29795
2426	9.29795
2427	9.29795
2428	9.29795
2429	9.29795
2430	9.29795
2431	9.29795
2432	9.29795
2433	9.29795
2434	9.29795
2435	9.29795
2436	9.29795
2437	9.29795
2438	9.29795
2439	9.29795
2440	9.29795
2441	9.29795
2442	9.29795
2443	9.29795
2444	9.29795
2445	9.29795
2446	9.29795
2447	9.34035
2448	9.34035
2449	9.29795
2450	9.29795
2451	9.29795
2452	9.29795
2453	9.29795
2454	9.29795
2455	9.29795
2456	9.29795
2457	9.29795
2458	9.29795
2459	9.29795
2460	9.29795
2461	9.29795
2462	9.29795
2463	9.29795
2464	9.29795
2465	9.29795
2466	9.29795
2467	9.29795
2468	9.29795
2469	9.29795
2470	9.29795
2471	9.29795
2472	9.29795
2473	9.29795
2474	9.29795
2475	9.29795
2476	9.29795
2477	9.29795
2478	9.29795
2479	9.29795
2480	9.29795
2481	9.29795
2482	9.29795
2483	9.29795
2484	9.29795
2485	9.29795
2486	9.29795
2487	9.29795
2488	9.29795
2489	9.29795
2490	9.29795
2491	9.29795
2492	9.29795
2493	9.29795
2494	9.29795
2495	9.29795
2496	9.29795
2497	9.29795
2498	9.29795
2499	9.29795
2500	9.29795
2501	9.29795
2502	9.29795
2503	9.29795
2504	9.29795
2505	9.29795
2506	9.29795
2507	9.29795
2508	9.29795
2509	9.29795
2510	9.29795
2511	9.29795
2512	9.29795
2513	9.29795
2514	9.29795
2515	9.29795
2516	9.29795
2517	9.29795
2518	9.29795
2519	9.29795
2520	9.29795
2521	9.29795
2522	9.29795
2523	9.29795
2524	9.29795
2525	9.29795
2526	9.29795
2527	9.29795
2528	9.29795
2529	9.29795
2530	9.29795
2531	9.29795
2532	9.29795
2533	9.29795
2534	9.29795
2535	9.29795
2536	9.29795
2537	9.29795
2538	9.29795
2539	9.29795
2540	9.29795
2541	9.29795
2542	9.29795
2543	9.29795
2544	9.29795
2545	9.29795
2546	9.29795
2547	9.29795
2548	9.29795
2549	9.29795
2550	9.29795
2551	9.29795
2552	9.29795
2553	9.29795
2554	9.29795
2555	9.29795
2556	9.29795
2557	9.29795
2558	9.29795
2559	9.29795
2560	9.29795
2561	9.29795
2562	9.29795
2563	9.29795
2564	9.29795
2565	9.29795
2566	9.29795
2567	9.29795
2568	9.29795
2569	9.29795
2570	9.29795
2571	9.29795
2572	9.29795
2573	9.29795
2574	9.29795
2575	9.29795
2576	9.29795
2577	9.29795
2578	9.29795
2579	9.29795
2580	9.29795
2581	9.29795
2582	9.29795
2583	9.29795
2584	9.29795
2585	9.29795
2586	9.29795
2587	9.29795
2588	9.29795
2589	9.29795
2590	9.29795
2591	9.29795
2592	9.29795
2593	9.29795
2594	9.29795
2595	9.29795
2596	9.29795
2597	9.29795
2598	9.29795
2599	9.29795
2600	9.29795
2601	9.29795
2602	9.29795
2603	9.29795
2604	9.29795
2605	9.41224
2606	9.29795
2607	9.29795
2608	9.29795
2609	9.29795
2610	9.29795
2611	9.29795
2612	9.29795
2613	9.29795
2614	9.29795
2615	9.29795
2616	9.29795
2617	9.29795
2618	9.29795
2619	9.29795
2620	9.29795
2621	9.29795
2622	9.29795
2623	9.29795
2624	9.29795
2625	9.29795
2626	9.29795
2627	9.29795
2628	9.29795
2629	9.29795
2630	9.29795
2631	9.29795
2632	9.29795
2633	9.29795
2634	9.29795
2635	9.29795
2636	9.29795
2637	9.29795
2638	9.29795
2639	9.29795
2640	9.29795
2641	9.29795
2642	9.29795
2643	9.29795
2644	9.29795
2645	9.29795
2646	9.29795
2647	9.29795
2648	9.29795
2649	9.29795
2650	9.29795
2651	9.29795
2652	9.29795
2653	9.29795
2654	9.29795
2655	9.29795
2656	9.29795
2657	9.29795
2658	9.29795
2659	9.29795
2660	9.29795
2661	9.29795
2662	9.29795
2663	9.29795
2664	9.29795
2665	9.29795
2666	9.29795
2667	9.29795
2668	9.29795
2669	9.29795
2670	9.29795
2671	9.29795
2672	9.29795
2673	9.29795
2674	9.29795
2675	9.29795
2676	9.29795
2677	9.29795
2678	9.29795
2679	9.29795
2680	9.29795
2681	9.29795
2682	9.29795
2683	9.29795
2684	9.29795
2685	9.29795
2686	9.29795
2687	9.29795
2688	9.29795
2689	9.29795
2690	9.29795
2691	9.29795
2692	9.29795
2693	9.29795
2694	9.29795
2695	9.29795
2696	9.29795
2697	9.29795
2698	9.29795
2699	9.29795
2700	9.29795
2701	9.29795
2702	9.29795
2703	9.29795
2704	9.29795
2705	9.29795
2706	9.29795
2707	9.29795
2708	9.29795
2709	9.29795
2710	9.29795
2711	9.29795
2712	9.29795
2713	9.29795
2714	9.29795
2715	9.29795
2716	9.29795
2717	9.29795
2718	9.29795
2719	9.29795
2720	9.29795
2721	9.29795
2722	9.29795
2723	9.29795
2724	9.29795
2725	9.29795
2726	9.29795
2727	9.29795
2728	9.29795
2729	9.29795
2730	9.29795
2731	9.29795
2732	9.29795
2733	9.29795
2734	9.77009
2735	10.4944
2736	10.4944
2737	10.4944
2738	9.78759
2739	9.78759
2740	9.78759
2741	9.78759
2742	9.78759
2743	9.78759
2744	9.78759
2745	9.78759
2746	9.78759
2747	9.78759
2748	9.75817
2749	9.75817
2750	9.75817
2751	9.75817
2752	9.75817
2753	9.75817
2754	9.75817
2755	9.75817
2756	9.75817
2757	9.75817
2758	9.75817
2759	9.75817
2760	9.75817
2761	9.75817
2762	9.75817
2763	9.75817
2764	9.75817
2765	9.74329
2766	9.74329
2767	9.74329
2768	9.74329
2769	9.74329
2770	9.74329
2771	9.74329
2772	9.74329
2773	9.74329
2774	9.29795
2775	9.29795
2776	9.29795
2777	9.29795
2778	9.29795
2779	9.29795
2780	9.29795
2781	9.29795
2782	9.29795
2783	9.29795
2784	9.29795
2785	9.29795
2786	9.29795
2787	9.29795
2788	9.67915
2789	9.29795
2790	9.29795
2791	9.29795
2792	9.67915
2793	9.67915
2794	9.29795
2795	9.29795
2796	9.29795
2797	9.29795
2798	9.29795
2799	9.29795
2800	9.29795
2801	9.29795
2802	9.29795
2803	9.29795
2804	9.29795
2805	9.29795
2806	9.29795
2807	9.29795
2808	9.29795
2809	9.29795
2810	9.29795
2811	9.29795
2812	9.29795
2813	9.29795
2814	9.29795
2815	9.29795
2816	9.29795
2817	9.29795
2818	9.29795
2819	9.29795
2820	9.29795
2821	9.29795
2822	9.29795
2823	9.29795
2824	9.29795
2825	9.29795
2826	9.29795
2827	9.29795
2828	9.29795
2829	9.29795
2830	9.29795
2831	9.29795
2832	9.29795
2833	9.29795
2834	9.29795
2835	9.29795
2836	9.29795
2837	9.29795
2838	9.29795
2839	9.29795
2840	9.29795
2841	9.29795
2842	9.29795
2843	9.29795
2844	9.45715
2845	9.29795
2846	9.29795
2847	9.29795
2848	9.29795
2849	9.29795
2850	9.29795
2851	9.29795
2852	9.29795
2853	9.29795
2854	9.29795
2855	9.29795
2856	9.29795
2857	9.29795
2858	9.29795
2859	9.29795
2860	9.29795
2861	9.29795
2862	9.29795
2863	9.29795
2864	9.29795
2865	9.29795
2866	9.29795
2867	9.29795
2868	9.29795
2869	9.29795
2870	9.29795
2871	9.29795
2872	9.29795
2873	9.29795
2874	9.29795
2875	9.29795
2876	9.29795
2877	9.29795
2878	9.29795
2879	9.29795
2880	9.29795
2881	9.29795
2882	9.29795
2883	9.29795
2884	9.29795
2885	9.29795
2886	9.29795
2887	9.29795
2888	9.29795
2889	9.29795
2890	9.29795
2891	9.29795
2892	9.29795
2893	9.29795
2894	9.29795
2895	9.29795
2896	9.29795
2897	9.29795
2898	9.29795
2899	9.29795
2900	9.29795
2901	9.29795
2902	9.29795
2903	9.29795
2904	9.29795
2905	9.29795
2906	9.29795
2907	9.29795
2908	9.29795
2909	9.29795
2910	9.29795
2911	9.29795
2912	9.29795
2913	9.29795
2914	9.29795
2915	9.29795
2916	9.29795
2917	9.29795
2918	9.29795
2919	9.29795
2920	9.29795
2921	9.29795
2922	9.29795
2923	9.29795
2924	9.29795
2925	9.29795
2926	9.29795
2927	9.29795
2928	9.29795
2929	9.34035
2930	9.29795
2931	9.29795
2932	9.29795
2933	9.29795
2934	9.29795
2935	9.29795
2936	9.29795
2937	9.29795
2938	9.29795
2939	9.29795
2940	9.29795
2941	9.29795
2942	9.29795
2943	9.29795
2944	9.29795
2945	9.29795
2946	9.29795
2947	9.29795
2948	9.29795
2949	9.29795
2950	9.29795
2951	9.29795
2952	9.29795
2953	9.29795
2954	9.34035
2955	9.44944
2956	9.34035
2957	9.29795
2958	9.29795
2959	9.29795
2960	9.29795
2961	9.29795
2962	9.29795
2963	9.29795
2964	9.29795
2965	9.29795
2966	9.29795
2967	9.29795
2968	9.29795
2969	9.29795
2970	9.29795
2971	9.29795
2972	9.29795
2973	9.29795
2974	9.29795
2975	9.29795
2976	9.29795
2977	9.29795
2978	9.29795
2979	9.29795
2980	9.29795
2981	9.29795
2982	9.29795
2983	9.29795
2984	9.29795
2985	9.29795
2986	9.29795
2987	9.29795
2988	9.29795
2989	9.29795
2990	9.29795
2991	9.29795
2992	9.29795
2993	9.29795
2994	9.29795
2995	9.29795
2996	9.29795
2997	9.29795
2998	9.29795
2999	9.29795
3000	9.29795
3001	9.29795
3002	9.29795
3003	9.29795
3004	9.29795
3005	9.29795
3006	9.29795
3007	9.29795
3008	9.29795
3009	9.29795
3010	9.29795
3011	9.29795
3012	9.29795
3013	9.29795
3014	9.29795
3015	9.29795
3016	9.29795
3017	9.29795
3018	9.29795
3019	9.29795
3020	9.29795
3021	9.29795
3022	9.29795
3023	9.29795
3024	9.29795
3025	9.29795
3026	9.29795
3027	9.29795
3028	9.29795
3029	9.29795
3030	9.29795
3031	9.29795
3032	9.29795
3033	9.29795
3034	9.29795
3035	9.29795
3036	9.29795
3037	9.29795
3038	9.29795
3039	9.29795
3040	9.29795
3041	9.29795
3042	9.29795
3043	9.29795
3044	9.29795
3045	9.29795
3046	9.29795
3047	9.29795
3048	9.29795
3049	9.29795
3050	9.29795
3051	9.29795
3052	9.29795
3053	9.29795
3054	9.29795
3055	9.29795
3056	9.29795
3057	9.29795
3058	9.29795
3059	9.29795
3060	9.29795
3061	9.29795
3062	9.29795
3063	9.29795
3064	9.29795
3065	9.29795
3066	9.29795
3067	9.29795
3068	9.29795
3069	9.55044
3070	9.29795
3071	9.29795
3072	9.29795
3073	9.29795
3074	9.29795
3075	9.29795
3076	9.29795
3077	9.29795
3078	9.29795
3079	9.29795
3080	9.29795
3081	9.29795
3082	9.29795
3083	9.29795
3084	9.29795
3085	9.29795
3086	9.29795
3087	9.29795
3088	9.29795
3089	9.29795
3090	9.29795
3091	9.29795
3092	9.29795
3093	9.29795
3094	9.29795
3095	9.29795
3096	9.29795
3097	9.29795
3098	9.29795
3099	9.29795
3100	9.29795
3101	9.29795
3102	9.29795
3103	9.29795
3104	9.29795
3105	9.29795
3106	9.29795
3107	9.29795
3108	9.29795
3109	9.29795
3110	9.29795
3111	9.29795
3112	9.29795
3113	9.29795
3114	9.29795
3115	9.29795
3116	9.29795
3117	9.29795
3118	9.29795
3119	9.29795
3120	9.29795
3121	9.29795
3122	9.29795
3123	9.29795
3124	9.29795
3125	9.29795
3126	9.29795
3127	9.29795
3128	9.29795
3129	9.29795
3130	9.29795
3131	9.29795
3132	9.29795
3133	9.29795
3134	9.29795
3135	9.29795
3136	9.29795
3137	9.29795
3138	9.29795
3139	9.29795
3140	9.29795
3141	9.29795
3142	9.29795
3143	9.29795
3144	9.29795
3145	9.29795
3146	9.29795
3147	9.29795
3148	9.29795
3149	9.29795
3150	9.29795
3151	9.29795
3152	9.29795
3153	9.29795
3154	9.29795
3155	9.29795
3156	9.29795
3157	9.29795
3158	9.29795
3159	9.29795
3160	9.29795
3161	9.29795
3162	9.29795
3163	9.29795
3164	9.29795
3165	9.29795
3166	9.29795
3167	9.29795
3168	9.29795
3169	9.29795
3170	9.29795
3171	9.29795
3172	9.29795
3173	9.29795
3174	9.29795
3175	9.29795
3176	9.29795
3177	9.29795
3178	9.29795
3179	9.29795
3180	9.29795
3181	9.29795
3182	9.29795
3183	9.29795
3184	9.29795
3185	9.29795
3186	9.29795
3187	9.29795
3188	9.29795
3189	9.29795
3190	9.29795
3191	9.29795
3192	9.29795
3193	9.29795
3194	9.29795
3195	9.29795
3196	9.29795
3197	9.29795
3198	9.29795
3199	9.29795
3200	9.29795
3201	9.29795
3202	9.29795
3203	9.29795
3204	9.29795
3205	9.29795
3206	9.29795
3207	9.29795
3208	9.29795
3209	9.29795
3210	9.29795
3211	9.29795
3212	9.29795
3213	9.29795
3214	9.29795
3215	9.29795
3216	9.29795
3217	9.29795
3218	9.29795
3219	9.29795
3220	9.29795
3221	9.29795
3222	9.29795
3223	9.29795
3224	9.29795
3225	9.29795
3226	9.29795
3227	9.29795
3228	9.29795
3229	9.29795
3230	9.29795
3231	9.29795
3232	9.29795
3233	9.29795
3234	9.29795
3235	9.29795
3236	9.29795
3237	9.29795
3238	9.29795
3239	9.29795
3240	9.29795
3241	9.29795
3242	9.29795
3243	9.29795
3244	9.29795
3245	9.29795
3246	9.46035
3247	9.29795
3248	9.29795
3249	9.29795
3250	9.29795
3251	9.29795
3252	9.29795
3253	9.29795
3254	9.29795
3255	9.29795
3256	9.29795
3257	9.29795
3258	9.29795
3259	9.29795
3260	9.29795
3261	9.29795
3262	9.29795
3263	9.29795
3264	9.29795
3265	9.29795
3266	9.29795
3267	9.29795
3268	9.29795
3269	9.29795
3270	9.29795
3271	9.29795
3272	9.29795
3273	9.29795
3274	9.29795
3275	9.29795
3276	9.55044
3277	9.29795
3278	9.29795
3279	9.29795
3280	9.29795
3281	9.29795
3282	9.29795
3283	9.29795
3284	9.29795
3285	9.29795
3286	9.29795
3287	9.29795
3288	9.29795
3289	9.29795
3290	9.29795
3291	9.92296
3292	9.29795
3293	9.29795
3294	9.29795
3295	9.29795
3296	9.29795
3297	9.29795
3298	9.29795
3299	9.29795
3300	9.29795
3301	9.29795
3302	9.29795
3303	9.29795
3304	9.29795
3305	9.29795
3306	9.29795
3307	9.29795
3308	9.29795
3309	9.29795
3310	9.29795
3311	9.29795
3312	9.29795
3313	9.29795
3314	9.29795
3315	9.29795
3316	9.29795
3317	9.29795
3318	9.29795
3319	9.29795
3320	9.29795
3321	9.29795
3322	9.29795
3323	9.29795
3324	9.29795
3325	9.29795
3326	9.29795
3327	9.29795
3328	9.29795
3329	9.29795
3330	9.29795
3331	9.29795
3332	9.29795
3333	9.29795
3334	9.29795
3335	9.29795
3336	9.29795
3337	9.29795
3338	9.29795
3339	9.29795
3340	9.29795
3341	9.29795
3342	9.29795
3343	9.29795
3344	9.29795
3345	9.29795
3346	9.29795
3347	9.29795
3348	9.29795
3349	9.29795
3350	9.29795
3351	9.29795
3352	9.29795
3353	9.29795
3354	9.29795
3355	9.29795
3356	9.29795
3357	9.29795
3358	9.29795
3359	9.29795
3360	9.29795
3361	9.29795
3362	9.29795
3363	9.29795
3364	9.29795
3365	9.29795
3366	9.29795
3367	9.29795
3368	9.29795
3369	9.29795
3370	9.29795
3371	9.29795
3372	9.29795
3373	9.29795
3374	9.29795
3375	9.29795
3376	9.29795
3377	9.29795
3378	9.29795
3379	9.29795
3380	9.29795
3381	9.29795
3382	9.29795
3383	9.29795
3384	9.29795
3385	9.29795
3386	9.29795
3387	9.29795
3388	9.29795
3389	9.29795
3390	9.29795
3391	9.29795
3392	9.29795
3393	9.29795
3394	9.29795
3395	9.29795
3396	9.29795
3397	9.29795
3398	9.29795
3399	9.29795
3400	9.29795
3401	9.29795
3402	9.29795
3403	9.29795
3404	9.29795
3405	9.29795
3406	9.29795
3407	9.29795
3408	9.29795
3409	9.29795
3410	9.29795
3411	9.29795
3412	9.29795
3413	9.29795
3414	9.29795
3415	9.29795
3416	9.29795
3417	9.29795
3418	9.29795
3419	9.29795
3420	9.44944
3421	9.29795
3422	9.29795
3423	9.29795
3424	9.29795
3425	9.29795
3426	9.29795
3427	9.29795
3428	9.29795
3429	9.29795
3430	9.35348
3431	9.29795
3432	9.29795
3433	9.29795
3434	9.29795
3435	9.29795
3436	9.29795
3437	9.29795
3438	9.29795
3439	9.29795
3440	9.29795
3441	9.29795
3442	9.29795
3443	9.29795
3444	9.29795
3445	9.29795
3446	9.29795
3447	9.29795
3448	9.29795
3449	9.29795
3450	9.29795
3451	9.29795
3452	9.29795
3453	9.29795
3454	9.29795
3455	9.29795
3456	9.29795
3457	9.29795
3458	9.29795
3459	9.29795
3460	9.29795
3461	9.29795
3462	9.29795
3463	9.29795
3464	9.29795
3465	9.29795
3466	9.29795
3467	9.29795
3468	9.29795
3469	9.29795
3470	9.29795
3471	9.29795
3472	9.29795
3473	9.29795
3474	9.29795
3475	9.29795
3476	9.29795
3477	9.29795
3478	9.29795
3479	9.29795
3480	9.29795
3481	9.29795
3482	9.57867
3483	9.29795
3484	9.29795
3485	9.29795
3486	9.29795
3487	9.29795
3488	9.29795
3489	9.29795
3490	9.29795
3491	9.29795
3492	9.29795
3493	9.29795
3494	9.29795
3495	9.29795
3496	9.29795
3497	9.29795
3498	9.29795
3499	9.29795
3500	9.29795
3501	9.29795
3502	9.29795
3503	9.34035
3504	9.34035
3505	9.29795
3506	9.29795
3507	9.29795
3508	9.29795
3509	9.29795
3510	9.29795
3511	9.29795
3512	9.29795
3513	9.29795
3514	9.29795
3515	9.29795
3516	9.29795
3517	9.29795
3518	9.29795
3519	9.29795
3520	9.29795
3521	9.29795
3522	9.29795
3523	9.29795
3524	9.29795
3525	9.29795
3526	9.29795
3527	9.29795
3528	9.29795
3529	9.29795
3530	9.29795
3531	9.29795
3532	9.29795
3533	9.29795
3534	9.29795
3535	9.29795
3536	9.29795
3537	9.29795
3538	9.29795
3539	9.29795
3540	9.29795
3541	9.29795
3542	9.29795
3543	9.29795
3544	9.29795
3545	9.29795
3546	9.29795
3547	9.29795
3548	9.29795
3549	9.29795
3550	9.29795
3551	9.29795
3552	9.29795
3553	9.29795
3554	9.29795
3555	9.29795
3556	9.29795
3557	9.29795
3558	9.29795
3559	9.29795
3560	9.29795
3561	9.29795
3562	9.29795
3563	9.29795
3564	9.29795
3565	9.29795
3566	9.29795
3567	9.29795
3568	9.29795
3569	9.29795
3570	9.29795
3571	9.29795
3572	9.29795
3573	9.29795
3574	9.29795
3575	9.29795
3576	9.29795
3577	9.29795
3578	9.29795
3579	9.29795
3580	9.29795
3581	9.29795
3582	9.29795
3583	9.29795
3584	9.29795
3585	9.29795
3586	9.29795
3587	9.29795
3588	9.34035
3589	9.34035
3590	9.29795
3591	9.29795
3592	9.29795
3593	9.29795
3594	9.29795
3595	9.29795
3596	9.29795
3597	9.29795
3598	9.29795
3599	9.29795
3600	9.29795
3601	9.29795
3602	9.29795
3603	9.29795
3604	9.29795
3605	9.29795
3606	9.29795
3607	9.29795
3608	9.29795
3609	9.29795
3610	9.29795
3611	9.29795
3612	9.29795
3613	9.29795
3614	9.29795
3615	9.29795
3616	9.29795
3617	9.29795
3618	9.29795
3619	9.29795
3620	9.29795
3621	9.29795
3622	9.29795
3623	9.29795
3624	9.29795
3625	9.29795
3626	9.29795
3627	9.29795
3628	9.29795
3629	9.29795
3630	9.29795
3631	9.29795
3632	9.29795
3633	9.29795
3634	9.29795
3635	9.29795
3636	9.29795
3637	9.29795
3638	9.29795
3639	9.29795
3640	9.29795
3641	9.29795
3642	9.29795
3643	9.29795
3644	9.29795
3645	9.75876
3646	9.75876
3647	9.29795
3648	9.29795
3649	9.53079
3650	9.53079
3651	9.29795
3652	9.29795
3653	9.29795
3654	9.29795
3655	9.29795
3656	9.29795
3657	9.29795
3658	9.29795
3659	9.29795
3660	9.29795
3661	9.29795
3662	9.29795
3663	9.29795
3664	9.31442
3665	9.31442
3666	9.29795
3667	9.78583
3668	9.78583
3669	9.76937
3670	9.76937
3671	9.76937
3672	9.76937
3673	9.75817
3674	9.75817
3675	9.75817
3676	9.75817
3677	9.75817
3678	9.75817
3679	9.29795
3680	9.29795
3681	9.29795
3682	9.29795
3683	9.29795
3684	9.29795
3685	9.29795
3686	9.29795
3687	9.29795
3688	9.29795
3689	9.29795
3690	9.29795
3691	9.29795
3692	9.29795
3693	9.29795
3694	9.29795
3695	9.29795
3696	9.29795
3697	9.29795
3698	9.29795
3699	9.29795
3700	9.29795
3701	9.29795
3702	9.29795
3703	9.29795
3704	9.29795
3705	9.29795
3706	9.29795
3707	9.29795
3708	9.29795
3709	9.29795
3710	9.29795
3711	9.29795
3712	9.29795
3713	9.29795
3714	9.29795
3715	9.29795
3716	9.29795
3717	9.29795
3718	9.29795
3719	9.29795
3720	9.29795
3721	9.29795
3722	9.29795
3723	9.29795
3724	9.29795
3725	9.29795
3726	9.29795
3727	9.29795
3728	9.29795
3729	9.29795
3730	9.29795
3731	9.29795
3732	9.29795
3733	9.29795
3734	9.29795
3735	9.29795
3736	9.29795
3737	9.29795
3738	9.29795
3739	9.29795
3740	9.29795
3741	9.29795
3742	9.29795
3743	9.29795
3744	9.29795
3745	9.29795
3746	9.29795
3747	9.29795
3748	9.29795
3749	9.29795
3750	9.29795
3751	9.29795
3752	9.29795
3753	9.29795
3754	9.29795
3755	9.29795
3756	9.29795
3757	9.29795
3758	9.29795
3759	9.29795
3760	9.29795
3761	9.29795
3762	9.29795
3763	9.29795
3764	9.29795
3765	9.29795
3766	9.29795
3767	9.29795
3768	9.29795
3769	9.29795
3770	9.29795
3771	9.29795
3772	9.29795
3773	9.29795
3774	9.29795
3775	9.29795
3776	9.29795
3777	9.29795
3778	9.29795
3779	9.29795
3780	9.29795
3781	9.29795
3782	9.29795
3783	9.29795
3784	9.29795
3785	9.29795
3786	9.29795
3787	9.29795
3788	9.29795
3789	9.29795
3790	9.29795
3791	9.29795
3792	9.29795
3793	9.29795
3794	9.29795
3795	9.29795
3796	9.29795
3797	9.29795
3798	9.29795
3799	9.29795
3800	9.29795
3801	9.29795
3802	9.29795
3803	9.29795
3804	9.29795
3805	9.29795
3806	9.29795
3807	9.29795
3808	9.29795
3809	9.29795
3810	9.29795
3811	9.29795
3812	9.29795
3813	9.29795
3814	9.29795
3815	9.29795
3816	9.29795
3817	9.29795
3818	9.29795
3819	10.7231
3820	10.4745
3821	10.3387
3822	10.3387
3823	9.29795
3824	9.29795
3825	9.29795
3826	9.29795
3827	9.29795
3828	9.29795
3829	9.29795
3830	9.29795
3831	9.29795
3832	9.29795
3833	9.29795
3834	9.29795
3835	9.29795
3836	9.29795
3837	9.29795
3838	9.29795
3839	9.29795
3840	9.29795
3841	9.29795
3842	9.29795
3843	9.29795
3844	9.29795
3845	9.29795
3846	9.29795
3847	9.29795
3848	9.29795
3849	9.29795
3850	9.29795
3851	9.29795
3852	9.29795
3853	9.29795
3854	9.29795
3855	9.29795
3856	9.29795
3857	9.29795
3858	9.29795
3859	9.29795
3860	9.29795
3861	9.29795
3862	9.29795
3863	9.29795
3864	9.29795
3865	9.29795
3866	10.074
3867	10.074
3868	10.074
3869	10.074
3870	10.074
3871	10.074
3872	10.074
3873	10.074
3874	10.074
3875	10.074
3876	10.074
3877	10.0389
3878	10.0389
3879	10.0389
3880	10.0389
3881	10.0389
3882	10.0389
3883	10.0389
3884	10.0389
3885	10.0389
3886	10.0389
3887	10.0389
3888	10.0389
3889	10.0389
3890	10.0389
3891	10.0389
3892	10.0389
3893	10.0389
3894	10.0389
3895	10.0389
3896	10.0389
3897	10.0389
3898	10.0389
3899	10.0389
3900	10.0389
3901	10.0389
3902	10.0389
3903	10.0389
3904	10.0389
3905	10.0389
3906	10.0389
3907	10.0389
3908	10.0389
3909	10.0389
3910	9.96985
3911	9.96985
3912	9.96985
3913	10.161
3914	10.161
3915	10.0389
3916	9.96985
3917	9.96985
3918	9.96985
3919	9.96985
3920	9.96985
3921	9.96985
3922	9.96985
3923	9.9695
3924	9.9695
3925	9.32526
3926	9.32526
3927	9.32526
3928	9.32526
3929	9.32352
3930	9.32352
3931	9.30705
3932	9.30705
3933	9.30705
3934	9.30705
3935	9.30705
3936	9.30705
3937	9.30705
3938	9.30705
3939	9.30705
3940	9.30705
3941	9.30705
3942	9.30705
3943	9.30705
3944	9.30705
3945	9.30705
3946	9.30705
3947	9.30705
3948	9.52053
3949	9.30705
3950	9.30705
3951	9.30705
3952	9.30705
3953	9.30705
3954	9.30705
3955	9.30705
3956	9.30705
3957	9.30705
3958	9.30705
3959	9.30705
3960	9.30705
3961	9.30705
3962	9.30705
3963	9.30705
3964	9.3088
3965	9.30705
3966	9.30705
3967	9.30705
3968	9.30705
3969	9.30705
3970	9.30705
3971	9.30705
3972	9.30705
3973	9.30705
3974	9.30705
3975	9.30705
3976	9.30705
3977	9.30705
3978	9.30705
3979	9.30705
3980	9.30705
3981	9.30705
3982	9.30705
3983	9.30705
3984	9.30705
3985	9.30705
3986	9.30705
3987	9.30705
3988	9.30705
3989	9.30705
3990	9.75868
3991	9.30705
3992	9.30705
3993	9.30705
3994	9.30705
3995	9.30705
3996	9.30705
3997	9.30705
3998	9.30705
3999	9.30705
4000	9.30705
