-6.60207	-4.79981
-6.47307	-4.02453
-6.3515	-3.36695
-6.34576	-3.24809
-6.25328	-2.82313
-6.1947	-2.42883
-6.11432	-1.98484
-5.98964	-1.41507
-5.93014	-1.15318
-6.00995	-1.51156
-5.99877	-1.38012
-6.0452	-1.69486
-6.05072	-1.68153
-5.93424	-1.14939
-5.9447	-1.18316
-5.8712	-0.867221
-5.87098	-0.824684
-5.72627	-0.176695
-5.75026	-0.233183
-5.61199	0.573593
-5.74713	-0.042361
-5.8033	-0.286865
-5.89212	-0.695097
-5.92433	-0.963321
-5.97913	-1.14528
-5.83319	-0.545495
-5.80788	-0.383206
-5.94106	-0.921818
-5.86438	-0.657134
-5.8462	-0.595584
-5.78913	-0.289006
-5.79127	-0.258197
-5.76371	-0.106179
-5.80128	-0.231789
-5.83759	-0.408492
-5.71579	0.108168
-5.71516	0.147157
-5.7434	-0.0348707
-5.69394	0.13085
-5.72695	-0.0373364
-5.66674	0.192799
-5.61631	0.452828
-5.74863	-0.176487
-5.81611	-0.519753
-5.8786	-0.78757
-5.8883	-0.751797
-5.85088	-0.575605
-5.88132	-0.797077
-5.85763	-0.678048
-5.82486	-0.585993
-5.79917	-0.552719
-5.83507	-0.685586
-5.84565	-0.67023
-5.80159	-0.448348
-5.83533	-0.559355
-5.8434	-0.660811
-5.93285	-1.07038
-5.89237	-0.86195
-5.99397	-1.23943
-5.97268	-1.14328
-5.95874	-1.10924
-5.85004	-0.659778
-5.81806	-0.416346
-5.8116	-0.448471
-5.8251	-0.532418
-5.78454	-0.34156
-5.77969	-0.300422
-5.72623	-0.0745643
-5.77832	-0.32357
-5.71791	-0.0557104
-5.79007	-0.421085
-5.72867	-0.137362
-5.61306	0.475543
-5.74153	-0.186716
-5.7892	-0.470755
-5.58822	0.421161
-5.61649	0.328976
-5.83639	-0.687129
-5.84125	-0.662091
-5.88421	-0.846788
-5.88345	-0.842724
-5.84021	-0.721562
-5.84738	-0.772057
-5.77195	-0.369755
-5.76314	-0.210906
-5.82058	-0.528499
-5.87057	-0.745667
-5.85938	-0.610825
-5.75506	-0.131114
-5.79246	-0.166678
-5.68998	0.266073
-5.69709	0.1539
-5.71722	0.0187788
-5.71477	0.0327881
-5.7862	-0.345829
-5.79903	-0.316116
-5.6786	0.200397
-5.67353	0.284179
-5.60201	0.766184
-5.64217	0.428213
-5.61217	0.553302
-5.74049	-0.0455552
-5.70449	0.111514
-5.65995	0.346872
-5.67562	0.266221
-5.70288	0.022882
-5.68027	0.17809
-5.68422	0.226457
-5.6607	0.359345
-5.62872	0.492227
-5.66308	0.292182
-5.69079	0.165358
-5.73855	-0.00918912
-5.66157	0.26425
-5.7273	-0.0183172
-5.74365	-0.106384
-5.74219	-0.0760592
-5.66494	0.217605
-5.67906	0.21824
-5.60036	0.610504
-5.62733	0.544155
-5.6395	0.546492
-5.58698	0.740514
-5.5876	0.658485
-5.66197	0.430333
-5.72574	0.183155
-5.75116	0.0565566
-5.63546	0.516269
-5.55146	0.922163
-5.65368	0.377668
-5.7158	0.188296
-5.66677	0.362427
-5.57684	0.73518
-5.67024	0.317802
-5.61247	0.481653
-5.61783	0.413058
-5.69499	0.0371058
-5.73087	-0.0970395
-5.6343	0.324266
-5.62687	0.31192
-5.66798	0.183897
-5.66609	0.145122
-5.65782	0.121868
-5.75174	-0.163611
-5.67376	0.196559
-5.63165	0.361449
-5.581	0.687364
-5.63345	0.555085
-5.62043	0.613413
-5.75686	-0.00749876
-5.63437	0.543851
-5.63592	0.534942
-5.69084	0.262047
-5.62544	0.553656
-5.60042	0.630746
-5.64407	0.668
-5.5345	1.00144
-5.62814	0.605467
-5.54115	1.03906
-5.55458	1.04148
-5.63257	0.598601
-5.66975	0.322822
-5.55928	0.934558
-5.6207	0.5907
-5.64636	0.54157
-5.67682	0.389879
-5.6406	0.50744
-5.53722	0.990847
-5.62741	0.549564
-5.54685	0.941157
-5.63127	0.563049
-5.5191	1.05909
-5.61101	0.716209
-5.60309	0.786222
-5.63781	0.535656
-5.62966	0.473095
-5.5548	0.788068
-5.59855	0.602973
-5.57776	0.728335
-5.7025	0.232105
-5.65617	0.436209
-5.70814	0.252321
-5.61617	0.648817
-5.56754	0.785426
-5.61334	0.59761
-5.52595	0.92615
-5.45278	1.17315
-5.4914	1.06996
-5.4132	1.51326
-5.32941	1.79719
-5.28231	1.87507
-5.38456	1.44256
-5.37851	1.49347
-5.45885	1.17158
-5.45169	1.20974
-5.53104	0.82674
-5.48572	1.07361
-5.58055	0.681658
-5.58418	0.639379
-5.60427	0.512947
-5.55505	0.701173
-5.62147	0.374993
-5.66455	0.266965
-5.65318	0.340231
-5.65313	0.308438
-5.60467	0.504343
-5.5854	0.633421
-5.57039	0.741681
-5.58299	0.75669
-5.57795	0.779876
-5.52997	1.01425
-5.49232	1.16986
-5.48587	1.18213
-5.34612	1.78372
-5.40538	1.64734
-5.43095	1.57381
-5.55795	0.930382
-5.52634	1.07007
-5.5447	1.01014
-5.62971	0.641713
-5.64393	0.515351
-5.68861	0.303226
-5.61029	0.561822
-5.5978	0.575945
-5.65286	0.447826
-5.63475	0.532663
-5.63391	0.479154
-5.6316	0.536507
-5.53473	0.884165
-5.50892	0.950692
-5.49291	1.0014
-5.42274	1.39599
-5.48974	1.06582
-5.50281	0.995284
-5.55882	0.734028
-5.58147	0.60582
-5.60534	0.557479
-5.46396	1.10334
-5.37023	1.49486
-5.35938	1.57275
-5.47674	1.06974
-5.4607	1.14163
-5.52496	0.82912
-5.52737	0.925138
-5.53696	0.856162
-5.46009	1.14111
-5.44127	1.28475
-5.54505	0.811662
-5.45294	1.1972
-5.37693	1.56796
-5.40381	1.50655
-5.41912	1.39097
-5.39459	1.53508
-5.45223	1.3351
-5.54046	1.00578
-5.60846	0.672573
-5.56934	0.811267
-5.50436	1.11387
-5.52145	1.00987
-5.58577	0.649885
-5.57813	0.664951
-5.61867	0.485211
-5.54816	0.781585
-5.44719	1.24713
-5.45703	1.25416
-5.52383	1.01459
-5.4475	1.35129
-5.4894	1.11407
-5.50547	1.03522
-5.40979	1.51682
-5.41581	1.53665
-5.40019	1.52673
-5.49123	1.01941
-5.53796	0.92473
-5.50699	1.05154
-5.46851	1.22506
-5.46317	1.31305
-5.547	1.03543
-5.38751	1.63794
-5.38192	1.66113
-5.35348	1.76236
-5.49376	1.26821
-5.48521	1.25999
-5.47668	1.31369
-5.48654	1.25355
-5.54975	1.0495
-5.5837	0.846547
-5.43326	1.5067
-5.3964	1.63624
-5.41302	1.64415
-5.40018	1.64838
-5.4442	1.4413
-5.43928	1.47485
-5.34521	1.94439
-5.35122	1.92609
-5.31685	2.03747
-5.34696	1.92468
-5.25238	2.39429
-5.29151	2.21465
-5.37767	1.93143
-5.35485	1.85708
-5.47966	1.24476
-5.54824	0.904724
-5.43882	1.39238
-5.48891	1.19009
-5.42161	1.43744
-5.40361	1.46596
-5.34784	1.75744
-5.27974	2.12807
-5.26434	2.22719
-5.26678	2.22608
-5.29724	1.9926
-5.35964	1.6585
-5.2774	2.06092
-5.25865	2.21803
-5.3618	1.75177
-5.3318	1.9563
-5.37443	1.67915
-5.4208	1.55147
-5.49475	1.19497
-5.46342	1.41861
-5.56934	0.938032
-5.44578	1.49278
-5.33564	2.04959
-5.28247	2.29361
-5.3744	2.03149
-5.51634	1.2869
-5.52666	1.21452
-5.47866	1.45202
-5.45835	1.50096
-5.48413	1.41844
-5.56469	1.03534
-5.54359	1.07429
-5.54962	1.0934
-5.52105	1.26867
-5.49321	1.49001
-5.41621	1.78971
-5.3056	2.16859
-5.2603	2.40459
-5.30721	2.21396
-5.26321	2.35796
-5.3911	1.71974
-5.41105	1.74511
-5.43153	1.68079
-5.46375	1.64261
-5.45788	1.62723
-5.22042	2.60943
-5.35011	2.14679
-5.32879	2.133
-5.46706	1.568
-5.50076	1.40161
-5.52062	1.27638
-5.45696	1.57219
-5.42131	1.68499
-5.326	2.03676
-5.4118	1.77395
-5.44194	1.63331
-5.41035	1.75275
-5.39116	1.81658
-5.41394	1.6835
-5.31419	2.12981
-5.23842	2.46842
-5.28507	2.28738
-5.41264	1.71714
-5.41826	1.64561
-5.50963	1.33069
-5.32359	2.1991
-5.37321	1.84196
-5.45888	1.48395
-5.39207	1.71255
-5.46993	1.3909
-5.47574	1.34985
-5.42239	1.50084
-5.44975	1.48994
-5.41322	1.62843
-5.35112	1.98254
-5.40713	1.72213
-5.34936	1.9708
-5.34937	2.02886
-5.42302	1.6959
-5.35811	2.01449
-5.36251	1.92706
-5.43219	1.62769
-5.42762	1.65619
-5.50149	1.37056
-5.44145	1.64456
-5.41482	1.80308
-5.48001	1.37196
-5.5088	1.31019
-5.51907	1.25561
-5.36628	1.84404
-5.40121	1.77655
-5.47077	1.42689
-5.40756	1.70344
-5.40132	1.61769
-5.38877	1.72879
-5.48961	1.26969
-5.42135	1.58699
-5.50218	1.23864
-5.45191	1.35044
-5.52936	1.03026
-5.49759	1.155
-5.44244	1.4711
-5.48417	1.32198
-5.5453	1.05548
-5.46052	1.3985
-5.48489	1.34625
-5.4999	1.24747
-5.56771	0.886891
-5.54076	1.07774
-5.58211	0.90955
-5.5759	0.979596
-5.51585	1.2418
-5.40298	1.68516
-5.44979	1.46879
-5.42704	1.5138
-5.23617	2.29782
-5.39393	1.70701
-5.46728	1.33654
-5.48075	1.2535
-5.43199	1.48778
-5.58074	0.828036
-5.51332	1.09491
-5.56115	0.975237
-5.54108	1.09626
-5.43365	1.54744
-5.3319	2.01708
-5.35794	1.90341
-5.3698	1.82645
-5.42763	1.58737
-5.42369	1.63668
-5.29004	2.22867
-5.41529	1.7238
-5.37606	1.96464
-5.44522	1.59859
-5.45652	1.57752
-5.51639	1.26555
-5.50303	1.30005
-5.48987	1.27909
-5.51603	1.23569
-5.54189	1.19101
-5.54459	1.02811
-5.45004	1.3952
-5.46797	1.3865
-5.33387	1.90985
-5.35304	1.89083
-5.30934	1.9925
-5.23596	2.3527
-5.24073	2.36979
-5.24352	2.35122
-5.26021	2.33698
-5.35903	1.92282
-5.38972	1.7268
-5.38889	1.72225
-5.51713	1.10388
-5.48779	1.23838
-5.50021	1.15536
-5.5002	1.1463
-5.51719	1.00931
-5.53929	0.971484
-5.60287	0.652948
-5.55933	0.861676
-5.51659	1.05898
-5.48676	1.21406
-5.48706	1.23077
-5.46932	1.29094
-5.42035	1.50138
-5.4249	1.39559
-5.59328	0.775942
-5.576	0.766076
-5.54473	1.04912
-5.50688	1.26297
-5.45249	1.56643
-5.42988	1.58256
-5.4042	1.71118
-5.37725	1.84019
-5.40882	1.75148
-5.50782	1.32807
-5.54098	1.19188
-5.44587	1.66382
-5.48041	1.5973
-5.46614	1.64244
-5.50401	1.47694
-5.5081	1.48349
-5.40859	1.76165
-5.43535	1.67608
-5.48639	1.35642
-5.4499	1.40831
-5.39722	1.6896
-5.43092	1.61941
-5.51611	1.27759
-5.4204	1.68761
-5.45083	1.55402
-5.44556	1.55037
-5.46889	1.47746
-5.43111	1.60546
-5.53938	1.04475
-5.49693	1.23606
-5.5334	1.07569
-5.51822	1.10051
-5.57925	0.810034
-5.62002	0.586324
-5.72344	0.168525
-5.63714	0.552825
-5.57564	0.827188
-5.66656	0.308445
-5.62109	0.552009
-5.56864	0.820238
-5.5207	1.1038
-5.57739	0.764036
-5.52472	1.03391
-5.50586	1.23156
-5.48149	1.36699
-5.33342	1.93149
-5.25932	2.27023
-5.41298	1.56384
-5.47176	1.32167
-5.49463	1.26653
-5.53999	1.10696
-5.51697	1.16261
-5.47523	1.35763
-5.3819	1.81442
-5.39715	1.80238
-5.48527	1.36905
-5.51231	1.3107
-5.47317	1.42384
-5.46126	1.416
-5.52963	1.05778
-5.56102	1.11305
-5.58466	0.978287
-5.60886	0.820531
-5.62249	0.783051
-5.6165	0.755011
-5.56693	0.903918
-5.57476	0.968563
-5.51332	1.17838
-5.42785	1.44384
-5.43799	1.40767
-5.51138	1.14682
-5.53815	1.01035
-5.47309	1.33502
-5.48846	1.40914
-5.52536	1.36181
-5.46278	1.56138
-5.54897	1.20414
-5.5582	1.10349
-5.56489	1.21567
-5.4415	1.73222
-5.46325	1.65728
-5.51548	1.51061
-5.41842	1.90803
-5.43444	1.86867
-5.36977	2.16046
-5.31156	2.40471
-5.20607	2.77554
-5.3355	2.2503
-5.34543	2.21272
-5.37216	2.07879
-5.37336	2.13513
-5.25712	2.59101
-5.23935	2.57365
-5.36435	1.94471
-5.33514	2.01288
-5.34828	2.09512
-5.38357	1.85822
-5.38901	1.72558
-5.39449	1.73597
-5.55303	1.12859
-5.35631	1.95832
-5.50306	1.37103
-5.40502	1.8103
-5.46178	1.51776
-5.48149	1.45036
-5.42748	1.67184
-5.40312	1.76915
-5.35145	2.0977
-5.38528	1.9307
-5.40808	1.76823
-5.39902	1.7683
-5.39124	1.73777
-5.4811	1.36276
-5.38027	1.83722
-5.3852	1.81069
-5.42742	1.64759
-5.50405	1.26017
-5.40954	1.55394
-5.36871	1.67678
-5.29524	2.107
-5.23198	2.41385
-5.29644	2.15573
-5.42686	1.50219
-5.30826	2.05579
-5.42301	1.59613
-5.52483	1.07868
-5.48425	1.30449
-5.47373	1.40873
-5.40845	1.69724
-5.42597	1.55535
-5.36755	1.76932
-5.40586	1.66147
-5.37417	1.79375
-5.1943	2.54385
-5.23341	2.38844
-5.25517	2.31717
-5.27591	2.28976
-5.2749	2.29152
-5.2794	2.22221
-5.30488	2.09384
-5.2798	2.19587
-5.34958	1.87757
-5.4308	1.54508
-5.44405	1.57711
-5.42083	1.59095
-5.41559	1.63071
-5.41367	1.57003
-5.32494	2.05836
-5.39084	1.85016
-5.40546	1.82579
-5.45717	1.52844
-5.39254	1.84342
-5.35721	2.00831
-5.38829	1.90987
-5.35926	2.04866
-5.38819	1.82985
-5.4374	1.53045
-5.51868	1.11493
-5.48878	1.27156
-5.52083	1.25054
-5.42377	1.67795
-5.39382	1.6988
-5.30819	2.1145
-5.18025	2.58892
-5.22256	2.38059
-5.32259	2.04592
-5.39842	1.63187
-5.46749	1.32557
-5.43075	1.46667
-5.48628	1.1955
-5.49187	1.17974
-5.32712	1.81703
-5.34565	1.73545
-5.35578	1.80758
-5.39045	1.64867
-5.44451	1.40813
-5.41678	1.49118
-5.43382	1.40799
-5.39711	1.76683
-5.44364	1.5688
-5.42601	1.6505
-5.37921	1.89034
-5.44762	1.5902
-5.4883	1.35945
-5.53721	1.1201
-5.51325	1.16046
-5.50449	1.16763
-5.41549	1.55816
-5.3794	1.89345
-5.46529	1.49499
-5.49296	1.36154
-5.48962	1.41185
-5.48662	1.36513
-5.47376	1.45603
-5.50078	1.34231
-5.48057	1.45415
-5.4124	1.72789
-5.38926	1.8642
-5.37639	1.87791
-5.39212	1.69807
-5.46511	1.49414
-5.50499	1.3357
-5.48207	1.48517
-5.50307	1.37283
-5.50996	1.32047
-5.52749	1.22172
-5.48391	1.43641
-5.46735	1.49237
-5.39373	1.75454
-5.37246	1.85815
-5.4259	1.71455
-5.32953	2.04732
-5.32165	2.24013
-5.41351	1.84889
-5.3782	2.02581
-5.34743	2.06398
-5.39735	1.77958
-5.40631	1.75652
-5.42201	1.63016
-5.35188	1.88443
-5.34461	1.85296
-5.2868	2.21708
-5.34979	1.9333
-5.32254	2.02774
-5.28731	2.20294
-5.30025	2.14957
-5.34295	1.98642
-5.25562	2.2934
-5.26976	2.32568
-5.23191	2.50404
-5.28731	2.24178
-5.25154	2.4004
-5.30693	2.21192
-5.37028	1.96312
-5.27556	2.29137
-5.35494	1.87534
-5.41634	1.64959
-5.42538	1.53083
-5.44538	1.48511
-5.39539	1.74012
-5.52577	1.18664
-5.43864	1.55797
-5.48302	1.39312
-5.42162	1.63882
-5.3406	1.95116
-5.42897	1.61645
-5.36698	1.92248
-5.38011	1.85587
-5.35374	2.08733
-5.35712	2.0691
-5.51616	1.30308
-5.48424	1.34663
-5.43737	1.53207
-5.40072	1.70702
-5.43084	1.57678
-5.33576	1.95706
-5.33882	1.88171
-5.37155	1.80824
-5.28795	2.13656
-5.41234	1.72952
-5.44714	1.50501
-5.28296	2.23705
-5.3748	1.90774
-5.4592	1.5473
-5.4306	1.62347
-5.40383	1.77278
-5.32665	2.00888
-5.32723	2.01005
-5.36736	1.86123
-5.36363	1.8629
-5.41046	1.67113
-5.37417	1.90868
-5.34476	2.0969
-5.3658	1.94567
-5.30412	2.17515
-5.33179	2.06669
-5.35024	1.90909
-5.41481	1.71301
-5.45556	1.52425
-5.42834	1.66486
-5.39989	1.73458
-5.40256	1.66376
-5.29357	2.09413
-5.35556	1.89641
-5.33357	1.95125
-5.39141	1.74833
-5.35826	1.98227
-5.44096	1.69643
-5.41618	1.75269
-5.36415	2.04135
-5.42381	1.68251
-5.45114	1.49276
-5.49194	1.30659
-5.52515	1.20288
-5.44204	1.43469
-5.41683	1.53936
-5.44468	1.38315
-5.46105	1.27451
-5.44053	1.35295
-5.50373	1.16568
-5.49415	1.18134
-5.42371	1.45207
-5.50295	1.15161
-5.49314	1.16408
-5.45113	1.37688
-5.43972	1.49264
-5.44284	1.43372
-5.51442	1.09986
-5.4878	1.18037
-5.37895	1.61666
-5.30985	2.02411
-5.37978	1.72124
-5.42867	1.45022
-5.37325	1.67674
-5.31362	1.86616
-5.43405	1.32339
-5.52206	0.985971
-5.46981	1.2663
-5.34182	1.74647
-5.3879	1.58688
-5.49737	1.15468
-5.46866	1.17217
-5.38609	1.55331
-5.43036	1.32577
-5.36285	1.5833
-5.34899	1.63909
-5.50541	1.00579
-5.61383	0.506271
-5.57291	0.73209
-5.46352	1.23196
-5.4764	1.15669
-5.44402	1.32944
-5.3569	1.75512
-5.34991	1.77072
-5.35807	1.78725
-5.45932	1.33083
-5.39701	1.64995
-5.32387	2.09921
-5.41639	1.65819
-5.44999	1.57922
-5.41295	1.76773
-5.51625	1.22517
-5.5278	1.18206
-5.51749	1.26118
-5.46013	1.46339
-5.38215	1.78215
-5.28782	2.12391
-5.40227	1.64955
-5.45884	1.48394
-5.43139	1.6189
-5.43857	1.44044
-5.45936	1.38284
-5.47472	1.38046
-5.44668	1.4987
-5.32289	2.07258
-5.30372	2.14611
-5.31914	1.98435
-5.35323	1.91686
-5.40928	1.67995
-5.35452	1.89962
-5.42713	1.55655
-5.44213	1.55909
-5.38958	1.89616
-5.35655	1.97977
-5.44545	1.58408
-5.4255	1.74831
-5.47595	1.53516
-5.39603	1.88874
-5.44078	1.68858
-5.34769	2.05656
-5.35939	1.9451
-5.39063	1.88616
-5.48633	1.51686
-5.395	1.8106
-5.3765	1.82784
-5.22409	2.56355
-5.25973	2.46845
-5.24486	2.50779
-5.25229	2.36321
-5.25453	2.37927
-5.34515	1.96812
-5.35926	1.91639
-5.31038	2.18885
-5.28934	2.24827
-5.23289	2.42111
-5.28745	2.21407
-5.30963	2.12716
-5.4237	1.76458
-5.46366	1.47287
-5.33398	2.06487
-5.46209	1.51294
-5.5182	1.3191
-5.50894	1.31678
-5.5129	1.32381
-5.53653	1.21411
-5.58018	0.991058
-5.56972	1.07993
-5.55026	1.05961
-5.47246	1.40622
-5.44648	1.45125
-5.36607	1.77713
-5.52761	1.15643
-5.62485	0.727396
-5.60498	0.934687
-5.56474	1.09447
-5.59509	0.935559
-5.5468	1.02833
-5.46327	1.2867
-5.47297	1.24142
-5.57101	0.846637
-5.51004	1.10375
-5.45131	1.32174
-5.48449	1.11425
-5.4952	1.06802
-5.53708	0.871999
-5.45958	1.24678
-5.55021	0.86821
-5.43778	1.35093
-5.47711	1.26427
-5.48485	1.28523
-5.42566	1.55067
-5.43567	1.56056
-5.37309	1.76217
-5.43446	1.48456
-5.37121	1.72941
-5.26213	2.10485
-5.333	1.82298
-5.34455	1.83312
-5.35121	1.87903
-5.36994	1.71759
-5.31815	1.98711
-5.35095	1.92658
-5.34349	1.89458
-5.5124	1.10428
-5.51881	1.06916
-5.41581	1.51974
-5.45277	1.4332
-5.42302	1.60757
-5.45975	1.40685
-5.46548	1.34492
-5.45651	1.41976
-5.49526	1.24621
-5.42966	1.53361
-5.40717	1.61816
-5.47121	1.33433
-5.49578	1.14077
-5.49981	1.0144
-5.44832	1.24518
-5.48978	1.16607
-5.41987	1.49198
-5.41892	1.43482
-5.33548	1.86028
-5.23166	2.26237
-5.27639	2.21739
-5.27881	2.1811
-5.23345	2.41896
-5.32821	2.00732
-5.33823	1.97818
-5.29271	2.1019
-5.20562	2.38959
-5.24106	2.31396
-5.23715	2.28412
-5.27935	2.14568
-5.27151	2.13477
-5.27215	2.18667
-5.36794	1.75938
-5.40649	1.66959
-5.35052	1.86908
-5.46453	1.45461
-5.45896	1.4403
-5.34176	1.85739
-5.38119	1.68132
-5.35744	1.80314
-5.21319	2.45934
-5.37182	1.8653
-5.29962	2.13334
-5.25622	2.31282
-5.33438	1.86778
-5.34259	1.89648
-5.33067	1.86798
-5.2786	2.05922
-5.46472	1.3106
-5.43708	1.45331
-5.49987	1.19221
-5.39912	1.72309
-5.44273	1.53582
-5.46323	1.42209
-5.46059	1.38671
-5.48539	1.23218
-5.5066	1.22534
-5.38476	1.8424
-5.23056	2.41821
-5.32418	2.01638
-5.2675	2.2804
-5.22084	2.45252
-5.24706	2.38361
-5.28544	2.2706
-5.37292	1.91942
-5.37002	1.8726
-5.29001	2.25492
-5.32805	2.13456
-5.4027	1.75106
-5.44335	1.61175
-5.35272	2.02632
-5.32183	2.19236
-5.33237	2.10506
-5.268	2.36317
-5.34038	2.04983
-5.42833	1.62567
-5.41255	1.62581
-5.2301	2.45761
-5.3896	1.73688
-5.39837	1.80144
-5.33629	2.0388
-5.35697	1.9238
-5.23421	2.38758
-5.17632	2.64855
-5.25736	2.39287
-5.23324	2.6045
-5.19858	2.72226
-5.24517	2.61996
-5.31283	2.21809
-5.37989	1.81852
-5.3074	2.25095
-5.34422	2.06075
-5.29085	2.19278
-5.37549	1.81604
-5.37362	1.90296
-5.34826	2.04678
-5.32817	2.16418
-5.31336	2.15592
-5.42081	1.71233
-5.45224	1.66736
-5.36326	1.95661
-5.29341	2.21679
-5.34708	2.01214
-5.30952	2.20032
-5.34707	1.92748
-5.51342	1.24972
-5.57088	1.03409
-5.53283	1.09165
-5.54191	0.937744
-5.51036	1.09727
-5.52252	1.06023
-5.64327	0.553051
-5.60722	0.646458
-5.49262	1.11204
-5.46674	1.34719
-5.46044	1.33676
-5.53891	1.08086
-5.56545	0.9696
-5.59955	0.809977
-5.56825	0.867295
-5.50418	1.24058
-5.53916	1.08037
-5.43454	1.52913
-5.42611	1.588
-5.36335	1.7129
-5.38047	1.73057
-5.25856	2.30486
-5.45377	1.43364
-5.46972	1.39143
-5.50049	1.25198
-5.43895	1.59307
-5.4164	1.6881
-5.34434	2.05086
-5.37422	1.98751
-5.35347	1.98989
-5.34043	2.01151
-5.30635	2.12516
-5.39079	1.78237
-5.50983	1.3076
-5.49611	1.31857
-5.54446	1.03554
-5.49381	1.29922
-5.46331	1.37311
-5.43756	1.61488
-5.39741	1.71807
-5.40509	1.68607
-5.4528	1.41854
-5.43075	1.48237
-5.45195	1.48705
-5.51636	1.24987
-5.54804	1.11279
-5.56958	0.949227
-5.5039	1.26055
-5.47505	1.33432
-5.42273	1.60821
-5.41746	1.65255
-5.41016	1.64779
-5.39619	1.72462
-5.48703	1.48625
-5.48121	1.55741
-5.45401	1.59986
-5.4733	1.49891
-5.55901	1.01547
-5.54438	1.07718
-5.51082	1.22862
-5.49841	1.25611
-5.46268	1.46816
-5.51888	1.17351
-5.4146	1.70424
-5.37364	1.86815
-5.28873	2.21342
-5.35694	1.95607
-5.32696	2.06147
-5.28375	2.12166
-5.27765	2.14233
-5.43295	1.48123
-5.43822	1.49019
-5.33489	1.87571
-5.31761	2.06808
-5.29164	2.15109
-5.22933	2.33784
-5.44659	1.42245
-5.39606	1.65747
-5.53173	1.10844
-5.52802	1.08847
-5.50488	1.26529
-5.50405	1.17546
-5.48916	1.21716
-5.48909	1.31028
-5.38525	1.86997
-5.47868	1.44597
-5.49832	1.39658
-5.42692	1.74429
-5.37925	2.06622
-5.46417	1.69312
-5.47746	1.555
-5.49264	1.54766
-5.33961	2.1718
-5.35461	2.18438
-5.35782	2.13465
-5.39449	2.06077
-5.32481	2.3151
-5.36502	2.04318
-5.35439	2.05903
-5.42346	1.76064
-5.45899	1.60881
-5.37284	1.93992
-5.36075	1.98468
-5.42026	1.76159
-5.4298	1.60251
-5.42953	1.59654
-5.42937	1.68983
-5.44211	1.55353
-5.47098	1.47193
-5.4535	1.52439
-5.41643	1.61983
-5.38261	1.71404
-5.35253	1.81414
-5.4556	1.44859
-5.54773	1.14498
-5.49824	1.3754
-5.54583	1.07879
-5.57742	0.953496
-5.528	1.2462
-5.51727	1.34678
-5.55363	1.16125
-5.59057	1.03064
-5.56691	1.16152
-5.56504	1.15808
-5.38134	1.96186
-5.25982	2.45908
-5.36399	2.03825
-5.42276	1.83559
-5.42083	1.73426
-5.40507	1.77188
-5.33597	2.03918
-5.39507	1.78942
-5.52258	1.22376
-5.47592	1.47612
-5.39251	1.80323
-5.31112	2.23055
-5.38448	1.90398
-5.3433	2.13137
-5.36252	2.02903
-5.28697	2.27281
-5.35587	2.07179
-5.37313	2.09046
-5.33298	2.24603
-5.32871	2.28546
-5.29974	2.3267
-5.32095	2.22144
-5.30396	2.33753
-5.19158	2.7639
-5.39056	1.92081
-5.37849	1.96769
-5.26723	2.41505
-5.29044	2.32008
-5.28967	2.42156
-5.30737	2.29849
-5.43096	1.75663
-5.42368	1.70037
-5.49458	1.37401
-5.43598	1.6185
-5.45314	1.47572
-5.49779	1.31388
-5.48626	1.34684
-5.48493	1.44294
-5.42966	1.59819
-5.58108	0.857049
-5.52304	1.14121
-5.49888	1.22919
-5.5075	1.34081
-5.37908	1.8734
-5.56421	1.01142
-5.60523	0.831061
-5.61554	0.750408
-5.66945	0.461559
-5.55906	0.925764
-5.48274	1.23898
-5.50716	1.16665
-5.56728	0.931053
-5.5364	0.988867
-5.49877	1.17991
-5.50698	1.16933
-5.40517	1.6573
-5.38169	1.76049
-5.41673	1.60832
-5.3941	1.61325
-5.40772	1.49019
-5.51071	1.05353
-5.5816	0.751593
-5.46148	1.24079
-5.48931	1.21536
-5.5492	0.984557
-5.52974	1.03848
-5.46214	1.38691
-5.44144	1.41806
-5.54368	1.03446
-5.47818	1.33479
-5.37648	1.75012
-5.31585	1.97968
-5.25504	2.36489
-5.32514	2.11295
-5.45337	1.50196
-5.36735	1.90323
-5.40909	1.87486
-5.43551	1.73446
-5.45476	1.61417
-5.49275	1.36092
-5.47214	1.31123
-5.47262	1.31921
-5.53359	1.01905
-5.56268	0.815725
-5.56575	0.813952
-5.46952	1.20461
-5.49592	1.14842
-5.54617	0.870157
-5.5444	0.885431
-5.59994	0.672424
-5.48567	1.19486
-5.53666	1.07707
-5.49253	1.29516
-5.54142	0.998194
-5.49755	1.12541
-5.53515	0.975578
-5.38663	1.5322
-5.46076	1.1965
-5.40994	1.424
-5.48448	1.08906
-5.45174	1.33934
-5.41751	1.40258
-5.43714	1.41009
-5.43672	1.38511
-5.54518	0.826933
-5.58794	0.688103
-5.56917	0.775866
-5.58239	0.720874
-5.54717	0.843864
-5.51031	0.965121
-5.38938	1.45898
-5.49662	1.07559
-5.436	1.33602
-5.45376	1.39024
-5.54511	1.06479
-5.53157	1.11886
-5.45841	1.39623
-5.49241	1.14011
-5.55887	0.822983
-5.5159	1.10002
-5.59225	0.778831
-5.57451	0.920139
-5.47106	1.38962
-5.37847	1.74567
-5.3834	1.65358
-5.34646	1.78255
-5.39149	1.64439
-5.37973	1.68554
-5.37472	1.77831
-5.36426	1.81421
-5.39081	1.81627
-5.37346	1.89624
-5.4524	1.49641
-5.41989	1.56093
-5.42705	1.48557
-5.41978	1.45183
-5.56067	0.922604
-5.64453	0.591483
-5.56636	0.995896
-5.5567	1.0343
-5.52412	1.20631
-5.51645	1.35187
-5.42061	1.80893
-5.4914	1.51674
-5.45385	1.72325
-5.36484	2.14019
-5.34604	2.35746
-5.20877	2.78881
-5.18193	3.03511
-5.1327	3.23001
-5.18403	2.89439
-5.28141	2.43116
-5.39216	1.77959
-5.44253	1.58589
-5.4695	1.4432
-5.52917	1.20268
-5.44442	1.60302
-5.55587	1.06123
-5.5312	1.12108
-5.46203	1.3369
-5.44753	1.42232
-5.4579	1.40473
-5.37197	1.83611
-5.44459	1.57012
-5.46688	1.31327
-5.51332	1.10891
-5.51315	1.16246
-5.43075	1.56234
-5.45319	1.4299
-5.43825	1.52544
-5.49793	1.32647
-5.58248	0.885371
-5.57893	0.953219
-5.51145	1.16077
-5.43337	1.38878
-5.53456	0.932151
-5.54631	0.918481
-5.51232	1.13829
-5.48856	1.20385
-5.56064	0.87373
-5.52052	1.14978
-5.52958	1.04947
-5.56115	0.943754
-5.50952	1.1895
-5.44223	1.44404
-5.46598	1.37443
-5.3945	1.63904
-5.39351	1.73022
-5.43795	1.55747
-5.43734	1.61558
-5.46171	1.52419
-5.51426	1.2687
-5.56652	1.02477
-5.57247	1.05156
-5.48431	1.46657
-5.47122	1.43809
-5.31603	2.03406
-5.33806	1.88366
-5.39991	1.64133
-5.39709	1.47571
-5.30337	1.79165
-5.34838	1.63418
-5.43312	1.28666
-5.46066	1.25051
-5.42567	1.30421
-5.4752	1.09596
-5.51497	1.04537
-5.5575	0.79956
-5.5287	0.97024
-5.58664	0.719646
-5.55726	0.859243
-5.60766	0.533316
-5.64195	0.466697
-5.54615	1.06355
-5.58255	0.923929
-5.64994	0.559514
-5.56711	0.97246
-5.54453	1.08057
-5.49456	1.23589
-5.50003	1.22074
-5.51496	1.06336
-5.49075	1.19927
-5.52396	1.05331
-5.58894	0.680336
-5.48117	1.11364
-5.40568	1.47515
-5.49025	1.08707
-5.52396	0.944503
-5.57829	0.765282
-5.56386	0.925401
-5.39381	1.59566
-5.51266	1.04282
-5.45205	1.2504
-5.48951	1.10819
-5.41717	1.41953
-5.45913	1.30453
-5.44497	1.36462
-5.48727	1.16168
-5.55808	0.756163
-5.58537	0.614617
-5.54733	0.850699
-5.61659	0.523777
-5.64994	0.424502
-5.60846	0.707131
-5.55987	0.867912
-5.59241	0.579936
-5.6034	0.563613
-5.56971	0.742564
-5.52256	0.920264
-5.39367	1.49429
-5.50712	1.08852
-5.45616	1.41691
-5.3598	1.84594
-5.32012	2.11153
-5.39939	1.79445
-5.46008	1.53944
-5.49976	1.35282
-5.38512	1.85275
-5.36372	2.01218
-5.41847	1.68491
-5.47953	1.41715
-5.57777	1.03455
-5.60956	0.795611
-5.57796	1.12014
-5.51936	1.26521
-5.40519	1.69614
-5.40677	1.71208
-5.38751	1.76962
-5.47188	1.34896
-5.48021	1.38606
-5.45575	1.4336
-5.50961	1.1088
-5.45381	1.37767
-5.44318	1.38903
-5.43995	1.49332
-5.48344	1.31387
-5.47069	1.34891
-5.43701	1.55048
-5.49235	1.31188
-5.46063	1.36172
-5.50181	1.21107
-5.60938	0.716711
-5.52891	1.04442
-5.45561	1.3337
-5.49504	1.27944
-5.44473	1.43997
-5.56698	0.740889
-5.57516	0.762557
-5.59165	0.705273
-5.58965	0.752819
-5.49048	1.21833
-5.48379	1.22704
-5.43182	1.28254
-5.47489	1.1242
-5.59058	0.622448
-5.56404	0.818868
-5.42942	1.46671
-5.46159	1.30178
-5.49649	1.02846
-5.479	1.22863
-5.53598	0.899214
-5.51319	1.03597
-5.51384	0.989839
-5.60462	0.655113
-5.62086	0.536662
-5.57527	0.842235
-5.50098	1.1848
-5.50456	1.15294
-5.5191	1.02035
-5.54112	0.965031
-5.54155	1.01509
-5.4343	1.42916
-5.33508	1.80168
-5.37946	1.60606
-5.29738	1.93903
-5.31942	1.90519
-5.40232	1.614
-5.37776	1.74172
-5.41966	1.56535
-5.58864	0.83569
-5.47181	1.28334
-5.48217	1.2272
-5.47351	1.28542
-5.39889	1.66603
-5.4206	1.57823
-5.4747	1.36341
-5.47432	1.33623
-5.40563	1.63365
-5.48009	1.27902
-5.50983	1.08239
-5.47838	1.24774
-5.42701	1.51954
-5.44677	1.4058
-5.5285	1.14674
-5.51127	1.21553
-5.49549	1.23192
-5.43781	1.45843
-5.46239	1.3623
-5.44306	1.35683
-5.42045	1.52767
-5.37297	1.76633
-5.34081	1.97728
-5.39961	1.67665
-5.42188	1.64141
-5.3747	1.88841
-5.37273	1.91169
-5.4938	1.36297
-5.55107	1.07832
-5.51346	1.26064
-5.4613	1.48762
-5.39476	1.88321
-5.33476	2.04706
-5.41877	1.79087
-5.56065	1.09162
-5.5456	1.21739
-5.45189	1.67537
-5.4919	1.49583
-5.33439	2.27747
-5.3039	2.30939
-5.40324	1.72103
-5.32747	2.11902
-5.31406	2.2106
-5.39826	1.79897
-5.5212	1.32495
-5.46677	1.49084
-5.47452	1.46925
-5.4784	1.37867
-5.52271	1.29509
-5.47257	1.5602
-5.54355	1.24824
-5.55318	1.21619
-5.59447	1.07596
-5.64465	0.823995
-5.67585	0.56938
-5.55482	1.09714
-5.47125	1.48517
-5.39331	1.88969
-5.45204	1.63727
-5.47101	1.59911
-5.45047	1.67996
-5.38174	1.85269
-5.41746	1.82159
-5.41818	1.78624
-5.31171	2.20903
-5.33066	2.26801
-5.3061	2.29336
-5.29642	2.25668
-5.30223	2.29562
-5.22991	2.58431
-5.24762	2.4914
-5.26917	2.37649
-5.31656	2.13248
-5.3566	1.98209
-5.2685	2.34657
-5.2058	2.6045
-5.19748	2.65045
-5.33373	2.00892
-5.35704	1.92122
-5.32442	2.00147
-5.43763	1.50942
-5.44175	1.46689
-5.36033	1.79728
-5.35173	1.81956
-5.31933	1.98135
-5.23704	2.33544
-5.22431	2.38106
-5.31477	1.95261
-5.23654	2.37576
-5.36445	1.8573
-5.30632	2.09586
-5.38611	1.73151
-5.3791	1.72327
-5.48717	1.14068
-5.46976	1.14423
-5.46666	1.22816
-5.51749	1.15502
-5.4544	1.34594
-5.46267	1.39581
-5.47525	1.27053
-5.51958	1.09937
-5.58825	0.748258
-5.5381	1.05402
-5.55708	1.09384
-5.57315	1.06601
-5.60287	1.05601
-5.53261	1.29738
-5.54681	1.21095
-5.47944	1.47494
-5.31617	2.19749
-5.39457	1.86767
-5.36846	1.99481
-5.38354	2.01427
-5.35429	2.0575
-5.32955	2.18733
-5.31418	2.2759
-5.40088	1.92079
-5.39223	1.91512
-5.43541	1.65566
-5.42095	1.74281
-5.3862	1.86292
-5.37447	1.95368
-5.32282	2.26458
-5.27764	2.51166
-5.26853	2.48198
-5.37971	1.90033
-5.3111	2.26599
-5.32452	2.28173
-5.29761	2.38327
-5.40905	1.84828
-5.45241	1.61213
-5.44877	1.58917
-5.40655	1.77874
-5.37736	1.8447
-5.41356	1.73467
-5.39401	1.69929
-5.34714	1.85724
-5.43317	1.4919
-5.46759	1.33422
-5.42701	1.55212
-5.35212	1.85149
-5.45603	1.44083
-5.38168	1.79624
-5.40555	1.6429
-5.48202	1.36678
-5.57365	0.909644
-5.5631	0.913113
-5.52953	1.1787
-5.4337	1.63046
-5.42032	1.78219
-5.34083	1.97546
-5.37366	1.83721
-5.38753	1.75882
-5.37974	1.85368
-5.41176	1.59198
-5.42775	1.54278
-5.42973	1.56031
-5.40861	1.69721
-5.47956	1.25149
-5.43896	1.52194
-5.40263	1.63164
-5.35589	1.75694
-5.21232	2.54064
-5.10689	3.01848
-5.14929	2.8957
-5.22419	2.56121
-5.27559	2.2606
-5.24811	2.4208
-5.42557	1.75159
-5.42623	1.7755
-5.37669	1.98802
-5.45278	1.59424
-5.46231	1.54525
-5.40819	1.74316
-5.47795	1.35492
-5.51915	1.25564
-5.43181	1.57719
-5.40609	1.68258
-5.37442	1.85005
-5.31303	2.04752
-5.41494	1.56076
-5.44255	1.4289
-5.56246	0.906967
-5.54943	1.05285
-5.6419	0.631027
-5.68021	0.490444
-5.65395	0.472013
-5.55978	0.871278
-5.5437	0.894689
-5.53418	1.01152
-5.48736	1.16943
-5.41023	1.53628
-5.42164	1.45506
-5.32118	1.88616
-5.48727	1.05621
-5.46484	1.1595
-5.35719	1.72809
-5.40939	1.66481
-5.3365	2.00219
-5.39925	1.68056
-5.44644	1.48923
-5.42505	1.56569
-5.40266	1.60955
-5.44161	1.53048
-5.44281	1.49463
-5.44217	1.5159
-5.35336	1.8972
-5.46622	1.43985
-5.39263	1.76754
-5.31469	2.10268
-5.30792	2.01171
-5.35853	1.75677
-5.36184	1.68943
-5.38881	1.52099
-5.38849	1.54594
-5.50026	1.16676
-5.36908	1.68373
-5.34563	1.78765
-5.40618	1.65917
-5.3361	1.95866
-5.32865	1.91902
-5.38239	1.74602
-5.44925	1.49765
-5.3874	1.72181
-5.43798	1.56059
-5.53321	1.09287
-5.49627	1.23633
-5.55408	0.885484
-5.58404	0.840668
-5.57783	0.822606
-5.56539	0.936468
-5.58852	0.865276
-5.61026	0.767455
-5.48189	1.3411
-5.40923	1.66895
-5.29606	2.15037
-5.25937	2.33074
-5.2329	2.46824
-5.31414	2.14161
-5.35631	1.94309
-5.31745	2.12455
-5.41816	1.68992
-5.39151	1.8496
-5.42948	1.67939
-5.41617	1.75304
-5.35314	2.02368
-5.46754	1.58016
-5.39694	1.81995
-5.43576	1.73743
-5.47559	1.61052
-5.36194	2.1232
-5.32203	2.26902
-5.35446	2.12186
-5.39952	1.95386
-5.47864	1.58526
-5.46159	1.68107
-5.47922	1.55091
-5.45806	1.60637
-5.49015	1.49063
-5.42429	1.83564
-5.33365	2.18861
-5.29262	2.33554
-5.37583	1.98578
-5.45646	1.66646
-5.42077	1.90726
-5.41741	1.9658
-5.44319	1.89554
-5.34972	2.23213
-5.30412	2.44548
-5.3073	2.49949
-5.41126	2.01606
-5.48535	1.64085
-5.46933	1.62125
-5.44055	1.86662
-5.45825	1.7277
-5.44083	1.758
-5.46472	1.6343
-5.43997	1.68222
-5.49601	1.42736
-5.57098	1.03995
-5.55025	1.09607
-5.51639	1.37168
-5.5465	1.15732
-5.52448	1.16673
-5.66836	0.564113
-5.63388	0.70161
-5.60953	0.775237
-5.60483	0.78566
-5.59324	0.947833
-5.50067	1.29799
-5.50119	1.23307
-5.51706	1.16763
-5.45625	1.48514
-5.50058	1.26571
-5.50262	1.22186
-5.53465	1.09979
-5.47011	1.37837
-5.52058	1.16538
-5.41186	1.67517
-5.51862	1.39003
-5.45171	1.65762
-5.58348	1.1557
-5.5465	1.25091
-5.51458	1.39668
-5.43666	1.63917
-5.47883	1.49174
-5.48513	1.50735
-5.33973	2.11669
-5.27351	2.49841
-5.29986	2.37084
-5.28982	2.42933
-5.54769	1.28161
-5.49004	1.44651
-5.4229	1.7208
-5.31204	2.19842
-5.28831	2.33101
-5.39202	1.83047
-5.3796	1.87445
-5.40706	1.71394
-5.27149	2.19019
-5.35978	1.85899
-5.35286	1.88828
-5.35539	1.86082
-5.39141	1.71039
-5.27996	2.23357
-5.41484	1.56169
-5.39198	1.73266
-5.41226	1.62342
-5.42272	1.58106
-5.50387	1.2012
-5.41814	1.63209
-5.43982	1.54921
-5.45286	1.56088
-5.39775	1.83956
-5.48146	1.51278
-5.43127	1.7327
-5.35943	1.98947
-5.44886	1.50883
-5.39652	1.74196
-5.43007	1.66801
-5.42526	1.63465
-5.47461	1.43648
-5.3907	1.77146
-5.37266	1.86954
-5.37996	1.86393
-5.4031	1.85908
-5.35258	1.95137
-5.38115	1.64547
-5.34671	1.83643
-5.40784	1.59312
-5.51226	1.14079
-5.49486	1.24531
-5.37184	1.75412
-5.38603	1.739
-5.38949	1.73818
-5.35553	1.90217
-5.3464	1.78466
-5.4145	1.47711
-5.36384	1.75001
-5.42125	1.52032
-5.44377	1.51666
-5.43906	1.47934
-5.35589	1.78604
-5.41378	1.56306
-5.46223	1.29671
-5.53027	1.03934
-5.56886	0.904357
-5.65033	0.495151
-5.51155	1.07364
-5.57118	0.784206
-5.56879	0.720192
-5.60609	0.584254
-5.52868	1.02295
-5.50831	1.10954
-5.45778	1.35163
-5.32834	1.90501
-5.30723	1.90227
-5.31198	1.93501
-5.37204	1.73335
-5.43431	1.51536
-5.26321	2.27257
-5.31132	2.04297
-5.30426	2.01928
-5.47414	1.34328
-5.39784	1.63908
-5.43484	1.47348
-5.48026	1.19245
-5.49161	1.25147
-5.4486	1.47259
-5.50953	1.25266
-5.3838	1.78653
-5.37022	1.86007
-5.36281	1.91339
-5.48108	1.24571
-5.42079	1.53809
-5.44907	1.41498
-5.4543	1.50978
-5.43276	1.51546
-5.4829	1.23075
-5.48558	1.22135
-5.50958	1.1903
-5.54752	0.969537
-5.50569	1.16119
-5.48189	1.31019
-5.45438	1.42985
-5.44278	1.59901
-5.38591	1.68422
-5.36977	1.79853
-5.44343	1.41517
-5.47104	1.36188
-5.47556	1.41002
-5.48583	1.24943
-5.43448	1.50339
-5.50582	1.17024
-5.52054	1.1235
-5.5833	0.937133
-5.64798	0.753288
-5.59673	0.956645
-5.52445	1.30649
-5.46337	1.5683
-5.47546	1.38431
-5.45867	1.50384
-5.48758	1.402
-5.4309	1.61758
-5.4008	1.78774
-5.49393	1.38125
-5.45337	1.48282
-5.50953	1.16493
-5.53141	1.05346
-5.49908	1.18287
-5.38946	1.67028
-5.29881	2.10361
-5.30461	2.05063
-5.30213	2.13398
-5.35011	1.96037
-5.3867	1.79223
-5.4528	1.55853
-5.36402	2.04949
-5.44352	1.76929
-5.49599	1.45415
-5.54871	1.32634
-5.54751	1.22428
-5.49055	1.48415
-5.5429	1.21902
-5.53737	1.30219
-5.61015	0.957547
-5.62549	0.836418
-5.63108	0.702042
-5.54819	1.1953
-5.59931	0.922644
-5.64004	0.667115
-5.5202	1.12003
-5.4273	1.58666
-5.4207	1.52645
-5.4884	1.24585
-5.52727	1.04202
-5.35544	1.76422
-5.32481	1.91452
-5.4973	1.26458
-5.40815	1.6178
-5.45419	1.42834
-5.43993	1.42324
-5.5505	0.996922
-5.56894	0.921095
-5.53132	1.10795
-5.42584	1.6225
-5.38981	1.69694
-5.41922	1.61904
-5.43612	1.44618
-5.49599	1.22416
-5.60054	0.73956
-5.57789	0.831931
-5.60546	0.710679
-5.6263	0.605466
-5.5464	0.991981
-5.45586	1.33747
-5.42747	1.45871
-5.45421	1.38749
-5.52628	1.09957
-5.47788	1.23082
-5.40866	1.54126
-5.42741	1.47096
-5.58969	0.792031
-5.56411	0.873611
-5.52883	1.00243
-5.44496	1.43486
-5.45439	1.41547
-5.43645	1.42375
-5.42183	1.47321
-5.50948	1.1376
-5.4072	1.50979
-5.39629	1.56626
-5.49955	1.0746
-5.44186	1.27253
-5.39841	1.47424
-5.47878	1.14656
-5.48477	1.14836
-5.40678	1.47516
-5.40828	1.50708
-5.35004	1.68768
-5.34132	1.76613
-5.41892	1.54954
-5.37061	1.74571
-5.38914	1.70096
-5.32583	1.95621
-5.45843	1.4169
-5.49715	1.29687
-5.44081	1.53071
-5.56039	1.00531
-5.53992	1.10127
-5.53687	1.09345
-5.48709	1.17324
-5.4892	1.23529
-5.42037	1.52707
-5.47951	1.21072
-5.48874	1.23895
-5.50556	1.24677
-5.45756	1.37249
-5.45233	1.46361
-5.43619	1.54434
-5.53348	1.05876
-5.48045	1.21551
-5.52854	1.02945
-5.48578	1.25575
-5.40574	1.67461
-5.42898	1.60474
-5.49257	1.28755
-5.47445	1.44318
-5.42126	1.71249
-5.30888	2.19771
-5.28678	2.26401
-5.37008	1.93776
-5.33886	2.15154
-5.40105	1.80275
-5.40922	1.6882
-5.39031	1.70199
-5.36595	1.90804
-5.26558	2.29778
-5.298	2.15109
-5.37434	1.78778
-5.41116	1.70933
-5.39257	1.82803
-5.42451	1.68372
-5.3909	1.86192
-5.43415	1.63062
-5.50584	1.24099
-5.3483	1.84466
-5.37192	1.806
-5.36594	1.79826
-5.37831	1.80852
-5.28029	2.22328
-5.28279	2.19088
-5.28256	2.25172
-5.29334	2.19807
-5.22902	2.38555
-5.26316	2.32531
-5.29938	2.11714
-5.27081	2.30399
-5.26046	2.33782
-5.29165	2.21618
-5.30497	2.0174
-5.33333	2.03532
-5.37836	1.86457
-5.43576	1.59164
-5.4821	1.32714
-5.4721	1.35588
-5.40019	1.60996
-5.4264	1.51632
-5.33887	1.89197
-5.35435	1.86227
-5.32977	2.06168
-5.27196	2.36957
-5.36256	1.93328
-5.42037	1.68823
-5.39121	1.90788
-5.31629	2.18839
-5.26314	2.37213
-5.33452	2.01361
-5.42162	1.685
-5.32153	2.10347
-5.28009	2.32003
-5.2879	2.25224
-5.31888	2.30365
-5.304	2.26015
-5.22039	2.58387
-5.28439	2.15728
-5.3142	2.10138
-5.31618	1.96692
-5.28968	2.08739
-5.42037	1.60238
-5.36603	1.76846
-5.31582	1.92672
-5.39297	1.60343
-5.41015	1.52208
-5.46411	1.37138
-5.51384	1.19939
-5.47788	1.33453
-5.40652	1.68585
-5.33062	1.9308
-5.28393	2.1068
-5.38078	1.71344
-5.35296	1.78844
-5.35147	1.77194
-5.40208	1.46737
-5.41739	1.43825
-5.41667	1.42202
-5.42818	1.39896
-5.35728	1.74041
-5.35572	1.80431
-5.28947	2.0925
-5.27788	2.13775
-5.4184	1.47746
-5.44932	1.3003
-5.39123	1.57843
-5.45467	1.37197
-5.46341	1.40072
-5.40372	1.71498
-5.44617	1.48841
-5.33557	1.95782
-5.33066	1.93724
-5.29289	2.14707
-5.35134	1.88303
-5.37772	1.75125
-5.43709	1.56438
-5.29522	2.09909
-5.32786	1.95889
-5.38921	1.69623
-5.4338	1.48356
-5.40115	1.62689
-5.43264	1.49892
-5.37416	1.69695
-5.30111	2.03837
-5.32088	1.91988
-5.35015	1.7135
-5.43731	1.42316
-5.46671	1.29956
-5.50448	1.14261
-5.45897	1.41659
-5.39299	1.7029
-5.49573	1.16857
-5.45479	1.41465
-5.4134	1.57025
-5.52919	1.12009
-5.43079	1.54038
-5.49658	1.35294
-5.39043	1.71518
-5.40381	1.68456
-5.40998	1.67606
-5.38066	1.82441
-5.34116	2.0147
-5.32858	2.02196
-5.33839	2.00767
-5.41881	1.64716
-5.43221	1.61135
-5.42092	1.61505
-5.44258	1.45789
-5.44607	1.59123
-5.48534	1.4869
-5.55161	1.21983
-5.49229	1.42951
-5.46539	1.52643
-5.49281	1.47277
-5.51688	1.40033
-5.43151	1.71066
-5.36067	1.90283
-5.46188	1.48052
-5.36741	1.96016
-5.43331	1.65192
-5.34409	2.04103
-5.34308	2.03484
-5.34859	2.02755
-5.35881	1.95646
-5.33737	2.15695
-5.35659	2.06642
-5.45115	1.70665
-5.39056	2.02587
-5.38325	2.12015
-5.34853	2.18584
-5.31819	2.22433
-5.26951	2.42305
-5.2897	2.35289
-5.40818	1.81488
-5.40535	1.8262
-5.41185	1.86667
-5.37604	1.96355
-5.40175	1.82703
-5.33803	2.07794
-5.38883	1.98108
-5.34338	2.18555
-5.39552	2.11432
-5.49556	1.57517
-5.50046	1.39744
-5.44898	1.77371
-5.40114	1.98229
-5.44619	1.76109
-5.35596	2.15263
-5.39776	1.9676
-5.45141	1.62087
-5.51055	1.3916
-5.42332	1.75903
-5.32305	2.26307
-5.34768	2.13465
-5.4034	1.9411
-5.48864	1.64597
-5.4476	1.79978
-5.48213	1.72881
-5.38968	2.2896
-5.38856	2.13535
-5.45571	1.78163
-5.37187	2.14787
-5.46709	1.68043
-5.41856	1.78827
-5.38024	1.92184
-5.42847	1.80222
-5.39536	1.90893
-5.38464	2.03718
-5.46559	1.63274
-5.3713	2.00049
-5.29219	2.32719
-5.34812	2.0485
-5.25276	2.40036
-5.4352	1.63355
-5.34262	2.00227
-5.2971	2.1976
-5.17737	2.77235
-5.28781	2.30632
-5.31284	2.274
-5.43629	1.75705
-5.39386	1.94964
-5.28887	2.40474
-5.41398	1.7856
-5.45172	1.68702
-5.48672	1.45718
-5.52588	1.28634
-5.38453	1.83267
-5.4805	1.53893
-5.49243	1.40541
-5.47232	1.46179
-5.37448	1.90143
-5.39833	1.74556
-5.39376	1.70003
-5.4486	1.54466
-5.42564	1.59722
-5.389	1.74474
-5.40216	1.67153
-5.47449	1.4812
-5.49204	1.34384
-5.38041	1.84774
-5.28782	2.16354
-5.35977	1.95159
-5.40735	1.72284
-5.48935	1.28912
-5.46216	1.48711
-5.43502	1.56252
-5.5054	1.20104
-5.50417	1.25512
-5.51671	1.18665
-5.4688	1.40128
-5.53064	1.17113
-5.50522	1.30882
-5.42481	1.67107
-5.4857	1.54521
-5.48115	1.62269
-5.47438	1.73603
-5.40619	1.96326
-5.48763	1.66774
-5.38823	2.03776
-5.41096	1.85984
-5.51584	1.32883
-5.40035	1.84988
-5.39716	1.89446
-5.473	1.54558
-5.54689	1.26346
-5.55326	1.1199
-5.4426	1.59269
-5.40033	1.68493
-5.43507	1.50019
-5.36372	1.7678
-5.36537	1.70141
-5.38517	1.60339
-5.42882	1.40279
-5.47789	1.24219
-5.53128	1.02709
-5.52293	1.19779
-5.40382	1.57567
-5.32166	1.90176
-5.36124	1.68225
-5.29474	2.00827
-5.42684	1.37445
-5.44419	1.38053
-5.39539	1.64505
-5.35921	1.83504
-5.36125	1.82729
-5.37795	1.80322
-5.42561	1.46367
-5.46512	1.3569
-5.39457	1.73691
-5.47218	1.39354
-5.52134	1.16186
-5.42782	1.48414
-5.36166	1.78468
-5.35498	1.79862
-5.45638	1.32818
-5.46697	1.20806
-5.41883	1.4966
-5.36744	1.79621
-5.29027	2.1345
-5.26385	2.24463
-5.42602	1.53751
-5.42328	1.46239
-5.41041	1.5501
-5.41923	1.56629
-5.45773	1.35858
-5.42748	1.46739
-5.48676	1.24264
-5.4502	1.36473
-5.49649	1.13515
-5.43111	1.38103
-5.38154	1.57463
-5.29769	1.88818
-5.31298	1.91337
-5.25922	2.16099
-5.25731	2.16486
-5.31671	1.83579
-5.35642	1.61679
-5.34277	1.72846
-5.37215	1.59752
-5.38265	1.55093
-5.45656	1.27595
-5.33925	1.83728
-5.32281	1.98067
-5.38914	1.69119
-5.38298	1.7561
-5.31938	1.97081
-5.38469	1.71249
-5.43241	1.44701
-5.46948	1.24074
-5.34686	1.90504
-5.22575	2.49316
-5.23777	2.44147
-5.28054	2.30931
-5.17997	2.73921
-5.17957	2.62912
-5.28239	2.15951
-5.26472	2.3545
-5.24012	2.40941
-5.23235	2.5005
-5.318	2.10835
-5.35566	1.96489
-5.34636	1.93481
-5.46194	1.36209
-5.45087	1.50302
-5.46552	1.45001
-5.47119	1.4212
-5.37734	1.81145
-5.34171	2.02182
-5.37087	1.9608
-5.3648	1.90095
-5.43306	1.68627
-5.42514	1.77082
-5.39553	1.78608
-5.31363	2.19936
-5.33364	2.14093
-5.33099	2.17095
-5.31955	2.15235
-5.3043	2.20486
-5.25748	2.45739
-5.31786	2.17832
-5.16349	2.90601
-5.13609	3.06331
-5.10505	3.19781
-5.24343	2.56887
-5.17999	2.80652
-5.15093	2.99458
-5.21765	2.61617
-5.21538	2.58352
-5.23252	2.53525
-5.30129	2.30823
-5.42608	1.76954
-5.3792	1.87528
-5.39669	1.81866
-5.44795	1.66604
-5.31229	2.25528
-5.45798	1.63025
-5.48791	1.53607
-5.42438	1.79787
-5.42276	1.7613
-5.41195	1.75763
-5.39018	1.92968
-5.46163	1.61684
-5.48265	1.5142
-5.4369	1.7104
-5.4595	1.5882
-5.40146	1.81853
-5.37216	1.91083
-5.43875	1.54625
-5.24661	2.35659
-5.20757	2.508
-5.22348	2.52451
-5.24326	2.37236
-5.27695	2.32941
-5.33973	2.02776
-5.32203	2.11818
-5.35649	1.88359
-5.37736	1.80993
-5.40661	1.63022
-5.4488	1.51448
-5.43009	1.50716
-5.38218	1.75775
-5.50094	1.18123
-5.44985	1.37373
-5.54494	1.03727
-5.46089	1.44062
-5.47922	1.44139
-5.48385	1.44347
-5.42008	1.79256
-5.40384	1.85652
-5.3996	1.8243
-5.39812	1.92168
-5.40368	1.83579
-5.30946	2.16691
-5.30548	2.07654
-5.22212	2.38247
-5.26579	2.28491
-5.32239	2.03042
-5.39609	1.69271
-5.28075	2.1857
-5.34152	1.88949
-5.34227	1.95699
-5.40632	1.67922
-5.41637	1.60516
-5.35432	1.91413
-5.38824	1.74507
-5.38637	1.73109
-5.45357	1.38482
-5.44737	1.34694
-5.31602	1.89653
-5.42778	1.41199
-5.46362	1.23659
-5.50848	1.01683
-5.44097	1.31533
-5.36662	1.65293
-5.37794	1.6801
-5.30203	2.07537
-5.29491	2.126
-5.17333	2.72749
-5.23401	2.41114
-5.27744	2.21913
-5.39222	1.80688
-5.31156	2.0612
-5.22952	2.43151
-5.29529	2.19556
-5.35823	1.8688
-5.2758	2.21243
-5.27957	2.16938
-5.3738	1.80133
-5.34958	1.98844
-5.336	2.03447
-5.32309	2.21667
-5.27055	2.43739
-5.30342	2.08187
-5.334	2.03684
-5.43974	1.69003
-5.40527	1.87136
-5.43675	1.76051
-5.35603	2.04248
-5.39861	1.83885
-5.43246	1.65147
-5.34463	1.95992
-5.29238	2.13171
-5.23517	2.43615
-5.27809	2.24994
-5.38164	1.7575
-5.40239	1.731
-5.37022	1.90717
-5.42271	1.8147
-5.40481	1.94066
-5.35054	2.15529
-5.22894	2.60658
-5.28575	2.3444
-5.30419	2.32833
-5.31524	2.33188
-5.28693	2.35093
-5.28571	2.23041
-5.45764	1.46201
-5.40897	1.71926
-5.32787	2.08073
-5.34247	2.01464
-5.33319	2.01691
-5.34313	1.90115
-5.42562	1.57152
-5.38066	1.75037
-5.41364	1.65047
-5.33673	1.91037
-5.44529	1.43627
-5.3328	2.14227
-5.27803	2.40126
-5.29894	2.26275
-5.30088	2.13243
-5.27814	2.28357
-5.24304	2.47816
-5.24192	2.45077
-5.30388	2.06625
-5.39156	1.74026
-5.44966	1.40255
-5.48382	1.26458
-5.50677	1.21421
-5.44913	1.41957
-5.44714	1.42992
-5.56412	0.846084
-5.5342	0.98669
-5.47752	1.28599
-5.4007	1.64726
-5.46564	1.42881
-5.47676	1.34373
-5.50348	1.30773
-5.39935	1.68861
-5.43338	1.47891
-5.43039	1.46906
-5.37228	1.83777
-5.37308	1.85728
-5.4175	1.73184
-5.39536	1.87057
-5.40878	1.76735
-5.40777	1.64079
-5.34845	1.92984
-5.38131	1.9083
-5.48113	1.36624
-5.41755	1.59087
-5.41107	1.63916
-5.45408	1.41311
-5.48463	1.44462
-5.46434	1.46984
-5.37133	1.6946
-5.31643	1.90625
-5.29934	2.04837
-5.28363	2.11021
-5.33791	1.9305
-5.38964	1.75677
-5.39456	1.80699
-5.38888	1.81592
-5.4029	1.74351
-5.33039	2.04586
-5.34942	2.00676
-5.39637	1.72458
-5.43222	1.50324
-5.39831	1.78732
-5.4497	1.44465
-5.43412	1.49654
-5.39668	1.69047
-5.35869	1.85663
-5.3177	2.04258
-5.35324	1.87901
-5.39027	1.77805
-5.41143	1.70925
-5.48178	1.40973
-5.49632	1.40651
-5.45996	1.51688
-5.37857	1.89547
-5.36408	2.00267
-5.44072	1.69886
-5.40881	1.81426
-5.39355	1.82891
-5.41175	1.68425
-5.4312	1.60893
-5.48083	1.35258
-5.44718	1.53901
-5.30168	2.13716
-5.34313	1.99185
-5.37987	1.79367
-5.41659	1.70061
-5.51538	1.25363
-5.38235	1.79516
-5.37591	1.89419
-5.31896	2.22995
-5.38814	1.84317
-5.30931	2.22572
-5.35106	2.01898
-5.30729	2.24531
-5.44923	1.63308
-5.41732	1.78187
-5.36277	2.05991
-5.44066	1.72715
-5.52836	1.42989
-5.53071	1.4018
-5.40966	1.88693
-5.48495	1.60506
-5.45696	1.69717
-5.48176	1.62182
-5.49352	1.56992
-5.56477	1.24992
-5.55382	1.24243
-5.47626	1.63288
-5.54861	1.33644
-5.54562	1.34811
-5.5354	1.37117
-5.57087	1.19044
-5.56286	1.11989
-5.55936	1.141
-5.56572	1.22393
-5.54207	1.41957
-5.48412	1.67256
-5.38847	2.13271
-5.37217	2.16906
-5.43329	1.68562
-5.48199	1.45316
-5.55688	1.2273
-5.53116	1.37857
-5.49534	1.48832
-5.50986	1.44043
-5.484	1.54986
-5.45342	1.56175
-5.48095	1.57059
-5.55711	1.24281
-5.57076	1.14435
-5.51222	1.41874
-5.47077	1.51417
-5.57783	1.10351
-5.60613	0.891643
-5.55181	1.08881
-5.64653	0.772129
-5.63236	0.870768
-5.53811	1.25246
-5.52241	1.40666
-5.53851	1.2895
-5.50477	1.3262
-5.51374	1.29494
-5.51498	1.31369
-5.52581	1.36611
-5.52549	1.39939
-5.51713	1.43708
-5.44842	1.76198
-5.4535	1.64942
-5.42052	1.78455
-5.38731	1.84389
-5.4972	1.30211
-5.5716	1.02824
-5.44674	1.60464
-5.42775	1.66866
-5.39477	1.82575
-5.44145	1.59576
-5.41211	1.77937
-5.49006	1.50511
-5.34122	2.14759
-5.29718	2.31777
-5.3706	2.01921
-5.49306	1.46879
-5.5102	1.35001
-5.50851	1.3199
-5.42963	1.68641
-5.44836	1.55879
-5.49793	1.34119
-5.48555	1.42271
-5.44449	1.58292
-5.49114	1.34023
-5.53193	1.12876
-5.61393	0.771194
-5.63881	0.653817
-5.58453	0.99498
-5.53512	1.09793
-5.52376	1.0933
-5.49901	1.24497
-5.53881	1.04339
-5.5552	0.999071
-5.57742	0.956009
-5.57201	0.937767
-5.51908	1.3161
-5.56374	1.06217
-5.56253	0.96356
-5.53288	1.07762
-5.45406	1.50871
-5.47571	1.27574
-5.50299	1.16872
-5.46369	1.35598
-5.45449	1.39048
-5.51952	1.28693
-5.53586	1.20435
-5.5343	1.2923
-5.58878	1.05117
-5.6355	0.827462
-5.61895	0.81413
-5.6551	0.683751
-5.52981	1.36563
-5.48493	1.49338
-5.49295	1.56433
-5.57134	1.15357
-5.52209	1.39462
-5.49026	1.44762
-5.50555	1.44487
-5.57464	1.14872
-5.46521	1.56536
-5.48352	1.52347
-5.49435	1.48218
-5.55011	1.26872
-5.58805	1.04427
-5.51198	1.34164
-5.47006	1.59032
-5.39486	1.78498
-5.4054	1.90117
-5.42411	1.71507
-5.36868	1.89533
-5.39541	1.89233
-5.34238	2.14438
-5.30816	2.28161
-5.29655	2.23856
-5.4153	1.71392
-5.41455	1.69199
-5.396	1.72006
-5.48106	1.41315
-5.59101	1.09646
-5.60069	1.11108
-5.49213	1.59295
-5.50226	1.47667
-5.50257	1.36789
-5.53182	1.26414
-5.47689	1.58043
-5.43442	1.81453
-5.50784	1.35461
-5.49479	1.44511
-5.45229	1.55479
-5.51796	1.26819
-5.37708	1.90018
-5.41722	1.64883
-5.48365	1.28782
-5.44554	1.42198
-5.41335	1.66754
-5.34163	1.92701
-5.38861	1.78871
-5.4298	1.5302
-5.42281	1.54655
-5.3324	1.97235
-5.44459	1.47358
-5.4737	1.36414
-5.48899	1.25859
-5.58164	0.794517
-5.44596	1.30341
-5.55061	0.89987
-5.56283	0.868451
-5.55564	0.872154
-5.61153	0.634122
-5.51597	0.990092
-5.57441	0.772218
-5.57147	0.763862
-5.67878	0.259454
-5.60811	0.550592
-5.62543	0.503596
-5.61635	0.723205
-5.53455	1.11636
-5.51415	1.18163
-5.43503	1.41388
-5.43097	1.32838
-5.52675	0.945888
-5.51872	1.02572
-5.56293	0.81262
-5.59518	0.637926
-5.60025	0.683792
-5.54632	0.994692
-5.59911	0.782293
-5.49789	1.22209
-5.47652	1.29692
-5.41607	1.55479
-5.45694	1.35762
-5.40994	1.62607
-5.43109	1.52095
-5.40913	1.56862
-5.58036	0.808811
-5.3813	1.77112
-5.32245	2.05484
-5.40315	1.68273
-5.4321	1.5708
-5.40832	1.68916
-5.43248	1.58031
-5.3322	2.05083
-5.30977	2.13591
-5.34687	2.06102
-5.46329	1.43987
-5.38086	1.82089
-5.33554	1.98655
-5.26068	2.32665
-5.22981	2.51406
-5.21529	2.60568
-5.34375	2.05
-5.39723	1.86712
-5.45107	1.55793
-5.53828	1.08717
-5.47735	1.30825
-5.49694	1.10642
-5.48311	1.1503
-5.47899	1.18292
-5.51701	1.07561
-5.41477	1.43307
-5.40158	1.47153
-5.43534	1.34516
-5.41227	1.43391
-5.36737	1.7377
-5.27358	2.07682
-5.37895	1.63198
-5.31893	1.86825
-5.36474	1.71668
-5.40725	1.57145
-5.34072	1.88326
-5.5109	1.10545
-5.47021	1.34135
-5.46016	1.33657
-5.4667	1.26379
-5.55782	0.912985
-5.61736	0.690074
-5.58359	0.874223
-5.60719	0.803236
-5.51069	1.2941
-5.52754	1.1564
-5.37467	1.82103
-5.40606	1.64524
-5.44115	1.50806
-5.45585	1.54719
-5.4317	1.67542
-5.48026	1.37258
-5.49217	1.29263
-5.43032	1.50359
-5.41249	1.61982
-5.51623	1.12379
-5.58488	0.893216
-5.46101	1.38295
-5.36641	1.83359
-5.49761	1.22216
-5.51239	1.22657
-5.43488	1.49632
-5.4083	1.57903
-5.33552	1.87069
-5.43872	1.43084
-5.40915	1.60877
-5.37904	1.71751
-5.37038	1.7184
-5.3814	1.6667
-5.45136	1.44746
-5.55742	0.956832
-5.572	0.850145
-5.52005	1.03787
-5.56887	0.77087
-5.55964	0.835074
-5.54268	0.942627
-5.45178	1.27421
-5.39974	1.57847
-5.31061	1.96804
-5.32184	1.91328
-5.26402	2.09159
-5.28385	1.99556
-5.4343	1.34907
-5.45352	1.35235
-5.49105	1.24192
-5.39985	1.52489
-5.41743	1.39347
-5.35941	1.71165
-5.36844	1.7208
-5.41765	1.42598
-5.34103	1.75579
-5.33296	1.77961
-5.39829	1.59234
-5.37824	1.74425
-5.31978	1.88517
-5.34574	1.74748
-5.36037	1.65338
-5.37529	1.66531
-5.34621	1.78106
-5.34527	1.7283
-5.43493	1.30901
-5.42094	1.37682
-5.48349	1.20599
-5.42455	1.48602
-5.38461	1.70711
-5.41857	1.50192
-5.40616	1.50013
-5.41308	1.45666
-5.3979	1.48482
-5.55605	0.794942
-5.55968	0.794177
-5.49599	0.992768
-5.44308	1.26619
-5.40469	1.4256
-5.48375	1.08198
-5.45215	1.25463
-5.32998	1.76935
-5.38669	1.53409
-5.37346	1.6116
-5.33411	1.89641
-5.3998	1.6169
-5.46593	1.27794
-5.4136	1.4307
-5.47451	1.2123
-5.39679	1.51364
-5.37765	1.60002
-5.38856	1.6034
-5.36968	1.82692
-5.43686	1.59452
-5.29743	2.18045
-5.21518	2.42433
-5.28535	2.1298
-5.30839	2.03572
-5.3207	1.99621
-5.34808	1.8586
-5.34336	1.86168
-5.40302	1.59548
-5.39251	1.67868
-5.41477	1.62794
-5.30506	2.13049
-5.38113	1.80472
-5.38244	1.83482
-5.49175	1.34308
-5.56798	0.868101
-5.52574	1.05912
-5.47141	1.28231
-5.47658	1.26809
-5.4095	1.45124
-5.4301	1.44619
-5.27043	2.14374
-5.35695	1.85533
-5.40389	1.55932
-5.41883	1.57367
-5.50471	1.17414
-5.52878	1.15116
-5.5543	1.05291
-5.51205	1.27945
-5.60843	0.823997
-5.59575	0.898348
-5.60662	0.818416
-5.57432	1.04183
-5.54601	1.12902
-5.62301	0.75109
-5.55456	1.06725
-5.4645	1.38456
-5.50411	1.21247
-5.52385	1.29324
-5.58768	0.965747
-5.53293	1.20346
-5.56706	1.06749
-5.42173	1.70168
-5.49257	1.46322
-5.45113	1.56824
-5.40494	1.77313
-5.43846	1.53868
-5.48067	1.28688
-5.50288	1.12266
-5.49662	1.1122
-5.55767	0.845933
-5.40387	1.73344
-5.4011	1.66428
-5.32154	1.98408
-5.45357	1.47262
-5.47709	1.46958
-5.50878	1.33847
-5.36977	1.91917
-5.33633	2.04311
-5.36758	1.92409
-5.49426	1.41957
-5.38211	1.92338
-5.50367	1.37507
-5.30754	2.16275
-5.43938	1.62961
-5.34452	2.04378
-5.42647	1.64002
-5.30783	2.14816
-5.28071	2.28523
-5.32478	2.19297
-5.29961	2.27427
-5.32944	2.13495
-5.33981	2.10112
-5.3632	1.95052
-5.40398	1.8075
-5.39889	1.71475
-5.36827	1.85377
-5.3576	1.92464
-5.46559	1.52708
-5.53407	1.24676
-5.42385	1.69092
-5.34604	2.09241
-5.43379	1.58353
-5.33008	1.9932
-5.36359	1.86752
-5.29538	2.1364
-5.39274	1.74674
-5.32332	2.06003
-5.2844	2.30115
-5.40961	1.73681
-5.43946	1.52837
-5.36816	1.73312
-5.41123	1.60285
-5.51186	1.07449
-5.53589	1.03113
-5.41935	1.48293
-5.5522	0.91826
-5.47647	1.19929
-5.58931	0.820974
-5.59792	0.726877
-5.44445	1.47691
-5.40531	1.6153
-5.39875	1.66075
-5.35606	1.87948
-5.38893	1.76292
-5.36025	1.86571
-5.30247	2.19343
-5.33444	2.06213
-5.37973	1.99482
-5.28236	2.44036
-5.27697	2.43239
-5.25125	2.48437
-5.32775	2.01985
-5.32359	2.03686
-5.36512	1.76925
-5.23062	2.32557
-5.32839	2.0035
-5.23498	2.40281
-5.33354	1.9821
-5.37702	1.77627
-5.33233	1.97399
-5.29699	2.10047
-5.21594	2.52528
-5.22789	2.4379
-5.20997	2.62238
-5.30504	2.23965
-5.41384	1.6853
-5.43649	1.52118
-5.52916	1.20628
-5.49236	1.27383
-5.48572	1.32189
-5.51665	1.25563
-5.41048	1.6466
-5.36993	1.82397
-5.39325	1.64617
-5.48128	1.27748
-5.4609	1.32995
-5.40301	1.56978
-5.38111	1.65309
-5.33538	1.93997
-5.37126	1.75001
-5.4379	1.48339
-5.47705	1.33548
-5.48866	1.34004
-5.49344	1.39247
-5.49303	1.39305
-5.40433	1.77484
-5.46054	1.45038
-5.48161	1.32211
-5.43696	1.48059
-5.45209	1.51816
-5.46492	1.4259
-5.43491	1.49013
-5.49741	1.27187
-5.36234	1.83482
-5.4185	1.65306
-5.42292	1.62999
-5.31117	2.11735
-5.24409	2.35229
-5.23617	2.3519
-5.25886	2.35106
-5.38429	1.79928
-5.41422	1.654
-5.36219	1.9646
-5.36814	1.90384
-5.34324	2.00164
-5.31927	2.13443
-5.34405	2.06269
-5.30068	2.15211
-5.25265	2.3946
-5.26242	2.44302
-5.37664	1.95917
-5.32811	2.20835
-5.35499	1.99882
-5.34452	2.04641
-5.38767	1.9503
-5.38547	1.92997
-5.34144	2.09836
-5.35344	1.9882
-5.29496	2.13757
-5.20765	2.49905
-5.31106	2.06433
-5.39481	1.7543
-5.44642	1.57427
-5.37402	1.83031
-5.37339	1.8769
-5.33534	2.07066
-5.3974	1.80435
-5.38944	1.86405
-5.42552	1.68452
-5.40474	1.78773
-5.37019	1.81019
-5.45075	1.54728
-5.39887	1.83147
-5.40827	1.76205
-5.48587	1.36482
-5.44195	1.50146
-5.40861	1.51832
-5.39619	1.6487
-5.33772	1.88865
-5.32495	1.90163
-5.27057	2.17207
-5.22461	2.34353
-5.19608	2.55907
-5.23827	2.36257
-5.29382	2.1728
-5.3675	1.79156
-5.36406	1.84596
-5.29379	2.11621
-5.29596	2.12306
-5.30336	2.08515
-5.3818	1.80791
-5.27712	2.34628
-5.33383	2.08334
-5.28037	2.24094
-5.21892	2.60858
-5.1222	3.07883
-5.11126	3.07003
-5.15662	2.93164
-5.13269	2.99747
-5.24766	2.47524
-5.21272	2.59876
-5.29368	2.14804
-5.33583	2.01324
-5.40105	1.72149
-5.36576	1.89871
-5.21495	2.51466
-5.21486	2.45297
-5.26491	2.31609
-5.27032	2.35689
-5.20217	2.56941
-5.29359	2.1865
-5.29306	2.40905
-5.32806	2.21137
-5.40338	1.84224
-5.39863	1.6853
-5.46206	1.40411
-5.49231	1.17392
-5.50285	1.18793
-5.48396	1.2952
-5.44884	1.60473
-5.4109	1.81206
-5.46217	1.60913
-5.39883	1.88836
-5.47166	1.51121
-5.45335	1.56605
-5.4539	1.51763
-5.44177	1.5531
-5.51523	1.31394
-5.48986	1.39605
-5.46595	1.44327
-5.47393	1.39359
-5.43584	1.59588
-5.48354	1.36413
-5.35181	2.08581
-5.44016	1.71798
-5.36951	2.04382
-5.34982	2.11434
-5.39325	1.78945
-5.36236	1.76877
-5.40051	1.60114
-5.48434	1.20953
-5.51338	0.918347
-5.40651	1.40351
-5.44159	1.25566
-5.42236	1.47668
-5.43076	1.3919
-5.38058	1.65699
-5.41116	1.54738
-5.42435	1.47317
-5.44002	1.49194
-5.43255	1.51454
-5.36887	1.80615
-5.46727	1.32791
-5.49574	1.21562
-5.49295	1.22046
-5.54525	0.991576
-5.48051	1.19169
-5.46244	1.31401
-5.56136	0.878896
-5.59873	0.675189
-5.55407	0.811364
-5.52685	1.00249
-5.55042	0.888892
-5.56036	0.861717
-5.50548	1.17265
-5.46862	1.39932
-5.46597	1.35458
-5.43414	1.45265
-5.45172	1.49359
-5.46174	1.47402
-5.55164	0.996075
-5.54347	1.10452
-5.60361	0.831889
-5.63568	0.703493
-5.59667	0.825408
-5.57915	0.833861
-5.54925	0.9986
-5.44922	1.58693
-5.37826	1.86833
-5.40394	1.82865
-5.34721	1.99728
-5.34862	1.87734
-5.25454	2.24777
-5.27286	2.19112
-5.27226	2.11819
-5.30649	1.95787
-5.37753	1.59677
-5.46328	1.19932
-5.45233	1.25871
-5.42206	1.38918
-5.38957	1.54376
-5.42909	1.41348
-5.40485	1.67674
-5.38018	1.84695
-5.48432	1.36364
-5.5796	0.895327
-5.56887	0.914591
-5.57952	0.865199
-5.49643	1.38015
-5.50859	1.26016
-5.46855	1.32114
-5.5401	1.05641
-5.64317	0.637336
-5.56636	0.975014
-5.53033	1.05171
-5.5532	0.990604
-5.58423	0.837221
-5.48313	1.22763
-5.52013	1.09362
-5.61622	0.715968
-5.70524	0.293105
-5.68851	0.314777
-5.73374	0.127456
-5.70402	0.367729
-5.61139	0.709964
-5.58467	0.809287
-5.63263	0.609101
-5.56602	0.893571
-5.51306	1.08744
-5.60155	0.741437
-5.54936	1.05205
-5.50169	1.15881
-5.51248	1.24932
-5.48554	1.33484
-5.42452	1.58328
-5.49267	1.20811
-5.55996	0.918459
-5.55199	0.970111
-5.60881	0.753043
-5.55355	0.962875
-5.47032	1.36951
-5.573	0.870313
-5.52693	1.05636
-5.49968	1.20326
-5.56311	1.01119
-5.51246	1.2716
-5.54213	1.0832
-5.44151	1.44222
-5.47115	1.29136
-5.50439	1.21825
-5.50325	1.21805
-5.38087	1.76876
-5.40486	1.69013
-5.35713	1.87997
-5.38691	1.71615
-5.50777	1.22759
-5.49856	1.25931
-5.50419	1.16928
-5.49926	1.25568
-5.44073	1.42901
-5.51793	1.01396
-5.5392	0.984304
-5.36957	1.73242
-5.37983	1.70418
-5.39026	1.66445
-5.32157	1.93022
-5.33964	1.84614
-5.35617	1.77242
-5.38015	1.70275
-5.3704	1.71838
-5.43097	1.44106
-5.44569	1.33057
-5.50344	1.14654
-5.46285	1.33396
-5.35894	1.76732
-5.51821	1.14336
-5.6222	0.593701
-5.48912	1.11663
-5.52499	0.861853
-5.54986	0.720015
-5.52844	0.860242
-5.52873	0.801177
-5.57892	0.570751
-5.5527	0.762857
-5.54321	0.790009
-5.52818	0.815084
-5.55078	0.783815
-5.52895	0.831576
-5.48604	1.02089
-5.50149	1.05994
-5.43846	1.3104
-5.49119	1.12202
-5.47523	1.29424
-5.41429	1.64398
-5.41594	1.66476
-5.40147	1.69816
-5.32494	2.0444
-5.3373	2.04261
-5.46569	1.44287
-5.43841	1.46877
-5.34445	1.87254
-5.3924	1.67063
-5.36335	1.7626
-5.45832	1.34877
-5.50392	1.27206
-5.5542	0.990763
-5.53463	1.0543
-5.57261	0.852143
-5.57078	0.903018
-5.54175	1.00713
-5.48569	1.33257
-5.40106	1.66424
-5.34953	1.90408
-5.48894	1.25472
-5.51302	1.12173
-5.41165	1.65073
-5.44434	1.45882
-5.36376	1.82922
-5.36665	1.85916
-5.36984	1.83372
-5.43671	1.44194
-5.50022	1.18612
-5.50869	1.18451
-5.4911	1.19774
-5.44973	1.33587
-5.51644	1.10389
-5.53838	1.07966
-5.58931	0.840683
-5.52846	1.14542
-5.54392	1.17309
-5.44371	1.57361
-5.36689	1.83622
-5.42437	1.70509
-5.43913	1.55844
-5.59351	0.892848
-5.59169	0.879799
-5.45705	1.4269
-5.36433	1.7762
-5.42818	1.54272
-5.49409	1.25811
-5.5645	0.942372
-5.58258	0.831987
-5.6065	0.696135
-5.57532	0.863446
-5.56943	0.841819
-5.62286	0.69378
-5.62377	0.594323
-5.55959	1.02643
-5.53499	1.04947
-5.61343	0.724411
-5.50706	1.17321
-5.52004	1.16079
-5.47645	1.33441
-5.39351	1.59162
-5.45416	1.3806
-5.58405	0.879105
-5.53979	1.06267
-5.49719	1.28731
-5.41763	1.56067
-5.42305	1.5404
-5.42879	1.56546
-5.36524	1.82065
-5.31928	2.00178
-5.36551	1.77685
-5.38507	1.61299
-5.37839	1.62373
-5.30203	1.88114
-5.43079	1.36542
-5.52478	0.95303
-5.50769	0.991937
-5.37452	1.60503
-5.47665	1.30563
-5.46485	1.32423
-5.4748	1.24901
-5.4367	1.41375
-5.44277	1.3448
-5.38597	1.46247
-5.51593	0.88175
-5.4956	1.00901
-5.54069	0.848238
-5.54683	0.91752
-5.5208	1.09718
-5.54605	1.03895
-5.51725	1.13528
-5.52577	1.08296
-5.58604	0.773713
-5.61207	0.721924
-5.63329	0.608262
-5.57713	0.816924
-5.49944	1.12506
-5.55732	0.880151
-5.60408	0.737551
-5.57437	0.92496
-5.53183	1.09109
-5.51575	1.13818
-5.53337	1.0802
-5.49026	1.2121
-5.50482	1.13971
-5.54046	0.974038
-5.47167	1.25269
-5.5661	0.844761
-5.56503	0.792856
-5.48868	1.12337
-5.44559	1.27623
-5.46456	1.22452
-5.35021	1.7304
-5.2893	2.01011
-5.35318	1.71797
-5.3379	1.8928
-5.35226	1.82076
-5.31582	2.00826
-5.2594	2.37967
-5.35568	1.91191
-5.38609	1.78953
-5.4824	1.27571
-5.58305	0.835014
-5.5202	1.15466
-5.44579	1.59084
-5.53237	1.14935
-5.50139	1.26886
-5.50169	1.40639
-5.4588	1.60074
-5.45611	1.64891
-5.5375	1.21781
-5.62676	0.746661
-5.60569	0.881661
-5.64258	0.744429
-5.44735	1.62447
-5.42053	1.73018
-5.39989	1.87858
-5.37253	1.95039
-5.32921	2.04815
-5.40128	1.73296
-5.44436	1.55417
-5.43099	1.58306
-5.319	1.93682
-5.33932	1.8698
-5.26897	2.23033
-5.2803	2.28185
-5.2784	2.33856
-5.29912	2.26936
-5.28364	2.28327
-5.28987	2.28582
-5.26939	2.42251
-5.37426	1.83791
-5.38719	1.76943
-5.38429	1.78458
-5.45214	1.49109
-5.43002	1.57542
-5.42875	1.52937
-5.40049	1.68003
-5.3804	1.81098
-5.39837	1.78896
-5.43093	1.60324
-5.44437	1.49754
-5.35662	1.79589
-5.36237	1.74922
-5.52612	1.09927
-5.44756	1.43761
-5.41438	1.59184
-5.41523	1.48749
-5.20813	2.47287
-5.35671	1.89752
-5.51517	1.28828
-5.50602	1.30742
-5.50701	1.26685
-5.40778	1.67421
-5.39558	1.68276
-5.33043	1.86566
-5.38672	1.53174
-5.35881	1.64663
-5.35809	1.69639
-5.40765	1.48048
-5.36089	1.69963
-5.42052	1.31461
-5.43869	1.34856
-5.41954	1.47904
-5.35755	1.75389
-5.316	1.86527
-5.33909	1.79334
-5.22461	2.22026
-5.31213	1.87625
-5.4048	1.416
-5.41328	1.27683
-5.37659	1.47997
-5.36602	1.57605
-5.41786	1.4671
-5.39376	1.61471
-5.46365	1.2456
-5.48082	1.26049
-5.52884	0.963022
-5.38391	1.63013
-5.28277	2.09558
-5.32144	1.97165
-5.34691	1.89728
-5.46462	1.43328
-5.53071	1.10212
-5.49288	1.22973
-5.44603	1.50421
-5.45097	1.55285
-5.34373	1.98248
-5.46472	1.42982
-5.39228	1.66878
-5.42806	1.55214
-5.35911	1.97602
-5.37373	1.91192
-5.42077	1.71379
-5.33127	2.1979
-5.21781	2.68141
-5.37107	1.9591
-5.39618	1.94524
-5.3848	1.87492
-5.38346	1.81309
-5.52609	1.2469
-5.54068	1.19688
-5.44875	1.46748
-5.51141	1.288
-5.51288	1.29042
-5.46734	1.48305
-5.42141	1.69882
-5.43394	1.62234
-5.40234	1.72541
-5.41224	1.69267
-5.48675	1.35299
-5.47592	1.26894
-5.42046	1.52464
-5.47866	1.34948
-5.3963	1.60581
-5.32334	1.88338
-5.46357	1.29615
-5.49588	1.04948
-5.50476	1.13522
-5.52757	1.06851
-5.37033	1.76226
-5.27246	2.13025
-5.21624	2.33162
-5.34861	1.78044
-5.51581	1.07343
-5.45003	1.36065
-5.60587	0.638182
-5.53599	0.952737
-5.47003	1.24163
-5.46452	1.28169
-5.54971	0.92496
-5.46721	1.20598
-5.40589	1.48614
-5.43711	1.49245
-5.52246	1.20317
-5.43552	1.43119
-5.41503	1.66072
-5.40446	1.70378
-5.43999	1.56699
-5.47744	1.33104
-5.45142	1.35026
-5.42582	1.42518
-5.48395	1.22152
-5.45215	1.34592
-5.5073	1.08779
-5.5355	0.956705
-5.33643	1.7879
-5.37315	1.67926
-5.40214	1.55586
-5.52412	1.11325
-5.54368	1.0309
-5.48487	1.29005
-5.49991	1.29958
-5.50071	1.23217
-5.54881	0.984968
-5.4565	1.44626
-5.33229	1.87647
-5.32527	2.02271
-5.31635	2.06023
-5.41036	1.66718
-5.43018	1.63118
-5.44662	1.62341
-5.41688	1.6308
-5.44081	1.51828
-5.44712	1.48907
-5.37203	1.87447
-5.42589	1.59124
-5.46142	1.4141
-5.55306	0.96406
-5.49388	1.32387
-5.42797	1.68456
-5.48573	1.39448
-5.48345	1.43443
-5.6401	0.694795
-5.44129	1.5162
-5.36463	1.75615
-5.34057	1.84616
-5.29177	2.07408
-5.37765	1.71978
-5.41242	1.50916
-5.44137	1.43069
-5.39683	1.60727
-5.45825	1.40921
-5.4387	1.45162
-5.39849	1.69283
-5.44776	1.5545
-5.4872	1.42977
-5.43276	1.74578
-5.33011	2.11431
-5.29715	2.21933
-5.28186	2.30005
-5.36041	1.94058
-5.32361	2.16074
-5.40649	1.73913
-5.36383	1.94857
-5.35012	1.98739
-5.39324	1.81463
-5.33133	1.98348
-5.28012	2.2606
-5.4215	1.76835
-5.39955	1.8403
-5.38935	1.89079
-5.2949	2.28943
-5.3077	2.14173
-5.44309	1.58212
-5.4774	1.41616
-5.49926	1.3511
-5.40752	1.77718
-5.35251	2.00678
-5.31729	2.14151
-5.43691	1.61673
-5.43475	1.62568
-5.424	1.61163
-5.34188	2.01169
-5.51542	1.30442
-5.45209	1.49642
-5.5277	1.18675
-5.50695	1.22958
-5.4866	1.33803
-5.50124	1.28777
-5.47245	1.4198
-5.50785	1.20248
-5.42676	1.5544
-5.49158	1.26532
-5.45598	1.40326
-5.42923	1.43237
-5.51813	1.04764
-5.51458	1.17912
-5.52013	1.15344
-5.48322	1.30264
-5.47813	1.35746
-5.4286	1.65832
-5.45837	1.63701
-5.58117	1.04337
-5.52817	1.25533
-5.41712	1.71161
-5.43342	1.71806
-5.38725	2.00945
-5.34603	2.09705
-5.43265	1.6449
-5.45948	1.5553
-5.41335	1.78783
-5.57903	1.08062
-5.5523	1.16815
-5.54619	1.20758
-5.55981	1.05775
-5.68803	0.472387
-5.66349	0.625194
-5.5603	0.978668
-5.50994	1.25417
-5.48447	1.37762
-5.50105	1.27248
-5.41295	1.60247
-5.38985	1.6957
-5.45791	1.41962
-5.44018	1.49163
-5.37878	1.74143
-5.45837	1.47269
-5.49316	1.30742
-5.53768	1.05715
-5.51672	1.16152
-5.52574	1.15387
-5.50744	1.24886
-5.63208	0.7062
-5.59998	0.908955
-5.61049	0.78797
-5.63069	0.764636
-5.57911	0.90047
-5.53385	1.1572
-5.46851	1.38476
-5.51288	1.1787
-5.56168	0.975929
-5.57974	0.844913
-5.65862	0.489969
-5.59187	0.815252
-5.58527	0.806087
-5.54649	1.00996
-5.61596	0.663029
-5.44559	1.46849
-5.53679	1.14185
-5.57939	0.92949
-5.54168	1.11781
-5.54699	1.17078
-5.57237	1.03007
-5.44369	1.53623
-5.47151	1.39367
-5.45254	1.53435
-5.44183	1.53999
-5.39956	1.69771
-5.34562	1.87656
-5.44597	1.33917
-5.4876	1.15925
-5.55265	0.858137
-5.55148	0.972501
-5.51108	1.19589
-5.54209	1.06772
-5.48843	1.30413
-5.48549	1.38158
-5.50589	1.28448
-5.56685	1.09596
-5.50576	1.29766
-5.46289	1.4924
-5.49561	1.2876
-5.46308	1.39016
-5.41	1.49235
-5.45216	1.32752
-5.41666	1.55422
-5.42865	1.55525
-5.47211	1.25693
-5.52111	1.01477
-5.41574	1.49381
-5.45237	1.29009
-5.42334	1.33599
-5.47835	1.11131
-5.45381	1.24338
-5.46191	1.25141
-5.41366	1.49334
-5.4638	1.32193
-5.43747	1.36245
-5.46167	1.35515
-5.5566	0.958386
-5.54844	0.922781
-5.5209	1.06554
-5.44212	1.41097
-5.41519	1.4358
-5.43615	1.35127
-5.39976	1.48471
-5.39722	1.48432
-5.57402	0.765536
-5.53228	0.959644
-5.49225	1.0994
-5.44726	1.33417
-5.45442	1.27403
-5.47761	1.19076
-5.48885	1.2582
-5.53451	1.06401
-5.50074	1.1968
-5.45462	1.34477
-5.38813	1.65012
-5.42505	1.49286
-5.37993	1.74412
-5.33456	1.78632
-5.31323	1.89247
-5.42447	1.50139
-5.51927	1.12565
-5.51007	1.14228
-5.43389	1.48855
-5.36462	1.75256
-5.40462	1.722
-5.43713	1.54259
-5.39401	1.73144
-5.36371	1.86985
-5.44866	1.41934
-5.49577	1.15928
-5.46975	1.23675
-5.5652	0.757458
-5.52728	0.979941
-5.50621	1.10536
-5.39759	1.53758
-5.39945	1.59578
-5.3741	1.69354
-5.43907	1.39786
-5.4147	1.56081
-5.38474	1.62635
-5.42673	1.45228
-5.43459	1.36549
-5.32131	1.89458
-5.30945	2.02439
-5.38477	1.68195
-5.34326	1.84737
-5.32852	2.0155
-5.40303	1.64382
-5.43854	1.41132
-5.52829	0.915858
-5.49788	1.00358
-5.54956	0.814197
-5.6274	0.479989
-5.58133	0.648207
-5.45372	1.30953
-5.45764	1.3314
-5.49209	1.16165
-5.57301	0.865141
-5.56408	0.77989
-5.61905	0.657422
-5.44317	1.40914
-5.42789	1.45702
-5.50503	1.06568
-5.43064	1.31912
-5.53624	1.01079
-5.49597	1.18737
-5.55188	0.920436
-5.46665	1.25124
-5.53068	0.93401
-5.53709	0.956002
-5.4635	1.36508
-5.48529	1.26
-5.51427	1.00775
-5.43708	1.29783
-5.4346	1.33227
-5.40892	1.5214
-5.45955	1.29299
-5.56224	0.821794
-5.55406	0.866636
-5.49188	1.13213
-5.57211	0.859825
-5.50733	1.19425
-5.48345	1.44626
-5.37479	1.93967
-5.47717	1.4766
-5.47257	1.52053
-5.50592	1.37173
-5.5028	1.35962
-5.47102	1.48998
-5.55493	1.12485
-5.48321	1.51563
-5.52705	1.27188
-5.47078	1.48157
-5.39581	1.77818
-5.4779	1.33169
-5.49325	1.3361
-5.44537	1.65594
-5.36974	2.02991
-5.32596	2.19561
-5.30361	2.29356
-5.32002	2.16503
-5.26102	2.42112
-5.24686	2.46519
-5.32538	2.10482
-5.29192	2.23159
-5.38779	1.84078
-5.39227	1.89617
-5.31159	2.138
-5.42507	1.66447
-5.45392	1.55194
-5.46331	1.64
-5.4587	1.65237
-5.36426	2.05324
-5.45873	1.54052
-5.53101	1.18469
-5.55534	1.14743
-5.47815	1.49598
-5.43284	1.62927
-5.38799	1.83804
-5.43042	1.572
-5.51597	1.25663
-5.44871	1.48602
-5.36497	1.81414
-5.45175	1.42614
-5.38982	1.70814
-5.37287	1.84985
-5.43611	1.59942
-5.4909	1.31398
-5.53954	1.04436
-5.49169	1.23666
-5.59076	0.857525
-5.50313	1.2335
-5.5577	1.00867
-5.53307	1.08852
-5.53661	1.05522
-5.37226	1.75298
-5.30093	2.06514
-5.28714	2.17249
-5.31335	2.05703
-5.40976	1.59266
-5.32098	1.9431
-5.41202	1.5364
-5.40734	1.59677
-5.47224	1.42719
-5.50582	1.31889
-5.34578	1.96038
-5.3847	1.67574
-5.38946	1.70881
-5.34096	1.9029
-5.38239	1.73378
-5.31645	1.98636
-5.39258	1.64701
-5.4546	1.46731
-5.42726	1.65012
-5.44818	1.49249
-5.51663	1.22001
-5.58461	1.01399
-5.59066	0.947848
-5.57352	0.99898
-5.58273	0.882917
-5.51238	1.25206
-5.54374	1.11954
-5.49795	1.29198
-5.50858	1.20886
-5.41123	1.60079
-5.46556	1.35349
-5.4916	1.2981
-5.48609	1.1459
-5.53569	0.894725
-5.54159	0.94426
-5.52272	1.06949
-5.51268	1.05037
-5.57561	0.751858
-5.49983	1.11046
-5.46664	1.22992
-5.43789	1.33293
-5.49958	1.04715
-5.50226	1.05258
-5.44558	1.34038
-5.49325	1.13237
-5.55266	0.942314
-5.58023	0.852714
-5.49392	1.16508
-5.52658	1.09853
-5.53967	1.07517
-5.59105	0.827656
-5.5727	0.953647
-5.48488	1.29388
-5.52446	1.19035
-5.47511	1.3453
-5.46092	1.29468
-5.43588	1.51968
-5.54295	1.03209
-5.47236	1.38934
-5.46303	1.32433
-5.37542	1.68996
-5.44361	1.38185
-5.42259	1.39537
-5.47587	1.16947
-5.59634	0.69683
-5.63499	0.679673
-5.64755	0.652354
-5.6058	0.786575
-5.50808	1.08917
-5.57367	0.900155
-5.6541	0.46792
-5.67332	0.432026
-5.61502	0.607893
-5.57392	0.769511
-5.56986	0.843252
-5.51997	0.996367
-5.5187	1.01335
-5.41883	1.43656
-5.39352	1.62041
-5.37979	1.75849
-5.46462	1.31256
-5.44622	1.44171
-5.54672	0.932256
-5.56299	0.889
-5.57081	0.84897
-5.57601	0.923901
-5.60645	0.78936
-5.57319	0.94285
-5.62031	0.698382
-5.6321	0.700432
-5.57436	0.904366
-5.47637	1.353
-5.50634	1.24693
-5.50729	1.18054
-5.60815	0.640612
-5.49298	1.05204
-5.48623	1.1097
-5.42922	1.39454
-5.46366	1.33571
-5.5074	1.18582
-5.48932	1.31853
-5.55022	1.02743
-5.58161	0.894589
-5.658	0.644996
-5.65333	0.598856
-5.63839	0.624569
-5.64039	0.680755
-5.45103	1.5646
-5.53096	1.30992
-5.47818	1.52517
-5.46778	1.60181
-5.40589	1.89238
-5.55269	1.242
-5.51185	1.37619
-5.53683	1.22775
-5.59569	0.994701
-5.52645	1.33494
-5.48892	1.46254
-5.38531	1.90101
-5.21462	2.62559
-5.28662	2.19126
-5.34347	2.01662
-5.36878	1.92926
-5.33364	2.03972
-5.23571	2.42509
-5.1681	2.74226
-5.12838	2.93879
-5.17354	2.68709
-5.15805	2.73653
-5.24893	2.3147
-5.26906	2.18153
-5.30477	2.02984
-5.31935	1.9553
-5.27763	2.09602
-5.19314	2.41154
-5.20674	2.38913
-5.30696	2.01437
-5.37082	1.65468
-5.41811	1.54574
-5.30834	2.05096
-5.43293	1.57862
-5.37262	1.73505
-5.4798	1.21992
-5.32255	1.88447
-5.41817	1.48951
-5.37172	1.71042
-5.3336	1.98373
-5.31433	2.12591
-5.40897	1.64738
-5.43717	1.42064
-5.40137	1.49453
-5.37876	1.6538
-5.3242	1.89005
-5.37721	1.66393
-5.37675	1.72247
-5.47051	1.25523
-5.48469	1.17581
-5.57254	0.764463
-5.47478	1.24598
-5.50568	1.17603
-5.60971	0.640779
-5.50819	0.977255
-5.61244	0.546159
-5.56628	0.82977
-5.56251	0.807288
-5.56218	0.862178
-5.56984	0.873534
-5.59203	0.788013
-5.49563	1.15171
-5.41761	1.46994
-5.49147	1.17617
-5.45569	1.33003
-5.46988	1.26706
-5.56753	0.872163
-5.53746	0.948677
-5.61775	0.608183
-5.53332	0.993571
-5.49986	1.09579
-5.49132	1.22299
-5.57756	0.785603
-5.55899	0.866593
-5.63539	0.504204
-5.5539	0.859589
-5.47506	1.32015
-5.44725	1.44804
-5.44021	1.52314
-5.31876	1.9696
-5.45013	1.44217
-5.63787	0.600404
-5.7238	0.2082
-5.65453	0.600883
-5.5678	0.9936
-5.498	1.22742
-5.51904	1.26607
-5.4954	1.42144
-5.43075	1.64089
-5.43266	1.72316
-5.5064	1.53621
-5.56451	1.3226
-5.5204	1.29096
-5.47205	1.46733
-5.35084	2.0685
-5.35532	2.02743
-5.40713	1.77668
-5.44276	1.58301
-5.3447	1.91814
-5.36948	1.89727
-5.32523	2.16976
-5.23794	2.46305
-5.31315	2.10894
-5.32644	2.05426
-5.50605	1.19357
-5.38944	1.68455
-5.36266	1.83072
-5.35408	1.80571
-5.2074	2.41169
-5.28361	2.13451
-5.37687	1.74677
-5.3304	1.97684
-5.28101	2.149
-5.3282	1.93046
-5.41232	1.6354
-5.41758	1.59814
-5.31929	2.01596
-5.37256	1.85062
-5.44988	1.56743
-5.45244	1.45409
-5.37578	1.8807
-5.35771	1.80162
-5.34144	1.84333
-5.3998	1.6396
-5.39118	1.62
-5.3788	1.55576
-5.38764	1.55494
-5.52242	0.967504
-5.3971	1.55748
-5.4602	1.32992
-5.45565	1.3558
-5.42264	1.50838
-5.41436	1.53061
-5.50291	1.17628
-5.45617	1.41736
-5.43404	1.64545
-5.44508	1.60353
-5.43782	1.59601
-5.49214	1.37505
-5.51006	1.26191
-5.50624	1.24269
-5.48286	1.32576
-5.46903	1.30697
-5.56822	0.93251
-5.53404	1.12374
-5.50949	1.22607
-5.59466	1.02055
-5.55356	1.03654
-5.42774	1.62549
-5.36638	1.87997
-5.37288	1.89822
-5.37575	1.84311
-5.34995	1.92041
-5.37187	1.77653
-5.46791	1.35266
-5.40589	1.59589
-5.21841	2.33016
-5.30334	2.09618
-5.34602	1.95004
-5.41189	1.60753
-5.36564	1.73503
-5.33933	1.74223
-5.30584	1.88867
-5.29727	1.91007
-5.38591	1.56687
-5.44064	1.30482
-5.51418	0.980645
-5.53382	0.90054
-5.48265	1.19473
-5.44961	1.32535
-5.53492	0.997586
-5.52797	0.989586
-5.47379	1.07564
-5.41666	1.34968
-5.38353	1.58259
-5.41471	1.49289
-5.42469	1.47007
-5.35461	1.75534
-5.19399	2.43686
-5.19581	2.48704
-5.34087	1.92894
-5.33732	1.92527
-5.30117	2.23722
-5.312	2.25535
-5.29265	2.24434
-5.20542	2.62644
-5.28113	2.28589
-5.36052	2.05179
-5.34022	2.0781
-5.32508	2.10885
-5.3156	2.14724
-5.31309	2.12833
-5.27922	2.29971
-5.29991	2.13019
-5.36061	1.90446
-5.36339	1.83826
-5.31637	2.05071
-5.21509	2.48757
-5.29297	2.26151
-5.2885	2.32146
-5.31868	2.23781
-5.32561	2.12922
-5.29298	2.29649
-5.26208	2.43415
-5.47387	1.41972
-5.47215	1.38002
-5.47174	1.36856
-5.4459	1.40992
-5.37358	1.65458
-5.35277	1.77281
-5.35733	1.83904
-5.34439	1.95802
-5.3902	1.64775
-5.44191	1.50966
-5.44848	1.48685
-5.43831	1.50865
-5.33291	1.94447
-5.44163	1.51284
-5.49422	1.28299
-5.4585	1.47051
-5.43252	1.61233
-5.31841	2.03395
-5.39766	1.71005
-5.38611	1.79821
-5.35955	2.01022
-5.38785	1.83752
-5.31436	2.16069
-5.28186	2.29613
-5.29121	2.29855
-5.39634	1.80053
-5.34669	2.00909
-5.31814	2.22462
-5.34846	2.03167
-5.33519	2.08106
-5.39547	1.76023
-5.3679	1.90299
-5.332	2.09942
-5.36763	2.03258
-5.33051	2.1386
-5.3759	1.87734
-5.28801	2.18777
-5.33212	2.04695
-5.26419	2.3205
-5.20216	2.56256
-5.31926	1.9603
-5.35682	1.81581
-5.35311	1.80636
-5.34528	1.75316
-5.3885	1.62573
-5.33464	1.92733
-5.41686	1.57754
-5.40517	1.60776
-5.34959	1.77573
-5.33104	1.97478
-5.29395	2.14022
-5.32148	2.03455
-5.37376	1.85785
-5.32413	2.10325
-5.36925	1.83782
-5.36665	1.85463
-5.37272	1.88056
-5.31917	2.16012
-5.40495	1.81515
-5.43549	1.69482
-5.34839	1.99332
-5.24709	2.41849
-5.35372	2.04389
-5.37703	1.82995
-5.37922	1.75772
-5.35035	1.8228
-5.37218	1.68046
-5.39451	1.52586
-5.4027	1.5538
-5.31893	1.95743
-5.34204	1.90508
-5.39051	1.64797
-5.32478	1.94842
-5.29927	2.08294
-5.41756	1.58953
-5.46503	1.50166
-5.52222	1.35222
-5.48841	1.586
-5.47314	1.62958
-5.36612	1.99994
-5.31231	2.10616
-5.29737	2.34561
-5.40712	1.87974
-5.42124	1.72346
-5.37376	1.97559
-5.43394	1.64753
-5.4297	1.78728
-5.39001	1.9118
-5.43389	1.6967
-5.47518	1.48255
-5.49941	1.26053
-5.41119	1.68454
-5.42846	1.50167
-5.4836	1.28427
-5.45614	1.40004
-5.50937	1.00796
-5.46811	1.1834
-5.46679	1.21622
-5.45823	1.26667
-5.40254	1.61153
-5.3645	1.76552
-5.34036	1.93559
-5.27556	2.17876
-5.27138	2.12659
-5.36217	1.80738
-5.38967	1.70576
-5.46523	1.39376
-5.44158	1.51924
-5.49174	1.30522
-5.42939	1.60281
-5.42675	1.52827
-5.50327	1.27044
-5.47706	1.30142
-5.40822	1.54939
-5.41232	1.56882
-5.36204	1.778
-5.31639	1.98419
-5.25237	2.33227
-5.27191	2.36798
-5.34959	1.95487
-5.32852	1.95748
-5.31004	2.03226
-5.26155	2.21327
-5.24302	2.3427
-5.29169	2.23717
-5.23203	2.58488
-5.2322	2.64286
-5.33326	2.19641
-5.32359	2.18542
-5.40428	1.83529
-5.35383	2.04115
-5.42235	1.76692
-5.36956	1.91367
-5.36647	1.95121
-5.31088	2.24583
-5.32962	2.18501
-5.34741	2.1654
-5.33917	2.09828
-5.39759	1.87879
-5.30124	2.23655
-5.31962	2.10839
-5.39615	1.79887
-5.50639	1.32033
-5.58512	1.02532
-5.5308	1.23316
-5.47519	1.4147
-5.33079	2.08905
-5.17484	2.67018
-5.14362	2.86673
-5.30538	2.24454
-5.38113	1.92356
-5.32726	2.04237
-5.40781	1.76619
-5.40781	1.76257
-5.4523	1.66006
-5.40175	1.81515
-5.43448	1.54954
-5.34021	1.88501
-5.42069	1.60444
-5.3973	1.66897
-5.36475	1.78804
-5.47575	1.34893
-5.43588	1.51877
-5.26698	2.14636
-5.29687	2.02677
-5.38251	1.70327
-5.42791	1.49978
-5.45807	1.30933
-5.44292	1.29671
-5.39801	1.50855
-5.37258	1.61552
-5.3834	1.56055
-5.27343	2.04323
-5.31683	1.82431
-5.36088	1.74291
-5.37047	1.67105
-5.4318	1.41855
-5.46933	1.31937
-5.42788	1.54345
-5.41947	1.61729
-5.47723	1.3201
-5.42033	1.53253
-5.38389	1.69504
-5.44764	1.43648
-5.45878	1.44055
-5.49677	1.35748
-5.5017	1.29014
-5.58311	1.00607
-5.52654	1.20917
-5.5507	1.02571
-5.45216	1.3936
-5.38343	1.80661
-5.38738	1.8063
-5.50548	1.32295
-5.61896	0.805151
-5.54952	1.12867
-5.5124	1.20677
-5.54409	1.05417
-5.49439	1.31876
-5.37638	1.80491
-5.374	1.81109
-5.36351	1.95118
-5.42051	1.70429
-5.3724	1.86265
-5.46206	1.60856
-5.54022	1.32075
-5.50479	1.53004
-5.59263	1.15484
-5.54467	1.36724
-5.5647	1.26749
-5.45774	1.69285
-5.48976	1.50547
-5.43221	1.74041
-5.415	1.79492
-5.37452	2.00016
-5.36486	2.07914
-5.44754	1.65993
-5.44875	1.75463
-5.49058	1.43019
-5.44074	1.70097
-5.46215	1.64314
-5.44796	1.67158
-5.39275	1.9826
-5.34577	2.24875
-5.32281	2.3579
-5.44798	1.76076
-5.46715	1.70531
-5.41163	1.91627
-5.31637	2.33154
-5.34454	2.25671
-5.36097	2.26501
-5.42029	1.9614
-5.49542	1.58774
-5.52658	1.46371
-5.44723	1.78125
-5.46532	1.69644
-5.54813	1.36265
-5.45618	1.81059
-5.41258	2.11409
-5.48152	1.77446
-5.42125	1.93429
-5.41559	1.96099
-5.4695	1.66796
-5.38624	2.00086
-5.31522	2.29427
-5.2973	2.50365
-5.37679	2.13397
-5.50964	1.39797
-5.43909	1.71123
-5.49585	1.47121
-5.38743	1.93195
-5.22474	2.56106
-5.38915	1.85682
-5.43362	1.5748
-5.48346	1.34986
-5.48033	1.18724
-5.45222	1.25903
-5.51299	1.06496
-5.52424	1.01362
-5.45153	1.27849
-5.47672	1.20005
-5.47113	1.29853
-5.43959	1.39716
-5.40807	1.51445
-5.41993	1.53724
-5.39125	1.70546
-5.44121	1.42828
-5.46259	1.28887
-5.41244	1.57005
-5.48842	1.22516
-5.46949	1.36258
-5.45391	1.42541
-5.36153	1.7471
-5.44388	1.41554
-5.52027	1.09804
-5.4751	1.23061
-5.4137	1.46397
-5.51977	1.07062
-5.48792	1.15681
-5.48378	1.22226
-5.40798	1.62166
-5.42334	1.48948
-5.4372	1.35171
-5.43826	1.30372
-5.42991	1.44166
-5.45465	1.38405
-5.36043	1.76692
-5.3171	1.87537
-5.31282	1.96163
-5.30869	2.02631
-5.29124	2.02835
-5.25425	2.15341
-5.32947	1.84638
-5.34039	1.83461
-5.48607	1.21295
-5.51106	1.11832
-5.5606	0.88596
-5.52325	1.08061
-5.53052	1.02513
-5.52867	1.12153
-5.5033	1.24273
-5.43962	1.52867
-5.40515	1.63999
-5.42424	1.65343
-5.4	1.83465
-5.30958	2.28461
-5.1354	3.02391
-5.18362	2.74702
-5.1586	2.83435
-5.24486	2.46757
-5.25017	2.39625
-5.23785	2.40248
-5.19276	2.55912
-5.19313	2.48011
-5.25806	2.16823
-5.30649	1.91904
-5.31313	1.84466
-5.33919	1.77657
-5.47808	1.25969
-5.45923	1.40431
-5.44349	1.42064
-5.4033	1.57782
-5.41824	1.57366
-5.35534	1.74529
-5.21364	2.4128
-5.30359	2.05805
-5.41685	1.66244
-5.52158	1.13591
-5.31318	2.03581
-5.36531	1.69682
-5.53701	0.9315
-5.52612	0.932592
-5.56769	0.813564
-5.55568	0.808001
-5.46361	1.22822
-5.45191	1.22184
-5.4933	1.16678
-5.53782	0.94511
-5.54871	0.900083
-5.52114	1.06329
-5.47458	1.27026
-5.46115	1.27155
-5.48265	1.19317
-5.53434	0.999204
-5.49069	1.17004
-5.61706	0.641829
-5.51922	1.08177
-5.52695	1.10166
-5.61153	0.775261
-5.56041	0.923813
-5.56692	0.85965
-5.63002	0.548288
-5.6297	0.557239
-5.60574	0.644502
-5.54636	0.916798
-5.58382	0.724084
-5.55631	0.920146
-5.47087	1.26123
-5.43731	1.44767
-5.50843	1.14747
-5.54116	1.07423
-5.49294	1.34485
-5.50273	1.29869
-5.49324	1.34454
-5.60961	0.879013
-5.62829	0.747557
-5.63421	0.682828
-5.63155	0.638498
-5.62737	0.700685
-5.57239	0.941995
-5.53392	1.09643
-5.42352	1.73175
-5.53653	1.29719
-5.45045	1.63494
-5.37174	1.91181
-5.38269	1.94769
-5.33471	2.12438
-5.32557	2.20893
-5.23468	2.63196
-5.35699	2.20082
-5.38107	2.10177
-5.35883	2.10166
-5.40624	1.83946
-5.34271	2.11523
-5.3381	2.16598
-5.3787	2.03965
-5.34328	2.27819
-5.35039	2.18009
-5.3934	2.04757
-5.3859	2.03757
-5.30715	2.28719
-5.34017	2.17887
-5.33841	2.20988
-5.40246	1.83443
-5.34258	2.16951
-5.30667	2.2165
-5.35788	2.01947
-5.16973	2.87712
-5.26652	2.50353
-5.34426	2.10292
-5.3443	2.1617
-5.37853	1.95462
-5.35764	1.96777
-5.31569	2.13829
-5.29375	2.21334
-5.24835	2.42307
-5.2931	2.20678
-5.37336	1.95364
-5.4513	1.53947
-5.4507	1.57805
-5.44695	1.68658
-5.43786	1.79495
-5.43714	1.71333
-5.46832	1.5415
-5.50084	1.32307
-5.40434	1.6675
-5.32773	1.99849
-5.2997	2.13071
-5.34329	1.90063
-5.43222	1.63713
-5.27381	2.30842
-5.31155	2.14616
-5.49504	1.25823
-5.51049	1.27434
-5.39085	1.86684
-5.40266	1.75135
-5.50833	1.24138
-5.47513	1.41605
-5.4524	1.50675
-5.48123	1.34918
-5.47602	1.26567
-5.33283	1.88797
-5.36611	1.82541
-5.40323	1.64879
-5.4116	1.60413
-5.43654	1.42773
-5.34256	1.85327
-5.42564	1.48679
-5.41989	1.5229
-5.38867	1.78361
-5.38927	1.754
-5.40955	1.74002
-5.36629	1.92079
-5.41221	1.7166
-5.41521	1.61725
-5.39462	1.79285
-5.33341	2.06575
-5.31627	2.0564
-5.28937	2.19652
-5.30824	2.07112
-5.36253	1.84188
-5.4284	1.56947
-5.35724	1.8703
-5.43577	1.63114
-5.4085	1.77203
-5.35559	1.93495
-5.38058	1.88995
-5.42001	1.73136
-5.3595	1.97851
-5.31685	2.219
-5.2815	2.39045
-5.37398	2.04529
-5.46618	1.68785
-5.53094	1.38277
-5.4782	1.61146
-5.41051	1.76904
-5.50982	1.46044
-5.48506	1.51662
-5.54607	1.18564
-5.62691	0.839434
-5.5189	1.35197
-5.50895	1.33476
-5.43311	1.66467
-5.48676	1.38528
-5.50756	1.38203
-5.52707	1.3396
-5.54979	1.27139
-5.49243	1.63972
-5.51453	1.46648
-5.50102	1.52043
-5.53647	1.3877
-5.49755	1.54723
-5.56353	1.31271
-5.53569	1.44572
-5.36972	2.07076
-5.29098	2.36879
-5.2184	2.67063
-5.30019	2.40603
-5.29349	2.42453
-5.23439	2.64029
-5.26689	2.46712
-5.38494	1.80333
-5.28942	2.28397
-5.27389	2.41806
-5.36331	2.08608
-5.37634	2.03
-5.37	2.03934
-5.30415	2.21762
-5.31179	2.2151
-5.32588	2.08208
-5.25821	2.33662
-5.35249	2.08273
-5.37673	2.05935
-5.27395	2.44703
-5.19882	2.84036
-5.17886	2.86691
-5.23135	2.55972
-5.2966	2.35006
-5.22743	2.65912
-5.23424	2.62468
-5.31637	2.17506
-5.29963	2.25007
-5.35739	1.8631
-5.40658	1.72141
-5.42272	1.66341
-5.43461	1.61361
-5.36979	1.93576
-5.31726	2.10103
-5.22139	2.55407
-5.22801	2.47376
-5.17388	2.67317
-5.17411	2.66395
-5.31857	2.11088
-5.2878	2.21935
-5.17258	2.73244
-5.0647	3.16394
-5.09839	2.99352
-5.31355	2.06733
-5.28559	2.2722
-5.39343	1.85989
-5.30733	2.23753
-5.43558	1.71866
-5.37012	1.82588
-5.22814	2.4508
-5.34408	1.94689
-5.3418	1.93645
-5.31775	2.04742
-5.28758	2.0751
-5.35662	1.78085
-5.37459	1.73747
-5.40834	1.54608
-5.43216	1.37124
-5.47834	1.18891
-5.51942	1.09547
-5.5578	0.882496
-5.49549	1.11587
-5.50565	1.10887
-5.50768	1.1603
-5.4844	1.14265
-5.47267	1.14132
-5.41638	1.41116
-5.38228	1.62252
-5.3647	1.74062
-5.42404	1.54512
-5.43157	1.45739
-5.52337	1.10133
-5.55517	0.953557
-5.49551	1.26711
-5.48615	1.2086
-5.39229	1.63295
-5.4573	1.45006
-5.4636	1.41696
-5.46365	1.49427
-5.39968	1.7684
-5.40397	1.69618
-5.41963	1.61459
-5.44059	1.48926
-5.40322	1.68302
-5.35853	1.86894
-5.35924	1.91558
-5.39365	1.65854
-5.42058	1.51852
-5.39068	1.71044
-5.39901	1.57518
-5.4759	1.27382
-5.39328	1.67919
-5.36144	1.85115
-5.3401	1.97821
-5.4282	1.57032
-5.48596	1.3155
-5.49689	1.26528
-5.53702	1.09681
-5.54186	1.10752
-5.35084	1.93735
-5.3635	1.76589
-5.36291	1.75633
-5.4013	1.56887
-5.35624	1.75427
-5.45334	1.31781
-5.47376	1.23494
-5.40214	1.61598
-5.48335	1.17242
-5.42711	1.48006
-5.48811	1.18988
-5.46822	1.36729
-5.46653	1.32104
-5.55128	0.94128
-5.50878	1.12599
-5.3379	1.96994
-5.41916	1.63754
-5.45588	1.46764
-5.40849	1.68675
-5.36525	1.90839
-5.42081	1.63979
-5.46458	1.49945
-5.4417	1.57503
-5.52807	1.23741
-5.52872	1.17968
-5.47099	1.51743
-5.52459	1.20916
-5.48716	1.34383
-5.45286	1.4417
-5.40654	1.57175
-5.43901	1.42117
-5.48162	1.16685
-5.50304	1.11928
-5.39441	1.77681
-5.33826	1.99122
-5.35644	1.88194
-5.31445	2.03738
-5.36788	1.74656
-5.37683	1.78525
-5.40823	1.63818
-5.43753	1.48871
-5.4552	1.35658
-5.51868	1.04785
-5.38459	1.6926
-5.31518	2.01523
-5.33457	1.90778
-5.22618	2.44489
-5.22368	2.39304
-5.22901	2.35545
-5.22208	2.33186
-5.25159	2.22677
-5.32735	1.95601
-5.22639	2.306
-5.21809	2.34133
-5.30471	2.03227
-5.22664	2.31157
-5.27834	2.07055
-5.28052	2.04072
-5.28049	2.06096
-5.24319	2.2093
-5.19914	2.38157
-5.18978	2.49953
-5.13552	2.75026
-5.05925	3.13292
-5.08341	3.03149
-5.08309	3.00628
-5.06629	3.19257
-5.18392	2.57062
-5.23591	2.34846
-5.23986	2.2497
-5.22341	2.30375
-5.22975	2.22664
-5.3278	1.95054
-5.19027	2.45548
-5.22088	2.41485
-5.30335	2.11426
-5.18906	2.58984
-5.30782	2.09084
-5.37526	1.8557
-5.38357	1.81774
-5.36664	1.78156
-5.39935	1.6225
-5.48251	1.27127
-5.45439	1.35986
-5.48087	1.22806
-5.50748	1.23008
-5.47154	1.33694
-5.43646	1.5637
-5.4294	1.54946
-5.51241	1.28662
-5.4688	1.37754
-5.39184	1.58655
-5.40179	1.61366
-5.34363	1.79702
-5.34212	1.82188
-5.40229	1.6036
-5.46443	1.32149
-5.43042	1.29056
-5.39026	1.45417
-5.38894	1.47386
-5.39954	1.48707
-5.40751	1.49025
-5.39652	1.61167
-5.44676	1.46674
-5.51381	1.1198
-5.54912	0.970802
-5.44595	1.39813
-5.36683	1.65751
-5.49011	1.15316
-5.55524	0.913296
-5.57402	0.755416
-5.52019	1.02111
-5.53398	1.0471
-5.48687	1.30557
-5.50316	1.22231
-5.46877	1.32715
-5.48592	1.2652
-5.51369	1.21691
-5.52549	1.07293
-5.58362	0.773924
-5.49409	1.12797
-5.51153	1.08364
-5.50783	1.09423
-5.52768	1.01155
-5.52597	0.988442
-5.48742	1.15096
-5.50264	1.09915
-5.56291	0.933028
-5.56049	0.997999
-5.51749	1.16969
-5.51311	1.2505
-5.5514	1.02803
-5.57744	0.882604
-5.5174	1.04519
-5.62462	0.655501
-5.52695	1.05358
-5.36112	1.7898
-5.45298	1.51566
-5.39476	1.69291
-5.40508	1.68657
-5.33218	1.93501
-5.47991	1.23685
-5.40405	1.66452
-5.38586	1.83626
-5.3375	2.01345
-5.4513	1.52151
-5.36098	1.85832
-5.32787	1.9792
-5.33683	1.973
-5.46258	1.47346
-5.37373	1.88949
-5.3874	1.85363
-5.31298	2.10911
-5.37096	1.86056
-5.42036	1.5863
-5.54619	1.10039
-5.54562	1.22441
-5.52164	1.25824
-5.44603	1.66028
-5.37121	2.04378
-5.38037	2.03157
-5.42349	1.80866
-5.55579	1.26134
-5.52254	1.40622
-5.5989	1.01569
-5.60768	0.949488
-5.55659	1.12495
-5.56771	1.01538
-5.50574	1.28124
-5.37544	1.71404
-5.39098	1.58418
-5.43449	1.39858
-5.47876	1.15935
-5.52973	1.04106
-5.52154	1.14339
-5.426	1.55402
-5.47213	1.39649
-5.4613	1.3807
-5.49087	1.33159
-5.49576	1.44
-5.53361	1.34094
-5.48212	1.61449
-5.47249	1.60886
-5.50371	1.43464
-5.43377	1.71967
-5.56863	1.22924
-5.57926	1.12933
-5.52313	1.27062
-5.46224	1.57205
-5.48072	1.44742
-5.48348	1.41902
-5.53307	1.15793
-5.48791	1.33884
-5.52722	1.25315
-5.43312	1.72932
-5.46381	1.60049
-5.4977	1.35983
-5.50825	1.36386
-5.6198	0.880352
-5.57631	1.0132
-5.54142	1.16405
-5.48678	1.47528
-5.44994	1.73733
-5.32929	2.28165
-5.39536	1.93426
-5.36265	1.92299
-5.41195	1.74065
-5.53112	1.27961
-5.48808	1.37711
-5.48737	1.28447
-5.45564	1.35919
-5.48447	1.27181
-5.49744	1.27072
-5.4564	1.39878
-5.46744	1.28259
-5.53325	1.0567
-5.49782	1.22731
-5.41794	1.60069
-5.39121	1.85192
-5.46943	1.61751
-5.44359	1.56748
-5.43749	1.51373
-5.5429	1.2352
-5.47434	1.63841
-5.37935	1.88649
-5.37477	1.88971
-5.48537	1.51923
-5.45466	1.59161
-5.40568	1.92653
-5.46194	1.62989
-5.49674	1.43659
-5.49985	1.40844
-5.44988	1.65154
-5.47891	1.46952
-5.44957	1.58962
-5.50409	1.3818
-5.48643	1.55425
-5.48558	1.39733
-5.49942	1.34259
-5.33939	2.06162
-5.37226	2.00232
-5.38498	1.91636
-5.40478	1.77489
-5.46152	1.45961
-5.56719	0.985826
-5.58628	0.987653
-5.52757	1.18518
-5.47156	1.38567
-5.49911	1.31713
-5.35842	2.05628
-5.4537	1.68886
-5.49726	1.4033
-5.5407	1.27826
-5.54037	1.2846
-5.53613	1.17841
-5.5815	1.04803
-5.49936	1.34557
-5.48916	1.43032
-5.56122	1.10554
-5.5203	1.28296
-5.50158	1.35506
-5.55126	1.07332
-5.62546	0.788659
-5.56351	1.02839
-5.65736	0.69493
-5.5532	1.07688
-5.57992	0.955838
-5.60277	0.819839
-5.63531	0.68631
-5.53068	1.14554
-5.48552	1.27854
-5.38692	1.72548
-5.42756	1.61441
-5.3971	1.71441
-5.47372	1.33326
-5.52944	1.11734
-5.54838	1.01135
-5.56169	0.973618
-5.44178	1.44118
-5.33819	1.81507
-5.37511	1.68431
