-0.20564	0.0612353
-0.384802	0.0467013
-0.45825	0.0526543
-0.403608	0.0471073
-0.359164	0.0442591
-0.439675	0.0557912
-0.49596	0.0471688
-0.484386	0.0482724
-0.478659	0.0528931
-0.413184	0.0656137
-0.412341	0.0625561
-0.478076	0.0436742
-0.486261	0.0473391
-0.446893	0.0423985
-0.43891	0.0504473
-0.382682	0.0551019
-0.466856	0.057558
-0.458903	0.0490175
-0.335659	0.0573936
-0.358469	0.0506815
-0.382808	0.0454806
-0.437455	0.0490102
-0.4127	0.0650905
-0.365121	0.0405998
-0.356728	0.0513094
-0.376265	0.0508433
-0.329667	0.0565219
-0.412209	0.0471848
-0.407705	0.0552526
-0.415597	0.0547969
-0.35814	0.0536271
-0.330928	0.0519825
-0.320196	0.0496874
-0.398706	0.0606131
-0.401488	0.0571279
-0.405866	0.0537831
-0.449643	0.0462396
-0.461917	0.0503219
-0.423166	0.0551543
-0.45126	0.0598312
-0.417156	0.0537523
-0.369942	0.0475662
-0.356466	0.0489783
-0.396871	0.0413189
-0.344149	0.0504018
-0.359442	0.0440555
-0.376561	0.0482981
-0.361984	0.0467589
-0.363998	0.0547104
-0.354916	0.0583967
-0.379495	0.0669403
-0.460242	0.0482456
-0.458459	0.0553876
-0.429943	0.0530587
-0.417217	0.0495273
-0.36373	0.0620027
-0.448594	0.050778
-0.377745	0.0573448
-0.422907	0.0509507
-0.460591	0.053222
-0.468846	0.0547369
-0.404379	0.0787473
-0.447054	0.054199
-0.459402	0.042202
-0.408403	0.0410601
-0.384891	0.0498049
-0.438481	0.0498418
-0.344511	0.0555214
-0.422547	0.0478963
-0.435665	0.0430146
-0.464467	0.0487745
-0.448347	0.046014
-0.448314	0.0541572
-0.395666	0.0512247
-0.434818	0.0457831
-0.40811	0.0421228
-0.445104	0.052072
-0.518045	0.0458617
-0.516923	0.0446968
-0.53014	0.0506363
-0.488509	0.0535923
-0.40911	0.0650736
-0.428813	0.053637
-0.388348	0.058159
-0.357624	0.0456875
-0.370055	0.0505791
-0.386516	0.0565352
-0.35046	0.0747311
-0.426249	0.0463285
-0.38817	0.048754
-0.384097	0.0573543
-0.378962	0.04444
-0.323829	0.0571145
-0.358467	0.0539041
-0.292273	0.0561314
-0.350397	0.051442
-0.303151	0.0479268
-0.312849	0.0500377
-0.412348	0.0521474
-0.385607	0.0693986
-0.32504	0.0748888
-0.337059	0.0515918
-0.339807	0.0610793
-0.331037	0.0501943
-0.356014	0.0619668
-0.395267	0.0469651
-0.362566	0.0607737
-0.380836	0.0573836
-0.374355	0.0467346
-0.32848	0.044958
-0.344436	0.0462927
-0.408698	0.0431182
-0.400526	0.0383494
-0.401032	0.0496791
-0.408517	0.0562721
-0.392303	0.0624205
-0.394583	0.0668188
-0.363727	0.0631164
-0.364019	0.0575659
-0.324673	0.059253
-0.378645	0.0577309
-0.404073	0.0654306
-0.414052	0.0658765
-0.527249	0.0486631
-0.507184	0.0471117
-0.431329	0.0504271
-0.389289	0.0448859
-0.343156	0.040929
-0.385374	0.0381728
-0.376811	0.0517612
-0.306111	0.060558
-0.237258	0.0740685
-0.306159	0.0535903
-0.368965	0.047743
-0.425671	0.0448256
-0.436073	0.0522716
-0.410537	0.0526167
-0.478673	0.0449302
-0.394896	0.0520929
-0.447607	0.0418777
-0.423958	0.0621385
-0.522533	0.0599518
-0.488209	0.0560352
-0.52923	0.0430865
-0.450169	0.0593055
-0.324412	0.0531375
-0.391151	0.0573594
-0.33176	0.0596217
-0.415666	0.0440409
-0.426938	0.0443815
-0.388569	0.0512028
-0.324323	0.0530488
-0.410407	0.0557434
-0.428259	0.0519205
-0.445145	0.0413793
-0.439218	0.0514268
-0.471781	0.0494107
-0.436395	0.0591519
-0.391415	0.0512587
-0.361748	0.0578038
-0.370879	0.0631806
-0.39539	0.0535182
-0.351438	0.0553645
-0.436048	0.0578207
-0.424187	0.0692437
-0.45321	0.064871
-0.452449	0.0565617
-0.536168	0.0422454
-0.492009	0.0602793
-0.482461	0.0430915
-0.449642	0.0517498
-0.387907	0.0466249
-0.441462	0.0408714
-0.395026	0.0475286
-0.407916	0.0549981
-0.456165	0.0441952
-0.499273	0.0410907
-0.477029	0.0440843
-0.582186	0.0489353
-0.635116	0.051826
-0.626635	0.0519017
-0.546313	0.0390376
-0.404967	0.0492956
-0.40993	0.0571017
-0.322978	0.0862413
-0.268118	0.0624494
-0.310449	0.057524
-0.388121	0.0463924
-0.419796	0.0417932
-0.448247	0.0407392
-0.437314	0.0436233
-0.363899	0.0603291
-0.426947	0.0572381
-0.450085	0.0454364
-0.377296	0.0461987
-0.380341	0.0541891
-0.344627	0.0560365
-0.338034	0.0434169
-0.382466	0.0550104
-0.421169	0.0451946
-0.418556	0.0477165
-0.457228	0.0448587
-0.414794	0.0478101
-0.452162	0.0459788
-0.34215	0.0594226
-0.469492	0.042459
-0.405472	0.0488864
-0.430525	0.0530494
-0.434035	0.060501
-0.434379	0.0571171
-0.511453	0.0473792
-0.53375	0.0421184
-0.486639	0.0440957
-0.482376	0.0525581
-0.39309	0.0646339
-0.411555	0.0456111
-0.474723	0.0385281
-0.350789	0.0639097
-0.367747	0.065384
-0.424216	0.044945
-0.397635	0.0503494
-0.432126	0.0622695
-0.372175	0.0667122
-0.344049	0.0600074
-0.386259	0.054735
-0.388677	0.0551807
-0.384851	0.0484677
-0.372068	0.0582717
-0.402841	0.0419371
-0.398766	0.0404104
-0.46766	0.0527534
-0.440681	0.0501354
-0.462651	0.0663288
-0.394748	0.0572476
-0.339235	0.0577483
-0.383004	0.0496891
-0.403478	0.0442788
-0.463542	0.045763
-0.411778	0.0551205
-0.385355	0.0607701
-0.43575	0.051239
-0.460998	0.0535184
-0.451282	0.047661
-0.448609	0.0430679
-0.424022	0.0517122
-0.368892	0.0542352
-0.475278	0.0526395
-0.440225	0.0454146
-0.405095	0.0508736
-0.391105	0.0445972
-0.387709	0.0529777
-0.352851	0.0624566
-0.380808	0.0634856
-0.397562	0.0797457
-0.410753	0.0747335
-0.419254	0.0571532
-0.360248	0.0588639
-0.410877	0.0488757
-0.367927	0.0483238
-0.337387	0.0625971
-0.402737	0.0505176
-0.3888	0.0567771
-0.314644	0.0689221
-0.323103	0.0478481
-0.414231	0.0609784
-0.46147	0.0665971
-0.352442	0.0547029
-0.387324	0.0465313
-0.364961	0.0476045
-0.394362	0.0479543
-0.402172	0.0477742
-0.396868	0.0503505
-0.44864	0.047177
-0.387056	0.0535074
-0.420663	0.0563197
-0.379837	0.0560309
-0.396445	0.0438008
-0.367068	0.0516553
-0.343441	0.0462172
-0.348302	0.0461852
-0.332783	0.0663735
-0.33193	0.0511855
-0.293498	0.0553608
-0.364525	0.0572894
-0.346863	0.0442776
-0.343154	0.0513362
-0.366912	0.0486404
-0.33943	0.0474092
-0.372548	0.0485793
-0.374685	0.0545861
-0.36826	0.077211
-0.421673	0.049023
-0.356126	0.0544341
-0.358294	0.0595274
-0.446926	0.0417129
-0.405679	0.0468978
-0.384171	0.0534543
-0.413725	0.0622231
-0.395405	0.0501566
-0.383023	0.0452349
-0.391008	0.0538871
-0.384206	0.0557209
-0.369494	0.0698305
-0.384921	0.0551098
-0.378015	0.0590462
-0.382389	0.0543853
-0.425399	0.0533389
-0.455086	0.0535904
-0.361881	0.0489778
-0.340229	0.0604346
-0.333718	0.0578274
-0.394433	0.0480239
-0.403403	0.046801
-0.326042	0.0533421
-0.403811	0.0468613
-0.287332	0.0622583
-0.313434	0.05629
-0.393383	0.0526975
-0.443589	0.0518507
-0.491106	0.053648
-0.48334	0.0495117
-0.472765	0.0441432
-0.463886	0.0599142
-0.488622	0.0478357
-0.456805	0.0447818
-0.422403	0.0486273
-0.396461	0.0563136
-0.401835	0.0518306
-0.363814	0.0488898
-0.3912	0.0577231
-0.360309	0.0532166
-0.386322	0.0492842
-0.352882	0.0564764
-0.382286	0.0462859
-0.37871	0.0504744
-0.389951	0.0552602
-0.406938	0.0580311
-0.435699	0.0597834
-0.412749	0.0484568
-0.363487	0.0570756
-0.439856	0.0443059
-0.422536	0.0433132
-0.479533	0.0564995
-0.525663	0.0483009
-0.473999	0.0426906
-0.47346	0.0439839
-0.393964	0.0592062
-0.377566	0.0422222
-0.401787	0.0502012
-0.402853	0.058219
-0.34353	0.0701955
-0.329998	0.0611547
-0.314877	0.0586945
-0.401517	0.0472755
-0.328222	0.0625244
-0.394759	0.0445391
-0.352248	0.0419514
-0.334641	0.0586077
-0.38989	0.0505
-0.280878	0.0692714
-0.3812	0.0443361
-0.388567	0.0602584
-0.390774	0.0515334
-0.403077	0.0520582
-0.439837	0.0435269
-0.388486	0.0472927
-0.364691	0.0606282
-0.380825	0.0517689
-0.334129	0.0535611
-0.380802	0.0403924
-0.417171	0.0472892
-0.366662	0.0506664
-0.375545	0.0402491
-0.352819	0.0506929
-0.35058	0.0590535
-0.333996	0.0590029
-0.378516	0.0486325
-0.397458	0.0517563
-0.371359	0.0643548
-0.388461	0.0496164
-0.429099	0.0546877
-0.336154	0.0561459
-0.363293	0.0533132
-0.481382	0.0446627
-0.410583	0.0461114
-0.420592	0.0542182
-0.401372	0.0631177
-0.340608	0.0569002
-0.408374	0.0565482
-0.40747	0.0546766
-0.399921	0.0493345
-0.356179	0.0537116
-0.366876	0.0461816
-0.371813	0.0569499
-0.346508	0.0551783
-0.29548	0.0741342
-0.360103	0.0595789
-0.370155	0.0481538
-0.437409	0.0523341
-0.413555	0.0629923
-0.435265	0.0619053
-0.412392	0.046708
-0.388265	0.0463831
-0.405806	0.0492806
-0.375936	0.0487985
-0.366223	0.0560567
-0.394094	0.0556135
-0.339974	0.049389
-0.365176	0.0453665
-0.411328	0.0453093
-0.413925	0.0464266
-0.399776	0.0409004
-0.349009	0.0594154
-0.370816	0.0470501
-0.415895	0.0439192
-0.356151	0.0627064
-0.34645	0.064396
-0.241469	0.0737514
-0.324142	0.0565244
-0.371149	0.0473743
-0.360586	0.0526351
-0.437243	0.0665336
-0.462323	0.0530384
-0.367114	0.0547816
-0.371649	0.048833
-0.399657	0.0528272
-0.351504	0.0553768
-0.30476	0.0545313
-0.352406	0.044326
-0.456529	0.0417454
-0.407014	0.0449519
-0.371468	0.0517129
-0.471501	0.0499314
-0.429372	0.0471325
-0.38281	0.0598424
-0.38187	0.0462814
-0.320703	0.0580436
-0.357674	0.0643965
-0.349558	0.0607056
-0.377545	0.0509678
-0.424884	0.0513267
-0.367243	0.0437975
-0.321073	0.0575939
-0.378757	0.0550443
-0.361055	0.0555028
-0.375833	0.0550298
-0.403614	0.0523289
-0.382039	0.0559443
-0.439162	0.0381006
-0.411171	0.0514529
-0.434566	0.0520711
-0.405072	0.051751
-0.425688	0.0460102
-0.436591	0.0408726
-0.375528	0.0678901
-0.384406	0.0597957
-0.464385	0.0517604
-0.39861	0.0463763
-0.401374	0.0418342
-0.429186	0.0503057
-0.443664	0.0510387
-0.474014	0.0433102
-0.424477	0.0519377
-0.42521	0.0580496
-0.480129	0.0496702
-0.364853	0.0735072
-0.421303	0.0715859
-0.386249	0.0606614
-0.341992	0.0540101
-0.383842	0.0548231
-0.34931	0.0541594
-0.323128	0.045586
-0.369414	0.0511736
-0.400956	0.0386328
-0.369754	0.0470766
-0.337049	0.0535402
-0.434658	0.04396
-0.385676	0.0495251
-0.396077	0.0502969
-0.417045	0.0509368
-0.330801	0.050532
-0.417675	0.0455687
-0.384387	0.0636023
-0.332168	0.0641595
-0.360207	0.069915
-0.362128	0.0563794
-0.297938	0.066019
-0.355779	0.0639595
-0.374275	0.0443514
-0.42186	0.048362
-0.416652	0.0550737
-0.492063	0.0418153
-0.453152	0.0540103
-0.490881	0.0653859
-0.50307	0.0523977
-0.486611	0.0612385
-0.504012	0.0509938
-0.502917	0.0417274
-0.445048	0.0494997
-0.493097	0.0451276
-0.435771	0.0538437
-0.366815	0.0702745
-0.306514	0.0795181
-0.381841	0.061917
-0.428698	0.0438453
-0.422008	0.0434746
-0.359201	0.045013
-0.337989	0.0468301
-0.43001	0.0409237
-0.406645	0.0551979
-0.401039	0.0425818
-0.385856	0.0482267
-0.38512	0.0402185
-0.440523	0.0544158
-0.43442	0.0420081
-0.344101	0.0490275
-0.367816	0.0466615
-0.350729	0.050341
-0.415263	0.0487521
-0.372456	0.0455742
-0.36581	0.0476746
-0.322382	0.0512639
-0.289152	0.0539617
-0.331992	0.0596623
-0.389777	0.04657
-0.388814	0.0555139
-0.395746	0.0498503
-0.394064	0.0526883
-0.381653	0.0512008
-0.379223	0.0590076
-0.398157	0.0479255
-0.376099	0.0525487
-0.347427	0.0463361
-0.376943	0.0579992
-0.43957	0.0546733
-0.359934	0.0546304
-0.371454	0.0554853
-0.425554	0.0522145
-0.497875	0.0473534
-0.46228	0.0498686
-0.429026	0.064475
-0.436885	0.0512346
-0.397281	0.0405772
-0.365016	0.044295
-0.395662	0.0563247
-0.443782	0.0540143
-0.410345	0.067982
-0.323594	0.0534457
-0.37676	0.0531015
-0.344728	0.0612319
-0.36342	0.0490022
-0.358764	0.0402429
-0.406119	0.0412669
-0.361866	0.0707303
-0.330258	0.0645264
-0.406151	0.0622643
-0.44175	0.062408
-0.389434	0.0449364
-0.458128	0.0447866
-0.409383	0.0515941
-0.413517	0.0501495
-0.359805	0.0516081
-0.455374	0.0407495
-0.431415	0.0557945
-0.385781	0.0525517
-0.354566	0.0580546
-0.375324	0.0526893
-0.389503	0.0441826
-0.373733	0.0562576
-0.464226	0.0486209
-0.402784	0.0555407
-0.458689	0.0552761
-0.450498	0.0493269
-0.383448	0.0494454
-0.413083	0.0482604
-0.372796	0.0634107
-0.377484	0.0461385
-0.413918	0.055059
-0.352452	0.0495183
-0.387745	0.0586162
-0.340539	0.0511846
-0.360385	0.0466892
-0.396201	0.0584359
-0.390482	0.0536284
-0.372131	0.0469504
-0.413896	0.0463364
-0.390863	0.0487703
-0.373339	0.058466
-0.352286	0.0524815
-0.391978	0.0472604
-0.434179	0.0547041
-0.405841	0.0645393
-0.393344	0.039347
-0.460455	0.0333455
-0.437842	0.0407139
-0.473791	0.0557039
-0.389247	0.0805276
-0.389524	0.0601769
-0.495946	0.0368554
-0.415701	0.062821
-0.417723	0.0535904
-0.414338	0.0494851
-0.487245	0.0510396
-0.344101	0.0533665
-0.397894	0.0556194
-0.412109	0.056487
-0.372401	0.0581949
-0.43718	0.0496771
-0.339917	0.0505691
-0.375775	0.0672502
-0.503977	0.0655772
-0.573613	0.0578544
-0.51757	0.0485454
-0.517607	0.0560322
-0.489788	0.0436097
-0.47694	0.0524813
-0.418697	0.0542476
-0.414838	0.0400782
-0.417112	0.0439804
-0.455891	0.0417941
-0.341466	0.0661151
-0.388415	0.0603206
-0.426526	0.0540134
-0.380915	0.0433248
-0.442412	0.0381347
-0.445855	0.0405811
-0.509114	0.0411692
-0.398774	0.0505479
-0.366644	0.0598329
-0.39049	0.0564276
-0.402063	0.0681262
-0.399153	0.0506746
-0.338161	0.057027
-0.315699	0.0495743
-0.318731	0.0479527
-0.325907	0.0488075
-0.409112	0.0524224
-0.422094	0.0472363
-0.430046	0.0499876
-0.390416	0.0461743
-0.373121	0.0450363
-0.378597	0.0527944
-0.363745	0.043401
-0.345433	0.0475
-0.377108	0.0415911
-0.413082	0.0551411
-0.444207	0.0441251
-0.433714	0.0536284
-0.427403	0.0434232
-0.448279	0.0459844
-0.458634	0.0391608
-0.437044	0.0483393
-0.481427	0.0585663
-0.443855	0.0448749
-0.420396	0.0532477
-0.41761	0.0646497
-0.41141	0.0569677
-0.390778	0.0619312
-0.41748	0.0622006
-0.391551	0.0504702
-0.420851	0.0607303
-0.408046	0.0477796
-0.416323	0.0509017
-0.402258	0.0498733
-0.396388	0.0524479
-0.439365	0.0510758
-0.389691	0.0517862
-0.368937	0.0530529
-0.428232	0.0524346
-0.423841	0.0501763
-0.397436	0.0514137
-0.36824	0.0508809
-0.402133	0.0535665
-0.433243	0.056174
-0.41859	0.0489593
-0.373348	0.0448699
-0.403568	0.0444105
-0.390855	0.0474958
-0.395469	0.0475629
-0.424042	0.0471636
-0.382146	0.0495093
-0.453132	0.039409
-0.45585	0.0445831
-0.398597	0.0579317
-0.420121	0.0483573
-0.42239	0.0546067
-0.488127	0.03817
-0.476581	0.0487968
-0.427259	0.0502008
-0.442729	0.0609353
-0.417939	0.0519139
-0.434996	0.0556837
-0.416725	0.0475892
-0.418773	0.048671
-0.447496	0.0481135
-0.467448	0.0403543
-0.452268	0.0409508
-0.522177	0.0462275
-0.542796	0.0459136
-0.515675	0.0414948
-0.47234	0.0377333
-0.426448	0.0476942
-0.451974	0.0500555
-0.443007	0.0568928
-0.404713	0.063469
-0.35502	0.0536922
-0.369198	0.0563043
-0.351762	0.0715169
-0.35184	0.0821246
-0.365749	0.0555011
-0.390585	0.066619
-0.313649	0.0709506
-0.398554	0.0554618
-0.468566	0.0591709
-0.524178	0.0504099
-0.483122	0.0611111
-0.483867	0.0657542
-0.436238	0.0558684
-0.430116	0.0533981
-0.450828	0.049524
-0.466889	0.0528554
-0.478464	0.0705966
-0.485379	0.0532674
-0.458407	0.0427526
-0.471687	0.0589925
-0.509024	0.0596756
-0.452315	0.0507643
-0.465236	0.0430478
-0.435619	0.0464918
-0.363238	0.0528748
-0.382531	0.0423124
-0.351678	0.055978
-0.376699	0.0399399
-0.417696	0.0525233
-0.446611	0.0444253
-0.437512	0.052205
-0.368246	0.0631143
-0.408021	0.0418697
-0.32767	0.0555109
-0.352179	0.0557147
-0.348839	0.0594004
-0.394296	0.0660997
-0.370135	0.0528887
-0.45964	0.0379288
-0.370002	0.0412283
-0.3676	0.0504382
-0.343234	0.065252
-0.427135	0.0513286
-0.393174	0.0470077
-0.385965	0.0554377
-0.354057	0.061903
-0.309507	0.0555457
-0.344802	0.0468383
-0.433232	0.0562201
-0.448077	0.0468992
-0.4469	0.0451521
-0.437084	0.0406912
-0.435204	0.071283
-0.432568	0.0892774
-0.513479	0.0595984
-0.485198	0.0422624
-0.46249	0.052572
-0.419661	0.0694709
-0.388008	0.0464989
-0.339234	0.055167
-0.470815	0.0484579
-0.380145	0.0544548
-0.396178	0.045006
-0.367706	0.052293
-0.332135	0.0575176
-0.332004	0.0599677
-0.385919	0.0471594
-0.455635	0.0422048
-0.437957	0.0529758
-0.46592	0.0398931
-0.436812	0.0421563
-0.395166	0.0473726
-0.277054	0.0641962
-0.367644	0.0483593
-0.368598	0.0558951
-0.316786	0.04936
-0.397566	0.0514817
-0.408342	0.0516397
-0.383691	0.0551973
-0.35884	0.0540398
-0.39349	0.0450954
-0.389252	0.0492984
-0.405514	0.0581259
-0.474854	0.0571144
-0.44138	0.0490761
-0.381376	0.0528669
-0.375471	0.0577107
-0.329591	0.0421832
-0.370073	0.0470672
-0.406928	0.0554783
-0.406934	0.0512113
-0.389596	0.0523706
-0.371624	0.0467134
-0.46403	0.04199
-0.491481	0.0474612
-0.477388	0.0444722
-0.416227	0.0507643
-0.376949	0.0501932
-0.404409	0.0418769
-0.470589	0.0544941
-0.389205	0.0542461
-0.354272	0.0515185
-0.39333	0.0559721
-0.354846	0.0644617
-0.485535	0.0555121
-0.36372	0.0543227
-0.350425	0.0434096
-0.336386	0.0478145
-0.337037	0.0534056
-0.359932	0.0674519
-0.368756	0.0527201
-0.343784	0.0455534
-0.401819	0.0452748
-0.353036	0.0479594
-0.32858	0.0500317
-0.353593	0.0600688
-0.294561	0.047995
-0.416981	0.0389288
-0.423975	0.0471634
-0.424663	0.07313
-0.434287	0.0494249
-0.465863	0.0545263
-0.404267	0.0518476
-0.374417	0.0519398
-0.345787	0.0501765
-0.40396	0.0500448
-0.338609	0.0654368
-0.357146	0.0456715
-0.459824	0.051613
-0.484543	0.0447574
-0.413097	0.0601829
-0.427951	0.0458302
-0.445512	0.049682
-0.34576	0.0650866
-0.389795	0.0528891
-0.32727	0.0459534
-0.413862	0.0438746
-0.397546	0.0465854
-0.348431	0.0424203
-0.339277	0.0495587
-0.403197	0.0455704
-0.352244	0.0570463
-0.387361	0.0441243
-0.439163	0.0529795
-0.44358	0.0571564
-0.394621	0.0536266
-0.414013	0.0560508
-0.447777	0.046387
-0.42039	0.0526063
-0.366126	0.0630053
-0.324563	0.0633081
-0.312037	0.0693843
-0.349637	0.0688903
-0.357573	0.0456446
-0.374052	0.0502308
-0.390085	0.0510936
-0.399605	0.0434796
-0.439005	0.0432745
-0.443536	0.0516723
-0.463988	0.0555415
-0.485158	0.0565985
-0.441374	0.0569815
-0.437998	0.0679997
-0.379017	0.0621937
-0.373037	0.0659533
-0.388794	0.0405951
-0.386587	0.0420426
-0.405179	0.045922
-0.400132	0.0663094
-0.461286	0.0631847
-0.44382	0.0481209
-0.3656	0.0535546
-0.38167	0.0460763
-0.377443	0.0548362
-0.398886	0.0445248
-0.422861	0.0468551
-0.33203	0.060148
-0.37174	0.0513492
-0.430321	0.0495227
-0.406299	0.0434155
-0.374341	0.0540934
-0.360136	0.0499222
-0.460307	0.0490103
-0.394125	0.0531371
-0.402864	0.0525131
-0.426236	0.0532481
-0.410386	0.0626277
-0.378216	0.0542906
-0.397218	0.0493542
-0.563506	0.0502384
-0.481304	0.0482196
-0.459267	0.0506151
-0.518915	0.0533441
-0.517114	0.0562944
-0.461253	0.0585966
-0.417404	0.0525913
-0.449569	0.0499196
-0.553558	0.0442187
-0.475071	0.054946
-0.426451	0.0445252
-0.37338	0.0476504
-0.338678	0.0501306
-0.342687	0.0686043
-0.418727	0.0604744
-0.409685	0.0513579
-0.449198	0.0496045
-0.39449	0.0537722
-0.354953	0.0568956
-0.353601	0.0622991
-0.367089	0.0510604
-0.40515	0.0490551
-0.37617	0.0461475
-0.397272	0.0572973
-0.388678	0.0487962
-0.424178	0.0475192
-0.413231	0.0511099
-0.44679	0.0582432
-0.424724	0.0541601
-0.358327	0.0428194
-0.374729	0.0559816
-0.345769	0.0471954
-0.276852	0.0623816
-0.305315	0.0557591
-0.405587	0.0472397
-0.439736	0.042754
-0.403576	0.0485927
-0.454715	0.0494279
-0.394026	0.0532096
-0.430677	0.0442795
-0.426455	0.0448954
-0.425659	0.0504314
-0.373791	0.0530008
-0.372259	0.0617465
-0.35438	0.057547
-0.392271	0.0580169
-0.395187	0.0558149
-0.431342	0.0429432
-0.446442	0.0507114
-0.399362	0.0524149
-0.358064	0.0507638
-0.366229	0.0466603
-0.455564	0.0424135
-0.373876	0.0472994
-0.419395	0.0497252
-0.388898	0.0555396
-0.417869	0.0406945
-0.361681	0.0549955
-0.440421	0.048844
-0.479415	0.0515581
-0.407634	0.0504386
-0.409148	0.0610098
-0.399841	0.0678251
-0.334236	0.0503652
-0.336594	0.0633708
-0.324789	0.056792
-0.377302	0.0669139
-0.401122	0.0580522
-0.395342	0.0631894
-0.397768	0.0658902
-0.418452	0.0572776
-0.405102	0.0462624
-0.388598	0.0527914
-0.448783	0.0577292
-0.466757	0.041962
-0.429053	0.054781
-0.465337	0.0589266
-0.434089	0.0633463
-0.507982	0.0561932
-0.453533	0.0441627
-0.431928	0.0506953
-0.48735	0.0473312
-0.397432	0.0456502
-0.371378	0.0482397
-0.444276	0.0472997
-0.39982	0.0523615
-0.417811	0.0490987
-0.419765	0.0599944
-0.394597	0.0456181
-0.39509	0.0544978
-0.414257	0.0348301
-0.355245	0.0430089
-0.312611	0.0561833
-0.295466	0.0786332
-0.315146	0.0525797
-0.346993	0.0496165
-0.402849	0.0430587
-0.326121	0.0639991
-0.321564	0.0490655
-0.35584	0.0602567
-0.390588	0.0572014
-0.350745	0.0501737
-0.400413	0.0457985
-0.371083	0.0508484
-0.376332	0.0556094
-0.392275	0.057906
-0.346666	0.0559496
-0.325826	0.0503224
-0.330041	0.0539048
-0.348384	0.0531232
-0.399107	0.058254
-0.351589	0.058018
-0.395378	0.0555111
-0.407339	0.0465737
-0.498581	0.0562111
-0.45679	0.0670473
-0.395346	0.0571214
-0.354491	0.0613031
-0.354512	0.0614688
-0.348951	0.0438264
-0.363948	0.0509725
-0.358355	0.0640625
-0.451292	0.0546481
-0.35242	0.056714
-0.384672	0.0413946
-0.371124	0.0500574
-0.356789	0.0589943
-0.298497	0.0672695
-0.337905	0.0452489
-0.38121	0.0541775
-0.40725	0.0522284
-0.372163	0.0564997
-0.423372	0.0580921
-0.427726	0.0465324
-0.370352	0.0462135
-0.37086	0.0522766
-0.316415	0.04978
-0.377679	0.0542202
-0.37512	0.0576878
-0.428886	0.0467848
-0.409169	0.0705187
-0.441986	0.0588981
-0.479947	0.0582301
-0.397735	0.0538143
-0.456168	0.0370413
-0.345869	0.0436672
-0.379197	0.0485782
-0.356749	0.0476901
-0.360557	0.0438966
-0.393831	0.0404299
-0.361402	0.0584151
-0.330204	0.054065
-0.350788	0.0620541
-0.329691	0.0685254
-0.383557	0.0593648
-0.39704	0.0482062
-0.458375	0.0560046
-0.403566	0.0448842
-0.456545	0.0424317
-0.465911	0.0438896
-0.477231	0.0563882
-0.470228	0.0464207
-0.341847	0.0545606
-0.2936	0.0663834
-0.307912	0.0676533
-0.347047	0.072163
-0.4194	0.0730669
-0.380937	0.0436342
-0.313035	0.0535867
-0.371894	0.0447469
-0.462392	0.0435835
-0.406507	0.039741
-0.359452	0.0601709
-0.394622	0.0567704
-0.38561	0.0423797
-0.38851	0.0484737
-0.402479	0.0646702
-0.433032	0.0444313
-0.397497	0.0525672
-0.411809	0.0589241
-0.396461	0.0547221
-0.427662	0.0501144
-0.446266	0.0663474
-0.402284	0.057117
-0.40509	0.0516177
-0.379068	0.0627756
-0.362553	0.0408373
-0.322812	0.0555697
-0.362488	0.0573731
-0.444701	0.056188
-0.391811	0.0505385
-0.419437	0.0533642
-0.411817	0.0515408
-0.336257	0.0457096
-0.36535	0.0471327
-0.393634	0.0412099
-0.427593	0.0516369
-0.478469	0.0451445
-0.461108	0.0466901
-0.42799	0.0464104
-0.417208	0.0588511
-0.363163	0.0675925
-0.398456	0.0497493
-0.388836	0.051065
-0.407591	0.0486912
-0.373118	0.0509482
-0.308618	0.0615342
-0.363335	0.0482684
-0.360861	0.0515011
-0.359999	0.0438167
-0.28154	0.0516143
-0.299521	0.0501157
-0.327456	0.049872
-0.352897	0.0463045
-0.388644	0.0553622
-0.394551	0.0506827
-0.430336	0.0505994
-0.439669	0.0496438
-0.382571	0.0492293
-0.452037	0.0446609
-0.415123	0.0669028
-0.433647	0.0465766
-0.383456	0.0484933
-0.407698	0.0518469
-0.354438	0.0476346
-0.336183	0.0480305
-0.407428	0.0514121
-0.391842	0.0436771
-0.383195	0.0641747
-0.278852	0.0692838
-0.458078	0.0461162
-0.396569	0.0544575
-0.473526	0.0468643
-0.453362	0.0446142
-0.376023	0.0634699
-0.374307	0.0616753
-0.382272	0.0602435
-0.426777	0.0525124
-0.409512	0.0529792
-0.495412	0.0447986
-0.481184	0.048662
-0.344186	0.0918494
-0.44338	0.0548315
-0.425102	0.0528645
-0.410617	0.0520232
-0.409322	0.0631566
-0.469041	0.0453348
-0.376335	0.0511531
-0.388713	0.0458726
-0.401258	0.0487981
-0.417583	0.053518
-0.442579	0.0567644
-0.37519	0.0636978
-0.407462	0.0643365
-0.394272	0.0635158
-0.438814	0.055349
-0.381783	0.0458505
-0.394691	0.0528738
-0.322397	0.0637381
-0.377365	0.0515547
-0.347793	0.0559953
-0.371621	0.0524867
-0.404873	0.054152
-0.390016	0.0539904
-0.296853	0.0441735
-0.385625	0.0525193
-0.396596	0.0388488
-0.398869	0.0591276
-0.426141	0.0573623
-0.400088	0.0637354
-0.376001	0.0552406
-0.397926	0.0569191
-0.443402	0.047343
-0.362166	0.0482138
-0.330577	0.0547229
-0.362931	0.0428365
-0.391902	0.0439791
-0.390554	0.0421241
-0.401889	0.0476878
-0.398204	0.0672845
-0.450839	0.0451214
-0.295445	0.0625764
-0.278471	0.0788792
-0.288354	0.0720263
-0.282276	0.0545125
-0.379713	0.0554014
-0.424032	0.047817
-0.33735	0.0537415
-0.402782	0.0539233
-0.396322	0.0491998
-0.352027	0.044507
-0.373811	0.0593803
-0.419881	0.0459133
-0.453534	0.0410988
-0.392311	0.0681118
-0.398554	0.0582221
-0.469801	0.045941
-0.540755	0.0421783
-0.45636	0.0515128
-0.449036	0.0632428
-0.48332	0.0535731
-0.499242	0.0596788
-0.456682	0.0492332
-0.388538	0.04847
-0.387199	0.0527641
-0.379209	0.0458742
-0.41587	0.0547726
-0.431969	0.0526574
-0.412892	0.046627
-0.419783	0.0452069
-0.420414	0.0482768
-0.372478	0.0458744
-0.422845	0.0408714
-0.364924	0.0519015
-0.397885	0.0565945
-0.39874	0.0549502
-0.399148	0.0481725
-0.354163	0.0478613
-0.334911	0.0503318
-0.394253	0.0526565
-0.375238	0.0449082
-0.351415	0.0504154
-0.379906	0.0590402
-0.414585	0.058554
-0.389295	0.0676553
-0.330688	0.056127
-0.345954	0.0603561
-0.300327	0.0556785
-0.321303	0.0482827
-0.298968	0.0469428
-0.33967	0.053154
-0.335663	0.059506
-0.354006	0.0548717
-0.349119	0.0457368
-0.370102	0.0580362
-0.399206	0.057332
-0.361912	0.0468247
-0.378369	0.0434704
-0.340284	0.0434707
-0.344783	0.0469078
-0.311622	0.0572305
-0.307977	0.0536597
-0.353037	0.0511073
-0.382979	0.0458853
-0.335557	0.0459986
-0.32079	0.0585632
-0.332373	0.050915
-0.378539	0.0456631
-0.362948	0.0477614
-0.444618	0.0394518
-0.318729	0.0622814
-0.452249	0.0473198
-0.427175	0.0452468
-0.335116	0.0563482
-0.35167	0.0458609
-0.412789	0.0412486
-0.444049	0.0497212
-0.431313	0.0428731
-0.443102	0.0452436
-0.45675	0.0460234
-0.42174	0.0383758
-0.430565	0.0489874
-0.405123	0.0522017
-0.464568	0.0482867
-0.402016	0.0508971
-0.366875	0.043423
-0.3625	0.0467161
-0.377054	0.0652531
-0.406728	0.0550714
-0.402615	0.0462895
-0.408419	0.0512572
-0.372013	0.038701
-0.375042	0.047287
-0.383705	0.039047
-0.371556	0.0421308
-0.396524	0.0415952
-0.481216	0.0478591
-0.414223	0.0461023
-0.43014	0.0491737
-0.424918	0.0749508
-0.411658	0.0702416
-0.399796	0.0538891
-0.370033	0.0603701
-0.365919	0.0627208
-0.341206	0.0506304
-0.379853	0.054167
-0.317999	0.0540382
-0.446937	0.0405672
-0.431502	0.0481004
-0.433005	0.0484383
-0.41165	0.0518801
-0.422129	0.0373587
-0.412751	0.0581842
-0.337983	0.0776828
-0.400754	0.0533151
-0.339523	0.0804105
-0.326396	0.056824
-0.353896	0.0619693
-0.437608	0.0506147
-0.411707	0.0518381
-0.417879	0.0454862
-0.358673	0.0615311
-0.382904	0.0445256
-0.331775	0.0621604
-0.381335	0.0517266
-0.381184	0.0405274
-0.396216	0.0393984
-0.352157	0.0573805
-0.401012	0.0490996
-0.417547	0.0490038
-0.464427	0.0396585
-0.45614	0.0446149
-0.428149	0.0500713
-0.354538	0.0577874
-0.361417	0.0534516
-0.359496	0.0548386
-0.402841	0.0686621
-0.440439	0.050465
-0.475546	0.0412552
-0.488369	0.0519117
-0.390494	0.0440583
-0.369527	0.0504138
-0.317749	0.0642337
-0.378261	0.0547307
-0.423155	0.0470633
-0.387297	0.0532427
-0.459356	0.0533161
-0.458367	0.0546999
-0.4576	0.0589421
-0.519413	0.0703797
-0.452859	0.0552428
-0.392861	0.0555366
-0.371933	0.0621757
-0.366992	0.0494993
-0.407712	0.0458842
-0.399355	0.0618048
-0.400771	0.0458634
-0.361346	0.0535022
-0.362097	0.0625637
-0.342255	0.0642134
-0.401483	0.0519332
-0.348118	0.0488021
-0.368295	0.0390437
-0.337762	0.0480129
-0.333393	0.0438771
-0.35642	0.0464969
-0.411817	0.0444999
-0.408998	0.052305
-0.334657	0.0501564
-0.340648	0.0603368
-0.371593	0.0462291
-0.342578	0.0474238
-0.392934	0.0582284
-0.422626	0.0443273
-0.41252	0.0604874
-0.419544	0.0634171
-0.437624	0.0449777
-0.458166	0.0454149
-0.427582	0.0539112
-0.452663	0.0483369
-0.416686	0.0621185
-0.379941	0.0765503
-0.416889	0.0596355
-0.396047	0.0610014
-0.405074	0.0462227
-0.386599	0.044425
-0.315647	0.042945
-0.347782	0.0520288
-0.364077	0.0581803
-0.429043	0.041867
-0.437264	0.0492329
-0.434334	0.0522477
-0.389347	0.0546335
-0.327667	0.052697
-0.410491	0.0471627
-0.395843	0.0540441
-0.34757	0.05205
-0.370713	0.0632173
-0.327275	0.0816436
-0.35174	0.0608896
-0.404779	0.0552085
-0.393304	0.0498319
-0.381469	0.0388474
-0.428583	0.042614
-0.416357	0.0421286
-0.385046	0.0485073
-0.3749	0.0611477
-0.438094	0.0470343
-0.413488	0.0580937
-0.314979	0.0572717
-0.367903	0.0628218
-0.414567	0.0473613
-0.363609	0.0638956
-0.40757	0.0606651
-0.451375	0.0551908
-0.423037	0.0589696
-0.431107	0.0603215
-0.433658	0.0532781
-0.391016	0.0464521
-0.368132	0.0636419
-0.511443	0.0398249
-0.457906	0.0490323
-0.45268	0.0603771
-0.438479	0.0716647
-0.432154	0.0614436
-0.467405	0.0552976
-0.464017	0.0443581
-0.474362	0.0377156
-0.49345	0.0366392
-0.463516	0.0572837
-0.486332	0.0544441
-0.437671	0.0522687
-0.419381	0.0447537
-0.39079	0.0533486
-0.369731	0.065142
-0.468689	0.0569827
-0.508629	0.0533477
-0.432458	0.0526857
-0.385607	0.0523488
-0.391965	0.0474183
-0.407398	0.0550425
-0.319518	0.0676529
-0.336053	0.0487161
-0.378189	0.0479684
-0.398482	0.0462806
-0.357724	0.0467214
-0.319498	0.0554656
-0.356262	0.0476326
-0.311566	0.0557229
-0.33605	0.0552104
-0.349679	0.0531861
-0.343746	0.0572842
-0.320682	0.06138
-0.377962	0.0725334
-0.368948	0.0618442
-0.418798	0.0484778
-0.413072	0.0353095
-0.396072	0.0451606
-0.350488	0.0442779
-0.31728	0.0444827
-0.307741	0.0458589
-0.362814	0.0512715
-0.388356	0.0543175
-0.352513	0.0458122
-0.348967	0.0437799
-0.36028	0.0532242
-0.376958	0.0578771
-0.40388	0.0438787
-0.387858	0.0443931
-0.332519	0.0592929
-0.374038	0.0591658
-0.348168	0.0549019
-0.400773	0.0459685
-0.3252	0.0635515
-0.465387	0.0607191
-0.412979	0.0457642
-0.397624	0.0537299
-0.438751	0.0569388
-0.415143	0.0539107
-0.401007	0.0522243
-0.311376	0.0500191
-0.37913	0.0522946
-0.402321	0.0626771
-0.425008	0.0418378
-0.412667	0.039356
-0.372007	0.0394415
-0.378565	0.0411982
-0.356162	0.0474123
-0.385124	0.0445763
-0.465007	0.0427235
-0.399287	0.0517013
-0.432395	0.0625796
-0.362035	0.0624014
-0.398263	0.0519409
-0.459221	0.0465654
-0.4297	0.0521186
-0.479786	0.0445364
-0.477275	0.0452317
-0.466848	0.0414453
-0.460727	0.0414016
-0.450477	0.048882
-0.434157	0.040148
-0.420043	0.0476802
-0.427	0.0575113
-0.376583	0.0572295
-0.362255	0.0538795
-0.399426	0.0579947
-0.463622	0.0430464
-0.452303	0.0434327
-0.50286	0.0424827
-0.494079	0.0551203
-0.448917	0.049145
-0.545237	0.046244
-0.447167	0.057109
-0.399059	0.0397615
-0.41273	0.0479551
-0.401993	0.0442906
-0.353173	0.0475497
-0.370901	0.0529325
-0.380813	0.0629448
-0.404283	0.0574448
-0.393883	0.0557823
-0.494674	0.0535455
-0.437538	0.0478307
-0.427146	0.0680669
-0.433644	0.0513817
-0.39438	0.0546759
-0.405291	0.0430767
-0.476774	0.0422541
-0.436253	0.0444465
-0.38375	0.0616407
-0.392707	0.0490159
-0.390745	0.0510858
-0.477726	0.0368886
-0.4745	0.0339182
-0.493027	0.0529315
-0.443419	0.0456481
-0.384391	0.051553
-0.396484	0.04534
-0.387879	0.0480142
-0.443518	0.0603541
-0.443002	0.0767698
-0.409947	0.0658238
-0.48075	0.0414619
-0.532636	0.0455316
-0.465653	0.0438662
-0.421824	0.0452938
-0.330256	0.0478942
-0.403216	0.052712
-0.409552	0.0443918
-0.437861	0.0447587
-0.391729	0.043609
-0.406155	0.0452193
-0.387329	0.0401139
-0.457064	0.0418565
-0.44539	0.0509739
-0.392523	0.0493959
-0.448184	0.0501922
-0.376886	0.0638546
-0.442484	0.0607498
-0.45795	0.0496144
-0.506951	0.0519568
-0.512647	0.0506139
-0.539612	0.054978
-0.562736	0.0466469
-0.496052	0.0486161
-0.475222	0.0617377
-0.412178	0.0556599
-0.425758	0.0531533
-0.420469	0.0589825
-0.356003	0.0661326
-0.336823	0.0506436
-0.427952	0.0427597
-0.353615	0.0476964
-0.334693	0.0488196
-0.348886	0.046164
-0.348114	0.0486448
-0.377808	0.0486905
-0.362531	0.0453779
-0.381543	0.0485613
-0.345572	0.0607393
-0.366464	0.0566116
-0.393649	0.0536023
-0.376557	0.065171
-0.351209	0.0579328
-0.360729	0.0505303
-0.386428	0.0411749
-0.36792	0.0545694
-0.379603	0.0490457
-0.343362	0.0567392
-0.329953	0.0658987
-0.345182	0.0700106
-0.37198	0.048106
-0.386429	0.0408986
-0.438919	0.0463265
-0.414541	0.0437669
-0.38194	0.0577399
-0.437566	0.0445025
-0.443301	0.051391
-0.38205	0.051429
-0.442682	0.0429428
-0.478203	0.0428179
-0.446182	0.0549806
-0.408477	0.0456208
-0.401168	0.0526258
-0.405294	0.0525487
-0.403278	0.0580097
-0.389827	0.0440171
-0.434677	0.0472958
-0.392767	0.0571619
-0.408178	0.0541979
-0.46075	0.0535924
-0.419554	0.0592833
-0.526033	0.0526077
-0.48312	0.0578556
-0.420629	0.0642095
-0.415348	0.0429354
-0.467579	0.0384235
-0.434416	0.0437879
-0.455346	0.0456629
-0.40937	0.0474172
-0.383998	0.0475579
-0.369206	0.0762839
-0.397672	0.0467378
-0.37723	0.044889
-0.420553	0.0537212
-0.456841	0.0505585
-0.386943	0.058187
-0.408785	0.054937
-0.406426	0.0660071
-0.372812	0.0477479
-0.402215	0.0529627
-0.374523	0.0495842
-0.426126	0.0539816
-0.35947	0.0529722
-0.391463	0.0563806
-0.3585	0.0664789
-0.341982	0.061788
-0.363294	0.0476943
-0.377998	0.0591004
-0.387415	0.0560653
-0.402143	0.0593669
-0.404299	0.0542521
-0.462903	0.0603297
-0.444523	0.0524363
-0.442821	0.0519965
-0.374619	0.0445789
-0.314985	0.060031
-0.408329	0.0400097
-0.38513	0.0432804
-0.41646	0.0447975
-0.440836	0.0486632
-0.427916	0.0489345
-0.400498	0.0551626
-0.417039	0.0504634
-0.415759	0.0671619
-0.431818	0.0587509
-0.454375	0.0696227
-0.422175	0.0535533
-0.440984	0.0637771
-0.418705	0.054324
-0.451291	0.0590809
-0.420762	0.0599327
-0.435021	0.0558382
-0.395502	0.051657
-0.380178	0.0743603
-0.343847	0.0553517
-0.370766	0.0621002
-0.284468	0.0955375
-0.478947	0.0542826
-0.426572	0.0539914
-0.450539	0.0590914
-0.419863	0.0549521
-0.38277	0.0502865
-0.34156	0.0566113
-0.389195	0.0460316
-0.315265	0.0640952
-0.350907	0.0589744
-0.318015	0.0627218
-0.352044	0.0594599
-0.303655	0.071083
-0.371325	0.0563752
-0.354767	0.0544823
-0.32563	0.0540471
-0.361443	0.0480125
-0.441193	0.0495369
-0.463198	0.0567934
-0.382206	0.0665035
-0.484728	0.0587235
-0.504278	0.0443511
-0.459214	0.0637834
-0.506708	0.0532108
-0.5047	0.0464872
-0.451665	0.0524866
-0.416896	0.0463759
-0.415278	0.0512523
-0.370203	0.0435913
-0.401535	0.0516958
-0.395609	0.0508893
-0.367549	0.0501423
-0.412834	0.0477698
-0.379837	0.0556538
-0.383297	0.0504443
-0.442371	0.0486585
-0.42571	0.0493192
-0.447854	0.0533667
-0.377762	0.0546451
-0.40384	0.0577564
-0.416537	0.0469575
-0.382131	0.0423381
-0.419	0.044478
-0.37516	0.0518294
-0.408783	0.0503646
-0.453885	0.0599064
-0.438466	0.0525098
-0.395032	0.0504539
-0.363936	0.0619514
-0.439738	0.0509316
-0.374639	0.0532809
-0.371596	0.0486518
-0.395614	0.0459225
-0.39301	0.0596966
-0.415801	0.0459549
-0.343456	0.0527322
-0.425413	0.0444735
-0.411223	0.052357
-0.408268	0.0430734
-0.336411	0.0502915
-0.405015	0.0537006
-0.396854	0.0537329
-0.376354	0.0691974
-0.392417	0.0627809
-0.428835	0.0504827
-0.432334	0.049117
-0.390264	0.0434194
-0.402687	0.0433949
-0.390217	0.0570982
-0.405113	0.0585136
-0.425262	0.0508277
-0.444987	0.0538803
-0.38469	0.0549788
-0.37515	0.0520788
-0.345767	0.0526098
-0.413655	0.0492005
-0.425289	0.0541275
-0.481273	0.0403982
-0.457324	0.0439805
-0.379342	0.0728513
-0.388574	0.0455332
-0.395072	0.0468502
-0.367981	0.0547382
-0.39294	0.045969
-0.387931	0.0619411
-0.441513	0.0538167
-0.461462	0.0484598
-0.386177	0.0486806
-0.366683	0.0472911
-0.385686	0.0454369
-0.38026	0.0454821
-0.404796	0.0444169
-0.41712	0.0451212
-0.375814	0.0416183
-0.385723	0.043618
-0.421816	0.0517773
-0.385588	0.0527132
-0.389739	0.0527647
-0.364988	0.0574882
-0.394565	0.0461666
-0.393624	0.0519161
-0.432153	0.0410618
-0.390878	0.044888
-0.415103	0.0398651
-0.393232	0.0540742
-0.436485	0.0403371
-0.393396	0.042153
-0.435025	0.0424861
-0.481453	0.0466168
-0.425868	0.0496603
-0.408051	0.0462611
-0.43166	0.0485749
-0.449986	0.0415387
-0.391597	0.0502838
-0.352665	0.0516516
-0.409069	0.0641742
-0.386591	0.0594881
-0.418569	0.0598152
-0.393688	0.0569299
-0.410376	0.0610403
-0.375565	0.0560199
-0.399176	0.0408719
-0.4174	0.0421937
-0.387029	0.0521969
-0.428324	0.0479003
-0.383899	0.0543981
-0.354782	0.0491039
-0.373515	0.0498443
-0.361325	0.0425123
-0.358366	0.0559772
-0.334494	0.054598
-0.279877	0.0615301
-0.358081	0.0489214
-0.378098	0.0541956
-0.297832	0.0599714
-0.289618	0.0543111
-0.31547	0.0625664
-0.328505	0.062449
-0.430389	0.0382567
-0.37673	0.0520348
-0.367363	0.0445841
-0.363892	0.0529509
-0.322921	0.0642959
-0.324437	0.0556835
-0.396669	0.0449417
-0.454311	0.0487862
-0.465786	0.0509364
-0.404854	0.0450365
-0.512052	0.0384574
-0.449985	0.0552915
-0.433862	0.0571781
-0.425052	0.0657636
-0.439742	0.0539875
-0.415943	0.048907
-0.38568	0.0574884
-0.357115	0.052577
-0.396538	0.050192
-0.409748	0.039945
-0.414904	0.0412452
-0.430322	0.0617553
-0.413404	0.0534456
-0.465135	0.0438963
-0.511069	0.0501717
-0.467449	0.0505199
-0.487224	0.0441098
-0.391378	0.0467838
-0.443433	0.0463648
-0.546662	0.0515565
-0.483897	0.0528675
-0.491694	0.0431076
-0.48703	0.0427759
-0.501753	0.0458789
-0.488433	0.0483824
-0.450176	0.0403763
-0.429999	0.0460037
-0.48327	0.0507579
-0.469825	0.0597917
-0.407631	0.0595361
-0.412979	0.0566889
-0.510166	0.0538687
-0.47122	0.0435899
-0.460982	0.0551241
-0.471876	0.0574261
-0.439275	0.0505378
-0.425448	0.0561847
-0.404529	0.0478742
-0.334981	0.0540684
-0.443499	0.0624645
-0.436189	0.0578902
-0.404597	0.053301
-0.371067	0.0469643
-0.353291	0.0535236
-0.413842	0.0436931
-0.414513	0.0507051
-0.420452	0.0584476
-0.432309	0.0730733
-0.416461	0.0561782
-0.364706	0.054671
-0.337105	0.0628884
-0.360581	0.0599559
-0.448469	0.0581689
-0.346166	0.0503711
-0.348308	0.0485996
-0.371649	0.0626115
-0.41438	0.0591467
-0.369337	0.0716234
-0.382133	0.0545628
-0.410415	0.0529618
-0.400905	0.0493962
-0.40611	0.0392067
-0.409724	0.0441783
-0.431442	0.0415154
-0.362943	0.045142
-0.328865	0.0715596
-0.420614	0.0739915
-0.416239	0.0508225
-0.429973	0.052189
-0.449117	0.060708
-0.42718	0.0483962
-0.368514	0.0584531
-0.4155	0.0558634
-0.416273	0.0480499
-0.387294	0.0441077
-0.419065	0.058497
-0.408438	0.0529471
-0.42336	0.0611524
-0.483831	0.0490956
-0.443036	0.0557827
-0.432502	0.0503484
-0.546949	0.0459234
-0.481697	0.0529171
-0.44924	0.0686472
-0.463317	0.0501229
-0.410858	0.0441414
-0.440732	0.0449846
-0.44382	0.0458002
-0.361928	0.0643069
-0.391944	0.0545126
-0.400104	0.0503589
-0.416972	0.0605906
-0.411146	0.0548351
-0.394148	0.0394249
-0.464762	0.0545534
-0.460174	0.0547407
-0.410483	0.0491676
-0.394484	0.0586094
-0.393466	0.0523852
-0.452684	0.0439657
-0.435932	0.0584651
-0.444633	0.0538487
-0.531639	0.052289
-0.509632	0.062021
-0.499344	0.0618698
-0.542012	0.0493766
-0.485086	0.0460106
-0.368646	0.0620762
-0.379185	0.0574741
-0.35496	0.0465911
-0.340526	0.0649743
-0.456945	0.0525168
-0.348742	0.0459608
-0.435106	0.0581297
-0.391612	0.051214
-0.401582	0.0499381
-0.391526	0.0440781
-0.370057	0.0484983
-0.381169	0.0553885
-0.382152	0.0428273
-0.402006	0.0456027
-0.376634	0.0620189
-0.422555	0.0585883
-0.365061	0.0534857
-0.343417	0.0507078
-0.348921	0.0598386
-0.379839	0.0522814
-0.403229	0.0521201
-0.340506	0.0444794
-0.357482	0.0430113
-0.355151	0.0500222
-0.364006	0.0617322
-0.37173	0.0520777
-0.36673	0.0573189
-0.334848	0.0753765
-0.325253	0.0768625
-0.354653	0.0501683
-0.379968	0.050468
-0.392578	0.0575428
-0.28354	0.0932804
-0.30383	0.0788664
-0.341129	0.0634854
-0.372566	0.0506437
-0.370074	0.0435839
-0.415948	0.0462177
-0.376969	0.0488598
-0.318664	0.0532734
-0.314252	0.0527926
-0.350365	0.0558843
-0.343444	0.0467777
-0.313874	0.0544699
-0.334645	0.0548975
-0.332858	0.0486543
-0.335642	0.0426328
-0.307485	0.0467766
-0.281351	0.0547522
-0.412856	0.0598278
-0.388095	0.0558408
-0.422729	0.0548437
-0.372823	0.0678963
-0.3596	0.0550986
-0.409389	0.0419406
-0.343064	0.0450152
-0.390724	0.0614267
-0.35255	0.0556419
-0.338395	0.0580959
-0.326084	0.0496354
-0.322249	0.0590813
-0.340201	0.0557313
-0.358392	0.0559198
-0.351686	0.0476271
-0.308937	0.0618784
-0.360255	0.0597828
-0.340157	0.0555425
-0.295232	0.0569006
-0.355311	0.0503069
-0.40169	0.0447909
-0.401597	0.0439129
-0.395312	0.0474398
-0.395432	0.0546518
-0.408787	0.0485452
-0.410575	0.0467404
-0.37759	0.0492347
-0.323383	0.0600327
-0.392433	0.0506358
-0.412571	0.0477943
-0.405244	0.0422201
-0.337723	0.0521175
-0.343338	0.05917
-0.370773	0.0411762
-0.42432	0.0685284
-0.389192	0.0598345
-0.377493	0.0596849
-0.39013	0.0666043
-0.457846	0.0567324
-0.455799	0.0530568
-0.466748	0.0474081
-0.468749	0.0615382
-0.426516	0.0590345
-0.463377	0.0542032
-0.551949	0.05518
-0.456257	0.0461094
-0.416907	0.0595174
-0.409031	0.0467336
-0.428246	0.0408517
-0.403525	0.0481452
-0.424136	0.0529285
-0.382359	0.0579966
-0.4242	0.0540535
-0.416366	0.046323
-0.455546	0.0511186
-0.4271	0.0583198
-0.424113	0.0538522
-0.493353	0.055225
-0.400848	0.0598588
-0.428777	0.0429999
-0.430865	0.051607
-0.397026	0.0472249
-0.388399	0.0400839
-0.316827	0.0532027
-0.320799	0.0650285
-0.345526	0.0485295
-0.279331	0.0728104
-0.346564	0.052058
-0.371575	0.0508856
-0.350672	0.0640513
-0.411161	0.0513913
-0.449509	0.0572502
-0.379975	0.059771
-0.405596	0.0534803
-0.3228	0.0607895
-0.286232	0.0585783
-0.340701	0.0474598
-0.3083	0.0500445
-0.335642	0.0611925
-0.415459	0.0550087
-0.343155	0.0521997
-0.37053	0.0498639
-0.380059	0.0500746
-0.386673	0.0446724
-0.367685	0.0437659
-0.447713	0.0524931
-0.427927	0.057177
-0.361858	0.0696681
-0.356029	0.0664125
-0.393622	0.0644714
-0.396218	0.0597279
-0.396686	0.0469911
-0.464798	0.0449061
-0.43302	0.0594245
-0.34711	0.055858
-0.395251	0.0536426
-0.413913	0.0480914
-0.422684	0.0639786
-0.389964	0.0678035
-0.510694	0.0490365
-0.497564	0.0576291
-0.536268	0.0426292
-0.440973	0.049957
-0.393828	0.0489727
-0.429803	0.0599446
-0.41806	0.0660981
-0.438943	0.0556906
-0.415842	0.045733
-0.454908	0.0422203
-0.457807	0.0391314
-0.387384	0.0465538
-0.458838	0.0368139
-0.460736	0.0405089
-0.477073	0.0409839
-0.40458	0.0470629
-0.411262	0.0497202
-0.446613	0.0554448
-0.460335	0.0411838
-0.461975	0.0443995
-0.405649	0.0518352
-0.480997	0.0463846
-0.448606	0.0505095
-0.441936	0.0458042
-0.494414	0.0516401
-0.436367	0.0545556
-0.390618	0.0566172
-0.448751	0.0683825
-0.467779	0.0460198
-0.460077	0.0438652
-0.428897	0.0553587
-0.47153	0.0436616
-0.412946	0.0384647
-0.436375	0.0482206
-0.542331	0.0470414
-0.455217	0.0666963
-0.485493	0.0513237
-0.508356	0.0555449
-0.456472	0.0504611
-0.452852	0.0457595
-0.514435	0.0542843
-0.456753	0.0596447
-0.422729	0.0529893
-0.381697	0.0463294
-0.414307	0.0601428
-0.437195	0.0484721
-0.427339	0.0490397
-0.448317	0.046298
-0.436645	0.0477196
-0.429582	0.052489
-0.40511	0.0474519
-0.441913	0.0550496
-0.407582	0.0466359
-0.388081	0.0538079
-0.380271	0.050582
-0.339326	0.0469325
-0.396745	0.050151
-0.368099	0.0530189
-0.396408	0.0638423
-0.365357	0.0595291
-0.398334	0.0487019
-0.408028	0.0555356
-0.39419	0.0454474
-0.359877	0.0638392
-0.421019	0.0529742
-0.499096	0.0698967
-0.547582	0.0446719
-0.463002	0.0478541
-0.391711	0.0745111
-0.472863	0.0660535
-0.488252	0.0429387
-0.441348	0.0513734
-0.372638	0.0552211
-0.339695	0.0650908
-0.308252	0.0872448
-0.382907	0.0552917
-0.353034	0.0482215
-0.36476	0.0433243
-0.332781	0.0629262
-0.393322	0.0615128
-0.418313	0.0469951
-0.417875	0.0522371
-0.405268	0.0499646
-0.435682	0.04598
-0.367059	0.0453222
-0.391474	0.0539216
-0.372631	0.0674007
-0.413737	0.0452053
-0.392501	0.0487458
-0.332146	0.0612345
-0.347093	0.0569042
-0.401884	0.0698967
-0.394359	0.0707186
-0.327254	0.0474729
-0.326426	0.065149
-0.313586	0.0624092
-0.432846	0.0488264
-0.427605	0.062799
-0.45488	0.0454823
-0.452227	0.0577378
-0.415768	0.0491263
-0.401948	0.0475429
-0.400705	0.04548
-0.411882	0.0482348
-0.337207	0.0797166
-0.405326	0.0577103
-0.380977	0.0500195
-0.346801	0.0434086
-0.375311	0.0490045
-0.371704	0.052046
-0.408141	0.0544054
-0.386899	0.0580375
-0.41757	0.058591
-0.360572	0.0831173
-0.428767	0.0700523
-0.346371	0.0705234
-0.324545	0.0712505
-0.433726	0.0459304
-0.426237	0.0483785
-0.361211	0.0559619
-0.347682	0.0489384
-0.38348	0.0586736
-0.422174	0.0560203
-0.434813	0.0526911
-0.503672	0.0491484
-0.497597	0.0475286
-0.410201	0.0503455
-0.387768	0.0620824
-0.386178	0.0533145
-0.35787	0.0503484
-0.35332	0.0484852
-0.37068	0.050804
-0.415243	0.0535463
-0.410917	0.04375
-0.397892	0.0469472
-0.41024	0.0477417
-0.444316	0.0466123
-0.52404	0.0557134
-0.445018	0.0607382
-0.465568	0.0591198
-0.520831	0.041511
-0.496042	0.0488853
-0.457564	0.0550149
-0.438917	0.0577658
-0.395027	0.0626803
-0.397904	0.0572513
-0.469779	0.0468198
-0.416249	0.04694
-0.375596	0.0600722
-0.407807	0.0470685
-0.387197	0.0565396
-0.423144	0.0475418
-0.408592	0.0549893
-0.433615	0.0598839
-0.421807	0.0516009
-0.389803	0.062904
-0.374096	0.0624903
-0.455876	0.0585863
-0.465428	0.0529097
-0.41609	0.0465449
-0.356466	0.049781
-0.335064	0.0554473
-0.367314	0.060196
-0.41654	0.0524655
-0.395361	0.0604552
-0.39517	0.043418
-0.404729	0.043143
-0.37098	0.0594666
-0.395335	0.0555939
-0.363736	0.0459265
-0.404344	0.0498947
-0.380823	0.0567527
-0.39377	0.0458032
-0.426731	0.0456073
-0.390374	0.0464175
-0.431276	0.0525285
-0.386009	0.0472712
-0.374625	0.0436095
-0.372057	0.0501452
-0.413558	0.0567405
-0.457707	0.0419104
-0.407543	0.0472734
-0.44103	0.0535451
-0.474815	0.0580071
-0.416635	0.0432684
-0.359804	0.059148
-0.394475	0.0489982
-0.363123	0.0436445
-0.345766	0.0592374
-0.350916	0.0448756
-0.304949	0.0511328
-0.308166	0.0565943
-0.395796	0.0543034
-0.368211	0.0528913
-0.345745	0.0537222
-0.370441	0.0508572
-0.353626	0.0494349
-0.409816	0.0461949
-0.394672	0.052247
-0.382057	0.0461911
-0.381213	0.0587131
-0.381704	0.0537922
-0.395518	0.0574298
-0.451101	0.0551935
-0.45196	0.0638823
-0.451466	0.047996
-0.417195	0.0494055
-0.39318	0.048205
-0.388352	0.0479508
-0.444106	0.0496439
-0.425074	0.0680486
-0.383769	0.0709703
-0.421888	0.0635674
-0.400994	0.0526056
-0.423116	0.052307
-0.387081	0.0530433
-0.451395	0.0415509
-0.477704	0.0359299
-0.468014	0.0503591
-0.482497	0.0429313
-0.495475	0.0517932
-0.46281	0.0479891
-0.424377	0.0549583
-0.380852	0.0497508
-0.393822	0.0647101
-0.305934	0.0804518
-0.343582	0.0646255
-0.377301	0.0482737
-0.406977	0.0506438
-0.482254	0.0556197
-0.507954	0.0494583
-0.474426	0.051785
-0.499291	0.0608301
-0.450423	0.0566298
-0.478777	0.0519645
-0.440339	0.0394476
-0.42611	0.0527952
-0.41761	0.0501697
-0.361515	0.0557755
-0.42466	0.0424499
-0.426004	0.0559241
-0.395661	0.0473543
-0.419697	0.0400405
-0.373579	0.0491059
-0.461284	0.0471528
-0.44186	0.0471835
-0.436333	0.0588942
-0.475879	0.0467053
-0.460077	0.0493792
-0.392259	0.0455317
-0.43394	0.064574
-0.46975	0.0638138
-0.446736	0.0539081
-0.453363	0.052814
-0.44234	0.0518318
-0.441488	0.0657131
-0.449774	0.0403884
-0.502944	0.0562414
-0.443806	0.0454166
-0.444897	0.0492184
-0.416692	0.0468447
-0.413203	0.0494035
-0.370558	0.0547896
-0.411032	0.0464388
-0.379148	0.0618965
-0.439748	0.0556014
-0.430351	0.046626
-0.344874	0.0528268
-0.391576	0.0569455
-0.448009	0.0612708
-0.379961	0.0638153
-0.341843	0.0687283
-0.3664	0.0581147
-0.374815	0.0541549
-0.395964	0.0576871
-0.461378	0.0425493
-0.442134	0.0594648
-0.395941	0.045633
-0.486506	0.0588391
-0.473437	0.0439258
-0.432825	0.0434305
-0.428264	0.0664515
-0.386584	0.0461438
-0.340333	0.0557475
-0.410348	0.0610169
-0.387349	0.0424887
-0.300705	0.0535533
-0.350263	0.0584358
-0.343726	0.0559887
-0.347134	0.0511433
-0.35398	0.0488928
-0.373249	0.0602135
-0.389566	0.0522942
-0.397105	0.0576439
-0.408806	0.0577496
-0.474637	0.04179
-0.394888	0.0524762
-0.468321	0.0453107
-0.484685	0.0456616
-0.44649	0.045203
-0.474366	0.0455738
-0.463617	0.0552409
-0.327403	0.0668666
-0.258468	0.0622711
-0.276694	0.0574341
-0.326599	0.0588078
-0.391803	0.0641126
-0.362119	0.0603441
-0.354122	0.0536107
-0.330003	0.0553839
-0.332453	0.0620258
-0.383445	0.0506359
-0.442817	0.0497678
-0.398448	0.0556557
-0.457643	0.0455334
-0.422538	0.0523074
-0.396029	0.0466046
-0.392728	0.0619611
-0.394287	0.04894
-0.352479	0.0462506
-0.333678	0.0604261
-0.42348	0.0546868
-0.333687	0.0504022
-0.321821	0.0531809
-0.355898	0.0595002
-0.361573	0.0634486
-0.38669	0.0520478
-0.379367	0.0530377
-0.429483	0.0457165
-0.393589	0.0448818
-0.42793	0.0455541
-0.332394	0.0568007
-0.384669	0.0529997
-0.379345	0.0613771
-0.340603	0.0460434
-0.373929	0.0511351
-0.362475	0.0608948
-0.427062	0.048633
-0.400877	0.0524693
-0.367225	0.0495583
-0.377746	0.0466144
-0.415141	0.0532101
-0.44254	0.0498375
-0.42978	0.0344484
-0.395739	0.052151
-0.411275	0.0439552
-0.419116	0.0630841
-0.424039	0.061125
-0.389738	0.0516464
-0.334095	0.0622975
-0.350009	0.05622
-0.432612	0.0455968
-0.362453	0.0486311
-0.343689	0.0517384
-0.40447	0.0441219
-0.449995	0.0479078
-0.469975	0.0541422
-0.400531	0.0518338
-0.376407	0.0494579
-0.356889	0.0516805
-0.362013	0.0393229
-0.424912	0.0472396
-0.389653	0.0463451
-0.405586	0.0551251
-0.406267	0.0453523
-0.384887	0.0560265
-0.322391	0.0575654
-0.340815	0.0573195
-0.366177	0.0505761
-0.340481	0.050952
-0.388059	0.0502014
-0.429791	0.0451553
-0.355375	0.0457321
-0.382378	0.0488451
-0.361968	0.0490394
-0.430462	0.0486159
-0.467645	0.0496773
-0.450303	0.0454272
-0.410754	0.0551527
-0.396334	0.0604768
-0.366506	0.0456187
-0.416486	0.061698
-0.423621	0.0673774
-0.43164	0.0450299
-0.455489	0.0421018
-0.391417	0.0489641
-0.44514	0.0561879
-0.365101	0.04762
-0.377562	0.0626799
-0.425596	0.0616798
-0.412026	0.0558266
-0.445708	0.0496101
-0.412346	0.0533887
-0.413692	0.0418461
-0.439957	0.0420119
-0.402299	0.0504771
-0.382273	0.0460907
-0.342163	0.0467716
-0.349575	0.063224
-0.376931	0.0612337
-0.360184	0.0696157
-0.347486	0.0622308
-0.345933	0.0557899
-0.378939	0.0527248
-0.373495	0.0444218
-0.409148	0.0459606
-0.457196	0.0379151
-0.397571	0.0566953
-0.403706	0.0560922
-0.42948	0.0449093
-0.373317	0.0586032
-0.345259	0.047994
-0.387111	0.0491311
-0.446737	0.0575742
-0.400213	0.0508813
-0.430098	0.0476925
-0.399041	0.0519438
-0.457417	0.0594936
-0.474911	0.0540205
-0.43165	0.0531625
-0.44124	0.046002
-0.4512	0.0403713
-0.466295	0.0587883
-0.454082	0.0556479
-0.410951	0.0584551
-0.438763	0.0563489
-0.415171	0.0509272
-0.431739	0.0437604
-0.421657	0.0514576
-0.396848	0.0616853
-0.364909	0.0504338
-0.377096	0.0419514
-0.354538	0.0439894
-0.360237	0.0440414
-0.352449	0.0447534
-0.37669	0.0560755
-0.353134	0.0499583
-0.387391	0.0443909
-0.44085	0.0528664
-0.451999	0.063478
-0.504678	0.0465571
-0.460392	0.0631315
-0.433449	0.0691884
-0.473013	0.0630652
-0.431869	0.0478531
-0.397409	0.0441821
-0.43212	0.0555639
-0.471348	0.0399494
-0.410873	0.0536116
-0.32569	0.0505394
-0.360981	0.0389532
-0.379276	0.040609
-0.399802	0.0390981
-0.370199	0.0572757
-0.319863	0.0624587
-0.358104	0.0509637
-0.398898	0.0438711
-0.366517	0.0506425
-0.421591	0.0458307
-0.439434	0.0447874
-0.511621	0.0470171
-0.537638	0.0484352
-0.464226	0.0487731
-0.538201	0.0378359
-0.454385	0.0633486
-0.488204	0.0477545
-0.361107	0.0713409
-0.479612	0.0530697
-0.509501	0.0634729
-0.584984	0.0509907
-0.439937	0.0475646
-0.42972	0.0705433
-0.430273	0.0720233
-0.457484	0.0528251
-0.487702	0.0425573
-0.427022	0.0459899
-0.388331	0.0460521
-0.390609	0.0526101
-0.420324	0.0485128
-0.407437	0.0545214
-0.373032	0.0635103
-0.364505	0.0607538
-0.424708	0.0503663
-0.452285	0.0407705
-0.375982	0.0538426
-0.342291	0.0510636
-0.370572	0.0504289
-0.415302	0.051016
-0.368235	0.0552568
-0.355386	0.0529227
-0.343284	0.0581612
-0.39052	0.0580969
-0.378384	0.055274
-0.370891	0.0556093
-0.37311	0.0475415
-0.378654	0.0471627
-0.359371	0.056645
-0.413507	0.0539319
-0.437116	0.0542027
-0.4751	0.0425448
-0.390883	0.0548654
-0.451719	0.0519558
-0.479167	0.0484848
-0.393673	0.0716551
-0.43798	0.047023
-0.40849	0.0593891
-0.444108	0.0460444
-0.455399	0.0365782
-0.433018	0.0396113
-0.412999	0.0524275
-0.429462	0.0472856
-0.353865	0.0459289
-0.401114	0.0439745
-0.335842	0.0651605
-0.392762	0.0656958
-0.420152	0.0623858
-0.398678	0.0556059
-0.375647	0.0656635
-0.358819	0.0680467
-0.369885	0.0483027
-0.405264	0.0559503
-0.434604	0.048807
-0.385478	0.0472451
-0.433076	0.050074
-0.402988	0.0438476
-0.368096	0.0436554
-0.356633	0.0423564
-0.351321	0.0495952
-0.364087	0.0577555
-0.370622	0.0534716
-0.398517	0.0450501
-0.360186	0.0565782
-0.382441	0.0465415
-0.39496	0.0560701
-0.386436	0.0515684
-0.392699	0.0459588
-0.439055	0.0497631
-0.431491	0.043519
-0.389444	0.0554232
-0.364212	0.0570434
-0.410607	0.0462019
-0.402135	0.0415302
-0.374397	0.0514453
-0.447105	0.0456094
-0.426686	0.0575297
-0.332896	0.0559674
-0.369668	0.0493247
-0.371252	0.0495415
-0.367093	0.0503843
-0.399855	0.0475846
-0.429169	0.0505337
-0.412001	0.0698656
-0.420972	0.0486983
-0.435391	0.0524719
-0.442549	0.0430825
-0.45976	0.0490301
-0.431686	0.0497318
-0.419378	0.0551447
-0.379643	0.0500567
-0.430038	0.0445129
-0.312175	0.0538697
-0.339394	0.052382
-0.359916	0.0496737
-0.352851	0.054359
-0.392072	0.0512519
-0.406191	0.040994
-0.390677	0.0449341
-0.349866	0.0530693
-0.313491	0.0484958
-0.387572	0.043627
-0.373712	0.0535281
-0.359503	0.054872
-0.460806	0.0450313
-0.365172	0.0504148
-0.339311	0.054641
-0.313624	0.0512183
-0.389779	0.0627986
-0.407531	0.0557565
-0.401069	0.0480659
-0.437314	0.0417633
-0.356635	0.0511125
-0.389359	0.0477894
-0.35885	0.044249
-0.285537	0.0507261
-0.357413	0.05283
-0.390567	0.0464872
-0.402764	0.0440705
-0.392803	0.0468758
-0.421043	0.0553374
-0.406895	0.054322
-0.38064	0.0678207
-0.336868	0.0769705
-0.351513	0.0494835
-0.390594	0.04449
-0.405969	0.0488943
-0.40142	0.0496048
-0.47431	0.0464493
-0.399884	0.0408397
-0.383973	0.0439786
-0.386439	0.0390061
-0.383606	0.0501544
-0.400793	0.0529704
-0.335927	0.0554098
-0.403701	0.0370703
-0.48124	0.0385902
-0.442201	0.0415406
-0.445778	0.0439859
-0.41351	0.0620425
-0.45918	0.0531526
-0.408546	0.0435666
-0.369622	0.0489587
-0.411696	0.044612
-0.371894	0.0546002
-0.412272	0.0583481
-0.419248	0.0548336
-0.434446	0.0643123
-0.426196	0.0670866
-0.38586	0.06713
-0.426648	0.0505513
-0.532774	0.0616785
-0.517742	0.0762492
-0.409165	0.0541151
-0.360206	0.0570416
-0.418889	0.0495287
-0.444775	0.0605191
-0.41043	0.0560365
-0.409976	0.0617371
-0.480094	0.0485303
-0.499108	0.0455318
-0.43459	0.043924
-0.428027	0.0428911
-0.475753	0.045345
-0.435038	0.0494378
-0.391229	0.0621516
-0.34925	0.0516531
-0.404104	0.0484605
-0.456625	0.0418556
-0.436447	0.0520591
-0.554623	0.0544087
-0.457468	0.066336
-0.396239	0.0652151
-0.441077	0.054518
-0.45552	0.0418699
-0.415128	0.0396129
-0.391817	0.0599129
-0.416715	0.0495422
-0.366074	0.0379337
-0.405899	0.0436465
-0.390049	0.0489035
-0.388429	0.0548334
-0.365607	0.0660737
-0.323849	0.0632568
-0.338217	0.0578334
-0.331376	0.0654535
-0.384566	0.0473254
-0.444235	0.047527
-0.410588	0.0429622
-0.48203	0.0333587
-0.449282	0.037756
-0.39405	0.0507258
-0.403549	0.0593477
-0.35964	0.0595968
-0.311996	0.0529818
-0.328945	0.0435152
-0.394261	0.0511822
-0.402012	0.0612637
-0.389929	0.0662018
-0.373793	0.0476391
-0.31329	0.0666582
-0.390929	0.0480817
-0.410236	0.0416359
-0.527421	0.050665
-0.446365	0.0472913
-0.416382	0.0446026
-0.421223	0.0477731
-0.416953	0.037335
-0.426152	0.0491303
-0.380056	0.055272
-0.407458	0.0577324
-0.43629	0.0444366
-0.366349	0.0404235
-0.374697	0.0425353
-0.391687	0.0515353
-0.373587	0.0582
-0.363755	0.0648833
-0.391055	0.0624656
-0.366018	0.0537801
-0.403152	0.0511544
-0.374881	0.0471662
-0.380304	0.0523469
-0.43527	0.0428402
-0.392692	0.041265
-0.407541	0.0507798
-0.465396	0.0484193
-0.483054	0.0481065
-0.481021	0.0483451
-0.512024	0.0572548
-0.451159	0.048062
-0.413801	0.0594274
-0.38881	0.0375015
-0.382462	0.0553854
-0.391807	0.0550511
-0.50166	0.0560568
-0.517145	0.0609941
-0.564242	0.0434068
-0.553256	0.046359
-0.437178	0.0539809
-0.444999	0.0435923
-0.401723	0.050152
-0.408596	0.0467142
-0.382753	0.0482704
-0.358882	0.0507065
-0.385277	0.0401703
-0.417861	0.0490705
-0.365908	0.0471632
-0.355537	0.0636615
-0.353648	0.0471912
-0.353276	0.0565192
-0.353897	0.0498965
-0.351365	0.0444738
-0.307	0.0566285
-0.35016	0.0487778
-0.413055	0.0605281
-0.386781	0.0610468
-0.433106	0.0532764
-0.438192	0.0465096
-0.383492	0.0451434
-0.388109	0.047161
-0.400733	0.061394
-0.376546	0.0596854
-0.357665	0.0491855
-0.362651	0.0590544
-0.409507	0.0475561
-0.323639	0.0620852
-0.365473	0.0585326
-0.447368	0.0371132
-0.394749	0.0532909
-0.33366	0.0479414
-0.429172	0.053826
-0.407052	0.0524878
-0.44217	0.041762
-0.38958	0.0471693
-0.301167	0.0513686
-0.363968	0.0488656
-0.442206	0.0383122
-0.382148	0.0549221
-0.353155	0.0435042
-0.368319	0.0460591
-0.405965	0.0553873
-0.378187	0.0475567
-0.435731	0.0467081
-0.450378	0.0556208
-0.422232	0.0437329
-0.405388	0.0498042
-0.418382	0.0410645
-0.42005	0.0469273
-0.389881	0.0492495
-0.432188	0.0465018
-0.319719	0.0729789
-0.367282	0.0645675
-0.401929	0.0702908
-0.501848	0.0501421
-0.477366	0.0498527
-0.4237	0.0586556
-0.381761	0.0481491
-0.403117	0.0473878
-0.420147	0.0465036
-0.453456	0.0535342
-0.427964	0.0507047
-0.41347	0.0487107
-0.496999	0.0550001
-0.411017	0.0463654
-0.47667	0.0423771
-0.358881	0.0376423
-0.394821	0.0552005
-0.414707	0.0486702
-0.351532	0.0509681
-0.34442	0.0542784
-0.378258	0.0509679
-0.44764	0.0557706
-0.401438	0.0638329
-0.452161	0.0584255
-0.378432	0.0691513
-0.386745	0.0461789
-0.359293	0.0387863
-0.36846	0.0510588
-0.461566	0.0593255
-0.436573	0.0464112
-0.42386	0.041359
-0.395159	0.0475672
-0.400141	0.0578407
-0.348366	0.0668972
-0.360546	0.0445686
-0.37794	0.0513246
-0.368677	0.0441381
-0.403577	0.0439701
-0.353201	0.052762
-0.41859	0.044472
-0.409556	0.0539135
-0.468097	0.0367113
-0.383206	0.0504627
-0.32772	0.0446261
-0.348013	0.0529912
-0.457621	0.0480567
-0.393421	0.0514089
-0.466528	0.0486782
-0.506974	0.0408531
-0.405513	0.0449057
-0.426914	0.0390833
-0.531434	0.0447018
-0.484073	0.0482287
-0.453948	0.0551777
-0.435267	0.0514378
-0.503082	0.0433933
-0.461423	0.0482115
-0.406846	0.0543552
-0.430522	0.0450091
-0.434804	0.0519253
-0.38758	0.0611333
-0.420986	0.0463525
-0.330755	0.0560625
-0.465541	0.0504118
-0.431071	0.0464767
-0.426137	0.0584443
-0.428321	0.0517504
-0.402863	0.0557503
-0.407648	0.0532446
-0.421392	0.0474049
-0.420288	0.0586386
-0.439508	0.0412536
-0.425987	0.0415539
-0.408297	0.0464327
-0.437091	0.0465956
-0.481144	0.0393505
-0.436538	0.0608332
-0.465171	0.0443106
-0.507058	0.0442984
-0.461233	0.0513628
-0.524787	0.0580549
-0.417956	0.0533079
-0.495033	0.0496947
-0.395775	0.0803714
-0.395522	0.0739998
-0.343958	0.0748224
-0.356519	0.0495885
-0.353693	0.0530001
-0.405769	0.0486986
-0.418063	0.0442654
-0.402836	0.0466323
-0.312133	0.0620325
-0.356556	0.0539117
-0.347838	0.0458311
-0.380581	0.0524028
-0.38596	0.0479513
-0.326623	0.0423859
-0.353419	0.062785
-0.274938	0.0632066
-0.363287	0.0447662
-0.406932	0.0427853
-0.381271	0.0598147
-0.429481	0.0458043
-0.367258	0.0495802
-0.387804	0.0483761
-0.475536	0.0393931
-0.418676	0.0475439
-0.51096	0.0609409
-0.427098	0.0612013
-0.369878	0.052688
-0.353077	0.0512372
-0.356236	0.0446015
-0.392375	0.0399511
-0.367821	0.0363808
-0.389887	0.0441986
-0.471594	0.046982
-0.473668	0.0417913
-0.452812	0.0549243
-0.432631	0.0538069
-0.431953	0.0607242
-0.429352	0.0487231
-0.463865	0.052104
-0.402472	0.0603934
-0.443865	0.0469353
-0.435125	0.0481565
-0.384978	0.0543688
-0.348503	0.0510534
-0.349007	0.0474773
-0.360061	0.0657307
-0.338028	0.0640155
-0.407694	0.0486929
-0.403947	0.0462412
-0.349905	0.0591494
-0.343109	0.0660105
-0.322932	0.0659334
-0.395717	0.0398533
-0.432453	0.0392716
-0.409186	0.0562819
-0.358596	0.0652329
-0.400673	0.0524919
-0.479862	0.0496204
-0.363471	0.0728033
-0.35568	0.0608807
-0.368495	0.050056
-0.359525	0.053328
-0.3693	0.0556195
-0.364007	0.0545768
-0.33435	0.0615834
-0.413111	0.0564085
-0.391523	0.0432287
-0.396249	0.0606386
-0.405921	0.0430081
-0.479129	0.0526013
-0.416997	0.0628829
-0.432758	0.0548247
-0.32948	0.0639656
-0.321919	0.0681781
-0.349535	0.0565161
-0.338079	0.0563797
-0.381226	0.0427888
-0.376584	0.0520194
-0.36181	0.0521954
-0.41311	0.0521672
-0.365627	0.049067
-0.372469	0.0525941
-0.427269	0.0494731
-0.35235	0.0515511
-0.336438	0.0576204
-0.387799	0.0507788
-0.448876	0.0471605
-0.41854	0.0521396
-0.442958	0.0410789
-0.356846	0.0629123
-0.344722	0.0663305
-0.327282	0.059131
-0.370922	0.0676818
-0.407455	0.0465274
-0.43046	0.0500137
-0.428537	0.0569262
-0.40916	0.0458409
-0.468041	0.0417509
-0.454885	0.0379026
-0.454918	0.0506315
-0.480348	0.0460445
-0.489039	0.0405683
-0.470395	0.0610657
-0.486849	0.0449239
-0.392317	0.0516477
-0.362879	0.0536647
-0.363936	0.0546311
-0.351265	0.0461528
-0.331477	0.0561253
-0.436134	0.0517296
-0.375212	0.0464389
-0.383912	0.055113
-0.464015	0.0501659
-0.380172	0.0562788
-0.407817	0.049069
-0.450958	0.0416078
-0.382398	0.045343
-0.372653	0.0461001
-0.361932	0.0549816
-0.400044	0.0623554
-0.400735	0.0612617
-0.323772	0.0589408
-0.325538	0.0536125
-0.338965	0.0517795
-0.32487	0.049239
-0.425141	0.0624579
-0.362921	0.0536395
-0.297702	0.0611385
-0.35609	0.0502431
-0.35283	0.0561215
-0.395699	0.0483068
-0.368519	0.048417
-0.393086	0.0571763
-0.335904	0.0726756
-0.361013	0.062562
-0.36059	0.0432144
-0.335642	0.0555872
-0.352962	0.054516
-0.421034	0.0505331
-0.367234	0.0539219
-0.326812	0.0514087
-0.352828	0.0498783
-0.401242	0.0563219
-0.413554	0.0519848
-0.380022	0.0731033
-0.383205	0.0558203
-0.387463	0.0568443
-0.327621	0.0711654
-0.350756	0.0568524
-0.344584	0.0494038
-0.373804	0.041526
-0.360763	0.0480452
-0.355463	0.0524433
-0.420289	0.0512476
-0.359464	0.0516845
-0.392391	0.0486874
-0.418513	0.0480704
-0.40784	0.0526296
-0.418801	0.0529645
-0.386549	0.0543639
-0.398582	0.0439287
-0.371827	0.0562795
-0.348967	0.0529817
-0.361399	0.055879
-0.376789	0.0522064
-0.350876	0.0581019
-0.369138	0.0409335
-0.372715	0.046121
-0.344203	0.0518238
-0.339648	0.0563404
-0.397563	0.0519191
-0.392618	0.0476151
-0.352847	0.0622102
-0.351887	0.0534355
-0.369095	0.0481495
-0.342936	0.0666818
-0.426523	0.0495453
-0.396494	0.0610025
-0.384017	0.0546176
-0.346678	0.0812435
-0.489887	0.0440269
-0.413767	0.0407061
-0.400707	0.0430581
-0.34441	0.0459161
-0.412567	0.0412111
-0.423482	0.0519893
-0.389878	0.0395907
-0.348145	0.0638412
-0.338276	0.065558
-0.360625	0.0463404
-0.426793	0.055163
-0.374437	0.0434425
-0.413152	0.0387169
-0.397132	0.046183
-0.379444	0.052939
-0.428157	0.0428749
-0.425042	0.0382313
-0.438875	0.0493735
-0.393936	0.0502347
-0.409221	0.0375189
-0.366231	0.0528911
-0.414627	0.0555706
-0.391556	0.050508
-0.338327	0.0503373
-0.35378	0.0477752
-0.346973	0.0432678
-0.361834	0.0480127
-0.357409	0.0539006
-0.434391	0.048551
-0.426866	0.057327
-0.414627	0.0542699
-0.426918	0.0460866
-0.413398	0.0669806
-0.392466	0.0586131
-0.360877	0.0504296
-0.342873	0.0551509
-0.350092	0.0462183
-0.357274	0.0514256
-0.451787	0.0486891
-0.489564	0.0501528
-0.338296	0.0631159
-0.342099	0.0499856
-0.354763	0.0548261
-0.350085	0.0521905
-0.335273	0.0488909
-0.388409	0.0426788
-0.334604	0.0557484
-0.388648	0.0529935
-0.426218	0.0742039
-0.356611	0.0794403
-0.386437	0.0572207
-0.378911	0.0478952
-0.402664	0.0474882
-0.439773	0.0526542
-0.423965	0.0524121
-0.431941	0.0548046
-0.412235	0.0634988
-0.404038	0.0403324
-0.362418	0.0368664
-0.33549	0.0454884
-0.374209	0.056609
-0.34488	0.0557353
-0.369024	0.0501152
-0.379233	0.0455329
-0.337681	0.0556538
-0.274945	0.0690335
-0.351449	0.0581195
-0.37268	0.0612319
-0.333344	0.0544452
-0.33505	0.0558062
-0.33363	0.0694043
-0.391276	0.0547045
-0.394	0.0453251
-0.408248	0.0516406
-0.378592	0.0533247
-0.378897	0.0563058
-0.36947	0.0490227
-0.371928	0.0552532
-0.357509	0.0644425
-0.432812	0.0514896
-0.399989	0.0449121
-0.385648	0.0507989
-0.423415	0.0483635
-0.377446	0.0506204
-0.307208	0.0674083
-0.415281	0.0510604
-0.427226	0.0519207
-0.482012	0.0357154
-0.44397	0.054572
-0.473327	0.0452792
-0.506482	0.0429888
-0.379188	0.058985
-0.424668	0.0496889
-0.417411	0.0489847
-0.48184	0.0482062
-0.52275	0.0500225
-0.528987	0.0440508
-0.513718	0.0548594
-0.485995	0.050314
-0.501263	0.0550674
-0.430305	0.0527712
-0.451662	0.053092
-0.406541	0.05049
-0.447674	0.0531645
-0.365889	0.0610413
-0.366969	0.0573477
-0.401313	0.0661964
-0.427841	0.0605757
-0.381239	0.066806
-0.350061	0.0694637
-0.36456	0.0687618
-0.423222	0.0425308
-0.440502	0.0571309
-0.478487	0.0553877
-0.390267	0.0568678
-0.403924	0.0561888
-0.413848	0.0417757
-0.428398	0.0659968
-0.403794	0.0486682
-0.357991	0.05267
-0.393687	0.0453161
-0.354351	0.0417226
-0.405595	0.0426338
-0.416338	0.0470815
-0.378389	0.0535414
-0.361197	0.0560298
-0.375874	0.0469174
-0.449941	0.0600422
-0.425249	0.0467734
-0.412292	0.0592493
-0.340719	0.0557637
-0.413343	0.0401701
-0.400766	0.0449835
-0.414228	0.0458492
-0.416257	0.0547679
-0.366489	0.0597565
-0.355104	0.0517882
-0.378984	0.0456291
-0.334075	0.0457246
-0.393023	0.0521678
-0.32741	0.0664023
-0.392039	0.0493575
-0.469348	0.049622
-0.467535	0.0482855
-0.425499	0.0637462
-0.383884	0.0496083
-0.418432	0.0445824
-0.312159	0.0680285
-0.299601	0.0656747
-0.367499	0.0552129
-0.393755	0.0673069
-0.41019	0.0538985
-0.460831	0.0567999
-0.514297	0.0595618
-0.417487	0.0561199
-0.482013	0.0494838
-0.40745	0.0446351
-0.415091	0.0476341
-0.411704	0.0458884
-0.337497	0.0704191
-0.288852	0.0650592
-0.366503	0.0630095
-0.367823	0.041751
-0.371665	0.0387305
-0.359265	0.0446033
-0.354222	0.0559402
-0.377332	0.058819
-0.333386	0.0565503
-0.43228	0.0555008
-0.36789	0.0663698
-0.420543	0.0578313
-0.459206	0.0516799
-0.445071	0.0453158
-0.458262	0.0484588
-0.507407	0.0540615
-0.505537	0.0534538
-0.513409	0.0500168
-0.537497	0.0502271
-0.52416	0.0433076
-0.477968	0.0444776
-0.390217	0.0531447
-0.407716	0.0564565
-0.415272	0.0512989
-0.359247	0.0643567
-0.406369	0.0506326
-0.369123	0.0761071
-0.369713	0.0503106
-0.331278	0.0485442
-0.388405	0.0562432
-0.422166	0.0558066
-0.418873	0.0609126
-0.390327	0.0515205
-0.403658	0.0460011
-0.405218	0.0652917
-0.384657	0.058217
-0.43708	0.0564898
-0.395385	0.0650238
-0.4184	0.0702357
-0.458722	0.0600519
-0.473758	0.0496732
-0.462524	0.054405
-0.478154	0.0545515
-0.494166	0.0509304
-0.481822	0.0547096
-0.434098	0.0550964
-0.427818	0.0440755
-0.396215	0.0481768
-0.409057	0.0531312
-0.392135	0.058386
-0.332618	0.0628901
-0.292418	0.0873592
-0.313423	0.0648475
-0.409721	0.039974
-0.503951	0.050392
-0.530351	0.0424319
-0.440812	0.0477445
-0.434991	0.045315
-0.332094	0.0549059
-0.425645	0.0446996
-0.48677	0.0530701
-0.500947	0.0552743
-0.493829	0.0493012
-0.472411	0.0463745
-0.512057	0.0458681
-0.432434	0.0481194
-0.425356	0.0571093
-0.430098	0.0443709
-0.395359	0.0499878
-0.387727	0.0574334
-0.40735	0.0499351
-0.381871	0.0412834
-0.407297	0.0440217
-0.41522	0.0500176
-0.403843	0.0501185
-0.396425	0.0410929
-0.338294	0.0620326
-0.415241	0.0567459
-0.436895	0.0626308
-0.311441	0.0632634
-0.403513	0.0454867
-0.434242	0.0415449
-0.4382	0.0393717
-0.39411	0.0537945
-0.325865	0.0535197
-0.392292	0.0634193
-0.352221	0.0505211
-0.409096	0.0623632
-0.421786	0.0506738
-0.383512	0.0568419
-0.387244	0.0484426
-0.342555	0.0467623
-0.326263	0.0709228
-0.383411	0.0603866
-0.391564	0.0497386
-0.428541	0.0628337
-0.401247	0.0583592
-0.361567	0.0603889
-0.41158	0.0566307
-0.422533	0.0469804
-0.443717	0.0564263
-0.450502	0.0514328
-0.486505	0.0501917
-0.450114	0.0559126
-0.389534	0.0504592
-0.354811	0.0561452
-0.368194	0.0589016
-0.39208	0.0481307
-0.39536	0.0690255
-0.347232	0.0523681
-0.440354	0.0468145
-0.387515	0.0474466
-0.4006	0.0448527
-0.359572	0.0552534
-0.383528	0.0480054
-0.396388	0.0553476
-0.379685	0.0652476
-0.30991	0.0563972
-0.348192	0.057888
-0.423699	0.056596
-0.430585	0.0576403
-0.419613	0.068272
-0.392117	0.0583459
-0.491114	0.0493482
-0.354572	0.0523865
-0.399832	0.0495034
-0.427746	0.0579904
-0.410638	0.0557169
-0.34536	0.0530194
-0.364448	0.0519515
-0.347625	0.060422
-0.308088	0.0675629
-0.3062	0.0726245
-0.302109	0.0749616
-0.421993	0.0484839
-0.444118	0.0441639
-0.357599	0.0578219
-0.324375	0.0475282
-0.369278	0.0545652
-0.356969	0.0592418
-0.432842	0.0573549
-0.393304	0.06184
-0.405631	0.0500668
-0.405178	0.0559235
-0.349465	0.0469793
-0.367893	0.0533317
-0.418651	0.0442984
-0.351516	0.0435866
-0.447586	0.051016
-0.419511	0.0627068
-0.38598	0.0597275
-0.406812	0.046154
-0.380284	0.0631702
-0.386035	0.0506517
-0.462442	0.044972
-0.411161	0.0632559
-0.431266	0.046835
-0.458	0.0456826
-0.456188	0.0501056
-0.513145	0.045784
-0.474687	0.0444198
-0.474503	0.0596953
-0.489879	0.0505547
-0.471964	0.0483222
-0.451068	0.0421338
-0.441179	0.0489146
-0.432018	0.0443521
-0.472705	0.0478857
-0.373092	0.0588894
-0.337745	0.0516897
-0.344119	0.0592965
-0.374148	0.0603512
-0.373461	0.0603986
-0.338053	0.0667184
-0.345544	0.0617455
-0.375588	0.0471958
-0.381179	0.0561725
-0.366525	0.0541028
-0.368443	0.0517164
-0.371418	0.0429655
-0.377417	0.0471438
-0.404308	0.050812
-0.397685	0.0444058
-0.408976	0.0449814
-0.435074	0.0488411
-0.420017	0.0434697
-0.368327	0.0591939
-0.46406	0.048913
-0.506755	0.0547443
-0.570758	0.059527
-0.550285	0.0543553
-0.55826	0.0417107
-0.479552	0.0465512
-0.396463	0.0409413
-0.368996	0.055188
-0.378918	0.0436731
-0.345609	0.0638225
-0.385145	0.050167
-0.395026	0.0433695
-0.428387	0.0656799
-0.384204	0.0488388
-0.454405	0.0521962
-0.443394	0.0476344
-0.432701	0.0551063
-0.474968	0.0513214
-0.390218	0.0723395
-0.432402	0.0580754
-0.456747	0.0718082
-0.466576	0.0598435
-0.39952	0.0688614
-0.333816	0.0494181
-0.331309	0.0579961
-0.357503	0.0486477
-0.412043	0.0544971
-0.350762	0.0760494
-0.364953	0.0466739
-0.35542	0.0519077
-0.40807	0.0433832
-0.351248	0.0525219
-0.420856	0.0566007
-0.426412	0.066722
-0.418413	0.0550247
-0.449409	0.0490784
-0.437459	0.0574211
-0.432816	0.0604238
-0.422868	0.0563637
-0.381789	0.0467899
-0.426274	0.0446564
-0.354506	0.0649676
-0.384918	0.0579329
-0.357009	0.0641515
-0.333036	0.0464614
-0.329631	0.049555
-0.374458	0.0563477
-0.405834	0.0570563
-0.454599	0.0553558
-0.412313	0.0441563
-0.397381	0.046818
-0.377606	0.0465751
-0.406658	0.0543229
-0.417805	0.045802
-0.450723	0.0514159
-0.429057	0.0517379
-0.403067	0.0458558
-0.442096	0.0567776
-0.436965	0.049722
-0.416254	0.0459381
-0.450651	0.0460526
-0.436835	0.0489386
-0.410896	0.0467701
-0.328973	0.0559666
-0.371668	0.0531771
-0.403362	0.0523069
-0.38059	0.0506535
-0.337148	0.0570795
-0.323024	0.0607358
-0.352605	0.0459457
-0.329658	0.0476719
-0.427049	0.0417932
-0.428388	0.0517912
-0.447537	0.0489719
-0.49969	0.0494265
-0.463988	0.0566509
-0.413854	0.0513297
-0.432513	0.0531646
-0.381527	0.0762237
-0.467205	0.0557985
-0.453052	0.0429234
-0.43764	0.0479851
-0.392626	0.0544043
-0.450594	0.0522574
-0.522006	0.0539489
-0.43789	0.0423374
-0.431855	0.0603508
-0.434523	0.0438768
-0.380469	0.0523025
-0.382105	0.0487457
-0.359201	0.0414989
-0.357622	0.0531741
-0.40687	0.0484884
-0.394404	0.055124
-0.413411	0.0488757
-0.412217	0.057161
-0.414562	0.0596818
-0.395271	0.053429
-0.400149	0.061049
-0.408481	0.0462853
-0.41256	0.044874
-0.411991	0.044748
-0.38984	0.0521502
-0.429768	0.042668
-0.468024	0.056182
-0.411729	0.0583608
-0.382569	0.0536602
-0.350506	0.0520394
-0.354419	0.0630223
-0.401044	0.0511922
-0.422203	0.0386879
-0.427379	0.0400504
-0.403382	0.0544655
-0.317485	0.058162
-0.360086	0.058252
-0.393026	0.0622268
-0.414676	0.0598028
-0.370939	0.0645295
-0.431776	0.0517523
-0.334331	0.0667962
-0.300145	0.0635223
-0.313416	0.0517053
-0.318992	0.0506617
-0.356404	0.0534565
-0.362748	0.0446402
-0.367032	0.0473675
-0.437111	0.0537627
-0.419355	0.0466235
-0.460399	0.0542344
-0.421801	0.049864
-0.345622	0.049629
-0.351975	0.0487373
-0.376195	0.0477498
-0.403453	0.0474271
-0.376377	0.0598624
-0.368964	0.0668639
-0.448617	0.0570459
-0.463483	0.0426069
-0.513538	0.0563583
-0.514324	0.0439337
-0.443221	0.0556331
-0.428054	0.0605703
-0.389232	0.0489095
-0.399279	0.0438132
-0.314383	0.0502056
-0.345434	0.0566685
-0.382266	0.0506498
-0.333988	0.0630475
-0.35081	0.0527832
-0.422162	0.0424258
-0.493457	0.0376199
-0.491256	0.0517224
-0.437374	0.0462685
-0.510504	0.0380694
-0.418436	0.0496509
-0.402158	0.0568325
-0.365837	0.0653534
-0.36602	0.0556601
-0.41329	0.0591133
-0.450658	0.0600272
-0.341147	0.0704774
-0.359269	0.0496173
-0.327774	0.0546145
-0.316047	0.0499857
-0.317147	0.0493899
-0.334643	0.0585112
-0.448028	0.045826
-0.439916	0.0530283
-0.468753	0.0590904
-0.483153	0.068338
-0.471746	0.053736
-0.505101	0.0452289
-0.535813	0.041044
-0.533485	0.0348535
-0.517611	0.0505284
-0.449766	0.0559097
-0.458127	0.0432526
-0.481629	0.0428048
-0.449351	0.0479964
-0.472979	0.046499
-0.377887	0.0483954
-0.349893	0.0505817
-0.328059	0.0561233
-0.384825	0.0504888
-0.477685	0.0495627
-0.453393	0.049445
-0.453503	0.0500973
-0.427907	0.055969
-0.383065	0.0623994
-0.443182	0.0521458
-0.433285	0.0420734
-0.382296	0.0567943
-0.343258	0.0590502
-0.386277	0.0562755
-0.443744	0.0474904
-0.437333	0.0405376
-0.451284	0.0446899
-0.416171	0.0555198
-0.462497	0.0459434
-0.42847	0.0483238
-0.358932	0.0616775
-0.351999	0.0565728
-0.382569	0.0547708
-0.407811	0.047381
-0.327924	0.0495835
-0.313004	0.0546178
-0.353239	0.0577231
-0.311276	0.0642825
-0.334577	0.0756617
-0.375063	0.0447844
-0.383212	0.061885
-0.427716	0.0504709
-0.370757	0.0579407
-0.349699	0.0573646
-0.332286	0.0592519
-0.364858	0.046014
-0.312136	0.0474973
-0.330373	0.0527086
-0.309942	0.0738514
-0.377249	0.0636937
-0.332867	0.0545121
-0.376149	0.0524709
-0.341165	0.0477595
-0.368019	0.0522427
-0.438034	0.0462546
-0.425952	0.0566921
-0.385011	0.0699418
-0.462944	0.0534982
-0.382085	0.0684068
-0.427459	0.0478666
-0.428879	0.0748003
-0.412642	0.0631209
-0.465211	0.0526022
-0.456397	0.0478918
-0.44679	0.0422986
-0.468652	0.0401326
-0.470757	0.0471583
-0.402516	0.0463941
-0.350859	0.0422164
-0.314727	0.0554104
-0.391322	0.0458202
-0.359231	0.0716099
-0.310508	0.0652928
-0.33216	0.063454
-0.35608	0.0546881
-0.350439	0.0434299
-0.366674	0.0496318
-0.356704	0.0523757
-0.362354	0.0631981
-0.343896	0.0541784
-0.306199	0.0722583
-0.35588	0.0428305
-0.361677	0.0640495
-0.322745	0.0707171
-0.41733	0.0511256
-0.482152	0.0466021
-0.484206	0.0446401
-0.432599	0.0466653
-0.469211	0.0425371
-0.487049	0.0477653
-0.499844	0.0387064
-0.468574	0.0483769
-0.413499	0.0559217
-0.388544	0.0611781
-0.393379	0.0480218
-0.386268	0.0512683
-0.380698	0.0572293
-0.427044	0.0462877
-0.403389	0.0545477
-0.358095	0.055089
-0.463035	0.0519352
-0.470017	0.0454649
-0.462074	0.0518817
-0.476647	0.0418587
-0.463786	0.0462542
-0.486229	0.0513265
-0.448508	0.0492029
-0.433457	0.0510898
-0.477698	0.0449084
-0.419332	0.0590894
-0.42168	0.0585705
-0.429791	0.0527147
-0.435882	0.0474708
-0.412764	0.055306
-0.414186	0.039991
-0.381134	0.0496031
-0.437683	0.0380156
-0.366337	0.0457203
-0.419822	0.0352191
-0.48163	0.0394748
-0.49957	0.038799
-0.509122	0.0397809
-0.386543	0.0570266
-0.353443	0.0437277
-0.423066	0.0379331
-0.357306	0.0413414
-0.362859	0.0481926
-0.33777	0.0538227
-0.342471	0.0581509
-0.270482	0.0615244
-0.318784	0.0473958
-0.418706	0.0506255
-0.439895	0.0491907
-0.369765	0.0515723
-0.39837	0.0550468
-0.418285	0.0459176
-0.3894	0.0587804
-0.463649	0.0539611
-0.449814	0.067477
-0.42826	0.0665832
-0.410126	0.0705049
-0.463585	0.062101
-0.381361	0.0635398
-0.348957	0.058097
-0.397542	0.0487556
-0.38155	0.0489077
-0.383221	0.0447539
-0.418283	0.046981
-0.422233	0.0544705
-0.389555	0.0435022
-0.318058	0.0511704
-0.30723	0.0466759
-0.297625	0.0615349
-0.344828	0.051713
-0.411178	0.0474216
-0.38992	0.0692433
-0.459786	0.0415527
-0.458412	0.0517583
-0.370893	0.0577942
-0.336545	0.0501666
-0.387054	0.0429224
-0.417896	0.0538844
-0.354384	0.0459461
-0.373523	0.0482552
-0.366516	0.0519155
-0.46917	0.0431914
-0.466313	0.0480029
-0.491141	0.0543681
-0.484015	0.0483526
-0.457479	0.0481289
-0.486908	0.0562345
-0.507252	0.0570933
-0.484038	0.0467277
-0.464386	0.0541572
-0.390551	0.058169
-0.369093	0.0634158
-0.351113	0.0507396
-0.380885	0.0591669
-0.366192	0.0599241
-0.391883	0.0547854
-0.345201	0.0597497
-0.406651	0.0474391
-0.418348	0.0645595
-0.477403	0.0514723
-0.458437	0.0603906
-0.416278	0.048976
-0.419716	0.0639133
-0.47247	0.051498
-0.451288	0.0505798
-0.414381	0.0483503
-0.41984	0.0583361
-0.434071	0.0555698
-0.410052	0.0606523
-0.34758	0.0720312
-0.400342	0.0564592
-0.458868	0.0475741
-0.480549	0.0505679
-0.419957	0.0461286
-0.395404	0.0531883
-0.409846	0.0576161
-0.392729	0.0455215
-0.454243	0.0424029
-0.469698	0.0437117
-0.380692	0.0434441
-0.384655	0.0503479
-0.342526	0.0492749
-0.333037	0.0497712
-0.375371	0.0503657
-0.400716	0.0472501
-0.392633	0.0446467
-0.329229	0.0504169
-0.398848	0.0442992
-0.324795	0.0549286
-0.38178	0.0449438
-0.418706	0.042836
-0.424811	0.0501753
-0.477392	0.0473177
-0.453274	0.0375576
-0.459573	0.04404
-0.446282	0.0493846
-0.487411	0.0407291
-0.522446	0.0466368
-0.519196	0.0411799
-0.548203	0.0438785
-0.500703	0.0487884
-0.452357	0.0498178
-0.480753	0.057338
-0.434639	0.0421984
-0.490285	0.0472935
-0.412028	0.0656361
-0.406186	0.0589543
-0.373279	0.0721418
-0.402477	0.0525332
-0.385432	0.048081
-0.367678	0.0534
-0.305252	0.0483233
-0.363754	0.0474391
-0.404523	0.0444882
-0.448017	0.0523445
-0.428039	0.0577744
-0.413337	0.046635
-0.371498	0.0595245
-0.368103	0.0513323
-0.377194	0.0417835
-0.389406	0.0509883
-0.391999	0.0512284
-0.383636	0.0443071
-0.420881	0.0490388
-0.441598	0.0561414
-0.392673	0.058608
-0.412619	0.0418508
-0.469452	0.0411
-0.507734	0.0397809
-0.45275	0.0361488
-0.468274	0.0392705
-0.460873	0.0408715
-0.474652	0.0482902
-0.460811	0.0486051
-0.370095	0.0435731
-0.380662	0.0539242
-0.377623	0.0471788
-0.357103	0.0548546
-0.37246	0.0533118
-0.419025	0.0576495
-0.430869	0.0476268
-0.454827	0.0387792
-0.531523	0.0333913
-0.477441	0.0385713
-0.436407	0.0424432
-0.438349	0.0517538
-0.48196	0.0453764
-0.473266	0.0399531
-0.437446	0.0543814
-0.444408	0.0334966
-0.382561	0.0399135
-0.397973	0.055458
-0.424628	0.0514809
-0.384456	0.0476326
-0.374683	0.0400987
-0.384114	0.0499535
-0.45829	0.0505389
-0.451756	0.0639552
-0.460825	0.046981
-0.442458	0.0570506
-0.37527	0.0500257
-0.343389	0.0584744
-0.398567	0.0411506
-0.338772	0.0429138
-0.356187	0.045408
-0.377744	0.0544775
-0.330103	0.0494196
-0.371055	0.0489238
-0.370278	0.0646074
-0.422955	0.0489858
-0.409768	0.0445398
-0.455717	0.0550458
-0.503935	0.0509067
-0.512922	0.0516987
-0.486378	0.0457558
-0.403813	0.0683345
-0.42299	0.0624911
-0.37776	0.052391
-0.44449	0.0479618
-0.403602	0.0597651
-0.407962	0.0497843
-0.466352	0.0482446
-0.453683	0.0430335
-0.472073	0.0486943
-0.354335	0.064796
-0.434568	0.0596254
-0.49011	0.0501956
-0.467535	0.0568529
-0.480193	0.0509822
-0.423728	0.0539334
-0.432847	0.0453485
-0.437188	0.0478805
-0.414002	0.0551917
-0.426024	0.0479888
-0.400715	0.0453849
-0.415102	0.0493207
-0.480789	0.0491446
-0.453314	0.0400871
-0.428001	0.0549641
-0.396466	0.0509912
-0.401121	0.0583854
-0.44517	0.055824
-0.467104	0.0469141
-0.425076	0.0469231
-0.442067	0.0404417
-0.453476	0.0431779
-0.403225	0.0462729
-0.390808	0.0514746
-0.375344	0.0470069
-0.413584	0.040693
-0.434166	0.0403226
-0.416996	0.0433938
-0.426668	0.0450705
-0.41744	0.0488103
-0.413931	0.0573067
-0.542555	0.0441599
-0.553368	0.0583495
-0.546372	0.0502523
-0.480091	0.0784121
-0.438057	0.0808337
-0.466668	0.0712141
-0.394366	0.0601143
-0.451175	0.0482887
-0.44038	0.0372464
-0.474951	0.0513225
-0.440585	0.0441764
-0.425365	0.0438525
-0.465349	0.0501175
-0.45557	0.0491703
-0.460333	0.0442471
-0.36583	0.0557053
-0.431778	0.0425258
-0.452799	0.0357496
-0.488608	0.0450545
-0.437388	0.037997
-0.401098	0.0498753
-0.45914	0.0557319
-0.411076	0.049471
-0.376785	0.0519615
-0.405114	0.0537607
-0.443389	0.0525846
-0.441104	0.0379812
-0.488228	0.0407987
-0.497167	0.0520768
-0.438585	0.0552822
-0.364422	0.061921
-0.361884	0.0467902
-0.380939	0.0434806
-0.367157	0.0627532
-0.349236	0.0505103
-0.390711	0.0380462
-0.395838	0.0497703
-0.398073	0.0420351
-0.419593	0.0431944
-0.401299	0.0487245
-0.4071	0.0599499
-0.393178	0.0647796
-0.350015	0.0436524
-0.334316	0.0565154
-0.363021	0.0599087
-0.408888	0.0405648
-0.378451	0.0435358
-0.377764	0.0648916
-0.349289	0.065286
-0.323868	0.0533553
-0.349869	0.0645802
-0.374281	0.0572417
-0.392338	0.0529833
-0.42845	0.0555637
-0.40634	0.0519598
-0.34193	0.0610462
-0.41201	0.0505853
-0.379502	0.0510296
-0.402674	0.067227
-0.421817	0.0485508
-0.439045	0.043446
-0.427146	0.0508631
-0.350226	0.0742392
-0.37792	0.049957
-0.444611	0.0403063
-0.474093	0.0460961
-0.483808	0.0496249
-0.449544	0.0613065
-0.397819	0.049523
-0.353453	0.0435603
-0.392749	0.0433326
-0.363095	0.0497899
-0.415099	0.0515765
-0.385255	0.039425
-0.359159	0.0559719
-0.375939	0.0597293
-0.399644	0.0479732
-0.377885	0.0556573
-0.360551	0.0445667
-0.361267	0.0563773
-0.404346	0.0439913
-0.424123	0.0550756
-0.402463	0.0443791
-0.394113	0.0487949
-0.36979	0.0498715
-0.341508	0.0449511
-0.42774	0.0597351
-0.446534	0.0532201
-0.450029	0.0487259
-0.351726	0.0613827
-0.393328	0.0537764
-0.45697	0.0548057
-0.380201	0.0492487
-0.369297	0.0748783
-0.353987	0.0678423
-0.325323	0.0496448
-0.348061	0.05605
-0.338777	0.058895
-0.410623	0.0699336
-0.415515	0.0560378
-0.52039	0.0443401
-0.5396	0.0396761
-0.484204	0.0611917
-0.468092	0.074448
-0.429696	0.0670056
-0.395953	0.0534879
-0.372442	0.0523255
-0.42595	0.0524408
-0.424043	0.0538595
-0.400968	0.0478522
-0.422565	0.0486631
-0.395595	0.0478396
-0.400605	0.0675001
-0.422963	0.0474757
-0.433215	0.0422167
-0.430634	0.0428631
-0.422432	0.0537937
-0.412713	0.0539377
-0.396168	0.052972
-0.327836	0.060599
-0.388986	0.0507721
-0.481612	0.0555611
-0.452448	0.0505505
-0.372935	0.0450488
-0.442176	0.0460031
-0.368005	0.0497844
-0.428776	0.0447007
-0.353895	0.0586754
-0.402848	0.0558296
-0.358536	0.0520731
-0.361306	0.0581408
-0.343709	0.0590702
-0.379461	0.0566009
-0.359296	0.0652693
-0.403725	0.0521506
-0.40066	0.0501677
-0.404654	0.0487026
-0.405584	0.0541171
-0.427857	0.0617551
-0.384125	0.0579877
-0.38395	0.067944
-0.445821	0.0492094
-0.373137	0.0495483
-0.385009	0.049838
-0.358373	0.0571793
-0.396102	0.0581525
-0.39018	0.0518183
-0.44112	0.0634256
-0.462427	0.0473946
-0.440724	0.0537266
-0.423441	0.0647918
-0.347238	0.0874659
-0.368743	0.0573671
-0.406847	0.0438282
-0.405542	0.0424814
-0.407096	0.0465497
-0.375002	0.0542958
-0.363153	0.0453447
-0.356836	0.0575672
-0.348873	0.0451055
-0.375834	0.0589192
-0.435604	0.0497461
-0.351453	0.0478057
-0.395049	0.0480838
-0.322659	0.0578456
-0.368381	0.0581796
-0.327466	0.0532153
-0.276724	0.0534825
-0.36151	0.0466567
-0.36629	0.0698915
-0.413188	0.0573422
-0.386349	0.065176
-0.369067	0.0669009
-0.356714	0.0481355
-0.341875	0.0572469
-0.373588	0.058098
-0.425601	0.0574317
-0.421329	0.0449639
-0.365062	0.0426295
-0.346501	0.0498871
-0.338673	0.0435124
-0.33372	0.0443952
-0.364263	0.0504072
-0.374855	0.0444159
-0.370422	0.0492041
-0.403421	0.0443287
-0.317842	0.0511303
-0.26805	0.0624563
-0.355603	0.0544316
-0.337367	0.0465524
-0.353758	0.0453305
-0.396077	0.0594361
-0.325242	0.0688085
-0.316396	0.0536651
-0.331237	0.0505988
-0.318476	0.0602838
-0.329623	0.0566
-0.350183	0.047703
-0.378912	0.0691861
-0.400236	0.0490913
-0.344064	0.0578773
-0.325739	0.0495404
-0.313338	0.0550277
-0.337078	0.056108
-0.357433	0.0418804
-0.36908	0.0458052
-0.354667	0.0501422
-0.340488	0.0617733
-0.364959	0.0513419
-0.331636	0.0573635
-0.293297	0.0714059
-0.331458	0.0532609
-0.299977	0.0520974
-0.3602	0.0479455
-0.369978	0.0483481
-0.363906	0.0436665
-0.342998	0.0393636
-0.418887	0.0414026
-0.491208	0.0375305
-0.417305	0.045767
-0.417434	0.0446906
-0.397538	0.0441751
-0.428363	0.0409371
-0.359532	0.0553572
-0.458991	0.0520214
-0.425378	0.0498231
-0.443293	0.0459891
-0.438829	0.0457296
-0.460121	0.0428011
-0.488386	0.0540436
-0.404137	0.0515518
-0.358896	0.0547805
-0.411339	0.0525352
-0.490016	0.0524671
-0.362806	0.0501039
-0.408944	0.0680093
-0.446982	0.0649192
-0.416281	0.0472658
-0.440224	0.0621695
-0.479275	0.0673794
-0.405308	0.0452921
-0.392041	0.0441691
-0.413652	0.0545028
-0.374038	0.0694973
-0.421197	0.0514435
-0.346171	0.0531665
-0.386422	0.0534171
-0.418461	0.0559718
-0.387444	0.0560461
-0.431401	0.0453603
-0.415465	0.0505464
-0.409	0.0645818
-0.396489	0.0526334
-0.384419	0.0463683
-0.401947	0.0453482
-0.447648	0.0542284
-0.478431	0.0615839
-0.442024	0.0786261
-0.441753	0.0919607
-0.432596	0.0660012
-0.381589	0.0474009
-0.344068	0.0446219
-0.349665	0.0471448
-0.391532	0.0555028
-0.369422	0.0524415
-0.498956	0.0530401
-0.513169	0.0476879
-0.394392	0.059543
-0.374792	0.05971
-0.370669	0.0523649
-0.382369	0.0553522
-0.390572	0.0610519
-0.411543	0.0593878
-0.444478	0.0663648
-0.425717	0.039885
-0.444269	0.0409855
-0.470006	0.0467081
-0.546154	0.0411889
-0.4786	0.055394
-0.455365	0.0455444
-0.436544	0.0482165
-0.436227	0.0413466
-0.448351	0.0445259
-0.385193	0.0620983
-0.392123	0.073939
-0.449309	0.0630215
-0.466681	0.0553472
-0.404671	0.053555
-0.451851	0.0587589
-0.41895	0.0664787
-0.353625	0.0587114
-0.40098	0.0483233
-0.405631	0.045969
-0.438093	0.0613214
-0.441147	0.0526774
-0.42283	0.06953
-0.474225	0.0528999
-0.378936	0.0555723
-0.37405	0.0687124
-0.354153	0.0517093
-0.386472	0.0501387
-0.381402	0.0489811
-0.385442	0.0477771
-0.40581	0.0519988
-0.404589	0.0606742
-0.375688	0.0555416
-0.352916	0.055291
-0.333835	0.048741
-0.410274	0.0545651
-0.421118	0.0464421
-0.325091	0.0568281
-0.327011	0.0623476
-0.318314	0.0560334
-0.381093	0.0575746
-0.374362	0.0707043
-0.422127	0.0487579
-0.369915	0.0495676
-0.396683	0.0489489
-0.378426	0.0601291
-0.380444	0.0596197
-0.385084	0.0427747
-0.449169	0.050832
-0.447065	0.0426666
-0.423132	0.0450924
-0.396973	0.0546816
-0.431745	0.0552485
-0.437723	0.066793
-0.409396	0.0474724
-0.38313	0.0637183
-0.324097	0.0717261
-0.356235	0.0612619
-0.418116	0.061188
-0.369303	0.0478486
-0.410158	0.0564204
-0.365629	0.0656413
-0.378358	0.0562302
-0.392296	0.0480275
-0.330445	0.0563297
-0.342757	0.0641519
-0.386881	0.0770119
-0.451408	0.0624346
-0.490489	0.046552
-0.451407	0.0514068
-0.535278	0.0515052
-0.583701	0.0452697
-0.460697	0.0492371
-0.479568	0.0484958
-0.429894	0.0608489
-0.435486	0.0459732
-0.407139	0.0591164
-0.428045	0.0527885
-0.362918	0.0643718
-0.483411	0.0466112
-0.382057	0.0454237
-0.422733	0.0510168
-0.395768	0.0465362
-0.388345	0.0531252
-0.388834	0.0473177
-0.353873	0.0621726
-0.304118	0.0882062
-0.339591	0.0532122
-0.348142	0.0435892
-0.308405	0.0529243
-0.315932	0.0575934
-0.469925	0.0448481
-0.445177	0.04066
-0.438729	0.0547615
-0.431073	0.043894
-0.412165	0.040651
-0.422264	0.0483894
-0.394438	0.0577329
-0.379046	0.0552028
-0.335947	0.0489517
-0.357497	0.0510655
-0.331878	0.0431909
-0.351253	0.0543854
-0.394042	0.0514072
-0.521753	0.0430034
-0.445564	0.0615971
-0.348032	0.0594622
-0.365273	0.0433955
-0.333487	0.0554056
-0.341383	0.0536762
-0.288155	0.054156
-0.372369	0.0513441
-0.376621	0.053961
-0.387823	0.0428675
-0.318117	0.0433812
-0.339094	0.0494855
-0.406742	0.035694
-0.404937	0.0426038
-0.345119	0.0473618
-0.435544	0.0400674
-0.516175	0.0516912
-0.492329	0.0531028
-0.320619	0.0647709
-0.356769	0.0471617
-0.409465	0.0434797
-0.423869	0.0427291
-0.337083	0.0502288
-0.391539	0.0462151
-0.382251	0.0673821
-0.368663	0.0578637
-0.416514	0.0459489
-0.462471	0.0621455
-0.425824	0.0689202
-0.457876	0.0689942
-0.442089	0.0588172
-0.423388	0.0410562
-0.406382	0.0665539
-0.442581	0.0446554
-0.429256	0.0465954
-0.444662	0.0517818
-0.408115	0.0547266
-0.409404	0.0496805
-0.483783	0.0531308
-0.42394	0.0463314
-0.443903	0.0676997
-0.436806	0.0612634
-0.462682	0.0402117
-0.46058	0.0405578
-0.426615	0.0446641
-0.394087	0.0429511
-0.36589	0.0554821
-0.445427	0.0483859
-0.354663	0.0636925
-0.368561	0.0587807
-0.434763	0.0578556
-0.491813	0.0531344
-0.41648	0.0422219
-0.391192	0.0462865
-0.408371	0.0551948
-0.360113	0.0656714
-0.360468	0.0431678
-0.408782	0.0629817
-0.437616	0.0602979
-0.40002	0.0589348
-0.427772	0.0602091
-0.416434	0.049587
-0.419555	0.0545492
-0.411786	0.0586143
-0.390471	0.0548687
-0.362901	0.0497205
-0.395441	0.0523488
-0.387974	0.0611622
-0.350692	0.0566716
-0.353745	0.0490727
-0.300305	0.0554996
-0.377951	0.0510352
-0.354783	0.0681564
-0.392291	0.0615242
-0.416664	0.0471197
-0.392555	0.03888
-0.412656	0.0384952
-0.46146	0.0378973
-0.416216	0.0446441
-0.382274	0.0417517
-0.478704	0.0414064
-0.40245	0.0595308
-0.399289	0.0473322
-0.428753	0.0490851
-0.422146	0.0399419
-0.39847	0.0627424
-0.428597	0.0512963
-0.40322	0.0539474
-0.33808	0.0598394
-0.306871	0.0671029
-0.353166	0.0492292
-0.399315	0.0542482
-0.320822	0.0533564
-0.307497	0.0577205
-0.338927	0.0609514
-0.39006	0.0538888
-0.364049	0.0664928
-0.33599	0.0529486
-0.33704	0.0681395
-0.36732	0.0507042
-0.500809	0.0524697
-0.405012	0.055716
-0.410662	0.0484578
-0.404343	0.0499766
-0.388392	0.0600531
-0.428051	0.0501844
-0.421814	0.0424046
-0.421004	0.0415681
-0.395632	0.0471128
-0.367441	0.0530031
-0.374223	0.046461
-0.415304	0.0560866
-0.428559	0.0549773
-0.341612	0.0509282
-0.353994	0.0573037
-0.381308	0.0483807
-0.362813	0.0577265
-0.351997	0.0543767
-0.376478	0.0559326
-0.354237	0.0624219
-0.383233	0.0578143
-0.382869	0.045294
-0.354678	0.0526708
-0.330741	0.0465826
-0.315452	0.0630628
-0.28516	0.0734938
-0.352643	0.0475801
-0.381198	0.0407282
-0.403138	0.0427341
-0.459568	0.0487315
-0.403757	0.0515034
-0.367285	0.0601039
-0.314905	0.053944
-0.302362	0.044274
-0.297034	0.0638505
-0.378601	0.0613266
-0.402761	0.0516017
-0.470132	0.0476049
-0.512539	0.0568299
-0.472116	0.0406791
-0.543812	0.0414707
-0.484489	0.041403
-0.530856	0.0398217
-0.484049	0.0484588
-0.424393	0.0617977
-0.42291	0.0499621
-0.448941	0.0520064
-0.492345	0.0499809
-0.424052	0.0508197
-0.43889	0.0534636
-0.436017	0.0625669
-0.446992	0.0449626
-0.433795	0.0481139
-0.371675	0.0437843
-0.400993	0.0424435
-0.292882	0.0605587
-0.286438	0.0644834
-0.356607	0.0506726
-0.360141	0.054372
-0.313148	0.06564
-0.392005	0.0625026
-0.409933	0.0675512
-0.326787	0.0553405
-0.377108	0.0546171
-0.34659	0.0748105
-0.408728	0.0621513
-0.37271	0.0546688
-0.39713	0.0568458
-0.41035	0.0401807
-0.330811	0.0566852
-0.388485	0.0532263
-0.348686	0.0515618
-0.366261	0.0510647
-0.401259	0.0451024
-0.360962	0.042496
-0.392581	0.0531442
-0.406522	0.0501479
-0.385339	0.0640219
-0.456459	0.045886
-0.40802	0.040694
-0.412182	0.0522609
-0.384218	0.0486236
-0.308846	0.0706678
-0.369263	0.0533336
-0.338568	0.0536029
-0.321723	0.0626875
-0.289146	0.0657677
-0.386287	0.0637345
-0.388226	0.0663606
-0.409749	0.0450232
-0.428122	0.0465436
-0.405477	0.0517471
-0.432478	0.0400272
-0.483493	0.0512311
-0.452566	0.0555975
-0.394227	0.0423601
-0.406451	0.049207
-0.422274	0.0450813
-0.429124	0.0497762
-0.383701	0.0441957
-0.364643	0.0500149
-0.39979	0.045733
-0.359401	0.058549
-0.376077	0.0575338
-0.401802	0.0650241
-0.41928	0.0568276
-0.408191	0.0523974
-0.418212	0.0533794
-0.400324	0.0578309
-0.383176	0.0577771
-0.298258	0.0476536
-0.381024	0.0564098
-0.382957	0.0497256
-0.440121	0.0535001
-0.385834	0.0501347
-0.387131	0.0422008
-0.397109	0.0388576
-0.395924	0.0386379
-0.388932	0.0445642
-0.469105	0.0384564
-0.446821	0.0555273
-0.423014	0.060717
-0.412737	0.0630062
-0.390376	0.0527897
-0.382839	0.0529884
-0.392155	0.061745
-0.404901	0.0602991
-0.422635	0.0626131
-0.448625	0.0490548
-0.442502	0.0468489
-0.370154	0.0570023
-0.370311	0.0667921
-0.354181	0.0660452
-0.437542	0.0487641
-0.376304	0.0426821
-0.347128	0.0502867
-0.349792	0.0575527
-0.356764	0.0517836
-0.318719	0.054394
-0.336504	0.0420919
-0.345878	0.0439715
-0.37674	0.050172
-0.399705	0.0673429
-0.421001	0.0628547
-0.415131	0.0468217
-0.442857	0.0479628
-0.368704	0.05769
-0.373913	0.0612925
-0.378812	0.0431553
-0.39615	0.053596
-0.430291	0.0484301
-0.428749	0.057978
-0.439396	0.0436793
-0.424723	0.0535417
-0.379962	0.0601427
-0.287964	0.0707077
-0.284129	0.0728495
-0.328408	0.0576634
-0.335063	0.0568795
-0.378633	0.0399359
-0.385565	0.0436178
-0.34645	0.043574
-0.315386	0.0517458
-0.354336	0.0517632
-0.324196	0.0592806
-0.31141	0.0562868
-0.292728	0.0464008
-0.288534	0.0473855
-0.340704	0.0506211
-0.351644	0.0430924
-0.306791	0.071276
-0.291447	0.06626
-0.412607	0.0411185
-0.429983	0.0516887
-0.367237	0.0498992
-0.389843	0.0420997
-0.366347	0.0446165
-0.348225	0.0534902
-0.323955	0.0526807
-0.412688	0.0564478
-0.422023	0.0597861
-0.415636	0.0524867
-0.465232	0.0523795
-0.397845	0.0546504
-0.350072	0.066267
-0.33559	0.0470514
-0.377802	0.0443775
-0.374988	0.049516
-0.39651	0.0539051
-0.393771	0.0530378
-0.346748	0.0696284
-0.447637	0.0438825
-0.454507	0.0444574
-0.445911	0.0541592
-0.423389	0.0555229
-0.479535	0.0559095
-0.46159	0.0640575
-0.429473	0.0587968
-0.460624	0.0575605
-0.408346	0.0707498
-0.36878	0.0639004
-0.354949	0.0493067
-0.368935	0.056505
-0.348431	0.0589414
-0.371377	0.0559031
-0.376219	0.0639075
-0.402791	0.0564563
-0.431663	0.0480111
-0.432395	0.0476372
-0.439367	0.0483265
-0.367286	0.0555671
-0.332503	0.0562596
-0.336875	0.0427826
-0.373083	0.0506079
-0.368021	0.0456656
-0.30168	0.0510584
-0.321964	0.0548122
-0.314955	0.0513601
-0.397467	0.0490016
-0.371453	0.0461746
-0.362713	0.0454002
-0.347038	0.0496016
-0.330996	0.0456958
-0.400767	0.0417377
-0.395069	0.0469794
-0.371982	0.0530519
-0.415031	0.0463287
-0.396834	0.05349
-0.470596	0.0472975
-0.560127	0.0421038
-0.465612	0.0564897
-0.499464	0.0553153
-0.449098	0.0549897
-0.479039	0.0377714
-0.450294	0.0509612
-0.440483	0.0482068
-0.443507	0.0510133
-0.465195	0.0519488
-0.408632	0.0509607
-0.401527	0.0543052
-0.390014	0.064285
-0.354865	0.0878587
-0.343503	0.0723227
-0.392322	0.0535798
-0.414394	0.052821
-0.476598	0.0405536
-0.472859	0.0437837
-0.429615	0.0444703
-0.453403	0.0417241
-0.487194	0.0387322
-0.471445	0.0485702
-0.512556	0.0433575
-0.483147	0.0357881
-0.410695	0.0493068
-0.403671	0.0573929
-0.407599	0.0571553
-0.412957	0.061243
-0.357259	0.0665983
-0.315788	0.0567977
-0.334757	0.0640024
-0.383225	0.0754807
-0.382289	0.0651974
-0.417878	0.0610834
-0.343871	0.0498752
-0.332712	0.0498805
-0.316177	0.0491909
-0.300271	0.0611017
-0.344827	0.0641829
-0.360075	0.0646097
-0.447914	0.0500122
-0.431334	0.0403222
-0.394178	0.051878
-0.383565	0.058883
-0.379915	0.0507748
-0.379282	0.0564334
-0.428198	0.0444172
-0.346441	0.0504463
-0.370824	0.0532812
-0.374516	0.0635062
-0.354222	0.059663
-0.349507	0.0547392
-0.378601	0.0555146
-0.374424	0.0505554
-0.393907	0.0503699
-0.310848	0.0539707
-0.341145	0.0422012
-0.271406	0.0596246
-0.326228	0.0495606
-0.309091	0.0633376
-0.318459	0.0499999
-0.309786	0.0599709
-0.333836	0.0537012
-0.305215	0.043057
-0.324502	0.0517876
-0.343984	0.051895
-0.427925	0.047117
-0.407909	0.0494912
-0.430244	0.058691
-0.3972	0.0472416
-0.363649	0.0464039
-0.449649	0.0424073
-0.399028	0.0574421
-0.484625	0.0482425
-0.556436	0.0504038
-0.503007	0.0437316
-0.417724	0.0504703
-0.393002	0.0590741
-0.367405	0.0568814
-0.404711	0.0505651
-0.367021	0.0542686
-0.32973	0.0523067
-0.311305	0.0654882
-0.362138	0.0605889
-0.384935	0.0469331
-0.357613	0.0523707
-0.35733	0.0532846
-0.372459	0.0531688
-0.440328	0.0556262
-0.372775	0.0447971
-0.422532	0.0432853
-0.409101	0.0570718
-0.346857	0.0548113
-0.344333	0.0565325
-0.430192	0.0585073
-0.376653	0.0640024
-0.403214	0.0501141
-0.376528	0.0561928
-0.368912	0.0509996
-0.334132	0.0633798
-0.379262	0.0617631
-0.386864	0.0595491
-0.420153	0.0514637
-0.403172	0.0429957
-0.374474	0.0477179
-0.401811	0.052937
-0.437977	0.0579991
-0.409687	0.0417863
-0.42783	0.0488525
-0.546387	0.0400913
-0.536777	0.0366233
-0.405012	0.0454289
-0.423794	0.0537333
-0.442537	0.057979
-0.379139	0.0621863
-0.28668	0.0640157
-0.327152	0.0574472
-0.353832	0.0526877
-0.397353	0.0568291
-0.413278	0.0706311
-0.315086	0.056767
-0.38594	0.0585026
-0.398968	0.0616305
-0.419815	0.0533223
-0.391971	0.0529343
-0.387928	0.0548263
-0.378098	0.061392
-0.464243	0.0484322
-0.420628	0.0428601
-0.436372	0.0453093
-0.381465	0.0532379
-0.353698	0.0716611
-0.313645	0.0642579
-0.352467	0.0599064
-0.271837	0.0576099
-0.306674	0.0586473
-0.279415	0.0576696
-0.335981	0.0596389
-0.289972	0.0530769
-0.305817	0.0527709
-0.333661	0.0591149
-0.337327	0.0527865
-0.350797	0.0636844
-0.399358	0.043522
-0.371062	0.0851357
-0.43217	0.0531609
-0.425936	0.0520212
-0.402097	0.062281
-0.379189	0.0704787
-0.411626	0.0612767
-0.450207	0.0577939
-0.423525	0.059015
-0.491203	0.0533827
-0.501941	0.0485501
-0.434999	0.0497765
-0.462188	0.0393267
-0.380576	0.0479545
-0.378734	0.0478661
-0.400276	0.0490774
-0.387982	0.0592115
-0.344101	0.055803
-0.351407	0.0589067
-0.423083	0.059214
-0.35013	0.055353
-0.371309	0.056821
-0.451203	0.0427114
-0.392996	0.0534685
-0.432067	0.0448425
-0.402052	0.0481373
-0.393338	0.0520958
-0.38199	0.0485062
-0.476183	0.0584256
-0.497552	0.0529749
-0.416251	0.0564494
-0.416977	0.0493311
-0.461047	0.048078
-0.478883	0.0471432
-0.538586	0.0577114
-0.51988	0.067468
-0.48808	0.050742
-0.496328	0.0470707
-0.53367	0.0469498
-0.479835	0.041675
-0.569078	0.0504084
-0.53831	0.0463399
-0.531618	0.0447319
-0.417314	0.052897
-0.355797	0.0501731
-0.459596	0.0378814
-0.469695	0.0583376
-0.386493	0.0544282
-0.350927	0.0630519
-0.339413	0.0688194
-0.394879	0.0498246
-0.36038	0.046935
-0.379429	0.0472658
-0.407387	0.0423606
-0.401508	0.0511254
-0.435606	0.0467648
-0.38541	0.0523607
-0.447486	0.0544242
-0.400718	0.0505368
-0.425752	0.0475216
-0.458881	0.0429374
-0.435143	0.0490387
-0.464118	0.0464424
-0.430592	0.0589426
-0.386055	0.0663055
-0.411183	0.0452031
-0.417803	0.0516676
-0.405659	0.057138
-0.430053	0.0632236
-0.443227	0.05897
-0.397944	0.0502906
-0.388653	0.0604731
-0.402223	0.0639665
-0.43455	0.0430188
-0.416098	0.0550676
-0.392756	0.0527257
-0.323169	0.0552354
-0.376953	0.0488944
-0.36294	0.0569054
-0.365624	0.0556785
-0.363217	0.0492469
-0.361509	0.0607992
-0.372152	0.0427997
-0.398851	0.0439161
-0.354027	0.0605241
-0.379729	0.0415632
-0.337389	0.0497924
-0.369175	0.0432106
-0.351324	0.0612387
-0.398078	0.0492385
-0.471617	0.0469804
-0.460302	0.0574842
-0.512967	0.0636613
-0.468154	0.0461476
-0.417348	0.0454862
-0.416682	0.0436269
-0.431865	0.0483704
-0.408377	0.0531065
-0.365221	0.0687935
-0.365682	0.056981
-0.393432	0.0597011
-0.386708	0.065322
-0.32535	0.0759103
-0.358457	0.0474909
-0.308571	0.0568265
-0.322005	0.0571604
-0.351965	0.0653684
-0.360701	0.0640952
-0.37542	0.0500581
-0.348929	0.0522154
-0.404026	0.0570244
-0.44472	0.0560185
-0.379768	0.0446357
-0.340838	0.0644347
-0.33974	0.0470736
-0.361141	0.046567
-0.329406	0.0465065
-0.351975	0.0688314
-0.375736	0.054138
-0.354476	0.0608853
-0.375907	0.061642
-0.413517	0.0464297
-0.368689	0.0724185
-0.35524	0.0582236
-0.36804	0.0503462
-0.345718	0.0457302
-0.340209	0.0635283
-0.367809	0.0535877
-0.31468	0.0698675
-0.413326	0.048739
-0.390288	0.0449295
-0.441273	0.0517069
-0.405828	0.0733135
-0.436956	0.0544205
-0.43113	0.0575703
-0.361891	0.0453338
-0.438181	0.041834
-0.459754	0.0489633
-0.439182	0.0507499
-0.357105	0.0515215
-0.344157	0.0534983
-0.360994	0.0513912
-0.433275	0.0480861
-0.386114	0.0576663
-0.414488	0.049917
-0.379608	0.0493982
-0.377873	0.0486558
-0.37725	0.0507456
-0.387124	0.0527169
-0.393656	0.0400452
-0.321236	0.0414055
-0.325611	0.0444886
-0.319681	0.0465856
-0.372367	0.0400282
-0.368814	0.0523627
-0.395053	0.0521955
-0.470922	0.049128
-0.423971	0.0409646
-0.432047	0.0423642
-0.431757	0.0418278
-0.432776	0.0551464
-0.362484	0.0532585
-0.376562	0.0546008
-0.342184	0.0551915
-0.346724	0.0472184
-0.325884	0.056243
-0.320747	0.0520599
-0.378495	0.0528724
-0.381094	0.0505982
-0.41396	0.0491684
-0.427209	0.0464737
-0.39394	0.0465386
-0.401982	0.0459494
-0.383297	0.0638252
-0.423209	0.0486924
-0.352857	0.0592083
-0.420471	0.0594769
-0.340438	0.063717
-0.390757	0.0410808
-0.353176	0.0497193
-0.31163	0.0539714
-0.426694	0.0522192
-0.321891	0.0551921
-0.309184	0.0596413
-0.357062	0.055591
-0.429321	0.048249
-0.426059	0.0475749
-0.48294	0.0487649
-0.440256	0.0536174
-0.481612	0.0586843
-0.503419	0.0463923
-0.481971	0.0407674
-0.406182	0.0573791
-0.472895	0.0631981
-0.444252	0.0522083
-0.436254	0.0516738
-0.386378	0.0481613
-0.342936	0.0551904
-0.347732	0.0480858
-0.306216	0.0740158
-0.360746	0.053751
-0.368969	0.054964
-0.3551	0.0622413
-0.400152	0.051305
-0.367119	0.0438814
-0.395226	0.040839
-0.391175	0.0547594
-0.470242	0.0508875
-0.448461	0.0425606
-0.426272	0.0620261
-0.466251	0.0475221
-0.508382	0.0472991
-0.503379	0.050351
-0.549278	0.0469475
-0.61038	0.0490781
-0.533471	0.0628868
-0.416724	0.0638836
-0.44466	0.0489141
-0.401171	0.0514266
-0.347532	0.0546571
-0.456406	0.0547738
-0.502768	0.0511111
-0.52475	0.0494955
-0.448236	0.0496499
-0.48541	0.0417637
-0.447191	0.0414993
-0.464841	0.0494027
-0.439288	0.0576225
-0.47626	0.0512886
-0.47529	0.046588
