-0.211637	0.0578651
-0.380279	0.0440562
-0.457623	0.0498299
-0.405239	0.0440932
-0.343408	0.0470934
-0.454489	0.0420905
-0.510841	0.0404835
-0.48649	0.04024
-0.483215	0.0524471
-0.420636	0.0567344
-0.379393	0.0583815
-0.436729	0.0408
-0.392017	0.0479082
-0.347134	0.0428759
-0.365461	0.0449475
-0.394857	0.0423882
-0.389425	0.0440413
-0.442153	0.0577887
-0.469217	0.0498089
-0.340474	0.0616728
-0.387663	0.0448462
-0.490158	0.0612208
-0.445545	0.0670521
-0.366161	0.052524
-0.490113	0.0424547
-0.517596	0.0409754
-0.499309	0.0526185
-0.479825	0.0472874
-0.440071	0.0386171
-0.468002	0.0382716
-0.461394	0.0451148
-0.408216	0.0454609
-0.412093	0.0426762
-0.384632	0.0525998
-0.393783	0.0618733
-0.450311	0.0426218
-0.462293	0.0501703
-0.434928	0.0418728
-0.38397	0.0541708
-0.373111	0.0545642
-0.429416	0.0682903
-0.49986	0.0643454
-0.443452	0.04844
-0.422872	0.0510301
-0.463538	0.0498119
-0.461392	0.0548312
-0.420028	0.06039
-0.39553	0.0493544
-0.491854	0.050004
-0.491154	0.0614491
-0.375297	0.0638925
-0.463828	0.0524973
-0.449391	0.0563629
-0.325538	0.0600204
-0.364335	0.0631174
-0.429109	0.0472011
-0.431821	0.0472419
-0.417654	0.0460774
-0.456585	0.040837
-0.49067	0.0563546
-0.477567	0.050549
-0.439751	0.0541861
-0.409908	0.0402669
-0.461356	0.0412233
-0.364109	0.0411933
-0.399322	0.0418753
-0.371146	0.0593617
-0.393402	0.0445531
-0.433301	0.0399447
-0.486125	0.0464983
-0.439944	0.0480432
-0.490075	0.053386
-0.498124	0.0486324
-0.498759	0.0561785
-0.451196	0.0562285
-0.478394	0.0471355
-0.423539	0.0467042
-0.370673	0.0572676
-0.453435	0.0469731
-0.405321	0.0405669
-0.419386	0.0467696
-0.375762	0.0478979
-0.47164	0.0461912
-0.440813	0.0579301
-0.424455	0.0493821
-0.482065	0.0502136
-0.440129	0.0594926
-0.474863	0.0534618
-0.46017	0.0533906
-0.442755	0.05407
-0.442047	0.0418198
-0.439788	0.0545317
-0.483884	0.0531226
-0.524908	0.0409018
-0.574449	0.0484331
-0.530502	0.0414024
-0.543835	0.0390633
-0.508862	0.0425698
-0.481654	0.0371772
-0.455665	0.0419365
-0.380045	0.0402652
-0.346104	0.0553276
-0.35251	0.0466069
-0.327453	0.0412405
-0.40189	0.0516835
-0.430028	0.0678238
-0.390308	0.0465804
-0.356826	0.050729
-0.36338	0.0385739
-0.408909	0.0334622
-0.406211	0.049739
-0.371458	0.0508506
-0.35478	0.0653858
-0.389068	0.0475247
-0.386976	0.0511385
-0.434524	0.0362956
-0.425242	0.0336006
-0.425455	0.041567
-0.379128	0.0433059
-0.369628	0.0511385
-0.440178	0.0327336
-0.409557	0.038351
-0.370607	0.0476664
-0.380627	0.0649487
-0.400241	0.0523258
-0.398768	0.0491602
-0.39349	0.0484504
-0.36337	0.0521487
-0.444497	0.042485
-0.425091	0.0467272
-0.436969	0.0432483
-0.378826	0.0584202
-0.383654	0.0525317
-0.411098	0.0609189
-0.376497	0.0449701
-0.473175	0.0502257
-0.444076	0.0473114
-0.421385	0.0527001
-0.456793	0.0404232
-0.430061	0.0496558
-0.428933	0.0448089
-0.385494	0.0549104
-0.381723	0.0482375
-0.358569	0.045492
-0.41416	0.0591127
-0.399162	0.0750678
-0.389218	0.0786186
-0.37257	0.045932
-0.467991	0.0464317
-0.483317	0.0452874
-0.464858	0.0471366
-0.412491	0.0597593
-0.455835	0.0475972
-0.403687	0.0420109
-0.387655	0.0439292
-0.387468	0.0455098
-0.3908	0.0416201
-0.366459	0.0462765
-0.371715	0.0375168
-0.415517	0.0415071
-0.432572	0.042033
-0.467334	0.0547816
-0.462486	0.0809007
-0.466354	0.0596795
-0.410069	0.0512611
-0.35126	0.0450283
-0.33188	0.0448606
-0.329713	0.0735283
-0.390564	0.0656452
-0.330129	0.0629518
-0.404988	0.0527264
-0.415244	0.0525869
-0.443705	0.0414738
-0.400326	0.0547272
-0.449466	0.0445161
-0.466653	0.0307461
-0.46111	0.0392039
-0.436254	0.051977
-0.501834	0.042567
-0.495983	0.0404759
-0.40618	0.0575653
-0.423864	0.0534479
-0.457863	0.0353069
-0.405637	0.0393213
-0.405036	0.0452738
-0.378338	0.0464034
-0.444113	0.0390926
-0.44567	0.0573484
-0.502993	0.0460124
-0.430379	0.0391784
-0.446384	0.0406993
-0.462225	0.0487456
-0.424048	0.0400676
-0.480835	0.0416865
-0.467962	0.0502561
-0.430893	0.0551789
-0.411315	0.0498375
-0.383033	0.0511434
-0.38821	0.0510248
-0.435018	0.0568663
-0.369502	0.0516572
-0.450502	0.047119
-0.444347	0.0478997
-0.460989	0.0456077
-0.461226	0.0430777
-0.518417	0.0431348
-0.446871	0.04792
-0.422903	0.0453643
-0.445466	0.0351931
-0.421082	0.0471622
-0.447521	0.0365112
-0.401767	0.0469823
-0.368357	0.0593759
-0.386665	0.0534743
-0.378683	0.0600807
-0.447392	0.0552144
-0.467187	0.0403282
-0.459332	0.0397869
-0.489196	0.0454275
-0.466302	0.0467224
-0.499073	0.0321071
-0.487732	0.051627
-0.505882	0.0492021
-0.457234	0.0426029
-0.439982	0.0547572
-0.418672	0.0500112
-0.379608	0.0494693
-0.398172	0.0572607
-0.417415	0.0535303
-0.393809	0.0498758
-0.431543	0.0587916
-0.42238	0.0623235
-0.400209	0.0566269
-0.374757	0.0569451
-0.374889	0.0491531
-0.360701	0.0472517
-0.417587	0.053118
-0.399742	0.03913
-0.36647	0.0461032
-0.367941	0.0506371
-0.438645	0.0494844
-0.396262	0.0432185
-0.418092	0.0437102
-0.442495	0.0411273
-0.422058	0.0367944
-0.436196	0.0371235
-0.428161	0.044735
-0.487809	0.041419
-0.41563	0.047252
-0.389804	0.05755
-0.472177	0.0581345
-0.414014	0.0473742
-0.387356	0.0524341
-0.472295	0.0454787
-0.473209	0.0374587
-0.445829	0.0399992
-0.448941	0.0542187
-0.466253	0.0397818
-0.428082	0.0455084
-0.478756	0.0467239
-0.475663	0.0447681
-0.462535	0.0459654
-0.511433	0.0592096
-0.41983	0.0532568
-0.565118	0.0416413
-0.463402	0.0428847
-0.409077	0.0673941
-0.39196	0.0414281
-0.435087	0.0381838
-0.464239	0.0398622
-0.444206	0.0418314
-0.422596	0.0402396
-0.451966	0.0464165
-0.394728	0.0520668
-0.462071	0.039816
-0.395128	0.0416768
-0.402329	0.0507562
-0.344729	0.0427455
-0.378906	0.0389023
-0.429253	0.0439713
-0.403488	0.0401666
-0.398394	0.0441051
-0.420846	0.0516574
-0.422388	0.0441375
-0.471461	0.0609043
-0.427113	0.0446194
-0.415885	0.0394357
-0.438602	0.0419586
-0.344641	0.0607355
-0.319358	0.0591928
-0.380202	0.0476784
-0.464178	0.0490603
-0.356849	0.0544013
-0.409883	0.0409319
-0.370772	0.0533104
-0.388913	0.0400471
-0.409081	0.0445659
-0.375484	0.04189
-0.306611	0.0526607
-0.3459	0.05715
-0.372069	0.0545892
-0.398367	0.0523721
-0.360282	0.0584516
-0.38498	0.0418755
-0.43588	0.0483494
-0.398912	0.0402141
-0.349934	0.0440458
-0.368338	0.0517245
-0.352818	0.0484234
-0.329783	0.0513898
-0.449843	0.0521123
-0.496731	0.0465897
-0.422471	0.058886
-0.543348	0.0460267
-0.497701	0.0361318
-0.489628	0.0403194
-0.361144	0.0433288
-0.330006	0.0501003
-0.382627	0.0462719
-0.413277	0.0414292
-0.480759	0.0389703
-0.500475	0.0355069
-0.381579	0.0363618
-0.356614	0.0448043
-0.354065	0.0457434
-0.36237	0.0545994
-0.370823	0.0465377
-0.379449	0.0428253
-0.36652	0.0510674
-0.361661	0.0429356
-0.2953	0.0514649
-0.433982	0.0404018
-0.425717	0.0509441
-0.391747	0.0467118
-0.428524	0.0532785
-0.418765	0.0459447
-0.408474	0.0491946
-0.412216	0.0437585
-0.490264	0.036315
-0.464192	0.0400222
-0.41798	0.0476869
-0.389835	0.0457747
-0.38864	0.036732
-0.387078	0.0517984
-0.446105	0.0533533
-0.431072	0.0441977
-0.410325	0.0422689
-0.377183	0.048587
-0.412152	0.0541014
-0.408743	0.0514611
-0.395867	0.0629276
-0.398258	0.0500939
-0.382119	0.0592881
-0.386297	0.0470135
-0.322979	0.0431256
-0.367362	0.0561488
-0.438917	0.0350915
-0.359259	0.0402169
-0.352797	0.0476305
-0.343199	0.0530273
-0.394135	0.048991
-0.364833	0.0428932
-0.364014	0.0377224
-0.31539	0.039994
-0.325012	0.0400279
-0.355953	0.0627504
-0.39553	0.0587897
-0.450885	0.0555527
-0.461182	0.0514306
-0.450109	0.0514391
-0.439044	0.0477909
-0.377769	0.0557144
-0.325223	0.0489891
-0.406481	0.0505304
-0.412035	0.0465654
-0.42499	0.0541575
-0.448534	0.0469407
-0.451448	0.0620993
-0.449688	0.0549648
-0.329873	0.0542837
-0.378887	0.0428674
-0.394814	0.0517804
-0.480612	0.0541571
-0.468998	0.0575543
-0.425488	0.0440842
-0.370578	0.042613
-0.368791	0.0388948
-0.362305	0.0518025
-0.384754	0.0529373
-0.457346	0.060155
-0.435935	0.0509015
-0.34344	0.0640864
-0.385133	0.0643989
-0.434696	0.0447476
-0.44279	0.0584912
-0.456585	0.0534702
-0.49907	0.0412628
-0.479371	0.0493103
-0.436139	0.0427414
-0.414653	0.0404141
-0.39694	0.0428577
-0.448253	0.0419907
-0.431178	0.0405482
-0.415405	0.0499265
-0.458848	0.0455202
-0.366422	0.0513393
-0.406752	0.0428691
-0.422928	0.0464992
-0.376644	0.0451843
-0.383668	0.0370124
-0.369714	0.0510522
-0.414939	0.0518919
-0.482179	0.0435513
-0.380686	0.0418768
-0.357717	0.0598358
-0.367717	0.045977
-0.354064	0.047419
-0.38899	0.0672269
-0.414946	0.0532438
-0.411175	0.0472932
-0.383057	0.0571544
-0.424978	0.0553101
-0.389265	0.0489972
-0.430683	0.0554105
-0.37228	0.0477871
-0.40649	0.0394037
-0.407165	0.0455552
-0.461508	0.0512466
-0.511714	0.0366832
-0.499364	0.0544232
-0.536362	0.0465641
-0.466929	0.0489934
-0.394841	0.0536055
-0.397002	0.0595252
-0.488946	0.0421679
-0.427634	0.0451906
-0.418514	0.0459499
-0.415432	0.0420123
-0.471829	0.0416704
-0.418845	0.0456435
-0.40823	0.0432966
-0.396105	0.0446527
-0.389846	0.0429972
-0.475801	0.0518246
-0.470377	0.0547813
-0.409498	0.0514011
-0.378251	0.0409788
-0.39351	0.0574714
-0.403562	0.0438809
-0.404156	0.041212
-0.40316	0.0499755
-0.380105	0.0361277
-0.430207	0.0522754
-0.445602	0.0465079
-0.416404	0.0497999
-0.418215	0.047671
-0.465021	0.0503788
-0.406603	0.0479909
-0.40585	0.0413449
-0.400055	0.0358493
-0.426071	0.0409644
-0.43076	0.044603
-0.403107	0.0565589
-0.370536	0.059461
-0.484239	0.0503372
-0.459446	0.0426073
-0.429973	0.0483953
-0.402619	0.0443848
-0.370296	0.0611865
-0.354884	0.0598285
-0.330558	0.0688983
-0.351921	0.0660962
-0.358186	0.0600465
-0.425492	0.0663007
-0.311078	0.0538107
-0.346977	0.0618151
-0.396266	0.0611758
-0.410481	0.0581398
-0.332502	0.0596257
-0.346476	0.0488681
-0.37768	0.0421947
-0.399722	0.050598
-0.42147	0.0427096
-0.487204	0.0531997
-0.407714	0.0452784
-0.474239	0.0366876
-0.398676	0.0425806
-0.399513	0.0391953
-0.371493	0.0434226
-0.487742	0.0431652
-0.433306	0.0488082
-0.349026	0.0482321
-0.374311	0.0433927
-0.417518	0.0472271
-0.423153	0.0544491
-0.451761	0.0495444
-0.434416	0.0595646
-0.447455	0.0579581
-0.407606	0.0562745
-0.367525	0.0513762
-0.350366	0.0500022
-0.444475	0.0512611
-0.437734	0.0404955
-0.425939	0.0546686
-0.431125	0.0522758
-0.525362	0.0471333
-0.450315	0.0499833
-0.461938	0.0599569
-0.421482	0.0453651
-0.367368	0.0480549
-0.415296	0.0457742
-0.40778	0.045707
-0.394277	0.0521835
-0.411093	0.0578678
-0.413607	0.0440844
-0.41376	0.0554281
-0.468544	0.0390178
-0.481008	0.047444
-0.420937	0.0498525
-0.446732	0.0433391
-0.356133	0.0535975
-0.340609	0.0481478
-0.323922	0.0509797
-0.278577	0.0498872
-0.337656	0.0398073
-0.347948	0.0445067
-0.30898	0.0558287
-0.387648	0.0574348
-0.42456	0.0498063
-0.420537	0.0625347
-0.455252	0.0661305
-0.445618	0.0613948
-0.443928	0.0556711
-0.424729	0.044717
-0.459133	0.0558999
-0.432706	0.0524712
-0.422244	0.044618
-0.389864	0.0394665
-0.406862	0.0417742
-0.33749	0.0587556
-0.392108	0.0474114
-0.351766	0.0480144
-0.397649	0.046936
-0.343805	0.0629344
-0.379114	0.0456472
-0.435753	0.0397247
-0.458825	0.0416943
-0.528971	0.0363096
-0.513162	0.0317666
-0.523455	0.0387976
-0.44239	0.0443314
-0.436727	0.0396386
-0.424151	0.0465599
-0.367848	0.0481059
-0.370213	0.0546015
-0.400451	0.0653912
-0.421246	0.0519448
-0.361163	0.0550712
-0.391571	0.0471284
-0.331043	0.0674055
-0.350134	0.0407367
-0.377887	0.0491733
-0.359896	0.0435401
-0.360301	0.0598823
-0.389523	0.0556092
-0.419854	0.0560431
-0.38177	0.0511765
-0.405013	0.0471251
-0.386342	0.0520621
-0.37206	0.0524679
-0.425337	0.0470533
-0.36341	0.0641402
-0.496324	0.0442919
-0.458259	0.0616126
-0.505453	0.0401171
-0.524321	0.0500093
-0.492622	0.0506086
-0.413093	0.0419018
-0.432751	0.0417924
-0.488382	0.0379933
-0.452759	0.04223
-0.38667	0.0427744
-0.365036	0.0410222
-0.327786	0.0564571
-0.323505	0.0505708
-0.36015	0.0369123
-0.409399	0.0447751
-0.370362	0.0542877
-0.361223	0.0381174
-0.430125	0.038396
-0.467355	0.0372779
-0.408508	0.0413854
-0.386772	0.0451268
-0.46313	0.0497726
-0.452589	0.0607462
-0.465087	0.0553254
-0.530743	0.0452973
-0.478837	0.0539458
-0.519201	0.0479337
-0.417156	0.0668509
-0.381223	0.0786139
-0.445003	0.0426435
-0.464641	0.0440645
-0.423985	0.0469767
-0.453669	0.0484121
-0.393401	0.0478356
-0.392607	0.0342035
-0.395873	0.0411842
-0.383973	0.0487375
-0.357014	0.0455239
-0.339342	0.042621
-0.405414	0.0554838
-0.378001	0.0532778
-0.412521	0.0601379
-0.407151	0.0657043
-0.474159	0.0494972
-0.419314	0.0438903
-0.448597	0.0735937
-0.48096	0.0465922
-0.435576	0.0584922
-0.438195	0.0680184
-0.487928	0.0484278
-0.495518	0.051624
-0.438132	0.046187
-0.44608	0.0517909
-0.410597	0.0451278
-0.401908	0.0440917
-0.400825	0.0524302
-0.368138	0.0595372
-0.395447	0.0558948
-0.3931	0.0532112
-0.439696	0.052957
-0.525193	0.0484873
-0.500299	0.0626672
-0.415571	0.0485895
-0.498533	0.0431537
-0.526667	0.0407986
-0.553712	0.038914
-0.503931	0.057096
-0.494327	0.0614998
-0.477036	0.053762
-0.460045	0.0628146
-0.494163	0.0447332
-0.430283	0.0508115
-0.486609	0.0510449
-0.482135	0.0625775
-0.455646	0.0485514
-0.484807	0.0384447
-0.478869	0.0446025
-0.455274	0.0364519
-0.504343	0.0404144
-0.500969	0.0407033
-0.434868	0.0410498
-0.442743	0.0534152
-0.476395	0.0438749
-0.368658	0.0471659
-0.363188	0.0620813
-0.429099	0.0511604
-0.39085	0.0563716
-0.412749	0.0577515
-0.421814	0.0580507
-0.489423	0.0466324
-0.485611	0.0477806
-0.449186	0.0605574
-0.343445	0.0553604
-0.342633	0.0423526
-0.383168	0.0453716
-0.334472	0.0431406
-0.314371	0.0459191
-0.340665	0.0444489
-0.326717	0.0463451
-0.350425	0.0514964
-0.412904	0.0536295
-0.412488	0.0559766
-0.386923	0.0523636
-0.415437	0.0633304
-0.445493	0.0565699
-0.487735	0.0533837
-0.52537	0.0391882
-0.418106	0.0478438
-0.458974	0.0303021
-0.44147	0.0369722
-0.491884	0.0503795
-0.476494	0.0434953
-0.486735	0.0520106
-0.446688	0.0375549
-0.464193	0.045334
-0.466631	0.0472317
-0.459046	0.0428125
-0.389215	0.054126
-0.429594	0.0582723
-0.484034	0.0530143
-0.461685	0.0545255
-0.550938	0.0456709
-0.573557	0.0418409
-0.49507	0.0566312
-0.422038	0.0660431
-0.403169	0.0487276
-0.425858	0.0425485
-0.408919	0.0544491
-0.404067	0.0612075
-0.458393	0.0408096
-0.438919	0.0492608
-0.458392	0.0496753
-0.392863	0.0497067
-0.403506	0.0442417
-0.432199	0.0625115
-0.424355	0.0491676
-0.44121	0.0433679
-0.410526	0.0521727
-0.437358	0.0464007
-0.374101	0.0503067
-0.326293	0.0566626
-0.441994	0.056119
-0.477984	0.0609062
-0.395646	0.0456109
-0.420353	0.0616074
-0.439816	0.052092
-0.396223	0.0602949
-0.325146	0.0614625
-0.329224	0.0522968
-0.406322	0.0645608
-0.38702	0.0589056
-0.384539	0.0572874
-0.37735	0.0503122
-0.448973	0.0429004
-0.384232	0.0549292
-0.451464	0.0440189
-0.449967	0.0445257
-0.490383	0.0444323
-0.447279	0.0405141
-0.408411	0.0361905
-0.33905	0.0483501
-0.357373	0.061245
-0.361292	0.0586066
-0.377704	0.0579923
-0.387303	0.0391626
-0.378872	0.056673
-0.310182	0.0546751
-0.410411	0.0458741
-0.429251	0.036994
-0.369013	0.0493923
-0.421009	0.0443681
-0.387236	0.037926
-0.346242	0.0509564
-0.357141	0.0471071
-0.360169	0.0397485
-0.438154	0.0430692
-0.367212	0.0511727
-0.34016	0.0492716
-0.328938	0.0406188
-0.343478	0.0445281
-0.329033	0.04286
-0.385134	0.0438998
-0.363664	0.056072
-0.320749	0.0585573
-0.309901	0.0607436
-0.34708	0.0477622
-0.383514	0.0483032
-0.420383	0.0474195
-0.403717	0.0700212
-0.470868	0.0551262
-0.389004	0.0560439
-0.373892	0.0474901
-0.35475	0.0510628
-0.431501	0.0463849
-0.477613	0.0468198
-0.405756	0.044593
-0.434046	0.0375105
-0.399599	0.0388697
-0.413904	0.0583273
-0.440632	0.0530989
-0.416171	0.05094
-0.399938	0.0408226
-0.419918	0.0401825
-0.402194	0.043665
-0.400299	0.0460506
-0.347047	0.0426848
-0.343834	0.0441572
-0.386829	0.0378418
-0.358363	0.0444563
-0.379988	0.0472706
-0.406602	0.0533549
-0.480986	0.0417169
-0.462679	0.0418914
-0.416898	0.0418007
-0.454544	0.0408699
-0.386925	0.0388967
-0.399041	0.0530625
-0.404708	0.0497117
-0.389493	0.0547925
-0.448619	0.0363589
-0.44638	0.0563058
-0.390553	0.0567971
-0.450925	0.0422396
-0.453504	0.0556302
-0.425187	0.053505
-0.392481	0.0477126
-0.363734	0.050671
-0.353503	0.0429582
-0.336458	0.0496708
-0.357035	0.0496885
-0.407193	0.0385159
-0.441088	0.0485738
-0.415921	0.0524039
-0.411291	0.050759
-0.362581	0.0497154
-0.441249	0.0500646
-0.425681	0.0428402
-0.439481	0.0435379
-0.352568	0.0552459
-0.3478	0.0443299
-0.394819	0.0521754
-0.413756	0.0394055
-0.426528	0.0410003
-0.401776	0.0391631
-0.430529	0.0413093
-0.427375	0.0367921
-0.429425	0.037064
-0.387266	0.04823
-0.425258	0.0433621
-0.440313	0.041125
-0.47622	0.0461679
-0.438144	0.0525286
-0.463273	0.0453363
-0.436616	0.0401205
-0.461136	0.0341505
-0.438278	0.0483003
-0.408488	0.0539194
-0.441802	0.0419251
-0.53554	0.0486759
-0.536631	0.0531065
-0.475967	0.0485315
-0.405337	0.0375351
-0.439838	0.0345122
-0.423568	0.0459327
-0.463866	0.0493245
-0.460049	0.0428049
-0.46132	0.0497078
-0.398374	0.0462886
-0.381166	0.0414151
-0.423917	0.0465367
-0.37533	0.0445565
-0.379514	0.0436597
-0.391196	0.0505023
-0.374496	0.0687504
-0.384623	0.0492104
-0.371208	0.0636711
-0.439209	0.0595896
-0.465221	0.0415995
-0.338491	0.0483348
-0.356196	0.0466826
-0.341249	0.0449916
-0.354447	0.0589117
-0.406861	0.0487462
-0.378261	0.0491836
-0.285629	0.0644826
-0.338971	0.0486719
-0.358225	0.0467731
-0.380312	0.0401262
-0.394618	0.0577396
-0.377495	0.043759
-0.398227	0.0431701
-0.386382	0.0486138
-0.357994	0.0455956
-0.297244	0.057036
-0.329203	0.0500075
-0.331626	0.039225
-0.380605	0.0393479
-0.394485	0.0438701
-0.37129	0.0523546
-0.37105	0.0475327
-0.362436	0.0518602
-0.389074	0.0471812
-0.338569	0.0535426
-0.35247	0.0486013
-0.404299	0.0409671
-0.334526	0.0619246
-0.417325	0.0431456
-0.372388	0.0496256
-0.365845	0.0595676
-0.392397	0.0457731
-0.381916	0.0520157
-0.412885	0.0440799
-0.420839	0.0499719
-0.337958	0.0485104
-0.350172	0.0543168
-0.412058	0.0534506
-0.345135	0.0559074
-0.433584	0.0419157
-0.444354	0.0447475
-0.442951	0.0508131
-0.384401	0.060358
-0.361177	0.0480868
-0.385936	0.0490628
-0.439273	0.0511525
-0.424182	0.0492748
-0.438794	0.0473209
-0.432252	0.0548156
-0.375827	0.0471971
-0.306031	0.0578398
-0.408539	0.0466386
-0.385287	0.0492605
-0.387627	0.047847
-0.452749	0.0450929
-0.463156	0.0433775
-0.423853	0.0446856
-0.407724	0.0449479
-0.411335	0.0396087
-0.399834	0.0584437
-0.391471	0.0581016
-0.429214	0.0523827
-0.478593	0.057163
-0.467644	0.0492293
-0.418123	0.046066
-0.471264	0.0483111
-0.50677	0.0486054
-0.419749	0.0503353
-0.402261	0.0486395
-0.437712	0.0430799
-0.381295	0.0551188
-0.401834	0.0418149
-0.35987	0.0520501
-0.369058	0.0456797
-0.388299	0.0477164
-0.422192	0.052111
-0.391525	0.071491
-0.481856	0.0688243
-0.425796	0.0630943
-0.396755	0.0452056
-0.406487	0.0370267
-0.408946	0.0418727
-0.46367	0.0374678
-0.4693	0.0431687
-0.509025	0.0427723
-0.44553	0.042729
-0.37444	0.0434883
-0.383939	0.0614509
-0.450072	0.04957
-0.441275	0.0415665
-0.361194	0.0478665
-0.384509	0.045898
-0.374385	0.0475037
-0.409851	0.0440275
-0.421562	0.042635
-0.394333	0.0395653
-0.345507	0.0544007
-0.34049	0.0658039
-0.377248	0.0640262
-0.470912	0.046728
-0.396112	0.0356127
-0.401869	0.0408299
-0.375731	0.0488526
-0.419358	0.0582563
-0.468664	0.043546
-0.516245	0.0408411
-0.518439	0.040218
-0.443492	0.0376454
-0.412115	0.0465303
-0.292382	0.0733712
-0.383241	0.0731214
-0.437554	0.0663209
-0.390039	0.061112
-0.395358	0.054956
-0.408617	0.0682027
-0.421757	0.0614367
-0.447777	0.0489025
-0.418592	0.050953
-0.431957	0.0562471
-0.421646	0.0575402
-0.466617	0.0543712
-0.487223	0.057783
-0.448381	0.0563069
-0.450065	0.0571088
-0.427027	0.0677262
-0.448158	0.0617533
-0.339963	0.0698433
-0.415752	0.0533081
-0.450854	0.0517254
-0.404562	0.0659498
-0.360244	0.0628935
-0.372829	0.042556
-0.411414	0.0389432
-0.392605	0.0343203
-0.409727	0.0447111
-0.440193	0.0433208
-0.359021	0.0644467
-0.408729	0.0632323
-0.4086	0.0585229
-0.401896	0.0590142
-0.429508	0.053657
-0.436941	0.0581938
-0.436809	0.0476077
-0.410249	0.0658818
-0.505656	0.0366399
-0.572513	0.0478332
-0.461491	0.0490962
-0.444946	0.0364721
-0.405311	0.0487547
-0.331533	0.0643195
-0.35684	0.0456515
-0.401791	0.0638534
-0.420937	0.0384882
-0.421997	0.0420694
-0.413392	0.0452889
-0.406616	0.0343546
-0.396096	0.0411395
-0.408634	0.0429912
-0.437775	0.0471698
-0.388642	0.0608786
-0.464761	0.0415816
-0.384735	0.05042
-0.358367	0.0443395
-0.376174	0.0612
-0.354632	0.0539022
-0.370566	0.0510215
-0.406527	0.0467582
-0.460546	0.0637972
-0.421508	0.0511999
-0.328294	0.0601805
-0.353422	0.043393
-0.382565	0.0438164
-0.313487	0.0553205
-0.344301	0.0643734
-0.307421	0.0670517
-0.383583	0.0721254
-0.426048	0.0603372
-0.386559	0.0692368
-0.377077	0.0594699
-0.379723	0.0547038
-0.410532	0.0628454
-0.386129	0.046974
-0.462856	0.0413656
-0.381461	0.0584253
-0.32837	0.048297
-0.344907	0.0495418
-0.331672	0.0495735
-0.314927	0.0648483
-0.391201	0.0504607
-0.383549	0.0540465
-0.422198	0.0576631
-0.380261	0.0479995
-0.35594	0.0433861
-0.374869	0.0425825
-0.473755	0.0534586
-0.405224	0.0570548
-0.493279	0.0478416
-0.474603	0.0527183
-0.452854	0.0478169
-0.4757	0.0392222
-0.411285	0.0422831
-0.504695	0.0408515
-0.484188	0.0482982
-0.463015	0.0477049
-0.437125	0.0525797
-0.386179	0.0446037
-0.392587	0.0528357
-0.351248	0.0564027
-0.438196	0.0473951
-0.387762	0.0550408
-0.451438	0.0663871
-0.455369	0.0496179
-0.402816	0.0501384
-0.405461	0.0411477
-0.382025	0.0525872
-0.370563	0.0503607
-0.420582	0.0502578
-0.485191	0.0565823
-0.562415	0.0345398
-0.480018	0.0355159
-0.396171	0.0393358
-0.366321	0.0417903
-0.361198	0.0475556
-0.349883	0.045012
-0.371415	0.050965
-0.361406	0.0533271
-0.392087	0.0446203
-0.424831	0.0380065
-0.405598	0.0533796
-0.395255	0.0458313
-0.440898	0.0460812
-0.421792	0.0493258
-0.331262	0.0549541
-0.356129	0.0474384
-0.395358	0.0472624
-0.443008	0.0513451
-0.386584	0.048753
-0.29746	0.0490322
-0.384023	0.0450298
-0.469579	0.0469991
-0.393429	0.043081
-0.382607	0.0568977
-0.430358	0.0404805
-0.39667	0.0436828
-0.414808	0.0410542
-0.42625	0.0418115
-0.451874	0.0492273
-0.396804	0.0708686
-0.42661	0.0481966
-0.444536	0.0353681
-0.459887	0.0358047
-0.48414	0.0392989
-0.489974	0.0380944
-0.527124	0.0481333
-0.502794	0.0462921
-0.507936	0.044724
-0.576078	0.0355211
-0.470991	0.0420902
-0.410251	0.0554414
-0.477938	0.0530717
-0.440169	0.0592251
-0.380619	0.0479051
-0.416759	0.0514624
-0.379164	0.0526764
-0.370502	0.0502427
-0.384319	0.0472458
-0.372188	0.0512737
-0.369132	0.0390077
-0.42453	0.046379
-0.422478	0.0417849
-0.421723	0.0472684
-0.424356	0.0489009
-0.494046	0.0472276
-0.458394	0.0694176
-0.444701	0.0628687
-0.419234	0.0431389
-0.447239	0.047936
-0.394488	0.0539721
-0.428182	0.0521201
-0.405727	0.0491694
-0.354519	0.0575758
-0.405806	0.0568284
-0.465585	0.0421276
-0.453753	0.0435419
-0.403954	0.0511085
-0.339272	0.0551319
-0.345769	0.0500573
-0.394288	0.0445392
-0.310115	0.048413
-0.328645	0.0524553
-0.353806	0.0478367
-0.356571	0.0586493
-0.416629	0.0497555
-0.416562	0.0515892
-0.398598	0.0445364
-0.387588	0.0567649
-0.296215	0.0654923
-0.3146	0.0686134
-0.368895	0.0539925
-0.431462	0.0419156
-0.447168	0.0494186
-0.469623	0.0408499
-0.446189	0.0506756
-0.378862	0.0429192
-0.393422	0.0499215
-0.399759	0.0546142
-0.358572	0.0711674
-0.370333	0.0450615
-0.408538	0.0516051
-0.416294	0.0497822
-0.458851	0.0379186
-0.445197	0.037678
-0.393476	0.0464881
-0.424893	0.03523
-0.411832	0.0612254
-0.484606	0.0389888
-0.488915	0.0455603
-0.422939	0.0414508
-0.348142	0.0374765
-0.369639	0.0433061
-0.382114	0.0491624
-0.395633	0.0449603
-0.356159	0.058934
-0.291154	0.0670652
-0.363685	0.0537292
-0.382556	0.0539623
-0.405347	0.052095
-0.445322	0.0620868
-0.329565	0.0660473
-0.362878	0.0478942
-0.389851	0.0435942
-0.360797	0.0466912
-0.361709	0.0525461
-0.347483	0.0609479
-0.392551	0.0421374
-0.340445	0.0389458
-0.418236	0.043363
-0.497586	0.0355173
-0.478687	0.0441479
-0.438295	0.0398896
-0.406286	0.0519292
-0.398199	0.0455365
-0.374643	0.0391387
-0.409491	0.0500457
-0.407287	0.0464845
-0.436453	0.0526317
-0.435572	0.0541947
-0.414341	0.053113
-0.36204	0.0624938
-0.35149	0.0757045
-0.407096	0.0508276
-0.379498	0.0577151
-0.347312	0.0547233
-0.424486	0.038255
-0.440468	0.0380737
-0.421163	0.0536299
-0.379092	0.0438964
-0.408923	0.0414286
-0.344066	0.0558507
-0.425172	0.0505591
-0.460495	0.0676312
-0.461931	0.0563443
-0.428657	0.0645667
-0.432587	0.0510454
-0.443957	0.047959
-0.506914	0.0392184
-0.460544	0.0466451
-0.528084	0.0391211
-0.430449	0.0430515
-0.39727	0.0444038
-0.461527	0.0423457
-0.439279	0.053623
-0.413776	0.0486577
-0.436005	0.0428086
-0.378669	0.0495443
-0.401124	0.0384439
-0.454415	0.0352599
-0.486752	0.0448311
-0.446272	0.0413524
-0.399236	0.0539397
-0.452264	0.0470928
-0.486547	0.0430139
-0.449535	0.0385485
-0.473975	0.0478561
-0.466207	0.0485206
-0.445699	0.0439191
-0.356612	0.0501314
-0.472417	0.0391271
-0.409921	0.058833
-0.485236	0.0401741
-0.426724	0.0603732
-0.487235	0.0515872
-0.482229	0.0533441
-0.446096	0.0537193
-0.451553	0.0490989
-0.454074	0.0388643
-0.434135	0.0448657
-0.434786	0.0580853
-0.399415	0.0534934
-0.264675	0.0515208
-0.336812	0.0452497
-0.347266	0.0379854
-0.346074	0.0502093
-0.33427	0.0446231
-0.406566	0.0441091
-0.425491	0.0408535
-0.434937	0.0431976
-0.444435	0.0351446
-0.457862	0.0425762
-0.401154	0.0498044
-0.390114	0.0465332
-0.343885	0.0528688
-0.388942	0.0465353
-0.361232	0.0415302
-0.369028	0.0521213
-0.396839	0.0451282
-0.522273	0.0370044
-0.515059	0.0345961
-0.501264	0.0341985
-0.461813	0.0384087
-0.491186	0.0427309
-0.463795	0.0546588
-0.40906	0.0487745
-0.454356	0.0508182
-0.416981	0.0502914
-0.396365	0.0452024
-0.417354	0.0432739
-0.389702	0.0496671
-0.389169	0.0544912
-0.384495	0.0513119
-0.391288	0.0425392
-0.389366	0.0581951
-0.461215	0.0384473
-0.448788	0.0349104
-0.423113	0.0367681
-0.398609	0.045313
-0.441511	0.0559053
-0.426742	0.0509125
-0.419522	0.0472884
-0.479609	0.0432013
-0.473951	0.0521803
-0.587436	0.0447534
-0.51807	0.0410568
-0.456611	0.0457364
-0.470052	0.0510055
-0.457693	0.0471436
-0.41972	0.0545978
-0.364326	0.0684704
-0.44056	0.0541047
-0.450019	0.0522737
-0.487993	0.0486831
-0.491007	0.0460921
-0.506211	0.0419663
-0.411014	0.0501935
-0.425037	0.0431277
-0.402442	0.0568277
-0.39652	0.0616561
-0.43824	0.0485146
-0.477563	0.0451393
-0.501293	0.0516808
-0.458425	0.0496699
-0.434112	0.0524056
-0.433454	0.0547321
-0.4621	0.050749
-0.4278	0.0409343
-0.35284	0.0702111
-0.386826	0.051632
-0.408911	0.0535019
-0.348461	0.05899
-0.359417	0.0493556
-0.369924	0.0496785
-0.378631	0.0509555
-0.37843	0.0518478
-0.351876	0.0624851
-0.363523	0.0664135
-0.42207	0.0485316
-0.325086	0.0593875
-0.33328	0.0480989
-0.39203	0.0511363
-0.468251	0.0473163
-0.429638	0.0355339
-0.460094	0.0500492
-0.419699	0.0532153
-0.434474	0.0488625
-0.334656	0.0553979
-0.402992	0.0442572
-0.414647	0.0587794
-0.404084	0.0621115
-0.400444	0.0597952
-0.423446	0.0461394
-0.398651	0.0380676
-0.410198	0.0522226
-0.366542	0.0662179
-0.347422	0.057538
-0.472239	0.0391661
-0.495829	0.0533756
-0.380469	0.0467086
-0.411749	0.0435191
-0.453745	0.042839
-0.37177	0.0518149
-0.417775	0.043883
-0.388983	0.0508034
-0.414929	0.0467126
-0.399207	0.0521205
-0.359135	0.0574409
-0.364905	0.056712
-0.361311	0.0578901
-0.320144	0.0470072
-0.392414	0.0513129
-0.395889	0.0619811
-0.40209	0.047745
-0.420582	0.0553573
-0.379326	0.0499057
-0.363508	0.065966
-0.46318	0.0561632
-0.380334	0.0464653
-0.439268	0.0481202
-0.480639	0.0448981
-0.475536	0.0385378
-0.464286	0.0411759
-0.430712	0.0455399
-0.404926	0.0431081
-0.377098	0.0528649
-0.395123	0.0373398
-0.404885	0.0428692
-0.403254	0.0447559
-0.359564	0.04886
-0.35625	0.0518896
-0.394068	0.0454051
-0.444149	0.0409211
-0.453141	0.0477246
-0.345075	0.0583156
-0.366114	0.0560162
-0.308033	0.0730876
-0.394568	0.0634088
-0.429991	0.0536356
-0.4935	0.0525778
-0.41483	0.0448269
-0.438447	0.0414528
-0.392913	0.0460477
-0.411002	0.0436208
-0.45092	0.0464656
-0.400665	0.0430654
-0.320304	0.0528034
-0.359561	0.0441423
-0.355295	0.0429264
-0.373652	0.0480208
-0.46315	0.0511584
-0.523028	0.0539139
-0.433791	0.0502098
-0.387532	0.0482767
-0.408482	0.0599297
-0.42479	0.0527454
-0.364152	0.0564131
-0.445099	0.0537657
-0.489597	0.0722532
-0.481263	0.0569349
-0.449323	0.0512881
-0.433562	0.0390552
-0.417771	0.0451679
-0.410539	0.0467571
-0.483099	0.0420756
-0.399662	0.04622
-0.402661	0.0361248
-0.412029	0.0411381
-0.381912	0.0540176
-0.419524	0.0449509
-0.432726	0.0403969
-0.507412	0.0405019
-0.451795	0.0362494
-0.391453	0.0610518
-0.438943	0.0499816
-0.427715	0.0475975
-0.435358	0.0400414
-0.359165	0.0494649
-0.349561	0.0407709
-0.312394	0.0591753
-0.421836	0.0471719
-0.449604	0.0378887
-0.443915	0.0440023
-0.433975	0.0395636
-0.388754	0.0432353
-0.380932	0.0536872
-0.448796	0.0572931
-0.430632	0.0500861
-0.40062	0.0374888
-0.477524	0.044048
-0.46774	0.0464364
-0.4817	0.0554428
-0.49259	0.0448538
-0.525692	0.0519568
-0.483927	0.0642433
-0.438708	0.0527181
-0.463909	0.0393975
-0.409151	0.0464274
-0.410742	0.0622728
-0.438848	0.0470475
-0.478361	0.0385562
-0.474836	0.0533208
-0.455311	0.0426279
-0.46358	0.0525649
-0.476318	0.0565259
-0.480674	0.0442721
-0.471688	0.0403244
-0.430297	0.0664546
-0.401824	0.0493968
-0.373444	0.0447937
-0.360038	0.035394
-0.38251	0.0389152
-0.374804	0.0524695
-0.410694	0.0472917
-0.452233	0.0493016
-0.479355	0.039253
-0.438857	0.0476055
-0.444229	0.0505347
-0.447393	0.0446032
-0.377836	0.0389312
-0.4543	0.0437551
-0.447586	0.0461494
-0.431793	0.0506486
-0.456059	0.0453152
-0.380637	0.0490557
-0.434762	0.0422578
-0.493871	0.0544463
-0.462543	0.0487164
-0.483079	0.0403614
-0.42565	0.0436605
-0.387897	0.0415768
-0.312607	0.0534381
-0.36657	0.0479334
-0.376269	0.0495564
-0.442175	0.048005
-0.437062	0.0539677
-0.444388	0.0456199
-0.396282	0.0439515
-0.355571	0.0450908
-0.367915	0.0475745
-0.350021	0.0510829
-0.374065	0.0489697
-0.372285	0.0451465
-0.323721	0.0578688
-0.376997	0.0538758
-0.394652	0.0427092
-0.412368	0.040559
-0.371761	0.0433767
-0.356872	0.0462605
-0.318803	0.0562698
-0.431385	0.0567175
-0.379773	0.0576513
-0.364054	0.0580213
-0.358852	0.0583905
-0.394032	0.0519892
-0.354607	0.0455505
-0.331025	0.0638172
-0.354218	0.0507309
-0.412068	0.0527449
-0.416114	0.0615716
-0.413921	0.053333
-0.387113	0.0470919
-0.411314	0.0488417
-0.40531	0.0421857
-0.431593	0.0425201
-0.459667	0.0481688
-0.414656	0.0522729
-0.440971	0.0552067
-0.405746	0.0483658
-0.424381	0.0565822
-0.413813	0.0574757
-0.389238	0.0405818
-0.371455	0.0563505
-0.467643	0.0451336
-0.385975	0.0478395
-0.454098	0.0470944
-0.408713	0.0406877
-0.372789	0.0496988
-0.43086	0.0479952
-0.394615	0.071985
-0.415053	0.0549754
-0.442155	0.057815
-0.491369	0.0557138
-0.388174	0.0641681
-0.430508	0.0502108
-0.449113	0.0461032
-0.434588	0.0551132
-0.421073	0.0571153
-0.430592	0.059984
-0.49489	0.0421788
-0.463655	0.0604461
-0.406428	0.0589666
-0.379512	0.0503215
-0.327945	0.0545703
-0.271534	0.0646436
-0.30342	0.0645213
-0.395595	0.0590509
-0.469331	0.0485308
-0.508576	0.0422855
-0.515995	0.03859
-0.46096	0.0463126
-0.408107	0.0505605
-0.379133	0.0498787
-0.332108	0.0626615
-0.398114	0.0491458
-0.40506	0.0409295
-0.39772	0.0423725
-0.413037	0.0486907
-0.463004	0.0411852
-0.438971	0.0397609
-0.399488	0.0407178
-0.388009	0.0494795
-0.397319	0.0537032
-0.482844	0.0456909
-0.503524	0.0418974
-0.410168	0.0348578
-0.37865	0.0503154
-0.326263	0.0565792
-0.336414	0.0395326
-0.352773	0.0414145
-0.363047	0.0508081
-0.414196	0.0436414
-0.352841	0.0607635
-0.396119	0.0467848
-0.404628	0.0476504
-0.366155	0.0435725
-0.342805	0.0593748
-0.372631	0.0591008
-0.386296	0.0480801
-0.377798	0.0436185
-0.429843	0.040779
-0.439531	0.057497
-0.50642	0.0453179
-0.436406	0.0539125
-0.461658	0.051287
-0.407218	0.0635095
-0.469915	0.0487734
-0.444981	0.045632
-0.47196	0.0355685
-0.565009	0.0445123
-0.515831	0.041334
-0.491598	0.0510181
-0.427264	0.0543692
-0.416069	0.0442614
-0.37159	0.0553399
-0.404163	0.0547593
-0.40357	0.0577789
-0.410613	0.0462271
-0.442566	0.0421938
-0.380846	0.0485734
-0.358402	0.0387378
-0.412205	0.038803
-0.406897	0.0488011
-0.385554	0.050399
-0.409597	0.0469136
-0.374169	0.0420584
-0.363722	0.0609215
-0.32301	0.0588097
-0.371668	0.0370739
-0.414123	0.0389203
-0.434249	0.0435762
-0.389304	0.045461
-0.389401	0.0549876
-0.348162	0.0510249
-0.412845	0.035694
-0.369856	0.0466155
-0.33471	0.0483493
-0.331002	0.0460324
-0.417356	0.0574915
-0.414765	0.0793429
-0.47075	0.0732557
-0.475819	0.0576504
-0.494454	0.05183
-0.487395	0.0431481
-0.522927	0.0523373
-0.487458	0.0461193
-0.53526	0.0500842
-0.591365	0.0359407
-0.521792	0.0471069
-0.46313	0.0421952
-0.475661	0.0438236
-0.421283	0.0440663
-0.428685	0.0529233
-0.447991	0.0547251
-0.433147	0.0436114
-0.395695	0.0415359
-0.405123	0.0473294
-0.401851	0.0486742
-0.455396	0.0450315
-0.513866	0.0414574
-0.525654	0.0408731
-0.462636	0.0501522
-0.439684	0.0459024
-0.46676	0.0516993
-0.454879	0.0440421
-0.432586	0.0506391
-0.477675	0.0405666
-0.494393	0.0416713
-0.513122	0.0406583
-0.433179	0.0536376
-0.420714	0.0600672
-0.416914	0.0504553
-0.377821	0.0475754
-0.396633	0.0536166
-0.370092	0.0513689
-0.425183	0.0440849
-0.448578	0.037728
-0.424943	0.0466387
-0.384156	0.0404793
-0.362674	0.0438027
-0.341711	0.0591574
-0.360582	0.0516123
-0.37266	0.0511319
-0.366067	0.0561795
-0.316987	0.0665747
-0.372238	0.0464435
-0.382776	0.0391868
-0.35423	0.0525247
-0.353523	0.0473442
-0.382864	0.0505164
-0.331844	0.04112
-0.381982	0.0521035
-0.348917	0.049943
-0.324682	0.0609231
-0.392709	0.0452752
-0.381951	0.0461557
-0.412219	0.059712
-0.387441	0.0587783
-0.370452	0.0623581
-0.393121	0.0461178
-0.35683	0.0441796
-0.421246	0.0410602
-0.398147	0.0609124
-0.409212	0.0502819
-0.351735	0.0587185
-0.445927	0.0388643
-0.532173	0.0353208
-0.44804	0.0399596
-0.472052	0.0361764
-0.468232	0.0393927
-0.438641	0.0427875
-0.475011	0.055795
-0.455291	0.0477672
-0.456159	0.0343865
-0.424718	0.035505
-0.380944	0.0391604
-0.418746	0.0385042
-0.432689	0.0485452
-0.439276	0.0393852
-0.439715	0.0389767
-0.434673	0.0511988
-0.40529	0.0699342
-0.516701	0.0497117
-0.450461	0.0457064
-0.390206	0.0471894
-0.427031	0.0491526
-0.471802	0.0591531
-0.449098	0.0602275
-0.498892	0.049553
-0.460045	0.0481978
-0.410062	0.0463419
-0.426971	0.0484775
-0.405963	0.0367675
-0.368515	0.0405121
-0.382635	0.0541653
-0.33468	0.0432445
-0.304209	0.0510743
-0.28918	0.0518603
-0.314391	0.0531529
-0.400429	0.0431263
-0.354469	0.0511352
-0.313502	0.0656573
-0.369282	0.0434226
-0.343755	0.0490339
-0.399246	0.0538352
-0.385069	0.04682
-0.374725	0.0552643
-0.450411	0.0531532
-0.472249	0.0536162
-0.497967	0.0431678
-0.427474	0.0502117
-0.419931	0.0444425
-0.400046	0.0468299
-0.371676	0.0461108
-0.358074	0.0541103
-0.427281	0.0509234
-0.398648	0.0607598
-0.397548	0.0649018
-0.40884	0.0586604
-0.42115	0.045568
-0.41891	0.0428404
-0.437674	0.0447119
-0.427554	0.041419
-0.362348	0.0601042
-0.367374	0.0442238
-0.406932	0.0486214
-0.381465	0.0581495
-0.378477	0.049814
-0.352335	0.0396642
-0.385258	0.0400981
-0.405973	0.0540494
-0.546363	0.0560099
-0.566551	0.0475809
-0.494225	0.049582
-0.421887	0.0550023
-0.421696	0.0454634
-0.447734	0.0532364
-0.492956	0.041392
-0.370901	0.048445
-0.347624	0.0493131
-0.379962	0.0483778
-0.391364	0.0476911
-0.486899	0.0401315
-0.413036	0.0398276
-0.375044	0.0460138
-0.358512	0.0453588
-0.406566	0.0402231
-0.39325	0.0387294
-0.347256	0.047863
-0.311513	0.0589222
-0.342255	0.0460694
-0.395581	0.0421981
-0.376427	0.0544194
-0.427928	0.0443833
-0.445811	0.0565513
-0.438354	0.0457135
-0.378685	0.0414329
-0.48118	0.0346059
-0.436222	0.0696653
-0.391115	0.0630459
-0.455245	0.0377576
-0.448919	0.0533997
-0.465131	0.0548911
-0.500034	0.0467181
-0.511316	0.0440591
-0.376256	0.0605131
-0.439595	0.0453236
-0.447177	0.0381666
-0.458701	0.0349303
-0.452499	0.0482422
-0.373121	0.0643058
-0.388115	0.0641361
-0.38436	0.0624701
-0.468136	0.0553024
-0.456068	0.04944
-0.452469	0.0481753
-0.352225	0.0539417
-0.416018	0.0470387
-0.428854	0.057675
-0.422443	0.0553256
-0.381968	0.0537785
-0.35915	0.0417261
-0.439695	0.0427575
-0.418882	0.0561384
-0.453218	0.0522303
-0.348533	0.050919
-0.345394	0.0528784
-0.307902	0.0649544
-0.319655	0.0558591
-0.423452	0.0660547
-0.40355	0.0556048
-0.450677	0.0585957
-0.523192	0.0493039
-0.509471	0.0507054
-0.413654	0.0546467
-0.416993	0.0520745
-0.413019	0.0439272
-0.406282	0.0447814
-0.397921	0.0493507
-0.388137	0.0396987
-0.470882	0.0431351
-0.449652	0.0743173
-0.448923	0.0660941
-0.422685	0.0489012
-0.432834	0.0384173
-0.405148	0.0395551
-0.372414	0.0518271
-0.353485	0.0416784
-0.375536	0.0438997
-0.429723	0.0377137
-0.363519	0.0435475
-0.346224	0.0505999
-0.356478	0.03978
-0.349941	0.0504467
-0.37028	0.0428653
-0.363618	0.037459
-0.338979	0.0423406
-0.354818	0.0451248
-0.416516	0.0475531
-0.408737	0.0540982
-0.420451	0.0515274
-0.427744	0.0376688
-0.467897	0.0444698
-0.449794	0.039907
-0.392594	0.0467631
-0.463534	0.0391353
-0.43256	0.0464676
-0.519936	0.0329352
-0.486291	0.0390819
-0.482317	0.0347532
-0.458921	0.0410211
-0.374329	0.0583816
-0.401136	0.058321
-0.350048	0.049757
-0.429282	0.0350984
-0.436769	0.0326538
-0.453001	0.038103
-0.435668	0.0394321
-0.444114	0.0432089
-0.353939	0.0500616
-0.380645	0.0458295
-0.364925	0.0414938
-0.399711	0.0551532
-0.375122	0.066341
-0.407655	0.0554159
-0.403614	0.0521989
-0.332972	0.0457349
-0.321426	0.0515999
-0.387813	0.0524863
-0.314315	0.044365
-0.460476	0.0446318
-0.466541	0.0458186
-0.454284	0.0480652
-0.513252	0.0334169
-0.473216	0.0463339
-0.41805	0.0515562
-0.428507	0.0448255
-0.425913	0.0497678
-0.423192	0.0403121
-0.405724	0.0531982
-0.436246	0.0464996
-0.443751	0.0366721
-0.409316	0.0477676
-0.488997	0.0434167
-0.495121	0.0374972
-0.487903	0.0419939
-0.537094	0.0471953
-0.533456	0.0617549
-0.455408	0.0511385
-0.534793	0.0382596
-0.49136	0.0436253
-0.551622	0.0473757
-0.561045	0.0440065
-0.616387	0.0464592
-0.499651	0.0461006
-0.50271	0.0465385
-0.527056	0.062786
-0.47704	0.0536921
-0.470904	0.0510561
-0.411355	0.0452217
-0.433314	0.0518922
-0.446761	0.0496677
-0.480579	0.0511785
-0.451997	0.0414957
-0.453587	0.0380027
-0.382435	0.0460775
-0.41078	0.0581388
-0.440029	0.0458379
-0.356313	0.0453961
-0.374829	0.0615892
-0.398701	0.0644547
-0.411294	0.0532811
-0.377418	0.0507736
-0.356151	0.0595734
-0.405586	0.0431258
-0.439592	0.0446587
-0.483211	0.0427879
-0.39479	0.0520092
-0.41653	0.0353971
-0.412814	0.0434401
-0.388176	0.0360348
-0.354228	0.0435515
-0.363096	0.0438842
-0.389185	0.0535002
-0.449831	0.0471783
-0.416458	0.0423193
-0.396068	0.033935
-0.452946	0.0486703
-0.435242	0.0360527
-0.404311	0.0446507
-0.362008	0.0397774
-0.361345	0.0436427
-0.336915	0.0585943
-0.358512	0.047013
-0.432562	0.0412133
-0.503973	0.038295
-0.483584	0.0420309
-0.479609	0.0435103
-0.388153	0.0536429
-0.374944	0.0387955
-0.401192	0.039932
-0.476292	0.0545441
-0.543675	0.0574827
-0.471458	0.052161
-0.378766	0.0529721
-0.381808	0.0481163
-0.424099	0.0387131
-0.488218	0.0455419
-0.449135	0.0438811
-0.426667	0.0396196
-0.401759	0.0397823
-0.385566	0.0410207
-0.436366	0.0442148
-0.435712	0.053125
-0.433275	0.0421407
-0.410578	0.0424775
-0.394985	0.0558076
-0.44034	0.0516729
-0.423675	0.0528188
-0.369975	0.0519603
-0.42146	0.0415406
-0.396762	0.0523952
-0.400094	0.0491824
-0.405902	0.0393278
-0.440341	0.0505535
-0.421605	0.0373245
-0.426384	0.0440549
-0.363771	0.0634125
-0.387663	0.0516328
-0.360302	0.0520134
-0.375184	0.0429171
-0.374145	0.0459799
-0.325867	0.061319
-0.311909	0.0566738
-0.409857	0.0436272
-0.387281	0.0418632
-0.399431	0.0508846
-0.386807	0.0535798
-0.388647	0.0455614
-0.408178	0.0514953
-0.41212	0.0417382
-0.356795	0.0466857
-0.347104	0.0447559
-0.390147	0.0375894
-0.400191	0.0365106
-0.370279	0.048178
-0.416088	0.0556167
-0.45291	0.0500428
-0.422278	0.0557281
-0.434435	0.0548437
-0.442266	0.0511433
-0.371671	0.0431241
-0.383541	0.0404262
-0.432895	0.0498012
-0.410872	0.0538866
-0.427218	0.0594399
-0.409043	0.0390648
-0.392038	0.0403659
-0.390366	0.0361019
-0.404415	0.0441136
-0.390872	0.0510899
-0.318643	0.0535127
-0.314805	0.0535077
-0.38489	0.0569311
-0.430679	0.0428323
-0.397692	0.0461003
-0.380964	0.040389
-0.370896	0.0506803
-0.374633	0.0473572
-0.414182	0.0530039
-0.361476	0.0422692
-0.404019	0.0450021
-0.437166	0.0456191
-0.476321	0.0401216
-0.41618	0.0480778
-0.423372	0.045354
-0.388671	0.0439738
-0.36756	0.0463646
-0.390882	0.0573514
-0.43974	0.0491799
-0.448214	0.0441241
-0.438991	0.0660167
-0.507733	0.0581724
-0.573591	0.044129
-0.490888	0.0439855
-0.42689	0.0506336
-0.418776	0.0440746
-0.449811	0.0500567
-0.436506	0.0529598
-0.468686	0.0504025
-0.43598	0.0459312
-0.544131	0.0447621
-0.488717	0.0512834
-0.480372	0.0406046
-0.458844	0.0435926
-0.42829	0.0629728
-0.428196	0.0467844
-0.425034	0.0455651
-0.408282	0.0509874
-0.472858	0.0442926
-0.553631	0.0369478
-0.572384	0.0390266
-0.449828	0.0390012
-0.424896	0.0513606
-0.400322	0.0540929
-0.381233	0.045756
-0.470469	0.0358283
-0.508929	0.0373944
-0.502656	0.0389072
-0.570259	0.0305023
-0.475274	0.0346824
-0.496727	0.0511055
-0.387797	0.0696877
-0.358226	0.0619372
-0.360645	0.0523612
-0.408273	0.0521104
-0.424867	0.0471171
-0.458554	0.0443583
-0.437072	0.0407631
-0.445591	0.0528366
-0.420229	0.0508522
-0.398885	0.0601045
-0.364413	0.0631296
-0.408109	0.047692
-0.435398	0.0375104
-0.430499	0.0440194
-0.438438	0.044934
-0.428172	0.0408275
-0.536497	0.0453917
-0.582809	0.0408644
-0.480863	0.0405909
-0.584718	0.0322795
-0.569545	0.0512469
-0.645869	0.0405624
-0.605057	0.0485193
-0.493667	0.0392052
-0.526802	0.0356121
-0.565234	0.0331262
-0.557094	0.0544534
-0.526063	0.0557641
-0.459993	0.0683262
-0.47919	0.0457248
-0.49458	0.0521752
-0.5125	0.0482536
-0.463708	0.0467917
-0.585111	0.0403845
-0.506462	0.0495325
-0.506093	0.0520897
-0.449766	0.0481231
-0.42644	0.0468205
-0.357784	0.0547346
-0.384846	0.0609611
-0.400529	0.0492142
-0.460536	0.0448311
-0.361398	0.0512206
-0.293132	0.0833013
-0.415795	0.0552553
-0.408351	0.0473863
-0.402926	0.045366
-0.381354	0.0464113
-0.371228	0.0453338
-0.41717	0.0452248
-0.414926	0.0652744
-0.395845	0.0568543
-0.355935	0.0531779
-0.342975	0.0657981
-0.371365	0.0585624
-0.373681	0.0708279
-0.420375	0.05695
-0.501677	0.0387399
-0.481595	0.0349243
-0.49858	0.0463803
-0.510695	0.0420915
-0.534486	0.0359928
-0.526827	0.0340566
-0.514116	0.0345335
-0.419634	0.0488029
-0.461409	0.0423128
-0.486568	0.0609439
-0.448034	0.0537824
-0.401966	0.05689
-0.321126	0.0501821
-0.32757	0.042878
-0.416068	0.0484228
-0.387047	0.0507484
-0.362284	0.0629635
-0.35272	0.063707
-0.331988	0.0702962
-0.438573	0.0522261
-0.418479	0.0370491
-0.335207	0.042367
-0.327974	0.0478108
-0.356474	0.0559164
-0.335008	0.0480694
-0.382885	0.0474068
-0.431576	0.0460354
-0.468044	0.044276
-0.47767	0.0515123
-0.414454	0.0522008
-0.426121	0.037446
-0.387754	0.0380317
-0.474436	0.0547065
-0.532456	0.0405801
-0.425274	0.0602854
-0.45311	0.0421519
-0.407595	0.0501404
-0.429013	0.0486213
-0.396688	0.0401281
-0.394396	0.0490666
-0.441732	0.0599919
-0.429007	0.0587338
-0.408083	0.0534889
-0.379092	0.0622137
-0.415309	0.0441313
-0.398948	0.0464824
-0.394984	0.0394242
-0.415364	0.0424504
-0.408118	0.0536202
-0.376074	0.0411256
-0.348709	0.048274
-0.392068	0.0497522
-0.403475	0.0384961
-0.393123	0.0440896
-0.351879	0.0400721
-0.396032	0.0468014
-0.410702	0.0532362
-0.438152	0.0431953
-0.436428	0.0472333
-0.500817	0.0379352
-0.444456	0.0471751
-0.490581	0.0549542
-0.467069	0.0552659
-0.443588	0.0564517
-0.41855	0.048046
-0.427639	0.0492576
-0.427692	0.0451167
-0.352032	0.044919
-0.371478	0.0638897
-0.394519	0.0484359
-0.400588	0.043153
-0.41593	0.0462096
-0.364424	0.0578181
-0.466904	0.0523937
-0.40812	0.0474573
-0.395205	0.03679
-0.427973	0.0461898
-0.366105	0.0399233
-0.404085	0.035509
-0.348724	0.0434017
-0.332921	0.0567113
-0.362615	0.0387426
-0.313009	0.0493607
-0.349609	0.0445048
-0.316776	0.0471831
-0.342365	0.055729
-0.264559	0.0729312
-0.367397	0.0400204
-0.417479	0.0459549
-0.430447	0.0412632
-0.431324	0.0525627
-0.539537	0.0446277
-0.461013	0.0445153
-0.457589	0.0481267
-0.413312	0.0462383
-0.385246	0.0595729
-0.403806	0.0525193
-0.358627	0.0555096
-0.402261	0.0537031
-0.369955	0.0641328
-0.410231	0.0572578
-0.381535	0.0490373
-0.324918	0.0468367
-0.391607	0.0565159
-0.393687	0.0578431
-0.383235	0.0500342
-0.319475	0.0492109
-0.397163	0.049198
-0.384597	0.0498792
-0.42463	0.0440911
-0.455512	0.0448411
-0.498028	0.042671
-0.450221	0.0566076
-0.425623	0.0404656
-0.454785	0.0411736
-0.426226	0.0533549
-0.378818	0.0529286
-0.363765	0.0493111
-0.48999	0.0491087
-0.460026	0.0497213
-0.474366	0.0416544
-0.454528	0.0430294
-0.474972	0.0435845
-0.441527	0.0498842
-0.451522	0.0373309
-0.462208	0.0594316
-0.388632	0.0557552
-0.381024	0.0463034
-0.417213	0.0457535
-0.387016	0.0460178
-0.46366	0.0417656
-0.400329	0.0452366
-0.389177	0.0410329
-0.344217	0.0539453
-0.397357	0.0585921
-0.394597	0.0616332
-0.425116	0.055394
-0.449717	0.0475722
-0.407801	0.0639322
-0.410448	0.0586069
-0.384831	0.0645518
-0.390696	0.0579191
-0.345546	0.0493783
-0.410767	0.0627487
-0.437464	0.049328
-0.44075	0.0479652
-0.43669	0.0507171
-0.46671	0.0404105
-0.410608	0.041415
-0.457259	0.0399246
-0.465082	0.0363193
-0.428733	0.0365485
-0.482997	0.0465377
-0.413549	0.0501038
-0.430665	0.0475286
-0.379929	0.0533886
-0.380866	0.0483855
-0.336913	0.04012
-0.35491	0.039912
-0.38878	0.0407017
-0.40557	0.0404858
-0.372025	0.045883
-0.380728	0.0492243
-0.404651	0.0465432
-0.419564	0.053241
-0.402802	0.0474688
-0.391139	0.0424884
-0.38945	0.0543889
-0.461606	0.0424349
-0.420681	0.0521924
-0.431054	0.0465512
-0.48403	0.0427633
-0.415057	0.0457472
-0.434805	0.0595463
-0.393438	0.0573819
-0.424393	0.0571303
-0.467137	0.0447251
-0.459441	0.0516347
-0.482519	0.0461954
-0.5	0.0612777
-0.527046	0.0353335
-0.443344	0.044479
-0.379273	0.0570526
-0.46885	0.0520115
-0.422828	0.0396151
-0.438243	0.0416195
-0.451512	0.0464622
-0.460298	0.0420771
-0.401933	0.0550077
-0.396921	0.0456013
-0.427325	0.046722
-0.405012	0.0503942
-0.455871	0.0629324
-0.480957	0.0416269
-0.391966	0.0528054
-0.29063	0.055565
-0.332332	0.048272
-0.367575	0.0703836
-0.378866	0.0431675
-0.388616	0.0534058
-0.379011	0.0456019
-0.406117	0.0475289
-0.427804	0.050078
-0.481429	0.0437018
-0.428788	0.0451485
-0.418137	0.0418814
-0.392284	0.0484862
-0.410544	0.0462079
-0.401769	0.0413748
-0.368978	0.0452872
-0.381817	0.042261
-0.388572	0.0391331
-0.389189	0.0443584
-0.384726	0.0521085
-0.395318	0.0393792
-0.364658	0.0442944
-0.406134	0.0585019
-0.426971	0.0480062
-0.417598	0.048717
-0.402477	0.0464073
-0.475558	0.0427326
-0.440282	0.0488818
-0.436746	0.0574796
-0.425826	0.0615583
-0.389486	0.0515213
-0.4289	0.0445442
-0.412519	0.0445724
-0.406591	0.0459203
-0.337879	0.061088
-0.323931	0.0798839
-0.410352	0.0460751
-0.340913	0.0479402
-0.35278	0.061178
-0.348072	0.0495557
-0.349029	0.0429257
-0.327822	0.0493139
-0.281914	0.0625843
-0.37215	0.0610741
-0.332392	0.0503983
-0.377638	0.0434977
-0.373295	0.0484647
-0.376979	0.0524788
-0.397122	0.0533278
-0.404948	0.0417459
-0.405489	0.0410993
-0.377033	0.0393907
-0.411161	0.040498
-0.364442	0.0436691
-0.424246	0.0455667
-0.391747	0.0629743
-0.390986	0.0627359
-0.418763	0.0418341
-0.381017	0.054616
-0.447487	0.0404391
-0.409458	0.0518529
-0.421579	0.047196
-0.44336	0.0588415
-0.495366	0.046528
-0.525507	0.0399283
-0.536895	0.0400652
-0.536737	0.0529979
-0.459742	0.0589696
-0.446026	0.05929
-0.449506	0.0515137
-0.426698	0.0519807
-0.397338	0.0463968
-0.397046	0.0366139
-0.31684	0.0545239
-0.450034	0.0522085
-0.44942	0.038594
-0.354864	0.0633258
-0.373182	0.0474571
-0.366509	0.0457159
-0.284096	0.0690829
-0.330238	0.0541484
-0.388833	0.0537246
-0.397414	0.0530947
-0.360177	0.068129
-0.350225	0.0412453
-0.424643	0.046523
-0.402847	0.0547
-0.369133	0.0459421
-0.37154	0.0481732
-0.32999	0.06008
-0.439128	0.0380281
-0.443431	0.0451622
-0.388849	0.0446106
-0.364382	0.0536084
-0.314753	0.0437401
-0.286399	0.0477379
-0.295617	0.0498829
-0.375728	0.0376772
-0.393233	0.0405299
-0.428866	0.0574081
-0.421386	0.0364496
-0.493839	0.0324754
-0.487225	0.0397888
-0.48505	0.0568676
-0.441479	0.0721063
-0.512602	0.0738806
-0.518667	0.0579075
-0.48685	0.0560676
-0.485318	0.0564003
-0.4971	0.0569363
-0.522141	0.0572254
-0.494363	0.0474896
-0.44258	0.0453186
-0.414652	0.0400787
-0.44669	0.0638501
-0.424353	0.0560216
-0.422476	0.0516002
-0.435932	0.0378169
-0.395407	0.0510287
-0.351305	0.0572785
-0.444841	0.0384791
-0.441131	0.0530767
-0.383491	0.0605143
-0.46979	0.046598
-0.457412	0.0590027
-0.450722	0.0539181
-0.430717	0.0592949
-0.475266	0.0555635
-0.427771	0.0454238
-0.403302	0.0548776
-0.408478	0.0544992
-0.402378	0.0626721
-0.366855	0.0605542
-0.41625	0.0507124
-0.408661	0.0513353
-0.348001	0.0423888
-0.381166	0.0458188
-0.332541	0.0494316
-0.379034	0.0452559
-0.381256	0.0668687
-0.38651	0.0621986
-0.388584	0.0538703
-0.355101	0.0480464
-0.398196	0.0568859
-0.386802	0.0485673
-0.426449	0.0600759
-0.469879	0.0456036
-0.45529	0.0417985
-0.421082	0.0518599
-0.401776	0.0371009
-0.320972	0.053712
-0.38807	0.0449909
-0.382747	0.0449746
-0.367232	0.0400651
-0.328672	0.0498557
-0.412512	0.0471359
-0.39222	0.0677826
-0.406417	0.0571303
-0.456248	0.0456804
-0.447473	0.0505997
-0.369574	0.044468
-0.427927	0.0446349
-0.401654	0.0517472
-0.489301	0.0449304
-0.435365	0.0569222
-0.349869	0.0541318
-0.490356	0.0521325
-0.514539	0.0443478
-0.476857	0.0533348
-0.418455	0.0465204
-0.480163	0.0364536
-0.408635	0.0461487
-0.436913	0.0393068
-0.384887	0.0497524
-0.423467	0.050133
-0.387555	0.0369701
-0.337518	0.0619097
-0.310133	0.0775473
-0.395913	0.0483053
-0.425927	0.0404348
-0.382657	0.0437888
-0.340166	0.0472768
-0.3631	0.0387467
-0.375073	0.0452905
-0.350483	0.0592099
-0.423582	0.068299
-0.438172	0.0480348
-0.457204	0.0604199
-0.405858	0.0587681
-0.454083	0.0532211
-0.433965	0.0520644
-0.429997	0.053906
-0.408351	0.0639866
-0.399771	0.0545965
-0.291953	0.0521235
-0.361923	0.0615558
-0.395495	0.0526505
-0.362994	0.0464882
-0.410781	0.0396326
-0.427779	0.0506671
-0.431212	0.0428566
-0.369349	0.0776207
-0.367142	0.0547585
-0.398996	0.0530585
-0.450917	0.0583728
-0.498632	0.0536154
-0.462761	0.0527703
-0.523804	0.0573333
-0.470542	0.0645451
-0.417261	0.0446584
-0.374171	0.0430297
-0.409426	0.0449932
-0.426302	0.0608229
-0.444783	0.046293
-0.427861	0.0544455
-0.41562	0.0523915
-0.425453	0.0552556
-0.380058	0.0403757
-0.363234	0.0636972
-0.38718	0.0598495
-0.369309	0.0604949
-0.378058	0.0455952
-0.364764	0.0455443
-0.365524	0.0489067
-0.408082	0.0504385
-0.419991	0.0521526
-0.490331	0.0500061
-0.446133	0.0557008
-0.438573	0.0623047
-0.47471	0.0475933
-0.425485	0.043157
-0.417794	0.05122
-0.446162	0.0493768
-0.393913	0.0497227
-0.378134	0.0457379
-0.400717	0.0421137
-0.422524	0.0492533
-0.40895	0.0638189
-0.456898	0.0529167
-0.428668	0.0492372
-0.346808	0.0547501
-0.38562	0.0456224
-0.421174	0.0490818
-0.451982	0.0557777
-0.396064	0.0445405
-0.427412	0.0393513
-0.417175	0.0513829
-0.411745	0.0506829
-0.481747	0.0486404
-0.490394	0.0542174
-0.391575	0.0399317
-0.404588	0.0412325
-0.465049	0.0465105
-0.422891	0.050913
-0.437163	0.0444656
-0.502084	0.0414607
-0.437894	0.0560907
-0.360919	0.0535361
-0.335725	0.0608527
-0.383672	0.0585306
-0.409617	0.041393
-0.372537	0.0552303
-0.428477	0.0448605
-0.403322	0.0468658
-0.372111	0.0646418
-0.357915	0.0583669
-0.449947	0.0582749
-0.470311	0.0603496
-0.433121	0.0538592
-0.398575	0.0553435
-0.347075	0.0503055
-0.328707	0.0533342
-0.315723	0.0441959
-0.358425	0.0412033
-0.348267	0.0443053
-0.321622	0.0479092
-0.32675	0.0539639
-0.348789	0.0476222
-0.437822	0.054515
-0.496071	0.0543378
-0.348908	0.0668573
-0.435499	0.0456727
-0.460854	0.0377895
-0.404609	0.0496865
-0.389375	0.0521352
-0.362383	0.0629869
-0.431892	0.0498061
-0.367412	0.0607677
-0.326593	0.0479017
-0.360657	0.0590035
-0.320749	0.0632192
-0.346526	0.04664
-0.368799	0.0527718
-0.338145	0.0434036
-0.337296	0.053908
-0.275394	0.0504564
-0.329402	0.0472382
-0.414974	0.0435616
-0.349479	0.0538084
-0.324514	0.0518519
-0.326674	0.0498711
-0.403437	0.0625697
-0.451403	0.0512123
-0.397187	0.0479382
-0.466189	0.0470505
-0.404325	0.0425096
-0.385761	0.0491896
-0.357973	0.0416841
-0.398973	0.0514558
-0.36906	0.0521239
-0.391955	0.0380772
-0.378524	0.0393249
-0.316447	0.0571978
-0.356174	0.0555146
-0.306885	0.0547907
-0.315454	0.0681806
-0.325116	0.0514561
-0.386494	0.0634499
-0.396418	0.055221
-0.382209	0.0631041
-0.332209	0.0476593
-0.344895	0.0542985
-0.336303	0.0450138
-0.332531	0.0528948
-0.349617	0.0486683
-0.404898	0.0464383
-0.424308	0.0521338
-0.378697	0.0449312
-0.356907	0.0408714
-0.368737	0.0405276
-0.35807	0.054545
-0.344934	0.0687101
-0.315884	0.0653176
-0.338439	0.0653245
-0.391363	0.0448399
-0.436771	0.0399953
-0.392218	0.0345579
-0.422006	0.0368549
-0.407616	0.0468915
-0.426476	0.0487392
-0.446296	0.0416338
-0.465933	0.0421112
-0.426682	0.0414325
-0.404126	0.0487831
-0.306254	0.0594236
-0.331076	0.0428426
-0.379838	0.039972
-0.345694	0.0505748
-0.443066	0.0435309
-0.454487	0.0416344
-0.45414	0.0466072
-0.433665	0.0458375
-0.3882	0.0605058
-0.499718	0.0349015
-0.527101	0.0360032
-0.477692	0.0480229
-0.431748	0.050815
-0.419676	0.0516885
-0.463066	0.0375113
-0.392855	0.0524847
-0.34409	0.042909
-0.382722	0.0531719
-0.427705	0.0478034
-0.389998	0.0519262
-0.367286	0.0585902
-0.449936	0.0465816
-0.466631	0.0376548
-0.386049	0.0419261
-0.37233	0.0460405
-0.404189	0.053869
-0.403433	0.0601165
-0.40187	0.0560274
-0.379771	0.0493548
-0.404774	0.0483614
-0.437313	0.0456246
-0.437721	0.0396877
-0.527892	0.0367536
-0.498879	0.0413384
-0.447468	0.0507056
-0.454901	0.0613971
-0.513049	0.0544104
-0.524565	0.0435569
-0.516771	0.0467753
-0.542424	0.0485392
-0.555401	0.0491246
-0.507814	0.0650948
-0.463951	0.0519549
-0.316302	0.0533195
-0.419107	0.0430531
-0.400366	0.0383607
-0.358636	0.0449822
-0.386144	0.0420807
-0.447755	0.0456981
-0.390293	0.0442975
-0.357844	0.0463385
-0.388566	0.0444851
-0.400698	0.0394787
-0.4157	0.0415385
-0.447621	0.0393001
-0.387516	0.0409046
-0.402428	0.0391885
-0.453211	0.0423582
-0.489324	0.0458693
-0.477694	0.0501838
-0.458911	0.0404246
-0.422167	0.0414988
-0.45274	0.0418444
-0.465361	0.0447447
-0.465732	0.0457542
-0.476668	0.0484382
-0.477341	0.0593268
-0.482416	0.0455544
-0.413875	0.0547252
-0.427523	0.0477462
-0.417416	0.0513437
-0.402331	0.0417122
-0.356244	0.0521884
-0.42366	0.0425157
-0.462411	0.0432638
-0.423745	0.0405789
-0.481948	0.0518832
-0.508015	0.0631865
-0.445701	0.0615544
-0.433522	0.0480308
-0.448088	0.0501725
-0.466891	0.0454321
-0.500245	0.0704048
-0.439845	0.0587516
-0.423466	0.0421391
-0.438498	0.0536303
-0.364861	0.058091
-0.361581	0.057686
-0.38011	0.0603297
-0.407905	0.0474616
-0.397734	0.0466694
-0.437503	0.0411745
-0.415824	0.0477759
-0.47462	0.0428668
-0.420603	0.0566377
-0.430131	0.0481279
-0.396329	0.0380747
-0.465071	0.0480498
-0.464558	0.0551204
-0.503075	0.0396219
-0.418775	0.055186
-0.47007	0.0430118
-0.450456	0.0533028
-0.400531	0.0510592
-0.356032	0.0510902
-0.387359	0.0434729
-0.406805	0.0461401
-0.419911	0.0388373
-0.45545	0.0391328
-0.480825	0.0345072
-0.478931	0.0523239
-0.465707	0.0430633
-0.445854	0.043118
-0.442377	0.0444397
-0.479704	0.0402232
-0.490694	0.0384654
-0.403672	0.0399012
-0.447726	0.0413979
-0.448229	0.0543806
-0.380643	0.0550779
-0.406851	0.0713149
-0.381534	0.0611395
-0.406629	0.0461464
-0.440962	0.0438765
-0.436336	0.0466979
-0.356998	0.0589206
-0.418212	0.0459483
-0.371619	0.0440174
-0.32333	0.0483145
-0.374307	0.047326
-0.392507	0.0461399
-0.456892	0.0437913
-0.498349	0.041082
-0.477058	0.0377347
-0.423561	0.0512855
-0.429837	0.0595259
-0.472803	0.0488847
-0.454386	0.0447916
-0.474411	0.0498027
-0.496849	0.0498525
-0.434584	0.0490739
-0.452688	0.0555331
-0.437668	0.0647078
-0.40948	0.0533775
-0.405472	0.0536262
-0.44759	0.0681915
-0.393452	0.0660808
-0.419986	0.0410622
-0.461662	0.0459479
-0.518216	0.0415708
-0.537518	0.031967
-0.52973	0.0473306
-0.471892	0.038555
-0.386075	0.0527657
-0.33486	0.0446329
-0.398409	0.0358024
-0.336885	0.0578613
-0.342533	0.0538935
-0.390312	0.0512993
-0.42308	0.0415442
-0.303997	0.0431122
-0.37798	0.0504617
-0.41457	0.042573
-0.409873	0.0447644
-0.40777	0.0603422
-0.430154	0.0476104
-0.379649	0.0504705
-0.368535	0.0443452
-0.397909	0.0478397
-0.468386	0.0473636
-0.42709	0.0415806
-0.395273	0.0472298
-0.378956	0.034941
-0.408117	0.039269
-0.33546	0.054299
-0.368478	0.0539362
-0.372713	0.0444165
-0.405482	0.0433713
-0.319666	0.0474923
-0.349586	0.0501587
-0.495306	0.0483748
-0.554787	0.0487363
-0.540818	0.0574756
-0.529147	0.0428624
-0.447031	0.0429182
-0.410881	0.0528767
-0.439079	0.0511929
-0.406051	0.0701372
-0.401887	0.0393452
-0.438791	0.04766
-0.464462	0.0395502
-0.409717	0.0452628
-0.389479	0.0502336
-0.419739	0.0405014
-0.438583	0.0481051
-0.403824	0.0327351
-0.451192	0.0347058
-0.511129	0.0391667
-0.489797	0.0416195
-0.447371	0.0401393
-0.371433	0.0463234
-0.400222	0.0610071
-0.368504	0.0448187
-0.413482	0.0493572
-0.505114	0.0534611
-0.421129	0.0600316
-0.387459	0.0497552
-0.399082	0.0424358
-0.344387	0.0600713
-0.342625	0.0473894
-0.364952	0.046484
-0.386518	0.0455594
-0.399259	0.0528181
-0.353883	0.0465498
-0.395156	0.0538865
-0.39147	0.0368817
-0.376437	0.0508894
-0.454324	0.039972
-0.395813	0.0373973
-0.400529	0.042013
-0.377991	0.0529336
-0.367168	0.0398831
-0.359988	0.0396389
-0.3639	0.042398
-0.316435	0.053746
-0.370782	0.0588333
-0.405546	0.0438813
-0.41802	0.048104
-0.441339	0.053339
-0.423495	0.0505574
-0.430037	0.0457766
-0.41473	0.0466999
-0.427087	0.0433752
-0.472603	0.0375322
-0.518098	0.0583393
-0.526697	0.0385799
-0.506262	0.0441828
-0.503669	0.0452468
-0.523702	0.0471223
-0.496437	0.0419888
-0.408548	0.0554959
-0.344746	0.0491125
-0.379008	0.0553269
-0.386134	0.0472303
-0.400772	0.0546021
-0.414501	0.0447379
-0.400807	0.0395968
-0.419923	0.0426383
-0.357479	0.0396555
-0.370941	0.0550802
-0.365406	0.0641765
-0.415241	0.0614884
-0.428465	0.0439017
-0.416469	0.0490972
-0.411119	0.0376479
-0.41867	0.037159
-0.371076	0.0416708
-0.383542	0.0402377
-0.386132	0.04073
-0.382665	0.0386987
-0.364502	0.0442119
-0.376716	0.0578719
-0.377651	0.0494591
-0.372015	0.0596203
-0.372197	0.0589466
-0.386769	0.0553899
-0.394513	0.0428587
-0.420468	0.0492946
-0.389681	0.059621
-0.411304	0.0417625
-0.535436	0.0455861
-0.396654	0.0399778
-0.403867	0.046512
-0.405635	0.0462584
-0.395564	0.0453807
-0.460446	0.0371319
-0.500657	0.040908
-0.512998	0.0413562
-0.494193	0.0464904
-0.429844	0.0517126
-0.49519	0.0457251
-0.480294	0.0472864
-0.48858	0.0388177
-0.493288	0.0449499
-0.409653	0.0412891
-0.43957	0.0584975
-0.456331	0.0418611
-0.477584	0.0439043
-0.456456	0.0510733
-0.436257	0.0527192
-0.370548	0.0593213
-0.465518	0.042293
-0.449773	0.0471747
-0.450906	0.0536689
-0.404349	0.0546538
-0.500632	0.045937
-0.488981	0.059464
-0.475995	0.0530201
-0.364723	0.0483332
-0.38935	0.0454772
-0.396032	0.0486205
-0.37194	0.0403191
-0.315225	0.045131
-0.342481	0.0484677
-0.372074	0.046241
-0.409402	0.0374614
-0.408045	0.0376529
-0.3952	0.0512078
-0.362311	0.0427259
-0.33269	0.043666
-0.357178	0.0508341
-0.37362	0.0492434
-0.410507	0.0551419
-0.374227	0.0431334
-0.34098	0.0444652
-0.367791	0.0499277
-0.36289	0.0430875
-0.358201	0.060078
-0.361392	0.0565242
-0.3724	0.0556285
-0.311221	0.0546485
-0.342049	0.0785965
-0.399051	0.0578057
-0.448643	0.0496418
-0.421798	0.0490095
-0.355374	0.0549666
-0.402136	0.0514255
-0.364513	0.0488761
-0.395407	0.0528863
-0.428321	0.0537537
-0.396319	0.0757361
-0.369269	0.0659575
-0.416451	0.0556385
-0.381003	0.0507174
-0.434248	0.040529
-0.416958	0.0499816
-0.396798	0.0444398
-0.376217	0.0572953
-0.461512	0.0344097
-0.383206	0.05192
-0.374815	0.0552718
-0.326885	0.0565304
-0.398358	0.0514329
-0.382282	0.041207
-0.385123	0.0507117
-0.366965	0.0567548
-0.359686	0.0461342
-0.308452	0.0500334
-0.36057	0.0557333
-0.418341	0.0469698
-0.427883	0.0541688
-0.431948	0.0425465
-0.446039	0.0439682
-0.405375	0.0336673
-0.423504	0.0392766
-0.463785	0.0438013
-0.416819	0.0460496
-0.385942	0.0449842
-0.414723	0.0425692
-0.449828	0.0485559
-0.453447	0.0499986
-0.490333	0.0474588
-0.446963	0.0482489
-0.38534	0.0433433
-0.434512	0.0479627
-0.407754	0.0613193
-0.419216	0.0475663
-0.418826	0.0474385
-0.390198	0.0397871
-0.330875	0.0495102
-0.398994	0.0468403
-0.454859	0.0509571
-0.403143	0.0480172
-0.420954	0.0542091
-0.422987	0.0433479
-0.428265	0.0407573
-0.409617	0.0402596
-0.412558	0.0565686
-0.374678	0.0474998
-0.374813	0.0566223
-0.392228	0.0554176
-0.446067	0.0499791
-0.421063	0.0485691
-0.425352	0.0401937
-0.396713	0.057387
-0.433042	0.0398873
-0.394316	0.0521387
-0.468531	0.0412324
-0.482363	0.0468602
-0.455949	0.0468304
-0.4621	0.0517943
-0.504224	0.0622509
-0.510534	0.0462096
-0.471208	0.0660623
-0.490037	0.0516445
-0.431971	0.0578471
-0.430061	0.0519006
-0.41731	0.0484864
-0.40759	0.0580375
-0.388423	0.0460896
-0.426083	0.0501886
-0.376921	0.0606203
-0.377117	0.0581579
-0.380907	0.0487496
-0.385163	0.0451067
-0.380874	0.0540643
-0.437874	0.0415725
-0.374054	0.059379
-0.354758	0.0753155
-0.461141	0.0407161
-0.494969	0.0470126
-0.441513	0.0378818
-0.475633	0.0462642
-0.416196	0.0515497
-0.439835	0.0630415
-0.389311	0.0561787
-0.321478	0.0490972
-0.34651	0.0581891
-0.340062	0.0635743
-0.406879	0.0511004
-0.385679	0.0445851
-0.3513	0.0461562
-0.352789	0.0577033
-0.363129	0.0676654
-0.414255	0.0456378
-0.418527	0.0400741
-0.413344	0.0594954
-0.395926	0.0447807
-0.381965	0.0494326
-0.386165	0.0483186
-0.455201	0.0509357
-0.423568	0.0489467
-0.398292	0.0576897
-0.420484	0.0586363
-0.417407	0.062029
-0.428614	0.0494392
-0.350724	0.0597225
-0.368445	0.0517561
-0.337501	0.0523659
-0.371395	0.0470252
-0.378499	0.0545611
-0.383399	0.0479424
-0.376093	0.0592783
-0.366678	0.0547415
-0.407623	0.0632127
-0.398015	0.0660297
-0.386588	0.0593586
-0.345995	0.0425124
-0.372124	0.0501404
-0.394992	0.0470587
-0.436965	0.0462469
-0.412693	0.0485995
-0.433764	0.0400558
-0.483264	0.0382233
-0.41881	0.0508793
-0.458931	0.0407054
-0.479474	0.0391149
-0.419216	0.0379793
-0.432721	0.0400825
-0.423152	0.0407406
-0.418249	0.0461285
-0.405915	0.0588517
-0.402415	0.0554118
-0.391761	0.0509882
-0.35368	0.0401923
-0.342357	0.0469916
-0.376783	0.0425505
-0.405836	0.0395508
-0.427536	0.0376602
-0.381607	0.0432875
-0.395698	0.0450874
-0.405805	0.0416027
-0.39399	0.0534558
-0.461784	0.0410793
-0.423068	0.0468077
-0.429621	0.0392513
-0.352626	0.058498
-0.384992	0.045257
-0.488899	0.0448872
-0.445164	0.0430538
-0.403146	0.0453218
-0.454593	0.0452892
-0.361674	0.0459288
-0.365706	0.0373992
-0.387982	0.0481117
-0.446427	0.0446602
-0.450681	0.0540631
-0.481427	0.051227
-0.528425	0.053023
-0.489261	0.0530461
-0.493469	0.0582722
-0.457677	0.0511897
-0.505593	0.0430925
-0.381625	0.0527538
-0.408105	0.045198
-0.445722	0.0509947
-0.480348	0.0402396
-0.433152	0.0647222
-0.431527	0.0512517
-0.401257	0.0606786
-0.388765	0.0486392
-0.380113	0.0651607
-0.407703	0.0544812
-0.376757	0.0564008
-0.441985	0.0481188
-0.470596	0.0395363
-0.508067	0.0378068
-0.513182	0.0413023
-0.43437	0.0589174
-0.453873	0.0473981
-0.452737	0.0386167
-0.472349	0.0327711
-0.375273	0.042135
-0.397922	0.0571754
-0.320959	0.0678498
-0.369549	0.067878
-0.395351	0.0441137
-0.333767	0.0414678
-0.411401	0.0447642
-0.445042	0.0470435
-0.37766	0.0535771
-0.409725	0.0505665
-0.352679	0.046818
-0.404928	0.0403885
-0.389276	0.0402719
-0.388217	0.0458209
-0.360507	0.054206
-0.330313	0.0592041
-0.403175	0.0434962
-0.400322	0.061305
-0.438435	0.04688
-0.430738	0.0615013
-0.324537	0.0576068
-0.365767	0.0510334
-0.387431	0.0548119
-0.357578	0.0771604
-0.419095	0.0508296
-0.403243	0.0579635
-0.474897	0.0527679
-0.432137	0.0528909
-0.384581	0.0572246
-0.334317	0.0498022
-0.340066	0.0447718
-0.305634	0.0412944
-0.303032	0.041254
-0.307398	0.0626426
-0.426785	0.056916
-0.452169	0.0383639
-0.437117	0.0401604
-0.418513	0.0455643
-0.40924	0.0419223
-0.433029	0.0415906
-0.423831	0.0589243
-0.425449	0.0647367
-0.436226	0.0504714
-0.463252	0.0647506
-0.487605	0.0617281
-0.505694	0.0614239
-0.441324	0.0565058
-0.354753	0.0495035
-0.355525	0.0550446
-0.430292	0.0391951
-0.596685	0.036611
-0.596745	0.0454178
-0.539573	0.0480394
-0.546153	0.0476153
-0.446929	0.0596643
-0.463282	0.0530872
-0.514171	0.043054
-0.510336	0.046367
-0.527289	0.049003
-0.508166	0.0364304
-0.517145	0.0360849
-0.54529	0.0499883
-0.527466	0.041566
-0.426603	0.0540835
-0.442543	0.0517303
-0.394685	0.0500475
-0.456408	0.0472722
-0.425904	0.0385459
-0.397453	0.0406675
-0.375789	0.0533449
-0.362104	0.0470635
-0.386046	0.0441068
-0.404553	0.0428946
-0.402455	0.0566739
-0.510514	0.0441711
-0.494792	0.0573713
-0.444457	0.0459812
-0.354424	0.054614
-0.314972	0.0663686
-0.339162	0.0502964
-0.407192	0.0491677
-0.481761	0.0473673
-0.431462	0.0452722
-0.416725	0.0426816
-0.435457	0.0374641
-0.384213	0.0436158
-0.349783	0.0560822
-0.330392	0.048705
-0.318257	0.0660049
-0.348865	0.0473891
-0.364677	0.0357865
-0.343595	0.052167
-0.327216	0.0447678
-0.420621	0.0527176
-0.431968	0.0402979
-0.441428	0.0494983
-0.386468	0.0495823
-0.341612	0.0543955
-0.374395	0.0573078
-0.39483	0.0491188
-0.431704	0.0467248
-0.482751	0.0467735
-0.428676	0.0472358
-0.454965	0.0467157
-0.469131	0.056573
-0.413123	0.0500507
-0.389143	0.0503571
-0.39647	0.0381369
-0.366566	0.0399963
-0.369976	0.0518261
-0.449514	0.0479404
-0.431382	0.0471538
-0.457401	0.0643049
-0.483144	0.0565578
-0.486413	0.0480804
-0.461198	0.0512875
-0.418827	0.0430728
-0.402124	0.0504973
-0.506841	0.0485786
-0.405378	0.0585201
-0.45127	0.0510971
-0.425053	0.058527
-0.387576	0.0505407
-0.426748	0.0531305
-0.444859	0.0459543
-0.408203	0.0644683
-0.442759	0.0591838
-0.406879	0.0395039
-0.388113	0.0395171
-0.360128	0.0402387
-0.350639	0.0563494
-0.395645	0.0420477
-0.321824	0.0496435
-0.331026	0.043302
-0.367579	0.0442449
-0.358766	0.051553
-0.328793	0.0465042
-0.395821	0.0448519
-0.386365	0.0397775
-0.355804	0.0425786
-0.36836	0.0517219
-0.391253	0.0767906
-0.404308	0.0555527
-0.376867	0.0472525
-0.407352	0.0459075
-0.389654	0.054456
-0.370104	0.05995
-0.404557	0.046815
-0.423723	0.0419068
-0.479325	0.0355808
-0.472485	0.0503182
-0.386457	0.0562152
-0.366427	0.0758669
-0.387481	0.0623716
-0.437809	0.0390133
-0.408353	0.0501557
-0.386721	0.040447
-0.483038	0.0448684
-0.454644	0.0396031
-0.472183	0.0523639
-0.469037	0.0605971
-0.461275	0.0486198
-0.446481	0.0500775
-0.46988	0.0433841
-0.419825	0.0566811
-0.419996	0.0568034
-0.355307	0.0568019
-0.438762	0.0417196
-0.432854	0.0563367
-0.476242	0.0540165
-0.468582	0.0427831
-0.44962	0.0449264
-0.468474	0.0506868
-0.511969	0.0420081
-0.4715	0.0410373
-0.426707	0.0445899
-0.45217	0.0429445
-0.501465	0.0538393
-0.413041	0.0493374
-0.471584	0.0438021
-0.478815	0.0416036
-0.486599	0.0381469
-0.507679	0.0467448
-0.537186	0.0480946
-0.580914	0.059325
-0.59865	0.0662515
-0.477099	0.0619018
-0.482904	0.0488572
-0.623673	0.0558226
-0.548588	0.0524741
-0.494967	0.0447174
-0.481775	0.0445857
-0.469782	0.036551
-0.410639	0.0481653
-0.45707	0.0434542
-0.470765	0.0411455
-0.484952	0.0484899
-0.443211	0.0431664
-0.401144	0.0403104
-0.405039	0.0520342
-0.46063	0.0371218
-0.383885	0.0448317
-0.378347	0.0502261
-0.3543	0.0500444
-0.402052	0.0438036
-0.301746	0.0543677
-0.284168	0.0419934
-0.385519	0.0515359
-0.376251	0.0528103
-0.457712	0.0452978
-0.345119	0.0454057
-0.356866	0.048152
-0.403354	0.0499847
-0.454006	0.0365712
-0.392444	0.0469684
-0.372884	0.0535715
-0.383034	0.0525196
-0.425027	0.056839
-0.407941	0.0600377
-0.36059	0.05215
-0.329491	0.0581986
-0.375355	0.0419435
-0.322414	0.0570395
-0.395874	0.0563558
-0.365905	0.0397824
-0.365635	0.0467045
-0.399422	0.0558199
-0.446135	0.0470756
-0.427215	0.0453512
-0.476057	0.0471373
-0.399011	0.0457609
-0.357816	0.0445602
-0.430844	0.0371489
-0.358154	0.0445151
-0.338644	0.0506146
-0.474147	0.0444173
-0.464616	0.0342082
-0.432019	0.043822
-0.457133	0.0505461
-0.457534	0.052084
-0.385393	0.0567728
-0.388464	0.0389156
-0.388041	0.0415205
-0.382708	0.0405536
-0.394855	0.0607092
-0.384822	0.0552504
-0.405962	0.0634525
-0.368747	0.0421383
-0.354307	0.050093
-0.36294	0.0444793
-0.325098	0.0610209
-0.344052	0.0528233
-0.365135	0.0523037
-0.360025	0.0638749
-0.440213	0.0540389
-0.408583	0.0510505
-0.401582	0.0554196
-0.39075	0.0511258
-0.400304	0.0422747
-0.392489	0.0487572
-0.387442	0.0495952
-0.336585	0.0497765
-0.37066	0.0542234
-0.391222	0.0641991
-0.345848	0.0442832
-0.33484	0.0482152
-0.395881	0.0439459
-0.449317	0.0439169
-0.426554	0.0450462
-0.386825	0.054993
-0.403265	0.0691068
-0.34685	0.0691401
-0.383297	0.0438934
-0.345211	0.0471772
-0.329898	0.0517237
-0.34922	0.053153
-0.391838	0.0470161
-0.402469	0.0478274
-0.418965	0.053812
-0.376095	0.0481911
-0.396918	0.0557076
-0.403117	0.0502443
-0.456059	0.0496526
-0.406753	0.0490236
-0.451382	0.0452238
-0.458022	0.0483077
-0.492704	0.0465726
-0.486456	0.0459528
-0.479333	0.0551473
-0.448389	0.0450042
-0.420465	0.0459943
-0.3747	0.0524162
-0.401145	0.0562341
-0.399756	0.0376352
-0.39083	0.0482254
-0.397772	0.0555456
-0.407955	0.0356213
-0.329418	0.0610886
-0.316062	0.0549009
-0.322901	0.0540253
-0.323426	0.0544112
-0.392454	0.0465478
-0.453693	0.044694
-0.36761	0.0458535
-0.40896	0.0437448
-0.435753	0.0421241
-0.424168	0.047161
-0.458904	0.0541114
-0.424752	0.0406312
-0.426418	0.0411953
-0.463365	0.0351313
-0.478429	0.0432988
-0.465513	0.0430827
-0.366233	0.0551581
-0.458918	0.0485838
-0.341768	0.050064
-0.417763	0.0500224
-0.390247	0.0405277
-0.407812	0.0504239
-0.388282	0.0482525
-0.360079	0.051113
-0.34514	0.0742951
-0.355353	0.056673
-0.321129	0.062741
-0.302314	0.0543496
-0.345607	0.0531817
-0.405074	0.0499655
-0.43331	0.0533704
-0.48682	0.046899
-0.441537	0.0416432
-0.380179	0.0448663
-0.397897	0.0499572
-0.412982	0.0374337
-0.366702	0.0612928
-0.422524	0.045612
-0.393905	0.0444875
-0.427424	0.0490662
-0.433314	0.0485307
-0.430298	0.0459842
-0.425391	0.0452321
-0.437438	0.0422983
-0.397545	0.0488087
-0.418319	0.0438268
-0.449754	0.0466794
-0.436127	0.0558059
-0.446286	0.0465179
-0.424021	0.0405548
-0.402784	0.0502602
-0.373657	0.0512276
-0.36463	0.0503081
-0.32223	0.0548956
-0.291377	0.0519032
-0.354548	0.0500812
-0.351245	0.0502751
-0.33548	0.0623404
-0.353195	0.0548393
-0.332189	0.0544258
-0.411146	0.0434888
-0.396328	0.0550227
-0.418914	0.0481449
-0.459831	0.0529668
-0.447804	0.0434437
-0.417613	0.0541439
-0.439212	0.0491568
-0.426358	0.0584693
-0.40564	0.0528032
-0.37365	0.0566089
-0.430767	0.0499256
-0.41762	0.0558821
-0.404424	0.0622452
-0.372366	0.0517157
-0.391694	0.0521216
-0.441568	0.0345615
-0.358529	0.0575973
-0.392051	0.0484342
-0.412896	0.0447715
-0.444575	0.0517925
-0.439159	0.0518199
-0.4272	0.0533354
-0.394793	0.0531924
-0.441875	0.0509166
-0.423426	0.0548809
-0.43045	0.0454149
-0.404674	0.0590206
-0.375978	0.0493028
-0.355529	0.0396779
-0.375868	0.0381462
-0.374954	0.0374112
-0.47681	0.0627204
-0.441644	0.0579459
-0.468341	0.054245
-0.476413	0.0467745
-0.460361	0.0448313
-0.442911	0.0564736
-0.465246	0.045695
-0.372954	0.0627688
-0.360849	0.05895
-0.478846	0.050285
-0.502064	0.0367591
-0.40445	0.0371588
-0.451097	0.0493311
-0.47586	0.0400423
-0.435106	0.0364955
-0.467497	0.0433175
-0.449958	0.0385963
-0.446287	0.0491504
-0.477507	0.0367945
-0.528851	0.0384591
-0.477155	0.0397173
-0.546413	0.0452499
-0.424662	0.0416669
-0.379614	0.041897
-0.407668	0.0372815
-0.447536	0.0424996
-0.436695	0.0532375
-0.440126	0.0569592
-0.453037	0.0468663
-0.408761	0.0399697
-0.407075	0.0463996
-0.484984	0.0446375
-0.438177	0.0486116
-0.425164	0.0597749
-0.40064	0.0657174
-0.372073	0.0491413
-0.356129	0.0586917
-0.386648	0.0515413
-0.442531	0.0399704
-0.477788	0.0419945
-0.386744	0.0511791
-0.428756	0.0409542
-0.50074	0.0541678
-0.525723	0.0436822
-0.504719	0.0492047
-0.46771	0.0470454
-0.492891	0.0448882
-0.469383	0.0349346
-0.511439	0.0411247
-0.428074	0.0312059
-0.367247	0.0367027
-0.38513	0.0472171
-0.396293	0.0424912
-0.384601	0.0471747
-0.369654	0.0530206
-0.422471	0.0449865
-0.368561	0.0390033
-0.392905	0.0519274
-0.37922	0.0490942
-0.405838	0.040696
-0.489309	0.0490669
-0.450096	0.0529102
-0.477582	0.0447774
-0.481021	0.0473144
-0.484514	0.0439024
-0.443227	0.0415153
-0.408152	0.0633412
-0.386965	0.0608896
-0.446455	0.0445993
-0.350452	0.0442066
-0.374249	0.0456449
-0.420338	0.0358194
-0.440209	0.0444493
-0.449566	0.0488757
-0.491496	0.0459327
-0.473894	0.0451792
-0.472408	0.0501171
-0.499415	0.0631645
-0.432079	0.0562837
-0.470061	0.0493917
-0.42689	0.0527413
-0.434399	0.0403775
-0.39361	0.0522638
-0.437415	0.0399458
-0.427169	0.0481424
-0.37085	0.0447232
-0.439021	0.0395426
-0.454125	0.0349481
-0.492044	0.0437764
-0.435135	0.0424416
-0.485688	0.0580092
-0.387248	0.0703724
-0.371615	0.0558151
-0.436722	0.0459186
-0.422689	0.0513673
-0.428588	0.0406384
-0.449009	0.0647095
-0.385762	0.0527574
-0.472639	0.0517437
-0.455365	0.0446525
-0.458178	0.0416568
-0.497068	0.041503
-0.518018	0.042696
-0.489672	0.0483931
-0.518823	0.0463968
-0.456109	0.0513073
-0.449208	0.0485886
-0.410752	0.0491218
-0.474107	0.0401963
-0.3526	0.0548058
-0.333324	0.0681111
-0.348341	0.047372
-0.359694	0.0461213
-0.356374	0.0470772
-0.328196	0.0380943
-0.352004	0.0535236
-0.416716	0.0455893
-0.387789	0.0424269
-0.40486	0.0406217
-0.37764	0.0387434
-0.424751	0.0498312
-0.451147	0.0466837
-0.433794	0.0568736
-0.449944	0.0500285
-0.411141	0.054755
-0.445705	0.0419442
-0.433798	0.0408187
-0.431644	0.0481751
-0.369457	0.0478603
-0.365602	0.0479081
-0.401297	0.0548409
-0.425759	0.0556662
-0.394121	0.0554885
-0.328016	0.0484387
-0.426439	0.0450893
-0.385284	0.0473117
-0.376317	0.0624437
-0.47163	0.055992
-0.377054	0.0537142
-0.432023	0.04623
-0.427884	0.0574048
-0.480964	0.0429517
-0.461155	0.0550995
-0.505426	0.049223
-0.479383	0.0470101
-0.420758	0.0576477
-0.418897	0.0454146
-0.411796	0.0482874
-0.443341	0.0384833
-0.388815	0.0381434
-0.385589	0.0389219
-0.433289	0.042204
-0.431011	0.0509701
-0.483275	0.0449382
-0.491112	0.0578496
-0.493676	0.0533694
-0.453156	0.0496894
-0.460698	0.0530419
-0.429404	0.0426272
-0.410696	0.0461586
-0.392794	0.0437392
-0.387926	0.0410132
-0.392688	0.0368474
-0.323653	0.046235
-0.34356	0.0485314
-0.325552	0.0571879
-0.356817	0.0607292
-0.339915	0.0463703
-0.364422	0.0485656
-0.374746	0.0639381
-0.452763	0.0528272
-0.323039	0.0429576
-0.342423	0.044666
-0.315007	0.0427345
-0.37395	0.0368864
-0.383427	0.0634721
-0.3992	0.0493642
-0.352563	0.051715
-0.385421	0.0503588
-0.366688	0.0576382
-0.406083	0.0434308
-0.45004	0.0444573
-0.367693	0.0402385
-0.358596	0.049085
-0.342306	0.0486956
-0.358865	0.0586558
-0.399814	0.0529603
-0.394561	0.0493183
-0.349011	0.0418102
-0.380265	0.0413821
-0.422848	0.0375645
-0.380227	0.0421624
-0.375239	0.0456676
-0.361955	0.0606324
-0.428955	0.0567412
-0.415341	0.0625086
-0.424414	0.0517994
-0.397735	0.0654913
-0.376826	0.0726771
-0.345527	0.0539431
-0.35656	0.0558242
-0.345439	0.0554926
-0.4166	0.0499671
-0.371087	0.057488
-0.366786	0.0523013
-0.338943	0.0420831
-0.356775	0.0392207
-0.434119	0.0415273
-0.473286	0.0439061
-0.436066	0.0481061
-0.387054	0.0433682
-0.380758	0.0532022
-0.34938	0.0552564
-0.349617	0.0700462
-0.381302	0.0527998
-0.428491	0.0563133
-0.361388	0.0463929
-0.378952	0.0556587
-0.31924	0.0517767
-0.30222	0.046476
-0.407788	0.043638
-0.381948	0.0550988
-0.35576	0.0523448
-0.365981	0.054382
-0.335008	0.0519812
-0.309222	0.0566557
-0.342325	0.0421526
-0.438404	0.0385044
-0.405966	0.038712
-0.399426	0.0390564
-0.420813	0.0363627
-0.402528	0.0407458
-0.388932	0.0415332
-0.355424	0.038156
-0.462174	0.04368
-0.490754	0.0461492
-0.444403	0.0489847
-0.385088	0.0499165
-0.413473	0.0559485
-0.453379	0.0545094
-0.422839	0.0633981
-0.448328	0.0421132
-0.441302	0.0450262
-0.463148	0.0505638
-0.403713	0.0631104
-0.394838	0.0481402
-0.421482	0.0536993
-0.462473	0.057962
-0.471635	0.0527359
-0.432315	0.0443162
-0.426017	0.0466913
-0.41783	0.0415293
-0.475785	0.036228
-0.469026	0.0442395
-0.465427	0.0418936
-0.462807	0.0391716
-0.433115	0.0572282
-0.414876	0.048152
-0.464985	0.047521
-0.449694	0.0460632
-0.462128	0.0417353
-0.483866	0.0404379
-0.445962	0.056024
-0.467265	0.0431562
-0.473708	0.0517212
-0.506482	0.0363629
-0.456258	0.033985
-0.466142	0.0355136
-0.346716	0.0531087
-0.404386	0.0737802
-0.371268	0.0502349
-0.394365	0.0436221
-0.405157	0.0422933
-0.421814	0.0478829
-0.469837	0.049039
-0.480774	0.0382272
-0.53763	0.0383527
-0.563173	0.0461478
-0.519761	0.0602919
-0.493216	0.0593455
-0.451456	0.0501586
-0.547133	0.0438189
-0.450081	0.0680427
-0.482034	0.0495595
-0.511247	0.0548914
-0.444031	0.0478846
-0.449739	0.0512618
-0.516076	0.0549628
-0.430216	0.0477551
-0.43761	0.040964
-0.458858	0.0424102
-0.382791	0.0452294
-0.427288	0.0422642
-0.400941	0.0439049
-0.372807	0.0424161
-0.322473	0.0593315
-0.365563	0.0463195
-0.417933	0.0562703
-0.440072	0.0458379
-0.427719	0.0457565
-0.342052	0.0512606
-0.373969	0.0449692
-0.429448	0.0392772
-0.385029	0.0581193
-0.433793	0.0525647
-0.441604	0.0567161
-0.368965	0.0602751
-0.51308	0.0552604
-0.547913	0.0591338
-0.466733	0.0534516
-0.411075	0.0570582
-0.402814	0.0571668
-0.325444	0.0761304
-0.386805	0.0586248
-0.370038	0.0446499
-0.394872	0.0518052
-0.397161	0.0563345
-0.432243	0.0497466
-0.38257	0.0524929
-0.381214	0.0478115
-0.371718	0.0476803
-0.325687	0.0503292
-0.317802	0.04273
-0.306734	0.0479881
-0.310177	0.0548652
-0.381651	0.039975
-0.41449	0.0456895
-0.416541	0.0489528
-0.496648	0.035373
-0.485866	0.0373681
-0.423783	0.0492109
-0.443896	0.0478886
-0.400062	0.0509236
-0.316346	0.0609413
-0.363724	0.0637638
-0.45316	0.0430624
-0.450156	0.0528297
-0.32259	0.0557017
-0.392768	0.0539861
-0.379375	0.0508309
-0.416891	0.040984
-0.456418	0.049594
-0.415835	0.0622512
-0.395926	0.0534547
-0.395481	0.0554684
-0.385652	0.053356
-0.36769	0.0610051
-0.425004	0.0542179
-0.366059	0.0479754
-0.366988	0.0408037
-0.359995	0.0463817
-0.319236	0.0475319
-0.305453	0.0623351
-0.357398	0.0586845
-0.352494	0.0702897
-0.362489	0.0651386
-0.364237	0.0447524
-0.38029	0.0460058
-0.352497	0.0500263
-0.406565	0.0448076
-0.434926	0.0436664
-0.417334	0.0531311
-0.451209	0.0524758
-0.455025	0.0658765
-0.535868	0.0466241
-0.433355	0.0537331
-0.403735	0.0566291
-0.411277	0.0565432
-0.471677	0.0328978
-0.490148	0.0438765
-0.473533	0.04421
-0.414657	0.0617153
-0.431983	0.0558229
-0.450096	0.0402853
-0.46945	0.0411269
-0.4508	0.0524299
-0.476876	0.0600898
-0.518165	0.0540393
-0.482438	0.0585363
-0.417072	0.0475155
-0.41933	0.0458775
-0.451214	0.0454202
-0.488277	0.0398693
-0.469957	0.047712
-0.477413	0.0338355
-0.518461	0.0359574
-0.507095	0.0344772
-0.504646	0.0333313
-0.539261	0.0407559
-0.623779	0.0514171
-0.462892	0.0474797
-0.437641	0.0557727
-0.469072	0.0607297
-0.529432	0.0439956
-0.4626	0.0385252
-0.415949	0.0475939
-0.409898	0.0450113
-0.40968	0.0421479
-0.446089	0.0412643
-0.422846	0.0487785
-0.448889	0.04306
-0.428612	0.055194
-0.518706	0.053088
-0.418456	0.0470711
-0.419167	0.0458703
-0.432138	0.0456984
-0.418463	0.0666704
-0.397519	0.0638201
-0.415242	0.0577332
-0.413126	0.0438687
-0.405174	0.0411578
-0.444648	0.0442851
-0.410063	0.0618064
-0.440868	0.0484374
-0.404931	0.0470824
-0.428279	0.0518037
-0.397454	0.0476601
-0.358889	0.0561187
-0.376149	0.0606717
-0.381782	0.0531101
-0.386911	0.0609993
-0.34073	0.0489906
-0.371126	0.0450925
-0.373941	0.0407189
-0.460802	0.03911
-0.449523	0.0421084
-0.485957	0.0466296
-0.473087	0.0492825
-0.467719	0.0496254
-0.409642	0.039958
-0.409123	0.0436113
-0.386938	0.0377197
-0.34559	0.0539647
-0.389859	0.0566988
-0.345727	0.0567798
-0.371945	0.0659517
-0.422877	0.0442804
-0.421365	0.0453952
-0.379423	0.0450685
-0.38976	0.0514393
-0.441379	0.0396105
-0.454785	0.0536628
-0.438001	0.0448868
-0.346252	0.0508014
-0.373435	0.0485767
-0.418631	0.0562694
-0.388013	0.0543734
-0.425908	0.0535798
-0.460114	0.0651101
-0.442843	0.0637499
-0.382066	0.064021
-0.380424	0.0641114
-0.436184	0.0549966
-0.432912	0.0451165
-0.450729	0.0438988
-0.415338	0.0461693
-0.400109	0.0655208
-0.393735	0.0595957
-0.375773	0.060641
-0.427802	0.0383543
-0.368269	0.048761
-0.390822	0.0444411
-0.332056	0.0516328
-0.377814	0.0418225
-0.303011	0.0444136
-0.262486	0.0706292
-0.271938	0.0620884
-0.384115	0.0499326
-0.392727	0.0687403
-0.367991	0.0550987
-0.368304	0.0564342
-0.308506	0.0547759
-0.394128	0.0365421
-0.425009	0.0421926
-0.445581	0.0474329
-0.391927	0.0461493
-0.394694	0.0442004
-0.401417	0.0411064
-0.368851	0.0439117
-0.398322	0.0520545
-0.341605	0.0519558
-0.304917	0.053819
-0.385547	0.0541323
-0.445169	0.053028
-0.401099	0.0618908
-0.402402	0.0460213
-0.39326	0.0516743
-0.337512	0.061566
-0.358587	0.0540144
-0.345967	0.0627906
-0.392339	0.0388135
-0.419701	0.0344309
-0.444353	0.0448174
-0.501449	0.0320717
-0.43716	0.0369969
-0.394463	0.0417173
-0.336204	0.0522966
-0.358829	0.0538705
-0.42053	0.0481479
-0.371637	0.0578114
-0.36725	0.0502032
-0.299449	0.0595651
-0.394035	0.0563568
-0.483347	0.04519
-0.533719	0.0495791
-0.521738	0.0366749
-0.472581	0.0382982
-0.533266	0.0357668
-0.567737	0.0418797
-0.542758	0.0367897
-0.457568	0.0483298
-0.518332	0.052825
-0.518728	0.0374832
-0.481129	0.0511003
-0.467234	0.0379106
-0.501698	0.0423513
-0.441209	0.0528228
-0.518246	0.0538692
-0.460746	0.0512661
-0.395704	0.0493561
-0.43683	0.0581726
-0.401593	0.0502948
-0.37209	0.0581788
-0.357265	0.0461828
-0.413342	0.0458985
-0.388738	0.0428474
-0.406141	0.0364636
-0.415429	0.0407052
-0.410439	0.0648975
-0.369222	0.0433942
-0.40042	0.0412823
-0.4365	0.0409189
-0.407594	0.0534493
-0.368468	0.0450953
-0.367431	0.0419869
-0.32602	0.057924
-0.39915	0.0513703
-0.395967	0.0506463
-0.402006	0.0625955
-0.469551	0.0427724
-0.465	0.036818
-0.432017	0.0371357
-0.376534	0.0527581
-0.347342	0.0465027
-0.327758	0.0453036
-0.384987	0.046397
-0.394801	0.0472413
-0.398044	0.0475838
-0.429776	0.0394219
-0.456551	0.0462113
-0.494415	0.0418974
-0.434748	0.0482874
-0.446518	0.0409493
-0.364281	0.0480439
-0.364823	0.0441319
-0.358797	0.0542394
-0.351603	0.0522604
-0.415831	0.0446178
-0.425247	0.0419107
-0.4499	0.0421742
-0.472107	0.0495724
-0.395638	0.0516842
-0.441169	0.0474057
-0.387286	0.0539501
-0.410045	0.0520439
-0.357383	0.0496077
-0.323373	0.0552348
-0.306778	0.0580105
-0.377743	0.0590667
-0.419293	0.0522319
-0.435745	0.0425905
-0.348276	0.0447091
-0.401397	0.0540681
-0.407834	0.0448256
-0.461235	0.0504186
-0.441485	0.0521692
-0.491244	0.0441905
-0.509652	0.0550716
-0.442817	0.0510764
-0.42345	0.0464897
-0.406515	0.0462583
-0.422931	0.0571774
-0.439502	0.0673747
-0.500713	0.0537747
-0.471746	0.06067
-0.431659	0.0499933
-0.43862	0.0549586
-0.375047	0.0390144
-0.401802	0.0441164
-0.383973	0.0540771
-0.39737	0.0463054
-0.397862	0.0406337
-0.417676	0.0447608
-0.389743	0.0443886
-0.321325	0.0448497
-0.36316	0.0569938
-0.39344	0.0409692
-0.345749	0.0697344
-0.360232	0.0708748
-0.437263	0.0637534
-0.441416	0.0668251
-0.390528	0.051589
-0.394418	0.0527534
-0.386926	0.0508638
-0.345708	0.0448826
-0.363228	0.0458183
-0.384046	0.0431134
-0.314124	0.0602215
-0.34351	0.0492749
-0.32201	0.0533533
-0.359459	0.0567116
-0.373057	0.0484899
-0.404858	0.0376422
-0.378551	0.0487686
-0.373828	0.0404432
-0.393205	0.0484612
-0.374441	0.0410645
-0.395602	0.0501422
-0.361825	0.0566987
-0.365772	0.0576258
-0.398709	0.0471604
-0.44888	0.0428915
-0.386204	0.0399604
-0.362449	0.0429668
-0.395326	0.0397369
-0.358205	0.0476198
-0.420006	0.045523
-0.413042	0.0579516
-0.398204	0.0535578
-0.39925	0.0493505
-0.366852	0.051463
-0.396761	0.0467106
-0.370837	0.0413035
-0.430593	0.0478518
-0.445903	0.052214
-0.438808	0.0564515
-0.442449	0.0455022
-0.432615	0.0572948
-0.46459	0.0521898
-0.381881	0.0570013
-0.383613	0.0491702
-0.419879	0.0338177
-0.407058	0.0389433
-0.360936	0.0463762
-0.423511	0.043915
-0.361635	0.0542564
-0.470099	0.0419543
-0.42258	0.0399475
-0.460629	0.0444686
-0.384584	0.0567838
-0.370602	0.048053
-0.394057	0.0453182
-0.335385	0.0434349
-0.36228	0.0547834
-0.372104	0.0532511
-0.308733	0.0391161
-0.373764	0.0400071
-0.37952	0.0415674
-0.380372	0.0443673
-0.353671	0.0499459
-0.327297	0.0456557
-0.268905	0.0550836
-0.321571	0.0432432
-0.359708	0.0634118
-0.406224	0.0570265
-0.379973	0.0550609
-0.363888	0.0478346
-0.286882	0.0491512
-0.332933	0.0486647
-0.479736	0.0466115
-0.431262	0.0506144
-0.44554	0.0459919
-0.487313	0.0445973
-0.409376	0.0406359
-0.405273	0.040574
-0.483063	0.0640404
-0.496521	0.0530088
-0.443933	0.0564089
-0.471035	0.0494018
-0.462053	0.0488666
-0.533325	0.0497254
-0.472449	0.0483973
-0.40835	0.0530799
-0.462758	0.0528444
-0.446126	0.0441112
-0.409506	0.0473906
-0.416769	0.0418686
-0.382106	0.0469247
-0.433757	0.0457629
-0.446568	0.0527406
-0.441353	0.0425639
-0.44862	0.0525351
-0.489487	0.0444754
-0.420168	0.0481649
-0.378216	0.0442437
-0.362039	0.0580708
-0.42734	0.0523791
-0.502792	0.0484784
-0.521215	0.0326982
-0.534949	0.0332689
-0.537117	0.0359753
-0.488515	0.0530234
-0.498322	0.0450989
-0.421257	0.0739288
-0.498609	0.0473633
-0.43641	0.0409981
-0.458809	0.0361645
-0.414551	0.045181
-0.409659	0.0461549
-0.405789	0.0568193
-0.413839	0.049943
-0.399739	0.0430663
-0.404217	0.0478765
-0.379902	0.0476232
-0.348908	0.053419
-0.365067	0.0409335
-0.359083	0.0456494
-0.387533	0.0520698
-0.400756	0.0642317
-0.437982	0.0528218
-0.453323	0.0557957
-0.482426	0.039724
-0.404872	0.0442403
-0.435461	0.04423
-0.399993	0.0530712
-0.469772	0.0491729
-0.424664	0.0493175
-0.377935	0.0559353
-0.387827	0.0476903
-0.370688	0.0627857
-0.434237	0.0600305
-0.462743	0.0554123
-0.44703	0.0488485
-0.483947	0.0516605
-0.485165	0.0523274
-0.385718	0.0505483
-0.403251	0.0387786
-0.396546	0.057351
-0.357971	0.0650626
-0.372502	0.0571332
-0.367175	0.0606285
-0.353848	0.050722
-0.326731	0.0557962
-0.38715	0.0501085
-0.452988	0.0509256
-0.421528	0.0604395
-0.429071	0.0593431
-0.41737	0.0504145
-0.390196	0.0385088
-0.366698	0.0444653
-0.35151	0.0546141
-0.351389	0.0552592
-0.342906	0.0394666
-0.377192	0.0461867
-0.371257	0.0398746
-0.346724	0.052502
-0.27401	0.065263
-0.282971	0.0803593
-0.328929	0.0462569
-0.32962	0.0402457
-0.37223	0.0380728
-0.443763	0.0392161
-0.427593	0.0440433
-0.507832	0.0570874
-0.437724	0.0499784
-0.407468	0.052609
-0.481038	0.0455811
-0.464888	0.039504
-0.55208	0.0443585
-0.526978	0.0634875
-0.521522	0.0699592
-0.478745	0.0464879
-0.473198	0.0499357
-0.430409	0.057303
-0.381484	0.0449856
-0.452267	0.0436924
-0.349119	0.044615
-0.393211	0.0562881
-0.378374	0.0472393
-0.367903	0.0455448
-0.336734	0.0453699
-0.339999	0.0633211
-0.33092	0.0604009
-0.337126	0.0440991
-0.372008	0.0463647
-0.412216	0.0468772
-0.428722	0.0394678
-0.392944	0.0562503
-0.403989	0.0397964
-0.406507	0.0552681
-0.374232	0.0474025
-0.377119	0.0502893
-0.404076	0.0441176
-0.377698	0.0532019
-0.371903	0.0486441
-0.3689	0.0492396
-0.378151	0.0389833
-0.389236	0.036455
-0.380105	0.0568903
-0.314189	0.0534059
-0.404706	0.0424493
-0.397658	0.0582842
-0.356364	0.0569921
-0.36652	0.0593206
-0.393112	0.0403687
-0.392782	0.0448614
-0.457678	0.0400893
-0.449949	0.0407775
-0.434414	0.037656
-0.426352	0.067383
-0.40488	0.055954
-0.367547	0.0411615
-0.429039	0.0436913
-0.421917	0.0433888
-0.397967	0.0461721
-0.42131	0.0454131
-0.400382	0.046944
-0.420046	0.0413191
-0.42793	0.0447751
-0.462904	0.0452227
-0.402933	0.0420488
-0.34197	0.0487407
-0.427671	0.047077
-0.481539	0.0457001
-0.490189	0.039007
-0.496743	0.0455484
-0.49591	0.0537737
-0.505546	0.056154
-0.539515	0.0523643
-0.509753	0.042251
-0.484203	0.0354871
-0.436823	0.0449976
-0.472908	0.0484353
-0.469502	0.0418821
-0.423124	0.0410679
-0.427017	0.0373273
-0.435026	0.0417761
-0.401361	0.0434409
-0.38205	0.0512625
-0.36964	0.0631041
-0.341942	0.0453859
-0.369613	0.0619466
-0.343665	0.0520214
-0.395386	0.0584
-0.390192	0.059317
-0.412663	0.0576258
-0.401052	0.0547992
-0.378967	0.0601424
-0.382947	0.0618612
-0.348285	0.0555903
-0.381543	0.0446454
-0.380427	0.0576609
-0.399072	0.0476961
-0.428757	0.0436913
-0.424892	0.0569011
-0.420533	0.0453295
-0.423936	0.0459938
-0.401705	0.0690775
-0.411032	0.066704
-0.483871	0.0475584
-0.478422	0.0498077
-0.38635	0.0456198
-0.427216	0.0387482
-0.38357	0.055411
-0.383759	0.0498453
-0.423033	0.0541817
-0.432364	0.035547
-0.424305	0.0341752
-0.438583	0.0333407
-0.421326	0.0450939
-0.36351	0.0529022
-0.30747	0.0584925
-0.367935	0.0558074
-0.351095	0.0639736
-0.396957	0.0508314
-0.433127	0.0453432
-0.487564	0.0388163
-0.431756	0.0488881
-0.362335	0.0531414
-0.39648	0.0514823
-0.359554	0.0452894
-0.293987	0.0564471
-0.329732	0.0486705
-0.384075	0.0554737
-0.42574	0.0578269
-0.402553	0.0466695
-0.450273	0.0363795
-0.383663	0.0411778
-0.367275	0.0455129
-0.365645	0.0471831
-0.363606	0.0461495
-0.408709	0.0494559
-0.4225	0.0565099
-0.421169	0.0491491
-0.427612	0.0511794
-0.388096	0.0448578
-0.370914	0.0545926
-0.479138	0.0453574
-0.423055	0.0471297
-0.422114	0.0452967
-0.398022	0.0447177
-0.418568	0.0429271
-0.391725	0.0563406
-0.439765	0.0457364
-0.415448	0.0466979
-0.394607	0.046171
-0.371018	0.0353163
-0.354723	0.0489094
-0.38457	0.0389876
-0.350175	0.0438564
-0.396625	0.041834
-0.393262	0.0461991
-0.353279	0.0541528
-0.382985	0.0522214
-0.46299	0.0502026
-0.369381	0.0636473
-0.382686	0.0485779
-0.387002	0.0448878
-0.388572	0.0505363
-0.442383	0.0416669
-0.43914	0.037952
-0.418533	0.0454579
-0.39541	0.0552987
-0.400498	0.0528858
-0.404657	0.0509651
-0.419849	0.042531
-0.457222	0.0524168
-0.388013	0.0632464
-0.363916	0.0507058
-0.413122	0.04808
-0.385052	0.0513845
-0.441978	0.0368041
-0.432664	0.0510447
-0.432143	0.0441287
-0.407154	0.0423459
-0.435252	0.0326465
-0.386668	0.0528212
-0.418206	0.0388338
-0.442893	0.0582397
-0.41038	0.040827
-0.395318	0.0420852
-0.369859	0.050723
-0.37618	0.0494692
-0.415873	0.0541628
-0.395571	0.0589934
-0.406458	0.0624785
-0.520752	0.0440492
-0.49094	0.0372321
-0.507748	0.0495374
-0.468972	0.0479255
-0.430911	0.0499177
-0.425607	0.0553783
-0.375191	0.0424312
-0.385486	0.0512294
-0.427261	0.0493989
-0.493633	0.0451376
-0.468169	0.0376764
-0.434707	0.0447363
-0.478046	0.0488378
-0.415123	0.0452134
-0.424473	0.0547286
-0.418754	0.0532179
-0.450639	0.0514997
-0.421585	0.0448493
-0.411894	0.0446923
-0.438702	0.0478289
-0.37945	0.0557195
-0.460335	0.0442921
-0.414645	0.0346927
-0.460985	0.0468722
-0.497204	0.047877
-0.423548	0.0468128
-0.393219	0.045129
-0.412244	0.0385543
-0.456226	0.0423385
-0.396158	0.0397858
-0.389601	0.0567311
-0.413792	0.0433137
-0.39871	0.0538527
-0.489923	0.049522
-0.431013	0.0575327
-0.485223	0.0451265
-0.40666	0.0543146
-0.372262	0.0608821
-0.397692	0.0496723
-0.397391	0.0437473
-0.379404	0.0631581
-0.426458	0.0517674
-0.450194	0.0484538
-0.438275	0.0458426
-0.38031	0.0550631
-0.407636	0.0485574
-0.39797	0.0560912
-0.449277	0.0479629
-0.416549	0.0650046
-0.40278	0.0488387
-0.328637	0.0530856
-0.456506	0.0556682
-0.431694	0.0508509
-0.406674	0.0488887
-0.441078	0.0500538
-0.485378	0.0417987
-0.480075	0.0413426
-0.390038	0.0456654
-0.441366	0.0376501
-0.411122	0.0430744
-0.350576	0.0434195
-0.39542	0.0384314
-0.433502	0.0463006
-0.464617	0.0440846
-0.463937	0.0476154
-0.480203	0.0504193
-0.510664	0.0506735
-0.450733	0.0543977
-0.421084	0.0585813
-0.44283	0.0554705
-0.334958	0.072304
-0.384131	0.050173
-0.404168	0.0642745
-0.39803	0.0514827
-0.406091	0.044531
-0.38393	0.0635979
-0.404264	0.0510828
-0.351758	0.0528431
-0.311022	0.0506193
-0.290167	0.0610936
-0.304986	0.0581636
-0.338402	0.0428605
-0.362268	0.0517765
-0.439265	0.0476876
-0.514462	0.0367673
-0.524827	0.03642
-0.49203	0.0467661
-0.50762	0.0462459
-0.52556	0.0410795
-0.470155	0.0503382
-0.460551	0.0384436
-0.436428	0.0428955
-0.440845	0.0378029
-0.442831	0.0422803
-0.441013	0.0447946
-0.481254	0.043053
-0.434662	0.0529549
-0.48805	0.0526986
-0.481679	0.0477493
-0.523085	0.0418696
-0.51118	0.0376537
-0.464243	0.0575429
-0.450011	0.0504359
-0.427602	0.0537618
-0.450887	0.0404451
-0.442169	0.0508313
-0.428624	0.0513854
-0.445938	0.0530329
-0.458522	0.0447092
-0.427674	0.0493699
-0.461814	0.0499445
-0.481518	0.0486901
-0.496296	0.0367235
-0.517544	0.0334373
-0.488012	0.0361259
-0.40401	0.0583116
-0.394864	0.062651
-0.394011	0.0519221
-0.472128	0.0502501
-0.478073	0.0597079
-0.543768	0.0508382
-0.485068	0.0459854
-0.546435	0.0430536
-0.46536	0.058536
-0.432116	0.0506958
-0.444833	0.0367195
-0.448787	0.0476197
-0.412618	0.045203
-0.448365	0.039401
-0.437634	0.0478425
-0.401641	0.0472073
-0.417544	0.0543054
-0.381514	0.0466163
-0.450564	0.0336728
-0.409864	0.0387866
-0.362668	0.0436075
-0.386785	0.0490469
-0.314441	0.0545405
-0.35487	0.0625752
-0.367363	0.0459398
-0.402835	0.0599635
-0.45963	0.0437036
-0.435414	0.0506918
-0.438722	0.0554802
-0.386423	0.0570488
-0.381847	0.0594578
-0.487211	0.0499412
-0.49695	0.0403637
-0.449624	0.0489455
-0.396065	0.0532426
-0.448811	0.0610202
-0.431228	0.0544012
-0.381866	0.0699882
-0.419513	0.0550713
-0.452706	0.0481406
-0.351765	0.0579892
-0.408456	0.0649264
-0.427093	0.0543234
-0.411873	0.0411247
-0.352912	0.0557959
-0.361941	0.0430292
-0.433238	0.0479289
-0.39256	0.0479701
-0.463397	0.0499047
-0.426653	0.0474008
-0.445918	0.0589483
-0.404967	0.0461339
-0.409704	0.0438256
-0.395921	0.049233
-0.433996	0.0522298
-0.463523	0.0470756
-0.420877	0.0364154
-0.350445	0.055399
-0.410501	0.0515815
-0.479623	0.0473612
-0.469876	0.038822
-0.451581	0.0590914
-0.504017	0.0415679
-0.482301	0.0474871
-0.38584	0.0613182
-0.424414	0.0483869
-0.385872	0.0681036
-0.345839	0.0456954
-0.349253	0.0494802
-0.439284	0.0488173
-0.46198	0.0506284
-0.465122	0.0495153
-0.462708	0.046261
-0.383861	0.0621899
-0.457988	0.0489813
-0.388024	0.0491353
-0.466801	0.0472759
-0.540615	0.0488463
-0.528036	0.0466093
-0.487335	0.0417867
-0.434529	0.0396778
-0.400172	0.0425282
-0.394903	0.0581427
-0.370573	0.0479624
-0.358496	0.0517384
-0.336705	0.0522293
-0.349387	0.0525717
-0.377557	0.0420155
-0.387384	0.0403375
-0.348864	0.0479573
-0.326893	0.05312
-0.356977	0.0441397
-0.377378	0.0454631
-0.37983	0.0442129
-0.338228	0.046408
-0.291598	0.05672
-0.335061	0.0516845
-0.340746	0.0611419
-0.398327	0.0468238
-0.373906	0.0402881
-0.359883	0.0487113
-0.400847	0.0425848
-0.448456	0.0381786
-0.433309	0.0433135
-0.426844	0.0524269
-0.471838	0.0533259
-0.540146	0.0454407
-0.530783	0.0446149
-0.527683	0.0535934
-0.465771	0.0462832
-0.383656	0.0509943
-0.40303	0.0440468
-0.462264	0.044283
-0.441503	0.05521
-0.539467	0.0506574
-0.498438	0.0569459
-0.471727	0.0516476
-0.470641	0.0419883
-0.452389	0.0456075
-0.356339	0.0407089
-0.36498	0.051052
-0.426063	0.0484657
-0.457419	0.0376546
-0.447449	0.0400594
-0.457057	0.0503288
-0.422948	0.0493345
-0.413599	0.0502927
-0.435808	0.0654186
-0.471102	0.0534857
-0.389962	0.0560624
-0.425813	0.0560033
-0.430573	0.0476179
-0.379699	0.0423489
-0.366045	0.0402498
-0.343591	0.042774
-0.331286	0.0406913
-0.36381	0.0445876
-0.398434	0.0436287
-0.38604	0.0409242
-0.365584	0.0514981
-0.315642	0.0431132
-0.273347	0.0532258
-0.362673	0.0481875
-0.320518	0.0533062
-0.309036	0.0531167
-0.364093	0.0417031
-0.367517	0.0433522
-0.360912	0.0405487
-0.401428	0.0535396
-0.366388	0.0459276
-0.301998	0.05546
-0.296419	0.0636531
-0.338125	0.0620373
-0.432308	0.0444444
-0.43112	0.0356193
-0.378732	0.0455432
-0.36316	0.0496797
-0.396975	0.0369394
-0.332258	0.0517397
-0.402623	0.0430671
-0.347184	0.050245
-0.365174	0.0445541
-0.409538	0.0522274
-0.324504	0.050079
-0.36375	0.0484966
-0.394766	0.0451253
-0.410418	0.0498111
-0.413816	0.0471566
-0.37827	0.0566989
-0.371173	0.051639
-0.420894	0.0419502
-0.404608	0.0453992
-0.391638	0.0426133
-0.389844	0.0456237
-0.456012	0.0452516
-0.448455	0.0531165
-0.444538	0.0560595
-0.412577	0.0543528
-0.438464	0.0435086
-0.379207	0.0432415
-0.515641	0.0376019
-0.52434	0.0398772
-0.447381	0.0384121
-0.439382	0.0533148
-0.475986	0.0572263
-0.500837	0.044426
-0.463569	0.0463562
-0.462129	0.0571733
-0.342046	0.0620373
-0.372191	0.0440372
-0.371777	0.0556129
-0.384106	0.0452506
-0.448947	0.0421191
-0.405778	0.0436999
-0.438965	0.0465326
-0.462035	0.0403316
-0.303931	0.0741731
-0.383129	0.0471845
-0.453776	0.0519175
-0.466654	0.0499246
-0.488443	0.0451165
-0.462527	0.04643
-0.512106	0.0485439
-0.486501	0.0485168
-0.472699	0.0446781
-0.474355	0.0506974
-0.491152	0.0574873
-0.567644	0.061506
-0.575294	0.0596659
-0.525359	0.0462354
-0.503193	0.0373993
-0.462895	0.0434219
-0.483395	0.0464886
-0.434822	0.0482344
-0.459303	0.0465059
-0.415391	0.0494869
-0.399456	0.0564782
-0.42036	0.0472873
-0.365052	0.0445937
-0.42465	0.0447099
-0.501519	0.0523036
-0.394733	0.0510542
-0.346272	0.0585965
-0.442959	0.0458138
-0.417607	0.0393678
-0.484995	0.0512181
-0.505487	0.0410904
-0.45099	0.0396957
-0.473352	0.0382052
-0.449698	0.0444628
-0.434961	0.0490349
-0.46486	0.0464598
-0.48832	0.0507733
-0.399163	0.0511892
-0.408234	0.0450106
-0.383817	0.0619115
-0.387535	0.0495869
-0.32831	0.0405102
-0.373094	0.0412008
-0.413879	0.0426072
-0.370128	0.0468233
-0.363662	0.0412358
-0.426806	0.0404472
-0.397482	0.0575695
-0.423948	0.0532043
-0.463515	0.0429551
-0.446394	0.0429951
-0.470565	0.0521344
-0.420766	0.0444002
-0.432678	0.0500872
-0.434573	0.0714401
-0.422502	0.0501837
-0.463687	0.0456967
-0.523734	0.0372187
-0.524067	0.0499886
-0.511927	0.0517001
-0.539424	0.0389923
-0.499979	0.05557
-0.471937	0.0584983
-0.417528	0.0514299
-0.397498	0.0548752
-0.417646	0.050606
-0.393136	0.036892
-0.440486	0.0553467
-0.440411	0.0467441
-0.368012	0.0681399
-0.416499	0.0471277
-0.385783	0.0528178
-0.39005	0.0529166
-0.401176	0.0460555
-0.319769	0.0598001
-0.415385	0.0484987
-0.419981	0.0579732
-0.39931	0.0468965
-0.360341	0.0496353
-0.350038	0.0436877
-0.333956	0.041495
-0.302492	0.0555653
-0.351865	0.0600803
-0.448244	0.0495847
-0.457524	0.0500759
-0.442813	0.0411937
-0.391398	0.0401924
-0.397756	0.0494239
-0.348913	0.0530556
-0.268668	0.0612348
-0.325314	0.0391213
-0.325617	0.043261
-0.409272	0.0436306
-0.364122	0.0380813
-0.423167	0.0382893
-0.426844	0.0376894
-0.433743	0.0416008
-0.360561	0.0483492
-0.416559	0.0545245
-0.377361	0.0506785
-0.407742	0.0461731
-0.373997	0.0372891
-0.392543	0.0486677
-0.428114	0.0464888
-0.432301	0.0469159
-0.364159	0.0582678
-0.341408	0.0556506
-0.352836	0.0410654
-0.371884	0.0518163
-0.401004	0.0542101
-0.481448	0.0427264
-0.495548	0.0509713
-0.458096	0.0433038
-0.485083	0.051765
-0.443318	0.0457403
-0.415593	0.0391447
-0.446657	0.0399235
-0.446233	0.0404185
-0.430749	0.0568692
-0.503993	0.0405464
-0.470683	0.0427098
-0.494076	0.0399065
-0.472813	0.0539023
-0.442966	0.0458659
-0.482806	0.0541984
-0.475776	0.0480412
-0.432439	0.0448293
-0.42868	0.0396217
-0.43724	0.0436568
-0.403495	0.0448764
-0.429543	0.0486018
-0.421843	0.0456071
-0.447997	0.0434389
-0.433202	0.0439591
-0.370287	0.0516541
-0.349185	0.0526643
-0.410798	0.0555844
-0.455824	0.0451258
-0.464077	0.051218
-0.433758	0.0399107
-0.515412	0.0493793
-0.468349	0.0478757
-0.420391	0.047117
-0.389582	0.0430643
-0.436074	0.0347023
-0.444767	0.0393709
-0.366194	0.0538585
-0.441001	0.0548762
-0.439744	0.042933
-0.382765	0.0412453
-0.411832	0.04206
-0.355619	0.058092
-0.396835	0.043276
-0.42947	0.0416991
-0.459685	0.0442684
-0.467541	0.0421377
-0.43005	0.0445859
-0.496358	0.0429426
-0.523628	0.0390403
-0.448094	0.0422103
-0.473604	0.0502809
-0.382511	0.0407925
-0.405897	0.0369595
-0.474545	0.0388201
-0.419481	0.0693788
-0.410263	0.0456159
-0.342784	0.058799
-0.352853	0.0468329
-0.386366	0.0624176
-0.366243	0.0546762
-0.376279	0.0498071
-0.36434	0.0482805
-0.479532	0.0511277
-0.469846	0.0513041
-0.425764	0.0490572
-0.426645	0.0462097
-0.383276	0.0645312
-0.450235	0.0473773
-0.482084	0.0571146
-0.408557	0.0519396
-0.44374	0.0407464
-0.420653	0.0405695
-0.395293	0.0408654
-0.452266	0.0488625
-0.454538	0.0615155
-0.494337	0.0556866
-0.416308	0.055279
-0.437607	0.0418365
-0.450262	0.0491383
-0.3939	0.0498133
-0.366099	0.0595779
-0.361411	0.053678
-0.45523	0.0490973
-0.375815	0.0626313
-0.356126	0.0513281
-0.430117	0.0490142
-0.493594	0.0416422
-0.47469	0.0436351
-0.428849	0.0574731
