-6.61538	-4.89803
-6.47599	-4.0736
-6.36345	-3.46426
-6.3557	-3.33016
-6.25274	-2.85611
-6.18165	-2.40721
-6.11267	-2.01409
-6.01244	-1.58668
-5.94798	-1.28142
-5.98178	-1.45424
-5.96517	-1.30248
-6.05038	-1.74597
-6.05712	-1.76996
-5.98382	-1.3804
-5.95031	-1.23139
-5.86667	-0.874574
-5.86843	-0.899073
-5.78481	-0.519693
-5.78908	-0.487478
-5.63332	0.359725
-5.72192	-0.073754
-5.73306	-0.12071
-5.85683	-0.659965
-5.88267	-0.909312
-5.97882	-1.26214
-5.87906	-0.774502
-5.89228	-0.844091
-5.89301	-0.817762
-5.92524	-0.967451
-5.88795	-0.845073
-5.85733	-0.685525
-5.87373	-0.72413
-5.87516	-0.771321
-5.84576	-0.620305
-5.86058	-0.654405
-5.7991	-0.458571
-5.75654	-0.258879
-5.71874	-0.179458
-5.77476	-0.386208
-5.78445	-0.430152
-5.79447	-0.428234
-5.73244	-0.105041
-5.77823	-0.233575
-5.78421	-0.303505
-5.78339	-0.296938
-5.81018	-0.472111
-5.82946	-0.570687
-5.85189	-0.670968
-5.89022	-0.836448
-5.84705	-0.634981
-5.83081	-0.579058
-5.83377	-0.632317
-5.79895	-0.542668
-5.7952	-0.516926
-5.76862	-0.411329
-5.84897	-0.786799
-5.88558	-0.843575
-5.92878	-0.942305
-5.91463	-0.874643
-5.85883	-0.671118
-5.8518	-0.623189
-5.70521	0.0817663
-5.69951	0.11054
-5.7389	-0.135076
-5.72942	-0.0730431
-5.80639	-0.3657
-5.77232	-0.0915055
-5.76243	-0.0920867
-5.76355	-0.0956884
-5.66439	0.283912
-5.67039	0.175739
-5.61754	0.41271
-5.66287	0.310709
-5.66868	0.25459
-5.66891	0.165496
-5.675	0.178968
-5.75369	-0.21355
-5.82726	-0.526026
-5.82404	-0.562707
-5.82221	-0.57037
-5.80529	-0.423983
-5.81378	-0.51558
-5.87482	-0.810809
-5.79019	-0.392632
-5.68776	0.0995272
-5.78071	-0.292814
-5.81507	-0.544433
-5.82254	-0.499792
-5.76088	-0.137881
-5.76212	-0.0760487
-5.63969	0.371582
-5.63567	0.349174
-5.71137	0.0462716
-5.77144	-0.192267
-5.77816	-0.236517
-5.7777	-0.182323
-5.66497	0.248545
-5.74433	-0.145214
-5.65614	0.218863
-5.68096	0.087506
-5.60078	0.425502
-5.5856	0.487752
-5.61199	0.407342
-5.685	0.15555
-5.68164	0.143072
-5.65896	0.268929
-5.6387	0.362028
-5.61734	0.518455
-5.66216	0.411226
-5.6563	0.405692
-5.66132	0.3594
-5.71201	0.153905
-5.69164	0.268084
-5.63627	0.445312
-5.70115	0.0753314
-5.80871	-0.379895
-5.81084	-0.319944
-5.75899	-0.153944
-5.73572	0.000124051
-5.77557	-0.19786
-5.66959	0.28806
-5.63357	0.470811
-5.59562	0.718654
-5.58605	0.758685
-5.51814	1.06789
-5.57253	0.82649
-5.66447	0.486495
-5.56802	0.758005
-5.55554	0.845952
-5.62921	0.509836
-5.60573	0.583945
-5.5427	0.904527
-5.56224	0.681144
-5.69924	0.0940396
-5.66911	0.252646
-5.70177	0.0387995
-5.70461	-0.00901315
-5.6598	0.239084
-5.67099	0.170599
-5.64134	0.141565
-5.64454	0.167116
-5.6649	0.106388
-5.66262	0.197331
-5.68675	0.127277
-5.6706	0.282509
-5.66699	0.286859
-5.63655	0.428304
-5.67473	0.338234
-5.68143	0.338559
-5.70462	0.172875
-5.6635	0.395809
-5.66904	0.333419
-5.59401	0.609435
-5.49442	1.06407
-5.51133	0.933681
-5.56242	0.835874
-5.61847	0.584289
-5.61728	0.542344
-5.5429	0.906508
-5.46391	1.23714
-5.63013	0.459068
-5.64539	0.373905
-5.62354	0.568518
-5.67529	0.335778
-5.64149	0.449988
-5.61128	0.621239
-5.5681	0.783417
-5.55727	0.87949
-5.58786	0.654109
-5.52227	1.04361
-5.65064	0.481108
-5.61095	0.706681
-5.66832	0.437246
-5.6001	0.658664
-5.60887	0.594274
-5.58434	0.736896
-5.60862	0.681792
-5.57976	0.83942
-5.59594	0.827257
-5.5128	1.17911
-5.46173	1.35612
-5.45403	1.40104
-5.38158	1.57827
-5.34059	1.83072
-5.50499	1.14168
-5.37696	1.78049
-5.34145	1.99916
-5.42433	1.55574
-5.50584	1.22124
-5.47322	1.35829
-5.46209	1.39005
-5.47858	1.28371
-5.54003	1.14856
-5.59029	0.767765
-5.43341	1.41325
-5.44403	1.33749
-5.35961	1.83641
-5.48769	1.23224
-5.51378	1.17939
-5.48579	1.24434
-5.56358	0.947219
-5.54494	1.02447
-5.55876	0.931945
-5.52674	1.03127
-5.57171	0.887445
-5.60436	0.747632
-5.62391	0.610566
-5.58595	0.819486
-5.57201	0.86236
-5.54724	0.911324
-5.63662	0.561514
-5.58569	0.851431
-5.5304	1.14624
-5.44464	1.40242
-5.4482	1.47335
-5.46426	1.43764
-5.49294	1.18565
-5.45177	1.39851
-5.51391	1.16703
-5.61624	0.798403
-5.57765	0.892364
-5.62898	0.656091
-5.58948	0.804058
-5.59869	0.716601
-5.58319	0.873584
-5.53486	1.06063
-5.56046	0.927761
-5.43088	1.4797
-5.43676	1.4572
-5.43391	1.45605
-5.44134	1.52331
-5.35935	1.86241
-5.36181	1.89116
-5.34075	1.88659
-5.31874	1.98009
-5.42943	1.53819
-5.38985	1.73722
-5.24361	2.29195
-5.14696	2.69581
-5.15378	2.69854
-5.22035	2.37091
-5.351	1.85307
-5.48206	1.26862
-5.49575	1.29143
-5.42979	1.54117
-5.41269	1.50266
-5.54373	0.965299
-5.65098	0.542933
-5.54191	1.06848
-5.57691	0.878975
-5.44735	1.41989
-5.43533	1.42474
-5.40684	1.52932
-5.48375	1.17623
-5.56853	0.859933
-5.56465	0.89281
-5.50324	1.19271
-5.42796	1.50896
-5.53096	1.03245
-5.63063	0.683408
-5.60037	0.741131
-5.64633	0.520761
-5.57581	0.772582
-5.43997	1.40183
-5.50593	1.16987
-5.42651	1.46563
-5.48492	1.15323
-5.42959	1.43556
-5.4881	1.26765
-5.50172	1.18945
-5.48936	1.32339
-5.48256	1.36661
-5.41753	1.59149
-5.46303	1.34102
-5.47952	1.2636
-5.47549	1.27509
-5.48264	1.18725
-5.45981	1.37403
-5.39052	1.63391
-5.42898	1.50378
-5.4635	1.28318
-5.4089	1.50878
-5.3915	1.63653
-5.53955	0.925758
-5.5941	0.722738
-5.60424	0.729962
-5.57164	0.88921
-5.4932	1.18814
-5.52357	1.15277
-5.62153	0.735424
-5.51253	1.25737
-5.55141	1.10577
-5.43439	1.63822
-5.47734	1.36442
-5.45274	1.41766
-5.53507	1.04859
-5.48745	1.34858
-5.50418	1.2232
-5.51772	1.12146
-5.54713	0.923641
-5.46264	1.29555
-5.49507	1.12609
-5.57516	0.797446
-5.45599	1.37469
-5.50084	1.18413
-5.62079	0.700266
-5.56719	0.925581
-5.48921	1.23598
-5.4412	1.56237
-5.40027	1.6812
-5.35657	1.99151
-5.40454	1.70368
-5.52938	1.15073
-5.48125	1.27065
-5.46384	1.40358
-5.53608	1.03848
-5.57275	0.811812
-5.60797	0.64135
-5.61002	0.72705
-5.56821	0.869976
-5.42028	1.46263
-5.47897	1.22072
-5.32803	1.85399
-5.37977	1.6209
-5.41676	1.50199
-5.40923	1.53801
-5.39758	1.54249
-5.45333	1.25739
-5.46629	1.20173
-5.43307	1.37611
-5.47649	1.13704
-5.56097	0.807859
-5.50917	1.06336
-5.45418	1.26788
-5.46722	1.18846
-5.46108	1.24565
-5.48506	1.10109
-5.42788	1.32376
-5.48142	1.06076
-5.55314	0.710097
-5.64831	0.271956
-5.5247	0.857848
-5.54824	0.792778
-5.4735	1.12888
-5.55153	0.863602
-5.54876	0.957474
-5.48085	1.24302
-5.42962	1.37694
-5.45769	1.22012
-5.54288	0.859855
-5.57047	0.741026
-5.53636	0.889843
-5.54883	0.874088
-5.43083	1.40663
-5.37884	1.52612
-5.35901	1.58964
-5.31343	1.76884
-5.36209	1.59647
-5.33369	1.85739
-5.30415	1.80801
-5.38339	1.50678
-5.39875	1.52957
-5.35081	1.63373
-5.23338	2.21139
-5.3227	1.85291
-5.38048	1.66856
-5.30965	2.0273
-5.40649	1.58332
-5.39617	1.61447
-5.3571	1.68957
-5.37231	1.66619
-5.30723	1.94386
-5.36845	1.7238
-5.48199	1.20133
-5.44054	1.50425
-5.52536	1.12436
-5.54996	0.946408
-5.54421	1.02431
-5.42975	1.53351
-5.45252	1.39654
-5.4112	1.60488
-5.3801	1.67948
-5.42786	1.49658
-5.41457	1.41004
-5.47455	1.19129
-5.56361	0.849252
-5.58504	0.755494
-5.43237	1.45244
-5.50993	1.06569
-5.49404	1.1143
-5.45752	1.33488
-5.39391	1.70854
-5.39807	1.67068
-5.47748	1.37318
-5.42339	1.50593
-5.54368	0.966461
-5.52154	1.04382
-5.58288	0.780777
-5.62113	0.531913
-5.60577	0.550137
-5.5689	0.774264
-5.49674	1.0763
-5.55209	0.870983
-5.62783	0.494095
-5.6184	0.565052
-5.61233	0.603975
-5.65738	0.41063
-5.59138	0.622303
-5.60606	0.589507
-5.63219	0.519075
-5.61696	0.527465
-5.57393	0.787249
-5.43716	1.42102
-5.44259	1.37508
-5.39331	1.5597
-5.46717	1.24494
-5.25386	2.06066
-5.33684	1.70305
-5.31111	1.93512
-5.38806	1.59811
-5.48724	1.17575
-5.5063	1.10006
-5.45775	1.27857
-5.47325	1.29127
-5.41707	1.49494
-5.3346	1.86375
-5.29707	2.14663
-5.2464	2.37485
-5.2495	2.56389
-5.30668	2.20161
-5.39621	1.78331
-5.33639	2.06806
-5.31473	2.08638
-5.2944	2.14607
-5.35707	2.03111
-5.36684	1.94476
-5.31384	2.16025
-5.33395	2.01608
-5.35423	1.95111
-5.3699	1.75371
-5.45243	1.4265
-5.52539	1.07969
-5.65269	0.489912
-5.6218	0.604342
-5.52015	1.09666
-5.58546	0.800729
-5.45707	1.26497
-5.55745	0.775549
-5.48631	1.19813
-5.45585	1.29808
-5.41389	1.56861
-5.47968	1.3137
-5.47934	1.27484
-5.51447	1.18248
-5.52065	1.11744
-5.53093	0.955216
-5.49113	1.13344
-5.41657	1.45882
-5.53289	0.923479
-5.57285	0.804911
-5.57971	0.764597
-5.55467	0.918761
-5.54829	0.951262
-5.51757	0.999386
-5.59914	0.672057
-5.56908	0.862666
-5.63024	0.603938
-5.58826	0.853976
-5.63759	0.655543
-5.63186	0.664454
-5.52096	1.1609
-5.61359	0.763567
-5.55488	1.01615
-5.5367	1.15176
-5.50553	1.24057
-5.49423	1.32746
-5.45201	1.51795
-5.49271	1.38298
-5.57777	1.01392
-5.51485	1.30934
-5.49693	1.39934
-5.47623	1.46459
-5.48438	1.3693
-5.44133	1.54201
-5.42813	1.61974
-5.42123	1.61193
-5.4648	1.45278
-5.54276	1.09427
-5.47948	1.3979
-5.50132	1.28413
-5.63297	0.707653
-5.55344	1.04085
-5.62789	0.776234
-5.64051	0.725352
-5.62963	0.809692
-5.64132	0.793052
-5.63683	0.749064
-5.56668	1.09338
-5.6147	0.863378
-5.52312	1.11534
-5.5135	1.22894
-5.52696	1.17444
-5.62738	0.772737
-5.48801	1.38461
-5.52776	1.25003
-5.48254	1.39571
-5.56113	1.04455
-5.54681	1.15316
-5.46738	1.46331
-5.49828	1.36549
-5.57459	1.06514
-5.46629	1.37918
-5.47347	1.32143
-5.49475	1.20279
-5.45202	1.52813
-5.54009	0.992544
-5.4676	1.2255
-5.42646	1.39179
-5.37851	1.62186
-5.5184	1.08755
-5.48119	1.21475
-5.38019	1.78106
-5.46136	1.45281
-5.58897	0.769505
-5.62898	0.49545
-5.63178	0.541788
-5.71724	0.187861
-5.79242	-0.25673
-5.71575	0.113702
-5.72905	0.123205
-5.72719	0.252648
-5.69245	0.355302
-5.67418	0.450222
-5.69346	0.368674
-5.57721	0.883073
-5.51535	1.25612
-5.62695	0.745419
-5.60994	0.787771
-5.59398	0.797447
-5.73235	0.17795
-5.68664	0.36722
-5.61017	0.724994
-5.63086	0.588648
-5.51554	1.13193
-5.64269	0.634096
-5.58876	0.860438
-5.61121	0.732517
-5.64178	0.623722
-5.64299	0.624426
-5.6658	0.483704
-5.54552	1.134
-5.53853	1.0946
-5.4621	1.37688
-5.38775	1.69963
-5.25944	2.24118
-5.41306	1.62842
-5.50548	1.27066
-5.54739	1.05499
-5.52789	1.13165
-5.50344	1.21902
-5.51408	1.22883
-5.61517	0.689404
-5.67575	0.403168
-5.60313	0.721349
-5.56034	0.901583
-5.59567	0.686697
-5.61246	0.624863
-5.65718	0.466564
-5.58099	0.87801
-5.59005	0.800801
-5.56946	0.829656
-5.55621	0.892876
-5.60068	0.716258
-5.479	1.24928
-5.47374	1.32555
-5.45296	1.42524
-5.53072	1.13976
-5.55753	0.915234
-5.46507	1.33266
-5.59041	0.812621
-5.54139	1.06097
-5.5099	1.23859
-5.52923	1.09074
-5.5708	0.945829
-5.55043	0.939965
-5.54177	0.999036
-5.47413	1.21035
-5.44559	1.36737
-5.51705	1.10533
-5.46082	1.43421
-5.46809	1.38207
-5.47505	1.2964
-5.47497	1.39259
-5.47908	1.44648
-5.42796	1.7033
-5.48152	1.45673
-5.37534	1.84011
-5.43059	1.57527
-5.29656	2.11208
-5.34907	1.93414
-5.4292	1.60283
-5.45801	1.43623
-5.42946	1.62242
-5.49672	1.34029
-5.46023	1.49668
-5.42696	1.58662
-5.37209	1.72245
-5.41063	1.51874
-5.4117	1.44839
-5.45169	1.36667
-5.4234	1.44861
-5.50248	1.09492
-5.50023	1.14087
-5.63301	0.490472
-5.64254	0.497234
-5.56852	0.833799
-5.48133	1.22203
-5.50161	1.13255
-5.49714	1.23276
-5.4215	1.50907
-5.45246	1.35211
-5.56373	0.856591
-5.57303	0.76158
-5.59985	0.658945
-5.58191	0.730285
-5.60136	0.633984
-5.56244	0.788193
-5.46762	1.10074
-5.51399	0.900089
-5.58522	0.609324
-5.55078	0.735059
-5.57681	0.720476
-5.49438	1.05479
-5.54792	0.846022
-5.49982	1.03615
-5.45239	1.31094
-5.43732	1.423
-5.48286	1.27774
-5.49373	1.22209
-5.49277	1.12129
-5.53112	0.935921
-5.43163	1.52297
-5.53582	1.0831
-5.53687	1.0722
-5.54162	1.1025
-5.48639	1.27628
-5.40299	1.61444
-5.46862	1.27792
-5.46732	1.38636
-5.49546	1.17681
-5.53427	0.858585
-5.46768	1.15206
-5.39681	1.49268
-5.44494	1.29136
-5.50924	1.08767
-5.47673	1.24547
-5.48637	1.15274
-5.51823	0.979712
-5.53189	0.974297
-5.49129	1.12945
-5.59447	0.663464
-5.59807	0.693274
-5.65866	0.381364
-5.67556	0.275477
-5.57495	0.722569
-5.53068	0.916359
-5.54305	0.89209
-5.51524	1.03046
-5.49412	1.06273
-5.48619	1.11648
-5.43948	1.24439
-5.50393	1.0037
-5.54791	0.872438
-5.49257	1.0995
-5.5149	0.977058
-5.52982	1.01301
-5.52511	1.07134
-5.56168	0.856238
-5.46877	1.29481
-5.53702	1.04277
-5.59706	0.716282
-5.49936	1.13943
-5.49047	1.16842
-5.5043	1.02662
-5.52233	0.946102
-5.59559	0.615306
-5.63974	0.509986
-5.62781	0.507018
-5.62742	0.526534
-5.54521	0.900684
-5.48632	1.14917
-5.5025	1.07251
-5.4478	1.23419
-5.41183	1.39655
-5.49198	0.982947
-5.50923	0.883118
-5.50883	1.02902
-5.55928	0.864541
-5.59933	0.703689
-5.56544	0.790954
-5.58057	0.740515
-5.60357	0.719249
-5.58521	0.931321
-5.59422	0.829348
-5.46863	1.34366
-5.50688	1.24849
-5.48369	1.33936
-5.47065	1.44571
-5.50592	1.23603
-5.52964	1.05349
-5.51693	1.07102
-5.46191	1.35913
-5.44598	1.34326
-5.45104	1.37157
-5.50326	1.12078
-5.47902	1.19907
-5.44364	1.52969
-5.49756	1.29691
-5.54299	1.05235
-5.41915	1.48852
-5.40433	1.62619
-5.45212	1.41206
-5.47535	1.33909
-5.50457	1.18441
-5.50132	1.17754
-5.52141	1.02144
-5.55565	0.886786
-5.55911	0.90653
-5.55018	0.965659
-5.41623	1.5715
-5.39336	1.72521
-5.4937	1.25625
-5.54384	1.0737
-5.5768	0.870937
-5.58314	0.780759
-5.63667	0.544546
-5.63325	0.558931
-5.61645	0.544545
-5.60901	0.577289
-5.59875	0.68956
-5.49755	1.12772
-5.50494	1.13477
-5.5187	1.00318
-5.53649	1.14689
-5.52639	1.09561
-5.57368	0.906666
-5.59027	0.823256
-5.58459	0.895199
-5.62438	0.688021
-5.52517	1.22261
-5.5364	1.19209
-5.49388	1.32488
-5.38214	1.72892
-5.39779	1.67218
-5.48794	1.29489
-5.53839	1.10924
-5.51345	1.17801
-5.54672	1.01683
-5.47663	1.32276
-5.48411	1.31892
-5.54373	0.89185
-5.51884	0.997146
-5.56669	0.924201
-5.4897	1.1662
-5.47336	1.36946
-5.54265	1.10367
-5.63824	0.824482
-5.68234	0.606
-5.6545	0.710914
-5.6115	0.904597
-5.57939	0.954567
-5.59214	0.867524
-5.59308	0.901961
-5.66724	0.452327
-5.57846	0.880904
-5.66422	0.533609
-5.62195	0.699281
-5.50115	1.25452
-5.5078	1.33881
-5.47455	1.45772
-5.48577	1.45812
-5.5433	1.21625
-5.47064	1.48004
-5.50794	1.29531
-5.50847	1.31287
-5.52507	1.24222
-5.58371	0.899485
-5.67301	0.497461
-5.71237	0.33006
-5.68167	0.46333
-5.69278	0.422695
-5.60809	0.722383
-5.69877	0.328578
-5.65395	0.571306
-5.67801	0.431498
-5.74522	0.16228
-5.66043	0.595686
-5.67054	0.595434
-5.63541	0.718995
-5.64208	0.601349
-5.58898	0.861262
-5.63839	0.644681
-5.69467	0.312168
-5.65653	0.424856
-5.56526	0.91693
-5.44514	1.32271
-5.44833	1.3756
-5.61653	0.67095
-5.52735	1.0554
-5.47592	1.32743
-5.46277	1.32673
-5.46566	1.36657
-5.55448	1.08991
-5.51164	1.20134
-5.6024	0.844779
-5.63447	0.754625
-5.5746	0.998646
-5.49808	1.36249
-5.44843	1.63116
-5.40846	1.8695
-5.49252	1.56468
-5.50447	1.574
-5.50271	1.5311
-5.45739	1.77877
-5.46263	1.71933
-5.47425	1.60039
-5.51772	1.39433
-5.42089	1.74121
-5.39855	1.83777
-5.43972	1.6798
-5.53012	1.27398
-5.54581	1.22914
-5.53324	1.32949
-5.56228	1.1874
-5.56314	1.13284
-5.61911	0.885551
-5.66669	0.732149
-5.59177	1.14575
-5.52138	1.31178
-5.52684	1.36609
-5.48374	1.58326
-5.53193	1.30475
-5.55604	1.14224
-5.53187	1.22139
-5.51072	1.294
-5.39946	1.74972
-5.3905	1.82361
-5.43464	1.66289
-5.47868	1.50323
-5.45178	1.63965
-5.44886	1.59148
-5.48641	1.34603
-5.43422	1.59651
-5.4602	1.6007
-5.46133	1.59984
-5.60833	0.974713
-5.51065	1.36369
-5.5264	1.35613
-5.61622	0.971327
-5.53054	1.3395
-5.47721	1.62515
-5.42027	1.86873
-5.49332	1.50248
-5.58699	1.12832
-5.49564	1.58685
-5.46078	1.74463
-5.42132	1.82996
-5.42651	1.84602
-5.41832	1.88798
-5.45711	1.64374
-5.58628	1.07289
-5.51339	1.41084
-5.57173	1.20502
-5.6097	0.998615
-5.51778	1.36279
-5.56368	1.24092
-5.5288	1.31675
-5.46851	1.65714
-5.46674	1.59982
-5.42501	1.71221
-5.46912	1.45826
-5.542	1.24233
-5.48473	1.42765
-5.41684	1.73323
-5.52384	1.22601
-5.47377	1.55168
-5.46719	1.70114
-5.53653	1.39777
-5.52816	1.39924
-5.64711	0.849954
-5.56215	1.30794
-5.50578	1.45955
-5.41303	1.85352
-5.43507	1.69079
-5.43963	1.66931
-5.59528	0.99371
-5.51045	1.37963
-5.46762	1.5117
-5.44897	1.60767
-5.35247	1.9311
-5.44239	1.64949
-5.47388	1.51285
-5.45581	1.60575
-5.41947	1.74502
-5.41084	1.75707
-5.43524	1.68383
-5.46827	1.4939
-5.44602	1.57469
-5.37082	1.89534
-5.42029	1.63372
-5.34183	1.9853
-5.26325	2.37454
-5.26769	2.40617
-5.25866	2.51472
-5.24758	2.49591
-5.34826	2.08644
-5.40988	1.81515
-5.39512	1.95002
-5.25785	2.54097
-5.27831	2.48144
-5.29417	2.37015
-5.32328	2.28039
-5.48797	1.60419
-5.38944	2.08449
-5.31408	2.34479
-5.42051	1.91278
-5.39842	1.97851
-5.41652	1.93483
-5.49005	1.49934
-5.47594	1.53836
-5.45719	1.67239
-5.50818	1.39788
-5.52177	1.27928
-5.50986	1.38422
-5.52196	1.35665
-5.53238	1.28758
-5.41327	1.78049
-5.43279	1.73223
-5.46217	1.68045
-5.41682	1.85093
-5.36317	2.00714
-5.41068	1.74031
-5.45647	1.46405
-5.48236	1.40613
-5.48986	1.47769
-5.42767	1.76018
-5.45628	1.6115
-5.44304	1.65629
-5.37495	1.91878
-5.41561	1.70023
-5.37034	1.98863
-5.50545	1.3871
-5.41686	1.67906
-5.38923	1.8002
-5.32249	2.06937
-5.34629	1.94902
-5.43282	1.58937
-5.35467	1.88539
-5.37022	1.80814
-5.31528	2.09861
-5.23446	2.52051
-5.31179	2.13976
-5.30507	2.10394
-5.32595	2.02934
-5.3453	1.94535
-5.39264	1.71021
-5.34988	1.98575
-5.2647	2.44226
-5.30471	2.18803
-5.43106	1.62618
-5.48523	1.3556
-5.42176	1.63744
-5.46164	1.49784
-5.53318	1.11891
-5.49556	1.33193
-5.53708	1.21743
-5.51354	1.34383
-5.47261	1.48159
-5.4299	1.71977
-5.42584	1.72006
-5.45269	1.54959
-5.41584	1.6829
-5.38136	1.95628
-5.23241	2.56261
-5.28822	2.32021
-5.29601	2.26901
-5.23281	2.5094
-5.32313	2.14954
-5.19113	2.71536
-5.35595	2.02309
-5.29397	2.17118
-5.3195	2.11201
-5.31051	2.14398
-5.40394	1.73954
-5.40734	1.70415
-5.46726	1.51247
-5.46252	1.46693
-5.45714	1.50263
-5.50108	1.34335
-5.53825	1.15635
-5.58535	0.916969
-5.53942	1.03131
-5.53385	1.07807
-5.53096	1.10816
-5.48103	1.34776
-5.50732	1.17187
-5.60609	0.773356
-5.5473	0.882828
-5.49762	1.10442
-5.53918	0.995173
-5.57901	0.932298
-5.6106	0.76209
-5.68664	0.489557
-5.4833	1.4392
-5.49525	1.4915
-5.45004	1.65094
-5.57893	0.988135
-5.62942	0.758574
-5.62386	0.762159
-5.57593	1.03014
-5.57396	1.06307
-5.49841	1.40979
-5.46025	1.57264
-5.46815	1.47983
-5.29459	2.22997
-5.3621	1.90867
-5.34986	1.87101
-5.1863	2.61694
-5.24685	2.36693
-5.3452	1.98098
-5.36502	1.95388
-5.3304	2.17354
-5.26582	2.39057
-5.36037	1.94525
-5.44706	1.54357
-5.47523	1.40386
-5.61748	0.796838
-5.57664	0.969633
-5.5344	1.20264
-5.51205	1.25825
-5.40507	1.85057
-5.4715	1.52794
-5.53794	1.31946
-5.34979	1.96555
-5.45214	1.47377
-5.44759	1.48166
-5.43258	1.5755
-5.47346	1.34962
-5.60159	0.885513
-5.50234	1.33815
-5.48998	1.3993
-5.50482	1.28347
-5.55544	1.13632
-5.38066	1.86468
-5.37379	1.87347
-5.25557	2.3869
-5.33172	2.08501
-5.37711	1.82621
-5.32337	2.11768
-5.45815	1.48535
-5.50667	1.37923
-5.50253	1.41282
-5.56933	1.06066
-5.60946	0.911918
-5.5909	1.13753
-5.51418	1.41435
-5.49858	1.43926
-5.50621	1.38593
-5.53288	1.38823
-5.52614	1.2952
-5.44918	1.65972
-5.40104	1.83105
-5.42914	1.75202
-5.37426	1.98547
-5.41184	1.79278
-5.39558	1.88065
-5.43115	1.71843
-5.43189	1.68949
-5.25811	2.41376
-5.31904	2.15781
-5.27669	2.34736
-5.2253	2.51443
-5.31397	2.04726
-5.3558	1.90241
-5.29845	2.12899
-5.19593	2.64761
-5.14556	2.88857
-5.22066	2.52337
-5.39505	1.77266
-5.33123	1.94704
-5.28186	2.18175
-5.34704	1.97148
-5.35113	1.91325
-5.3711	1.80246
-5.38169	1.74519
-5.47712	1.41306
-5.49383	1.33024
-5.29158	2.17768
-5.33145	2.03897
-5.3331	1.98166
-5.28566	2.19035
-5.40987	1.58091
-5.38647	1.72
-5.40035	1.65263
-5.40003	1.73884
-5.36231	1.9084
-5.30742	2.11057
-5.36412	1.89677
-5.31495	2.0661
-5.37765	1.86575
-5.38339	1.80128
-5.38142	1.78411
-5.41606	1.62436
-5.47358	1.44365
-5.44762	1.44675
-5.41375	1.5747
-5.53829	0.943871
-5.53962	0.916387
-5.55149	0.825333
-5.63842	0.426565
-5.63528	0.51406
-5.57679	0.868888
-5.63112	0.555746
-5.65917	0.431128
-5.62431	0.607771
-5.55753	0.916381
-5.60008	0.707169
-5.62577	0.55573
-5.69947	0.221301
-5.67381	0.363351
-5.5005	1.09087
-5.42888	1.38355
-5.39601	1.49048
-5.51733	0.958824
-5.47501	1.24082
-5.45178	1.36329
-5.48391	1.19373
-5.56341	0.883599
-5.59924	0.732579
-5.5931	0.743967
-5.6725	0.348004
-5.57394	0.835894
-5.55388	0.895818
-5.56706	0.86323
-5.56308	0.780945
-5.58107	0.719596
-5.534	1.05401
-5.60762	0.761666
-5.49916	1.19325
-5.5347	1.04598
-5.49994	1.24639
-5.52966	1.19087
-5.56085	1.05072
-5.57792	0.820535
-5.58797	0.860712
-5.53691	1.04459
-5.58334	0.767497
-5.56697	0.873642
-5.50165	1.17652
-5.42416	1.44034
-5.44047	1.3999
-5.49314	1.12869
-5.54309	1.00954
-5.55938	0.977309
-5.56072	0.968736
-5.50443	1.19724
-5.55138	1.01418
-5.51042	1.21026
-5.43842	1.52971
-5.58375	0.880748
-5.58176	0.819632
-5.5766	0.785635
-5.49223	1.09424
-5.44283	1.31797
-5.36738	1.69982
-5.42548	1.48787
-5.45453	1.40268
-5.50496	1.15831
-5.42347	1.53128
-5.50422	1.20657
-5.43692	1.48186
-5.51977	1.06895
-5.47169	1.27994
-5.45709	1.42673
-5.44822	1.41376
-5.49592	1.16351
-5.53264	1.03903
-5.45076	1.40665
-5.42824	1.49601
-5.4561	1.37903
-5.58122	0.842769
-5.62174	0.737822
-5.57177	0.826812
-5.54142	1.02667
-5.59093	0.737364
-5.66312	0.49604
-5.56169	1.0387
-5.54252	1.12077
-5.43894	1.54362
-5.5121	1.28825
-5.4709	1.49732
-5.42005	1.70883
-5.43733	1.62835
-5.50057	1.35157
-5.50276	1.30862
-5.49427	1.29682
-5.49894	1.20476
-5.43693	1.40217
-5.46183	1.35898
-5.54497	0.93604
-5.5182	1.09943
-5.43051	1.56771
-5.41551	1.64713
-5.4784	1.39851
-5.55762	1.07049
-5.57812	1.03222
-5.49609	1.38606
-5.47993	1.42476
-5.55536	1.13578
-5.65643	0.614597
-5.56664	0.950731
-5.58834	0.867144
-5.55223	0.986065
-5.54714	0.98804
-5.38139	1.74741
-5.44057	1.49761
-5.4685	1.37332
-5.45507	1.342
-5.35875	1.78411
-5.3866	1.66606
-5.40773	1.59016
-5.48827	1.28732
-5.40848	1.65533
-5.43415	1.58328
-5.39708	1.59538
-5.3926	1.68713
-5.34613	1.90962
-5.32126	2.14603
-5.31776	2.1503
-5.25918	2.34891
-5.32084	2.11338
-5.36572	1.86322
-5.40845	1.6938
-5.40107	1.62088
-5.44756	1.45844
-5.46704	1.37527
-5.55623	0.992515
-5.5727	0.962873
-5.54761	1.00556
-5.55411	1.02266
-5.5615	1.04592
-5.52605	1.16847
-5.45281	1.41516
-5.54014	1.10102
-5.60173	0.832433
-5.54612	0.992563
-5.55029	1.01301
-5.50439	1.1498
-5.44606	1.38444
-5.4669	1.37458
-5.46133	1.42041
-5.53067	1.16165
-5.56225	1.02545
-5.51188	1.24437
-5.51295	1.24048
-5.62102	0.792071
-5.63337	0.751651
-5.69515	0.485393
-5.65876	0.661164
-5.63054	0.74183
-5.62534	0.86677
-5.58283	1.07642
-5.48519	1.48314
-5.46653	1.51946
-5.48843	1.47542
-5.47101	1.58551
-5.37722	2.0317
-5.46038	1.57738
-5.48713	1.46698
-5.40179	1.80381
-5.41369	1.75351
-5.48384	1.42131
-5.49095	1.37913
-5.49364	1.3278
-5.47614	1.34307
-5.50358	1.24239
-5.51385	1.14984
-5.56215	0.889929
-5.59805	0.756848
-5.52032	1.05745
-5.44779	1.43004
-5.41537	1.61607
-5.37816	1.7977
-5.41102	1.65507
-5.47584	1.36729
-5.44965	1.37272
-5.44198	1.39783
-5.31803	2.00127
-5.35276	1.80982
-5.4697	1.37079
-5.43822	1.41704
-5.44689	1.32876
-5.4923	1.0866
-5.48667	1.14172
-5.49817	1.03542
-5.64371	0.38003
-5.65385	0.31048
-5.67623	0.299232
-5.5848	0.68479
-5.59581	0.666573
-5.53918	1.03369
-5.44937	1.33229
-5.45484	1.35258
-5.47098	1.29089
-5.44036	1.44352
-5.43163	1.45588
-5.46282	1.30227
-5.46984	1.25543
-5.53772	0.948815
-5.49653	1.14155
-5.52031	1.03914
-5.51692	1.13669
-5.52078	1.06048
-5.61749	0.591454
-5.62989	0.581601
-5.64807	0.505075
-5.52783	1.02651
-5.61756	0.578284
-5.56663	0.723466
-5.64437	0.48624
-5.67298	0.369343
-5.66553	0.380096
-5.66578	0.293638
-5.61965	0.504414
-5.69446	0.267318
-5.59945	0.708196
-5.59473	0.691402
-5.57608	0.86483
-5.63861	0.528973
-5.63412	0.476513
-5.67271	0.31238
-5.6894	0.348597
-5.46811	1.29103
-5.50544	1.10744
-5.53057	0.979946
-5.58985	0.672922
-5.47673	1.33276
-5.55239	0.959201
-5.64936	0.477116
-5.58036	0.855043
-5.50974	1.154
-5.41894	1.50806
-5.42802	1.48497
-5.48758	1.26086
-5.47067	1.32437
-5.3722	1.66651
-5.4177	1.47306
-5.44645	1.4017
-5.46657	1.24339
-5.39	1.64018
-5.35851	1.72587
-5.32744	1.83054
-5.25207	2.15988
-5.31592	1.87158
-5.31228	1.97681
-5.35079	1.69428
-5.38789	1.55748
-5.47069	1.22556
-5.51026	0.989044
-5.51911	0.984356
-5.47032	1.13192
-5.47867	1.16194
-5.4748	1.12655
-5.42692	1.27252
-5.39946	1.43203
-5.48559	1.04249
-5.42156	1.22478
-5.35864	1.6009
-5.44906	1.2357
-5.53299	0.865787
-5.45909	1.14386
-5.57958	0.706751
-5.55136	0.884451
-5.55763	0.938941
-5.53915	1.08224
-5.47893	1.32717
-5.49083	1.30069
-5.44333	1.53207
-5.46437	1.41675
-5.49125	1.25752
-5.56163	0.888964
-5.54146	0.950466
-5.6572	0.412199
-5.5358	0.990318
-5.48871	1.2765
-5.40144	1.67965
-5.40877	1.72579
-5.37448	1.87191
-5.41408	1.64398
-5.43803	1.50746
-5.40836	1.58122
-5.43324	1.46832
-5.42221	1.50153
-5.37258	1.78566
-5.34561	1.83118
-5.28552	2.13845
-5.33031	1.92008
-5.4406	1.46234
-5.46651	1.37228
-5.44148	1.5286
-5.52249	1.07951
-5.58848	0.774795
-5.45281	1.44923
-5.31685	1.94415
-5.28594	2.05276
-5.33085	1.89922
-5.43398	1.39648
-5.43601	1.40392
-5.46503	1.2968
-5.52663	1.09493
-5.41678	1.55162
-5.44726	1.42255
-5.41084	1.53752
-5.49418	1.13975
-5.67581	0.346173
-5.62216	0.523359
-5.5594	0.773511
-5.47901	1.19526
-5.46795	1.21105
-5.48612	1.05285
-5.51309	0.943044
-5.53115	0.906989
-5.5539	0.880178
-5.58608	0.751717
-5.47028	1.22556
-5.35211	1.70857
-5.32499	1.80934
-5.38072	1.68542
-5.44856	1.33136
-5.39452	1.55306
-5.4255	1.54384
-5.40905	1.58865
-5.46317	1.28794
-5.53663	1.003
-5.58879	0.836017
-5.51015	1.10122
-5.44799	1.2701
-5.41545	1.51411
-5.40351	1.60277
-5.44888	1.34784
-5.43326	1.39303
-5.41517	1.42315
-5.47605	1.23186
-5.48484	1.2139
-5.42122	1.52006
-5.46275	1.27966
-5.50978	1.04958
-5.49005	1.12514
-5.61091	0.702808
-5.60877	0.695304
-5.55689	0.872195
-5.53518	1.01599
-5.54671	0.910997
-5.58639	0.895277
-5.54133	1.01279
-5.55311	0.936673
-5.44207	1.36416
-5.41867	1.53561
-5.41039	1.61349
-5.43103	1.51486
-5.5156	1.17749
-5.43838	1.57933
-5.49065	1.23244
-5.45929	1.37396
-5.49248	1.3173
-5.48094	1.30381
-5.37755	1.83043
-5.36911	1.82608
-5.4537	1.51487
-5.51486	1.2931
-5.40461	1.81503
-5.36324	2.03516
-5.38543	1.94396
-5.42782	1.73062
-5.54239	1.11044
-5.55477	1.0328
-5.54011	1.06766
-5.47213	1.34428
-5.42245	1.56123
-5.44642	1.40198
-5.50448	1.14758
-5.45129	1.40734
-5.41377	1.54529
-5.50797	1.09534
-5.49441	1.18363
-5.50319	1.13842
-5.59149	0.711509
-5.58524	0.755382
-5.64802	0.422968
-5.63621	0.455393
-5.60513	0.580221
-5.52229	0.949709
-5.57416	0.675314
-5.70004	0.0780274
-5.61567	0.46251
-5.6105	0.54647
-5.72476	0.0380838
-5.70633	0.127945
-5.52382	0.984796
-5.54409	0.950298
-5.54708	0.907413
-5.6702	0.379601
-5.67314	0.321016
-5.70203	0.134755
-5.73028	-0.0104157
-5.69737	0.142356
-5.8213	-0.379846
-5.81206	-0.315712
-5.72685	0.0432966
-5.71514	0.13346
-5.71712	0.0666587
-5.71606	0.0645473
-5.72789	-0.0481469
-5.71672	0.050356
-5.67114	0.230876
-5.59613	0.628626
-5.52674	0.941131
-5.57656	0.793283
-5.53346	0.934488
-5.54377	0.932196
-5.58416	0.853824
-5.51539	1.24631
-5.48328	1.38293
-5.5078	1.31967
-5.54176	1.12781
-5.48036	1.31646
-5.54734	0.966605
-5.5558	0.840655
-5.60565	0.798389
-5.60745	0.794059
-5.52105	1.12299
-5.51788	1.1943
-5.51234	1.23928
-5.546	0.986004
-5.45294	1.40636
-5.57552	0.953122
-5.53852	1.10047
-5.56307	0.967015
-5.56512	0.906903
-5.57358	0.930079
-5.65154	0.576969
-5.68072	0.339257
-5.57352	0.771273
-5.56655	0.686805
-5.60329	0.554756
-5.68155	0.220174
-5.59189	0.665375
-5.5658	0.769638
-5.5128	1.06287
-5.45306	1.3135
-5.53118	0.951022
-5.5992	0.642737
-5.60014	0.592049
-5.56243	0.81796
-5.43347	1.41725
-5.45468	1.35072
-5.4372	1.40786
-5.37884	1.75099
-5.32299	1.934
-5.36654	1.80564
-5.44138	1.38097
-5.47554	1.21123
-5.47466	1.25679
-5.49013	1.19595
-5.50896	1.0518
-5.4503	1.27668
-5.4717	1.20197
-5.3838	1.68498
-5.34884	1.77614
-5.42028	1.46433
-5.37945	1.66122
-5.34093	1.84921
-5.39343	1.61988
-5.41419	1.47973
-5.457	1.29406
-5.53585	1.05252
-5.49683	1.23765
-5.48416	1.33599
-5.46913	1.47839
-5.45825	1.4886
-5.43051	1.6666
-5.45487	1.47405
-5.46807	1.46052
-5.53238	1.19199
-5.49847	1.32402
-5.50699	1.239
-5.4461	1.56525
-5.43738	1.60936
-5.4602	1.45672
-5.45157	1.48257
-5.46053	1.50308
-5.48213	1.32148
-5.46852	1.43042
-5.49677	1.30799
-5.46972	1.46709
-5.50077	1.24904
-5.50336	1.24714
-5.51627	1.07269
-5.48068	1.17692
-5.48924	1.28911
-5.43439	1.66994
-5.38972	1.85536
-5.46199	1.52008
-5.37234	1.90551
-5.35476	1.90207
-5.3344	1.94592
-5.32985	1.97028
-5.44807	1.49837
-5.40962	1.6014
-5.42567	1.57223
-5.48641	1.28942
-5.49985	1.34306
-5.5058	1.2622
-5.50744	1.23445
-5.62151	0.709642
-5.60886	0.748749
-5.51021	1.16715
-5.52896	1.13407
-5.49118	1.30989
-5.51725	1.19234
-5.49609	1.25446
-5.43526	1.52105
-5.45633	1.32419
-5.46747	1.35668
-5.56706	0.933389
-5.53756	1.05289
-5.46758	1.39197
-5.47071	1.41632
-5.48813	1.29902
-5.47905	1.30954
-5.59858	0.821973
-5.55498	0.985026
-5.37988	1.7746
-5.52639	1.10798
-5.55245	0.988283
-5.43648	1.42734
-5.44361	1.44285
-5.36312	1.89922
-5.40593	1.7185
-5.45504	1.43716
-5.46497	1.41259
-5.4104	1.7216
-5.42531	1.7381
-5.43947	1.75641
-5.39704	1.92654
-5.2748	2.43514
-5.35088	2.04779
-5.38859	1.86471
-5.4066	1.78033
-5.39251	1.82178
-5.26423	2.43565
-5.28799	2.33769
-5.41326	1.79974
-5.38384	1.97794
-5.35977	2.05175
-5.40142	1.88384
-5.39084	1.9087
-5.37461	1.92415
-5.33669	2.11312
-5.34478	2.0831
-5.29966	2.21348
-5.30443	2.1861
-5.39576	1.78331
-5.36284	1.98216
-5.44884	1.64359
-5.44882	1.70347
-5.44653	1.71328
-5.46276	1.66228
-5.53956	1.30755
-5.50668	1.40888
-5.47912	1.46061
-5.4985	1.38942
-5.5332	1.3213
-5.58369	1.21807
-5.54503	1.38537
-5.27368	2.56135
-5.25161	2.66364
-5.31164	2.36582
-5.31405	2.23707
-5.28717	2.31808
-5.23761	2.57767
-5.10642	3.18339
-5.23408	2.61015
-5.21485	2.65963
-5.156	2.87476
-5.23699	2.53356
-5.33343	2.14307
-5.31941	2.24641
-5.34071	2.1455
-5.34292	2.18958
-5.31484	2.33819
-5.30901	2.44085
-5.28917	2.48338
-5.27834	2.44584
-5.24909	2.59521
-5.24724	2.60072
-5.32084	2.38021
-5.31544	2.19478
-5.36219	2.03224
-5.26568	2.41777
-5.31247	2.23191
-5.38901	1.85487
-5.36862	1.84362
-5.38253	1.78038
-5.39073	1.70921
-5.4043	1.70251
-5.48286	1.44498
-5.49474	1.34205
-5.52609	1.2353
-5.58551	1.01547
-5.65235	0.723554
-5.52019	1.29641
-5.45729	1.50824
-5.4909	1.33731
-5.49602	1.44385
-5.41951	1.79223
-5.39823	1.87222
-5.4524	1.67115
-5.50744	1.41441
-5.48717	1.50412
-5.51936	1.33805
-5.41601	1.7438
-5.39771	1.83036
-5.37796	1.9222
-5.34454	2.19538
-5.3269	2.20901
-5.38733	1.9209
-5.38256	1.83945
-5.24106	2.38298
-5.23359	2.36071
-5.29036	2.17792
-5.35116	1.87413
-5.36659	1.81261
-5.48169	1.34044
-5.50399	1.26552
-5.55898	1.09029
-5.57269	0.892347
-5.47563	1.34233
-5.52362	1.18071
-5.49103	1.30383
-5.582	0.818598
-5.44212	1.51568
-5.44665	1.46946
-5.51981	1.13453
-5.51415	1.20778
-5.47379	1.37422
-5.55304	1.07469
-5.55452	1.09837
-5.54921	1.20173
-5.63717	0.790984
-5.62491	0.752089
-5.6175	0.764225
-5.52466	1.13072
-5.43512	1.40795
-5.47363	1.31059
-5.50243	1.16037
-5.47512	1.29384
-5.50392	1.22844
-5.36373	1.76119
-5.44785	1.45541
-5.49215	1.18686
-5.47567	1.37222
-5.43604	1.61279
-5.43394	1.6192
-5.47921	1.3983
-5.46203	1.49344
-5.41426	1.68796
-5.4475	1.52729
-5.44086	1.47462
-5.42011	1.53649
-5.54874	0.904391
-5.4419	1.3622
-5.5216	0.969077
-5.48046	1.23277
-5.4399	1.47773
-5.48383	1.33757
-5.50237	1.23792
-5.52793	1.13979
-5.60698	0.799416
-5.48502	1.30872
-5.44779	1.36295
-5.54942	0.875393
-5.58312	0.716224
-5.54681	0.912495
-5.68857	0.304714
-5.5614	0.89189
-5.53552	0.943885
-5.52824	1.02893
-5.60062	0.759065
-5.70734	0.259574
-5.72281	0.214407
-5.6659	0.491178
-5.76533	-0.0340353
-5.66648	0.386348
-5.63998	0.585011
-5.62379	0.587294
-5.57402	0.82513
-5.51161	1.08815
-5.51695	1.12867
-5.51285	1.16101
-5.43778	1.46705
-5.42122	1.62644
-5.51119	1.29548
-5.53024	1.15135
-5.52532	1.11338
-5.55112	1.03818
-5.55645	0.966183
-5.44947	1.45072
-5.55468	0.964417
-5.53285	1.13726
-5.54771	1.04008
-5.50728	1.13098
-5.52227	1.05945
-5.55539	0.995014
-5.57193	1.05036
-5.53293	1.27498
-5.4812	1.43735
-5.5227	1.27751
-5.60723	0.759662
-5.4985	1.23648
-5.51594	1.32521
-5.55761	1.17181
-5.49466	1.28018
-5.50363	1.14891
-5.45634	1.35305
-5.40001	1.57246
-5.59333	0.760731
-5.55386	0.929432
-5.58371	0.80308
-5.54005	1.00098
-5.58403	0.730015
-5.49817	1.2061
-5.55964	0.796196
-5.4919	1.13898
-5.58207	0.728988
-5.46264	1.24282
-5.554	0.845574
-5.49718	1.13092
-5.39017	1.54912
-5.43904	1.27027
-5.5039	1.02037
-5.4739	1.18589
-5.4214	1.40715
-5.48264	1.23734
-5.45882	1.39236
-5.40747	1.62424
-5.48561	1.29565
-5.4286	1.49864
-5.45015	1.37357
-5.45968	1.38972
-5.44475	1.41848
-5.36172	1.77151
-5.43307	1.40076
-5.42393	1.49655
-5.38694	1.64402
-5.36611	1.73983
-5.49881	1.13731
-5.50411	1.17504
-5.55277	0.942764
-5.57529	0.8994
-5.56907	0.903133
-5.49979	1.25039
-5.53395	1.11766
-5.52803	1.08501
-5.56616	0.887919
-5.52739	0.991443
-5.52135	1.13259
-5.48945	1.2417
-5.42329	1.56009
-5.35826	1.8484
-5.31881	1.99132
-5.35688	1.75769
-5.40341	1.62591
-5.24389	2.2715
-5.32685	1.9445
-5.43059	1.49462
-5.39871	1.6741
-5.46267	1.39957
-5.5071	1.22273
-5.5072	1.23846
-5.50155	1.2657
-5.42826	1.52628
-5.51028	1.19798
-5.50294	1.27825
-5.51583	1.09269
-5.50958	1.1652
-5.4366	1.5076
-5.41628	1.58848
-5.49865	1.22271
-5.38848	1.75877
-5.39519	1.73957
-5.39307	1.69648
-5.42449	1.54388
-5.39511	1.66926
-5.49601	1.16614
-5.50398	1.17126
-5.47716	1.29078
-5.46163	1.27998
-5.52515	1.00178
-5.50517	1.03822
-5.51238	1.09331
-5.52173	1.03952
-5.5942	0.737591
-5.49953	1.13383
-5.35138	1.76528
-5.43499	1.46763
-5.41448	1.68656
-5.45382	1.50364
-5.36945	1.78365
-5.39396	1.67067
-5.47193	1.31743
-5.50966	1.17144
-5.52121	1.08266
-5.47023	1.46506
-5.40957	1.75796
-5.43273	1.69019
-5.44005	1.6582
-5.40038	1.64428
-5.31502	2.01482
-5.31723	2.00607
-5.41773	1.52023
-5.49408	1.16502
-5.50749	1.04955
-5.46131	1.24855
-5.51648	1.11093
-5.53812	1.03182
-5.58176	0.816482
-5.52149	1.19344
-5.57871	0.87464
-5.51975	1.10114
-5.44793	1.51087
-5.48566	1.42034
-5.45282	1.54391
-5.44636	1.50313
-5.46841	1.37581
-5.47824	1.40175
-5.37505	1.81936
-5.41121	1.59269
-5.38489	1.72109
-5.45112	1.49248
-5.51826	1.24971
-5.47741	1.32632
-5.48335	1.32077
-5.46598	1.34919
-5.35988	1.78464
-5.38405	1.73486
-5.41591	1.59338
-5.47043	1.46139
-5.47615	1.38653
-5.53689	1.119
-5.50813	1.14702
-5.56681	0.871345
-5.53172	1.09041
-5.54179	0.996876
-5.54491	0.94514
-5.60758	0.690491
-5.63483	0.598593
-5.58969	0.830864
-5.61464	0.695257
-5.60929	0.685888
-5.45472	1.32218
-5.44116	1.3687
-5.43713	1.34401
-5.45928	1.34372
-5.51108	1.17293
-5.54933	1.00576
-5.46714	1.27161
-5.58032	0.734739
-5.59973	0.756912
-5.41457	1.48513
-5.50334	1.12796
-5.51422	1.10297
-5.39135	1.60035
-5.41668	1.48565
-5.52095	1.06017
-5.53574	1.01263
-5.49452	1.18149
-5.50053	1.0986
-5.55883	0.942568
-5.50541	1.14434
-5.44549	1.33986
-5.47566	1.23244
-5.36519	1.6892
-5.42867	1.3858
-5.35726	1.68876
-5.366	1.66746
-5.38155	1.62854
-5.31439	2.07076
-5.33429	1.91783
-5.37239	1.85212
-5.37095	1.93568
-5.35988	1.95569
-5.43391	1.68755
-5.38092	1.98968
-5.25826	2.35816
-5.307	2.21646
-5.25548	2.33965
-5.24272	2.33959
-5.38677	1.69327
-5.45453	1.36668
-5.3865	1.62386
-5.36992	1.60729
-5.432	1.3847
-5.39118	1.6488
-5.38997	1.7256
-5.36294	1.82928
-5.48504	1.2766
-5.48383	1.36635
-5.53057	1.09806
-5.56454	1.00729
-5.49722	1.27815
-5.55204	0.934789
-5.57805	0.787219
-5.55571	0.821728
-5.58561	0.677149
-5.51752	0.862782
-5.45472	1.10967
-5.53606	0.80472
-5.48965	1.11609
-5.57884	0.653771
-5.6425	0.369992
-5.7107	0.0359326
-5.63612	0.380045
-5.58527	0.576717
-5.55749	0.693108
-5.50439	0.985969
-5.62644	0.48002
-5.6509	0.389043
-5.53312	0.967006
-5.55246	0.877013
-5.59127	0.650721
-5.54208	0.935093
-5.56477	0.810381
-5.50788	1.044
-5.53461	0.861143
-5.5609	0.71076
-5.50906	1.02772
-5.46052	1.21697
-5.41981	1.36921
-5.47399	1.19205
-5.47146	1.24369
-5.4895	1.1229
-5.52122	1.00892
-5.53066	0.966243
-5.55138	0.776446
-5.54003	0.963986
-5.4706	1.17882
-5.52125	0.934625
-5.48648	0.99799
-5.49129	1.10884
-5.50342	1.0226
-5.41504	1.50937
-5.49721	1.09759
-5.53692	0.95087
-5.51778	1.13425
-5.5265	1.11259
-5.61691	0.701442
-5.58813	0.858855
-5.57033	0.820161
-5.48453	1.21395
-5.52461	1.00503
-5.42685	1.44529
-5.49919	1.1647
-5.53571	1.0269
-5.52621	1.0044
-5.53852	0.870833
-5.50966	1.03029
-5.4893	1.13832
-5.45447	1.26802
-5.45944	1.20543
-5.57498	0.718348
-5.56995	0.684028
-5.54294	0.859008
-5.54265	0.853339
-5.63812	0.462118
-5.69011	0.128076
-5.60685	0.505198
-5.56842	0.665721
-5.5902	0.517278
-5.63064	0.381927
-5.58781	0.548803
-5.67324	0.162418
-5.61241	0.509283
-5.65647	0.281967
-5.53114	0.943679
-5.57029	0.833643
-5.57682	0.748198
-5.52519	1.00848
-5.57526	0.776484
-5.48778	1.17172
-5.53718	0.995953
-5.47697	1.24065
-5.49557	1.17419
-5.53755	0.956348
-5.54131	0.994816
-5.47042	1.39028
-5.47858	1.32766
-5.55079	1.10108
-5.65953	0.593008
-5.6194	0.809537
-5.59395	0.854355
-5.67561	0.426275
-5.64357	0.560342
-5.62981	0.652056
-5.57524	0.957199
-5.50894	1.35702
-5.50682	1.40972
-5.48846	1.45571
-5.41782	1.5873
-5.49926	1.26769
-5.47536	1.36164
-5.4868	1.22633
-5.45524	1.40782
-5.51883	1.07522
-5.56106	0.85547
-5.558	0.891916
-5.48936	1.07938
-5.39006	1.58825
-5.41256	1.48311
-5.50201	1.08398
-5.47226	1.20607
-5.43695	1.35836
-5.39429	1.52656
-5.34247	1.84059
-5.33229	1.88526
-5.34705	1.95963
-5.41064	1.65657
-5.32872	2.05904
-5.45496	1.48983
-5.48094	1.28029
-5.39136	1.59162
-5.46636	1.30548
-5.52774	1.08559
-5.59258	0.836379
-5.49534	1.21784
-5.42245	1.5152
-5.41792	1.53823
-5.49087	1.20733
-5.49474	1.13429
-5.40692	1.54463
-5.36927	1.69931
-5.42776	1.40199
-5.48712	1.24752
-5.45452	1.30137
-5.48214	1.11413
-5.46759	1.20186
-5.44243	1.25748
-5.4092	1.45287
-5.35025	1.66935
-5.41952	1.50362
-5.35908	1.74291
-5.33908	1.80313
-5.31865	1.92413
-5.2827	2.02405
-5.16154	2.56322
-5.29457	2.01497
-5.42552	1.55732
-5.44345	1.58812
-5.48293	1.43057
-5.44327	1.5997
-5.46733	1.51536
-5.49438	1.37472
-5.55341	1.02447
-5.51733	1.21521
-5.63568	0.718984
-5.53363	1.16616
-5.45333	1.46713
-5.39641	1.70277
-5.3565	1.85384
-5.36843	1.85994
-5.39029	1.73645
-5.42582	1.54538
-5.50645	1.23103
-5.49047	1.36239
-5.51691	1.20746
-5.47946	1.30955
-5.37193	1.70489
-5.34591	1.83306
-5.32513	1.9551
-5.28682	2.14713
-5.38437	1.7249
-5.27626	2.11545
-5.30043	2.00074
-5.34925	1.73208
-5.4206	1.41275
-5.49596	1.16541
-5.47757	1.23926
-5.45824	1.29116
-5.46844	1.29097
-5.45445	1.32574
-5.46457	1.1939
-5.51711	0.96241
-5.50983	0.97976
-5.57013	0.754397
-5.62953	0.59124
-5.62343	0.73393
-5.62909	0.717338
-5.63654	0.674309
-5.59286	0.974843
-5.52431	1.3617
-5.64686	0.791512
-5.60509	0.877263
-5.56279	0.975609
-5.63173	0.712611
-5.62707	0.744498
-5.5113	1.222
-5.53253	1.17837
-5.53705	1.09722
-5.5842	0.822178
-5.4735	1.42379
-5.45537	1.35066
-5.38665	1.64511
-5.36781	1.73571
-5.31177	2.09798
-5.36163	1.86376
-5.45435	1.44467
-5.4736	1.38041
-5.47748	1.40437
-5.54256	1.01498
-5.52873	1.12787
-5.55838	0.962575
-5.63504	0.650492
-5.61606	0.675457
-5.63145	0.626594
-5.59574	0.737775
-5.54978	0.932092
-5.59631	0.720361
-5.61163	0.510587
-5.60879	0.48887
-5.51431	0.959495
-5.54849	0.841223
-5.61387	0.556916
-5.61042	0.498282
-5.62097	0.45314
-5.60081	0.660782
-5.58754	0.634851
-5.61651	0.455264
-5.51316	0.86049
-5.59576	0.557486
-5.57715	0.654776
-5.69896	0.152266
-5.70625	0.17407
-5.67749	0.412252
-5.58253	0.835673
-5.53842	1.0001
-5.53723	0.98662
-5.5063	0.990541
-5.51568	1.04422
-5.51465	1.02631
-5.5288	0.968759
-5.47912	1.17988
-5.47956	1.20085
-5.53105	1.08033
-5.52657	1.05107
-5.59137	0.805547
-5.58488	0.727396
-5.60862	0.625802
-5.47429	1.1944
-5.50852	1.01729
-5.54568	0.86869
-5.48174	1.2523
-5.4761	1.33968
-5.50214	1.14674
-5.43821	1.46999
-5.48022	1.29715
-5.57146	0.865311
-5.54114	0.987271
-5.56987	0.880598
-5.38613	1.62784
-5.46675	1.28954
-5.49478	1.13892
-5.46206	1.36877
-5.50333	1.1056
-5.52914	0.960264
-5.52618	1.04439
-5.46099	1.36149
-5.42705	1.52325
-5.51714	1.11229
-5.48153	1.2334
-5.5136	1.12698
-5.42788	1.53497
-5.42947	1.53918
-5.5563	1.10871
-5.47944	1.50891
-5.55269	1.17205
-5.61989	0.769893
-5.61595	0.769681
-5.56967	0.974916
-5.49701	1.2399
-5.49104	1.25909
-5.52514	1.11632
-5.54887	0.990872
-5.5224	1.11247
-5.5978	0.722838
-5.50165	1.13676
-5.52373	1.06412
-5.47314	1.29645
-5.50359	1.17862
-5.42283	1.5365
-5.37833	1.72759
-5.35937	1.88511
-5.3201	2.03821
-5.34588	1.89961
-5.35551	1.89164
-5.32302	2.05183
-5.285	2.30291
-5.2907	2.24643
-5.21593	2.61665
-5.20538	2.61692
-5.23698	2.45961
-5.37083	1.88285
-5.38278	1.77913
-5.39703	1.78053
-5.34578	1.95014
-5.42032	1.61831
-5.37776	1.83331
-5.4247	1.57489
-5.42114	1.6341
-5.39429	1.87837
-5.5214	1.35549
-5.57426	1.16856
-5.65241	0.785356
-5.62851	0.803376
-5.65795	0.663351
-5.64741	0.781781
-5.51969	1.35087
-5.55871	1.0784
-5.53762	1.10007
-5.45787	1.365
-5.49813	1.23915
-5.52318	1.12769
-5.52791	1.14493
-5.53962	1.0657
-5.47503	1.25803
-5.47129	1.24132
-5.41999	1.51626
-5.53168	1.07005
-5.54133	1.14782
-5.48707	1.47881
-5.54287	1.28431
-5.54636	1.24062
-5.53785	1.30084
-5.51632	1.34474
-5.43297	1.73635
-5.48466	1.47173
-5.56189	1.10677
-5.48833	1.44546
-5.57657	1.03801
-5.55145	1.0244
-5.48786	1.33595
-5.51257	1.25717
-5.48907	1.39989
-5.47661	1.40454
-5.58571	0.962581
-5.57639	1.02051
-5.52424	1.19911
-5.52841	1.25672
-5.53526	1.2994
-5.53371	1.22474
-5.40544	1.76905
-5.48379	1.46953
-5.47521	1.43795
-5.42649	1.69948
-5.38953	1.84433
-5.32105	2.12569
-5.30277	2.13147
-5.49389	1.32336
-5.38212	1.84413
-5.33333	2.02195
-5.26813	2.36987
-5.35983	2.02515
-5.43791	1.66859
-5.48291	1.48349
-5.47136	1.53593
-5.43827	1.69218
-5.44856	1.62013
-5.42507	1.74982
-5.44935	1.57867
-5.46469	1.50852
-5.46402	1.53404
-5.50557	1.31654
-5.4464	1.61504
-5.30917	2.08757
-5.42033	1.64319
-5.39975	1.75966
-5.4958	1.28298
-5.48514	1.4062
-5.57347	0.974667
-5.5113	1.28888
-5.40625	1.6535
-5.4202	1.6838
-5.39319	1.61739
-5.45763	1.31877
-5.42174	1.59276
-5.44927	1.42435
-5.4013	1.665
-5.41076	1.66494
-5.3363	1.89357
-5.24863	2.1795
-5.42335	1.40344
-5.44257	1.29231
-5.50088	1.06657
-5.46032	1.27412
-5.38438	1.65586
-5.39443	1.66451
-5.44641	1.40155
-5.48388	1.31395
-5.48648	1.35543
-5.50193	1.17289
-5.43993	1.47434
-5.47461	1.33506
-5.61049	0.747789
-5.53989	1.09152
-5.47167	1.28151
-5.39818	1.64057
-5.43767	1.48879
-5.47194	1.37774
-5.42394	1.56303
-5.41685	1.54421
-5.35329	1.77868
-5.28327	2.01835
-5.32304	1.94954
-5.31118	2.05347
-5.42655	1.46189
-5.41611	1.58286
-5.48591	1.34841
-5.58399	0.911136
-5.47747	1.41538
-5.49037	1.3442
-5.51204	1.1923
-5.59883	0.832818
-5.46947	1.35967
-5.39133	1.70525
-5.40551	1.55431
-5.32225	1.9613
-5.43132	1.56796
-5.42522	1.6346
-5.47747	1.34567
-5.50389	1.24087
-5.43749	1.59651
-5.44991	1.47324
-5.43879	1.54466
-5.53714	1.01257
-5.49734	1.25159
-5.56729	1.0614
-5.4655	1.46575
-5.45659	1.44628
-5.38446	1.72164
-5.54171	1.11846
-5.46924	1.4574
-5.51901	1.27885
-5.4892	1.30992
-5.46555	1.47097
-5.37054	1.92484
-5.41917	1.73087
-5.42347	1.68777
-5.56693	1.08426
-5.61137	0.830309
-5.50328	1.37699
-5.44714	1.64271
-5.40219	1.86306
-5.36134	1.9721
-5.37285	1.93908
-5.49118	1.40585
-5.43047	1.64861
-5.49353	1.37532
-5.53167	1.21828
-5.52529	1.29213
-5.45481	1.55978
-5.47985	1.42143
-5.42129	1.74917
-5.4496	1.65735
-5.43357	1.72027
-5.31896	2.0951
-5.32007	2.00001
-5.4214	1.63311
-5.4732	1.45727
-5.38685	1.80677
-5.43492	1.66273
-5.40926	1.88296
-5.49242	1.49111
-5.49308	1.57408
-5.51439	1.61267
-5.62166	1.00153
-5.51521	1.43641
-5.45127	1.74159
-5.51566	1.39375
-5.4425	1.67502
-5.37938	1.94233
-5.38128	1.91726
-5.26602	2.40346
-5.29384	2.23267
-5.25484	2.3997
-5.33098	2.02603
-5.36215	2.00537
-5.33138	2.15881
-5.33747	2.06555
-5.33244	2.12445
-5.27557	2.34985
-5.31547	2.33285
-5.3553	2.18129
-5.38791	2.04208
-5.28181	2.4179
-5.42716	1.76987
-5.40534	1.84793
-5.34455	2.06965
-5.41405	1.86689
-5.50931	1.39962
-5.50371	1.40699
-5.40685	1.83542
-5.3869	2.02419
-5.36686	2.03694
-5.33209	2.16142
-5.4122	1.85489
-5.41403	1.82722
-5.34819	2.15037
-5.37538	2.11919
-5.27962	2.46034
-5.41328	1.86667
-5.49078	1.38322
-5.44061	1.68505
-5.39223	1.80808
-5.31885	2.13137
-5.39885	1.76054
-5.25957	2.24158
-5.38969	1.85116
-5.45197	1.53157
-5.36125	1.833
-5.32108	2.02962
-5.30639	2.13329
-5.37208	1.84992
-5.3138	2.10622
-5.35262	1.87968
-5.35998	1.8633
-5.4243	1.63996
-5.38116	1.82534
-5.40543	1.69231
-5.34091	1.92723
-5.38146	1.76362
-5.44859	1.42703
-5.35804	1.84154
-5.42075	1.51983
-5.38805	1.704
-5.47831	1.30727
-5.43375	1.5582
-5.54356	1.10213
-5.46765	1.33316
-5.45717	1.45037
-5.44226	1.4924
-5.42987	1.51591
-5.39216	1.75769
-5.40195	1.67632
-5.48842	1.29889
-5.5726	0.845677
-5.47337	1.30446
-5.35232	1.72997
-5.3334	1.80905
-5.47175	1.28763
-5.51107	1.11902
-5.57536	0.844661
-5.44776	1.30269
-5.35129	1.72247
-5.42967	1.40707
-5.43533	1.39831
-5.43144	1.53375
-5.40587	1.6654
-5.40027	1.75079
-5.4332	1.60706
-5.44415	1.5099
-5.4032	1.6925
-5.37267	1.75032
-5.31927	2.01849
-5.37045	1.77281
-5.4475	1.44762
-5.39313	1.66768
-5.4011	1.76477
-5.4145	1.59676
-5.40651	1.56524
-5.38542	1.69321
-5.35923	1.85008
-5.45737	1.47026
-5.42964	1.51702
-5.45709	1.44086
-5.39556	1.61868
-5.53286	1.04063
-5.4629	1.38309
-5.4064	1.62086
-5.40435	1.66177
-5.35421	1.89068
-5.40111	1.69596
-5.41373	1.59561
-5.32174	1.96185
-5.33819	1.95449
-5.40013	1.6617
-5.5141	1.15609
-5.48928	1.23528
-5.54862	1.02233
-5.58168	0.920857
-5.48984	1.29512
-5.50307	1.22056
-5.51051	1.27111
-5.47998	1.42835
-5.41209	1.70263
-5.46201	1.47348
-5.46613	1.51636
-5.47612	1.45411
-5.42501	1.67534
-5.49375	1.37014
-5.51028	1.29496
-5.43356	1.6797
-5.46825	1.51297
-5.45448	1.52839
-5.51855	1.23411
-5.43237	1.74424
-5.51805	1.31713
-5.56301	1.01855
-5.65107	0.548198
-5.55663	0.957504
-5.5769	0.839424
-5.57999	0.848049
-5.55927	0.923277
-5.53082	1.01245
-5.62055	0.74491
-5.61288	0.695037
-5.54092	1.04024
-5.44491	1.39836
-5.42129	1.44685
-5.51682	1.05979
-5.59091	0.765307
-5.43863	1.44543
-5.44576	1.39802
-5.47949	1.23128
-5.6049	0.64199
-5.61179	0.607986
-5.54	0.955099
-5.57388	0.848297
-5.6197	0.611753
-5.55586	0.845335
-5.515	1.07903
-5.44245	1.38732
-5.47854	1.29218
-5.48172	1.25159
-5.52419	0.973802
-5.57647	0.806362
-5.51173	1.0969
-5.45857	1.33862
-5.45574	1.33378
-5.52972	0.965034
-5.50362	1.00937
-5.51399	0.982678
-5.34044	1.733
-5.35557	1.70391
-5.39994	1.51749
-5.50763	0.981383
-5.53403	0.872248
-5.59916	0.605298
-5.68712	0.284105
-5.63935	0.458658
-5.5729	0.780291
-5.49694	1.08201
-5.35281	1.76185
-5.39592	1.6205
-5.4266	1.47443
-5.38241	1.71323
-5.44738	1.4745
-5.3962	1.68039
-5.42576	1.54542
-5.46328	1.38428
-5.52351	1.12184
-5.45964	1.40347
-5.5334	1.02061
-5.51444	1.14676
-5.51544	1.16938
-5.58009	0.851338
-5.53543	0.952286
-5.51745	1.05486
-5.41724	1.50059
-5.41665	1.5893
-5.44576	1.3603
-5.45259	1.29664
-5.52837	0.95787
-5.5832	0.781757
-5.64528	0.55101
-5.68776	0.37409
-5.63809	0.456942
-5.64615	0.392605
-5.69938	0.158509
-5.60657	0.686475
-5.42845	1.48419
-5.3984	1.58369
-5.51213	1.13089
-5.52252	1.07645
-5.48398	1.20329
-5.45792	1.28909
-5.53156	1.0094
-5.52686	0.984819
-5.50452	1.13643
-5.5365	1.02863
-5.46184	1.33948
-5.39024	1.61357
-5.42742	1.5607
-5.45822	1.53798
-5.54189	1.18807
-5.50958	1.41338
-5.54239	1.21441
-5.48166	1.59486
-5.39668	1.95553
-5.43923	1.64001
-5.45701	1.58385
-5.44656	1.72506
-5.41663	1.7645
-5.43017	1.75021
-5.36741	1.90838
-5.37627	1.79604
-5.45843	1.3651
-5.42313	1.64027
-5.51981	1.23242
-5.5709	0.977997
-5.52685	1.18238
-5.44176	1.5161
-5.47164	1.4741
-5.36374	1.87838
-5.4006	1.79369
-5.44393	1.57392
-5.43268	1.55117
-5.54631	1.03464
-5.55256	0.97652
-5.67612	0.349427
-5.64662	0.411161
-5.62974	0.502046
-5.58823	0.666387
-5.46492	1.22115
-5.4918	1.09305
-5.43057	1.34766
-5.44741	1.2617
-5.48894	1.09801
-5.5282	0.940796
-5.56984	0.758528
-5.57152	0.832512
-5.5633	0.750325
-5.64752	0.522591
-5.52964	1.02957
-5.57968	0.761897
-5.55323	0.759319
-5.59077	0.641116
-5.58384	0.68691
-5.55266	0.868015
-5.46361	1.2368
-5.4285	1.4381
-5.54661	0.948927
-5.44045	1.3746
-5.46682	1.25358
-5.47431	1.32803
-5.53998	0.94435
-5.54643	0.858014
-5.59052	0.745916
-5.53576	1.08941
-5.5135	1.18978
-5.52861	1.07926
-5.4802	1.32926
-5.52572	1.16205
-5.45266	1.48896
-5.34158	1.98614
-5.40103	1.81337
-5.50057	1.42206
-5.50144	1.41675
-5.43864	1.66354
-5.43845	1.6773
-5.4137	1.71821
-5.44363	1.62822
-5.37375	1.93829
-5.40193	1.81202
-5.41235	1.75078
-5.46698	1.4953
-5.42064	1.69398
-5.39135	1.8379
-5.40687	1.70468
-5.40719	1.66842
-5.44897	1.5741
-5.43852	1.60737
-5.49027	1.38645
-5.52499	1.2191
-5.51293	1.22119
-5.54934	1.1204
-5.53537	1.00322
-5.45161	1.34133
-5.47035	1.21631
-5.32906	1.86999
-5.34631	1.90622
-5.34621	1.91356
-5.32306	1.94196
-5.29673	2.03736
-5.39566	1.62749
-5.44707	1.43245
-5.48187	1.35334
-5.39806	1.71396
-5.36138	1.80281
-5.46728	1.47028
-5.37795	1.77126
-5.36419	1.77884
-5.36375	1.85522
-5.36394	1.86825
-5.46592	1.37338
-5.40758	1.62093
-5.41006	1.73251
-5.57244	1.02039
-5.4942	1.37277
-5.42644	1.63345
-5.38365	1.94684
-5.4624	1.53603
-5.42662	1.68591
-5.42086	1.8857
-5.51972	1.43143
-5.501	1.50975
-5.50685	1.54605
-5.44581	1.73916
-5.37188	2.08143
-5.45403	1.72114
-5.42208	1.81761
-5.34256	2.12533
-5.15563	2.8969
-5.2311	2.44514
-5.34154	2.02555
-5.35163	2.01571
-5.46554	1.6147
-5.46977	1.57469
-5.46112	1.52951
-5.44511	1.61193
-5.47198	1.4997
-5.41197	1.77059
-5.4329	1.59898
-5.44582	1.51973
-5.46808	1.31772
-5.53915	1.03254
-5.53309	1.09067
-5.50602	1.27467
-5.5512	1.09748
-5.44156	1.495
-5.50403	1.18912
-5.49458	1.20605
-5.59886	0.84425
-5.5723	0.900888
-5.57326	0.891642
-5.54124	1.00147
-5.54205	1.04671
-5.56309	0.917349
-5.49294	1.26004
-5.46067	1.36061
-5.45394	1.38085
-5.39078	1.77616
-5.36595	1.81801
-5.39939	1.65371
-5.44337	1.4659
-5.39706	1.76443
-5.29135	2.14459
-5.40566	1.63093
-5.35484	1.83817
-5.40557	1.63104
-5.27413	2.23083
-5.37436	1.81433
-5.36589	1.71971
-5.31501	1.98362
-5.32347	1.93669
-5.48237	1.31284
-5.44419	1.46059
-5.43187	1.56014
-5.36318	1.86993
-5.39351	1.82328
-5.41239	1.80207
-5.44315	1.64042
-5.52579	1.25503
-5.51282	1.19205
-5.53181	1.02795
-5.46652	1.27982
-5.45121	1.3706
-5.48418	1.28901
-5.4625	1.36201
-5.41901	1.5814
-5.47618	1.40041
-5.5256	1.1288
-5.52978	1.06142
-5.55446	0.871784
-5.4936	1.28716
-5.58848	0.871009
-5.5203	1.21807
-5.48705	1.33826
-5.43318	1.5112
-5.3962	1.70721
-5.47394	1.4229
-5.41337	1.67474
-5.48736	1.31963
-5.43755	1.54609
-5.44097	1.56312
-5.38034	1.86346
-5.42018	1.78393
-5.29882	2.34825
-5.40553	1.81417
-5.41977	1.68098
-5.35069	1.92652
-5.39477	1.84055
-5.42938	1.64761
-5.43596	1.60487
-5.45481	1.49928
-5.42185	1.61899
-5.45616	1.49629
-5.47198	1.43278
-5.51744	1.19462
-5.43312	1.53846
-5.32723	1.89117
-5.33927	1.87268
-5.3872	1.73902
-5.41343	1.66164
-5.41093	1.69575
-5.4249	1.54101
-5.50304	1.2908
-5.49726	1.36053
-5.4987	1.2361
-5.55123	1.03685
-5.43624	1.53511
-5.45948	1.31287
-5.46927	1.16834
-5.47861	1.04776
-5.52042	0.975547
-5.37659	1.57209
-5.39952	1.55584
-5.47614	1.2762
-5.54815	0.968747
-5.50818	1.2138
-5.51458	1.18139
-5.41587	1.55906
-5.4023	1.60815
-5.33642	1.83748
-5.37076	1.71105
-5.33929	1.8191
-5.35802	1.7851
-5.34056	1.81493
-5.33689	1.86474
-5.3255	1.97675
-5.38399	1.77032
-5.40111	1.64434
-5.33256	1.86021
-5.2342	2.23939
-5.33864	1.84235
-5.28138	2.12177
-5.27446	2.1208
-5.47755	1.36016
-5.36342	1.92006
-5.37853	1.83098
-5.46253	1.4126
-5.47358	1.42473
-5.40266	1.57595
-5.42174	1.41773
-5.38891	1.60277
-5.56213	0.932688
-5.45123	1.40499
-5.47088	1.35985
-5.39471	1.70427
-5.42654	1.53917
-5.47472	1.26289
-5.4703	1.28155
-5.44617	1.35358
-5.30052	2.10621
-5.35546	1.84651
-5.38418	1.7869
-5.46408	1.43535
-5.49086	1.32364
-5.42145	1.62942
-5.41821	1.72826
-5.3529	1.97464
-5.34423	1.94786
-5.29712	2.03763
-5.29423	2.05001
-5.27179	2.1603
-5.33216	1.87479
-5.33939	1.82282
-5.31835	1.87901
-5.28468	2.04634
-5.3374	1.82742
-5.34179	1.80103
-5.32257	1.86971
-5.33213	1.81494
-5.38497	1.67247
-5.31491	1.94949
-5.30352	2.00153
-5.26644	2.12883
-5.40733	1.49212
-5.43542	1.45081
-5.46081	1.31505
-5.30364	1.96359
-5.26613	2.14415
-5.35858	1.7973
-5.41398	1.51639
-5.42274	1.47396
-5.36813	1.77372
-5.34046	1.91932
-5.35998	1.86251
-5.40491	1.67175
-5.36529	1.77272
-5.28458	2.2161
-5.41876	1.58353
-5.49483	1.17962
-5.38538	1.5892
-5.46269	1.20207
-5.46899	1.15624
-5.52718	0.924289
-5.50176	1.03527
-5.46936	1.19827
-5.48227	1.20297
-5.41575	1.5065
-5.46821	1.39287
-5.45428	1.49236
-5.3844	1.68158
-5.49162	1.30342
-5.5375	1.07613
-5.5666	0.959606
-5.61132	0.68835
-5.61504	0.658555
-5.64043	0.593262
-5.63085	0.571203
-5.53893	0.987806
-5.56069	0.933167
-5.46735	1.43437
-5.42609	1.5738
-5.34252	1.82251
-5.4673	1.27796
-5.42966	1.50586
-5.46501	1.40885
-5.46484	1.47375
-5.39183	1.85717
-5.36164	1.95688
-5.34425	2.03137
-5.41465	1.719
-5.50586	1.21392
-5.59726	0.873352
-5.52047	1.24545
-5.45105	1.4978
-5.44006	1.52444
-5.53952	1.11572
-5.38582	1.60125
-5.45451	1.33525
-5.45521	1.36442
-5.42344	1.47206
-5.48548	1.2092
-5.61304	0.637966
-5.62015	0.586531
-5.59576	0.76084
-5.6412	0.636167
-5.49751	1.32985
-5.44255	1.54512
-5.456	1.50011
-5.47788	1.34885
-5.48397	1.2732
-5.57084	0.883297
-5.49432	1.25669
-5.4587	1.45583
-5.41269	1.67187
-5.4346	1.56313
-5.52806	1.13953
-5.48733	1.26629
-5.45568	1.36493
-5.41183	1.52485
-5.39087	1.6305
-5.31255	1.99134
-5.44812	1.46939
-5.4119	1.71003
-5.42259	1.66938
-5.53686	1.16673
-5.41957	1.70821
-5.42546	1.7784
-5.51055	1.38114
-5.36232	2.04384
-5.41699	1.71576
-5.35823	1.99095
-5.39749	1.69122
-5.43447	1.59136
-5.43004	1.58646
-5.48918	1.33102
-5.50637	1.24294
-5.51483	1.21956
-5.61649	0.737042
-5.54452	1.04428
-5.63784	0.651494
-5.64015	0.599778
-5.56695	0.949762
-5.61677	0.806246
-5.60119	0.847268
-5.58515	0.895314
-5.58065	0.921472
-5.49531	1.22956
-5.50172	1.27611
-5.48774	1.30327
-5.43816	1.44228
-5.58548	0.715989
-5.55038	0.789999
-5.54931	0.898427
-5.54471	0.910195
-5.51472	1.07819
-5.53897	1.02641
-5.4999	1.22745
-5.57709	0.902913
-5.60563	0.841517
-5.5814	0.95787
-5.56617	0.984489
-5.52598	1.21348
-5.46588	1.5535
-5.47184	1.42654
-5.48958	1.22051
-5.49183	1.19288
-5.54762	1.08221
-5.50702	1.26257
-5.60424	1.01041
-5.52607	1.33848
-5.55954	1.19545
-5.54798	1.21843
-5.60007	1.02281
-5.63334	0.858618
-5.58558	1.12182
-5.56636	1.14295
-5.46766	1.47649
-5.45121	1.57171
-5.41741	1.70821
-5.45703	1.56938
-5.4134	1.69644
-5.46322	1.50319
-5.44312	1.59391
-5.49362	1.28889
-5.5045	1.26664
-5.55978	0.99438
-5.52419	1.16476
-5.44649	1.49839
-5.43396	1.56023
-5.52194	1.15812
-5.4252	1.67509
-5.3256	2.05919
-5.33626	2.03348
-5.31677	2.01103
-5.33783	2.00734
-5.25243	2.45473
-5.31995	2.0693
-5.32925	2.01828
-5.33558	2.03962
-5.3393	1.94546
-5.27076	2.26893
-5.30557	2.17858
-5.33763	1.9828
-5.31725	2.04309
-5.3546	1.84306
-5.31068	2.02648
-5.43166	1.49623
-5.42177	1.48575
-5.31892	1.94551
-5.31334	1.99263
-5.41558	1.56632
-5.33269	1.91528
-5.36607	1.67623
-5.38814	1.59851
-5.4751	1.2037
-5.42095	1.542
-5.41009	1.55913
-5.38893	1.72314
-5.31285	1.99031
-5.35709	1.78744
-5.46027	1.32519
-5.50014	1.19304
-5.4548	1.33178
-5.62704	0.615364
-5.57648	0.764914
-5.49735	1.06642
-5.51561	0.994612
-5.57654	0.727284
-5.51807	1.00974
-5.54825	0.839841
-5.54558	0.851996
-5.41479	1.4334
-5.39192	1.50505
-5.30446	1.83019
-5.30209	1.93584
-5.2701	2.03538
-5.28587	2.04747
-5.3166	1.93358
-5.34073	1.81248
-5.34459	1.73509
-5.25125	2.17373
-5.3365	1.78941
-5.35176	1.7717
-5.3825	1.66838
-5.34259	1.77703
-5.43243	1.39042
-5.45707	1.38656
-5.42054	1.54121
-5.34915	1.86395
-5.44015	1.49142
-5.49721	1.27589
-5.49343	1.20068
-5.39071	1.83153
-5.39887	1.76287
-5.34931	2.04063
-5.39584	1.88605
-5.28064	2.23229
-5.33512	2.03461
-5.35027	1.87751
-5.35846	1.81029
-5.35644	1.81363
-5.40985	1.51728
-5.49252	1.17139
-5.3554	1.74697
-5.31434	1.98781
-5.38711	1.74858
-5.43943	1.66505
-5.47687	1.54358
-5.45517	1.51191
-5.57645	1.01803
-5.50754	1.26507
-5.51978	1.19376
-5.42211	1.4918
-5.45632	1.29176
-5.49169	1.2555
-5.45213	1.4624
-5.45088	1.50371
-5.38005	1.74665
-5.34023	1.93416
-5.23469	2.42063
-5.35448	1.94014
-5.3837	1.83359
-5.39867	1.69296
-5.35458	1.88796
-5.35612	1.89836
-5.39702	1.63905
-5.35313	1.80633
-5.39936	1.59053
-5.40651	1.55843
-5.39585	1.62599
-5.41191	1.52454
-5.40195	1.57653
-5.41199	1.50675
-5.49829	1.11129
-5.39648	1.50361
-5.45481	1.26865
-5.41855	1.45539
-5.43336	1.44278
-5.35966	1.73926
-5.38626	1.59806
-5.41889	1.47543
-5.40126	1.47202
-5.44866	1.38121
-5.42561	1.45716
-5.57042	0.82285
-5.50524	1.10865
-5.48138	1.19014
-5.4714	1.25498
-5.54075	0.951461
-5.4662	1.22471
-5.37604	1.69508
-5.4219	1.61593
-5.40574	1.80197
-5.37346	2.00314
-5.41334	1.78711
-5.44147	1.66226
-5.47431	1.45211
-5.45625	1.55531
-5.44384	1.57516
-5.39059	1.88843
-5.41833	1.74706
-5.42876	1.61834
-5.46912	1.48936
-5.46615	1.57777
-5.44332	1.60792
-5.36358	1.99761
-5.38209	2.02697
-5.43807	1.81764
-5.50539	1.45639
-5.41558	1.84223
-5.33771	2.0598
-5.33423	2.01595
-5.32437	2.0121
-5.36487	1.90228
-5.37399	1.80327
-5.4486	1.50808
-5.38718	1.74409
-5.45925	1.32698
-5.45106	1.37655
-5.40947	1.65543
-5.38059	1.72234
-5.37701	1.68803
-5.44772	1.39988
-5.42939	1.55807
-5.40545	1.72675
-5.3907	1.70411
-5.42298	1.61019
-5.42154	1.63589
-5.2721	2.26843
-5.34372	1.8628
-5.32777	2.01373
-5.32794	2.06571
-5.28897	2.15567
-5.35816	1.85096
-5.37013	1.82214
-5.31534	2.08589
-5.35049	1.93386
-5.36583	1.99718
-5.38753	1.82971
-5.44904	1.53307
-5.42969	1.60512
-5.48135	1.37572
-5.41464	1.62105
-5.36743	1.86704
-5.38151	1.76723
-5.26778	2.22425
-5.25728	2.21213
-5.16033	2.62095
-5.22765	2.32928
-5.26706	2.18576
-5.19168	2.60129
-5.19594	2.58352
-5.18732	2.62209
-5.33365	1.94962
-5.30787	2.0074
-5.26798	2.30015
-5.29137	2.04382
-5.12857	2.78587
-5.29107	2.09625
-5.25341	2.23978
-5.40146	1.58586
-5.3659	1.82902
-5.34203	2.01637
-5.43929	1.59938
-5.40823	1.6318
-5.3284	1.95181
-5.40904	1.5503
-5.38006	1.67771
-5.36615	1.69971
-5.43349	1.43447
-5.39644	1.64213
-5.39417	1.61078
-5.47363	1.32353
-5.45007	1.36511
-5.38447	1.67173
-5.47164	1.30369
-5.50477	1.20158
-5.40219	1.55017
-5.45369	1.35606
-5.45672	1.28682
-5.44903	1.24869
-5.44852	1.31987
-5.41364	1.54303
-5.48732	1.16531
-5.48694	1.15461
-5.32984	1.86023
-5.31165	2.00036
-5.31112	1.96289
-5.26351	2.16597
-5.3552	1.84694
-5.20472	2.50216
-5.26387	2.26053
-5.34706	1.86197
-5.40379	1.58744
-5.50159	1.22953
-5.51512	1.12041
-5.49602	1.1351
-5.54703	0.881229
-5.57841	0.861698
-5.58378	0.80769
-5.51642	1.13154
-5.55533	1.02411
-5.5981	0.824359
-5.59379	0.815825
-5.47566	1.2637
-5.42624	1.55418
-5.51349	1.13855
-5.46781	1.30196
-5.45039	1.38315
-5.48116	1.20778
-5.52967	1.02134
-5.45332	1.33892
-5.52653	1.07755
-5.48702	1.23027
-5.48688	1.2285
-5.46639	1.24397
-5.41552	1.53745
-5.37324	1.62513
-5.37125	1.63853
-5.38339	1.56059
-5.37957	1.61947
-5.48051	1.245
-5.53909	1.01749
-5.48096	1.24439
-5.54297	0.970711
-5.57091	0.752814
-5.53184	0.985295
-5.56016	0.944047
-5.53633	1.13883
-5.49159	1.21936
-5.4815	1.34553
-5.41461	1.61824
-5.44412	1.48013
-5.46306	1.37139
-5.45288	1.41453
-5.44547	1.48009
-5.50541	1.15489
-5.46179	1.31214
-5.53756	1.04305
-5.43837	1.50568
-5.42673	1.63863
-5.44905	1.50623
-5.36376	1.82139
-5.35642	1.89696
-5.40371	1.65119
-5.51658	1.12193
-5.53252	1.0077
-5.46981	1.25512
-5.40808	1.55793
-5.47241	1.42981
-5.43183	1.62717
-5.40251	1.79394
-5.34611	2.02137
-5.35351	1.92757
-5.49403	1.46952
-5.51579	1.3505
-5.49221	1.45837
-5.51804	1.26513
-5.44511	1.5365
-5.42057	1.6729
-5.34138	1.96196
-5.34198	2.01925
-5.38794	1.74243
-5.3746	1.76222
-5.33502	2.02256
-5.48335	1.29748
-5.43142	1.60043
-5.47154	1.48298
-5.45024	1.62501
-5.52677	1.28611
-5.57013	1.07761
-5.56215	1.06419
-5.50079	1.36659
-5.42502	1.60148
-5.36705	1.88126
-5.43849	1.58864
-5.4801	1.31068
-5.63526	0.684277
-5.59088	0.878254
-5.5821	0.869643
-5.58095	0.844372
-5.48577	1.29088
-5.54903	1.00252
-5.43474	1.49537
-5.48559	1.32141
-5.44374	1.56481
-5.51139	1.28362
-5.51195	1.21147
-5.41871	1.53396
-5.41378	1.44319
-5.45724	1.25805
-5.54035	0.895156
-5.59688	0.734655
-5.59595	0.753395
-5.56425	0.854646
-5.6288	0.484819
-5.6329	0.497924
-5.58726	0.804012
-5.68099	0.426289
-5.6603	0.395236
-5.64673	0.44906
-5.52541	1.07657
-5.57596	0.929054
-5.58191	0.899837
-5.68074	0.489085
-5.63492	0.604738
-5.63678	0.646233
-5.56693	0.838749
-5.48522	1.15705
-5.5092	1.17253
-5.53803	0.996856
-5.54769	0.958203
-5.5158	1.20415
-5.63888	0.627016
-5.55726	1.03682
-5.57689	1.00592
-5.56661	1.05902
-5.51053	1.22131
-5.6251	0.74282
-5.67085	0.55444
-5.69982	0.392801
-5.61567	0.744092
-5.54243	1.01627
-5.53415	1.0801
-5.63782	0.626624
-5.58389	0.863041
-5.54209	0.915655
-5.55532	1.01461
-5.49503	1.27958
-5.52465	1.14588
-5.52267	1.23969
-5.5216	1.1926
-5.52842	1.09854
-5.60044	0.776814
-5.61558	0.679917
-5.52117	1.06733
-5.55056	1.00776
-5.48306	1.2822
-5.54769	0.966584
-5.52528	1.08636
-5.47775	1.28326
-5.48859	1.21484
-5.44214	1.47342
-5.36775	1.8185
-5.28601	2.19074
-5.26395	2.3385
-5.2368	2.38244
-5.18386	2.60228
-5.22742	2.43717
-5.26681	2.30702
-5.26127	2.36188
-5.3133	2.16681
-5.36819	1.90671
-5.49055	1.42025
-5.4979	1.40467
-5.52227	1.1811
-5.46108	1.48218
-5.43458	1.62728
-5.4057	1.74099
-5.26142	2.45534
-5.28419	2.3956
-5.35127	1.93773
-5.36663	1.76088
-5.32474	1.99097
-5.38691	1.76821
-5.40831	1.62056
-5.48542	1.31251
-5.56822	0.982981
-5.52001	1.18852
-5.3989	1.7085
-5.30775	2.11534
-5.35128	1.96367
-5.48884	1.5298
-5.42165	1.76927
-5.4071	1.77696
-5.40416	1.75006
-5.45593	1.54488
-5.38918	1.86521
-5.4282	1.69559
-5.5067	1.30393
-5.5248	1.30743
-5.46814	1.51028
-5.43762	1.63069
-5.43495	1.70451
-5.50195	1.40452
-5.45806	1.58013
-5.46083	1.55889
-5.39676	1.77155
-5.33364	2.11129
-5.30516	2.16539
-5.30292	2.18376
-5.27357	2.27142
-5.34876	1.96739
-5.34349	1.97791
-5.3321	2.08191
-5.34708	1.95677
-5.39339	1.80222
-5.38614	1.83181
-5.4602	1.53129
-5.45793	1.51134
-5.55055	1.02129
-5.4386	1.48633
-5.41741	1.5482
-5.37066	1.71184
-5.38513	1.77761
-5.47669	1.40212
-5.49371	1.29737
-5.36079	1.87308
-5.47213	1.32443
-5.52019	1.07117
-5.56866	0.857473
-5.49499	1.15794
-5.62519	0.692045
-5.56534	0.854548
-5.52406	1.00737
-5.57038	0.780001
-5.70129	0.239118
-5.671	0.423473
-5.59422	0.701123
-5.65431	0.481876
-5.65997	0.536115
-5.68515	0.400284
-5.68602	0.340258
-5.56522	0.961457
-5.60749	0.764798
-5.61748	0.685856
-5.63639	0.578593
-5.626	0.79495
-5.56994	0.972856
-5.63335	0.662734
-5.61507	0.689019
-5.54701	1.0535
-5.56509	0.990747
-5.58932	0.814377
-5.59171	0.833397
-5.52615	1.15811
-5.57668	0.968389
-5.51038	1.25968
-5.3843	1.74508
-5.38358	1.74923
-5.43794	1.46692
-5.55886	0.847845
-5.63124	0.583811
-5.6141	0.647063
-5.55524	0.879017
-5.50243	1.15291
-5.56496	0.927433
-5.57036	0.916219
-5.54875	0.984168
-5.60016	0.716192
-5.62189	0.605527
-5.64759	0.464484
-5.58859	0.742371
-5.57309	0.745612
-5.50483	0.994966
-5.47819	1.19587
-5.54352	0.894921
-5.43521	1.32642
-5.38189	1.64013
-5.37821	1.68971
-5.44734	1.43454
-5.52152	1.19936
-5.4782	1.39322
-5.31415	2.12646
-5.37514	1.85206
-5.36273	1.80393
-5.418	1.52683
-5.55468	1.00129
-5.60198	0.7668
-5.52872	1.12404
-5.41587	1.55305
-5.51195	1.11235
-5.49682	1.15645
-5.50889	1.02761
-5.51332	1.05783
-5.47956	1.16064
-5.47861	1.21286
-5.44769	1.23426
-5.43166	1.32981
-5.47297	1.16672
-5.48276	1.20884
-5.47321	1.14885
-5.44584	1.35063
-5.44353	1.37655
-5.48443	1.21297
-5.43092	1.42777
-5.53282	0.96219
-5.59358	0.703953
-5.54032	1.09069
-5.55295	1.03387
-5.56468	1.01748
-5.42574	1.63698
-5.49248	1.31541
-5.4947	1.28298
-5.41402	1.64277
-5.40656	1.60173
-5.55509	1.02513
-5.52185	1.14058
-5.47832	1.31517
-5.44221	1.47521
-5.43147	1.52551
-5.38571	1.72326
-5.47239	1.42514
-5.43323	1.55824
-5.40755	1.69411
-5.35481	1.96739
-5.34044	2.00223
-5.40542	1.64704
-5.41027	1.71838
-5.40906	1.62954
-5.43214	1.59831
-5.43689	1.54813
-5.4657	1.46176
-5.36893	1.79246
-5.40451	1.67279
-5.42627	1.59301
-5.49966	1.31767
-5.46535	1.46086
-5.4724	1.40755
-5.33542	1.96005
-5.31779	1.9695
-5.30332	2.10184
-5.5011	1.22686
-5.51579	1.20402
-5.38896	1.73882
-5.41611	1.66021
-5.52449	1.20605
-5.49665	1.29863
-5.43248	1.55402
-5.46322	1.35027
-5.40952	1.568
-5.42427	1.53204
-5.41005	1.58484
-5.46	1.36813
-5.47148	1.37839
-5.5677	0.968765
-5.5882	0.813673
-5.52547	1.04626
-5.51704	0.952707
-5.47703	1.19389
-5.37544	1.66229
-5.33384	1.90311
-5.38667	1.62777
-5.35071	1.80109
-5.3382	1.87944
-5.23413	2.33913
-5.19135	2.57242
-5.41733	1.4942
-5.37484	1.70992
-5.3829	1.74881
-5.44227	1.63948
-5.37395	1.88457
-5.38256	1.81833
-5.30293	2.16677
-5.4252	1.59551
-5.47349	1.36117
-5.45922	1.41702
-5.47239	1.36239
-5.51263	1.24011
-5.48031	1.30145
-5.40297	1.66907
-5.37439	1.75807
-5.45368	1.31508
-5.40529	1.55113
-5.39849	1.67433
-5.49642	1.2338
-5.53987	1.02915
-5.4971	1.22488
-5.53454	1.10044
-5.50428	1.25065
-5.50571	1.15518
-5.43185	1.51182
-5.40295	1.69773
-5.33514	1.98797
-5.39785	1.66671
-5.43679	1.47344
-5.49567	1.13187
-5.43568	1.41669
-5.42592	1.45191
-5.36827	1.74861
-5.40626	1.60257
-5.36836	1.74806
-5.39726	1.72111
-5.30536	2.10332
-5.28998	2.15832
-5.33119	2.01021
-5.39719	1.69347
-5.40559	1.7456
-5.48642	1.46607
-5.46657	1.55055
-5.37848	1.81711
-5.40042	1.75205
-5.3167	2.11965
-5.34175	2.04476
-5.39544	1.79065
-5.36007	1.86829
-5.37721	1.776
-5.38877	1.73664
-5.39248	1.71185
-5.40942	1.70562
-5.38099	1.87482
-5.35905	1.94404
-5.46522	1.43128
-5.42391	1.65038
-5.36402	1.93692
-5.29187	2.21981
-5.37593	1.81572
-5.44933	1.47217
-5.46067	1.50314
-5.45558	1.47136
-5.4231	1.5405
-5.33109	2.03671
-5.30441	2.1707
-5.29168	2.29242
-5.34326	2.05849
-5.39682	1.79915
-5.38083	1.78942
-5.43787	1.53858
-5.44881	1.42894
-5.44174	1.4263
-5.43545	1.55164
-5.45616	1.44979
-5.41429	1.60098
-5.45505	1.39894
-5.47252	1.38243
-5.31545	2.02393
-5.3591	1.74799
-5.47199	1.30275
-5.4453	1.42641
-5.44367	1.50875
-5.50917	1.3084
-5.48219	1.44774
-5.51338	1.32321
-5.44385	1.53699
-5.3724	1.8904
-5.43737	1.54344
-5.42858	1.65442
-5.50816	1.27697
-5.56295	1.09224
-5.50408	1.30163
-5.52162	1.22167
-5.53858	1.163
-5.52388	1.15966
-5.49334	1.27858
-5.45866	1.46398
-5.4488	1.53591
-5.48646	1.20982
-5.44452	1.40073
-5.49129	1.22894
-5.44622	1.44979
-5.49466	1.28293
-5.46835	1.48905
-5.56987	1.126
-5.54864	1.16969
-5.61432	0.930464
-5.67576	0.648865
-5.59891	1.02309
-5.58764	1.15519
-5.54475	1.25952
-5.53428	1.33307
-5.49528	1.425
-5.52499	1.20681
-5.60862	0.886537
-5.50642	1.36394
-5.52993	1.2437
-5.55709	1.22872
-5.53815	1.2929
-5.4871	1.51359
-5.49791	1.51848
-5.49208	1.57582
-5.60419	1.1145
-5.49698	1.47703
-5.46401	1.75378
-5.44245	1.76701
-5.44285	1.77656
-5.49023	1.52115
-5.43429	1.75719
-5.52444	1.4152
-5.49169	1.54166
-5.48578	1.47412
-5.44877	1.66571
-5.44593	1.64583
-5.47351	1.50232
-5.47455	1.483
-5.51757	1.23597
-5.50625	1.3154
-5.52986	1.19749
-5.5601	1.15374
-5.50146	1.5188
-5.59954	1.06719
-5.56647	1.15999
-5.47903	1.54205
-5.56789	1.10216
-5.61106	0.954459
-5.59461	0.92544
-5.50686	1.22298
-5.46911	1.42723
-5.42835	1.65129
-5.36086	1.95922
-5.44902	1.56746
-5.47309	1.48724
-5.50567	1.29306
-5.50218	1.38166
-5.52293	1.25741
-5.44407	1.49219
-5.51061	1.24513
-5.52248	1.18413
-5.59252	0.942225
-5.5391	1.18349
-5.46041	1.5715
-5.47	1.44368
-5.44454	1.57322
-5.48052	1.44065
-5.46175	1.42434
-5.50779	1.12534
-5.53468	0.998393
-5.41818	1.48554
-5.49807	1.15099
-5.42549	1.55095
-5.61418	0.687879
-5.59694	0.73115
-5.54053	0.919941
-5.50886	1.12592
-5.53643	1.07706
-5.59383	0.827994
-5.63109	0.622063
-5.63937	0.522158
-5.67622	0.31095
-5.68919	0.199938
-5.66706	0.270565
-5.65474	0.376654
-5.63793	0.428912
-5.59324	0.65028
-5.53223	0.757918
-5.47866	0.955557
-5.6533	0.347251
-5.58133	0.714821
-5.53936	0.887104
-5.55352	0.764788
-5.64331	0.363056
-5.64996	0.365479
-5.66222	0.349584
-5.70557	0.210347
-5.6495	0.408123
-5.53097	0.884582
-5.46848	1.14853
-5.49475	0.995999
-5.58007	0.676011
-5.54879	0.832968
-5.57403	0.754249
-5.48065	1.11066
-5.43386	1.38638
-5.47718	1.25703
-5.55829	0.805905
-5.54222	0.947036
-5.54822	0.936726
-5.65312	0.530971
-5.63168	0.612778
-5.70624	0.258782
-5.65576	0.429557
-5.62154	0.548553
-5.62606	0.55159
-5.61331	0.662623
-5.54012	0.979536
-5.43196	1.55123
-5.54543	0.977662
-5.52579	1.13594
-5.52671	1.01291
-5.56784	0.80785
-5.54384	0.873559
-5.48842	1.07234
-5.56195	0.705086
-5.53661	0.85283
-5.51905	0.934906
-5.4652	1.13278
-5.42393	1.21556
-5.4431	1.14897
-5.44168	1.21539
-5.42797	1.35845
-5.40944	1.44744
-5.38743	1.62294
-5.37448	1.75507
-5.43311	1.47607
-5.48184	1.34498
-5.44305	1.47006
-5.5283	1.21613
-5.45986	1.43847
-5.40126	1.60665
-5.42049	1.56851
-5.48509	1.25468
-5.45913	1.2859
-5.48315	1.23217
-5.43052	1.45176
-5.46037	1.3268
-5.51866	1.164
-5.55472	0.965827
-5.47392	1.28217
-5.45348	1.34269
-5.38104	1.70598
-5.52807	1.17257
-5.42528	1.54981
-5.42148	1.56665
-5.54006	0.966151
-5.46511	1.24546
-5.45408	1.25614
-5.50756	1.01198
-5.48952	1.1211
-5.33029	1.82111
-5.49932	1.06035
-5.44278	1.24988
-5.58379	0.701455
-5.6332	0.512179
-5.67594	0.31238
-5.65205	0.335132
-5.57144	0.656907
-5.61824	0.441012
-5.56284	0.698733
-5.54102	0.773704
-5.52151	0.865213
-5.56634	0.685656
-5.52307	0.830878
-5.50806	0.93551
-5.51304	1.01342
-5.56555	0.850226
-5.52741	0.952794
-5.51863	0.996965
-5.6288	0.502601
-5.4815	1.08696
-5.52043	0.850508
-5.41983	1.31532
-5.44664	1.2447
-5.45728	1.13966
-5.51445	0.854074
-5.54042	0.696786
-5.56925	0.584893
-5.64465	0.267533
-5.68475	0.175022
-5.62538	0.413398
-5.52397	0.96334
-5.50811	1.04001
-5.52127	1.06667
-5.58721	0.733948
-5.55317	0.916645
-5.5124	1.11465
-5.43184	1.48141
-5.39982	1.5014
-5.45311	1.26353
-5.44043	1.23968
-5.43588	1.30994
-5.41643	1.46325
-5.52111	0.962824
-5.50824	0.970988
-5.44639	1.20269
-5.30809	1.94025
-5.27429	1.98146
-5.28396	1.94555
-5.32856	1.754
-5.38309	1.48411
-5.40057	1.46155
-5.2976	1.86714
-5.33582	1.68276
-5.28894	1.89857
-5.27395	1.92122
-5.30137	1.80948
-5.40378	1.44012
-5.44856	1.37595
-5.43053	1.41904
-5.32977	1.82018
-5.19534	2.29082
-5.40346	1.51967
-5.39091	1.50822
-5.41166	1.40121
-5.3198	1.82726
-5.41174	1.42978
-5.35859	1.64393
-5.38684	1.50577
-5.47886	1.17378
-5.49064	1.09191
-5.57273	0.752152
-5.59408	0.677509
-5.54038	0.921995
-5.49218	1.13235
-5.40794	1.48285
-5.40211	1.4748
-5.42856	1.4093
-5.40906	1.4757
-5.49412	1.09674
-5.42631	1.45825
-5.31781	1.95665
-5.32736	1.91832
-5.3155	1.96077
-5.26933	2.18832
-5.28165	2.15746
-5.33204	1.93096
-5.35373	1.86091
-5.42285	1.59841
-5.46417	1.41
-5.49578	1.23012
-5.49653	1.26804
-5.5324	1.06487
-5.48456	1.30739
-5.46993	1.35206
-5.39266	1.71606
-5.43346	1.51841
-5.42607	1.64181
-5.43115	1.55516
-5.4531	1.33717
-5.50959	1.02909
-5.44182	1.32985
-5.46323	1.26412
-5.4112	1.5857
-5.39438	1.61228
-5.49969	1.16542
-5.58711	0.838506
-5.55542	1.01357
-5.52105	1.13615
-5.42005	1.50311
-5.42013	1.39338
-5.3755	1.60033
-5.35683	1.8031
-5.43363	1.45631
-5.32397	1.93359
-5.45515	1.3262
-5.41251	1.46652
-5.50814	1.13084
-5.51425	1.1413
-5.53857	1.10377
-5.5122	1.17813
-5.56014	0.985679
-5.5288	1.14164
-5.61541	0.738707
-5.61452	0.74651
-5.51862	1.20381
-5.46525	1.45111
-5.48735	1.20976
-5.56983	0.948752
-5.56756	0.999946
-5.48127	1.38106
-5.44884	1.51368
-5.43785	1.55366
-5.49155	1.30487
-5.51278	1.23617
-5.4058	1.59563
-5.35361	1.86352
-5.35751	1.86513
-5.31145	2.15648
-5.42529	1.71126
-5.36273	2.03859
-5.33273	2.17799
-5.37014	2.01409
-5.28321	2.3279
-5.28355	2.20685
-5.40624	1.70445
-5.43851	1.51967
-5.40509	1.76382
-5.41368	1.76823
-5.49651	1.41769
-5.52877	1.27489
-5.47208	1.61234
-5.5151	1.38215
-5.57325	1.11805
-5.46516	1.56077
-5.34356	2.08263
-5.29451	2.33087
-5.31781	2.18124
-5.29758	2.25928
-5.34392	2.05542
-5.39487	1.85333
-5.4016	1.72718
-5.48096	1.46021
-5.48111	1.40113
-5.42681	1.6006
-5.55896	1.16469
-5.55818	1.08316
-5.52492	1.28541
-5.52131	1.25969
-5.40956	1.62285
-5.36963	1.82502
-5.48715	1.31229
-5.52507	1.09026
-5.4898	1.24203
-5.42041	1.57416
-5.5221	1.12541
-5.52412	1.139
-5.56466	1.08402
-5.55124	1.16405
-5.4956	1.37263
-5.44738	1.62594
-5.40498	1.88404
-5.43153	1.70992
-5.42064	1.74119
-5.46989	1.45449
-5.48508	1.37971
-5.53304	1.19335
-5.57903	0.983056
-5.60564	0.86736
-5.54456	1.166
-5.59434	1.01796
-5.51609	1.28457
-5.45613	1.58818
-5.47876	1.46939
-5.43372	1.65819
-5.36251	1.97944
-5.34836	1.98791
-5.32671	2.04939
-5.30478	2.12344
-5.22932	2.52725
-5.35768	2.01917
-5.38785	1.86097
-5.42084	1.7111
-5.46448	1.48504
-5.44691	1.53544
-5.38075	1.82223
-5.40209	1.69154
-5.33039	2.03462
-5.27847	2.29753
-5.27733	2.31247
-5.22555	2.64133
-5.22263	2.70733
-5.30647	2.30765
-5.32152	2.32722
-5.31858	2.40584
-5.37022	2.13266
-5.41142	1.94201
-5.39921	1.97987
-5.39217	1.9198
-5.44326	1.6545
-5.44511	1.68084
-5.37779	2.01809
-5.31032	2.30572
-5.38929	1.94703
-5.29169	2.37105
-5.29863	2.32979
-5.33734	2.11221
-5.33304	2.06359
-5.41637	1.71693
-5.45178	1.58583
-5.36828	1.99353
-5.47747	1.50838
-5.53965	1.28566
-5.5374	1.24718
-5.50243	1.42496
-5.54349	1.29183
-5.46813	1.60838
-5.43959	1.74354
-5.49227	1.54479
-5.34845	2.14043
-5.4711	1.55469
-5.42722	1.75216
-5.42811	1.74662
-5.39198	1.98057
-5.39921	1.98692
-5.46874	1.70333
-5.40898	1.95582
-5.31428	2.27859
-5.20527	2.646
-5.22397	2.69719
-5.26987	2.43576
-5.26775	2.54918
-5.39611	1.87114
-5.305	2.24957
-5.32715	2.08466
-5.48837	1.47925
-5.36167	2.18328
-5.37878	2.07219
-5.27218	2.59621
-5.25576	2.56913
-5.26462	2.45179
-5.27831	2.35458
-5.26877	2.52203
-5.36538	2.16229
-5.36918	2.07415
-5.47781	1.62342
-5.44678	1.75588
-5.36274	2.09727
-5.37901	1.95922
-5.39844	1.8297
-5.41511	1.84836
-5.32408	2.33113
-5.31833	2.28672
-5.25386	2.55448
-5.22652	2.66649
-5.3001	2.39773
-5.31651	2.25027
-5.32257	2.27359
-5.248	2.58251
-5.30084	2.4185
-5.27729	2.39097
-5.25747	2.50275
-5.27911	2.3892
-5.42899	1.73295
-5.5563	0.989939
-5.48436	1.29234
-5.54577	1.08355
-5.43733	1.57609
-5.44697	1.55247
-5.38699	1.87027
-5.331	2.16058
-5.23412	2.47049
-5.26696	2.41462
-5.25633	2.40269
-5.31497	2.12523
-5.31918	2.12824
-5.2904	2.24286
-5.24806	2.41315
-5.3583	2.02372
-5.37004	1.94931
-5.35159	2.04811
-5.38146	1.78456
-5.29115	2.18786
-5.35276	1.96966
-5.42365	1.70502
-5.38905	1.83968
-5.41143	1.71411
-5.46997	1.41553
-5.53743	1.10743
-5.56625	1.05533
-5.53271	1.20053
-5.52155	1.30065
-5.54856	1.20725
-5.44834	1.62907
-5.39591	1.82438
-5.44898	1.67443
-5.38772	1.98561
-5.32064	2.16144
-5.33214	2.10619
-5.33531	2.15343
-5.28574	2.30092
-5.33501	2.04529
-5.38332	1.82635
-5.38462	1.85631
-5.38657	1.82632
-5.4576	1.53844
-5.4253	1.64859
-5.38284	1.77864
-5.46138	1.44831
-5.4355	1.52463
-5.36034	1.9065
-5.3288	1.96049
-5.40275	1.71504
-5.3993	1.7432
-5.49062	1.40891
-5.52734	1.16043
-5.50864	1.15069
-5.53548	1.13403
-5.4564	1.58958
-5.4588	1.57474
-5.48417	1.44329
-5.4823	1.40837
-5.47809	1.38409
-5.50957	1.23352
-5.50479	1.2266
-5.50812	1.18375
-5.45164	1.33749
-5.406	1.48308
-5.4862	1.22033
-5.47436	1.24283
-5.54685	0.916313
-5.55332	0.906395
-5.52941	1.07221
-5.50021	1.19812
-5.54181	1.05972
-5.49695	1.21443
-5.46103	1.37935
-5.3457	1.8086
-5.4216	1.57177
-5.43326	1.46382
-5.48273	1.31622
-5.56256	1.01084
-5.57086	0.961832
-5.52978	1.1625
-5.54801	1.09164
-5.48083	1.42036
-5.52163	1.24937
-5.41243	1.65653
-5.46105	1.53072
-5.4963	1.32932
-5.47778	1.44426
-5.42554	1.7016
-5.44924	1.56471
-5.43558	1.49168
-5.43705	1.45365
-5.4954	1.19732
-5.5083	1.07905
-5.49009	1.20261
-5.52202	1.09253
-5.49792	1.09296
-5.37047	1.68856
-5.41208	1.56657
-5.40861	1.67306
-5.43618	1.50687
-5.49302	1.2931
-5.51502	1.15636
-5.48773	1.32289
-5.57187	1.01724
-5.52433	1.28055
-5.61859	0.70686
-5.64629	0.584933
-5.60693	0.635419
-5.57678	0.706276
-5.57419	0.835818
-5.52497	1.15535
-5.47979	1.3069
-5.57508	0.854691
-5.60513	0.631825
-5.62976	0.613845
-5.63261	0.528194
-5.56275	0.911157
-5.59208	0.831574
-5.54079	1.08612
-5.51432	1.21589
-5.55104	1.13909
-5.5796	0.917805
-5.61619	0.811635
-5.60496	0.770949
-5.50249	1.13136
-5.51168	1.0683
-5.4473	1.40964
-5.55459	0.921548
-5.65478	0.499017
-5.61912	0.588476
-5.61324	0.640828
-5.70144	0.334804
-5.59067	0.822451
-5.50807	1.15711
-5.44753	1.36551
-5.33175	1.8733
-5.30576	1.95936
-5.35993	1.79425
-5.43047	1.4637
-5.5271	1.00155
-5.43318	1.46879
-5.35188	1.91397
-5.39634	1.7072
-5.41623	1.77621
-5.41111	1.7883
-5.48519	1.35425
-5.53273	1.26911
-5.57122	1.04224
-5.5206	1.09972
-5.55868	0.878834
-5.50925	1.15684
-5.45596	1.24513
-5.46127	1.34671
-5.39849	1.66764
-5.44634	1.31719
-5.34637	1.79319
-5.39849	1.59766
-5.36557	1.71848
-5.44731	1.35579
-5.44974	1.42639
-5.28731	2.03357
-5.17967	2.48729
-5.43195	1.39716
-5.4326	1.33725
-5.52246	0.887124
-5.47308	1.21216
-5.43843	1.27549
-5.38456	1.45676
-5.44736	1.29542
-5.5155	0.939925
-5.49771	0.987421
-5.44376	1.27054
-5.51443	0.919632
-5.52463	0.805182
-5.48031	1.0108
-5.43268	1.13992
-5.46612	1.07253
-5.33685	1.66693
-5.41442	1.33742
-5.4206	1.3637
-5.40204	1.43262
-5.49899	1.03412
-5.50702	1.0126
-5.44546	1.36127
-5.51366	1.07455
-5.54562	0.910208
-5.48587	1.16911
-5.49968	1.06841
-5.4871	1.16606
-5.50686	1.08544
-5.56882	0.750093
-5.50513	1.09249
-5.44014	1.3633
-5.4431	1.42746
-5.48269	1.21099
-5.48081	1.2182
-5.42217	1.48398
-5.31295	2.00149
-5.37094	1.77727
-5.41572	1.59466
-5.39967	1.69938
-5.35576	1.82073
-5.42511	1.53892
-5.51083	1.17242
-5.53698	1.10431
-5.56635	1.00072
-5.57751	0.874174
-5.51354	1.19261
-5.52017	1.14664
-5.56193	0.945338
-5.54401	1.05549
-5.5886	0.823306
-5.50044	1.24377
-5.40729	1.64871
-5.38006	1.8488
-5.47385	1.35103
-5.52043	1.1581
-5.56907	1.04093
-5.50078	1.31021
-5.53924	1.18219
-5.51214	1.3025
-5.56727	0.886455
-5.6004	0.741697
-5.56413	0.841965
-5.5711	0.836256
-5.53383	0.911011
-5.52595	0.989803
-5.50955	1.0223
-5.50021	1.07326
-5.47636	1.11053
-5.48317	1.18458
-5.49606	1.18791
-5.57415	0.896771
-5.60158	0.703167
-5.61516	0.681359
-5.56084	0.951984
-5.43646	1.46877
-5.48637	1.20557
-5.53802	0.998848
-5.58384	0.683951
-5.59824	0.677046
-5.52366	1.06616
-5.45834	1.27879
-5.52118	1.16336
-5.44167	1.4814
-5.48013	1.31497
-5.49322	1.24034
-5.46384	1.42185
-5.39955	1.71027
-5.45522	1.47952
-5.43145	1.63543
-5.37724	1.80553
-5.42257	1.70727
-5.38882	1.7551
-5.44894	1.58225
-5.37685	1.7882
-5.39458	1.6744
-5.44311	1.48872
-5.48411	1.24864
-5.37992	1.66351
-5.42113	1.48917
-5.44472	1.48626
-5.42299	1.57228
-5.32789	2.03282
-5.29503	2.27054
-5.26116	2.44018
-5.22379	2.51507
-5.21511	2.52873
-5.35556	1.87779
-5.30681	2.04398
-5.33986	1.98754
-5.28799	2.28274
-5.37522	1.92503
-5.36269	1.84473
-5.39547	1.74851
-5.36699	1.92959
-5.43512	1.65876
-5.38336	1.87443
-5.38323	1.78285
-5.36423	1.77453
-5.43372	1.55095
-5.38032	1.74732
-5.44534	1.48237
-5.44793	1.47045
-5.31269	2.11526
-5.35679	1.89938
-5.4146	1.59202
-5.53311	1.07234
-5.51669	1.10395
-5.50242	1.2176
-5.54648	0.990248
-5.54233	1.01052
-5.53003	1.13699
-5.46657	1.42077
-5.48019	1.40903
-5.44444	1.53459
-5.49791	1.30294
-5.38085	1.72081
-5.40825	1.72533
-5.43365	1.60297
-5.40268	1.73135
-5.42582	1.54677
-5.52187	1.13221
-5.56079	0.968917
-5.5627	0.929334
-5.52984	1.02229
-5.58185	0.764698
-5.56658	0.844834
-5.55611	0.894584
-5.51577	0.963137
-5.571	0.736625
-5.50551	0.960898
-5.54924	0.87131
-5.41476	1.55329
-5.42237	1.48079
-5.51993	1.09137
-5.52485	1.04227
-5.4523	1.34627
-5.50166	1.08888
-5.53304	0.973862
-5.49977	1.11715
-5.49716	1.17606
-5.47478	1.29813
-5.50374	1.19535
-5.53304	1.07035
-5.55844	0.977117
-5.62513	0.73614
-5.56042	1.09105
-5.46815	1.37884
-5.50534	1.17661
-5.54479	1.00607
-5.50507	1.14645
-5.51114	1.0941
-5.46964	1.28455
-5.44176	1.45909
-5.41257	1.58929
-5.42587	1.54591
-5.39234	1.65468
-5.33982	1.88242
-5.45606	1.3581
-5.43228	1.51302
-5.37452	1.74242
-5.38869	1.67832
-5.36747	1.77844
-5.42696	1.53437
-5.45589	1.44577
-5.42613	1.58365
-5.4971	1.29328
-5.52689	1.14345
-5.60709	0.722625
-5.49591	1.17605
-5.43148	1.4569
-5.57949	0.785883
-5.55909	0.799172
-5.47904	1.18301
-5.43572	1.37004
-5.36274	1.63427
-5.33832	1.82982
-5.34776	1.88963
-5.45596	1.4621
-5.43182	1.53073
-5.38383	1.65742
-5.42922	1.41892
-5.40409	1.54949
-5.50702	1.18918
-5.5364	1.08672
-5.60896	0.724487
-5.5468	1.00399
-5.52318	1.12768
-5.44963	1.49702
-5.43801	1.50481
-5.43994	1.38725
-5.41698	1.57444
-5.44356	1.52498
-5.45093	1.41593
-5.4085	1.55624
-5.41549	1.62365
-5.41308	1.63209
-5.34738	1.93129
-5.39886	1.67606
-5.34758	1.90842
-5.3039	2.1831
-5.32889	2.07658
-5.40326	1.65812
-5.50739	1.33388
-5.61422	0.816304
-5.52047	1.25622
-5.5078	1.34227
-5.52362	1.30308
-5.45291	1.52296
-5.41193	1.64317
-5.42736	1.53959
-5.35607	1.78026
-5.43097	1.48482
-5.42607	1.52819
-5.41395	1.64955
-5.44542	1.52123
-5.46787	1.53111
-5.34043	2.11222
-5.28809	2.17646
-5.36207	1.8138
-5.34032	1.92391
-5.33065	1.93875
-5.41428	1.56252
-5.43789	1.55849
-5.44536	1.42205
-5.43947	1.42784
-5.48231	1.24845
-5.37999	1.70242
-5.39309	1.6442
-5.45069	1.47336
-5.49707	1.3266
-5.46717	1.39762
-5.55605	1.03109
-5.53596	1.11624
-5.59406	0.840767
-5.52994	1.12602
-5.49759	1.20229
-5.38442	1.71357
-5.40112	1.67466
-5.37412	1.73417
-5.30616	2.04744
-5.38112	1.68544
-5.33562	1.84167
-5.35271	1.80703
-5.42948	1.52239
-5.47557	1.29525
-5.40773	1.64534
-5.41723	1.6093
-5.48315	1.31487
-5.58619	0.897105
-5.55494	0.949158
-5.4776	1.29648
-5.52525	1.07669
-5.66498	0.495635
-5.50332	1.16088
-5.49189	1.25543
-5.49634	1.24279
-5.42217	1.47483
-5.38834	1.65199
-5.36725	1.6668
-5.4011	1.57443
-5.28594	2.05491
-5.32007	1.9001
-5.28839	1.99964
-5.31501	1.9345
-5.3474	1.92074
-5.39178	1.68076
-5.4004	1.73555
-5.43741	1.57856
-5.38958	1.72661
-5.28296	2.10963
-5.34441	1.98462
-5.37771	1.85808
-5.39757	1.80663
-5.45267	1.55659
-5.38293	1.83838
-5.42462	1.72385
-5.44075	1.58761
-5.37655	1.91757
-5.44483	1.62018
-5.45703	1.60312
-5.46613	1.47512
-5.39975	1.72762
-5.36736	1.83319
-5.3476	1.90006
-5.27926	2.22972
-5.36832	1.86216
-5.34259	2.04592
-5.34972	2.06399
-5.26624	2.43657
-5.29258	2.40415
-5.24774	2.6074
-5.30833	2.30964
-5.26672	2.52281
-5.19692	2.84291
-5.20389	2.8156
-5.30531	2.34439
-5.36088	1.98313
-5.406	1.87763
-5.42077	1.76624
-5.44532	1.64232
-5.40348	1.77906
-5.33224	2.09507
-5.37062	1.94701
-5.27646	2.30267
-5.40342	1.79144
-5.36845	2.02417
-5.41127	1.813
-5.35965	2.00908
-5.39302	1.86886
-5.36665	1.88665
-5.39587	1.70952
-5.36814	1.83574
-5.31596	2.02665
-5.19138	2.56698
-5.23746	2.36335
-5.17682	2.65417
-5.28316	2.26616
-5.29394	2.2546
-5.37762	1.92363
-5.33951	2.13405
-5.36476	1.92709
-5.45329	1.67569
-5.46784	1.56187
-5.38672	1.85604
-5.5039	1.47992
-5.39029	2.03844
-5.25323	2.64915
-5.30986	2.37754
-5.2403	2.57706
-5.30488	2.33055
-5.4266	1.7295
-5.41867	1.75347
-5.4342	1.70664
-5.40515	1.81358
-5.41959	1.81244
-5.38108	2
-5.36498	2.12512
-5.37285	2.04179
-5.3823	1.90809
-5.32323	2.16116
-5.3457	2.11262
-5.44852	1.49293
-5.367	1.9453
-5.34761	2.05176
-5.44241	1.60235
-5.40282	1.68697
-5.358	1.94885
-5.36942	1.96253
-5.33427	2.18536
-5.37921	1.9457
-5.36105	2.00049
-5.32213	2.10138
-5.3066	2.15294
-5.3363	1.98423
-5.42344	1.57354
-5.49063	1.2746
-5.49158	1.2919
-5.46431	1.33026
-5.49927	1.16226
-5.46679	1.21982
-5.49611	1.13066
-5.49869	1.17357
-5.48515	1.24288
-5.46484	1.37372
-5.39085	1.66178
-5.44316	1.42787
-5.42789	1.493
-5.46327	1.37735
-5.48678	1.28328
-5.47923	1.24923
-5.38555	1.62438
-5.43595	1.48394
-5.55579	0.943381
-5.46244	1.18738
-5.3896	1.58354
-5.39215	1.51251
-5.51973	1.03178
-5.58965	0.784964
-5.6791	0.473464
-5.58096	0.890908
-5.56513	1.05829
-5.59792	0.797177
-5.5539	1.02893
-5.51032	1.23404
-5.46569	1.36273
-5.55655	0.968128
-5.5569	1.01223
-5.48869	1.24735
-5.41076	1.50124
-5.48903	1.18424
-5.54461	0.928332
-5.53071	1.11052
-5.52998	1.19782
-5.45443	1.4596
-5.4296	1.56714
-5.34676	1.87104
-5.3867	1.57867
-5.53389	1.02755
-5.51922	1.10049
-5.50015	1.18317
-5.54373	1.004
-5.55196	1.02426
-5.52106	1.06803
-5.59848	0.682951
-5.63208	0.536462
-5.64294	0.55024
-5.56644	0.916248
-5.51147	1.06482
-5.51998	1.05044
-5.39021	1.59265
-5.44023	1.38833
-5.48067	1.19374
-5.4973	1.14448
-5.42067	1.54774
-5.40971	1.68529
-5.41175	1.56146
-5.50384	1.14988
-5.49801	1.12468
-5.44956	1.35955
-5.58355	0.724367
-5.56971	0.890449
-5.52045	1.12995
-5.43531	1.55396
-5.51947	1.11799
-5.53707	1.05994
-5.46549	1.32754
-5.52093	1.03025
-5.49478	1.09358
-5.52014	0.975711
-5.512	1.13142
-5.68236	0.297458
-5.76046	0.040859
-5.67567	0.474904
-5.7136	0.272741
-5.6332	0.612656
-5.57515	0.804924
-5.55602	0.963826
-5.57044	0.914114
-5.58581	0.809451
-5.55436	0.979633
-5.6142	0.72895
-5.61146	0.702137
-5.59002	0.670441
-5.61855	0.542723
-5.61682	0.468488
-5.60666	0.580439
-5.59811	0.620616
-5.5024	1.01916
-5.42986	1.4374
-5.40503	1.55273
-5.40809	1.58567
-5.4774	1.25479
-5.48523	1.24031
-5.57065	0.767612
-5.5509	0.799623
-5.56993	0.75278
-5.48257	1.15865
-5.50729	1.08779
-5.57085	0.800864
-5.6098	0.681276
-5.58865	0.792047
-5.5268	1.13648
-5.50051	1.25876
-5.50296	1.28245
-5.48307	1.31691
-5.58062	0.759765
-5.56464	0.889902
-5.54816	0.924895
-5.56311	0.776501
-5.58078	0.789818
-5.57171	0.785508
-5.57271	0.734636
-5.53269	0.929337
-5.54164	0.812088
-5.60701	0.566985
-5.59764	0.676411
-5.49615	1.11152
-5.45939	1.2209
-5.37597	1.63673
-5.42058	1.42474
-5.4457	1.37157
-5.46144	1.30084
-5.40867	1.59921
-5.44246	1.44327
-5.50979	1.11447
-5.57764	0.792807
-5.58368	0.757719
-5.59423	0.733555
-5.46773	1.3652
-5.53662	1.10503
-5.56807	0.910517
-5.54269	0.922216
-5.53441	0.87734
-5.59474	0.670417
-5.63129	0.492689
-5.60772	0.591885
-5.55249	0.86011
-5.55243	0.882481
-5.56857	0.838925
-5.57933	0.863659
-5.55914	0.937696
-5.51743	1.18983
-5.41141	1.73703
-5.44243	1.63172
-5.52087	1.32559
-5.48801	1.34792
-5.58409	0.933354
-5.53569	1.17108
-5.57753	0.944179
-5.52551	1.24723
-5.5897	1.00723
-5.61139	0.853562
-5.61185	0.873458
-5.64683	0.721202
-5.59455	0.869897
-5.53512	1.16897
-5.50157	1.35004
-5.50192	1.40132
-5.55031	1.26078
-5.45836	1.74777
-5.32989	2.28221
-5.28202	2.40133
-5.14625	2.9828
-5.28053	2.37158
-5.25308	2.51767
-5.30877	2.31464
-5.33254	2.21685
-5.32443	2.22029
-5.46162	1.63568
-5.49389	1.54924
-5.46981	1.61366
-5.39646	1.98766
-5.41345	1.83855
-5.45716	1.71507
-5.4176	1.80598
-5.47141	1.51104
-5.46781	1.50735
-5.40167	1.82885
-5.4339	1.67099
-5.47741	1.45247
-5.44485	1.53664
-5.47988	1.40539
-5.51043	1.37588
-5.52802	1.27101
-5.44217	1.57928
-5.43284	1.74097
-5.38927	1.97584
-5.35808	2.23297
-5.35748	2.20321
-5.41737	1.87803
-5.43631	1.78147
-5.38212	2.00019
-5.35383	2.17434
-5.23836	2.67847
-5.28344	2.44017
