1	37.2704
2	34.738
3	32.9637
4	31.0264
5	29.8973
6	28.8757
7	27.8042
8	27.1256
9	26.3992
10	26.1409
11	25.7893
12	25.3093
13	24.9365
14	24.0107
15	22.5667
16	22.0385
17	21.1999
18	21.0771
19	20.8179
20	20.5785
21	20.1361
22	20.0357
23	20.1144
24	20.0306
25	19.7529
26	19.4645
27	19.2516
28	18.8775
29	18.8115
30	18.4448
31	18.1224
32	17.2773
33	16.6588
34	16.435
35	16.2994
36	16.1731
37	16.1263
38	16.0604
39	15.9488
40	15.8581
41	15.8294
42	15.8592
43	15.9153
44	15.5237
45	15.3692
46	15.2886
47	14.9357
48	14.551
49	14.1226
50	13.065
51	12.6865
52	12.4697
53	12.2495
54	12.2766
55	14.2961
56	15.1228
57	13.7851
58	13.0953
59	12.025
60	11.6553
61	11.1841
62	11.1129
63	11.1017
64	11.0827
65	11.0714
66	11.051
67	11.5054
68	11.2668
69	13.5938
70	12.8142
71	12.1598
72	11.4137
73	10.2063
74	9.73345
75	12.1786
76	14.0025
77	15.3749
78	14.2314
79	13.1532
80	12.702
81	12.4023
82	11.6505
83	11.6507
84	10.991
85	10.4318
86	9.98825
87	9.9071
88	9.84278
89	9.81509
90	12.109
91	12.0317
92	11.4385
93	10.3863
94	9.39672
95	9.35174
96	9.15225
97	8.98811
98	11.563
99	11.7774
100	11.4652
101	10.6449
102	10.4723
103	9.33786
104	8.53324
105	8.45026
106	8.51869
107	8.35225
108	8.64063
109	9.40474
110	9.09004
111	8.76465
112	8.3696
113	8.59622
114	8.30642
115	8.21203
116	8.21901
117	8.20155
118	8.20099
119	8.194
120	8.1902
121	8.19022
122	8.19014
123	8.18884
124	8.18495
125	8.17091
126	8.15276
127	8.1525
128	8.15203
129	8.13129
130	8.12882
131	10.7331
132	10.1228
133	10.0412
134	8.44621
135	7.4808
136	7.19852
137	7.02045
138	7.01999
139	7.01999
140	7.02002
141	7.01999
142	9.91234
143	9.64731
144	8.94034
145	8.31818
146	8.61767
147	7.41553
148	7.11007
149	6.95991
150	6.85525
151	6.82066
152	6.81272
153	6.81272
154	6.81272
155	6.81272
156	6.81272
157	6.81272
158	6.81272
159	6.81272
160	6.81272
161	6.81272
162	9.11349
163	9.39482
164	8.28348
165	7.42166
166	6.90577
167	6.79079
168	6.74569
169	6.73824
170	6.73824
171	6.73358
172	6.71491
173	6.64104
174	6.60352
175	6.58972
176	6.56475
177	6.52781
178	9.12848
179	11.4772
180	11.5036
181	10.2557
182	8.64351
183	7.45111
184	6.77735
185	6.66643
186	9.05904
187	8.71329
188	7.86584
189	7.17715
190	6.93444
191	6.46236
192	6.42928
193	6.40864
194	6.40364
195	6.40183
196	6.40183
197	6.40183
198	6.40183
199	6.40183
200	6.40183
201	6.40183
202	8.34766
203	7.69349
204	7.21557
205	6.48462
206	6.40231
207	6.40252
208	6.40217
209	6.40183
210	6.40187
211	6.41328
212	9.39227
213	8.71074
214	7.7621
215	6.95421
216	6.57298
217	6.41115
218	6.40209
219	6.40183
220	6.40183
221	6.40183
222	6.40183
223	6.40183
224	8.89615
225	8.55873
226	7.61235
227	6.4653
228	6.28231
229	6.24719
230	6.25
231	6.2403
232	6.2403
233	8.77311
234	8.33731
235	7.65658
236	6.84238
237	6.71241
238	6.55906
239	6.52072
240	6.38818
241	6.39232
242	6.37083
243	6.2403
244	6.2403
245	6.2403
246	6.2403
247	6.2403
248	6.2403
249	6.2403
250	6.2403
251	6.2403
252	6.2403
253	6.2403
254	6.2403
255	8.17167
256	8.35218
257	7.92644
258	7.62408
259	6.41929
260	6.26921
261	6.25954
262	6.40795
263	6.3308
264	9.27242
265	9.39846
266	8.93092
267	7.077
268	6.9203
269	6.4001
270	6.2403
271	6.2403
272	6.2403
273	6.2403
274	6.2403
275	6.2403
276	6.2403
277	6.2403
278	6.2733
279	6.24045
280	6.2403
281	6.2403
282	6.2403
283	6.2403
284	8.50988
285	7.95099
286	7.70344
287	6.3677
288	6.37706
289	6.37586
290	6.2403
291	6.2403
292	6.2403
293	6.2403
294	6.2403
295	6.2403
296	8.48779
297	7.67914
298	8.04784
299	6.79753
300	6.39545
301	6.25754
302	6.2403
303	6.2403
304	6.2403
305	6.2406
306	6.2403
307	6.2403
308	8.70661
309	8.40535
310	7.74503
311	6.73559
312	6.28585
313	6.25348
314	6.25605
315	6.24473
316	6.2403
317	6.2403
318	6.2403
319	6.2403
320	6.2403
321	6.2403
322	6.2403
323	6.2403
324	9.1452
325	8.84187
326	7.51994
327	6.75902
328	6.34851
329	6.27238
330	6.49475
331	6.31969
332	6.24668
333	6.25096
334	6.25794
335	6.24045
336	6.53023
337	6.26763
338	6.2403
339	6.2403
340	6.2403
341	6.2403
342	6.2403
343	6.2403
344	6.2403
345	6.24934
346	6.28025
347	6.25764
348	6.2403
349	8.68321
350	8.77246
351	8.71395
352	8.14555
353	7.83865
354	6.87977
355	6.27471
356	6.2429
357	6.2403
358	6.24091
359	6.2403
360	9.29247
361	9.28117
362	8.21068
363	7.65957
364	6.92655
365	6.26596
366	6.2403
367	6.2403
368	6.2403
369	8.50194
370	7.76706
371	6.88285
372	6.37353
373	6.25878
374	6.24508
375	6.24045
376	8.97821
377	8.06277
378	6.8718
379	6.5108
380	6.26409
381	6.24149
382	6.24085
383	6.25836
384	6.24045
385	8.47281
386	8.63055
387	8.69084
388	7.67332
389	7.23003
390	6.72372
391	6.31887
392	6.2403
393	6.2403
394	6.2403
395	6.2403
396	6.2403
397	6.2403
398	6.2403
399	8.43557
400	8.96242
401	8.67835
402	7.74475
403	7.37764
404	6.34885
405	6.243
406	9.19823
407	8.68044
408	8.47883
409	8.01936
410	7.05598
411	6.8646
412	6.28069
413	6.2403
414	6.30297
415	6.24099
416	6.24211
417	6.2403
418	6.24056
419	6.2403
420	6.2403
421	6.2403
422	6.2403
423	6.2403
424	6.2403
425	6.2403
426	6.2403
427	6.2403
428	6.2403
429	6.2403
430	6.2403
431	6.2403
432	8.51686
433	8.47041
434	8.19966
435	6.95866
436	7.00149
437	6.28475
438	6.2403
439	6.2403
440	6.2403
441	6.2403
442	6.2403
443	6.2403
444	6.2403
445	6.2403
446	6.2403
447	6.2403
448	6.2403
449	6.2403
450	6.2403
451	6.2403
452	6.2403
453	6.2403
454	6.25207
455	6.24897
456	6.2403
457	6.2403
458	6.2403
459	6.2403
460	6.2403
461	6.2403
462	6.2403
463	6.24393
464	6.2403
465	6.2403
466	6.2403
467	6.2403
468	6.2403
469	6.2403
470	6.2403
471	6.2403
472	6.2403
473	6.2403
474	6.2403
475	6.2403
476	6.2403
477	6.2403
478	6.2403
479	6.2403
480	6.2403
481	6.2403
482	6.2403
483	6.2403
484	6.2403
485	6.2403
486	6.2403
487	6.2403
488	6.2403
489	6.28001
490	6.25585
491	9.21505
492	9.17252
493	9.41418
494	10.4331
495	8.96063
496	8.4059
497	7.35788
498	6.96284
499	6.30061
500	6.24406
501	6.2403
502	6.2403
503	6.2403
504	6.2403
505	6.2403
506	6.2403
507	6.2403
508	6.24782
509	6.2403
510	6.2403
511	6.2403
512	6.2403
513	6.2403
514	6.29547
515	6.33239
516	6.24275
517	6.2403
518	6.24253
519	6.2403
520	6.2403
521	6.2403
522	6.2403
523	6.2403
524	6.2689
525	6.24056
526	6.24485
527	6.24944
528	6.26232
529	6.24419
530	6.2403
531	6.2403
532	6.2403
533	8.29955
534	10.9436
535	10.252
536	9.43482
537	8.22352
538	7.43734
539	6.69874
540	6.59908
541	6.57908
542	6.58048
543	6.58141
544	6.56986
545	6.56986
546	6.56986
547	6.56986
548	6.56986
549	9.14956
550	11.939
551	10.6281
552	10.4365
553	12.2471
554	10.6162
555	12.3038
556	10.4532
557	8.17389
558	7.35968
559	7.06797
560	6.6519
561	6.60004
562	6.57245
563	6.57058
564	6.56986
565	6.57085
566	6.57758
567	6.57002
568	6.56987
569	6.56986
570	6.56986
571	6.56986
572	6.56986
573	6.56986
574	6.56986
575	6.56986
576	6.56986
577	6.56986
578	6.56986
579	6.57077
580	6.56986
581	6.56986
582	6.56986
583	6.56986
584	6.56986
585	6.56986
586	6.56986
587	6.56986
588	6.56986
589	6.56986
590	6.56986
591	6.56986
592	6.56986
593	6.56986
594	6.56986
595	6.56986
596	6.56986
597	6.56986
598	6.56986
599	6.56986
600	6.56986
601	6.56986
602	6.56986
603	6.56986
604	6.59627
605	6.58591
606	9.67348
607	9.72387
608	9.24867
609	8.60661
610	7.80893
611	7.00946
612	6.57273
613	6.56986
614	6.56986
615	6.56856
616	6.56207
617	6.55038
618	6.53156
619	6.52026
620	8.81971
621	8.02465
622	7.15959
623	7.0078
624	6.61961
625	6.29548
626	6.2642
627	6.2468
628	6.24097
629	6.2403
630	6.24202
631	6.24082
632	6.2403
633	6.2403
634	6.2403
635	6.2403
636	6.2403
637	6.2403
638	8.98596
639	8.76055
640	7.5291
641	7.15034
642	6.67922
643	6.25667
644	6.24324
645	6.2403
646	6.2403
647	6.2403
648	6.24065
649	6.2403
650	6.2403
651	6.2403
652	6.2403
653	6.2403
654	6.2403
655	6.2403
656	6.2403
657	6.2403
658	6.2403
659	6.2403
660	8.2245
661	8.48794
662	7.81019
663	6.60175
664	6.24096
665	6.2403
666	6.2403
667	6.2403
668	6.2403
669	6.25798
670	6.24218
671	6.2403
672	6.27719
673	6.38183
674	6.28306
675	6.2403
676	6.2403
677	6.2403
678	6.2403
679	6.2403
680	6.2403
681	6.2403
682	6.2403
683	6.2403
684	6.2403
685	6.2403
686	6.2403
687	6.2403
688	8.39134
689	8.41733
690	8.56558
691	8.30813
692	10.7326
693	9.27502
694	8.6867
695	8.03216
696	7.03885
697	6.52092
698	6.29643
699	6.2403
700	6.2403
701	6.2403
702	6.2403
703	6.2403
704	6.2403
705	6.2403
706	6.2407
707	6.2403
708	6.2403
709	6.2403
710	6.2403
711	6.2403
712	6.2403
713	6.2403
714	6.2403
715	6.2403
716	6.2403
717	6.2403
718	6.2403
719	6.2403
720	6.2403
721	6.24211
722	6.2403
723	6.24638
724	6.24131
725	6.24085
726	6.2403
727	6.2403
728	6.2403
729	6.2403
730	6.2403
731	6.2403
732	6.2403
733	6.2403
734	6.2403
735	6.2403
736	6.2403
737	6.2403
738	6.2403
739	6.24113
740	6.26845
741	6.2403
742	8.90023
743	8.89103
744	8.44469
745	7.95753
746	7.4744
747	6.91819
748	6.3665
749	6.29968
750	6.28376
751	6.2403
752	6.2403
753	6.2403
754	8.71582
755	7.71906
756	8.09397
757	7.12227
758	7.02679
759	6.34144
760	6.24831
761	6.25679
762	6.2414
763	6.2403
764	6.2403
765	6.2403
766	6.2403
767	6.2403
768	6.2403
769	6.2403
770	6.2403
771	6.24056
772	6.28272
773	6.44335
774	6.32701
775	6.24321
776	8.7399
777	8.73618
778	8.71767
779	7.33565
780	6.73125
781	6.30761
782	6.241
783	6.2403
784	6.2403
785	6.2403
786	6.2581
787	6.31611
788	6.24096
789	6.2403
790	6.2403
791	6.2403
792	6.2403
793	6.2403
794	6.2403
795	6.2403
796	6.27193
797	6.2403
798	6.2403
799	6.2403
800	6.2403
801	6.2403
802	6.2403
803	6.2403
804	6.2403
805	6.2403
806	6.2403
807	6.2403
808	6.2403
809	6.2403
810	9.13499
811	8.36558
812	7.43432
813	6.76209
814	6.53246
815	8.78064
816	9.30107
817	8.3833
818	7.61532
819	7.30421
820	9.47605
821	9.83903
822	9.40154
823	8.55595
824	7.76063
825	7.23812
826	6.39173
827	6.38098
828	6.27493
829	6.24893
830	6.2403
831	6.24122
832	6.2403
833	6.2403
834	6.2403
835	6.2403
836	6.2403
837	6.25023
838	6.2403
839	6.2403
840	6.2403
841	6.2403
842	6.2403
843	6.2403
844	6.2403
845	6.2403
846	6.2403
847	6.26282
848	6.34363
849	6.24582
850	6.2403
851	6.2403
852	6.2403
853	6.2403
854	6.2403
855	6.2403
856	6.2403
857	6.2403
858	6.2403
859	6.24123
860	6.2403
861	6.2403
862	6.2403
863	6.2403
864	6.2403
865	6.2403
866	6.2403
867	6.2403
868	6.2403
869	6.2403
870	6.2403
871	6.2403
872	8.79199
873	8.86443
874	8.68699
875	7.69681
876	7.60491
877	7.16149
878	6.70685
879	6.27109
880	6.24407
881	6.2403
882	8.87939
883	8.33911
884	7.2573
885	7.08672
886	6.55107
887	6.58937
888	6.2403
889	6.2403
890	6.2403
891	6.2403
892	6.2403
893	6.2403
894	6.2403
895	6.2403
896	6.2403
897	6.2403
898	6.2403
899	6.2403
900	6.2403
901	6.2403
902	6.2403
903	6.2403
904	6.2403
905	6.2403
906	6.2403
907	6.24149
908	8.42663
909	7.98322
910	7.45467
911	7.01951
912	6.53302
913	6.24357
914	6.2403
915	6.2403
916	6.2403
917	6.2403
918	6.2403
919	6.2403
920	6.2403
921	6.2403
922	6.2403
923	6.2403
924	6.2403
925	6.2403
926	6.2403
927	6.2403
928	6.2403
929	9.16037
930	9.20451
931	7.97479
932	7.50138
933	7.22301
934	6.54099
935	6.34037
936	6.31344
937	6.24444
938	6.2403
939	6.2403
940	6.2403
941	6.2403
942	6.2878
943	6.33624
944	6.32439
945	8.69278
946	7.87701
947	7.64861
948	6.89462
949	7.18655
950	6.69005
951	6.75007
952	6.36579
953	6.2585
954	6.2403
955	8.86366
956	8.60219
957	8.10738
958	7.01317
959	6.51678
960	6.43378
961	6.29162
962	6.2403
963	6.2403
964	6.2403
965	6.2403
966	6.2403
967	6.2403
968	6.24384
969	6.24175
970	6.2403
971	6.2403
972	6.2403
973	6.2403
974	6.2403
975	6.2403
976	6.2403
977	6.2403
978	6.2403
979	6.2403
980	6.2403
981	6.2403
982	6.2403
983	6.2403
984	6.2403
985	6.2403
986	6.2403
987	6.2403
988	6.2403
989	6.2403
990	6.24106
991	6.2403
992	6.24086
993	6.2403
994	6.2403
995	6.2403
996	6.2403
997	6.24627
998	6.2472
999	6.2403
1000	6.2403
1001	6.24045
1002	6.2403
1003	6.2403
1004	6.2403
1005	6.2403
1006	8.77966
1007	8.99869
1008	7.9686
1009	7.01861
1010	6.51555
1011	6.24153
1012	8.2726
1013	8.53476
1014	8.07542
1015	6.66703
1016	6.29499
1017	8.7693
1018	8.11383
1019	7.04735
1020	6.64956
1021	6.34427
1022	6.28453
1023	6.24182
1024	6.2403
1025	9.08239
1026	8.27873
1027	8.24899
1028	7.61707
1029	7.12698
1030	10.0069
1031	9.33184
1032	8.11546
1033	7.26768
1034	6.45757
1035	6.36941
1036	6.26275
1037	6.2408
1038	6.2406
1039	6.24045
1040	6.26743
1041	9.15124
1042	9.08403
1043	7.71822
1044	6.58469
1045	6.51284
1046	9.26054
1047	9.58289
1048	9.4965
1049	8.75591
1050	8.34094
1051	7.64763
1052	6.45385
1053	6.24445
1054	6.24558
1055	6.25693
1056	6.2403
1057	6.2403
1058	6.2403
1059	8.54273
1060	8.52178
1061	7.43318
1062	6.5332
1063	6.26046
1064	6.24768
1065	6.28952
1066	6.2403
1067	6.2403
1068	6.2403
1069	6.2403
1070	6.25291
1071	6.2403
1072	6.2403
1073	6.2403
1074	6.2403
1075	6.2403
1076	6.2403
1077	6.2403
1078	6.2403
1079	6.2403
1080	6.2403
1081	6.2403
1082	6.2403
1083	6.2403
1084	6.24071
1085	6.2403
1086	6.2403
1087	6.24091
1088	6.2403
1089	8.44431
1090	8.49412
1091	8.72018
1092	8.14187
1093	7.65052
1094	7.36055
1095	6.60756
1096	6.54155
1097	8.90339
1098	8.46166
1099	7.69165
1100	6.56559
1101	6.42019
1102	6.29705
1103	6.24181
1104	6.24095
1105	6.2403
1106	6.2403
1107	6.2403
1108	6.2403
1109	6.2403
1110	6.2403
1111	6.2403
1112	6.2403
1113	9.08338
1114	8.89741
1115	8.29571
1116	8.0927
1117	7.0343
1118	6.43676
1119	6.37421
1120	6.27289
1121	6.24532
1122	8.94301
1123	8.69697
1124	7.79634
1125	6.96865
1126	6.51223
1127	6.2403
1128	8.68839
1129	8.78481
1130	8.9348
1131	7.35823
1132	6.8731
1133	6.72426
1134	7.08565
1135	6.29577
1136	8.89232
1137	12.0454
1138	11.3372
1139	10.6097
1140	9.59805
1141	8.83323
1142	8.69096
1143	7.77635
1144	7.70906
1145	7.50292
1146	7.49946
1147	7.49946
1148	7.49946
1149	7.49946
1150	7.49946
1151	7.49946
1152	7.49946
1153	7.49946
1154	7.49946
1155	7.49946
1156	7.49946
1157	7.49946
1158	7.49946
1159	7.49946
1160	7.49946
1161	7.49946
1162	7.49946
1163	7.49946
1164	7.50211
1165	7.49946
1166	7.49946
1167	7.49946
1168	7.49946
1169	7.49946
1170	7.49946
1171	7.49946
1172	7.49946
1173	7.49946
1174	7.49946
1175	7.49954
1176	10.1103
1177	9.93683
1178	9.05788
1179	11.4117
1180	10.6498
1181	9.9257
1182	8.88549
1183	8.14001
1184	7.87409
1185	7.5425
1186	7.49954
1187	7.49946
1188	7.49946
1189	7.49946
1190	7.50024
1191	7.49946
1192	7.49946
1193	7.49946
1194	7.49946
1195	7.49946
1196	7.49946
1197	7.49946
1198	9.77714
1199	9.81304
1200	9.27689
1201	8.94619
1202	8.41606
1203	8.06202
1204	10.0624
1205	9.60604
1206	9.02228
1207	8.40798
1208	7.65499
1209	7.52198
1210	7.53975
1211	7.49946
1212	7.49946
1213	7.49946
1214	7.49989
1215	7.49946
1216	7.50054
1217	7.49946
1218	7.49946
1219	7.49946
1220	7.49946
1221	7.49946
1222	7.49946
1223	7.49946
1224	7.49946
1225	7.49946
1226	9.64148
1227	11.7908
1228	10.3018
1229	10.2658
1230	8.90323
1231	8.46574
1232	7.75983
1233	7.96768
1234	7.88136
1235	7.50503
1236	7.50452
1237	7.50409
1238	7.5058
1239	7.50418
1240	7.50308
1241	7.53067
1242	7.45192
1243	7.39325
1244	7.30115
1245	7.27673
1246	7.25803
1247	7.26654
1248	7.3867
1249	7.16756
1250	7.0092
1251	6.96411
1252	6.93089
1253	6.87899
1254	6.86784
1255	6.80795
1256	6.80795
1257	6.80795
1258	6.80795
1259	6.80795
1260	6.80795
1261	6.80795
1262	6.80795
1263	6.80795
1264	6.80795
1265	6.80795
1266	6.80795
1267	6.80795
1268	6.80795
1269	6.80795
1270	6.80795
1271	6.80795
1272	9.0593
1273	8.75976
1274	8.16296
1275	7.44383
1276	6.83498
1277	9.61489
1278	9.2925
1279	8.66081
1280	7.64931
1281	7.39119
1282	6.83355
1283	6.81164
1284	6.84833
1285	6.80795
1286	6.80795
1287	9.06733
1288	9.47757
1289	8.50713
1290	8.02769
1291	7.21422
1292	6.96986
1293	6.80887
1294	6.80795
1295	6.80795
1296	6.80795
1297	6.80795
1298	6.80795
1299	6.80795
1300	6.80795
1301	6.80795
1302	6.80795
1303	6.80795
1304	6.80943
1305	6.80795
1306	6.80795
1307	6.80795
1308	6.80795
1309	6.80795
1310	6.80795
1311	6.80795
1312	6.80795
1313	6.80795
1314	6.80795
1315	6.80795
1316	6.80795
1317	6.80795
1318	6.80795
1319	6.80795
1320	6.80795
1321	6.80795
1322	6.80795
1323	6.80795
1324	6.80795
1325	6.8099
1326	6.8126
1327	9.19598
1328	8.57529
1329	7.80876
1330	7.78167
1331	7.24739
1332	6.37258
1333	6.78476
1334	6.68166
1335	6.28574
1336	6.2403
1337	6.2403
1338	6.2403
1339	6.2403
1340	6.2403
1341	8.54303
1342	7.58158
1343	7.03893
1344	6.55031
1345	6.30301
1346	6.2403
1347	6.2403
1348	6.2403
1349	6.2403
1350	6.2403
1351	6.2403
1352	6.2403
1353	6.2403
1354	6.2403
1355	6.2403
1356	8.65256
1357	8.66101
1358	8.88352
1359	8.98786
1360	7.99245
1361	7.17512
1362	6.92564
1363	6.26977
1364	6.24188
1365	6.24091
1366	8.83377
1367	8.69875
1368	8.02047
1369	6.80687
1370	6.29397
1371	6.2403
1372	6.2403
1373	6.2403
1374	6.2403
1375	6.2403
1376	6.242
1377	6.2403
1378	6.2403
1379	6.2403
1380	6.2403
1381	8.53193
1382	8.32709
1383	8.04332
1384	7.19412
1385	6.43969
1386	6.34635
1387	6.2403
1388	6.24056
1389	6.2403
1390	6.2403
1391	6.2403
1392	6.2403
1393	6.2403
1394	6.2403
1395	6.2403
1396	6.2403
1397	8.75333
1398	8.77096
1399	7.9482
1400	6.42781
1401	6.36624
1402	6.2403
1403	6.2403
1404	6.2403
1405	6.2403
1406	6.2403
1407	6.2403
1408	8.32637
1409	7.24059
1410	7.03287
1411	6.33671
1412	6.26615
1413	6.24671
1414	6.2403
1415	6.2403
1416	6.2403
1417	6.2403
1418	6.2403
1419	8.80911
1420	8.32945
1421	7.56284
1422	7.27729
1423	6.55702
1424	8.77144
1425	8.9846
1426	7.98936
1427	10.4392
1428	10.1561
1429	9.44452
1430	7.70648
1431	6.92057
1432	6.36748
1433	6.24108
1434	6.2403
1435	6.2403
1436	6.2403
1437	6.2403
1438	6.25759
1439	6.2433
1440	6.24551
1441	9.16502
1442	9.08371
1443	9.39029
1444	7.49034
1445	6.82725
1446	6.31248
1447	9.03267
1448	10.5911
1449	10.3657
1450	9.72085
1451	9.23798
1452	7.84566
1453	7.58996
1454	6.57991
1455	6.41776
1456	6.41726
1457	6.41372
1458	6.37868
1459	6.32893
1460	6.29693
1461	6.26901
1462	6.25839
1463	6.2403
1464	6.2403
1465	6.24056
1466	6.2509
1467	6.24091
1468	6.2403
1469	8.92409
1470	9.66553
1471	8.62557
1472	8.84025
1473	8.26888
1474	7.37744
1475	10.2526
1476	9.33612
1477	8.62034
1478	8.23787
1479	6.65714
1480	6.41982
1481	6.2871
1482	6.2443
1483	6.2403
1484	6.2403
1485	6.2403
1486	6.2403
1487	6.2403
1488	6.2403
1489	6.2403
1490	6.2403
1491	6.2403
1492	6.2403
1493	6.2403
1494	6.2403
1495	6.2403
1496	6.2403
1497	6.2403
1498	6.2403
1499	6.2403
1500	6.2403
1501	6.2403
1502	6.2403
1503	6.2403
1504	6.2403
1505	6.24123
1506	6.24384
1507	6.2403
1508	6.2403
1509	6.2403
1510	6.2403
1511	6.2403
1512	6.2403
1513	6.2403
1514	6.2403
1515	6.2403
1516	6.2403
1517	6.2403
1518	6.2403
1519	8.37371
1520	9.12648
1521	8.137
1522	7.05001
1523	6.3154
1524	6.42005
1525	6.32044
1526	6.30598
1527	6.28385
1528	6.2403
1529	6.2403
1530	6.2403
1531	6.2403
1532	6.2403
1533	6.24073
1534	6.2403
1535	6.2403
1536	6.24065
1537	6.2403
1538	6.24259
1539	6.24935
1540	6.2403
1541	6.2403
1542	6.2403
1543	6.2403
1544	6.2403
1545	6.2403
1546	6.2403
1547	6.2403
1548	6.2403
1549	6.2403
1550	6.2403
1551	6.2403
1552	6.2403
1553	6.2403
1554	6.2403
1555	6.2403
1556	6.2403
1557	6.2403
1558	6.2403
1559	6.2403
1560	6.2403
1561	6.2403
1562	6.2403
1563	6.2403
1564	6.2403
1565	6.2403
1566	6.2403
1567	6.2403
1568	6.2403
1569	6.2403
1570	6.2403
1571	6.2403
1572	6.2403
1573	6.2403
1574	6.2403
1575	6.2403
1576	6.2403
1577	6.2403
1578	6.2403
1579	6.2403
1580	6.24116
1581	6.2403
1582	6.2403
1583	6.2403
1584	6.2403
1585	6.2403
1586	6.2403
1587	6.2403
1588	6.2403
1589	6.2403
1590	6.2403
1591	6.2403
1592	6.2403
1593	6.2403
1594	6.2403
1595	6.2403
1596	8.28039
1597	8.19476
1598	7.79056
1599	7.00622
1600	6.70626
1601	6.31728
1602	8.76403
1603	8.50515
1604	7.59351
1605	7.05593
1606	6.78295
1607	6.56701
1608	6.42833
1609	6.25803
1610	6.2403
1611	8.69739
1612	8.08709
1613	7.46271
1614	7.78184
1615	6.60552
1616	6.69847
1617	6.25389
1618	6.24056
1619	6.24065
1620	6.25548
1621	6.2403
1622	8.20718
1623	8.30215
1624	7.54142
1625	7.13174
1626	9.44019
1627	10.0172
1628	9.11522
1629	7.68775
1630	7.10361
1631	6.312
1632	6.2431
1633	6.2403
1634	6.2403
1635	6.2403
1636	6.2403
1637	6.2403
1638	6.2403
1639	6.2403
1640	6.2403
1641	6.2403
1642	6.24499
1643	6.2403
1644	6.2403
1645	6.2403
1646	6.2403
1647	6.2403
1648	6.2403
1649	6.2403
1650	6.2403
1651	6.2403
1652	6.2403
1653	6.2403
1654	6.2403
1655	6.2403
1656	6.2403
1657	6.2403
1658	6.2403
1659	6.2403
1660	6.2403
1661	6.2403
1662	6.2403
1663	6.2403
1664	6.25498
1665	6.2403
1666	8.48489
1667	8.52259
1668	10.3446
1669	9.06637
1670	7.45402
1671	6.47507
1672	6.28869
1673	6.25171
1674	8.64555
1675	8.27453
1676	7.85065
1677	6.6193
1678	9.23841
1679	8.92969
1680	8.82477
1681	7.91843
1682	6.84721
1683	6.43401
1684	6.28527
1685	6.26067
1686	6.2403
1687	6.2403
1688	6.2403
1689	6.2403
1690	6.2403
1691	6.2403
1692	6.2403
1693	6.2403
1694	6.24121
1695	6.2403
1696	6.2403
1697	6.242
1698	6.2403
1699	6.2403
1700	6.2403
1701	6.2403
1702	6.2403
1703	6.34185
1704	6.25112
1705	6.2403
1706	6.2403
1707	6.2403
1708	6.2403
1709	6.2403
1710	6.2403
1711	8.77497
1712	8.51236
1713	7.52153
1714	7.50212
1715	6.42177
1716	9.42675
1717	9.27577
1718	8.03981
1719	6.6852
1720	6.3671
1721	6.2403
1722	6.24081
1723	6.2403
1724	6.2403
1725	6.2403
1726	6.2403
1727	6.2403
1728	6.2403
1729	6.2403
1730	6.2403
1731	6.2403
1732	8.49001
1733	7.74386
1734	7.16735
1735	6.55289
1736	6.3335
1737	6.24523
1738	6.24116
1739	6.24124
1740	6.2403
1741	9.17176
1742	8.15898
1743	7.45596
1744	7.70022
1745	7.20405
1746	6.37218
1747	6.26164
1748	6.24135
1749	8.66147
1750	8.32513
1751	7.83856
1752	6.62968
1753	6.38269
1754	6.27416
1755	6.2403
1756	6.2403
1757	6.2403
1758	6.2403
1759	6.2403
1760	6.2403
1761	6.2403
1762	6.2403
1763	6.2403
1764	6.2403
1765	6.2403
1766	6.2403
1767	6.24045
1768	6.2403
1769	6.2403
1770	6.2403
1771	6.2403
1772	6.2403
1773	6.2403
1774	6.2403
1775	6.2403
1776	6.2403
1777	6.2403
1778	6.2403
1779	6.2403
1780	6.25267
1781	6.2403
1782	6.2403
1783	6.2403
1784	6.2403
1785	6.24175
1786	9.21442
1787	8.26833
1788	7.99465
1789	7.11666
1790	6.2948
1791	6.2403
1792	6.2403
1793	6.2403
1794	6.2403
1795	6.2403
1796	6.24214
1797	6.24113
1798	6.2403
1799	6.2403
1800	6.2403
1801	6.2403
1802	6.2403
1803	6.2403
1804	6.2403
1805	6.2403
1806	6.2403
1807	6.2403
1808	6.2403
1809	6.2403
1810	6.2403
1811	6.2403
1812	6.2403
1813	6.2403
1814	6.2403
1815	6.2403
1816	6.2403
1817	6.2403
1818	6.2403
1819	6.2403
1820	6.2403
1821	6.2403
1822	6.2403
1823	6.2403
1824	8.44115
1825	8.83789
1826	8.73552
1827	7.7055
1828	6.78678
1829	6.31618
1830	6.33854
1831	6.25491
1832	6.2403
1833	6.2403
1834	6.2403
1835	6.2403
1836	6.2403
1837	6.2403
1838	6.2403
1839	6.2403
1840	6.2403
1841	6.2403
1842	6.2403
1843	6.2403
1844	6.2403
1845	6.24595
1846	8.91009
1847	9.23502
1848	8.24754
1849	7.66895
1850	7.0815
1851	9.9571
1852	9.33739
1853	11.6827
1854	11.1543
1855	10.2132
1856	10.9297
1857	9.36571
1858	8.40606
1859	7.07529
1860	6.77781
1861	6.71664
1862	6.54076
1863	6.45386
1864	6.60956
1865	6.45513
1866	6.45466
1867	6.4537
1868	6.4537
1869	6.4537
1870	8.75201
1871	8.49231
1872	7.05698
1873	7.14759
1874	6.88887
1875	6.58037
1876	6.47282
1877	6.45602
1878	6.43415
1879	6.43006
1880	6.42863
1881	6.42863
1882	6.42863
1883	6.42863
1884	8.74883
1885	8.55589
1886	7.74638
1887	6.8195
1888	6.50882
1889	6.42878
1890	6.42863
1891	6.42863
1892	6.43275
1893	6.51047
1894	6.46769
1895	6.42863
1896	6.42863
1897	6.52771
1898	6.48777
1899	6.46134
1900	6.42863
1901	6.42863
1902	6.42863
1903	6.42863
1904	6.43079
1905	6.42863
1906	6.42863
1907	6.42863
1908	6.42863
1909	6.42863
1910	6.42863
1911	6.42863
1912	6.42863
1913	6.42863
1914	6.43958
1915	6.48128
1916	6.43907
1917	6.45643
1918	6.46833
1919	6.42863
1920	6.42863
1921	6.42863
1922	6.42863
1923	6.42863
1924	6.42863
1925	9.24147
1926	9.07835
1927	8.35527
1928	8.06414
1929	7.12732
1930	6.65619
1931	6.44205
1932	6.6517
1933	6.53072
1934	6.42906
1935	6.42863
1936	6.42901
1937	6.42863
1938	6.42863
1939	6.42863
1940	6.42863
1941	6.42863
1942	6.42863
1943	6.42863
1944	6.42863
1945	6.42863
1946	6.42863
1947	6.42863
1948	6.42863
1949	6.42863
1950	6.42863
1951	8.92808
1952	8.39313
1953	11.0252
1954	10.2049
1955	9.36117
1956	10.579
1957	9.59881
1958	8.57256
1959	7.07236
1960	9.66154
1961	9.53428
1962	7.91442
1963	6.70519
1964	6.80726
1965	6.42863
1966	6.42863
1967	6.42863
1968	6.42863
1969	6.42863
1970	6.42863
1971	6.42863
1972	6.42863
1973	6.42863
1974	6.42863
1975	6.44493
1976	6.42863
1977	6.42863
1978	6.42863
1979	6.42863
1980	6.42863
1981	6.42863
1982	6.42863
1983	6.42863
1984	6.42863
1985	8.67829
1986	8.90593
1987	7.97235
1988	7.67106
1989	6.97637
1990	6.4313
1991	6.42893
1992	6.42863
1993	6.42863
1994	6.42863
1995	6.42863
1996	6.42863
1997	8.71991
1998	8.42685
1999	7.41388
2000	7.01408
2001	6.59975
2002	6.56786
2003	6.43579
2004	6.42863
2005	6.42863
2006	6.42863
2007	6.42863
2008	6.42863
2009	6.42863
2010	8.76404
2011	11.2382
2012	10.9422
2013	9.76829
2014	9.07339
2015	8.09144
2016	7.52542
2017	7.33733
2018	7.11728
2019	9.48667
2020	9.45696
2021	8.38035
2022	9.95328
2023	9.95723
2024	10.0171
2025	8.49577
2026	7.19848
2027	6.77827
2028	6.51852
2029	9.63104
2030	12.0413
2031	10.6559
2032	9.38289
2033	8.44959
2034	7.88212
2035	6.72916
2036	6.36007
2037	6.27274
2038	6.24885
2039	6.2403
2040	6.2403
2041	6.24045
2042	6.24729
2043	6.24345
2044	6.2403
2045	6.2403
2046	6.2403
2047	6.2403
2048	6.2403
2049	6.2403
2050	6.2403
2051	6.2403
2052	6.2403
2053	6.2403
2054	6.2403
2055	6.2403
2056	6.2403
2057	6.2403
2058	6.2403
2059	6.2403
2060	6.2403
2061	6.2403
2062	6.2403
2063	6.2403
2064	6.2403
2065	6.2403
2066	6.2403
2067	8.47309
2068	8.52777
2069	8.1784
2070	7.8457
2071	6.38802
2072	6.32941
2073	6.28002
2074	6.24124
2075	6.24392
2076	6.24132
2077	6.2403
2078	6.2403
2079	6.24377
2080	6.2457
2081	6.24891
2082	9.11706
2083	9.22164
2084	8.82592
2085	8.11962
2086	6.47809
2087	6.24514
2088	6.2403
2089	6.24045
2090	6.48616
2091	6.26062
2092	6.24576
2093	6.2403
2094	6.2403
2095	6.2403
2096	6.2403
2097	6.2403
2098	6.2403
2099	6.2403
2100	6.24073
2101	6.24226
2102	6.24082
2103	6.24056
2104	6.25282
2105	6.2403
2106	6.24668
2107	6.241
2108	6.2403
2109	6.2403
2110	6.2403
2111	8.98613
2112	8.93545
2113	7.50199
2114	7.38263
2115	6.9298
2116	9.30612
2117	8.67747
2118	7.58569
2119	7.61557
2120	7.1428
2121	6.25346
2122	6.24546
2123	6.24301
2124	8.9673
2125	8.10748
2126	7.36445
2127	6.40811
2128	6.27158
2129	6.2435
2130	6.2403
2131	6.2403
2132	6.2403
2133	6.24056
2134	6.28801
2135	6.25379
2136	6.26597
2137	6.2403
2138	6.2403
2139	6.2403
2140	6.2403
2141	6.2403
2142	6.2403
2143	6.2403
2144	6.2403
2145	8.26069
2146	8.0458
2147	8.29819
2148	7.4247
2149	6.62289
2150	6.34543
2151	6.24657
2152	6.2403
2153	6.2416
2154	6.24325
2155	6.2403
2156	6.2403
2157	6.2403
2158	6.2403
2159	6.2403
2160	6.2403
2161	6.24056
2162	6.2403
2163	8.88403
2164	8.40735
2165	10.834
2166	10.5237
2167	9.50883
2168	8.80404
2169	7.40291
2170	6.86051
2171	6.29078
2172	6.25625
2173	6.2403
2174	6.2403
2175	6.2403
2176	6.2403
2177	6.2403
2178	6.2403
2179	6.2403
2180	6.2403
2181	6.2403
2182	6.2403
2183	6.2403
2184	6.2403
2185	8.81717
2186	8.71254
2187	8.12586
2188	7.28215
2189	6.54854
2190	6.24045
2191	6.2403
2192	6.2403
2193	6.2403
2194	6.2403
2195	6.2403
2196	6.2403
2197	6.2403
2198	6.2403
2199	6.2403
2200	6.2403
2201	6.2403
2202	6.2403
2203	6.2403
2204	6.2403
2205	6.2403
2206	6.2403
2207	6.2403
2208	6.2403
2209	8.81066
2210	9.07882
2211	8.09243
2212	7.20343
2213	10.0031
2214	9.50309
2215	8.91251
2216	7.96343
2217	10.1804
2218	10.1922
2219	9.938
2220	9.09878
2221	7.9173
2222	7.20067
2223	6.38788
2224	6.25607
2225	6.24217
2226	6.24232
2227	6.26785
2228	6.2403
2229	6.2403
2230	6.2403
2231	6.2403
2232	6.2403
2233	6.2407
2234	6.2403
2235	6.2403
2236	6.2403
2237	6.2403
2238	8.7353
2239	9.04484
2240	8.59044
2241	7.46244
2242	6.6128
2243	6.25671
2244	6.2403
2245	6.25766
2246	6.25523
2247	6.33011
2248	9.22077
2249	9.20183
2250	9.0845
2251	8.29223
2252	7.31132
2253	6.82108
2254	6.51982
2255	6.25172
2256	6.2406
2257	6.24135
2258	6.2403
2259	6.2403
2260	6.2403
2261	6.24056
2262	6.2403
2263	6.2403
2264	6.2403
2265	6.25218
2266	8.43621
2267	8.08996
2268	7.39742
2269	7.22077
2270	6.32917
2271	6.5581
2272	6.25546
2273	6.24095
2274	6.24206
2275	6.2403
2276	9.33978
2277	9.55667
2278	8.9498
2279	8.83555
2280	7.46406
2281	6.30388
2282	6.26876
2283	6.2403
2284	6.2403
2285	6.2403
2286	6.2403
2287	6.2403
2288	6.2403
2289	6.2403
2290	6.2403
2291	6.2403
2292	6.2403
2293	8.93616
2294	11.311
2295	10.2401
2296	9.07472
2297	7.357
2298	6.77213
2299	6.46917
2300	6.36553
2301	6.28812
2302	6.24123
2303	6.2408
2304	6.2403
2305	6.2403
2306	6.2403
2307	6.2403
2308	6.2403
2309	6.2403
2310	6.2403
2311	6.2403
2312	6.2403
2313	6.2403
2314	6.2403
2315	6.2403
2316	6.2403
2317	6.2403
2318	6.2403
2319	6.24056
2320	6.24428
2321	6.2403
2322	6.24736
2323	6.2403
2324	6.2403
2325	6.27191
2326	6.3136
2327	6.2403
2328	6.2403
2329	6.2403
2330	6.2403
2331	6.2403
2332	6.2403
2333	6.2403
2334	8.70268
2335	8.20263
2336	8.00545
2337	8.07403
2338	7.08497
2339	6.3128
2340	6.37703
2341	6.2403
2342	6.2403
2343	6.2403
2344	6.26674
2345	6.2403
2346	6.2403
2347	6.24836
2348	6.2403
2349	6.24547
2350	6.26083
2351	6.3022
2352	6.24225
2353	6.24091
2354	6.24099
2355	6.2403
2356	6.2403
2357	6.2403
2358	6.2403
2359	8.33303
2360	7.74948
2361	7.14544
2362	6.69486
2363	6.54028
2364	6.37595
2365	6.26592
2366	6.2403
2367	6.2403
2368	6.2403
2369	6.2403
2370	6.2403
2371	6.2403
2372	6.2403
2373	6.2403
2374	6.2403
2375	6.2403
2376	6.2403
2377	6.2403
2378	6.2403
2379	6.2403
2380	6.2403
2381	6.2403
2382	8.90793
2383	8.55405
2384	11.5806
2385	11.0245
2386	12.3817
2387	11.7603
2388	10.975
2389	9.6627
2390	8.90339
2391	7.84564
2392	7.74126
2393	7.44448
2394	7.37578
2395	7.37578
2396	7.37576
2397	7.37574
2398	7.37572
2399	7.37572
2400	7.37571
2401	7.37571
2402	7.37571
2403	7.37571
2404	7.37571
2405	7.37571
2406	7.37571
2407	7.37571
2408	9.48386
2409	9.48299
2410	8.86949
2411	8.70851
2412	8.0863
2413	7.46237
2414	7.38009
2415	7.38354
2416	7.37756
2417	7.37678
2418	7.37571
2419	7.43544
2420	7.37571
2421	9.46339
2422	9.7156
2423	8.73456
2424	8.03695
2425	7.64301
2426	7.41359
2427	7.40507
2428	7.37572
2429	7.37704
2430	9.83732
2431	9.39737
2432	8.88332
2433	8.09987
2434	7.96956
2435	7.39187
2436	7.38301
2437	7.52701
2438	7.37571
2439	7.37571
2440	7.37571
2441	7.37571
2442	7.37571
2443	7.37571
2444	7.37571
2445	7.37571
2446	7.37571
2447	7.37571
2448	7.37571
2449	7.37571
2450	7.37571
2451	7.37571
2452	7.37571
2453	7.37571
2454	7.37571
2455	7.37571
2456	9.86913
2457	9.41661
2458	11.9281
2459	11.2316
2460	13.1192
2461	13.1982
2462	14.7502
2463	14.1452
2464	13.6143
2465	11.4743
2466	9.85066
2467	9.04611
2468	8.81915
2469	8.76831
2470	8.76629
2471	10.0371
2472	10.1344
2473	9.14127
2474	8.50458
2475	7.96319
2476	7.80056
2477	7.98097
2478	7.85794
2479	7.39822
2480	7.30552
2481	7.17722
2482	7.1755
2483	7.1755
2484	7.17547
2485	7.17547
2486	7.17547
2487	7.17547
2488	7.17547
2489	7.17508
2490	7.17236
2491	7.16615
2492	7.1611
2493	7.15644
2494	7.15605
2495	7.15605
2496	7.15605
2497	7.15717
2498	7.1729
2499	7.15605
2500	7.15605
2501	7.15605
2502	7.19813
2503	7.15605
2504	7.15605
2505	7.15605
2506	7.15604
2507	7.15599
2508	7.15588
2509	7.15581
2510	7.15572
2511	7.15572
2512	7.15572
2513	7.15572
2514	7.15572
2515	7.15572
2516	7.15572
2517	7.15572
2518	7.15572
2519	7.15572
2520	7.15572
2521	7.15303
2522	7.14319
2523	7.11186
2524	7.07363
2525	7.03923
2526	7.02097
2527	7.02036
2528	7.01855
2529	7.01628
2530	7.01476
2531	7.01354
2532	7.01354
2533	7.014
2534	7.01389
2535	7.01354
2536	7.01447
2537	7.03139
2538	9.35122
2539	8.95313
2540	8.15148
2541	7.17927
2542	9.51326
2543	9.50321
2544	8.7649
2545	10.525
2546	9.71548
2547	9.03741
2548	8.51691
2549	7.79827
2550	9.7098
2551	9.13755
2552	8.09884
2553	8.0361
2554	7.64321
2555	7.10106
2556	7.00122
2557	6.69696
2558	6.69567
2559	6.69563
2560	6.69408
2561	6.69408
2562	6.69408
2563	9.21358
2564	9.04287
2565	8.17108
2566	7.26408
2567	6.8032
2568	6.69742
2569	6.69434
2570	6.69408
2571	6.69408
2572	6.70363
2573	6.70068
2574	6.69831
2575	6.69408
2576	6.69408
2577	6.69408
2578	6.69408
2579	8.94056
2580	8.48192
2581	7.59426
2582	6.80815
2583	6.70363
2584	9.17931
2585	9.25479
2586	8.76782
2587	8.28144
2588	7.14196
2589	6.70617
2590	9.21245
2591	8.89519
2592	7.80008
2593	6.95179
2594	6.77836
2595	6.9677
2596	6.73674
2597	6.69408
2598	6.69408
2599	6.69408
2600	6.69408
2601	8.96839
2602	8.28771
2603	8.01818
2604	7.4401
2605	6.76362
2606	6.79502
2607	6.69408
2608	6.69408
2609	6.69408
2610	6.69408
2611	6.69408
2612	6.69408
2613	8.84745
2614	9.56822
2615	8.61784
2616	8.31965
2617	7.89506
2618	7.03183
2619	7.05721
2620	6.65567
2621	6.83175
2622	6.76927
2623	6.29831
2624	6.30253
2625	6.24136
2626	6.2403
2627	6.2403
2628	6.2403
2629	6.2403
2630	6.2403
2631	6.2403
2632	6.2403
2633	6.2476
2634	6.2421
2635	6.2408
2636	6.2403
2637	6.2403
2638	6.2403
2639	6.2403
2640	6.2403
2641	6.2403
2642	6.2403
2643	6.2403
2644	8.76337
2645	8.26983
2646	8.22235
2647	8.08218
2648	7.07651
2649	6.41499
2650	6.24045
2651	6.2403
2652	6.2403
2653	6.2403
2654	6.2403
2655	6.2416
2656	6.2403
2657	6.2403
2658	6.2403
2659	6.2403
2660	6.2403
2661	6.2403
2662	8.34015
2663	7.80378
2664	9.79016
2665	9.28125
2666	8.03963
2667	7.2369
2668	6.37686
2669	6.24116
2670	6.24123
2671	6.2403
2672	6.24096
2673	6.2403
2674	6.2403
2675	6.2403
2676	6.2403
2677	6.2403
2678	6.2403
2679	6.2403
2680	6.2403
2681	6.2403
2682	6.2403
2683	8.70111
2684	11.4423
2685	11.1828
2686	10.1436
2687	11.5974
2688	10.8634
2689	10.5282
2690	9.66127
2691	8.69057
2692	7.43593
2693	6.6373
2694	6.339
2695	6.24314
2696	6.2403
2697	6.2403
2698	6.26315
2699	6.2403
2700	6.2403
2701	6.2403
2702	6.2403
2703	8.37031
2704	7.73341
2705	10.8292
2706	9.86812
2707	8.86607
2708	7.57372
2709	6.79103
2710	6.32531
2711	6.48649
2712	6.2849
2713	6.26257
2714	6.24082
2715	6.2403
2716	6.2403
2717	6.2403
2718	6.2403
2719	6.2403
2720	8.27957
2721	8.33192
2722	11.0792
2723	10.5075
2724	9.50841
2725	8.81579
2726	7.64104
2727	7.17014
2728	6.78609
2729	6.51063
2730	9.09221
2731	8.97639
2732	11.2081
2733	10.3047
2734	9.12226
2735	7.96901
2736	7.61196
2737	6.89107
2738	6.70025
2739	6.25252
2740	6.26474
2741	6.24351
2742	8.97566
2743	8.72186
2744	8.06053
2745	6.39951
2746	6.30705
2747	6.2406
2748	6.2403
2749	6.2728
2750	6.2403
2751	6.2403
2752	6.2403
2753	6.2403
2754	6.24148
2755	6.24257
2756	6.2403
2757	8.21716
2758	7.67145
2759	7.64854
2760	6.97403
2761	8.79276
2762	9.16167
2763	8.71434
2764	7.41125
2765	6.83559
2766	6.32627
2767	8.96796
2768	9.29915
2769	8.74779
2770	10.1674
2771	9.5612
2772	7.9078
2773	9.31409
2774	7.68937
2775	7.55829
2776	6.37616
2777	6.25751
2778	6.2403
2779	6.24583
2780	6.2403
2781	6.2403
2782	6.2403
2783	6.2403
2784	6.2403
2785	6.2403
2786	6.2403
2787	6.2403
2788	6.2403
2789	6.2403
2790	6.2403
2791	6.2403
2792	6.2403
2793	6.2403
2794	6.2403
2795	6.2403
2796	6.2403
2797	6.2403
2798	6.2403
2799	6.2403
2800	6.2403
2801	8.34704
2802	8.64227
2803	8.03805
2804	7.66185
2805	6.40604
2806	6.24082
2807	6.2403
2808	6.2403
2809	8.68294
2810	7.88735
2811	8.24257
2812	9.62142
2813	8.65485
2814	10.8726
2815	10.2776
2816	9.61495
2817	8.16333
2818	10.7401
2819	9.84135
2820	8.28628
2821	7.45773
2822	7.10242
2823	6.53841
2824	6.47472
2825	6.36093
2826	6.31046
2827	6.3122
2828	6.25718
2829	6.2403
2830	6.2403
2831	8.5352
2832	8.32472
2833	7.51566
2834	7.7475
2835	9.92761
2836	9.38003
2837	8.70443
2838	7.642
2839	7.05333
2840	6.5511
2841	6.51479
2842	6.34867
2843	9.46611
2844	9.42813
2845	8.22387
2846	7.0392
2847	6.66276
2848	6.42997
2849	6.241
2850	6.25107
2851	6.24146
2852	6.24141
2853	6.2403
2854	6.26076
2855	6.2403
2856	6.2403
2857	6.2403
2858	6.2403
2859	6.2403
2860	6.2403
2861	6.2403
2862	6.2403
2863	8.74639
2864	8.68036
2865	8.3898
2866	7.65206
2867	6.52157
2868	6.43051
2869	6.47157
2870	6.32823
2871	9.11047
2872	8.4758
2873	7.3799
2874	7.00427
2875	6.6284
2876	6.26577
2877	6.25536
2878	6.2403
2879	6.2403
2880	6.2403
2881	6.2403
2882	6.2403
2883	6.2403
2884	6.2403
2885	8.98408
2886	8.53469
2887	7.70853
2888	7.45678
2889	6.62871
2890	6.30339
2891	6.2403
2892	6.2582
2893	6.24663
2894	6.24056
2895	6.24142
2896	6.33044
2897	6.24226
2898	6.2403
2899	6.2403
2900	6.24401
2901	6.2403
2902	6.2403
2903	6.2403
2904	6.2403
2905	6.2403
2906	6.2403
2907	6.2403
2908	6.2403
2909	6.2403
2910	6.2403
2911	6.25853
2912	6.31825
2913	6.24336
2914	6.24065
2915	6.2408
2916	6.2403
2917	6.2403
2918	6.2403
2919	6.2403
2920	6.2403
2921	6.2403
2922	6.2403
2923	6.24466
2924	6.2408
2925	6.24175
2926	6.2403
2927	6.2403
2928	6.2403
2929	6.2403
2930	6.24045
2931	6.2403
2932	6.2403
2933	6.2403
2934	6.2403
2935	6.2403
2936	6.2403
2937	8.61169
2938	8.4069
2939	7.13215
2940	6.65919
2941	6.41382
2942	6.24091
2943	6.26645
2944	6.2818
2945	6.26075
2946	6.24082
2947	6.2403
2948	6.25665
2949	8.78117
2950	9.58859
2951	8.11561
2952	6.91734
2953	6.52866
2954	6.28457
2955	6.3336
2956	6.24883
2957	6.2403
2958	6.2403
2959	6.2403
2960	6.2403
2961	6.2403
2962	6.2403
2963	6.2403
2964	8.84049
2965	8.11659
2966	10.8971
2967	12.486
2968	11.4027
2969	11.1371
2970	11.0593
2971	10.1499
2972	9.605
2973	9.06551
2974	8.9797
2975	8.9234
2976	8.9135
2977	8.90142
2978	9.34635
2979	9.43212
2980	9.87725
2981	10.0924
2982	9.59033
2983	9.44366
2984	9.34066
2985	9.46777
2986	8.8382
2987	8.68579
2988	8.67782
2989	8.67655
2990	8.67655
2991	8.6767
2992	8.67655
2993	8.6762
2994	8.67834
2995	8.67096
2996	8.66782
2997	8.66153
2998	8.66013
2999	10.9967
3000	11.2647
