0.78227
0.779663
0.776301
0.772448
0.768553
0.76526
0.763227
0.762912
0.764346
0.767072
0.770383
0.773545
0.776046
0.777646
0.778336
0.778323
0.778108
0.778395
0.779987
0.783572
0.78952
0.79772
0.807504
0.817572
0.826037
0.83079
0.829914
0.822139
0.807255
0.786302
0.761625
0.736663
0.715205
0.700582
0.6948
0.698304
0.710262
0.728891
0.751867
0.776677
0.800902
0.822433
0.839572
0.851077
0.856225
0.854937
0.847609
0.834964
0.817819
0.796966
0.773227
0.747559
0.72127
0.696181
0.674677
0.659452
0.652874
0.656153
0.668768
0.688486
0.712138
0.736411
0.758543
0.776681
0.78978
0.797476
0.799797
0.797018
0.789629
0.778427
0.764597
0.749792
0.735939
0.724895
0.718219
0.716749
0.720496
0.728561
0.739381
0.751217
0.762489
0.772167
0.779834
0.785539
0.789547
0.792034
0.793237
0.793557
0.793775
0.795059
0.798685
0.805474
0.815331
0.827085
0.838695
0.847575
0.851144
0.847397
0.835338
0.815324
0.789145
0.759864
0.731404
0.707757
0.69209
0.685998
0.689137
0.699696
0.715244
0.733537
0.752715
0.77118
0.787363
0.799784
0.807223
0.808928
0.804656
0.79477
0.780177
0.762255
0.742744
0.723616
0.706936
0.694839
0.689476
0.692487
0.70405
0.722327
0.744004
0.765703
0.785125
0.801388
0.814557
0.825017
0.832993
0.838318
0.840592
0.839525
0.835254
0.828376
0.819717
0.809879
0.798976
0.786758
0.773049
0.758322
0.743927
0.732015
0.724993
0.724825
0.732265
0.746442
0.764886
0.784285
0.80136
0.813563
0.819389
0.818519
0.811664
0.800352
0.786659
0.772738
0.760429
0.750917
0.744606
0.741369
0.740827
0.742616
0.746525
0.752264
0.759209
0.766303
0.772291
0.776138
0.777431
0.776736
0.775203
0.774252
0.774907
0.777311
0.780801
0.784194
0.786339
0.786458
0.784429
0.780706
0.776118
0.771463
0.767214
0.76339
0.75986
0.756578
0.753793
0.752026
0.751764
0.753271
0.756335
0.760444
0.765045
0.769752
0.774194
0.777596
0.778634
0.775862
0.768276
0.7558
0.739474
0.721423
0.704597
0.692192
0.686657
0.688839
0.69777
0.711305
0.727297
0.744321
0.761834
0.779635
0.797227
0.8133
0.825753
0.832273
0.831165
0.821892
0.805408
0.784066
0.761181
0.74033
0.724645
0.716233
0.715863
0.72294
0.735749
0.751782
0.768385
0.783405
0.795503
0.804035
0.809036
0.810984
0.810578
0.808458
0.804961
0.800192
0.79423
0.787454
0.780823
0.775656
0.773064
0.773396
0.775879
0.778864
0.780393
0.778988
0.774018
0.765883
0.755944
0.746124
0.738395
0.734265
0.734424
0.738579
0.745484
0.753345
0.760374
0.765352
0.768007
0.76896
0.769451
0.770827
0.773994
0.779069
0.785485
0.792243
0.79806
0.801758
0.802389
0.79951
0.793362
0.785135
0.776807
0.770569
0.767939
0.769103
0.772897
0.777333
0.78044
0.780844
0.77803
0.772183
0.764107
0.75503
0.746354
0.739395
0.735259
0.734756
0.738452
0.746661
0.759208
0.775018
0.79191
0.807075
0.817964
0.822913
0.821263
0.813348
0.800326
0.78399
0.766572
0.750526
0.738208
0.731441
0.730964
0.736211
0.745653
0.75714
0.768479
0.777903
0.784349
0.787414
0.787243
0.784286
0.779145
0.772639
0.76589
0.760195
0.756587
0.755403
0.756271
0.75815
0.759801
0.760239
0.759016
0.756302
0.752865
0.749703
0.747746
0.747471
0.748808
0.751171
0.753798
0.756046
0.757555
0.758279
0.758386
0.758274
0.758634
0.760463
0.764775
0.772106
0.782245
0.794334
0.807134
0.819311
0.829549
0.836276
0.837986
0.833786
0.823957
0.809934
0.793714
0.777
0.760859
0.745869
0.732519
0.721506
0.713761
0.710124
0.710766
0.715007
0.721698
0.72972
0.738258
0.746708
0.754488
0.76099
0.765772
0.768709
0.770129
0.770782
0.771686
0.773892
0.778254
0.785038
0.793758
0.803167
0.811551
0.817216
0.818828
0.815838
0.808583
0.798303
0.78701
0.777188
0.771244
0.770763
0.77583
0.784755
0.794386
0.801211
0.802393
0.796642
0.784584
0.768631
0.752383
0.739791
0.734178
0.73731
0.749064
0.767549
0.789597
0.81176
0.831026
0.845209
0.853026
0.853983
0.848345
0.837131
0.821908
0.804389
0.786103
0.768133
0.751142
0.735533
0.721731
0.710123
0.701107
0.694806
0.691039
0.689257
0.688736
0.688795
0.688963
0.689256
0.690281
0.693208
0.699393
0.709739
0.724084
0.741036
0.758391
0.773859
0.785638
0.792678
0.794667
0.791871
0.785239
0.776338
0.767168
0.759939
0.756544
0.758266
0.765428
0.77745
0.793093
0.810507
0.827512
0.842066
0.852756
0.859047
0.861087
0.859139
0.853158
0.84304
0.829013
0.811875
0.792794
0.773174
0.754262
0.737115
0.722543
0.711178
0.703567
0.700253
0.701791
0.708556
0.720423
0.736368
0.754349
0.77167
0.785705
0.7947
0.798187
0.797005
0.792991
0.788296
0.784668
0.783118
0.783977
0.787218
0.792669
0.800128
0.809277
0.81952
0.829868
0.838999
0.845289
0.846943
0.842284
0.830268
0.81091
0.785715
0.757661
0.730675
0.708533
0.693687
0.686637
0.686217
0.690642
0.698253
0.707844
0.718644
0.730401
0.743228
0.757125
0.771505
0.785164
0.796633
0.804769
0.809303
0.810959
0.811237
0.811918
0.814416
0.819285
0.826048
0.833406
0.839687
0.843273
0.842983
0.838376
0.829605
0.817189
0.80177
0.784042
0.764826
0.745346
0.727139
0.711722
0.69998
0.691829
0.686456
0.682892
0.6807
0.680371
0.683157
0.690379
0.702704
0.719606
0.73939
0.759582
0.777575
0.791245
0.799376
0.801694
0.798882
0.792386
0.784207
0.776668
0.772262
0.773346
0.781448
0.796686
0.817204
0.839425
0.859053
0.87222
0.876401
0.870791
0.856306
0.835418
0.811582
0.788549
0.769631
0.756921
0.75086
0.750454
0.753854
0.759032
0.76428
0.768334
0.770472
0.770498
0.768625
0.765341
0.761294
0.757253
0.754065
0.752467
0.752842
0.754856
0.757445
0.759257
0.759202
0.756861
0.752701
0.747818
0.743646
0.741481
0.742114
0.745566
0.751302
0.758554
0.766699
0.775363
0.784386
0.793485
0.801929
0.808399
0.811172
0.808443
0.79892
0.782298
0.759427
0.732467
0.704549
0.679322
0.660295
0.65015
0.650424
0.661154
0.680633
0.705519
0.731709
0.755383
0.773854
0.785833
0.791303
0.791175
0.787069
0.781038
0.775324
0.772045
0.772682
0.777638
0.786079
0.796191
0.805756
0.812646
0.815317
0.813192
0.806627
0.796883
0.785678
0.774678
0.765008
0.757022
0.750517
0.745035
0.740326
0.736509
0.73395
0.733073
0.734286
0.737899
0.744115
0.752862
0.76367
0.775539
0.787164
0.797218
0.804757
0.809382
0.811113
0.810321
0.807828
0.804824
0.802375
0.800928
0.799972
0.798377
0.795189
0.790124
0.783732
0.776934
0.770691
0.765672
0.762034
0.759433
0.757264
0.755129
0.753168
0.751946
0.752093
0.753853
0.75696
0.760819
0.764842
0.768619
0.771928
0.77466
0.776841
0.778756
0.780883
0.783793
0.787957
0.793593
0.800635
0.808559
0.816378
0.822626
0.825706
0.824357
0.818113
0.807352
0.793314
0.777921
0.763286
0.751256
0.742918
0.738403
0.737295
0.738978
0.742837
0.748095
0.753762
0.758701
0.76214
0.763899
0.764267
0.763784
0.763022
0.762298
0.76169
0.761094
0.760346
0.759279
0.757915
0.756602
0.756225
0.758089
0.763202
0.771327
0.78084
0.789551
0.795748
0.798665
0.798412
0.795629
0.791075
0.785453
0.779399
0.773469
0.768142
0.763619
0.759716
0.755886
0.751458
0.745943
0.739371
0.732515
0.726694
0.723528
0.724334
0.729669
0.739055
0.75098
0.763435
0.774422
0.78249
0.787061
0.788478
0.787627
0.785804
0.784249
0.783988
0.785616
0.789139
0.793881
0.798706
0.802287
0.803616
0.802134
0.797947
0.791649
0.784103
0.776332
0.769313
0.763809
0.760211
0.758321
0.757257
0.755602
0.751805
0.744718
0.734172
0.721109
0.707394
0.695147
0.685933
0.68036
0.678183
0.678784
0.68165
0.686741
0.69456
0.705969
0.721692
0.741734
0.765066
0.789636
0.81292
0.832477
0.846485
0.854025
0.855357
0.851677
0.844725
0.83602
0.826313
0.815486
0.803031
0.788672
0.772772
0.756333
0.74083
0.727813
0.718501
0.713572
0.713142
0.717322
0.726461
0.741027
0.761136
0.785934
0.813286
0.840081
0.862862
0.878637
0.885484
0.882694
0.870814
0.851404
0.82662
0.798942
0.771007
0.745484
0.724963
0.711616
0.706798
0.710666
0.721993
0.738485
0.757472
0.776462
0.793388
0.806459
0.813978
0.814394
0.806515
0.789888
0.765169
0.734345
0.700637
0.668189
0.641373
0.623907
0.618297
0.62535
0.644052
0.671969
0.7059
0.742464
0.778538
0.811483
0.839146
0.860106
0.873641
0.87969
0.87867
0.871444
0.859232
0.843601
0.826425
0.809726
0.795394
0.784771
0.778342
0.775701
0.775603
0.776348
0.776207
0.773735
0.768111
0.759216
0.747674
0.734611
0.721467
0.709906
0.701659
0.698282
0.700947
0.71012
0.725443
0.745554
0.768202
0.790494
0.809362
0.822144
0.827018
0.823319
0.81179
0.794381
0.774041
0.754184
0.738038
0.727798
0.724124
0.725968
0.730912
0.735905
0.73832
0.736854
0.731844
0.724993
0.718657
0.715129
0.716011
0.721956
0.73248
0.746071
0.760649
0.774124
0.784988
0.792577
0.796974
0.798703
0.798453
0.796849
0.794314
0.791143
0.7877
0.78452
0.782344
0.78195
0.783934
0.788481
0.795207
0.803448
0.812315
0.820937
0.828459
0.834072
0.837108
0.836999
0.833276
0.825623
0.814116
0.799767
0.784595
0.770968
0.760042
0.751321
0.743547
0.73615
0.729676
0.725129
0.723083
0.723317
0.725181
0.728002
0.731292
0.734792
0.738378
0.742098
0.746137
0.750739
0.756113
0.762278
0.769006
0.775664
0.781149
0.784155
0.783518
0.778602
0.76969
0.758027
0.745747
0.735304
0.728736
0.727149
0.73059
0.73827
0.749074
0.761853
0.77568
0.789748
0.803129
0.814747
0.823773
0.829783
0.832808
0.832996
0.830369
0.824883
0.816679
0.806555
0.796055
0.787143
0.781547
0.780312
0.783395
0.789771
0.797724
0.805156
0.81001
0.810627
0.80609
0.796371
0.782162
0.764695
0.745433
0.726059
0.708421
0.69455
0.686419
0.685423
0.692028
0.705701
0.725035
0.748014
0.772269
0.795205
0.814337
0.827524
0.8332
0.830766
0.82085
0.805296
0.786813
0.768221
0.751774
0.738913
0.730453
0.726842
0.728225
0.734414
0.744786
0.75832
0.773617
0.788895
0.802173
0.811508
0.815313
0.812691
0.803771
0.789797
0.773035
0.756434
0.743006
0.735219
0.734411
0.740423
0.751833
0.766275
0.780824
0.792483
0.798647
0.797703
0.789501
0.775446
0.758041
0.739984
0.723424
0.709833
0.700583
0.69721
0.701117
0.71284
0.731396
0.754531
0.779281
0.802631
0.822047
0.835765
0.84286
0.843342
0.837884
0.827613
0.813894
0.798251
0.782309
0.767646
0.755528
0.746564
0.740784
0.737926
0.737772
0.740058
0.744271
0.749627
0.755327
0.760762
0.765674
0.770023
0.773703
0.77634
0.777495
0.777245
0.776683
0.777602
0.781468
0.788548
0.798047
0.808555
0.818476
0.826312
0.830771
0.831124
0.827258
0.819788
0.810098
0.800217
0.792146
0.786952
0.784017
0.781363
0.777095
0.770365
0.761695
0.752171
0.742698
0.733832
0.726077
0.720248
0.717292
0.717894
0.722159
0.729573
0.739215
0.750066
0.761097
0.771256
0.77949
0.784947
0.78727
0.786823
0.784555
0.781715
0.779193
0.777236
0.775436
0.773011
0.769276
0.763965
0.75743
0.750593
0.744785
0.741349
0.741244
0.744706
0.751171
0.759266
0.767181
0.773097
0.775614
0.773944
0.768323
0.76002
0.751038
0.743412
0.738418
0.736221
0.736192
0.737336
0.738679
0.739447
0.739304
0.73855
0.738253
0.740304
0.746859
0.759491
0.778189
0.800879
0.823979
0.843581
0.856632
0.861425
0.857663
0.846112
0.828321
0.806529
0.783379
0.761626
0.743435
0.729856
0.720857
0.715729
0.713568
0.713427
0.714222
0.715075
0.7158
0.717131
0.720481
0.727337
0.738586
0.754221
0.773468
0.794939
0.816833
0.837247
0.854502
0.867396
0.875333
0.878341
0.876921
0.871813
0.863672
0.852889
0.839576
0.823789
0.80571
0.785807
0.764846
0.743795
0.72385
0.706283
0.692294
0.682925
0.679002
0.681056
0.689144
0.702639
0.72018
0.739679
0.758718
0.77502
0.786874
0.793352
0.794398
0.790812
0.783985
0.775721
0.7678
0.761628
0.758031
0.757283
0.759152
0.763206
0.768873
0.775472
0.782126
0.787899
0.791896
0.79354
0.792664
0.789429
0.784292
0.778074
0.771674
0.766081
0.762023
0.759773
0.758979
0.758812
0.758308
0.756752
0.754046
0.750597
0.747074
0.743896
0.740929
0.737603
0.733313
0.727979
0.722224
0.717488
0.715708
0.718767
0.727886
0.743109
0.76316
0.785658
0.807777
0.827071
0.841888
0.851499
0.856089
0.856507
0.853786
0.848827
0.842
0.833283
0.822418
0.809179
0.793539
0.775806
0.75675
0.737612
0.720068
0.705946
0.696732
0.693095
0.694658
0.700131
0.707957
0.716808
0.725777
0.734493
0.742934
0.751346
0.760182
0.769967
0.781037
0.793337
0.806076
0.817855
0.826797
0.831075
0.829316
0.820892
0.80617
0.786457
0.763761
0.740572
0.71936
0.702282
0.691038
0.686985
0.691196
0.704253
0.725698
0.753752
0.78552
0.817786
0.847635
0.872826
0.891813
0.903652
0.907853
0.904242
0.892751
0.873462
0.846787
0.813833
0.776709
0.738562
0.703243
0.674372
0.654496
0.644618
0.644354
0.65236
0.666818
0.685662
0.706798
0.728215
0.748157
0.765168
0.778227
0.786816
0.790974
0.791235
0.788497
0.783859
0.778256
0.772339
0.766465
0.760982
0.756413
0.753489
0.752851
0.754923
0.759626
0.766443
0.77458
0.783164
0.791397
0.798695
0.804634
0.808901
0.811203
0.811027
0.807565
0.800004
0.787975
0.772185
0.754609
0.738048
0.725126
0.71728
0.714483
0.715808
0.720263
0.727311
0.736821
0.748795
0.762946
0.778579
0.794702
0.810145
0.823566
0.833667
0.839389
0.840027
0.835546
0.826463
0.813818
0.79913
0.784376
0.771606
0.762456
0.757664
0.756898
0.759003
0.762594
0.766553
0.770197
0.77308
0.774949
0.775668
0.775213
0.773636
0.771164
0.768111
0.764825
0.761492
0.758032
0.754288
0.750055
0.74512
0.739489
0.733465
0.727757
0.723416
0.721532
0.722957
0.728096
0.736885
0.748839
0.763091
0.778342
0.792715
0.804127
0.810791
0.811733
0.807122
0.79811
0.786696
0.775304
0.766466
0.762199
0.763542
0.770298
0.781093
0.793849
0.806505
0.817468
0.825843
0.831264
0.833539
0.832423
0.827629
0.819044
0.806685
0.790824
0.771966
0.751135
0.730193
0.711791
0.698846
0.693615
0.696798
0.707232
0.722238
0.738586
0.75339
0.764755
0.771963
0.775337
0.775795
0.774257
0.771318
0.767131
0.761698
0.755247
0.748531
0.742937
0.740178
0.741759
0.748129
0.758297
0.769967
0.7805
0.787851
0.79116
0.790766
0.787834
0.783764
0.779606
0.775708
0.771714
0.766972
0.761014
0.753947
0.746562
0.740121
0.735953
0.735118
0.738204
0.745512
0.757099
0.772796
0.791829
0.812404
0.83185
0.847199
0.855944
0.856562
0.848663
0.833107
0.811908
0.787954
0.764582
0.745032
0.731886
0.726523
0.728703
0.736373
0.746083
0.754077
0.757622
0.755627
0.748707
0.738823
0.728644
0.720809
0.717322
0.719245
0.726634
0.738748
0.754342
0.771815
0.789359
0.805012
0.816887
0.823487
0.824221
0.819693
0.811533
0.801916
0.792866
0.785751
0.781204
0.779275
0.77991
0.78311
0.788832
0.796728
0.805895
0.814768
0.821335
0.823671
0.82052
0.811718
0.798132
0.781367
0.763371
0.746038
0.731064
0.719889
0.713722
0.713352
0.71914
0.730775
0.747251
0.766942
0.787729
0.807109
0.822429
0.831264
0.831887
0.82374
0.807591
0.785342
0.759832
0.734381
0.712399
0.696797
0.689451
0.690826
0.69976
0.713914
0.730591
0.747545
0.763293
0.776987
0.788063
0.795873
0.799598
0.798551
0.792522
0.782074
0.768697
0.75456
0.742081
0.733403
0.729929
0.732159
0.73969
0.751352
0.765496
0.780342
0.794322
0.806266
0.815466
0.821538
0.824322
0.823723
0.819799
0.812845
0.803466
0.792535
0.781021
0.769889
0.759954
0.751886
0.746329
0.743683
0.743946
0.746529
0.750165
0.753153
0.753839
0.751046
0.744361
0.734256
0.721836
0.708621
0.696146
0.685798
0.678905
0.676926
0.681283
0.692793
0.711107
0.734546
0.760434
0.785783
0.807946
0.824921
0.835486
0.839132
0.836173
0.827879
0.81644
0.804599
0.794551
0.787113
0.78183
0.777895
0.774809
0.772368
0.77046
0.769002
0.768058
0.767971
0.769258
0.772427
0.777724
0.785066
0.794012
0.803769
0.813426
0.821923
0.828159
0.831145
0.830434
0.826408
0.820266
0.813691
0.808156
0.804412
0.80227
0.800723
0.798501
0.794711
0.789104
0.781952
0.773834
0.76538
0.757226
0.749904
0.743538
0.737845
0.732712
0.728882
0.727931
0.731241
0.738979
0.749973
0.762517
0.775184
0.786905
0.7966
0.802965
0.804693
0.800788
0.79103
0.776299
0.758505
0.740151
0.723618
0.710686
0.702313
0.698768
0.699787
0.704646
0.712054
0.720497
0.728723
0.73603
0.742339
0.747779
0.752325
0.75573
0.757779
0.758527
0.758297
0.757349
0.755767
0.753395
0.750098
0.746096
0.742078
0.739032
0.737955
0.739426
0.743347
0.748998
0.755352
0.761497
0.767026
0.772154
0.777462
0.783508
0.79041
0.797937
0.805799
0.813785
0.821687
0.829072
0.835085
0.838781
0.839549
0.837433
0.83309
0.827515
0.821429
0.814817
0.806924
0.79681
0.783904
0.768591
0.752436
0.737923
0.727864
0.724513
0.728921
0.740749
0.758544
0.780049
0.802359
0.822204
0.836331
0.842122
0.838002
0.823999
0.801951
0.775281
0.748286
0.725164
0.709076
0.701678
0.703103
0.712172
0.726637
0.743815
0.761224
0.776889
0.789556
0.798481
0.803382
0.804307
0.80167
0.796182
0.788722
0.78018
0.771379
0.762943
0.755344
0.749031
0.744402
0.741837
0.741437
0.74296
0.745635
0.74833
0.749938
0.749678
0.747261
0.742888
0.736964
0.730012
0.722669
0.715835
0.710619
0.708033
0.708736
0.712918
0.720388
0.730813
0.744008
0.759931
0.778357
0.798591
0.81925
0.838364
0.853825
0.863787
0.867159
0.863827
0.854639
0.841138
0.82499
0.80745
0.789303
0.771092
0.753506
0.737649
0.724977
0.716985
0.714808
0.718753
0.728147
0.741286
0.755789
0.769137
0.779267
0.784953
0.785967
0.782949
0.777091
0.769797
0.762528
0.756577
0.753143
0.753254
0.757395
0.76515
0.775018
0.784606
0.791255
0.792726
0.787852
0.776786
0.761212
0.744002
0.728611
0.718036
0.714019
0.71676
0.725018
0.736674
0.749273
0.760573
0.768976
0.773839
0.77553
0.775313
0.774824
0.775533
0.778164
0.782522
0.787784
0.793015
0.797633
0.80147
0.804476
0.806478
0.806978
0.805274
0.800686
0.792872
0.782006
0.76894
0.755153
0.742556
0.733198
0.728648
0.729626
0.735942
0.746615
0.760278
0.775397
0.79038
0.803563
0.813564
0.819566
0.821367
0.819391
0.814519
0.808016
0.801355
0.796049
0.793221
0.793373
0.796243
0.801034
0.806603
0.811754
0.815205
0.815783
0.812588
0.805161
0.793625
0.778716
0.7616
0.743756
0.726754
0.712162
0.701403
0.695381
0.694279
0.697466
0.703718
0.71177
0.72078
0.730513
0.741139
0.752747
0.764866
0.776396
0.785898
0.792121
0.794616
0.79391
0.791255
0.787848
0.784291
0.780478
0.776018
0.770702
0.764789
0.75906
0.754539
0.752103
0.752141
0.75432
0.757715
0.761235
0.764161
0.76634
0.76821
0.770387
0.773269
0.776652
0.779865
0.782108
0.782806
0.781767
0.779222
0.775552
0.771091
0.766128
0.761004
0.756283
0.752845
0.751654
0.753354
0.758048
0.765166
0.773665
0.782247
0.789559
0.794407
0.795997
0.794069
0.788992
0.781671
0.773356
0.765353
0.759029
0.755555
0.755725
0.759726
0.767085
0.776651
0.786833
0.795937
0.802377
0.804857
0.802587
0.795432
0.784109
0.770101
0.755516
0.742563
0.733071
0.728057
0.727532
0.73065
0.736138
0.742511
0.74842
0.752789
0.754805
0.754098
0.751217
0.748133
0.748051
0.753707
0.765433
0.780936
0.796646
0.80919
0.816116
0.816043
0.808912
0.796099
0.780424
0.765533
0.754957
0.750938
0.75382
0.762182
0.773831
0.786559
0.798515
0.808316
0.81493
0.81764
0.815921
0.809369
0.797719
0.781129
0.760578
0.738219
0.71757
0.7028
0.697254
0.702139
0.716228
0.736695
0.760285
0.783948
0.805086
0.821619
0.832015
0.835457
0.831833
0.821641
0.805915
0.786162
0.764289
0.742437
0.722714
0.70683
0.695743
0.689632
0.688267
0.691549
0.699484
0.711919
0.728271
0.747408
0.767725
0.787284
0.80391
0.815465
0.820364
0.817794
0.808112
0.792736
0.773904
0.754318
0.736686
0.723262
0.715394
0.713327
0.716337
0.723226
0.7329
0.744589
0.75799
0.773188
0.790256
0.808715
0.827419
0.844555
0.858046
0.865981
0.867148
0.861177
0.848654
0.831162
0.811035
0.791164
0.774397
0.762831
0.757311
0.757298
0.761231
0.767249
0.773785
0.779923
0.785421
0.790426
0.79504
0.798797
0.80045
0.798415
0.791611
0.779925
0.764371
0.746637
0.728595
0.711909
0.69786
0.687272
0.680398
0.677113
0.67711
0.680114
0.68603
0.694929
0.706875
0.721555
0.737941
0.754569
0.770029
0.783473
0.794694
0.803793
0.810903
0.815979
0.819031
0.820366
0.82077
0.821259
0.822614
0.824842
0.827015
0.827639
0.825338
0.819357
0.809755
0.797238
0.78289
0.7679
0.753496
0.740929
0.731358
0.725772
0.724834
0.728751
0.737236
0.749662
0.765223
0.782993
0.801816
0.819745
0.833711
0.840423
0.837848
0.82609
0.807248
0.784633
0.762014
0.742864
0.729746
0.723942
0.72525
0.732174
0.742391
0.753243
0.762251
0.767566
0.76815
0.763819
0.755234
0.743668
0.730825
0.718621
0.708998
0.70359
0.703306
0.708168
0.717216
0.728929
0.741763
0.754414
0.765778
0.77478
0.780404
0.781772
0.778509
0.771027
0.76063
0.749491
0.74021
0.735323
0.736659
0.744982
0.759666
0.778866
0.800015
0.820265
0.837153
0.848993
0.855055
0.85554
0.851318
0.843857
0.83492
0.826439
0.820004
0.816223
0.814555
0.813455
0.811064
0.805833
0.796974
0.78459
0.769601
0.753321
0.737048
0.721556
0.706932
0.692993
0.680347
0.671065
0.667381
0.669346
0.67444
0.679716
0.683938
0.687669
0.692332
0.69926
0.709242
0.722232
0.737272
0.752745
0.766751
0.777687
0.784721
0.788038
0.788748
0.788458
0.788557
0.78967
0.79142
0.792626
0.792019
0.788806
0.783207
0.776291
0.769699
0.765171
0.764009
0.766685
0.772555
0.77996
0.786747
0.791026
0.791819
0.789246
0.784308
0.778403
0.772829
0.768458
0.765716
0.764654
0.765186
0.767149
0.770257
0.774037
0.77781
0.78086
0.782618
0.78301
0.7826
0.782539
0.784079
0.788099
0.794531
0.802328
0.809798
0.815313
0.817753
0.81662
0.811926
0.804012
0.793296
0.780435
0.766332
0.752285
0.740066
0.731552
0.728244
0.730676
0.738128
0.748852
0.760551
0.77099
0.7784
0.781687
0.780563
0.775496
0.767713
0.758965
0.751012
0.744942
0.740833
0.737953
0.735337
0.732284
0.728718
0.725087
0.722144
0.720702
0.721284
0.724035
0.728763
0.735036
0.742258
0.74968
0.756605
0.762586
0.767607
0.772021
0.776532
0.781948
0.788906
0.797609
0.807639
0.817869
0.826732
0.832549
0.834086
0.830955
0.823792
0.814122
0.803761
0.79414
0.785859
0.779045
0.77386
0.770711
0.769947
0.77138
0.774383
0.778164
0.782079
0.785716
0.788668
0.790349
0.789993
0.786925
0.780796
0.771709
0.760241
0.747246
0.733819
0.721235
0.710818
0.703855
0.701355
0.703754
0.710879
0.722066
0.736286
0.752218
0.76813
0.782078
0.792331
0.797684
0.797815
0.793354
0.785664
0.776573
0.767956
0.761198
0.756869
0.754769
0.754095
0.753696
0.752519
0.750065
0.746795
0.744388
0.74515
0.750793
0.761284
0.774876
0.789192
0.802148
0.812247
0.818559
0.820595
0.818386
0.812416
0.803495
0.7927
0.781269
0.770375
0.760888
0.753138
0.746984
0.742176
0.73867
0.736994
0.738014
0.742496
0.750543
0.76135
0.773325
0.784579
0.79328
0.798129
0.798762
0.795894
0.790892
0.785102
0.779185
0.772991
0.76593
0.757606
0.748083
0.738126
0.729195
0.723281
0.722528
0.728409
0.740888
0.758144
0.776974
0.793867
0.805976
0.81154
0.810063
0.802255
0.78982
0.775172
0.761096
0.750286
0.744593
0.744471
0.748978
0.756429
0.765303
0.774638
0.783917
0.792546
0.799694
0.804408
0.805954
0.80403
0.799153
0.792646
0.786345
0.78194
0.780365
0.781476
0.784138
0.786577
0.786887
0.783466
0.775458
0.763125
0.747916
0.732229
0.718728
0.709633
0.706178
0.708513
0.715735
0.72626
0.738119
0.749364
0.758539
0.76505
0.769122
0.771501
0.77305
0.774288
0.775361
0.776252
0.776921
0.777294
0.777236
0.776601
0.775227
0.7731
0.770384
0.767367
0.764415
0.761914
0.760197
0.759551
0.76019
0.76227
0.765757
0.770455
0.77601
0.781959
0.787767
0.792928
0.79709
0.800128
0.802278
0.804131
0.806377
0.809659
0.814274
0.820053
0.826346
0.832208
0.836624
0.838819
0.838306
0.834784
0.827931
0.81756
0.803714
0.786889
0.768084
0.748594
0.729929
0.713777
0.701893
0.695816
0.696154
0.702192
0.711985
0.72298
0.732824
0.739929
0.743506
0.74349
0.740119
0.734008
0.726194
0.718185
0.71173
0.70835
0.708759
0.71282
0.719616
0.728043
0.737098
0.746226
0.75512
0.763345
0.770093
0.774032
0.773723
0.768163
0.757254
0.74207
0.724923
0.709073
0.698177
0.695472
0.703069
0.721489
0.749588
0.784855
0.823852
0.862686
0.897587
0.925353
0.943704
0.951359
0.948108
0.934738
0.913016
0.885487
0.855173
0.825024
0.797502
0.774154
0.755468
0.740883
0.729129
0.718841
0.709108
0.699764
0.69117
0.683933
0.678742
0.676335
0.677309
0.68187
0.689645
0.699721
0.710923
0.722246
0.733171
0.743785
0.754355
0.764476
0.772747
0.777238
0.776501
0.770368
0.760366
0.749125
0.739491
0.733674
0.732932
0.737463
0.746613
0.75896
0.772538
0.785106
0.79475
0.800223
0.801254
0.798498
0.793431
0.787958
0.783933
0.78245
0.783214
0.784392
0.783558
0.779015
0.770921
0.761294
0.752891
0.747915
0.747357
0.751218
0.759039
0.770213
0.783923
0.798915
0.813372
0.825165
0.832246
0.833415
0.82873
0.819472
0.807775
0.796012
0.78614
0.779348
0.775792
0.774715
0.774675
0.773995
0.771392
0.766344
0.759007
0.750051
0.740461
0.731407
0.724243
0.72029
0.720548
0.725345
0.734209
0.745987
0.759194
0.772434
0.784611
0.794931
0.802967
0.80854
0.811549
0.811933
0.809488
0.804047
0.795798
0.785586
0.774806
0.765034
0.757479
0.752535
0.749867
0.748758
0.748643
0.749279
0.750608
0.752644
0.7551
0.757472
0.759157
0.759764
0.759297
0.758149
0.756844
0.755793
0.755292
0.755643
0.757212
0.760233
0.764732
0.770458
0.776936
0.783571
0.78976
0.794926
0.798619
0.80082
0.802395
0.805124
0.810301
0.817013
0.822182
0.822663
0.816961
0.805707
0.791025
0.775747
0.762659
0.753858
0.750263
0.75147
0.75599
0.761703
0.766445
0.768549
0.767313
0.763129
0.757332
0.751741
0.748033
0.747292
0.749581
0.753974
0.758903
0.762896
0.765239
0.766297
0.76728
0.769578
0.774173
0.781058
0.789145
0.79645
0.800571
0.799339
0.791452
0.776908
0.757156
0.734835
0.713338
0.69623
0.686579
0.686373
0.695978
0.714137
0.738349
0.765478
0.792242
0.815743
0.833629
0.844214
0.846704
0.841254
0.829021
0.811949
0.792371
0.772647
0.754831
0.740775
0.732274
0.730549
0.735394
0.74478
0.755563
0.764911
0.771266
0.774517
0.775436
0.775027
0.774289
0.773936
0.774418
0.775801
0.777948
0.780536
0.783099
0.785235
0.786743
0.787927
0.78953
0.79221
0.796066
0.800614
0.80516
0.809021
0.811585
0.812224
0.810391
0.805836
0.798687
0.789525
0.779293
0.769092
0.76002
0.753053
0.748831
0.747484
0.74866
0.751737
0.756187
0.761531
0.76726
0.772739
0.77738
0.780811
0.782925
0.783746
0.783318
0.781678
0.778875
0.774973
0.77022
0.764978
0.759692
0.754703
0.750049
0.745446
0.74054
0.735322
0.730496
0.727471
0.727815
0.732559
0.741679
0.754135
0.768286
0.782586
0.795812
0.807076
0.815711
0.821034
0.822498
0.819677
0.81258
0.801773
0.788546
0.774919
0.763421
0.756459
0.755406
0.759905
0.768005
0.777006
0.784294
0.787681
0.785669
0.777397
0.762955
0.743613
0.721894
0.701224
0.685184
0.676706
0.677333
0.68692
0.703848
0.725537
0.749116
0.771847
0.791442
0.806187
0.815042
0.817645
0.814342
0.806334
0.795554
0.784335
0.774852
0.768528
0.765706
0.766052
0.768931
0.773765
0.780034
0.7871
0.794015
0.799629
0.802684
0.802029
0.796813
0.786731
0.772325
0.754982
0.736767
0.719957
0.706604
0.698221
0.695559
0.69881
0.707704
0.721503
0.739047
0.758751
0.778786
0.797221
0.812512
0.823678
0.830496
0.833318
0.832838
0.829827
0.825043
0.819206
0.812997
0.806868
0.800971
0.795027
0.788584
0.781317
0.773335
0.76536
0.758641
0.754674
0.754914
0.7603
0.770934
0.785638
0.80187
0.816258
0.825635
0.828006
0.823076
0.81212
0.797353
0.78099
0.764485
0.748332
0.732603
0.717795
0.705002
0.695393
0.689477
0.686786
0.686238
0.686969
0.688782
0.692016
0.697083
0.70401
0.712421
0.721866
0.732267
0.743929
0.757412
0.772969
0.790112
0.807473
0.82315
0.835426
0.843279
0.84662
0.84597
0.842119
0.835758
0.827458
0.817719
0.807066
0.79607
0.785439
0.775838
0.767799
0.761576
0.757054
0.753843
0.751461
0.749568
0.748173
0.747662
0.748487
0.750917
0.754806
0.759672
0.764931
0.770018
0.774555
0.778413
0.78144
0.783475
0.784232
0.78339
0.780946
0.77744
0.773788
0.770577
0.767603
0.764118
0.759437
0.753498
0.746991
0.741125
0.737308
0.736901
0.740808
0.749154
0.761027
0.774662
0.787964
0.79905
0.806687
0.810371
0.810317
0.807239
0.802054
0.79567
0.788706
0.781539
0.774428
0.767542
0.761178
0.755722
0.751515
0.748622
0.746607
0.744636
0.741941
0.738285
0.734227
0.730901
0.729645
0.731604
0.737391
0.746941
0.75953
0.773909
0.788448
0.801484
0.811536
0.817468
0.818664
0.815155
0.80762
0.797262
0.785649
0.774466
0.765234
0.75903
0.756307
0.75681
0.759705
0.763919
0.768633
0.773499
0.778745
0.784884
0.792202
0.800367
0.808382
0.814831
0.818403
0.818306
0.814507
0.80767
0.798816
0.788868
0.778445
0.767877
0.757466
0.74772
0.739407
0.733512
0.730976
0.732506
0.738365
0.74833
0.761683
0.777119
0.792768
0.806234
0.815016
0.817104
0.811653
0.799417
0.782537
0.763782
0.745509
0.729207
0.715739
0.705565
0.698903
0.695753
0.696056
0.699945
0.707599
0.719077
0.733983
0.751308
0.769463
0.78656
0.800821
0.81097
0.816437
0.817312
0.814202
0.807956
0.799749
0.791144
0.783968
0.779735
0.779156
0.781754
0.78601
0.789678
0.790585
0.787405
0.780245
0.77079
0.761927
0.756655
0.756684
0.761668
0.769413
0.777074
0.782371
0.784403
0.783668
0.781726
0.780321
0.780588
0.78259
0.785469
0.788062
0.789409
0.789233
0.787969
0.786565
0.785961
0.786726
0.788733
0.791056
0.79208
0.789937
0.783266
0.771813
0.756619
0.739817
0.723933
0.711517
0.704612
0.704522
0.711486
0.724663
0.742383
0.762451
0.78258
0.800747
0.815349
0.825296
0.830002
0.82932
0.823456
0.812998
0.798994
0.783133
0.767683
0.755235
0.748161
0.747873
0.754181
0.765196
0.777803
0.788551
0.794545
0.794027
0.786548
0.772887
0.754846
0.734904
0.715816
0.700271
0.690355
0.687163
0.690659
0.699983
0.713775
0.730402
0.748092
0.764901
0.779087
0.789515
0.795871
0.798794
0.799564
0.799513
0.79954
0.799706
0.799559
0.798458
0.795893
0.791558
0.785139
0.776301
0.765026
0.751985
0.738607
0.726776
0.718282
0.714335
0.71548
0.721677
0.732366
0.746552
0.762771
0.779297
0.794481
0.807054
0.816404
0.822502
0.825643
0.826175
0.824468
0.820954
0.816345
0.811412
0.806621
0.801885
0.79671
0.79066
0.783831
0.776852
0.770616
0.765856
0.762848
0.76144
0.761138
0.76138
0.761567
0.761172
0.759584
0.75621
0.750612
0.742743
0.733154
0.722966
0.713626
0.706363
0.701728
0.699576
0.699367
0.700752
0.703814
0.709159
0.71747
0.729095
0.74364
0.759866
0.77605
0.790552
0.802134
0.810311
0.815205
0.817232
0.816639
0.813354
0.807042
0.797374
0.784325
0.768325
0.750358
0.73161
0.713473
0.697372
0.684916
0.677804
0.677466
0.684606
0.698594
0.717378
0.738034
0.757496
0.77331
0.784019
0.78917
0.78917
0.784964
0.77786
0.769279
0.760744
0.753798
0.749713
0.749326
0.753033
0.760771
0.772136
0.786399
0.802341
0.818176
0.831746
0.841054
0.84485
0.842934
0.836075
0.825673
0.813315
0.800477
0.788363
0.777817
0.769257
0.762808
0.758314
0.755585
0.754533
0.755042
0.756926
0.759619
0.762124
0.763189
0.761695
0.757134
0.750041
0.742194
0.735994
0.733401
0.734908
0.739313
0.744411
0.748198
0.749705
0.749234
0.748156
0.748394
0.751812
0.75935
0.770581
0.783674
0.79592
0.804671
0.807994
0.805091
0.796266
0.782763
0.766418
0.749405
0.733847
0.721351
0.712903
0.708813
0.708875
0.712411
0.718435
0.725987
0.734461
0.743673
0.753627
0.764274
0.775392
0.786743
0.798268
0.810287
0.823212
0.8368
0.849674
0.859706
0.865027
0.864762
0.858999
0.848565
0.834788
0.819366
0.804295
0.791487
0.782353
0.777473
0.776484
0.778339
0.781675
0.785059
0.787235
0.787177
0.784047
0.777414
0.767324
0.754474
0.740067
0.725619
0.712745
0.703096
0.698274
0.699468
0.70698
0.719726
0.735055
0.749422
0.759385
0.762672
0.75899
0.750324
0.740434
0.733571
0.73302
0.740161
0.754311
0.773295
0.794278
0.814431
0.831279
0.842928
0.848165
0.846583
0.838698
0.825823
0.809862
0.792815
0.776564
0.762507
0.751395
0.743425
0.738542
0.736775
0.738269
0.743286
0.751773
0.762925
0.775085
0.786056
0.793764
0.796881
0.795042
0.78879
0.779251
0.76784
0.756151
0.745666
0.737632
0.732936
0.732007
0.734834
0.741164
0.750578
0.762489
0.776033
0.790106
0.803288
0.814049
0.820953
0.823031
0.819994
0.812368
0.801202
0.787747
0.773148
0.758281
0.743789
0.730157
0.717831
0.707252
0.698802
0.692773
0.689482
0.689413
0.693211
0.701312
0.71373
0.729823
0.748404
0.76804
0.787118
0.804111
0.817735
0.827243
0.832556
0.834161
0.832866
0.829418
0.82429
0.817542
0.809144
0.799278
0.788473
0.77745
0.766928
0.757445
0.749363
0.742912
0.738131
0.734757
0.732311
0.730503
0.729617
0.730638
0.734864
0.742915
0.754302
0.767632
0.781302
0.794139
0.805501
0.814994
0.822343
0.827148
0.828853
0.826688
0.819708
0.807446
0.790892
0.773076
0.758012
0.748293
0.743675
0.741924
0.740785
0.738927
0.736025
0.732494
0.72927
0.727576
0.728478
0.732549
0.739575
0.748632
0.758607
0.7686
0.778357
0.788144
0.798159
0.808006
0.816372
0.82147
0.82169
0.816199
0.805111
0.789564
0.771455
0.753348
0.738037
0.727965
0.724478
0.727501
0.735756
0.747257
0.759736
0.771088
0.779591
0.78425
0.784888
0.782176
0.777418
0.772267
0.768344
0.766893
0.768399
0.772472
0.778084
0.783923
0.788808
0.791777
0.792065
0.789041
0.782436
0.772642
0.760904
0.74922
0.739767
0.7343
0.733706
0.73765
0.744822
0.753293
0.761006
0.766312
0.76822
0.76663
0.762494
0.757626
0.754303
0.754493
0.759104
0.767615
0.77823
0.788239
0.794917
0.796411
0.792304
0.783524
0.771791
0.758954
0.746587
0.735883
0.727975
0.724025
0.725048
0.731533
0.743047
0.75813
0.774538
0.789605
0.800859
0.806539
0.806101
0.800345
0.791275
0.781371
0.77285
0.767125
0.764569
0.764723
0.766622
0.769216
0.771732
0.773909
0.775985
0.778433
0.781507
0.784991
0.788329
0.790948
0.792523
0.793007
0.792456
0.790775
0.787736
0.783093
0.776621
0.768221
0.758074
0.746609
0.734717
0.723756
0.715427
0.711501
0.713377
0.721638
0.735617
0.753462
0.772603
0.790338
0.804474
0.813555
0.816945
0.814725
0.807414
0.795675
0.780381
0.762782
0.744825
0.72931
0.719308
0.716947
0.722312
0.733618
0.748211
0.763551
0.777593
0.788784
0.796314
0.800263
0.801741
0.802656
0.804974
0.809726
0.816451
0.823489
0.828829
0.830992
0.829342
0.823959
0.815482
0.80491
0.793345
0.781673
0.77047
0.760038
0.750672
0.742782
0.736842
0.733208
0.732072
0.733433
0.736947
0.741867
0.747056
0.751201
0.753196
0.752397
0.748735
0.742669
0.735117
0.727241
0.720232
0.71501
0.712089
0.711507
0.712861
0.7156
0.719377
0.724447
0.731626
0.741897
0.755865
0.773203
0.792503
0.811464
0.827384
0.8378
0.841175
0.837205
0.826772
0.811846
0.795106
0.779522
0.767903
0.762413
0.763965
0.772002
0.784728
0.799604
0.814036
0.825718
0.832825
0.834114
0.829095
0.81828
0.803239
0.786352
0.770101
0.756356
0.746059
0.739423
0.736524
0.737591
0.74289
0.752282
0.76488
0.778934
0.792221
0.802634
0.808681
0.809769
0.806193
0.798716
0.788047
0.774563
0.758424
0.740107
0.720789
0.702282
0.686402
0.674527
0.667386
0.665279
0.668375
0.676829
0.690587
0.709294
0.732059
0.757325
0.782997
0.806665
0.826108
0.839664
0.846605
0.847102
0.84207
0.832902
0.82121
0.808642
0.796693
0.786458
0.778382
0.772292
0.767774
0.764587
0.762891
0.76333
0.766652
0.773131
0.782277
0.792869
0.803289
0.811815
0.817228
0.818923
0.816973
0.81192
0.804419
0.794943
0.783606
0.770254
0.754931
0.738067
0.720733
0.704528
0.691381
0.683206
0.681455
0.686716
0.698337
0.714447
0.732271
0.748845
0.761842
0.770124
0.773907
0.774271
0.772552
0.769911
0.767089
0.764411
0.762066
0.76023
0.759257
0.759467
0.761105
0.764046
0.767871
0.772128
0.776534
0.78122
0.786803
0.79406
0.803566
0.815206
0.827915
0.839885
0.848968
0.853376
0.852143
0.84521
0.833177
0.817023
0.798094
0.778034
0.758581
0.741345
0.72746
0.717423
0.711289
0.708844
0.709738
0.713464
0.719399
0.726969
0.736172
0.747634
0.761806
0.777721
0.792631
0.803119
0.806616
0.802336
0.791293
0.775872
0.759288
0.744657
0.734269
0.72912
0.729131
0.733791
0.742846
0.756312
0.773903
0.79426
0.814651
0.831665
0.84238
0.845133
0.839991
0.828467
0.813041
0.796393
0.78092
0.768567
0.760714
0.75801
0.760059
0.765387
0.771647
0.776303
0.777266
0.773389
0.76457
0.751533
0.73577
0.719255
0.704249
0.69307
0.687736
0.689443
0.69816
0.712679
0.731052
0.750967
0.770118
0.786523
0.798701
0.805902
0.808139
0.806226
0.801728
0.796582
0.7925
0.790585
0.791021
0.793146
0.795958
0.798447
0.799798
0.7994
0.796898
0.792425
0.786699
0.781
0.776762
0.775229
0.776959
0.781687
0.788453
0.7959
0.802694
0.807667
0.810011
0.809408
0.806249
0.801495
0.796096
0.790109
0.782556
0.772044
0.757977
0.74151
0.725325
0.712254
0.703745
0.699305
0.697457
0.697029
0.697644
0.699526
0.702943
0.707925
0.714252
0.72176
0.730427
0.740309
0.751326
0.763095
0.774926
0.786084
0.795772
0.803348
0.808224
0.809901
0.808071
0.802711
0.794352
0.784123
0.773608
0.764387
0.757573
0.753652
0.752878
0.755575
0.762114
0.772507
0.786161
0.80199
0.81862
0.834534
0.848169
0.857886
0.862243
0.860191
0.851375
0.836333
0.816476
0.794024
0.771402
0.750793
0.733812
0.72155
0.714551
0.712986
0.716663
0.724871
0.736193
0.748699
0.760469
0.770161
0.777217
0.781624
0.783625
0.783364
0.78078
0.775854
0.768884
0.760698
0.752543
0.745901
0.742153
