-8.45921	2.59298
-8.2839	3.54192
-8.23682	3.79028
-8.15638	4.21579
-8.08797	4.57668
-7.99031	5.11256
-7.9512	5.33503
-7.87507	5.75396
-7.81796	6.05145
-7.77966	6.2807
-7.70727	6.68627
-7.76488	6.34993
-7.75976	6.3656
-7.80141	6.16559
-7.81421	6.08938
-7.74501	6.45821
-7.71581	6.62268
-7.64831	7.02094
-7.63548	7.10434
-7.47547	7.9776
-7.60291	7.27213
-7.60448	7.28828
-7.63783	7.10617
-7.67065	6.91276
-7.69213	6.78561
-7.64044	7.08197
-7.66162	6.96034
-7.6696	6.92182
-7.66551	6.91208
-7.66885	6.88892
-7.67077	6.8947
-7.67916	6.86064
-7.69167	6.76896
-7.65239	6.97344
-7.70341	6.7041
-7.68087	6.83831
-7.63441	7.09608
-7.63094	7.09401
-7.66895	6.87017
-7.68993	6.76098
-7.72427	6.55516
-7.64347	7.01786
-7.59793	7.29965
-7.59964	7.24513
-7.60572	7.21961
-7.62129	7.14355
-7.58632	7.32817
-7.63796	7.04811
-7.61577	7.16009
-7.59156	7.28109
-7.53753	7.59638
-7.55135	7.53781
-7.64146	7.00924
-7.54625	7.52402
-7.55502	7.5403
-7.54753	7.57884
-7.65819	6.97497
-7.63968	7.07619
-7.6879	6.81475
-7.65769	6.95165
-7.73299	6.52592
-7.70297	6.71493
-7.71814	6.62745
-7.72104	6.59258
-7.6228	7.14489
-7.62328	7.16264
-7.60332	7.27162
-7.55176	7.5667
-7.61069	7.2587
-7.54814	7.58033
-7.57698	7.39514
-7.55154	7.51444
-7.56522	7.48275
-7.51118	7.76561
-7.51553	7.72117
-7.40632	8.33659
-7.44197	8.12122
-7.53516	7.59479
-7.55959	7.47753
-7.56464	7.47369
-7.62812	7.10336
-7.68645	6.77758
-7.65316	6.91334
-7.64972	6.94467
-7.54258	7.55308
-7.52064	7.69968
-7.54696	7.51249
-7.60962	7.21367
-7.61666	7.15386
-7.64157	7.04441
-7.62147	7.14197
-7.59895	7.23972
-7.56996	7.38472
-7.57258	7.37936
-7.59011	7.28575
-7.60472	7.1993
-7.51224	7.68954
-7.57885	7.32492
-7.54647	7.52176
-7.61368	7.18412
-7.57663	7.37593
-7.50436	7.73811
-7.40992	8.2887
-7.41431	8.27736
-7.46672	7.98899
-7.53972	7.57722
-7.52756	7.64846
-7.51455	7.7536
-7.50995	7.7818
-7.52492	7.71379
-7.51976	7.75273
-7.56082	7.52691
-7.58694	7.38015
-7.52311	7.72225
-7.56209	7.49017
-7.57693	7.41057
-7.58001	7.39729
-7.51678	7.75237
-7.49507	7.87261
-7.41004	8.37785
-7.36845	8.58419
-7.41116	8.36874
-7.37047	8.57412
-7.39355	8.44559
-7.4757	7.97625
-7.49773	7.82515
-7.46358	8.02093
-7.46902	7.97702
-7.47109	7.95185
-7.59402	7.26035
-7.56142	7.45116
-7.56303	7.44585
-7.56744	7.4095
-7.58593	7.30263
-7.56686	7.4308
-7.58081	7.34405
-7.62318	7.10952
-7.60098	7.25971
-7.53543	7.62665
-7.46046	8.01397
-7.53138	7.62572
-7.60035	7.21702
-7.56349	7.43193
-7.62617	7.09118
-7.59132	7.27726
-7.53038	7.62257
-7.52301	7.69649
-7.57921	7.37443
-7.62687	7.11068
-7.66121	6.90527
-7.65926	6.93037
-7.60556	7.21074
-7.61417	7.17695
-7.55062	7.4923
-7.56469	7.41193
-7.56764	7.38151
-7.50433	7.70445
-7.51603	7.64907
-7.37858	8.44183
-7.50145	7.78271
-7.51764	7.67467
-7.52676	7.60847
-7.53622	7.56426
-7.67275	6.8313
-7.61915	7.11972
-7.61496	7.1393
-7.56885	7.43912
-7.5394	7.62612
-7.62833	7.09475
-7.63356	7.09183
-7.61772	7.16932
-7.61059	7.20579
-7.62622	7.13261
-7.57491	7.40563
-7.63965	7.04093
-7.58468	7.3569
-7.5955	7.32948
-7.67324	6.86155
-7.63267	7.09077
-7.68064	6.85684
-7.70784	6.67997
-7.67503	6.87235
-7.61418	7.2145
-7.50103	7.81756
-7.59423	7.31253
-7.59482	7.34198
-7.55705	7.53793
-7.57964	7.37581
-7.55765	7.49889
-7.48092	7.89301
-7.45176	8.05841
-7.45346	8.04646
-7.50579	7.78191
-7.61984	7.1383
-7.54825	7.55869
-7.57083	7.40761
-7.47567	7.98791
-7.54515	7.57766
-7.58849	7.32644
-7.58108	7.37117
-7.53157	7.62247
-7.5352	7.61294
-7.50769	7.76747
-7.54647	7.55928
-7.58019	7.40472
-7.54722	7.59036
-7.5866	7.37868
-7.52532	7.70612
-7.5887	7.3873
-7.54391	7.63037
-7.63109	7.09508
-7.61521	7.18732
-7.56352	7.50625
-7.53835	7.65747
-7.43116	8.24739
-7.45242	8.14794
-7.56053	7.50325
-7.54	7.62126
-7.59592	7.28616
-7.65901	6.94874
-7.63545	7.0742
-7.71507	6.63997
-7.64987	7.03144
-7.67022	6.94304
-7.70874	6.73407
-7.68538	6.85182
-7.70725	6.73999
-7.64215	7.02677
-7.6219	7.1111
-7.60462	7.23436
-7.62116	7.16963
-7.61402	7.21284
-7.60869	7.22638
-7.66215	6.94279
-7.63176	7.07401
-7.65767	6.93027
-7.68865	6.78905
-7.64476	7.01557
-7.59881	7.29543
-7.5949	7.3117
-7.5825	7.40766
-7.67327	6.88881
-7.69855	6.72745
-7.68852	6.82271
-7.62306	7.19434
-7.57473	7.43121
-7.55499	7.49863
-7.59643	7.29133
-7.50434	7.81961
-7.57657	7.39489
-7.53124	7.66555
-7.48269	7.95489
-7.5249	7.73832
-7.62112	7.1954
-7.65587	6.98171
-7.65142	6.9931
-7.65137	7.01445
-7.66062	6.95212
-7.71356	6.64767
-7.69377	6.76871
-7.73723	6.50513
-7.79279	6.20646
-7.78531	6.24483
-7.71742	6.62088
-7.65756	6.95823
-7.63936	7.06606
-7.70312	6.65456
-7.66051	6.88695
-7.73213	6.53677
-7.70293	6.7179
-7.66581	6.93474
-7.66393	6.94882
-7.62858	7.09412
-7.67974	6.79513
-7.63455	7.05716
-7.59073	7.29163
-7.52518	7.66825
-7.60393	7.25419
-7.57082	7.47548
-7.55097	7.55839
-7.58755	7.36499
-7.57067	7.44054
-7.52725	7.68627
-7.53655	7.59773
-7.57903	7.36441
-7.57757	7.40065
-7.61802	7.17383
-7.61573	7.20574
-7.51692	7.77155
-7.51942	7.73091
-7.56268	7.48679
-7.64973	6.99435
-7.64779	6.99846
-7.55259	7.54668
-7.54982	7.53551
-7.54656	7.53076
-7.64387	7.01112
-7.54469	7.58831
-7.60925	7.23751
-7.62968	7.12759
-7.67024	6.87961
-7.67475	6.86637
-7.70737	6.69973
-7.56955	7.45552
-7.58011	7.39479
-7.63945	7.06581
-7.6612	6.93069
-7.50901	7.76877
-7.51128	7.78126
-7.46622	8.01721
-7.4635	8.02787
-7.45689	8.02391
-7.55008	7.50126
-7.59022	7.25413
-7.58469	7.33828
-7.64097	7.02982
-7.62968	7.10167
-7.68095	6.7829
-7.61859	7.14842
-7.6217	7.13557
-7.56394	7.45576
-7.6492	7.00559
-7.56936	7.45427
-7.59683	7.3103
-7.57915	7.38066
-7.5926	7.30098
-7.56688	7.4499
-7.64319	6.99382
-7.62255	7.11283
-7.61646	7.14331
-7.67836	6.82601
-7.75082	6.44446
-7.72541	6.58703
-7.65407	6.97767
-7.53909	7.60626
-7.53683	7.63232
-7.55537	7.47245
-7.55899	7.47783
-7.54219	7.56479
-7.54323	7.58158
-7.63297	7.07187
-7.65341	6.99355
-7.70796	6.68277
-7.67569	6.85692
-7.6346	7.09774
-7.66575	6.9574
-7.56489	7.53209
-7.51571	7.7705
-7.60284	7.29799
-7.65049	7.01617
-7.59214	7.2999
-7.62246	7.09092
-7.62649	7.08059
-7.5719	7.37673
-7.51166	7.72006
-7.53142	7.61217
-7.48654	7.8551
-7.50142	7.78106
-7.52796	7.64625
-7.58501	7.32467
-7.59566	7.30583
-7.53502	7.64793
-7.59181	7.32397
-7.627	7.09641
-7.67548	6.84366
-7.69762	6.71675
-7.62419	7.15341
-7.65038	7.00947
-7.63954	7.07645
-7.55896	7.53159
-7.57667	7.45545
-7.58387	7.39108
-7.62969	7.14292
-7.65497	7.01355
-7.63731	7.09533
-7.63775	7.10179
-7.64402	7.05591
-7.63843	7.09837
-7.66794	6.92433
-7.63428	7.10856
-7.59272	7.35297
-7.60872	7.26565
-7.63704	7.08261
-7.60797	7.22043
-7.65774	6.96014
-7.73957	6.4913
-7.65819	6.94439
-7.59966	7.25027
-7.67185	6.83172
-7.65665	6.93566
-7.62229	7.14876
-7.65267	6.9754
-7.60065	7.26999
-7.53887	7.63261
-7.49055	7.89906
-7.55025	7.57521
-7.64285	7.04053
-7.68676	6.7749
-7.72578	6.53748
-7.66972	6.88511
-7.6586	6.90827
-7.6156	7.16159
-7.63956	7.00717
-7.68195	6.76874
-7.64826	6.96401
-7.64737	6.99073
-7.6667	6.90069
-7.68376	6.7594
-7.73027	6.5031
-7.73533	6.48014
-7.67909	6.77765
-7.66661	6.87809
-7.61435	7.16985
-7.55878	7.49758
-7.58415	7.35395
-7.64423	7.03622
-7.56837	7.46467
-7.54845	7.5851
-7.49913	7.84278
-7.54513	7.6055
-7.5614	7.48298
-7.67069	6.88022
-7.64244	7.08135
-7.59833	7.28347
-7.63444	7.08494
-7.57893	7.38974
-7.52575	7.65754
-7.53144	7.63267
-7.56971	7.41705
-7.59179	7.29386
-7.58302	7.34426
-7.56266	7.44827
-7.48415	7.89497
-7.49042	7.88459
-7.60981	7.22196
-7.62922	7.09193
-7.57272	7.40938
-7.52739	7.63708
-7.53526	7.59904
-7.5539	7.46047
-7.58615	7.30651
-7.61816	7.15644
-7.6368	7.05217
-7.64252	7.03669
-7.58186	7.37359
-7.56985	7.41408
-7.51805	7.71755
-7.53429	7.6355
-7.52482	7.66985
-7.56949	7.42704
-7.58337	7.38403
-7.54913	7.5519
-7.57317	7.38529
-7.55312	7.51647
-7.51934	7.72947
-7.50451	7.78188
-7.49408	7.83509
-7.44789	8.09848
-7.5574	7.49483
-7.61149	7.21755
-7.62061	7.15675
-7.62813	7.11127
-7.58844	7.3181
-7.63535	7.04934
-7.60868	7.20733
-7.54265	7.59636
-7.60766	7.23084
-7.62272	7.12901
-7.63433	7.07755
-7.71196	6.64403
-7.6484	6.98944
-7.68178	6.78513
-7.6073	7.22972
-7.59866	7.28987
-7.64183	7.05053
-7.60929	7.205
-7.63564	7.09484
-7.72795	6.53184
-7.76104	6.34579
-7.6756	6.8155
-7.6506	6.96769
-7.71991	6.5992
-7.68657	6.82047
-7.62181	7.15814
-7.64524	7.02527
-7.68278	6.82485
-7.67661	6.86212
-7.65916	6.92156
-7.63603	7.05556
-7.61306	7.17493
-7.64816	6.98591
-7.5835	7.38167
-7.5338	7.62696
-7.59124	7.37323
-7.63653	7.10213
-7.66244	6.94563
-7.76189	6.36814
-7.76885	6.33787
-7.72611	6.57549
-7.66136	6.94673
-7.63865	7.06422
-7.70978	6.65626
-7.77384	6.28797
-7.71678	6.59771
-7.7511	6.40009
-7.7713	6.29928
-7.70832	6.66614
-7.76986	6.31102
-7.69607	6.70978
-7.7416	6.44279
-7.70307	6.68963
-7.65609	6.9443
-7.60556	7.23501
-7.66217	6.87945
-7.68171	6.77864
-7.72918	6.51547
-7.69876	6.65793
-7.72872	6.49668
-7.76538	6.29369
-7.79565	6.12601
-7.76749	6.27155
-7.69319	6.68947
-7.69044	6.7368
-7.68956	6.76084
-7.71832	6.60132
-7.67592	6.81862
-7.67546	6.81798
-7.73178	6.52691
-7.75061	6.43899
-7.80593	6.14247
-7.71218	6.66842
-7.64472	7.02392
-7.6083	7.20926
-7.66798	6.90625
-7.65211	7.02446
-7.58943	7.38638
-7.62323	7.15667
-7.62862	7.10014
-7.59526	7.29049
-7.60882	7.27181
-7.60497	7.28543
-7.6072	7.24514
-7.58213	7.36801
-7.64113	7.00885
-7.66762	6.88821
-7.65098	6.96615
-7.66952	6.92279
-7.50384	7.8359
-7.52409	7.68702
-7.49291	7.86576
-7.48521	7.90155
-7.47263	7.98275
-7.40643	8.33184
-7.40798	8.34161
-7.38416	8.44706
-7.38518	8.4851
-7.4176	8.29052
-7.52196	7.73156
-7.50857	7.79284
-7.50217	7.81472
-7.56112	7.47288
-7.61503	7.15404
-7.65843	6.88197
-7.64157	6.98288
-7.67998	6.77984
-7.60797	7.22224
-7.55944	7.43385
-7.58037	7.3122
-7.51136	7.74548
-7.53268	7.6186
-7.51141	7.69799
-7.51173	7.68592
-7.51033	7.70959
-7.45513	7.98214
-7.45904	8.01124
-7.43004	8.15101
-7.55106	7.47596
-7.56773	7.41375
-7.52951	7.64838
-7.47974	7.93425
-7.45489	8.03623
-7.38865	8.41339
-7.51675	7.70381
-7.4962	7.83964
-7.52937	7.64514
-7.48793	7.88144
-7.45983	8.03777
-7.47051	7.96565
-7.5256	7.64331
-7.55466	7.496
-7.58357	7.32967
-7.56768	7.40217
-7.57266	7.37708
-7.51918	7.69981
-7.48589	7.91568
-7.46084	8.05693
-7.46247	8.04199
-7.49226	7.83291
-7.43169	8.17965
-7.50527	7.80427
-7.52829	7.63308
-7.52382	7.70108
-7.50087	7.83891
-7.50647	7.81417
-7.50836	7.81392
-7.533	7.65645
-7.53861	7.63193
-7.57518	7.43266
-7.5995	7.29739
-7.57565	7.41278
-7.54393	7.58681
-7.59086	7.33724
-7.64058	7.04695
-7.60104	7.26993
-7.58153	7.38986
-7.54977	7.55674
-7.55193	7.57767
-7.57353	7.45091
-7.6201	7.19233
-7.66262	6.92797
-7.67413	6.86251
-7.68984	6.74449
-7.72543	6.5448
-7.7068	6.63645
-7.71806	6.55651
-7.70329	6.63742
-7.71894	6.54728
-7.66404	6.89953
-7.63838	7.03548
-7.65181	6.9877
-7.63668	7.05979
-7.55616	7.51333
-7.5341	7.65648
-7.572	7.44602
-7.53245	7.64038
-7.59286	7.33072
-7.57778	7.43264
-7.58463	7.40013
-7.64303	7.06551
-7.62969	7.14096
-7.59396	7.29787
-7.51847	7.7338
-7.60369	7.27116
-7.65106	6.99548
-7.63125	7.09906
-7.62855	7.12107
-7.71147	6.67789
-7.66487	6.94798
-7.66593	6.92561
-7.66122	6.94035
-7.64377	7.00316
-7.60411	7.2086
-7.57028	7.41654
-7.54359	7.57221
-7.5356	7.58188
-7.57403	7.38814
-7.57633	7.40535
-7.62888	7.12154
-7.63901	7.05599
-7.61838	7.15938
-7.68698	6.78422
-7.69915	6.68011
-7.69659	6.72787
-7.64418	7.01465
-7.61239	7.18526
-7.59483	7.27971
-7.55345	7.50005
-7.63965	7.03411
-7.60087	7.29381
-7.62874	7.12249
-7.59017	7.3544
-7.59094	7.33587
-7.64916	7.01199
-7.64272	7.03825
-7.62866	7.10573
-7.63803	7.06339
-7.64953	7.00163
-7.65157	6.99158
-7.64353	7.00409
-7.59019	7.28597
-7.57248	7.41041
-7.60911	7.2159
-7.6105	7.20942
-7.62811	7.0944
-7.60998	7.19372
-7.61198	7.22314
-7.58998	7.32172
-7.55757	7.50736
-7.59609	7.30642
-7.53256	7.66535
-7.51998	7.71119
-7.54258	7.58152
-7.57176	7.40096
-7.52311	7.69243
-7.5676	7.41148
-7.54821	7.50924
-7.46656	7.95408
-7.45259	8.05232
-7.51622	7.6983
-7.5629	7.4971
-7.57206	7.44223
-7.55976	7.49509
-7.51778	7.71849
-7.55395	7.48573
-7.55359	7.49616
-7.52637	7.64623
-7.52586	7.65298
-7.46919	7.96569
-7.49116	7.83764
-7.55392	7.53305
-7.5565	7.52013
-7.553	7.53912
-7.50171	7.81755
-7.48403	7.87083
-7.54751	7.55549
-7.61757	7.15352
-7.61688	7.16455
-7.59003	7.31992
-7.61623	7.19871
-7.56903	7.45867
-7.58129	7.37094
-7.55585	7.49444
-7.56044	7.4803
-7.52817	7.64996
-7.53427	7.62622
-7.52041	7.7006
-7.50554	7.79261
-7.64123	7.01718
-7.63352	7.08903
-7.49937	7.85414
-7.50937	7.77704
-7.5268	7.64208
-7.59644	7.26851
-7.58171	7.31732
-7.59708	7.23018
-7.60124	7.22489
-7.62579	7.10349
-7.61707	7.1637
-7.57854	7.35037
-7.52038	7.64895
-7.57004	7.42354
-7.60333	7.23259
-7.57953	7.35863
-7.55173	7.5031
-7.58695	7.3424
-7.53437	7.61633
-7.53461	7.58237
-7.60903	7.18241
-7.50108	7.78171
-7.60883	7.19297
-7.58531	7.3617
-7.52462	7.70186
-7.53479	7.64134
-7.58273	7.34479
-7.60144	7.23039
-7.61259	7.16785
-7.57436	7.39983
-7.59362	7.30979
-7.58501	7.33083
-7.57162	7.4114
-7.61335	7.17447
-7.5624	7.49643
-7.58743	7.35626
-7.58477	7.37966
-7.54687	7.56676
-7.48358	7.88325
-7.50722	7.74587
-7.51076	7.73205
-7.5043	7.76103
-7.58849	7.28003
-7.59561	7.24623
-7.57852	7.36249
-7.64532	6.99284
-7.68058	6.82932
-7.70957	6.67809
-7.73836	6.49737
-7.75778	6.38412
-7.67019	6.86231
-7.67479	6.84459
-7.61074	7.18418
-7.60061	7.24468
-7.6078	7.17004
-7.64307	7.0087
-7.72316	6.58383
-7.66111	6.90366
-7.62936	7.06841
-7.62179	7.10117
-7.69025	6.75628
-7.7688	6.32274
-7.72826	6.59708
-7.71034	6.68802
-7.6784	6.86622
-7.69723	6.7776
-7.7266	6.59046
-7.76179	6.40592
-7.72757	6.59546
-7.65128	7.03999
-7.60952	7.25733
-7.59816	7.29769
-7.6291	7.1128
-7.5197	7.71
-7.54727	7.59188
-7.58978	7.33156
-7.62975	7.11794
-7.60745	7.23434
-7.61975	7.15843
-7.60964	7.19994
-7.5804	7.34437
-7.53389	7.61694
-7.58728	7.32793
-7.51254	7.7079
-7.49658	7.82658
-7.48133	7.92006
-7.5413	7.57581
-7.60033	7.28823
-7.62162	7.16367
-7.64049	7.06678
-7.63456	7.10106
-7.5766	7.42578
-7.53434	7.65978
-7.57798	7.39561
-7.56153	7.4784
-7.54984	7.5521
-7.59202	7.33218
-7.59128	7.33623
-7.60725	7.25292
-7.58481	7.35421
-7.53834	7.58925
-7.54904	7.52889
-7.50491	7.7619
-7.44244	8.13378
-7.39792	8.36198
-7.43639	8.15825
-7.43057	8.23527
-7.4993	7.86998
-7.46938	8.0085
-7.48474	7.89771
-7.48722	7.88178
-7.52607	7.66418
-7.45357	8.10167
-7.50155	7.82011
-7.49649	7.85524
-7.53684	7.60145
-7.49037	7.86715
-7.53352	7.61264
-7.50194	7.80124
-7.65481	6.93187
-7.59424	7.26864
-7.60305	7.21931
-7.58124	7.34821
-7.61341	7.15025
-7.59284	7.27046
-7.50719	7.74959
-7.56922	7.43961
-7.56294	7.50158
-7.62657	7.12701
-7.61341	7.1839
-7.60332	7.25658
-7.67226	6.90063
-7.65585	6.99424
-7.64116	7.06636
-7.73798	6.53058
-7.76777	6.40901
-7.73814	6.5421
-7.70019	6.75219
-7.67474	6.87336
-7.67984	6.83138
-7.71891	6.64188
-7.66334	6.93577
-7.68591	6.79487
-7.67638	6.83061
-7.64963	7.01528
-7.64308	7.04801
-7.72037	6.62223
-7.70458	6.69563
-7.74664	6.48847
-7.67044	6.91923
-7.60656	7.29281
-7.63894	7.1145
-7.53999	7.64573
-7.54166	7.60714
-7.52275	7.68395
-7.56083	7.45853
-7.46839	7.95974
-7.49588	7.82063
-7.54105	7.57138
-7.52969	7.6857
-7.58457	7.35634
-7.62944	7.10205
-7.69499	6.71041
-7.60384	7.24274
-7.56873	7.44752
-7.53507	7.62537
-7.53489	7.63199
-7.53639	7.61131
-7.52301	7.67191
-7.53304	7.6306
-7.6512	6.95349
-7.62841	7.07505
-7.64786	6.9731
-7.62439	7.08974
-7.66155	6.88721
-7.72435	6.53561
-7.67191	6.82391
-7.61404	7.13982
-7.60929	7.19568
-7.62045	7.15335
-7.69033	6.75935
-7.69462	6.75807
-7.70929	6.66488
-7.68357	6.79663
-7.5936	7.31627
-7.66349	6.95751
-7.66124	6.95753
-7.6011	7.26411
-7.5945	7.30298
-7.6074	7.19161
-7.52046	7.68919
-7.53212	7.63206
-7.50504	7.78346
-7.49168	7.88049
-7.46424	8.07581
-7.56836	7.45724
-7.53196	7.66384
-7.57002	7.46368
-7.5996	7.30621
-7.61773	7.17982
-7.6176	7.16998
-7.66723	6.87095
-7.64194	7.03653
-7.59581	7.31942
-7.63519	7.08472
-7.64125	7.02925
-7.6156	7.16615
-7.63151	7.09705
-7.5496	7.55186
-7.50881	7.76349
-7.45584	8.04436
-7.45124	8.13272
-7.51822	7.76251
-7.52823	7.69059
-7.47626	7.96608
-7.57472	7.41067
-7.61273	7.19444
-7.54679	7.56649
-7.53618	7.61711
-7.38938	8.45967
-7.49045	7.90291
-7.5292	7.65633
-7.54954	7.52732
-7.58182	7.38116
-7.58185	7.36147
-7.49781	7.86025
-7.45522	8.06516
-7.43092	8.22848
-7.45199	8.12138
-7.50911	7.81013
-7.46099	8.08967
-7.48641	7.91235
-7.46748	8.0376
-7.48999	7.93963
-7.54242	7.6235
-7.52577	7.69096
-7.57615	7.39734
-7.56497	7.45995
-7.56801	7.46433
-7.58475	7.37644
-7.51731	7.77059
-7.55967	7.48058
-7.52494	7.67823
-7.60837	7.21727
-7.56133	7.49347
-7.54878	7.57284
-7.53451	7.63904
-7.54744	7.5716
-7.53262	7.68081
-7.55862	7.51193
-7.56007	7.46772
-7.49272	7.86498
-7.5474	7.55428
-7.62889	7.08991
-7.62045	7.13308
-7.57413	7.38292
-7.56639	7.45213
-7.53069	7.66443
-7.55617	7.52701
-7.48548	7.9015
-7.47781	7.93964
-7.46592	8.02117
-7.53147	7.69043
-7.53592	7.65561
-7.58005	7.3929
-7.56015	7.5077
-7.55437	7.51693
-7.57352	7.44662
-7.60843	7.23107
-7.53422	7.65761
-7.53486	7.66285
-7.60939	7.25302
-7.59095	7.35311
-7.62418	7.14597
-7.61658	7.17951
-7.60362	7.24975
-7.62984	7.06314
-7.6112	7.15031
-7.57537	7.3828
-7.63692	7.03433
-7.59698	7.2671
-7.57414	7.43831
-7.64168	7.05873
-7.64773	7.03991
-7.62304	7.15655
-7.57786	7.40872
-7.4758	8.03015
-7.56563	7.45616
-7.58592	7.37328
-7.61885	7.20196
-7.63179	7.13436
-7.61524	7.18573
-7.62721	7.13476
-7.61082	7.2371
-7.57289	7.43663
-7.56715	7.47027
-7.63632	7.06677
-7.56753	7.43872
-7.59102	7.33922
-7.47542	7.99078
-7.48173	7.92533
-7.51364	7.73942
-7.46789	8.0376
-7.52514	7.71464
-7.57122	7.45072
-7.55165	7.56855
-7.52371	7.74781
-7.55893	7.56141
-7.52599	7.69209
-7.58367	7.37098
-7.5667	7.46345
-7.60469	7.26241
-7.65506	6.95637
-7.60965	7.20515
-7.58711	7.34722
-7.5195	7.72839
-7.49376	7.88383
-7.58317	7.37551
-7.57368	7.4308
-7.58261	7.35213
-7.59856	7.24808
-7.60605	7.18809
-7.57528	7.36327
-7.57721	7.35256
-7.63175	7.04443
-7.60902	7.177
-7.59106	7.27836
-7.60959	7.18525
-7.58938	7.30184
-7.57124	7.39608
-7.54345	7.56286
-7.55373	7.48869
-7.60523	7.22828
-7.60848	7.24192
-7.60318	7.28496
-7.61862	7.19784
-7.7083	6.68007
-7.6003	7.26615
-7.5992	7.2913
-7.5829	7.35295
-7.49668	7.81254
-7.48745	7.90051
-7.55483	7.51408
-7.59963	7.26118
-7.57302	7.39696
-7.56914	7.43678
-7.55636	7.49955
-7.50781	7.75252
-7.47938	7.88424
-7.53295	7.62302
-7.51452	7.7048
-7.42482	8.22609
-7.45021	8.06826
-7.46838	7.98001
-7.45977	8.02894
-7.49114	7.8335
-7.52274	7.72365
-7.60442	7.26271
-7.52013	7.71132
-7.51276	7.7812
-7.5208	7.75618
-7.5234	7.72535
-7.47353	8.00189
-7.39397	8.43852
-7.47446	7.99166
-7.47146	7.98921
-7.41015	8.34255
-7.45993	8.06093
-7.50826	7.77831
-7.54077	7.6014
-7.50142	7.82597
-7.45553	8.05166
-7.52204	7.67927
-7.51719	7.71846
-7.60714	7.22305
-7.50609	7.79056
-7.52068	7.72074
-7.52119	7.73156
-7.53777	7.65007
-7.52125	7.76459
-7.54383	7.59286
-7.54035	7.62223
-7.56743	7.47551
-7.56756	7.46188
-7.59602	7.28747
-7.58682	7.33944
-7.60818	7.25906
-7.53206	7.66225
-7.53755	7.60103
-7.4922	7.88187
-7.57296	7.43079
-7.5441	7.59997
-7.57201	7.43231
-7.60739	7.23474
-7.61117	7.22698
-7.57519	7.42747
-7.59158	7.34278
-7.61326	7.21313
-7.62134	7.17401
-7.62529	7.14664
-7.63994	7.07042
-7.61576	7.18473
-7.63976	7.05726
-7.61353	7.20432
-7.50225	7.81561
-7.4999	7.81812
-7.62145	7.14604
-7.62079	7.16772
-7.56539	7.46099
-7.63417	7.0748
-7.62559	7.11476
-7.71663	6.62138
-7.74435	6.47012
-7.78706	6.2252
-7.65758	6.93891
-7.67791	6.8181
-7.65182	7.00867
-7.69236	6.80351
-7.67732	6.8597
-7.6606	6.90789
-7.66291	6.88306
-7.59555	7.27351
-7.61962	7.16266
-7.63929	7.0286
-7.59688	7.29967
-7.63487	7.06513
-7.53139	7.57903
-7.54845	7.51491
-7.56256	7.43568
-7.53859	7.57622
-7.49018	7.84875
-7.39776	8.37749
-7.4004	8.36657
-7.51286	7.78174
-7.56831	7.43655
-7.57575	7.3941
-7.60676	7.20876
-7.53548	7.57316
-7.5552	7.4975
-7.58896	7.31261
-7.61998	7.15537
-7.55025	7.53983
-7.56096	7.49864
-7.5751	7.42414
-7.624	7.15265
-7.65595	6.99935
-7.60661	7.27815
-7.60349	7.28438
-7.66877	6.90562
-7.68239	6.82914
-7.7063	6.68511
-7.62101	7.16828
-7.51369	7.73053
-7.53774	7.59792
-7.60235	7.24165
-7.58749	7.30029
-7.47796	7.93173
-7.52774	7.66029
-7.54225	7.57207
-7.57657	7.38513
-7.58873	7.31897
-7.64774	6.97014
-7.67723	6.81993
-7.62421	7.13551
-7.64212	7.02142
-7.52033	7.71244
-7.50482	7.80503
-7.59023	7.30518
-7.64311	7.03174
-7.55677	7.46628
-7.49338	7.81826
-7.50671	7.76611
-7.42692	8.20584
-7.42126	8.23802
-7.46385	8.01599
-7.44517	8.08662
-7.50777	7.74579
-7.54862	7.53706
-7.56901	7.43475
-7.58617	7.33683
-7.61504	7.16618
-7.53803	7.58323
-7.57634	7.37366
-7.58203	7.34083
-7.62663	7.06501
-7.64763	6.96286
-7.5786	7.39558
-7.56441	7.49469
-7.50527	7.81651
-7.47217	8.0014
-7.48083	7.91947
-7.5492	7.54356
-7.62234	7.16729
-7.65263	6.96977
-7.62601	7.14548
-7.57586	7.41141
-7.63411	7.07071
-7.58155	7.33446
-7.57231	7.39708
-7.55533	7.49594
-7.54661	7.55393
-7.53149	7.61956
-7.54363	7.54146
-7.58788	7.31761
-7.59694	7.28229
-7.52604	7.68372
-7.49629	7.84291
-7.50055	7.77615
-7.49163	7.81292
-7.49455	7.83031
-7.55086	7.52096
-7.45145	8.07458
-7.39641	8.39135
-7.40048	8.34877
-7.50401	7.77265
-7.45676	8.04902
-7.46953	7.98924
-7.42026	8.29566
-7.41194	8.33647
-7.4606	8.01714
-7.49276	7.81856
-7.55436	7.52294
-7.58543	7.37767
-7.60546	7.25233
-7.6658	6.88844
-7.59627	7.28184
-7.60506	7.22462
-7.58035	7.3745
-7.48256	7.94141
-7.48581	7.92424
-7.56063	7.4888
-7.53319	7.62821
-7.53715	7.6026
-7.49439	7.8417
-7.50236	7.78144
-7.57787	7.39191
-7.57807	7.40454
-7.53229	7.63374
-7.53983	7.61035
-7.504	7.77041
-7.60703	7.19064
-7.57735	7.39599
-7.56018	7.49707
-7.55328	7.52729
-7.51954	7.72487
-7.48943	7.88653
-7.58624	7.35509
-7.59479	7.33294
-7.52688	7.69818
-7.47823	7.99662
-7.48946	7.94383
-7.4494	8.16946
-7.3709	8.55792
-7.42491	8.22604
-7.49609	7.85114
-7.48011	7.95098
-7.47234	8.01189
-7.44907	8.08999
-7.49029	7.85444
-7.45079	8.06413
-7.53675	7.56507
-7.53574	7.61352
-7.45715	8.05759
-7.4162	8.2878
-7.42014	8.28838
-7.44787	8.12925
-7.43583	8.17487
-7.5224	7.69591
-7.5554	7.50309
-7.51406	7.72518
-7.48745	7.88336
-7.46429	8.01255
-7.57128	7.43419
-7.53548	7.62892
-7.57903	7.37258
-7.60591	7.21361
-7.57778	7.36699
-7.49216	7.8344
-7.52042	7.71532
-7.53465	7.63576
-7.54311	7.59241
-7.52622	7.66435
-7.54686	7.54035
-7.51558	7.70242
-7.60278	7.21264
-7.5797	7.34057
-7.57466	7.37364
-7.56982	7.37771
-7.50179	7.73235
-7.50955	7.69668
-7.4908	7.82311
-7.55606	7.47567
-7.53245	7.65326
-7.57225	7.44497
-7.58955	7.29906
-7.58907	7.29411
-7.60872	7.18682
-7.62696	7.07406
-7.60213	7.23784
-7.54495	7.52687
-7.61594	7.16649
-7.66567	6.88555
-7.69095	6.76271
-7.67759	6.81088
-7.64443	7.02422
-7.60768	7.22041
-7.65249	6.96757
-7.59843	7.25001
-7.61014	7.19888
-7.64903	6.96351
-7.64588	6.98852
-7.69968	6.69289
-7.74122	6.48666
-7.6902	6.79037
-7.66485	6.93043
-7.59935	7.28287
-7.64818	7.02134
-7.67434	6.86613
-7.71767	6.61904
-7.61042	7.21753
-7.58939	7.34214
-7.64478	7.06464
-7.66943	6.94021
-7.64795	7.01396
-7.66478	6.90637
-7.69891	6.72555
-7.68424	6.7844
-7.60142	7.29273
-7.54827	7.58366
-7.60463	7.23633
-7.54628	7.55059
-7.62762	7.12178
-7.54184	7.59316
-7.52875	7.64738
-7.52408	7.64567
-7.53017	7.646
-7.53152	7.62603
-7.53443	7.60167
-7.6097	7.17747
-7.59731	7.2444
-7.61527	7.16286
-7.62811	7.08075
-7.55285	7.48021
-7.556	7.4885
-7.53281	7.60955
-7.5454	7.54848
-7.55296	7.53176
-7.50984	7.77169
-7.57833	7.34858
-7.57897	7.35352
-7.56594	7.39722
-7.61872	7.08056
-7.59059	7.26917
-7.53912	7.58612
-7.50486	7.7475
-7.4924	7.83744
-7.4242	8.2402
-7.51557	7.71394
-7.53807	7.58109
-7.60618	7.22252
-7.55212	7.51258
-7.61497	7.17564
-7.55236	7.55406
-7.52893	7.63976
-7.62156	7.11644
-7.6326	7.05193
-7.58542	7.33364
-7.49465	7.8584
-7.43662	8.17635
-7.43214	8.16584
-7.51092	7.72143
-7.59043	7.27265
-7.60011	7.22176
-7.54858	7.52463
-7.54659	7.54042
-7.60632	7.19897
-7.57981	7.35807
-7.60257	7.22371
-7.58584	7.33482
-7.49973	7.80245
-7.52369	7.67248
-7.50005	7.76882
-7.38678	8.38589
-7.42676	8.18574
-7.47293	7.92848
-7.44177	8.10354
-7.49339	7.81672
-7.46087	8.00711
-7.55457	7.52363
-7.59698	7.3011
-7.59638	7.28161
-7.62549	7.10686
-7.64353	6.98951
-7.60167	7.24675
-7.59082	7.2926
-7.56423	7.46099
-7.52366	7.6973
-7.53333	7.65183
-7.55125	7.54503
-7.52366	7.71841
-7.4684	8.0187
-7.55347	7.55113
-7.57646	7.38754
-7.59365	7.30772
-7.64431	7.01668
-7.63942	7.0399
-7.63988	7.01353
-7.58803	7.33754
-7.62483	7.12162
-7.62319	7.14353
-7.62419	7.13311
-7.6406	6.99557
-7.64411	6.96826
-7.62372	7.11154
-7.59257	7.2972
-7.59717	7.2415
-7.60832	7.19851
-7.65745	6.93812
-7.64832	6.98451
-7.66491	6.86255
-7.65896	6.86227
-7.62319	7.06525
-7.61914	7.15129
-7.6061	7.19952
-7.59737	7.25446
-7.70711	6.6543
-7.69089	6.73946
-7.62188	7.12775
-7.70224	6.70615
-7.68782	6.78976
-7.6412	7.0621
-7.60889	7.23527
-7.604	7.24696
-7.64216	7.03565
-7.64104	7.01496
-7.66679	6.83783
-7.71619	6.5742
-7.68006	6.79289
-7.72977	6.51804
-7.67828	6.80943
-7.72746	6.53323
-7.63621	7.03452
-7.66552	6.8561
-7.63852	7.04299
-7.6111	7.20421
-7.60035	7.27683
-7.59852	7.29695
-7.66587	6.93753
-7.73072	6.58363
-7.74064	6.51951
-7.72141	6.6059
-7.70332	6.72371
-7.69469	6.76258
-7.6402	7.0808
-7.56899	7.4707
-7.59405	7.3176
-7.62805	7.14251
-7.71186	6.67808
-7.69241	6.7664
-7.71429	6.64459
-7.68012	6.81532
-7.64745	7.02497
-7.63056	7.08341
-7.59631	7.24236
-7.54118	7.58754
-7.53138	7.65313
-7.59815	7.2898
-7.52553	7.6662
-7.55104	7.55245
-7.54516	7.57268
-7.53166	7.63745
-7.57224	7.41277
-7.50968	7.74085
-7.45854	8.01227
-7.47269	7.92787
-7.53259	7.59389
-7.55785	7.44975
-7.49184	7.82403
-7.56702	7.42268
-7.47627	7.94815
-7.50729	7.81564
-7.39383	8.43946
-7.4588	8.07987
-7.42835	8.26599
-7.46638	8.09467
-7.47799	8.01753
-7.54013	7.65191
-7.57847	7.39956
-7.55629	7.48385
-7.58191	7.32166
-7.59642	7.28326
-7.54456	7.56953
-7.49237	7.85013
-7.43151	8.17705
-7.44407	8.13233
-7.40307	8.35501
-7.44115	8.17329
-7.43761	8.19227
-7.33243	8.77507
-7.34522	8.71286
-7.42283	8.278
-7.41863	8.31879
-7.52126	7.72031
-7.59773	7.26523
-7.59957	7.26475
-7.50015	7.81186
-7.49559	7.81472
-7.51242	7.75265
-7.52465	7.68504
-7.56198	7.4619
-7.57963	7.3984
-7.60098	7.26044
-7.54917	7.54423
-7.46489	8.02153
-7.41609	8.24238
-7.40841	8.3322
-7.37886	8.47703
-7.37333	8.52347
-7.43702	8.15281
-7.35803	8.54552
-7.42021	8.21625
-7.56013	7.42566
-7.48848	7.81932
-7.51832	7.66254
-7.51373	7.68781
-7.52825	7.62151
-7.57847	7.36443
-7.52455	7.66301
-7.48245	7.93236
-7.55176	7.54266
-7.56573	7.46746
-7.51781	7.71621
-7.52937	7.65323
-7.55205	7.5583
-7.58277	7.37877
-7.50068	7.81906
-7.51152	7.78696
-7.47826	7.93832
-7.52661	7.66939
-7.4865	7.89123
-7.54865	7.5737
-7.57476	7.42923
-7.62272	7.13918
-7.66286	6.89695
-7.6876	6.74237
-7.64937	6.95677
-7.60474	7.21471
-7.66507	6.8879
-7.58347	7.33833
-7.60082	7.24279
-7.60119	7.25616
-7.55768	7.53198
-7.50677	7.81373
-7.43461	8.15186
-7.45546	8.03377
-7.44922	8.08613
-7.42571	8.16599
-7.45473	8.06457
-7.46607	7.97169
-7.44711	8.08267
-7.51138	7.75121
-7.5134	7.74593
-7.43419	8.22846
-7.54698	7.60396
-7.55873	7.51422
-7.54995	7.54365
-7.59418	7.30139
-7.5607	7.4782
-7.56135	7.48216
-7.54991	7.52037
-7.46605	7.99518
-7.46664	8.00114
-7.39293	8.41399
-7.35613	8.5831
-7.39155	8.38952
-7.55286	7.48172
-7.59961	7.23262
-7.56737	7.41665
-7.53663	7.60364
-7.56554	7.42916
-7.64495	6.99765
-7.61147	7.16164
-7.57904	7.30703
-7.4844	7.85237
-7.47707	7.95633
-7.52938	7.67104
-7.52001	7.72433
-7.58187	7.3806
-7.63246	7.09089
-7.59514	7.2894
-7.63989	7.00277
-7.52763	7.61782
-7.67849	6.79304
-7.70518	6.64437
-7.66563	6.89236
-7.67394	6.80967
-7.73692	6.48726
-7.72167	6.56901
-7.66868	6.85277
-7.5963	7.29295
-7.54039	7.61971
-7.4967	7.87053
-7.48723	7.89904
-7.45055	8.11747
-7.48492	7.9261
-7.46042	8.05528
-7.45549	8.04273
-7.48079	7.93099
-7.50216	7.8042
-7.5239	7.72524
-7.52788	7.68144
-7.53049	7.67675
-7.54304	7.62097
-7.61643	7.20957
-7.56477	7.48126
-7.51868	7.7201
-7.55279	7.5218
-7.58354	7.31822
-7.42376	8.20279
-7.41687	8.24204
-7.42524	8.2254
-7.44353	8.15255
-7.47371	7.98568
-7.5225	7.69748
-7.48446	7.89948
-7.53391	7.67021
-7.5501	7.56453
-7.5654	7.4619
-7.48468	7.89145
-7.45678	8.04757
-7.46421	8.03003
-7.43886	8.16532
-7.49687	7.84634
-7.42983	8.22101
-7.47408	7.98092
-7.49818	7.86494
-7.48493	7.93016
-7.46416	7.98368
-7.44518	8.10397
-7.50317	7.82209
-7.49921	7.84066
-7.53717	7.64412
-7.50851	7.79495
-7.52401	7.67748
-7.58343	7.36363
-7.50668	7.77505
-7.46225	8.05077
-7.52762	7.67401
-7.56293	7.46586
-7.57276	7.39392
-7.58722	7.31133
-7.60624	7.21466
-7.64909	6.9853
-7.61474	7.18463
-7.51574	7.73758
-7.45657	8.07111
-7.51105	7.76917
-7.57948	7.38405
-7.51191	7.75185
-7.51373	7.7206
-7.53815	7.61883
-7.55648	7.49595
-7.53449	7.6416
-7.56607	7.46002
-7.53308	7.6277
-7.65246	6.96357
-7.64123	6.99352
-7.55354	7.47629
-7.5959	7.2468
-7.60004	7.2472
-7.62669	7.11348
-7.57665	7.36851
-7.56571	7.42372
-7.51268	7.73261
-7.49514	7.86217
-7.47364	7.9945
-7.48381	7.89879
-7.47445	7.95641
-7.5813	7.37754
-7.58478	7.36097
-7.5953	7.32228
-7.62912	7.14287
-7.53049	7.65953
-7.49586	7.84147
-7.54478	7.52109
-7.53926	7.56025
-7.50643	7.74057
-7.58967	7.29419
-7.57185	7.4259
-7.60152	7.27347
-7.54582	7.55765
-7.47081	7.98152
-7.55209	7.54648
-7.60072	7.25568
-7.5376	7.58021
-7.50826	7.72287
-7.57883	7.3867
-7.58631	7.36835
-7.55021	7.55232
-7.595	7.28642
-7.60815	7.18619
-7.66337	6.88216
-7.72592	6.54039
-7.75072	6.43209
-7.69277	6.75277
-7.68197	6.79982
-7.69897	6.68921
-7.66804	6.85999
-7.66111	6.90133
-7.62563	7.1318
-7.62189	7.14408
-7.6308	7.11571
-7.6664	6.94372
-7.72487	6.62923
-7.70926	6.68716
-7.69955	6.73841
-7.64113	7.04698
-7.58265	7.35483
-7.63584	7.04565
-7.70722	6.64858
-7.65775	6.94343
-7.60076	7.23212
-7.60769	7.24275
-7.64024	7.04026
-7.70582	6.65621
-7.7073	6.6533
-7.68606	6.79741
-7.67422	6.84335
-7.64006	7.0574
-7.61657	7.19392
-7.61669	7.189
-7.60538	7.26191
-7.54078	7.63941
-7.62889	7.13052
-7.59118	7.35064
-7.64995	6.97506
-7.65677	6.90624
-7.72174	6.57484
-7.72945	6.57604
-7.68166	6.84128
-7.69888	6.75652
-7.6489	7.00293
-7.6982	6.74241
-7.64164	7.04759
-7.62606	7.12562
-7.59454	7.27673
-7.56531	7.43193
-7.59172	7.2762
-7.56695	7.4193
-7.59983	7.2233
-7.68773	6.73554
-7.69283	6.70514
-7.6417	7.0054
-7.61393	7.14834
-7.55997	7.45309
-7.63406	7.04528
-7.63401	7.01157
-7.61203	7.15214
-7.59004	7.28087
-7.60717	7.20614
-7.6021	7.24308
-7.60778	7.2019
-7.55053	7.52806
-7.52444	7.71634
-7.55615	7.53352
-7.49636	7.88643
-7.42176	8.30834
-7.50906	7.84383
-7.49576	7.89492
-7.56073	7.54409
-7.57206	7.49193
-7.5668	7.5032
-7.6304	7.15092
-7.52866	7.69764
-7.46451	8.05329
-7.43557	8.20295
-7.38465	8.47543
-7.36198	8.64577
-7.4308	8.27477
-7.46365	8.05859
-7.4317	8.22387
-7.5506	7.53064
-7.52327	7.70032
-7.49975	7.79549
-7.40638	8.33481
-7.48733	7.89858
-7.58375	7.37205
-7.60042	7.27782
-7.64216	7.02558
-7.62365	7.11505
-7.67813	6.83679
-7.64948	6.98314
-7.62217	7.1451
-7.65521	6.92578
-7.6197	7.12492
-7.57193	7.35238
-7.59512	7.2507
-7.55792	7.46608
-7.46585	7.96576
-7.4445	8.07724
-7.4474	8.06603
-7.47613	7.88524
-7.37199	8.48793
-7.3901	8.39411
-7.49832	7.7859
-7.49669	7.82534
-7.54857	7.53166
-7.50047	7.78498
-7.49729	7.81929
-7.54685	7.5565
-7.54411	7.51755
-7.60918	7.16236
-7.62968	7.06778
-7.64229	6.99809
-7.53541	7.60232
-7.56019	7.46133
-7.56522	7.41201
-7.60638	7.19743
-7.60067	7.21184
-7.64	7.01028
-7.69358	6.6948
-7.65345	6.97584
-7.61884	7.18324
-7.55948	7.52508
-7.58486	7.41486
-7.61392	7.20916
-7.54063	7.62545
-7.56122	7.52845
-7.69413	6.74655
-7.54134	7.59578
-7.53358	7.64422
-7.56304	7.48179
-7.64204	7.03579
-7.60121	7.26806
-7.54087	7.59711
-7.59029	7.2956
-7.61388	7.16687
-7.63217	7.0676
-7.59237	7.29688
-7.68478	6.80934
-7.7019	6.68856
-7.69017	6.72273
-7.68231	6.78205
-7.6367	7.03941
-7.63937	7.0436
-7.56929	7.43499
-7.58012	7.3852
-7.64399	7.00072
-7.59618	7.28894
-7.61418	7.18589
-7.6579	6.94751
-7.62558	7.1231
-7.61231	7.21739
-7.56923	7.448
-7.56962	7.41311
-7.60797	7.21577
-7.56849	7.42836
-7.49053	7.84138
-7.52878	7.63911
-7.58641	7.34838
-7.57268	7.39626
-7.67157	6.85144
-7.69697	6.70705
-7.67407	6.81477
-7.68686	6.77059
-7.69766	6.6994
-7.69519	6.729
-7.71784	6.61313
-7.74815	6.44522
-7.70867	6.67927
-7.73944	6.49561
-7.69033	6.74499
-7.68143	6.79564
-7.70332	6.67083
-7.62821	7.11128
-7.57414	7.40305
-7.62388	7.14391
-7.67142	6.86468
-7.64707	7.00324
-7.65953	6.93367
-7.67414	6.87609
-7.74966	6.47054
-7.79062	6.23365
-7.80334	6.16028
-7.80208	6.12426
-7.85443	5.83899
-7.83706	5.94618
-7.73379	6.53279
-7.72929	6.54471
-7.67707	6.8194
-7.67777	6.82475
-7.58416	7.33833
-7.62561	7.08593
-7.64996	6.92699
-7.67957	6.75014
-7.602	7.20817
-7.70493	6.67415
-7.63715	7.03917
-7.62623	7.07653
-7.65249	6.93263
-7.64453	6.95789
-7.56493	7.43474
-7.48272	7.89221
-7.57718	7.39849
-7.64253	7.02448
-7.65308	6.99439
-7.63829	7.08667
-7.59538	7.31804
-7.6514	6.99781
-7.62505	7.13503
-7.6561	6.93763
-7.73247	6.52908
-7.67771	6.83894
-7.63925	7.05317
-7.68716	6.79362
-7.66387	6.8987
-7.58299	7.36856
-7.58659	7.35713
-7.52203	7.69579
-7.49382	7.84151
-7.58123	7.36707
-7.54207	7.54603
-7.53204	7.64235
-7.55111	7.53599
-7.55857	7.47588
-7.53246	7.61643
-7.5867	7.30652
-7.63544	7.01199
-7.64471	6.96326
-7.58192	7.31322
-7.70381	6.63729
-7.72541	6.53203
-7.72185	6.56945
-7.7553	6.38602
-7.7592	6.36002
-7.71055	6.63504
-7.75731	6.38666
-7.69036	6.77475
-7.72959	6.54704
-7.76541	6.35501
-7.7067	6.68059
-7.68927	6.76999
-7.6999	6.72078
-7.56356	7.46486
-7.59114	7.33198
-7.61582	7.19387
-7.57533	7.39518
-7.58967	7.32445
-7.5833	7.35384
-7.56998	7.45423
-7.61098	7.2196
-7.6224	7.19137
-7.56957	7.469
-7.58716	7.35697
-7.66479	6.95577
-7.66384	6.94104
-7.62077	7.21154
-7.60739	7.26582
-7.65927	6.94721
-7.62155	7.14032
-7.61346	7.17706
-7.64237	7.00264
-7.63841	7.02718
-7.67112	6.8321
-7.62768	7.10236
-7.64619	6.98287
-7.70047	6.72119
-7.61875	7.16338
-7.5949	7.2866
-7.60854	7.185
-7.64614	7.00882
-7.67961	6.82747
-7.62136	7.13081
-7.66248	6.90859
-7.60961	7.18662
-7.54711	7.5328
-7.65066	6.99916
-7.5913	7.30311
-7.62845	7.10008
-7.58651	7.31946
-7.68342	6.82153
-7.67513	6.86345
-7.67309	6.85596
-7.64895	6.97324
-7.6184	7.12941
-7.58726	7.29718
-7.57257	7.36965
-7.58703	7.29137
-7.56208	7.46542
-7.60727	7.19329
-7.5516	7.50097
-7.58406	7.31814
-7.58901	7.33027
-7.59814	7.25876
-7.65134	6.97271
-7.68816	6.76499
-7.63506	7.05806
-7.61759	7.18382
-7.61855	7.14387
-7.60886	7.23241
-7.65449	6.95453
-7.64834	6.98892
-7.56944	7.42988
-7.58985	7.31366
-7.51852	7.71163
-7.50789	7.7637
-7.51657	7.69416
-7.50466	7.76491
-7.55059	7.53006
-7.51248	7.7027
-7.49503	7.8164
-7.4106	8.30006
-7.41318	8.32762
-7.51936	7.74732
-7.50188	7.83904
-7.47991	7.96614
-7.51394	7.75944
-7.53914	7.60302
-7.57367	7.39894
-7.50634	7.79984
-7.44984	8.11174
-7.48262	7.90805
-7.53898	7.60388
-7.59087	7.29839
-7.52707	7.66356
-7.56603	7.46271
-7.5815	7.35459
-7.58806	7.32165
-7.56838	7.4044
-7.626	7.10339
-7.57024	7.4004
-7.52506	7.66946
-7.48621	7.91649
-7.49847	7.86886
-7.46938	8.0216
-7.55128	7.60452
-7.55607	7.5099
-7.58257	7.37505
-7.62248	7.14887
-7.74105	6.46739
-7.61669	7.17748
-7.58154	7.36746
-7.58458	7.37885
-7.58038	7.39782
-7.57478	7.42525
-7.63847	7.06447
-7.63851	7.03493
-7.66542	6.88466
-7.6914	6.77601
-7.71579	6.61924
-7.7091	6.65892
-7.63072	7.11305
-7.64973	7.02254
-7.6885	6.78004
-7.67254	6.84502
-7.65618	6.94741
-7.65481	6.96865
-7.75207	6.42781
-7.72604	6.54824
-7.67397	6.84332
-7.67467	6.84295
-7.75104	6.40736
-7.75444	6.3811
-7.75787	6.36351
-7.78271	6.22161
-7.76422	6.32519
-7.78188	6.22675
-7.71319	6.6454
-7.66461	6.88439
-7.73396	6.50732
-7.71672	6.61614
-7.73221	6.52109
-7.76009	6.39127
-7.68941	6.78615
-7.61887	7.16705
-7.67125	6.86222
-7.65639	6.95012
-7.71456	6.64229
-7.65185	6.97698
-7.71442	6.65561
-7.7199	6.62024
-7.75785	6.40393
-7.71226	6.67777
-7.73368	6.53711
-7.69504	6.7468
-7.65403	6.9523
-7.69881	6.70824
-7.6908	6.74497
-7.63898	7.0319
-7.5805	7.37868
-7.60347	7.2681
-7.5275	7.67279
-7.54297	7.54402
-7.52812	7.6726
-7.54695	7.58149
-7.52376	7.68906
-7.56149	7.45635
-7.51814	7.70899
-7.58216	7.31956
-7.58029	7.36315
-7.5046	7.79465
-7.51758	7.70719
-7.46259	8.01578
-7.482	7.94213
-7.48558	7.92903
-7.50047	7.84275
-7.49416	7.83988
-7.50291	7.767
-7.46148	7.99296
-7.46074	7.99843
-7.31897	8.80492
-7.43843	8.15595
-7.50388	7.81042
-7.54659	7.59085
-7.45691	8.05258
-7.41183	8.28739
-7.46172	8.02553
-7.49036	7.90309
-7.58868	7.31841
-7.65064	6.97616
-7.79613	6.17381
-7.74838	6.43886
-7.6684	6.89818
-7.61962	7.19838
-7.66301	6.93606
-7.70036	6.73907
-7.73829	6.53318
-7.76347	6.3989
-7.73275	6.51859
-7.70799	6.66775
-7.69429	6.72671
-7.60882	7.22339
-7.54689	7.56045
-7.58088	7.40505
-7.54991	7.55629
-7.6526	6.96801
-7.71484	6.61451
-7.70555	6.66804
-7.72515	6.57275
-7.70976	6.6497
-7.61779	7.13846
-7.7218	6.58131
-7.70376	6.68197
-7.71219	6.60547
-7.67457	6.86479
-7.69762	6.72682
-7.62334	7.13633
-7.64764	6.9958
-7.66906	6.87728
-7.61467	7.17773
-7.62254	7.15853
-7.58386	7.37172
-7.48288	7.90103
-7.56615	7.44738
-7.6303	7.08699
-7.61559	7.16659
-7.54001	7.5724
-7.54583	7.52801
-7.60453	7.22598
-7.56412	7.52295
-7.56586	7.47306
-7.56141	7.49194
-7.555	7.52537
-7.56968	7.45435
-7.59075	7.34909
-7.58403	7.40199
-7.64241	7.03383
-7.6916	6.74702
-7.72278	6.57525
-7.64362	6.9937
-7.56034	7.49173
-7.51069	7.7274
-7.50709	7.7666
-7.51288	7.74776
-7.52512	7.70699
-7.50963	7.81419
-7.5312	7.71944
-7.59888	7.34522
-7.62272	7.22839
-7.62123	7.22157
-7.61064	7.28399
-7.59405	7.34311
-7.56049	7.54407
-7.61703	7.19159
-7.59049	7.32311
-7.64786	7.02629
-7.66083	6.93414
-7.67755	6.84948
-7.65201	7.02261
-7.63165	7.10203
-7.67216	6.8657
-7.72831	6.53943
-7.71081	6.63072
-7.73879	6.4594
-7.65488	6.94818
-7.61232	7.17908
-7.61071	7.19422
-7.59968	7.2325
-7.5855	7.30908
-7.52571	7.68012
-7.5288	7.65436
-7.6075	7.20481
-7.64694	6.98389
-7.70538	6.6817
-7.71161	6.63351
-7.74561	6.469
-7.68296	6.7957
-7.61406	7.12783
-7.60806	7.18373
-7.56889	7.4088
-7.65138	6.94738
-7.60742	7.19303
-7.53573	7.61797
-7.47875	7.8734
-7.48513	7.89655
-7.50567	7.82117
-7.52042	7.75595
-7.55936	7.52678
-7.62514	7.16113
-7.55963	7.50306
-7.60537	7.22104
-7.6811	6.81635
-7.58186	7.39114
-7.6397	7.04517
-7.61816	7.17688
-7.6311	7.09934
-7.60552	7.24139
-7.62523	7.1163
-7.65601	6.94718
-7.71459	6.64037
-7.70754	6.65791
-7.70018	6.71042
-7.69434	6.71736
-7.7052	6.63858
-7.65311	6.93217
-7.60834	7.14396
-7.66352	6.90137
-7.711	6.61444
-7.7195	6.56565
-7.66951	6.84643
-7.63759	7.04938
-7.56084	7.49911
-7.56914	7.44478
-7.54834	7.56812
-7.4895	7.91317
-7.51866	7.75506
-7.48315	7.91331
-7.44008	8.14166
-7.53352	7.66205
-7.5401	7.60736
-7.55874	7.51744
-7.5107	7.77783
-7.47936	7.93985
-7.47285	7.96716
-7.46332	8.01456
-7.51914	7.7046
-7.60112	7.29598
-7.61497	7.22035
-7.6241	7.16926
-7.65563	6.94684
-7.5808	7.3664
-7.536	7.64694
-7.50009	7.84848
-7.47186	7.98996
-7.57305	7.43914
-7.58582	7.38136
-7.58171	7.41245
-7.47546	8.02731
-7.48944	7.93356
-7.54017	7.65751
-7.58432	7.40568
-7.60124	7.32138
-7.60855	7.27565
-7.58517	7.39741
-7.54289	7.60389
-7.55879	7.5057
-7.5587	7.49744
-7.58437	7.3391
-7.67131	6.85949
-7.614	7.16609
-7.57523	7.42018
-7.63277	7.10398
-7.56366	7.45968
-7.5134	7.72896
-7.47329	7.95729
-7.52753	7.69597
-7.55087	7.53166
-7.50094	7.82605
-7.42273	8.26425
-7.42569	8.26397
-7.37064	8.58388
-7.43208	8.21572
-7.43395	8.19639
-7.43683	8.16623
-7.41954	8.25559
-7.35706	8.64116
-7.46309	8.06044
-7.52775	7.74274
-7.5447	7.63111
-7.55079	7.58212
-7.60256	7.28258
-7.55037	7.58944
-7.65706	6.99899
-7.62794	7.12725
-7.5921	7.32269
-7.67912	6.83567
-7.66819	6.86087
-7.70343	6.69433
-7.59904	7.29577
-7.58708	7.36229
-7.50505	7.81337
-7.53654	7.65816
-7.54533	7.60712
-7.54812	7.59746
-7.52909	7.64753
-7.59383	7.31697
-7.59414	7.31785
-7.59025	7.35536
-7.5053	7.83537
-7.56116	7.5292
-7.56143	7.53748
-7.57543	7.44271
-7.57486	7.42821
-7.59008	7.34741
-7.55043	7.55716
-7.58584	7.32563
-7.58741	7.35943
-7.59621	7.29811
-7.63484	7.09831
-7.62139	7.14365
-7.66321	6.92978
-7.66016	6.97399
-7.7065	6.71182
-7.72371	6.57504
-7.72313	6.57483
-7.69101	6.76829
-7.66975	6.88766
-7.68217	6.83559
-7.62691	7.1286
-7.56702	7.47305
-7.50144	7.84302
-7.53091	7.64033
-7.57179	7.38448
-7.62887	7.07415
-7.68352	6.78881
-7.65903	6.92133
-7.65632	6.93711
-7.64606	7.00383
-7.56121	7.46011
-7.618	7.1788
-7.62353	7.14172
-7.60158	7.23663
-7.56185	7.45951
-7.57412	7.40109
-7.58036	7.41174
-7.52644	7.71991
-7.56264	7.51415
-7.52332	7.71958
-7.50004	7.81108
-7.53945	7.6007
-7.59152	7.32949
-7.63852	7.09664
-7.64132	7.07713
-7.6186	7.19955
-7.57224	7.45373
-7.55705	7.56215
-7.57063	7.46472
-7.54164	7.62845
-7.61806	7.18343
-7.6169	7.1882
-7.63934	7.07561
-7.6502	7.03615
-7.56788	7.44402
-7.55013	7.53478
-7.67756	6.85736
-7.65265	6.99252
-7.53331	7.64986
-7.49276	7.87841
-7.48858	7.92414
-7.53142	7.65993
-7.45008	8.10601
-7.4551	8.0713
-7.5378	7.66161
-7.55591	7.54913
-7.57637	7.39374
-7.54652	7.5349
-7.585	7.32235
-7.52745	7.66572
-7.56926	7.42724
-7.599	7.23829
-7.65205	6.95413
-7.67662	6.8372
-7.64061	7.02925
-7.63415	7.09518
-7.72333	6.58758
-7.63376	7.05949
-7.70988	6.64548
-7.71282	6.62201
-7.69013	6.75694
-7.63144	7.07696
-7.64017	7.03792
-7.6917	6.72857
-7.58532	7.29148
-7.58402	7.31001
-7.5282	7.58074
-7.5231	7.6152
-7.55313	7.40386
-7.59403	7.20626
-7.58191	7.30878
-7.66346	6.84306
-7.6486	6.96914
-7.64238	7.00446
-7.76349	6.33398
-7.79216	6.15929
-7.75644	6.35968
-7.74992	6.38148
-7.78991	6.16262
-7.7194	6.55056
-7.66094	6.86486
-7.63935	7.00982
-7.61359	7.17301
-7.60073	7.26791
-7.53366	7.61196
-7.49003	7.83168
-7.4669	7.97991
-7.51987	7.72834
-7.58897	7.35381
-7.66016	6.97185
-7.65234	7.00888
-7.60701	7.21255
-7.60634	7.20925
-7.63239	7.09101
-7.57002	7.46854
-7.57742	7.4505
-7.55316	7.56363
-7.55599	7.54762
-7.59395	7.31095
-7.55063	7.54113
-7.51806	7.76881
-7.53985	7.66783
-7.59385	7.36196
-7.54004	7.61394
-7.51092	7.74977
-7.53206	7.63326
-7.47327	8.00245
-7.40954	8.37215
-7.50867	7.83238
-7.45935	8.08975
-7.44574	8.14455
-7.47238	7.94923
-7.57773	7.39372
-7.58802	7.33228
-7.57951	7.37972
-7.53336	7.64175
-7.49724	7.84148
-7.48929	7.87233
-7.43823	8.18878
-7.46307	8.02755
-7.47446	7.9712
-7.46912	8.02173
-7.41656	8.27456
-7.46004	8.02702
-7.47937	7.93677
-7.56077	7.47123
-7.50582	7.77878
-7.48268	7.88173
-7.51551	7.68252
-7.54244	7.55536
-7.54377	7.5139
-7.59329	7.22201
-7.56271	7.37429
-7.56275	7.4126
-7.57997	7.33903
-7.51664	7.68675
-7.49114	7.84035
-7.46668	7.9906
-7.5144	7.69704
-7.46509	7.96646
-7.46477	8.01747
-7.43625	8.2073
-7.41119	8.34938
-7.4127	8.34617
-7.40304	8.40548
-7.40238	8.38189
-7.40035	8.39393
-7.42187	8.25783
-7.48911	7.90335
-7.54961	7.56507
-7.50069	7.85292
-7.44496	8.13417
-7.47168	8.00059
-7.4548	8.09282
-7.40425	8.34738
-7.4181	8.26464
-7.41251	8.3415
-7.46778	8.05778
-7.50322	7.84942
-7.50774	7.81366
-7.50542	7.79207
-7.44572	8.12881
-7.43537	8.18058
-7.50038	7.82281
-7.57322	7.44813
-7.53465	7.6682
-7.55365	7.55369
-7.51574	7.76243
-7.45756	8.06927
-7.35942	8.59087
-7.48745	7.87556
-7.52995	7.63878
-7.49384	7.84424
-7.56622	7.49624
-7.57174	7.48298
-7.55365	7.54485
-7.53215	7.66974
-7.52148	7.72437
-7.55783	7.52882
-7.44774	8.12178
-7.50418	7.83653
-7.51374	7.75756
-7.61885	7.16216
-7.66695	6.89832
-7.60091	7.26729
-7.55466	7.49395
-7.57524	7.37999
-7.56192	7.46572
-7.6431	6.99673
-7.63832	7.04347
-7.66031	6.92579
-7.66135	6.90115
-7.64053	7.00866
-7.61871	7.15506
-7.66081	6.89825
-7.65284	6.94595
-7.61396	7.16951
-7.63535	7.07159
-7.7139	6.63621
-7.69656	6.72864
-7.57279	7.36844
-7.60685	7.17504
-7.61465	7.16435
-7.6135	7.21276
-7.66463	6.93657
-7.57448	7.4539
-7.55276	7.57001
-7.59427	7.34171
-7.56181	7.554
-7.59452	7.32601
-7.62778	7.14841
-7.66402	6.92217
-7.64082	7.03929
-7.64185	7.04272
-7.58663	7.36522
-7.57246	7.45595
-7.53995	7.61522
-7.5736	7.38677
-7.57095	7.41457
-7.56752	7.45389
-7.55517	7.49149
-7.66502	6.89831
-7.64756	6.9561
-7.61295	7.1427
-7.61066	7.17182
-7.62014	7.15171
-7.67481	6.82758
-7.66128	6.9179
-7.59319	7.3004
-7.6473	7.01034
-7.61728	7.16045
-7.60556	7.20172
-7.53615	7.5787
-7.52939	7.62547
-7.53034	7.62097
-7.6321	7.06341
-7.60363	7.17738
-7.58814	7.2866
-7.55279	7.44661
-7.56844	7.37445
-7.56413	7.38093
-7.6238	7.12053
-7.55315	7.51204
-7.51859	7.70204
-7.5741	7.34312
-7.47591	7.90914
-7.48455	7.88891
-7.43386	8.15426
-7.49724	7.78946
-7.47016	7.93149
-7.48804	7.84664
-7.52101	7.6527
-7.60427	7.22084
-7.60979	7.16939
-7.60635	7.22083
-7.62187	7.14392
-7.59154	7.33588
-7.64724	7.02546
-7.69942	6.72341
-7.72213	6.58849
-7.73113	6.52608
-7.73826	6.48952
-7.79664	6.17726
-7.77137	6.31104
-7.78514	6.23212
-7.6955	6.72514
-7.64243	7.01807
-7.57741	7.40513
-7.53165	7.65521
-7.52609	7.6584
-7.50255	7.81613
-7.42869	8.26565
-7.45595	8.10418
-7.41451	8.26686
-7.35844	8.55643
-7.43821	8.11688
-7.56271	7.41152
-7.48064	7.89351
-7.49353	7.82948
-7.48095	7.92319
-7.49608	7.86046
-7.5559	7.50878
-7.54222	7.56206
-7.55649	7.4811
-7.5546	7.49676
-7.51584	7.71367
-7.52775	7.6308
-7.46298	8.01361
-7.37435	8.48031
-7.45992	8.02159
-7.52918	7.67916
-7.45929	8.06185
-7.50999	7.78187
-7.51096	7.78542
-7.57701	7.39876
-7.48309	7.91101
-7.47704	7.98243
-7.49388	7.90429
-7.55011	7.55977
-7.63627	7.07535
-7.66743	6.89895
-7.6344	7.09375
-7.62129	7.15489
-7.6855	6.83277
-7.67949	6.84354
-7.66018	6.91564
-7.76876	6.31891
-7.70363	6.65756
-7.74412	6.47517
-7.7676	6.36877
-7.67075	6.90592
-7.65211	7.00187
-7.61565	7.18878
-7.62953	7.10462
-7.61759	7.1926
-7.63521	7.07466
-7.63067	7.09018
-7.63653	7.08823
-7.61166	7.23176
-7.64299	7.09077
-7.67179	6.9187
-7.7092	6.71462
-7.74326	6.53248
-7.77645	6.31982
-7.70765	6.67396
-7.74812	6.45413
-7.75303	6.41213
-7.76211	6.33745
-7.67317	6.85018
-7.67632	6.80419
-7.66644	6.87094
-7.69987	6.68685
-7.68098	6.81064
-7.66469	6.86898
-7.6026	7.23807
-7.55121	7.529
-7.62172	7.11821
-7.66257	6.92514
-7.60763	7.23676
-7.59704	7.28607
-7.57816	7.40275
-7.68113	6.83387
-7.69663	6.75334
-7.60583	7.23807
-7.6033	7.23478
-7.63197	7.05889
-7.56359	7.48369
-7.68424	6.80265
-7.65531	6.98089
-7.73542	6.5108
-7.69398	6.74907
-7.69435	6.7383
-7.70043	6.67854
-7.69086	6.71347
-7.68696	6.72451
-7.70847	6.62959
-7.68384	6.74896
-7.57246	7.35982
-7.55367	7.47971
-7.64383	6.97192
-7.67376	6.82336
-7.6595	6.93251
-7.67812	6.83531
-7.72419	6.57054
-7.71101	6.65311
-7.70775	6.66814
-7.63243	7.05279
-7.63367	7.07082
-7.68392	6.78094
-7.70919	6.63552
-7.65684	6.9522
-7.67156	6.87496
-7.70621	6.66327
-7.73237	6.49704
-7.6756	6.79514
-7.55639	7.5095
-7.64669	6.99128
-7.61476	7.15997
-7.68728	6.76149
-7.58377	7.33917
-7.63774	7.03639
-7.61185	7.17888
-7.63898	7.01991
-7.67456	6.84491
-7.65019	6.97409
-7.7169	6.62813
-7.69339	6.76601
-7.70719	6.68814
-7.74284	6.48419
-7.67823	6.8099
-7.78431	6.2304
-7.74146	6.46294
-7.68736	6.78479
-7.66963	6.88397
-7.61596	7.16215
-7.62312	7.16462
-7.68696	6.81927
-7.68497	6.82545
-7.65062	7.00729
-7.64526	7.0338
-7.63248	7.10575
-7.65539	6.95885
-7.55719	7.52114
-7.60314	7.24978
-7.64936	6.97678
-7.70701	6.65373
-7.63936	7.04866
-7.58579	7.32725
-7.61077	7.20715
-7.63495	7.05619
-7.59852	7.2422
-7.6063	7.22376
-7.61395	7.19665
-7.61224	7.22503
-7.62608	7.1317
-7.60876	7.24185
-7.59926	7.27161
-7.57486	7.39179
-7.51829	7.68039
-7.58461	7.35082
-7.51236	7.7404
-7.49898	7.77148
-7.44649	8.05493
-7.50882	7.74465
-7.52763	7.66505
-7.588	7.31956
-7.59163	7.28203
-7.55612	7.48468
-7.62614	7.07925
-7.59513	7.26121
-7.64449	7.00852
-7.67404	6.84287
-7.58304	7.37348
-7.61428	7.1906
-7.50455	7.79256
-7.53246	7.62299
-7.56939	7.41413
-7.61175	7.20667
-7.56021	7.46346
-7.51707	7.73838
-7.5376	7.59154
-7.52091	7.6615
-7.50033	7.79993
-7.5102	7.72161
-7.49075	7.79788
-7.50961	7.702
-7.49753	7.77367
-7.52125	7.65161
-7.48733	7.84747
-7.4244	8.1747
-7.44908	8.11233
-7.44074	8.19254
-7.42277	8.24804
-7.42955	8.25298
-7.54641	7.58242
-7.61342	7.23609
-7.59787	7.32073
-7.5719	7.43295
-7.60976	7.21725
-7.61149	7.19584
-7.57855	7.35875
-7.54435	7.57064
-7.52252	7.70453
-7.51972	7.73552
-7.46738	7.99847
-7.34971	8.6856
-7.34112	8.70678
-7.30149	8.88709
-7.37493	8.51221
-7.43814	8.14575
-7.5133	7.72688
-7.5686	7.43076
-7.52328	7.69524
-7.55768	7.47316
-7.55376	7.48867
-7.51834	7.69796
-7.60435	7.21983
-7.59623	7.23035
-7.55875	7.47212
-7.61078	7.18424
-7.63237	7.10359
-7.58783	7.3375
-7.56172	7.45493
-7.58934	7.31376
-7.58212	7.33449
-7.65321	6.9769
-7.56521	7.44327
-7.5623	7.435
-7.56712	7.44568
-7.67945	6.81477
-7.63478	7.07622
-7.58346	7.37446
-7.50843	7.80289
-7.50021	7.84377
-7.52552	7.66857
-7.49971	7.8134
-7.51497	7.69272
-7.55126	7.51478
-7.55642	7.50957
-7.58062	7.39793
-7.60351	7.25163
-7.57286	7.4078
-7.59688	7.29929
-7.5637	7.42454
-7.57093	7.37803
-7.52233	7.67449
-7.51669	7.71475
-7.52517	7.69244
-7.54766	7.59387
-7.48741	7.91374
-7.43827	8.16097
-7.45971	8.022
-7.43917	8.12545
-7.46484	7.99435
-7.50713	7.74664
-7.53202	7.63159
-7.62027	7.12832
-7.66031	6.90847
-7.6009	7.25178
-7.46632	8.01701
-7.56879	7.45512
-7.55143	7.55594
-7.49019	7.89146
-7.56196	7.48038
-7.6614	6.92047
-7.69784	6.72382
-7.70925	6.63326
-7.78143	6.24345
-7.695	6.75587
-7.69181	6.77977
-7.63565	7.08181
-7.63192	7.12551
-7.53985	7.62042
-7.56162	7.48109
-7.48032	8.00286
-7.56849	7.48457
-7.5713	7.44395
-7.50807	7.79978
-7.50587	7.81113
-7.52013	7.73098
-7.40131	8.41112
-7.47209	7.99022
-7.55763	7.4988
-7.49702	7.83674
-7.38363	8.49684
-7.46951	8.01877
-7.49555	7.88725
-7.36805	8.53815
-7.41532	8.2955
-7.46772	8.00689
-7.45091	8.09509
-7.46411	8.02569
-7.39894	8.38453
-7.46653	8.01665
-7.50484	7.81476
-7.46337	8.04235
-7.52583	7.67494
-7.54512	7.56192
-7.492	7.80886
-7.51411	7.70628
-7.48606	7.89942
-7.55711	7.46767
-7.54199	7.55162
-7.5282	7.62929
-7.55058	7.54821
-7.55273	7.53216
-7.57865	7.3891
-7.50583	7.7861
-7.43193	8.18956
-7.44395	8.12723
-7.44232	8.12809
-7.49059	7.8618
-7.48231	7.89134
-7.57016	7.41135
-7.61093	7.17642
-7.68872	6.73467
-7.64676	6.98545
-7.58195	7.34996
-7.58301	7.37942
-7.63018	7.147
-7.54563	7.60364
-7.52103	7.73123
-7.52224	7.74529
-7.46347	8.05722
-7.5221	7.72579
-7.56548	7.49416
-7.51895	7.73225
-7.47899	7.94353
-7.4924	7.85991
-7.48692	7.89015
-7.50981	7.77039
-7.50861	7.79584
-7.62538	7.10251
-7.63143	7.07293
-7.61315	7.21348
-7.69435	6.77592
-7.73594	6.53744
-7.72161	6.60922
-7.74799	6.45913
-7.61977	7.13888
-7.60572	7.23552
-7.58852	7.34032
-7.6462	6.97555
-7.68427	6.78935
-7.61089	7.17798
-7.54618	7.56431
-7.46074	8.03445
-7.4571	8.08773
-7.51752	7.75615
-7.51376	7.80032
-7.52173	7.73294
-7.50954	7.79489
-7.53617	7.65942
-7.59033	7.35216
-7.55003	7.58492
-7.62786	7.16684
-7.65416	6.98743
-7.61777	7.17242
-7.63669	7.05691
-7.60152	7.23125
-7.62455	7.10278
-7.64089	7.01996
-7.64184	6.99992
-7.63051	7.10526
-7.59194	7.3058
-7.61268	7.23217
-7.60773	7.27241
-7.55422	7.55556
-7.59104	7.33969
-7.58881	7.31088
-7.55439	7.50258
-7.53933	7.60936
-7.61406	7.19398
-7.56525	7.46344
-7.48388	7.91565
-7.48633	7.9074
-7.51748	7.70626
-7.58302	7.35882
-7.6407	7.06284
-7.58468	7.34198
-7.61216	7.1784
-7.69716	6.76509
-7.64264	7.04105
-7.62208	7.12683
-7.66119	6.90581
-7.64323	7.0043
-7.66796	6.86306
-7.6297	7.07921
-7.7022	6.68725
-7.72603	6.54989
-7.73281	6.52089
-7.68215	6.81644
-7.73193	6.52985
-7.76295	6.36186
-7.75481	6.4219
-7.753	6.42877
-7.77886	6.27004
-7.7123	6.59549
-7.72108	6.57906
-7.68114	6.83905
-7.6169	7.17977
-7.58521	7.3488
-7.59909	7.30076
-7.59541	7.2905
-7.61954	7.12692
-7.5924	7.30833
-7.5851	7.37074
-7.56368	7.44002
-7.61337	7.1753
-7.56957	7.4075
-7.48262	7.91675
-7.45569	8.05455
-7.46192	8.04167
-7.53166	7.62452
-7.60942	7.21337
-7.64309	7.02892
-7.62475	7.14635
-7.71472	6.6315
-7.68849	6.79497
-7.67229	6.84124
-7.63542	7.00969
-7.56654	7.40342
-7.55943	7.43868
-7.58019	7.3162
-7.61965	7.09833
-7.61151	7.16634
-7.59427	7.26814
-7.60286	7.22973
-7.61627	7.16415
-7.58563	7.35471
-7.53091	7.61746
-7.52732	7.61749
-7.4969	7.79966
-7.43486	8.12016
-7.4011	8.34742
-7.47014	7.95435
-7.44477	8.13216
-7.51926	7.72644
-7.55699	7.51387
-7.54175	7.57415
-7.54351	7.57359
-7.65036	6.99854
-7.63819	7.07293
-7.58381	7.35828
-7.58493	7.34847
-7.48691	7.90679
-7.54978	7.49917
-7.55256	7.47222
-7.59997	7.1997
-7.51419	7.70277
-7.44505	8.09669
-7.52222	7.70886
-7.50368	7.82129
-7.47491	7.97462
-7.43841	8.17281
-7.544	7.54321
-7.52018	7.65066
-7.52982	7.61777
-7.49165	7.82104
-7.4779	7.9362
-7.54108	7.57921
-7.59365	7.29367
-7.50622	7.78846
-7.51711	7.735
-7.61212	7.21064
-7.5901	7.30884
-7.58063	7.34253
-7.62422	7.1209
-7.58394	7.35106
-7.61888	7.16825
-7.62413	7.11542
-7.62478	7.10745
-7.65883	6.91462
-7.59276	7.31166
-7.51292	7.7544
-7.50623	7.76092
-7.4853	7.89292
-7.52911	7.64184
-7.56368	7.45253
-7.57479	7.38176
-7.5835	7.33147
-7.54801	7.52531
-7.50003	7.79458
-7.53396	7.59391
-7.57909	7.35863
-7.59359	7.27358
-7.59092	7.29942
-7.58293	7.33408
-7.54187	7.60342
-7.48237	7.91969
-7.60806	7.22624
-7.59027	7.31496
-7.61924	7.11566
-7.66263	6.84899
-7.65265	6.91504
-7.67481	6.85515
-7.63983	7.02667
-7.68132	6.79316
-7.71781	6.60265
-7.71811	6.60995
-7.69273	6.78124
-7.60127	7.28394
-7.6223	7.18147
-7.64018	7.08227
-7.63463	7.09084
-7.55443	7.50455
-7.47577	7.94549
-7.37978	8.47291
-7.48154	7.89304
-7.5449	7.5614
-7.59616	7.26421
-7.52161	7.68099
-7.4816	7.87195
-7.50892	7.75834
-7.57564	7.41012
-7.54914	7.56296
-7.55405	7.54309
-7.43975	8.18792
-7.3958	8.43314
-7.46226	8.07847
-7.46039	8.09973
-7.45028	8.14321
-7.47828	7.99335
-7.53745	7.67824
-7.53951	7.66406
-7.58882	7.36034
-7.62216	7.16521
-7.5641	7.46661
-7.56773	7.46319
-7.581	7.36924
-7.54457	7.60036
-7.51599	7.74507
-7.53948	7.61292
-7.57105	7.47026
-7.56705	7.47863
-7.61629	7.17184
-7.59618	7.2862
-7.61139	7.17681
-7.5787	7.35179
-7.58724	7.35521
-7.66008	6.94116
-7.66325	6.89681
-7.54227	7.57725
-7.59749	7.24568
-7.58476	7.35235
-7.5499	7.54117
-7.58888	7.31735
-7.62975	7.09896
-7.63823	7.05088
-7.62518	7.09953
-7.69468	6.73346
-7.69894	6.74134
-7.71636	6.62772
-7.69336	6.74006
-7.63953	7.04267
-7.65669	6.95838
-7.60177	7.28844
-7.69458	6.7474
-7.71249	6.63995
-7.68494	6.82101
-7.62711	7.15055
-7.60322	7.29352
-7.57212	7.43883
-7.61687	7.22973
-7.5876	7.37258
-7.59686	7.30582
-7.59275	7.34353
-7.55246	7.56296
-7.58833	7.39505
-7.63586	7.14829
-7.64119	7.09206
-7.59669	7.3915
-7.58123	7.4805
-7.52194	7.79973
-7.59933	7.32206
-7.59911	7.3185
-7.65208	6.99114
-7.66029	6.93146
-7.6722	6.86886
-7.56372	7.46205
-7.56398	7.48512
-7.53957	7.64644
-7.55069	7.59475
-7.44752	8.15915
-7.45849	8.10235
-7.42803	8.27937
-7.51881	7.78091
-7.54594	7.6163
-7.48782	7.93273
-7.48039	7.9828
-7.48725	7.93081
-7.53229	7.62396
-7.55504	7.48114
-7.53591	7.6049
-7.52819	7.64781
-7.50196	7.80349
-7.56897	7.42283
-7.58959	7.31905
-7.57774	7.36936
-7.59475	7.2803
-7.58852	7.29437
-7.60332	7.20498
-7.60478	7.19482
-7.63841	7.01101
-7.6299	7.08255
-7.57563	7.3934
-7.55354	7.52592
-7.64798	6.9767
-7.60628	7.20986
-7.58591	7.28763
-7.60323	7.21972
-7.59322	7.29047
-7.62378	7.16187
-7.55667	7.5153
-7.50592	7.76563
-7.54575	7.53946
-7.46882	7.97752
-7.51266	7.74815
-7.5076	7.76004
-7.60246	7.22114
-7.66965	6.87791
-7.63002	7.1039
-7.59461	7.31558
-7.52002	7.72636
-7.56083	7.50405
-7.51781	7.72532
-7.61345	7.17669
-7.61578	7.17127
-7.51117	7.74313
-7.53329	7.62515
-7.47789	7.92692
-7.45756	8.08496
-7.47593	7.98602
-7.55798	7.53413
-7.57222	7.48363
-7.61269	7.2354
-7.50202	7.84413
-7.50822	7.853
-7.48151	7.97709
-7.44061	8.21155
-7.47876	7.97409
-7.48389	7.95821
-7.55091	7.56841
-7.60288	7.2636
-7.57108	7.42481
-7.59985	7.25634
-7.61677	7.15826
-7.61908	7.17663
-7.62339	7.15876
-7.54594	7.5981
-7.62832	7.11285
-7.6649	6.9226
-7.62746	7.13841
-7.63723	7.06487
-7.6148	7.18443
-7.61908	7.17851
-7.53146	7.63595
-7.48727	7.85317
-7.50563	7.74735
-7.56089	7.46195
-7.5692	7.41501
-7.57168	7.39579
-7.57719	7.41147
-7.58234	7.38307
-7.54716	7.57513
-7.60886	7.18909
-7.6546	6.95467
-7.58335	7.38207
-7.62567	7.14255
-7.61286	7.22529
-7.63125	7.11664
-7.66789	6.92396
-7.70588	6.69352
-7.70284	6.72242
-7.70497	6.68908
-7.59028	7.31171
-7.62846	7.11162
-7.65345	6.9619
-7.74417	6.45634
-7.77722	6.29765
-7.7384	6.48409
-7.69505	6.72946
-7.67873	6.81188
-7.65789	6.94677
-7.74426	6.47998
-7.75613	6.40288
-7.77988	6.27978
-7.7563	6.39079
-7.73895	6.50186
-7.74901	6.46866
-7.70507	6.70485
-7.67983	6.81821
-7.65948	6.91069
-7.63669	7.07965
-7.62209	7.14809
-7.60886	7.21515
-7.65433	6.98475
-7.66263	6.93449
-7.62114	7.1639
-7.66627	6.91193
-7.66865	6.88536
-7.64315	7.04309
-7.57246	7.4292
-7.50895	7.80417
-7.54935	7.5177
-7.66992	6.85285
-7.72999	6.54021
-7.78422	6.24109
-7.76555	6.35057
-7.72834	6.57031
-7.77315	6.30355
-7.75655	6.41298
-7.66642	6.90268
-7.67783	6.82039
-7.62843	7.08325
-7.60068	7.22534
-7.60161	7.25387
-7.63524	7.08859
-7.59462	7.26374
-7.55924	7.46587
-7.52931	7.65621
-7.42437	8.21606
-7.46749	7.99429
-7.60902	7.22253
-7.60495	7.25673
-7.66168	6.92508
-7.69482	6.74008
-7.66055	6.90563
-7.66597	6.88131
-7.69178	6.75263
-7.71029	6.61893
-7.64889	6.98015
-7.57257	7.43121
-7.52788	7.69799
-7.51861	7.73015
-7.52327	7.67024
-7.57291	7.37686
-7.51226	7.72243
-7.53298	7.64091
-7.5174	7.71152
-7.55129	7.50816
-7.50088	7.80344
-7.51964	7.68237
-7.59667	7.26391
-7.58686	7.32774
-7.60222	7.23844
-7.59812	7.24297
-7.50627	7.73406
-7.45917	8.01229
-7.49421	7.82959
-7.41426	8.28087
-7.33988	8.65906
-7.36401	8.51448
-7.44339	8.07633
-7.43455	8.12171
-7.46523	7.98729
-7.48848	7.86661
-7.50098	7.8085
-7.54214	7.57555
-7.57528	7.396
-7.62738	7.12169
-7.66799	6.92186
-7.66276	6.93003
-7.54657	7.58689
-7.48314	7.93856
-7.50698	7.80422
-7.56995	7.44166
-7.5524	7.53133
-7.49555	7.82971
-7.55942	7.46188
-7.5557	7.48338
-7.54272	7.56197
-7.59914	7.22682
-7.56379	7.43205
-7.57371	7.38777
-7.69344	6.73701
-7.68768	6.76724
-7.72636	6.56261
-7.70213	6.71381
-7.6739	6.84707
-7.66907	6.87391
-7.676	6.86522
-7.73222	6.55895
-7.75026	6.47699
-7.75041	6.49313
-7.79253	6.24054
-7.62286	7.19091
-7.54516	7.65443
-7.5978	7.34051
-7.53429	7.66573
-7.45562	8.09509
-7.6325	7.10306
-7.68486	6.8189
-7.76952	6.34524
-7.70096	6.71303
-7.67167	6.8915
-7.69082	6.78598
-7.63334	7.12447
-7.62655	7.15152
-7.6372	7.0689
-7.63191	7.08616
-7.64016	7.03722
-7.63434	7.047
-7.66416	6.93143
-7.66595	6.89915
-7.61594	7.16165
-7.55707	7.52697
-7.525	7.68347
-7.54544	7.58181
-7.54937	7.54057
-7.52716	7.67002
-7.58446	7.35517
-7.59258	7.34537
-7.67835	6.85479
-7.70679	6.68278
-7.6911	6.75792
-7.75666	6.40161
-7.74985	6.4135
-7.79573	6.16712
-7.73241	6.55279
-7.67795	6.82297
-7.66594	6.8832
-7.62139	7.11211
-7.66165	6.90475
-7.68006	6.7963
-7.72654	6.52929
-7.70574	6.6522
-7.69961	6.71192
-7.6554	6.98345
-7.72179	6.59891
-7.69699	6.70878
-7.69623	6.73455
-7.59194	7.32272
-7.59896	7.25122
-7.62806	7.10291
-7.60426	7.24704
-7.57647	7.44852
-7.58229	7.39395
-7.61711	7.16502
-7.6355	7.06659
-7.679	6.81992
-7.69065	6.75698
-7.68546	6.7576
-7.66945	6.84279
-7.61799	7.15474
-7.6554	6.92537
-7.63743	7.04064
-7.63172	7.09763
-7.66808	6.88746
-7.62371	7.12675
-7.54719	7.56914
-7.60719	7.25714
-7.60523	7.24407
-7.62207	7.14262
-7.6472	6.96478
-7.61547	7.17813
-7.56924	7.45818
-7.65343	6.99303
-7.66981	6.88519
-7.60617	7.18958
-7.67732	6.80706
-7.62734	7.08288
-7.69624	6.7221
-7.68112	6.76751
-7.70615	6.63249
-7.79176	6.14696
-7.7309	6.4996
-7.70712	6.63714
-7.64479	7.00074
-7.66485	6.89534
-7.66939	6.88185
-7.69015	6.72789
-7.7003	6.67785
-7.63823	7.08214
-7.56254	7.46894
-7.57529	7.41115
-7.65284	6.96938
-7.63821	7.01065
-7.60819	7.18918
-7.65211	6.96163
-7.64081	7.05435
-7.68364	6.81747
-7.58301	7.40275
-7.60691	7.25642
-7.5808	7.41796
-7.66324	6.93588
-7.70101	6.69458
-7.65162	6.97309
-7.69892	6.72584
-7.66748	6.93536
-7.58321	7.37697
-7.6589	6.98327
-7.58998	7.33702
-7.53859	7.65718
-7.50125	7.8358
-7.55456	7.52775
-7.5164	7.73284
-7.52197	7.72104
-7.58881	7.36314
-7.57997	7.4212
-7.52514	7.72362
-7.52672	7.69457
-7.54954	7.55473
-7.6615	6.96884
-7.63585	7.09737
-7.59851	7.29803
-7.54686	7.54194
-7.56452	7.47894
-7.57204	7.403
-7.62415	7.12961
-7.61619	7.16781
-7.59856	7.25066
-7.63784	7.02819
-7.66533	6.85926
-7.67732	6.82068
-7.62937	7.08682
-7.59322	7.31562
-7.47076	7.97915
-7.46644	7.9929
-7.48911	7.87659
-7.49828	7.84967
-7.57256	7.45134
-7.51878	7.71614
-7.5465	7.57933
-7.53925	7.58905
-7.60985	7.23919
-7.58001	7.39356
-7.54766	7.57409
-7.5351	7.63686
-7.58253	7.36927
-7.53504	7.63303
-7.65188	6.9987
-7.61891	7.16635
-7.58088	7.4078
-7.58542	7.35771
-7.55171	7.53265
-7.58992	7.33938
-7.56371	7.45358
-7.58678	7.312
-7.57989	7.3388
-7.58364	7.29749
-7.55974	7.45027
-7.60096	7.19799
-7.49753	7.78961
-7.53439	7.62722
-7.62904	7.12416
-7.64177	7.02271
-7.67944	6.82846
-7.62908	7.11055
-7.55094	7.54872
-7.46831	8.01283
-7.43733	8.17705
-7.44349	8.14969
-7.40643	8.3567
-7.3594	8.54501
-7.42732	8.20158
-7.44772	8.09767
-7.50292	7.77245
-7.46569	7.96917
-7.46106	7.9701
-7.42806	8.17852
-7.47205	7.93603
-7.48739	7.86951
-7.53524	7.59579
-7.52338	7.66328
-7.49807	7.85279
-7.45966	8.06973
-7.46988	8.01655
-7.5387	7.63471
-7.53571	7.64413
-7.43055	8.21974
-7.48292	7.95796
-7.50853	7.80376
-7.51	7.80565
-7.5232	7.70441
-7.49	7.86011
-7.54702	7.57388
-7.63658	7.10879
-7.6499	7.04087
-7.63663	7.07649
-7.64102	7.02194
-7.68032	6.79426
-7.66718	6.86446
-7.68644	6.76617
-7.68836	6.78793
-7.67457	6.84993
-7.58998	7.32514
-7.57743	7.39312
-7.58122	7.37568
-7.64867	7.01504
-7.69532	6.75921
-7.62114	7.19009
-7.59614	7.3244
-7.5714	7.47249
-7.53055	7.70165
-7.59569	7.32051
-7.62389	7.17605
-7.56445	7.54318
-7.57922	7.44604
-7.62269	7.19389
-7.67608	6.87415
-7.71545	6.61237
-7.78066	6.2204
-7.80024	6.11157
-7.78468	6.20408
-7.73939	6.48642
-7.72204	6.57155
-7.68253	6.78467
-7.73434	6.54041
-7.71864	6.63387
-7.72081	6.59744
-7.69717	6.75176
-7.6667	6.94298
-7.72187	6.64805
-7.73328	6.56083
-7.65019	7.02896
-7.64788	7.04895
-7.5692	7.4672
-7.64433	7.03197
-7.68739	6.76206
-7.73826	6.46249
-7.7355	6.47332
-7.66083	6.9253
-7.58896	7.34294
-7.61372	7.21548
-7.6065	7.22411
-7.55631	7.51937
-7.56496	7.46525
-7.5476	7.60157
-7.58374	7.36213
-7.57314	7.42936
-7.54323	7.58292
-7.45747	8.03192
-7.46309	7.98728
-7.67459	6.82134
-7.64133	7.03443
-7.71388	6.61784
-7.68324	6.7605
-7.65309	6.9271
-7.58698	7.30176
-7.60617	7.18179
-7.63238	7.06256
-7.61974	7.11211
-7.62176	7.12431
-7.60138	7.23486
-7.55376	7.50724
-7.59784	7.28361
-7.52976	7.65868
-7.52183	7.66641
-7.53382	7.6153
-7.5506	7.5289
-7.6219	7.16105
-7.5848	7.39197
-7.70302	6.72808
-7.72336	6.62591
-7.71502	6.64043
-7.6898	6.78959
-7.62294	7.14805
-7.53503	7.65786
-7.52761	7.71743
-7.57124	7.43233
-7.49315	7.89199
-7.48397	7.92826
-7.51056	7.77778
-7.5151	7.70449
-7.49244	7.88025
-7.50133	7.81016
-7.543	7.538
-7.50891	7.76093
-7.48612	7.88026
-7.51365	7.71809
-7.48589	7.93438
-7.47653	7.98767
-7.52365	7.69731
-7.4762	7.94165
-7.44633	8.10629
-7.5466	7.57126
-7.49878	7.85682
-7.46517	8.03889
-7.46551	8.0308
-7.563	7.5141
-7.51637	7.77419
-7.59269	7.34921
-7.56732	7.51884
-7.51367	7.78342
-7.51119	7.78686
-7.46375	8.00471
-7.44856	8.09412
-7.45874	8.02936
-7.40301	8.33387
-7.41261	8.30065
-7.42936	8.22182
-7.39782	8.41316
-7.4251	8.28059
-7.52109	7.77611
-7.47205	8.02371
-7.44053	8.18452
-7.42712	8.26151
-7.42298	8.27588
-7.35416	8.64659
-7.38796	8.43478
-7.34121	8.67387
-7.52302	7.68222
-7.51803	7.71941
-7.53012	7.67862
-7.5196	7.72661
-7.59481	7.30422
-7.64911	7.0181
-7.66778	6.91718
-7.64224	7.03005
-7.6857	6.80952
-7.66992	6.88499
-7.67964	6.80737
-7.70544	6.68186
-7.60981	7.19261
-7.60098	7.25029
-7.58476	7.31638
-7.62393	7.07047
-7.71814	6.55209
-7.63507	7.0014
-7.55666	7.4376
-7.59258	7.27441
-7.59051	7.26456
-7.60438	7.23627
-7.65661	6.92799
-7.56535	7.41746
-7.5579	7.48818
-7.5925	7.28678
-7.63359	7.07103
-7.68137	6.81368
-7.66987	6.87079
-7.66011	6.9187
-7.61149	7.19536
-7.63419	7.04281
-7.65061	6.96626
-7.60366	7.23465
-7.63922	7.05692
-7.54917	7.56125
-7.49274	7.86118
-7.50751	7.77703
-7.51555	7.75151
-7.5848	7.35804
-7.56832	7.42561
-7.52194	7.64558
-7.4901	7.81193
-7.53758	7.59998
-7.55309	7.50623
-7.54982	7.56207
-7.46332	8.03075
-7.45814	8.04447
-7.49946	7.78176
-7.50125	7.81374
-7.55896	7.50907
-7.58093	7.38925
-7.60558	7.26858
-7.5584	7.49511
-7.56563	7.49411
-7.57785	7.41834
-7.48353	7.93742
-7.45597	8.04826
-7.39925	8.35867
-7.5125	7.71196
-7.42566	8.20719
-7.35152	8.57429
-7.38592	8.37932
-7.4755	7.88815
-7.49705	7.78533
-7.51548	7.7124
-7.56433	7.41662
-7.55582	7.50363
-7.52637	7.6359
-7.42942	8.20008
-7.27704	9.0519
-7.33929	8.71023
-7.46707	8.01048
-7.49546	7.82676
-7.52707	7.70975
-7.46315	8.07984
-7.48494	7.94348
-7.51549	7.80148
-7.47855	8.00015
-7.42989	8.25008
-7.47822	7.96757
-7.51808	7.74029
-7.5886	7.3403
-7.61259	7.19617
-7.57974	7.37589
-7.56328	7.4801
-7.55179	7.52996
-7.56308	7.47055
-7.5077	7.78589
-7.50068	7.81333
-7.53891	7.58378
-7.49624	7.82998
-7.52464	7.68964
-7.57325	7.39902
-7.58641	7.36032
-7.64365	7.0516
-7.5258	7.66035
-7.53419	7.64405
-7.53803	7.64776
-7.6475	7.04257
-7.65282	7.02112
-7.60153	7.2954
-7.64722	7.01795
-7.56716	7.47248
-7.5566	7.52944
-7.52828	7.6942
-7.60687	7.24902
-7.61391	7.18758
-7.60559	7.22661
-7.68345	6.803
-7.59319	7.29712
-7.65266	6.95772
-7.66207	6.89829
-7.7129	6.62409
-7.68827	6.79904
-7.68607	6.79181
-7.64289	7.02372
-7.62321	7.15104
-7.62049	7.17707
-7.62611	7.11688
-7.64901	6.99025
-7.67333	6.8147
-7.67598	6.81606
-7.62998	7.07319
-7.60858	7.20048
-7.64011	7.04708
-7.64794	7.00985
-7.58335	7.35082
-7.56471	7.43285
-7.56219	7.47503
-7.55278	7.51563
-7.55965	7.48585
-7.51455	7.77679
-7.53878	7.62045
-7.49338	7.88447
-7.522	7.70842
-7.5713	7.4307
-7.58241	7.38192
-7.60678	7.21644
-7.6342	7.06949
-7.61007	7.19781
-7.60433	7.2221
-7.57581	7.39738
-7.59134	7.30808
-7.58568	7.34794
-7.65284	6.97147
-7.59876	7.24945
-7.53706	7.58332
-7.65726	6.93103
-7.68742	6.76708
-7.65602	6.95043
-7.6547	6.95697
-7.66284	6.92761
-7.65314	6.94583
-7.6474	6.95307
-7.67508	6.81926
-7.72874	6.54329
-7.64797	6.99706
-7.57826	7.39274
-7.56571	7.48837
-7.54096	7.6186
-7.64344	7.03957
-7.62492	7.16961
-7.61387	7.224
-7.66594	6.92068
-7.71919	6.63537
-7.72155	6.63379
-7.70538	6.72658
-7.6984	6.76405
-7.69542	6.77974
-7.69346	6.80105
-7.72181	6.62189
-7.79352	6.23338
-7.69812	6.72824
-7.66052	6.93827
-7.69989	6.72458
-7.6842	6.836
-7.61744	7.18742
-7.66414	6.91126
-7.69772	6.69148
-7.76523	6.29932
-7.78595	6.19997
-7.69794	6.71698
-7.67824	6.81256
-7.68213	6.80857
-7.71097	6.6592
-7.72061	6.62545
-7.74807	6.46991
-7.72975	6.53534
-7.63966	7.05613
-7.68683	6.79319
-7.62895	7.1223
-7.67221	6.87218
-7.68465	6.81713
-7.64253	7.00656
-7.64927	6.96604
-7.70021	6.71404
-7.70319	6.68155
-7.76557	6.33426
-7.82718	5.99292
-7.80705	6.12227
-7.76824	6.33327
-7.82088	6.04789
-7.80657	6.11589
-7.64638	6.98306
-7.66162	6.93778
-7.6412	7.00525
-7.58787	7.31111
-7.65967	6.91048
-7.67202	6.83715
-7.76047	6.38602
-7.74039	6.51914
-7.80192	6.16658
-7.77508	6.31941
-7.71327	6.6843
-7.69985	6.72473
-7.71504	6.63688
-7.70691	6.69109
-7.71872	6.64587
-7.68422	6.84343
-7.71685	6.66946
-7.69637	6.79744
-7.67147	6.90457
-7.61816	7.19847
-7.54275	7.56231
-7.55156	7.50218
-7.53309	7.62442
-7.56042	7.51073
-7.543	7.57397
-7.56479	7.45889
-7.52133	7.71293
-7.57502	7.40312
-7.47764	7.94876
-7.56677	7.45713
-7.52803	7.68898
-7.57779	7.43327
-7.59816	7.29958
-7.58917	7.38328
-7.54783	7.58317
-7.55033	7.58362
-7.64659	6.99693
-7.57202	7.36402
-7.66523	6.87828
-7.61948	7.12198
-7.66109	6.89838
-7.68484	6.80617
-7.63016	7.11436
-7.56981	7.4053
-7.57985	7.35714
-7.60045	7.24102
-7.59974	7.26761
-7.53895	7.62226
-7.52605	7.69984
-7.58922	7.32919
-7.56721	7.42704
-7.56654	7.43928
-7.49886	7.78289
-7.47653	7.91942
-7.49181	7.83032
-7.51068	7.74122
-7.58246	7.3798
-7.57325	7.43296
-7.57266	7.4154
-7.6542	6.9769
-7.67741	6.82136
-7.72865	6.58734
-7.73927	6.51104
-7.73626	6.5229
-7.72127	6.57049
-7.72887	6.51436
-7.77485	6.27082
-7.72369	6.5726
-7.56048	7.4761
-7.55932	7.47787
-7.5155	7.73352
-7.47863	7.9517
-7.50317	7.8085
-7.55474	7.52966
-7.5302	7.6734
-7.58018	7.38905
-7.58626	7.35697
-7.65019	7.03272
-7.60921	7.2365
-7.62349	7.18818
-7.61393	7.22153
-7.59925	7.29302
-7.68322	6.82793
-7.58528	7.34317
-7.57289	7.37662
-7.56235	7.44416
-7.52383	7.65676
-7.62103	7.15955
-7.5843	7.37737
-7.67404	6.88239
-7.61766	7.19389
-7.56859	7.45854
-7.63677	7.09258
-7.64664	7.05492
-7.53133	7.69745
-7.47612	8.0037
-7.54979	7.59722
-7.52999	7.68499
-7.5712	7.45607
-7.52377	7.69186
-7.47276	7.98147
-7.49429	7.89398
-7.44644	8.15818
-7.47958	7.92821
-7.50234	7.76937
-7.51556	7.70592
-7.44366	8.14005
-7.40741	8.33034
-7.43927	8.14115
-7.37563	8.50755
-7.44506	8.15157
-7.47078	7.95875
-7.42414	8.21098
-7.37755	8.48683
-7.36095	8.57445
-7.4798	7.9047
-7.51206	7.72556
-7.53537	7.62505
-7.5298	7.6646
-7.58761	7.31981
-7.60646	7.20724
-7.51006	7.74722
-7.50354	7.7632
-7.51965	7.68816
-7.47784	7.91135
-7.54496	7.56886
-7.61292	7.19258
-7.68372	6.82219
-7.69517	6.73109
-7.62453	7.13314
-7.71012	6.65559
-7.60157	7.24745
-7.60388	7.22619
-7.58218	7.32258
-7.5011	7.75459
-7.51722	7.65327
-7.49252	7.83035
-7.47773	7.93435
-7.50271	7.82315
-7.57516	7.45151
-7.56882	7.50407
-7.56903	7.51977
-7.55835	7.55328
-7.51501	7.79517
-7.59206	7.30455
-7.63679	7.03976
-7.57957	7.3855
-7.54326	7.5734
-7.63643	7.06635
-7.59414	7.30007
-7.54627	7.53593
-7.607	7.21727
-7.59303	7.28514
-7.60415	7.23934
-7.61053	7.20656
-7.61758	7.20222
-7.57649	7.44562
-7.53065	7.70885
-7.54239	7.66662
-7.56994	7.49629
-7.59463	7.32765
-7.63724	7.0878
-7.62648	7.12598
-7.633	7.10283
-7.5254	7.67534
-7.65588	6.97203
-7.68383	6.82028
-7.69582	6.73009
-7.66133	6.91682
-7.6358	7.0518
-7.62816	7.10982
-7.69227	6.7163
-7.74724	6.4215
-7.65082	6.95603
-7.60361	7.25367
-7.62919	7.0867
-7.65522	6.95328
-7.68158	6.80966
-7.66516	6.90736
-7.64788	7.03543
-7.59817	7.28969
-7.61714	7.17817
-7.60369	7.23352
-7.46609	8.007
-7.43975	8.18274
-7.3767	8.49864
-7.32966	8.77091
-7.4366	8.21853
-7.4341	8.18973
-7.48069	7.9343
-7.49677	7.84709
-7.48068	7.88304
-7.4941	7.81971
-7.47229	7.96888
-7.42972	8.19636
-7.47225	7.97095
-7.45061	8.11114
-7.4545	8.09393
-7.491	7.89535
-7.46923	8.0333
-7.49985	7.88867
-7.53449	7.68308
-7.55586	7.5591
-7.5523	7.5446
-7.5062	7.77625
-7.63472	7.08714
-7.69368	6.75217
-7.63838	7.05518
-7.64989	7.01872
-7.61001	7.2467
-7.64461	7.04159
-7.5968	7.31542
-7.53629	7.64037
-7.59892	7.27207
-7.66848	6.91696
-7.62054	7.15327
-7.66223	6.8948
-7.63441	7.04147
-7.67964	6.81532
-7.68066	6.79327
-7.62798	7.12241
-7.59682	7.31393
-7.56796	7.47109
-7.58283	7.38061
-7.60963	7.24544
-7.67746	6.85657
-7.6042	7.25473
-7.5767	7.37007
-7.52972	7.63789
-7.54904	7.52564
-7.50752	7.79152
-7.54769	7.59115
-7.5271	7.69684
-7.54209	7.61069
-7.57541	7.40785
-7.59826	7.25154
-7.52272	7.66521
-7.57501	7.38714
-7.6089	7.21958
-7.67066	6.89896
-7.61914	7.15485
-7.61944	7.13061
-7.58816	7.2882
-7.59686	7.29017
-7.62105	7.10346
-7.67918	6.79961
-7.70611	6.66288
-7.71733	6.58104
-7.74906	6.44197
-7.71092	6.6538
-7.64759	7.02777
-7.67545	6.87941
-7.69901	6.74106
-7.58307	7.35823
-7.59885	7.27314
-7.6259	7.10254
-7.64171	7.00101
-7.61504	7.13579
-7.5731	7.39796
-7.59376	7.29773
-7.59394	7.31278
-7.59593	7.29955
-7.6105	7.17469
-7.61889	7.13288
-7.67394	6.8287
-7.64787	6.97924
-7.64975	6.95306
-7.67515	6.82044
-7.64646	7.01934
-7.59432	7.28642
-7.6568	6.96617
-7.58514	7.3779
-7.53636	7.63584
-7.44215	8.16582
-7.4891	7.88642
-7.53219	7.69624
-7.50336	7.81679
-7.47956	7.91288
-7.48332	7.86119
-7.49308	7.8026
-7.56464	7.41146
-7.52173	7.64942
-7.51242	7.74222
-7.5809	7.36597
-7.56277	7.4585
-7.53237	7.63027
-7.5114	7.74167
-7.4512	8.08695
-7.54494	7.53957
-7.5471	7.53484
-7.52516	7.63878
-7.56899	7.45355
-7.60286	7.27856
-7.58524	7.36403
-7.53329	7.67685
-7.50147	7.83811
-7.47187	8.01026
-7.4634	8.05761
-7.52914	7.66867
-7.4892	7.89429
-7.5838	7.32963
-7.52006	7.6296
-7.47703	7.88138
-7.59112	7.26221
-7.54157	7.52088
-7.62611	7.10867
-7.60108	7.27172
-7.57669	7.40906
-7.52643	7.66373
-7.5687	7.4322
-7.50619	7.76655
-7.51733	7.67813
-7.47967	7.88209
-7.49711	7.78388
-7.51797	7.68765
-7.5579	7.44119
-7.60187	7.19409
-7.62552	7.07144
-7.60618	7.18016
-7.61227	7.16455
-7.56803	7.44421
-7.56976	7.42069
-7.52565	7.6784
-7.53353	7.58404
-7.56477	7.39877
-7.56981	7.3761
-7.49819	7.77569
-7.45934	8.01197
-7.45686	8.04559
-7.5015	7.82475
-7.44721	8.09812
-7.46415	8.01468
-7.51356	7.74636
-7.56099	7.45542
-7.62503	7.09954
-7.64302	7.01747
-7.70731	6.64958
-7.66744	6.83842
-7.59658	7.29283
-7.57411	7.43364
-7.57983	7.39313
-7.55542	7.52019
-7.64708	7.01333
-7.61433	7.17995
-7.52871	7.65202
-7.55092	7.49492
-7.63611	7.02291
-7.73091	6.5049
-7.7344	6.48603
-7.6538	6.96577
-7.57312	7.44273
-7.53788	7.61645
-7.53392	7.60687
-7.55846	7.49479
-7.63853	7.03271
-7.66091	6.89285
-7.64739	7.01846
-7.69579	6.74313
-7.70443	6.69707
-7.70398	6.67711
-7.69642	6.7062
-7.64215	7.01068
-7.64268	7.01968
-7.62183	7.1067
-7.57114	7.37499
-7.6151	7.12126
-7.55141	7.48344
-7.56557	7.38265
-7.51659	7.68573
-7.63487	7.05552
-7.62128	7.13053
-7.50955	7.73327
-7.56396	7.4676
-7.4898	7.85882
-7.47215	7.95748
-7.47477	7.95065
-7.5271	7.64752
-7.45189	8.08374
-7.42043	8.24454
-7.35658	8.62016
-7.46721	8.01008
-7.50332	7.78706
-7.53921	7.63619
-7.54928	7.53529
-7.60349	7.23307
-7.58071	7.35334
-7.55791	7.46199
-7.46582	7.97174
-7.38535	8.3809
-7.39931	8.33967
-7.43573	8.15503
-7.52462	7.65805
-7.5235	7.6546
-7.54908	7.5284
-7.52899	7.65835
-7.57029	7.39263
-7.62682	7.05998
-7.57843	7.30998
-7.68053	6.80912
-7.67923	6.79811
-7.6467	6.95981
-7.56983	7.37047
-7.64089	7.01912
-7.66329	6.88601
-7.67349	6.8395
-7.62506	7.15134
-7.68428	6.8346
-7.63127	7.08914
-7.4975	7.79026
-7.52317	7.6652
-7.55091	7.51749
-7.58661	7.31224
-7.64879	6.94157
-7.66626	6.84423
-7.63556	7.02301
-7.59516	7.25629
-7.56341	7.46071
-7.56745	7.397
-7.60789	7.18331
-7.57527	7.3576
-7.65336	6.929
-7.66352	6.8866
-7.62526	7.06741
-7.64472	6.97228
-7.62975	7.07218
-7.63505	7.0698
-7.57075	7.41577
-7.49281	7.86976
-7.48505	7.90845
-7.49751	7.83041
-7.55933	7.51322
-7.58569	7.39328
-7.59314	7.32261
-7.59319	7.31977
-7.50132	7.87367
-7.38253	8.49829
-7.45438	8.07765
-7.54045	7.62236
-7.60135	7.27152
-7.58181	7.3735
-7.56559	7.44007
-7.54702	7.56618
-7.49699	7.8589
-7.57945	7.35663
-7.57097	7.37865
-7.47244	7.90396
-7.44778	8.02952
-7.56409	7.44084
-7.42937	8.18404
-7.54083	7.58717
-7.53167	7.62665
-7.44415	8.12896
-7.49809	7.82202
-7.47703	7.93026
-7.5551	7.53701
-7.63555	7.09234
-7.55508	7.57235
-7.50828	7.82188
-7.59608	7.32041
-7.59088	7.32991
-7.61652	7.18596
-7.66175	6.92871
-7.64339	7.05246
-7.67363	6.85803
-7.65378	6.92176
-7.62231	7.13398
-7.62787	7.08248
-7.61901	7.14263
-7.61729	7.16676
-7.5706	7.43103
-7.61375	7.15094
-7.66376	6.87461
-7.65247	6.94515
-7.564	7.43935
-7.58038	7.37358
-7.58473	7.33966
-7.60638	7.22098
-7.57931	7.33234
-7.50793	7.73264
-7.53896	7.57016
-7.51589	7.71063
-7.55468	7.54866
-7.59838	7.30651
-7.53922	7.64515
-7.61172	7.21842
-7.6038	7.25382
-7.5888	7.3167
-7.56201	7.50241
-7.63285	7.1078
-7.6934	6.76962
-7.69258	6.77025
-7.67348	6.87305
-7.61532	7.23607
-7.6053	7.29363
-7.61851	7.22645
-7.66425	6.9078
-7.64302	7.03653
-7.68418	6.79334
-7.68427	6.79896
-7.72052	6.60761
-7.72841	6.58123
-7.85471	5.88255
-7.75232	6.46539
-7.65057	6.99231
-7.61714	7.18754
-7.65119	6.98407
-7.58897	7.34168
-7.59515	7.28225
-7.5817	7.37896
-7.58831	7.31698
-7.59482	7.30133
-7.49838	7.842
-7.5514	7.54694
-7.52933	7.66987
-7.60765	7.23442
-7.54558	7.5492
-7.53673	7.60332
-7.55367	7.50604
-7.60954	7.20727
-7.59188	7.32776
-7.63334	7.06951
-7.63191	7.08869
-7.61372	7.17316
-7.59358	7.27966
-7.5259	7.65753
-7.54379	7.56516
-7.58678	7.34405
-7.53953	7.5843
-7.47868	7.92268
-7.45696	8.02558
-7.56714	7.416
-7.61629	7.14983
-7.61488	7.16272
-7.61269	7.15915
-7.59198	7.27982
-7.66121	6.91244
-7.62296	7.1236
-7.60131	7.1692
-7.60922	7.14584
-7.59489	7.19975
-7.56809	7.35724
-7.60231	7.17668
-7.69462	6.65926
-7.67457	6.78951
-7.7266	6.53106
-7.64242	6.98974
-7.61904	7.11451
-7.62724	7.0719
-7.67242	6.85679
-7.58958	7.29617
-7.56137	7.44686
-7.59875	7.26969
-7.55991	7.50352
-7.58973	7.37685
-7.57829	7.42202
-7.5179	7.77649
-7.63055	7.10963
-7.66222	6.92937
-7.58601	7.33086
-7.5807	7.36815
-7.7055	6.67166
-7.70173	6.69038
-7.66463	6.92556
-7.61947	7.14115
-7.72228	6.57073
-7.69881	6.77895
-7.77586	6.33053
-7.78203	6.26943
-7.7315	6.53765
-7.73009	6.54596
-7.77041	6.31924
-7.73876	6.50719
-7.76076	6.38779
-7.74742	6.46408
-7.76032	6.37926
-7.74464	6.45366
-7.74403	6.44008
-7.71788	6.59591
-7.66871	6.90682
-7.6321	7.10107
-7.62626	7.11913
-7.64864	6.97689
-7.66033	6.93345
-7.67339	6.85487
-7.66072	6.9273
-7.63026	7.11998
-7.62431	7.15944
-7.61507	7.17145
-7.58622	7.32762
-7.63876	7.01449
-7.69696	6.6933
-7.72214	6.57067
-7.65692	6.93355
-7.71557	6.59317
-7.70665	6.63645
-7.5814	7.33471
-7.59819	7.24254
-7.55233	7.51849
-7.56534	7.42839
-7.47187	7.96395
-7.4885	7.83088
-7.48064	7.84827
-7.48041	7.85254
-7.47561	7.90541
-7.52478	7.64045
-7.52749	7.62075
-7.50321	7.7716
-7.51576	7.68184
-7.50819	7.71348
-7.40656	8.27812
-7.49348	7.81415
-7.5586	7.43593
-7.57633	7.35832
-7.5822	7.35124
-7.60637	7.22339
-7.60089	7.26713
-7.5081	7.77119
-7.50161	7.79118
-7.59508	7.25477
-7.67155	6.80248
-7.70485	6.62885
-7.65444	6.92409
-7.61423	7.13146
-7.65643	6.92216
-7.65932	6.91134
-7.60302	7.25246
-7.59547	7.28311
-7.66678	6.91714
-7.66397	6.95883
-7.62473	7.17777
-7.7058	6.71619
-7.70174	6.70521
-7.58646	7.3878
-7.61979	7.20368
-7.70577	6.7167
-7.76456	6.38382
-7.68994	6.80599
-7.59734	7.29975
-7.60494	7.27577
-7.57446	7.4046
-7.63883	7.04094
-7.62503	7.08609
-7.7118	6.59017
-7.7194	6.54046
-7.63075	7.0284
-7.58621	7.29651
-7.64013	7.01146
-7.63414	7.01055
-7.64302	6.95339
-7.59093	7.26224
-7.57474	7.3531
-7.51952	7.66676
-7.52053	7.66898
-7.58886	7.28039
-7.67202	6.83156
-7.76701	6.3065
-7.76655	6.31638
-7.70221	6.68918
-7.65726	6.95052
-7.64482	7.01561
-7.63521	7.07673
-7.63211	7.10172
-7.61632	7.19234
-7.56234	7.50225
-7.56838	7.43759
-7.52323	7.69673
-7.51575	7.73628
-7.5131	7.77897
-7.43285	8.20305
-7.49784	7.8359
-7.46907	8.01596
-7.48748	7.90449
-7.46587	7.98439
-7.58893	7.30505
-7.65359	6.97208
-7.6047	7.27349
-7.55927	7.52897
-7.62889	7.11538
-7.64083	7.05396
-7.62354	7.16344
-7.54655	7.60384
-7.58623	7.35169
-7.54147	7.61953
-7.62341	7.14431
-7.65113	7.00055
-7.67309	6.87311
-7.56036	7.5263
-7.52333	7.72262
-7.51631	7.72906
-7.48798	7.87422
-7.51223	7.78107
-7.4199	8.30466
-7.45848	8.08659
-7.45518	8.07974
-7.48245	7.94354
-7.50782	7.8236
-7.53227	7.67608
-7.53579	7.66389
-7.60496	7.26503
-7.63834	7.05423
-7.66076	6.93792
-7.65597	6.93697
-7.60309	7.23692
-7.58629	7.34894
-7.48448	7.91185
-7.48771	7.90601
-7.52183	7.71286
-7.50967	7.82897
-7.51929	7.75445
-7.51623	7.76813
-7.46245	8.08984
-7.46664	8.05036
-7.42148	8.26669
-7.46736	8.00738
-7.51806	7.74196
-7.52281	7.75255
-7.52446	7.70545
-7.53707	7.63865
-7.53981	7.60929
-7.53497	7.64236
-7.60967	7.21728
-7.46071	8.03446
-7.42761	8.2385
-7.40059	8.3935
-7.42929	8.21163
-7.42871	8.22002
-7.52996	7.65977
-7.5867	7.36682
-7.5706	7.43517
-7.56643	7.44432
-7.47934	7.9082
-7.46991	7.96643
-7.50214	7.7786
-7.42177	8.22453
-7.50402	7.79037
-7.51502	7.69649
-7.51981	7.68708
-7.44038	8.102
-7.41638	8.27106
-7.48693	7.91271
-7.41975	8.29133
-7.37812	8.4967
-7.36082	8.61274
-7.33959	8.71721
-7.3702	8.51065
-7.42468	8.18555
-7.48462	7.85144
-7.36257	8.52495
-7.35276	8.5921
-7.38701	8.37796
-7.36942	8.49029
-7.47232	7.933
-7.52692	7.60933
-7.45111	8.05402
-7.50454	7.72226
-7.51656	7.65363
-7.50089	7.76241
-7.46339	8.00211
-7.49391	7.82044
-7.51343	7.72806
-7.47631	7.92101
-7.52933	7.6299
-7.54154	7.55365
-7.50692	7.71615
-7.48181	7.86153
-7.4867	7.82114
-7.55677	7.41203
-7.50777	7.70906
-7.54148	7.54591
-7.5358	7.60657
-7.53543	7.63461
-7.52668	7.64124
-7.52768	7.63364
-7.47314	7.9729
-7.51988	7.72721
-7.52031	7.7061
-7.56583	7.46512
-7.61262	7.17116
-7.54836	7.5035
-7.49127	7.83015
-7.44142	8.12522
-7.53639	7.60007
-7.50377	7.75242
-7.52456	7.63235
-7.52856	7.62044
-7.55926	7.43889
-7.56856	7.40559
-7.51879	7.68666
-7.49915	7.83466
-7.52612	7.70289
-7.52242	7.70552
-7.45744	8.06117
-7.48807	7.87162
-7.52478	7.64015
-7.63516	7.0258
-7.59106	7.28999
-7.72767	6.52901
-7.71147	6.64769
-7.72175	6.57572
-7.70317	6.67443
-7.6521	6.98684
-7.65143	7.00781
-7.62495	7.16081
-7.59794	7.29388
-7.56843	7.45583
-7.64963	6.97284
-7.56397	7.47703
-7.61416	7.1929
-7.58857	7.36528
-7.57228	7.44194
-7.59132	7.2977
-7.65907	6.92593
-7.63254	7.07958
-7.66689	6.90904
-7.6026	7.23989
-7.6286	7.0849
-7.59342	7.2798
-7.6296	7.06269
-7.66507	6.88863
-7.65172	6.95508
-7.71134	6.62818
-7.62906	7.07509
-7.635	7.08509
-7.64222	7.07058
-7.64092	7.04982
-7.59486	7.30441
-7.59493	7.2994
-7.61573	7.2032
-7.64191	7.0437
-7.69849	6.72981
-7.75875	6.41354
-7.75253	6.41843
-7.73079	6.54315
-7.74589	6.45502
-7.62296	7.1274
-7.63642	7.06339
-7.5937	7.28772
-7.55507	7.48492
-7.5764	7.35074
-7.56769	7.42491
-7.58059	7.35684
-7.66654	6.86813
-7.67846	6.81033
-7.69989	6.6522
-7.67102	6.87169
-7.70515	6.6692
-7.65185	6.94527
-7.61141	7.18952
-7.66235	6.89964
-7.63361	7.04712
-7.62196	7.13739
-7.62615	7.1144
-7.62975	7.07523
-7.6094	7.20173
-7.56435	7.45822
-7.65146	6.93854
-7.65354	6.93015
-7.63453	7.06511
-7.69823	6.7089
-7.68847	6.75341
-7.72535	6.56422
-7.66593	6.91583
-7.65182	6.98221
-7.66195	6.92672
-7.61338	7.1662
-7.60529	7.20963
-7.60447	7.23583
-7.65796	6.88575
-7.58963	7.29431
-7.57657	7.37975
-7.58595	7.30259
-7.47439	7.93847
-7.58501	7.31272
-7.61089	7.18301
-7.59217	7.29828
-7.64263	7.0159
-7.74012	6.43744
-7.71403	6.57988
-7.61723	7.12692
-7.60597	7.19417
-7.56718	7.40178
-7.57669	7.36637
-7.58736	7.36652
-7.58794	7.33488
-7.57349	7.41646
-7.52315	7.68028
-7.49588	7.83154
-7.55251	7.51344
-7.5224	7.65827
-7.50008	7.78926
-7.57406	7.36321
-7.60287	7.21061
-7.65646	6.9454
-7.61894	7.12245
-7.59918	7.23751
-7.59361	7.26723
-7.61506	7.15198
-7.59113	7.32557
-7.5813	7.41251
-7.60584	7.25318
-7.7144	6.65277
-7.68864	6.83244
-7.67192	6.90301
-7.65551	7.05919
-7.62074	7.17198
-7.63862	7.09622
-7.65773	6.99685
-7.63958	7.09149
-7.64665	7.08479
-7.62428	7.21167
-7.57405	7.49655
-7.57226	7.49304
-7.57354	7.48548
-7.66549	6.95728
-7.68146	6.89668
-7.6139	7.2406
-7.62917	7.15779
-7.61577	7.21822
-7.61551	7.19185
-7.66277	6.89789
-7.59572	7.2811
-7.66067	6.93672
-7.61082	7.21618
-7.58423	7.32449
-7.57865	7.35734
-7.59721	7.28917
-7.59809	7.26463
-7.68631	6.78333
-7.65314	6.96751
-7.67476	6.86331
-7.63472	7.04307
-7.58928	7.30952
-7.6627	6.92047
-7.68777	6.80092
-7.70233	6.74011
-7.60026	7.2676
-7.59566	7.28991
-7.69309	6.71958
-7.59322	7.26021
-7.63379	7.05456
-7.57789	7.42324
-7.59491	7.32261
-7.57937	7.3802
-7.59745	7.25525
-7.69062	6.75551
-7.68311	6.80733
-7.65738	6.92743
-7.63969	7.05394
-7.64703	6.99472
-7.66452	6.88022
-7.64993	6.97658
-7.62994	7.09788
-7.56715	7.44092
-7.57171	7.44335
-7.51164	7.74776
-7.53995	7.56971
-7.55225	7.52199
-7.54675	7.54441
-7.52452	7.68708
-7.54418	7.58487
-7.53281	7.60318
-7.50455	7.76143
-7.52722	7.66101
-7.49941	7.76225
-7.56329	7.43723
-7.58034	7.36146
-7.57107	7.40142
-7.6632	6.89509
-7.67806	6.82049
-7.60877	7.19936
-7.6344	7.07787
-7.63986	7.03003
-7.673	6.838
-7.6865	6.74271
-7.58326	7.31853
-7.55752	7.47649
-7.5608	7.45625
-7.63052	7.10305
-7.65079	6.98308
-7.60319	7.22755
-7.56576	7.4582
-7.53072	7.63823
-7.54581	7.56749
-7.51766	7.70832
-7.52724	7.67253
-7.56534	7.40616
-7.61828	7.1232
-7.7058	6.62876
-7.72268	6.53447
-7.79333	6.14617
-7.81849	6.03224
-7.75188	6.40732
-7.74517	6.4517
-7.72089	6.56149
-7.70454	6.66945
-7.84005	5.93167
-7.79496	6.20679
-7.83985	5.9513
-7.78494	6.21867
-7.73693	6.48905
-7.75822	6.36466
-7.76153	6.36524
-7.75417	6.39765
-7.7916	6.16067
-7.78442	6.20834
-7.73828	6.46224
-7.70189	6.65853
-7.80116	6.11278
-7.83289	5.9352
-7.7777	6.26381
-7.78286	6.25088
-7.82671	6.02878
-7.80048	6.18088
-7.73115	6.53449
-7.74875	6.42947
-7.70004	6.71672
-7.6321	7.09235
-7.69322	6.78398
-7.71516	6.64732
-7.73876	6.52012
-7.7568	6.39872
-7.68478	6.80413
-7.74957	6.44574
-7.71176	6.65439
-7.72664	6.5819
-7.76237	6.35545
-7.75286	6.40461
-7.70593	6.64161
-7.65902	6.90663
-7.66098	6.9065
-7.64586	7.01305
-7.6368	7.07876
-7.65913	6.93315
-7.65111	7.00479
-7.61887	7.20773
-7.61278	7.19801
-7.61157	7.19318
-7.56318	7.48837
-7.51384	7.75105
-7.50497	7.80609
-7.49522	7.84186
-7.48658	7.92119
-7.45371	8.11244
-7.50284	7.79695
-7.44699	8.10179
-7.44094	8.11583
-7.46068	8.01521
-7.46313	8.04414
-7.44359	8.10849
-7.58639	7.27906
-7.63708	7.00767
-7.66966	6.83058
-7.64867	6.97435
-7.68537	6.78665
-7.703	6.70791
-7.68524	6.78769
-7.68092	6.80929
-7.64688	6.97761
-7.64039	7.02404
-7.58819	7.32375
-7.58667	7.34356
-7.56779	7.47101
-7.54953	7.5561
-7.55716	7.4977
-7.56145	7.47566
-7.5663	7.45725
-7.53628	7.64372
-7.44776	8.13782
-7.44754	8.11414
