1	30.6286
2	29.7498
3	29.278
4	27.756
5	26.653
6	26.653
7	25.7469
8	25.1712
9	25.1712
10	25.1712
11	25.1712
12	23.2817
13	22.7342
14	20.7361
15	20.7361
16	19.7942
17	19.7942
18	19.7942
19	19.7942
20	19.7942
21	19.7942
22	19.7487
23	19.7487
24	18.7755
25	18.7301
26	18.7301
27	18.4693
28	17.9301
29	17.6239
30	17.0529
31	16.2075
32	16.2075
33	16.1703
34	16.1703
35	16.1703
36	15.8844
37	15.8844
38	15.8844
39	15.6237
40	15.6237
41	15.3198
42	15.3198
43	15.3198
44	15.3198
45	13.439
46	13.439
47	13.4334
48	13.4334
49	12.1957
50	12.1957
51	12.1901
52	12.1901
53	11.9008
54	11.9008
55	11.2153
56	11.2153
57	11.2153
58	11.1436
59	11.1436
60	11.0758
61	11.0758
62	11.0758
63	11.0758
64	11.0758
65	10.8542
66	10.8542
67	10.8542
68	10.2064
69	9.73379
70	9.73379
71	9.73379
72	9.73319
73	9.73319
74	9.73319
75	9.64405
76	9.88425
77	10.6392
78	10.6392
79	10.1315
80	10.1315
81	10.1315
82	10.1061
83	10.1061
84	9.84189
85	9.84189
86	9.84189
87	9.84189
88	9.70758
89	9.70758
90	9.51945
91	9.44434
92	9.24935
93	9.11776
94	8.85514
95	8.54143
96	8.52855
97	8.52521
98	8.52878
99	8.52878
100	8.39718
101	8.37443
102	8.37443
103	8.37443
104	8.37443
105	8.37443
106	8.21558
107	8.21558
108	8.21558
109	8.21558
110	8.2155
111	8.2155
112	8.2155
113	8.2155
114	8.19063
115	8.19063
116	8.19063
117	8.19014
118	8.19014
119	8.19014
120	8.19014
121	8.19014
122	8.19014
123	8.12518
124	8.12518
125	8.12518
126	8.12518
127	8.12518
128	8.12362
129	8.12362
130	8.11776
131	7.01999
132	7.01999
133	7.01999
134	7.01999
135	7.01999
136	7.01999
137	7.01999
138	7.01999
139	7.01999
140	7.01999
141	7.01999
142	6.87781
143	6.87781
144	6.87781
145	6.87781
146	6.81272
147	6.81272
148	6.81272
149	6.81272
150	6.81272
151	6.81272
152	6.81272
153	6.81272
154	6.81272
155	6.81272
156	6.81272
157	6.81272
158	6.81272
159	6.81272
160	6.81272
161	6.81272
162	6.81272
163	6.81272
164	6.73824
165	6.73824
166	6.73824
167	6.73824
168	6.73824
169	6.73824
170	6.73824
171	6.5049
172	6.5049
173	6.5049
174	6.5049
175	6.5049
176	6.5049
177	6.5049
178	6.5049
179	7.27038
180	6.66643
181	6.66643
182	6.66643
183	6.66643
184	6.66643
185	6.66643
186	6.40183
187	6.40183
188	6.40183
189	6.40183
190	6.40183
191	6.40183
192	6.40183
193	6.40183
194	6.40183
195	6.40183
196	6.40183
197	6.40183
198	6.40183
199	6.40183
200	6.40183
201	6.40183
202	6.40183
203	6.40183
204	6.40183
205	6.40183
206	6.40183
207	6.40183
208	6.40183
209	6.40183
210	6.40183
211	6.40183
212	6.40183
213	6.40183
214	6.40183
215	6.40183
216	6.40183
217	6.40183
218	6.40183
219	6.40183
220	6.40183
221	6.40183
222	6.40183
223	6.40183
224	6.40183
225	6.2403
226	6.2403
227	6.2403
228	6.2403
229	6.2403
230	6.2403
231	6.2403
232	6.2403
233	6.2403
234	6.2403
235	6.2403
236	6.2403
237	6.2403
238	6.2403
239	6.2403
240	6.2403
241	6.2403
242	6.2403
243	6.2403
244	6.2403
245	6.2403
246	6.2403
247	6.2403
248	6.2403
249	6.2403
250	6.2403
251	6.2403
252	6.2403
253	6.2403
254	6.2403
255	6.2403
256	6.2403
257	6.2403
258	6.2403
259	6.2403
260	6.2403
261	6.2403
262	6.2403
263	6.2403
264	6.2403
265	6.2403
266	6.2403
267	6.2403
268	6.2403
269	6.2403
270	6.2403
271	6.2403
272	6.2403
273	6.2403
274	6.2403
275	6.2403
276	6.2403
277	6.2403
278	6.2403
279	6.2403
280	6.2403
281	6.2403
282	6.2403
283	6.2403
284	6.2403
285	6.2403
286	6.2403
287	6.2403
288	6.2403
289	6.2403
290	6.2403
291	6.2403
292	6.2403
293	6.2403
294	6.2403
295	6.2403
296	6.2403
297	6.2403
298	6.2403
299	6.2403
300	6.2403
301	6.2403
302	6.2403
303	6.2403
304	6.2403
305	6.2403
306	6.2403
307	6.2403
308	6.2403
309	6.2403
310	6.2403
311	6.2403
312	6.2403
313	6.2403
314	6.2403
315	6.2403
316	6.2403
317	6.2403
318	6.2403
319	6.2403
320	6.2403
321	6.2403
322	6.2403
323	6.2403
324	6.2403
325	6.2403
326	6.2403
327	6.2403
328	6.2403
329	6.2403
330	6.2403
331	6.2403
332	6.2403
333	6.2403
334	6.2403
335	6.2403
336	6.2403
337	6.2403
338	6.2403
339	6.2403
340	6.2403
341	6.2403
342	6.2403
343	6.2403
344	6.2403
345	6.2403
346	6.2403
347	6.2403
348	6.2403
349	6.2403
350	6.2403
351	6.2403
352	6.2403
353	6.2403
354	6.2403
355	6.2403
356	6.2403
357	6.2403
358	6.2403
359	6.2403
360	6.24788
361	6.2403
362	6.2403
363	6.2403
364	6.2403
365	6.2403
366	6.2403
367	6.2403
368	6.2403
369	6.2403
370	6.2403
371	6.2403
372	6.2403
373	6.2403
374	6.2403
375	6.2403
376	6.2403
377	6.2403
378	6.2403
379	6.2403
380	6.2403
381	6.2403
382	6.2403
383	6.2403
384	6.2403
385	6.2403
386	6.2403
387	6.2403
388	6.2403
389	6.2403
390	6.2403
391	6.2403
392	6.2403
393	6.2403
394	6.2403
395	6.2403
396	6.2403
397	6.2403
398	6.2403
399	6.2403
400	6.2403
401	6.2403
402	6.2403
403	6.2403
404	6.2403
405	6.2403
406	6.2403
407	6.2403
408	6.2403
409	6.2403
410	6.2403
411	6.2403
412	6.2403
413	6.2403
414	6.2403
415	6.2403
416	6.2403
417	6.2403
418	6.2403
419	6.2403
420	6.2403
421	6.2403
422	6.2403
423	6.2403
424	6.2403
425	6.2403
426	6.2403
427	6.2403
428	6.2403
429	6.2403
430	6.2403
431	6.2403
432	6.2403
433	6.2403
434	6.2403
435	6.2403
436	6.2403
437	6.2403
438	6.2403
439	6.2403
440	6.2403
441	6.2403
442	6.2403
443	6.2403
444	6.2403
445	6.2403
446	6.2403
447	6.2403
448	6.2403
449	6.2403
450	6.2403
451	6.2403
452	6.2403
453	6.2403
454	6.2403
455	6.2403
456	6.2403
457	6.2403
458	6.2403
459	6.2403
460	6.2403
461	6.2403
462	6.2403
463	6.2403
464	6.2403
465	6.2403
466	6.2403
467	6.2403
468	6.2403
469	6.2403
470	6.2403
471	6.2403
472	6.2403
473	6.2403
474	6.2403
475	6.2403
476	6.2403
477	6.2403
478	6.2403
479	6.2403
480	6.2403
481	6.2403
482	6.2403
483	6.2403
484	6.2403
485	6.2403
486	6.2403
487	6.2403
488	6.2403
489	6.2403
490	6.2403
491	6.2403
492	6.2403
493	6.2403
494	6.2403
495	6.2403
496	6.2403
497	6.2403
498	6.2403
499	6.2403
500	6.2403
501	6.2403
502	6.2403
503	6.2403
504	6.2403
505	6.2403
506	6.2403
507	6.2403
508	6.2403
509	6.2403
510	6.2403
511	6.2403
512	6.2403
513	6.2403
514	6.2403
515	6.2403
516	6.2403
517	6.2403
518	6.2403
519	6.2403
520	6.2403
521	6.2403
522	6.2403
523	6.2403
524	6.2403
525	6.2403
526	6.2403
527	6.2403
528	6.2403
529	6.2403
530	6.2403
531	6.2403
532	6.2403
533	6.2403
534	6.56986
535	6.56986
536	6.56986
537	6.56986
538	6.56986
539	6.56986
540	6.56986
541	6.56986
542	6.56986
543	6.56986
544	6.56986
545	6.56986
546	6.56986
547	6.56986
548	6.56986
549	6.58975
550	7.17634
551	7.17634
552	6.87882
553	6.87882
554	6.87882
555	6.87882
556	6.56986
557	6.56986
558	6.56986
559	6.56986
560	6.56986
561	6.56986
562	6.56986
563	6.56986
564	6.56986
565	6.56986
566	6.56986
567	6.56986
568	6.56986
569	6.56986
570	6.56986
571	6.56986
572	6.56986
573	6.56986
574	6.56986
575	6.56986
576	6.56986
577	6.56986
578	6.56986
579	6.56986
580	6.56986
581	6.56986
582	6.56986
583	6.56986
584	6.56986
585	6.56986
586	6.56986
587	6.56986
588	6.56986
589	6.56986
590	6.56986
591	6.56986
592	6.56986
593	6.56986
594	6.56986
595	6.56986
596	6.56986
597	6.56986
598	6.56986
599	6.56986
600	6.56986
601	6.56986
602	6.56986
603	6.56986
604	6.56986
605	6.56986
606	6.56986
607	6.56986
608	6.56986
609	6.56986
610	6.56986
611	6.56986
612	6.56986
613	6.56986
614	6.56986
615	6.5049
616	6.5049
617	6.5049
618	6.5049
619	6.5049
620	6.5049
621	6.25777
622	6.25777
623	6.25777
624	6.2403
625	6.2403
626	6.2403
627	6.2403
628	6.2403
629	6.2403
630	6.2403
631	6.2403
632	6.2403
633	6.2403
634	6.2403
635	6.2403
636	6.2403
637	6.2403
638	6.2403
639	6.2403
640	6.2403
641	6.2403
642	6.2403
643	6.2403
644	6.2403
645	6.2403
646	6.2403
647	6.2403
648	6.2403
649	6.2403
650	6.2403
651	6.2403
652	6.2403
653	6.2403
654	6.2403
655	6.2403
656	6.2403
657	6.2403
658	6.2403
659	6.2403
660	6.2403
661	6.2403
662	6.2403
663	6.2403
664	6.2403
665	6.2403
666	6.2403
667	6.2403
668	6.2403
669	6.2403
670	6.2403
671	6.2403
672	6.2403
673	6.2403
674	6.2403
675	6.2403
676	6.2403
677	6.2403
678	6.2403
679	6.2403
680	6.2403
681	6.2403
682	6.2403
683	6.2403
684	6.2403
685	6.2403
686	6.2403
687	6.2403
688	6.2403
689	6.2403
690	6.2403
691	6.2403
692	6.2403
693	6.2403
694	6.2403
695	6.2403
696	6.2403
697	6.2403
698	6.2403
699	6.2403
700	6.2403
701	6.2403
702	6.2403
703	6.2403
704	6.2403
705	6.2403
706	6.2403
707	6.2403
708	6.2403
709	6.2403
710	6.2403
711	6.2403
712	6.2403
713	6.2403
714	6.2403
715	6.2403
716	6.2403
717	6.2403
718	6.2403
719	6.2403
720	6.2403
721	6.2403
722	6.2403
723	6.2403
724	6.2403
725	6.2403
726	6.2403
727	6.2403
728	6.2403
729	6.2403
730	6.2403
731	6.2403
732	6.2403
733	6.2403
734	6.2403
735	6.2403
736	6.2403
737	6.2403
738	6.2403
739	6.2403
740	6.2403
741	6.2403
742	6.2403
743	6.2403
744	6.2403
745	6.2403
746	6.2403
747	6.2403
748	6.2403
749	6.2403
750	6.2403
751	6.2403
752	6.2403
753	6.2403
754	6.2403
755	6.2403
756	6.2403
757	6.2403
758	6.2403
759	6.2403
760	6.2403
761	6.2403
762	6.2403
763	6.2403
764	6.2403
765	6.2403
766	6.2403
767	6.2403
768	6.2403
769	6.2403
770	6.2403
771	6.2403
772	6.2403
773	6.2403
774	6.2403
775	6.2403
776	6.2403
777	6.2403
778	6.2403
779	6.2403
780	6.2403
781	6.2403
782	6.2403
783	6.2403
784	6.2403
785	6.2403
786	6.2403
787	6.2403
788	6.2403
789	6.2403
790	6.2403
791	6.2403
792	6.2403
793	6.2403
794	6.2403
795	6.2403
796	6.2403
797	6.2403
798	6.2403
799	6.2403
800	6.2403
801	6.2403
802	6.2403
803	6.2403
804	6.2403
805	6.2403
806	6.2403
807	6.2403
808	6.2403
809	6.2403
810	6.2786
811	6.2403
812	6.2403
813	6.2403
814	6.2403
815	6.2403
816	6.2403
817	6.2403
818	6.2403
819	6.2403
820	6.2403
821	6.2403
822	6.2403
823	6.2403
824	6.2403
825	6.2403
826	6.2403
827	6.2403
828	6.2403
829	6.2403
830	6.2403
831	6.2403
832	6.2403
833	6.2403
834	6.2403
835	6.2403
836	6.2403
837	6.2403
838	6.2403
839	6.2403
840	6.2403
841	6.2403
842	6.2403
843	6.2403
844	6.2403
845	6.2403
846	6.2403
847	6.2403
848	6.2403
849	6.2403
850	6.2403
851	6.2403
852	6.2403
853	6.2403
854	6.2403
855	6.2403
856	6.2403
857	6.2403
858	6.2403
859	6.2403
860	6.2403
861	6.2403
862	6.2403
863	6.2403
864	6.2403
865	6.2403
866	6.2403
867	6.2403
868	6.2403
869	6.2403
870	6.2403
871	6.2403
872	6.2403
873	6.2403
874	6.2403
875	6.2403
876	6.2403
877	6.2403
878	6.2403
879	6.2403
880	6.2403
881	6.2403
882	6.28674
883	6.2403
884	6.2403
885	6.2403
886	6.2403
887	6.2403
888	6.2403
889	6.2403
890	6.2403
891	6.2403
892	6.2403
893	6.2403
894	6.2403
895	6.2403
896	6.2403
897	6.2403
898	6.2403
899	6.2403
900	6.2403
901	6.2403
902	6.2403
903	6.2403
904	6.2403
905	6.2403
906	6.2403
907	6.2403
908	6.2403
909	6.2403
910	6.2403
911	6.2403
912	6.2403
913	6.2403
914	6.2403
915	6.2403
916	6.2403
917	6.2403
918	6.2403
919	6.2403
920	6.2403
921	6.2403
922	6.2403
923	6.2403
924	6.2403
925	6.2403
926	6.2403
927	6.2403
928	6.2403
929	6.48844
930	6.48844
931	6.38248
932	6.38248
933	6.2403
934	6.2403
935	6.2403
936	6.2403
937	6.2403
938	6.2403
939	6.2403
940	6.2403
941	6.2403
942	6.2403
943	6.2403
944	6.2403
945	6.2403
946	6.2403
947	6.2403
948	6.2403
949	6.2403
950	6.2403
951	6.2403
952	6.2403
953	6.2403
954	6.2403
955	6.2403
956	6.2403
957	6.2403
958	6.2403
959	6.2403
960	6.2403
961	6.2403
962	6.2403
963	6.2403
964	6.2403
965	6.2403
966	6.2403
967	6.2403
968	6.2403
969	6.2403
970	6.2403
971	6.2403
972	6.2403
973	6.2403
974	6.2403
975	6.2403
976	6.2403
977	6.2403
978	6.2403
979	6.2403
980	6.2403
981	6.2403
982	6.2403
983	6.2403
984	6.2403
985	6.2403
986	6.2403
987	6.2403
988	6.2403
989	6.2403
990	6.2403
991	6.2403
992	6.2403
993	6.2403
994	6.2403
995	6.2403
996	6.2403
997	6.2403
998	6.2403
999	6.2403
1000	6.2403
1001	6.2403
1002	6.2403
1003	6.2403
1004	6.2403
1005	6.2403
1006	6.2403
1007	6.2403
1008	6.2403
1009	6.2403
1010	6.2403
1011	6.2403
1012	6.2403
1013	6.2403
1014	6.2403
1015	6.2403
1016	6.2403
1017	6.2403
1018	6.2403
1019	6.2403
1020	6.2403
1021	6.2403
1022	6.2403
1023	6.2403
1024	6.2403
1025	6.2403
1026	6.2403
1027	6.2403
1028	6.2403
1029	6.2403
1030	6.2403
1031	6.2403
1032	6.2403
1033	6.2403
1034	6.2403
1035	6.2403
1036	6.2403
1037	6.2403
1038	6.2403
1039	6.2403
1040	6.2403
1041	6.2403
1042	6.2403
1043	6.2403
1044	6.2403
1045	6.2403
1046	6.26019
1047	6.2403
1048	6.2403
1049	6.2403
1050	6.2403
1051	6.2403
1052	6.2403
1053	6.2403
1054	6.2403
1055	6.2403
1056	6.2403
1057	6.2403
1058	6.2403
1059	6.2403
1060	6.2403
1061	6.2403
1062	6.2403
1063	6.2403
1064	6.2403
1065	6.2403
1066	6.2403
1067	6.2403
1068	6.2403
1069	6.2403
1070	6.2403
1071	6.2403
1072	6.2403
1073	6.2403
1074	6.2403
1075	6.2403
1076	6.2403
1077	6.2403
1078	6.2403
1079	6.2403
1080	6.2403
1081	6.2403
1082	6.2403
1083	6.2403
1084	6.2403
1085	6.2403
1086	6.2403
1087	6.2403
1088	6.2403
1089	6.2403
1090	6.2403
1091	6.2403
1092	6.2403
1093	6.2403
1094	6.2403
1095	6.2403
1096	6.2403
1097	6.2403
1098	6.2403
1099	6.2403
1100	6.2403
1101	6.2403
1102	6.2403
1103	6.2403
1104	6.2403
1105	6.2403
1106	6.2403
1107	6.2403
1108	6.2403
1109	6.2403
1110	6.2403
1111	6.2403
1112	6.2403
1113	6.2403
1114	6.2403
1115	6.2403
1116	6.2403
1117	6.2403
1118	6.2403
1119	6.2403
1120	6.2403
1121	6.2403
1122	6.2403
1123	6.2403
1124	6.2403
1125	6.2403
1126	6.2403
1127	6.2403
1128	6.2403
1129	6.2403
1130	6.2403
1131	6.2403
1132	6.2403
1133	6.2403
1134	6.2403
1135	6.2403
1136	6.2403
1137	7.49946
1138	7.49946
1139	7.49946
1140	7.49946
1141	7.49946
1142	7.49946
1143	7.49946
1144	7.49946
1145	7.49946
1146	7.49946
1147	7.49946
1148	7.49946
1149	7.49946
1150	7.49946
1151	7.49946
1152	7.49946
1153	7.49946
1154	7.49946
1155	7.49946
1156	7.49946
1157	7.49946
1158	7.49946
1159	7.49946
1160	7.49946
1161	7.49946
1162	7.49946
1163	7.49946
1164	7.49946
1165	7.49946
1166	7.49946
1167	7.49946
1168	7.49946
1169	7.49946
1170	7.49946
1171	7.49946
1172	7.49946
1173	7.49946
1174	7.49946
1175	7.49946
1176	7.49946
1177	7.49946
1178	7.49946
1179	7.49946
1180	7.49946
1181	7.49946
1182	7.49946
1183	7.49946
1184	7.49946
1185	7.49946
1186	7.49946
1187	7.49946
1188	7.49946
1189	7.49946
1190	7.49946
1191	7.49946
1192	7.49946
1193	7.49946
1194	7.49946
1195	7.49946
1196	7.49946
1197	7.49946
1198	7.49946
1199	7.49946
1200	7.49946
1201	7.49946
1202	7.49946
1203	7.49946
1204	7.49946
1205	7.49946
1206	7.49946
1207	7.49946
1208	7.49946
1209	7.49946
1210	7.49946
1211	7.49946
1212	7.49946
1213	7.49946
1214	7.49946
1215	7.49946
1216	7.49946
1217	7.49946
1218	7.49946
1219	7.49946
1220	7.49946
1221	7.49946
1222	7.49946
1223	7.49946
1224	7.49946
1225	7.49946
1226	7.49946
1227	7.51789
1228	7.50409
1229	7.50409
1230	7.50409
1231	7.50409
1232	7.50409
1233	7.50409
1234	7.50409
1235	7.50409
1236	7.50409
1237	7.50409
1238	7.50409
1239	7.49988
1240	7.49988
1241	7.25752
1242	7.25752
1243	7.25752
1244	7.25752
1245	7.25752
1246	7.25752
1247	6.80795
1248	6.80795
1249	6.80795
1250	6.80795
1251	6.80795
1252	6.80795
1253	6.80795
1254	6.80795
1255	6.80795
1256	6.80795
1257	6.80795
1258	6.80795
1259	6.80795
1260	6.80795
1261	6.80795
1262	6.80795
1263	6.80795
1264	6.80795
1265	6.80795
1266	6.80795
1267	6.80795
1268	6.80795
1269	6.80795
1270	6.80795
1271	6.80795
1272	6.80795
1273	6.80795
1274	6.80795
1275	6.80795
1276	6.80795
1277	6.99627
1278	6.80795
1279	6.80795
1280	6.80795
1281	6.80795
1282	6.80795
1283	6.80795
1284	6.80795
1285	6.80795
1286	6.80795
1287	6.80795
1288	6.80795
1289	6.80795
1290	6.80795
1291	6.80795
1292	6.80795
1293	6.80795
1294	6.80795
1295	6.80795
1296	6.80795
1297	6.80795
1298	6.80795
1299	6.80795
1300	6.80795
1301	6.80795
1302	6.80795
1303	6.80795
1304	6.80795
1305	6.80795
1306	6.80795
1307	6.80795
1308	6.80795
1309	6.80795
1310	6.80795
1311	6.80795
1312	6.80795
1313	6.80795
1314	6.80795
1315	6.80795
1316	6.80795
1317	6.80795
1318	6.80795
1319	6.80795
1320	6.80795
1321	6.80795
1322	6.80795
1323	6.80795
1324	6.80795
1325	6.80795
1326	6.80795
1327	6.24788
1328	6.2403
1329	6.2403
1330	6.2403
1331	6.2403
1332	6.2403
1333	6.2403
1334	6.2403
1335	6.2403
1336	6.2403
1337	6.2403
1338	6.2403
1339	6.2403
1340	6.2403
1341	6.2403
1342	6.2403
1343	6.2403
1344	6.2403
1345	6.2403
1346	6.2403
1347	6.2403
1348	6.2403
1349	6.2403
1350	6.2403
1351	6.2403
1352	6.2403
1353	6.2403
1354	6.2403
1355	6.2403
1356	6.2403
1357	6.2403
1358	6.2403
1359	6.2403
1360	6.2403
1361	6.2403
1362	6.2403
1363	6.2403
1364	6.2403
1365	6.2403
1366	6.2403
1367	6.2403
1368	6.2403
1369	6.2403
1370	6.2403
1371	6.2403
1372	6.2403
1373	6.2403
1374	6.2403
1375	6.2403
1376	6.2403
1377	6.2403
1378	6.2403
1379	6.2403
1380	6.2403
1381	6.2403
1382	6.2403
1383	6.2403
1384	6.2403
1385	6.2403
1386	6.2403
1387	6.2403
1388	6.2403
1389	6.2403
1390	6.2403
1391	6.2403
1392	6.2403
1393	6.2403
1394	6.2403
1395	6.2403
1396	6.2403
1397	6.2403
1398	6.2403
1399	6.2403
1400	6.2403
1401	6.2403
1402	6.2403
1403	6.2403
1404	6.2403
1405	6.2403
1406	6.2403
1407	6.2403
1408	6.2403
1409	6.2403
1410	6.2403
1411	6.2403
1412	6.2403
1413	6.2403
1414	6.2403
1415	6.2403
1416	6.2403
1417	6.2403
1418	6.2403
1419	6.2403
1420	6.2403
1421	6.2403
1422	6.2403
1423	6.2403
1424	6.2403
1425	6.2403
1426	6.2403
1427	6.2403
1428	6.2403
1429	6.2403
1430	6.2403
1431	6.2403
1432	6.2403
1433	6.2403
1434	6.2403
1435	6.2403
1436	6.2403
1437	6.2403
1438	6.2403
1439	6.2403
1440	6.2403
1441	6.2403
1442	6.2403
1443	6.2403
1444	6.2403
1445	6.2403
1446	6.2403
1447	6.2403
1448	6.44261
1449	6.44261
1450	6.44261
1451	6.41726
1452	6.41726
1453	6.41726
1454	6.41726
1455	6.41726
1456	6.41726
1457	6.2403
1458	6.2403
1459	6.2403
1460	6.2403
1461	6.2403
1462	6.2403
1463	6.2403
1464	6.2403
1465	6.2403
1466	6.2403
1467	6.2403
1468	6.2403
1469	6.25777
1470	6.47364
1471	6.2403
1472	6.2403
1473	6.2403
1474	6.2403
1475	6.47364
1476	6.2403
1477	6.2403
1478	6.2403
1479	6.2403
1480	6.2403
1481	6.2403
1482	6.2403
1483	6.2403
1484	6.2403
1485	6.2403
1486	6.2403
1487	6.2403
1488	6.2403
1489	6.2403
1490	6.2403
1491	6.2403
1492	6.2403
1493	6.2403
1494	6.2403
1495	6.2403
1496	6.2403
1497	6.2403
1498	6.2403
1499	6.2403
1500	6.2403
1501	6.2403
1502	6.2403
1503	6.2403
1504	6.2403
1505	6.2403
1506	6.2403
1507	6.2403
1508	6.2403
1509	6.2403
1510	6.2403
1511	6.2403
1512	6.2403
1513	6.2403
1514	6.2403
1515	6.2403
1516	6.2403
1517	6.2403
1518	6.2403
1519	6.2403
1520	6.2403
1521	6.2403
1522	6.2403
1523	6.2403
1524	6.2403
1525	6.2403
1526	6.2403
1527	6.2403
1528	6.2403
1529	6.2403
1530	6.2403
1531	6.2403
1532	6.2403
1533	6.2403
1534	6.2403
1535	6.2403
1536	6.2403
1537	6.2403
1538	6.2403
1539	6.2403
1540	6.2403
1541	6.2403
1542	6.2403
1543	6.2403
1544	6.2403
1545	6.2403
1546	6.2403
1547	6.2403
1548	6.2403
1549	6.2403
1550	6.2403
1551	6.2403
1552	6.2403
1553	6.2403
1554	6.2403
1555	6.2403
1556	6.2403
1557	6.2403
1558	6.2403
1559	6.2403
1560	6.2403
1561	6.2403
1562	6.2403
1563	6.2403
1564	6.2403
1565	6.2403
1566	6.2403
1567	6.2403
1568	6.2403
1569	6.2403
1570	6.2403
1571	6.2403
1572	6.2403
1573	6.2403
1574	6.2403
1575	6.2403
1576	6.2403
1577	6.2403
1578	6.2403
1579	6.2403
1580	6.2403
1581	6.2403
1582	6.2403
1583	6.2403
1584	6.2403
1585	6.2403
1586	6.2403
1587	6.2403
1588	6.2403
1589	6.2403
1590	6.2403
1591	6.2403
1592	6.2403
1593	6.2403
1594	6.2403
1595	6.2403
1596	6.2403
1597	6.2403
1598	6.2403
1599	6.2403
1600	6.2403
1601	6.2403
1602	6.2403
1603	6.2403
1604	6.2403
1605	6.2403
1606	6.2403
1607	6.2403
1608	6.2403
1609	6.2403
1610	6.2403
1611	6.2403
1612	6.2403
1613	6.2403
1614	6.2403
1615	6.2403
1616	6.2403
1617	6.2403
1618	6.2403
1619	6.2403
1620	6.2403
1621	6.2403
1622	6.2403
1623	6.2403
1624	6.2403
1625	6.2403
1626	6.2403
1627	6.25777
1628	6.2403
1629	6.2403
1630	6.2403
1631	6.2403
1632	6.2403
1633	6.2403
1634	6.2403
1635	6.2403
1636	6.2403
1637	6.2403
1638	6.2403
1639	6.2403
1640	6.2403
1641	6.2403
1642	6.2403
1643	6.2403
1644	6.2403
1645	6.2403
1646	6.2403
1647	6.2403
1648	6.2403
1649	6.2403
1650	6.2403
1651	6.2403
1652	6.2403
1653	6.2403
1654	6.2403
1655	6.2403
1656	6.2403
1657	6.2403
1658	6.2403
1659	6.2403
1660	6.2403
1661	6.2403
1662	6.2403
1663	6.2403
1664	6.2403
1665	6.2403
1666	6.2403
1667	6.2403
1668	6.37523
1669	6.2403
1670	6.2403
1671	6.2403
1672	6.2403
1673	6.2403
1674	6.2403
1675	6.2403
1676	6.2403
1677	6.2403
1678	6.56315
1679	6.2403
1680	6.2403
1681	6.2403
1682	6.2403
1683	6.2403
1684	6.2403
1685	6.2403
1686	6.2403
1687	6.2403
1688	6.2403
1689	6.2403
1690	6.2403
1691	6.2403
1692	6.2403
1693	6.2403
1694	6.2403
1695	6.2403
1696	6.2403
1697	6.2403
1698	6.2403
1699	6.2403
1700	6.2403
1701	6.2403
1702	6.2403
1703	6.2403
1704	6.2403
1705	6.2403
1706	6.2403
1707	6.2403
1708	6.2403
1709	6.2403
1710	6.2403
1711	6.2403
1712	6.2403
1713	6.2403
1714	6.2403
1715	6.2403
1716	6.2403
1717	6.2403
1718	6.2403
1719	6.2403
1720	6.2403
1721	6.2403
1722	6.2403
1723	6.2403
1724	6.2403
1725	6.2403
1726	6.2403
1727	6.2403
1728	6.2403
1729	6.2403
1730	6.2403
1731	6.2403
1732	6.26019
1733	6.2403
1734	6.2403
1735	6.2403
1736	6.2403
1737	6.2403
1738	6.2403
1739	6.2403
1740	6.2403
1741	6.25777
1742	6.2403
1743	6.2403
1744	6.2403
1745	6.2403
1746	6.2403
1747	6.2403
1748	6.2403
1749	6.2403
1750	6.2403
1751	6.2403
1752	6.2403
1753	6.2403
1754	6.2403
1755	6.2403
1756	6.2403
1757	6.2403
1758	6.2403
1759	6.2403
1760	6.2403
1761	6.2403
1762	6.2403
1763	6.2403
1764	6.2403
1765	6.2403
1766	6.2403
1767	6.2403
1768	6.2403
1769	6.2403
1770	6.2403
1771	6.2403
1772	6.2403
1773	6.2403
1774	6.2403
1775	6.2403
1776	6.2403
1777	6.2403
1778	6.2403
1779	6.2403
1780	6.2403
1781	6.2403
1782	6.2403
1783	6.2403
1784	6.2403
1785	6.2403
1786	6.2403
1787	6.2403
1788	6.2403
1789	6.2403
1790	6.2403
1791	6.2403
1792	6.2403
1793	6.2403
1794	6.2403
1795	6.2403
1796	6.2403
1797	6.2403
1798	6.2403
1799	6.2403
1800	6.2403
1801	6.2403
1802	6.2403
1803	6.2403
1804	6.2403
1805	6.2403
1806	6.2403
1807	6.2403
1808	6.2403
1809	6.2403
1810	6.2403
1811	6.2403
1812	6.2403
1813	6.2403
1814	6.2403
1815	6.2403
1816	6.2403
1817	6.2403
1818	6.2403
1819	6.2403
1820	6.2403
1821	6.2403
1822	6.2403
1823	6.2403
1824	6.2403
1825	6.2403
1826	6.2403
1827	6.2403
1828	6.2403
1829	6.2403
1830	6.2403
1831	6.2403
1832	6.2403
1833	6.2403
1834	6.2403
1835	6.2403
1836	6.2403
1837	6.2403
1838	6.2403
1839	6.2403
1840	6.2403
1841	6.2403
1842	6.2403
1843	6.2403
1844	6.2403
1845	6.2403
1846	6.4537
1847	6.4537
1848	6.4537
1849	6.4537
1850	6.4537
1851	6.4537
1852	6.4537
1853	7.06728
1854	7.06728
1855	6.4537
1856	7.06728
1857	6.4537
1858	6.4537
1859	6.4537
1860	6.4537
1861	6.4537
1862	6.4537
1863	6.4537
1864	6.4537
1865	6.4537
1866	6.4537
1867	6.4537
1868	6.4537
1869	6.4537
1870	6.4537
1871	6.4537
1872	6.4537
1873	6.4537
1874	6.4537
1875	6.42863
1876	6.42863
1877	6.42863
1878	6.42863
1879	6.42863
1880	6.42863
1881	6.42863
1882	6.42863
1883	6.42863
1884	6.42863
1885	6.42863
1886	6.42863
1887	6.42863
1888	6.42863
1889	6.42863
1890	6.42863
1891	6.42863
1892	6.42863
1893	6.42863
1894	6.42863
1895	6.42863
1896	6.42863
1897	6.42863
1898	6.42863
1899	6.42863
1900	6.42863
1901	6.42863
1902	6.42863
1903	6.42863
1904	6.42863
1905	6.42863
1906	6.42863
1907	6.42863
1908	6.42863
1909	6.42863
1910	6.42863
1911	6.42863
1912	6.42863
1913	6.42863
1914	6.42863
1915	6.42863
1916	6.42863
1917	6.42863
1918	6.42863
1919	6.42863
1920	6.42863
1921	6.42863
1922	6.42863
1923	6.42863
1924	6.42863
1925	6.42863
1926	6.42863
1927	6.42863
1928	6.42863
1929	6.42863
1930	6.42863
1931	6.42863
1932	6.42863
1933	6.42863
1934	6.42863
1935	6.42863
1936	6.42863
1937	6.42863
1938	6.42863
1939	6.42863
1940	6.42863
1941	6.42863
1942	6.42863
1943	6.42863
1944	6.42863
1945	6.42863
1946	6.42863
1947	6.42863
1948	6.42863
1949	6.42863
1950	6.42863
1951	6.42863
1952	6.42863
1953	6.63094
1954	6.42863
1955	6.42863
1956	6.42863
1957	6.42863
1958	6.42863
1959	6.42863
1960	6.42863
1961	6.42863
1962	6.42863
1963	6.42863
1964	6.42863
1965	6.42863
1966	6.42863
1967	6.42863
1968	6.42863
1969	6.42863
1970	6.42863
1971	6.42863
1972	6.42863
1973	6.42863
1974	6.42863
1975	6.42863
1976	6.42863
1977	6.42863
1978	6.42863
1979	6.42863
1980	6.42863
1981	6.42863
1982	6.42863
1983	6.42863
1984	6.42863
1985	6.42863
1986	6.42863
1987	6.42863
1988	6.42863
1989	6.42863
1990	6.42863
1991	6.42863
1992	6.42863
1993	6.42863
1994	6.42863
1995	6.42863
1996	6.42863
1997	6.42863
1998	6.42863
1999	6.42863
2000	6.42863
2001	6.42863
2002	6.42863
2003	6.42863
2004	6.42863
2005	6.42863
2006	6.42863
2007	6.42863
2008	6.42863
2009	6.42863
2010	6.42863
2011	7.55132
2012	7.0691
2013	7.0691
2014	7.0691
2015	6.89394
2016	6.89394
2017	6.89394
2018	6.89383
2019	6.88257
2020	6.88257
2021	6.88257
2022	6.88257
2023	6.88257
2024	6.88257
2025	6.88257
2026	6.2403
2027	6.2403
2028	6.2403
2029	6.2403
2030	6.53192
2031	6.33004
2032	6.33004
2033	6.2403
2034	6.2403
2035	6.2403
2036	6.2403
2037	6.2403
2038	6.2403
2039	6.2403
2040	6.2403
2041	6.2403
2042	6.2403
2043	6.2403
2044	6.2403
2045	6.2403
2046	6.2403
2047	6.2403
2048	6.2403
2049	6.2403
2050	6.2403
2051	6.2403
2052	6.2403
2053	6.2403
2054	6.2403
2055	6.2403
2056	6.2403
2057	6.2403
2058	6.2403
2059	6.2403
2060	6.2403
2061	6.2403
2062	6.2403
2063	6.2403
2064	6.2403
2065	6.2403
2066	6.2403
2067	6.26186
2068	6.2403
2069	6.2403
2070	6.2403
2071	6.2403
2072	6.2403
2073	6.2403
2074	6.2403
2075	6.2403
2076	6.2403
2077	6.2403
2078	6.2403
2079	6.2403
2080	6.2403
2081	6.2403
2082	6.2403
2083	6.2403
2084	6.2403
2085	6.2403
2086	6.2403
2087	6.2403
2088	6.2403
2089	6.2403
2090	6.2403
2091	6.2403
2092	6.2403
2093	6.2403
2094	6.2403
2095	6.2403
2096	6.2403
2097	6.2403
2098	6.2403
2099	6.2403
2100	6.2403
2101	6.2403
2102	6.2403
2103	6.2403
2104	6.2403
2105	6.2403
2106	6.2403
2107	6.2403
2108	6.2403
2109	6.2403
2110	6.2403
2111	6.2403
2112	6.2403
2113	6.2403
2114	6.2403
2115	6.2403
2116	6.2403
2117	6.2403
2118	6.2403
2119	6.2403
2120	6.2403
2121	6.2403
2122	6.2403
2123	6.2403
2124	6.2403
2125	6.2403
2126	6.2403
2127	6.2403
2128	6.2403
2129	6.2403
2130	6.2403
2131	6.2403
2132	6.2403
2133	6.2403
2134	6.2403
2135	6.2403
2136	6.2403
2137	6.2403
2138	6.2403
2139	6.2403
2140	6.2403
2141	6.2403
2142	6.2403
2143	6.2403
2144	6.2403
2145	6.2403
2146	6.2403
2147	6.2403
2148	6.2403
2149	6.2403
2150	6.2403
2151	6.2403
2152	6.2403
2153	6.2403
2154	6.2403
2155	6.2403
2156	6.2403
2157	6.2403
2158	6.2403
2159	6.2403
2160	6.2403
2161	6.2403
2162	6.2403
2163	6.31666
2164	6.2403
2165	6.2403
2166	6.2403
2167	6.2403
2168	6.2403
2169	6.2403
2170	6.2403
2171	6.2403
2172	6.2403
2173	6.2403
2174	6.2403
2175	6.2403
2176	6.2403
2177	6.2403
2178	6.2403
2179	6.2403
2180	6.2403
2181	6.2403
2182	6.2403
2183	6.2403
2184	6.2403
2185	6.2403
2186	6.2403
2187	6.2403
2188	6.2403
2189	6.2403
2190	6.2403
2191	6.2403
2192	6.2403
2193	6.2403
2194	6.2403
2195	6.2403
2196	6.2403
2197	6.2403
2198	6.2403
2199	6.2403
2200	6.2403
2201	6.2403
2202	6.2403
2203	6.2403
2204	6.2403
2205	6.2403
2206	6.2403
2207	6.2403
2208	6.2403
2209	6.2403
2210	6.2403
2211	6.2403
2212	6.2403
2213	6.2403
2214	6.2403
2215	6.2403
2216	6.2403
2217	6.2403
2218	6.2403
2219	6.2403
2220	6.2403
2221	6.2403
2222	6.2403
2223	6.2403
2224	6.2403
2225	6.2403
2226	6.2403
2227	6.2403
2228	6.2403
2229	6.2403
2230	6.2403
2231	6.2403
2232	6.2403
2233	6.2403
2234	6.2403
2235	6.2403
2236	6.2403
2237	6.2403
2238	6.2403
2239	6.2403
2240	6.2403
2241	6.2403
2242	6.2403
2243	6.2403
2244	6.2403
2245	6.2403
2246	6.2403
2247	6.2403
2248	6.41726
2249	6.2403
2250	6.2403
2251	6.2403
2252	6.2403
2253	6.2403
2254	6.2403
2255	6.2403
2256	6.2403
2257	6.2403
2258	6.2403
2259	6.2403
2260	6.2403
2261	6.2403
2262	6.2403
2263	6.2403
2264	6.2403
2265	6.2403
2266	6.2403
2267	6.2403
2268	6.2403
2269	6.2403
2270	6.2403
2271	6.2403
2272	6.2403
2273	6.2403
2274	6.2403
2275	6.2403
2276	6.2403
2277	6.2403
2278	6.2403
2279	6.2403
2280	6.2403
2281	6.2403
2282	6.2403
2283	6.2403
2284	6.2403
2285	6.2403
2286	6.2403
2287	6.2403
2288	6.2403
2289	6.2403
2290	6.2403
2291	6.2403
2292	6.2403
2293	6.2403
2294	6.56986
2295	6.56986
2296	6.56986
2297	6.2403
2298	6.2403
2299	6.2403
2300	6.2403
2301	6.2403
2302	6.2403
2303	6.2403
2304	6.2403
2305	6.2403
2306	6.2403
2307	6.2403
2308	6.2403
2309	6.2403
2310	6.2403
2311	6.2403
2312	6.2403
2313	6.2403
2314	6.2403
2315	6.2403
2316	6.2403
2317	6.2403
2318	6.2403
2319	6.2403
2320	6.2403
2321	6.2403
2322	6.2403
2323	6.2403
2324	6.2403
2325	6.2403
2326	6.2403
2327	6.2403
2328	6.2403
2329	6.2403
2330	6.2403
2331	6.2403
2332	6.2403
2333	6.2403
2334	6.2403
2335	6.2403
2336	6.2403
2337	6.2403
2338	6.2403
2339	6.2403
2340	6.2403
2341	6.2403
2342	6.2403
2343	6.2403
2344	6.2403
2345	6.2403
2346	6.2403
2347	6.2403
2348	6.2403
2349	6.2403
2350	6.2403
2351	6.2403
2352	6.2403
2353	6.2403
2354	6.2403
2355	6.2403
2356	6.2403
2357	6.2403
2358	6.2403
2359	6.2403
2360	6.2403
2361	6.2403
2362	6.2403
2363	6.2403
2364	6.2403
2365	6.2403
2366	6.2403
2367	6.2403
2368	6.2403
2369	6.2403
2370	6.2403
2371	6.2403
2372	6.2403
2373	6.2403
2374	6.2403
2375	6.2403
2376	6.2403
2377	6.2403
2378	6.2403
2379	6.2403
2380	6.2403
2381	6.2403
2382	6.47364
2383	6.2403
2384	8.13311
2385	7.37578
2386	7.68869
2387	7.68869
2388	7.68869
2389	7.37578
2390	7.37578
2391	7.37578
2392	7.37578
2393	7.37578
2394	7.37578
2395	7.37571
2396	7.37571
2397	7.37571
2398	7.37571
2399	7.37571
2400	7.37571
2401	7.37571
2402	7.37571
2403	7.37571
2404	7.37571
2405	7.37571
2406	7.37571
2407	7.37571
2408	7.37571
2409	7.37571
2410	7.37571
2411	7.37571
2412	7.37571
2413	7.37571
2414	7.37571
2415	7.37571
2416	7.37571
2417	7.37571
2418	7.37571
2419	7.37571
2420	7.37571
2421	7.37571
2422	7.37571
2423	7.37571
2424	7.37571
2425	7.37571
2426	7.37571
2427	7.37571
2428	7.37571
2429	7.37571
2430	7.37571
2431	7.37571
2432	7.37571
2433	7.37571
2434	7.37571
2435	7.37571
2436	7.37571
2437	7.37571
2438	7.37571
2439	7.37571
2440	7.37571
2441	7.37571
2442	7.37571
2443	7.37571
2444	7.37571
2445	7.37571
2446	7.37571
2447	7.37571
2448	7.37571
2449	7.37571
2450	7.37571
2451	7.37571
2452	7.37571
2453	7.37571
2454	7.37571
2455	7.37571
2456	7.37571
2457	7.37571
2458	7.37571
2459	7.37571
2460	8.17612
2461	10.2365
2462	8.76629
2463	8.76629
2464	8.76629
2465	8.76629
2466	8.76629
2467	8.76629
2468	8.76629
2469	8.76629
2470	8.76629
2471	7.65778
2472	7.65778
2473	7.65778
2474	7.65778
2475	7.65755
2476	7.1757
2477	7.1757
2478	7.17547
2479	7.17547
2480	7.17547
2481	7.17547
2482	7.17547
2483	7.17547
2484	7.17547
2485	7.17547
2486	7.17547
2487	7.17547
2488	7.17547
2489	7.15605
2490	7.15605
2491	7.15605
2492	7.15605
2493	7.15605
2494	7.15605
2495	7.15605
2496	7.15605
2497	7.15605
2498	7.15605
2499	7.15605
2500	7.15605
2501	7.15605
2502	7.15605
2503	7.15605
2504	7.15605
2505	7.15605
2506	7.15572
2507	7.15572
2508	7.15572
2509	7.15572
2510	7.15572
2511	7.15572
2512	7.15572
2513	7.15572
2514	7.15572
2515	7.15572
2516	7.15572
2517	7.15572
2518	7.15572
2519	7.15572
2520	7.15572
2521	7.02112
2522	7.02112
2523	7.02112
2524	7.02112
2525	7.02112
2526	7.01354
2527	7.01354
2528	7.01354
2529	7.01354
2530	7.01354
2531	7.01354
2532	7.01354
2533	7.01354
2534	7.01354
2535	7.01354
2536	7.01354
2537	7.01354
2538	6.82522
2539	6.82522
2540	6.82522
2541	6.82522
2542	6.71374
2543	6.71374
2544	6.71374
2545	6.72663
2546	6.72663
2547	6.72663
2548	6.71374
2549	6.71374
2550	6.69408
2551	6.69408
2552	6.69408
2553	6.69408
2554	6.69408
2555	6.69408
2556	6.69408
2557	6.69408
2558	6.69408
2559	6.69408
2560	6.69408
2561	6.69408
2562	6.69408
2563	6.69408
2564	6.69408
2565	6.69408
2566	6.69408
2567	6.69408
2568	6.69408
2569	6.69408
2570	6.69408
2571	6.69408
2572	6.69408
2573	6.69408
2574	6.69408
2575	6.69408
2576	6.69408
2577	6.69408
2578	6.69408
2579	6.69408
2580	6.69408
2581	6.69408
2582	6.69408
2583	6.69408
2584	6.69408
2585	6.69408
2586	6.69408
2587	6.69408
2588	6.69408
2589	6.69408
2590	6.69408
2591	6.69408
2592	6.69408
2593	6.69408
2594	6.69408
2595	6.69408
2596	6.69408
2597	6.69408
2598	6.69408
2599	6.69408
2600	6.69408
2601	6.69408
2602	6.69408
2603	6.69408
2604	6.69408
2605	6.69408
2606	6.69408
2607	6.69408
2608	6.69408
2609	6.69408
2610	6.69408
2611	6.69408
2612	6.69408
2613	6.77044
2614	6.69408
2615	6.24788
2616	6.24788
2617	6.24788
2618	6.24788
2619	6.24788
2620	6.2403
2621	6.2403
2622	6.2403
2623	6.2403
2624	6.2403
2625	6.2403
2626	6.2403
2627	6.2403
2628	6.2403
2629	6.2403
2630	6.2403
2631	6.2403
2632	6.2403
2633	6.2403
2634	6.2403
2635	6.2403
2636	6.2403
2637	6.2403
2638	6.2403
2639	6.2403
2640	6.2403
2641	6.2403
2642	6.2403
2643	6.2403
2644	6.2403
2645	6.2403
2646	6.2403
2647	6.2403
2648	6.2403
2649	6.2403
2650	6.2403
2651	6.2403
2652	6.2403
2653	6.2403
2654	6.2403
2655	6.2403
2656	6.2403
2657	6.2403
2658	6.2403
2659	6.2403
2660	6.2403
2661	6.2403
2662	6.2403
2663	6.2403
2664	6.2403
2665	6.2403
2666	6.2403
2667	6.2403
2668	6.2403
2669	6.2403
2670	6.2403
2671	6.2403
2672	6.2403
2673	6.2403
2674	6.2403
2675	6.2403
2676	6.2403
2677	6.2403
2678	6.2403
2679	6.2403
2680	6.2403
2681	6.2403
2682	6.2403
2683	6.2403
2684	6.24788
2685	6.2403
2686	6.2403
2687	8.96157
2688	6.2403
2689	6.2403
2690	6.2403
2691	6.2403
2692	6.2403
2693	6.2403
2694	6.2403
2695	6.2403
2696	6.2403
2697	6.2403
2698	6.2403
2699	6.2403
2700	6.2403
2701	6.2403
2702	6.2403
2703	6.2403
2704	6.2403
2705	6.2403
2706	6.2403
2707	6.2403
2708	6.2403
2709	6.2403
2710	6.2403
2711	6.2403
2712	6.2403
2713	6.2403
2714	6.2403
2715	6.2403
2716	6.2403
2717	6.2403
2718	6.2403
2719	6.2403
2720	6.4537
2721	6.2403
2722	6.97665
2723	6.97665
2724	6.97665
2725	6.97665
2726	6.2403
2727	6.2403
2728	6.2403
2729	6.2403
2730	6.2403
2731	6.2403
2732	6.2403
2733	6.2403
2734	6.2403
2735	6.2403
2736	6.2403
2737	6.2403
2738	6.2403
2739	6.2403
2740	6.2403
2741	6.2403
2742	6.2403
2743	6.2403
2744	6.2403
2745	6.2403
2746	6.2403
2747	6.2403
2748	6.2403
2749	6.2403
2750	6.2403
2751	6.2403
2752	6.2403
2753	6.2403
2754	6.2403
2755	6.2403
2756	6.2403
2757	6.39478
2758	6.2403
2759	6.2403
2760	6.2403
2761	6.2403
2762	6.2403
2763	6.2403
2764	6.2403
2765	6.2403
2766	6.2403
2767	6.2403
2768	6.2403
2769	6.2403
2770	6.26186
2771	6.2403
2772	6.2403
2773	6.2403
2774	6.2403
2775	6.2403
2776	6.2403
2777	6.2403
2778	6.2403
2779	6.2403
2780	6.2403
2781	6.2403
2782	6.2403
2783	6.2403
2784	6.2403
2785	6.2403
2786	6.2403
2787	6.2403
2788	6.2403
2789	6.2403
2790	6.2403
2791	6.2403
2792	6.2403
2793	6.2403
2794	6.2403
2795	6.2403
2796	6.2403
2797	6.2403
2798	6.2403
2799	6.2403
2800	6.2403
2801	6.2403
2802	6.2403
2803	6.2403
2804	6.2403
2805	6.2403
2806	6.2403
2807	6.2403
2808	6.2403
2809	6.2403
2810	6.2403
2811	6.2403
2812	6.2403
2813	6.2403
2814	6.2403
2815	6.2403
2816	6.2403
2817	6.2403
2818	6.2403
2819	6.2403
2820	6.2403
2821	6.2403
2822	6.2403
2823	6.2403
2824	6.2403
2825	6.2403
2826	6.2403
2827	6.2403
2828	6.2403
2829	6.2403
2830	6.2403
2831	6.2403
2832	6.2403
2833	6.2403
2834	6.2403
2835	6.2403
2836	6.2403
2837	6.2403
2838	6.2403
2839	6.2403
2840	6.2403
2841	6.2403
2842	6.2403
2843	6.2403
2844	6.2403
2845	6.2403
2846	6.2403
2847	6.2403
2848	6.2403
2849	6.2403
2850	6.2403
2851	6.2403
2852	6.2403
2853	6.2403
2854	6.2403
2855	6.2403
2856	6.2403
2857	6.2403
2858	6.2403
2859	6.2403
2860	6.2403
2861	6.2403
2862	6.2403
2863	6.47364
2864	6.2403
2865	6.2403
2866	6.2403
2867	6.2403
2868	6.2403
2869	6.2403
2870	6.2403
2871	6.2403
2872	6.2403
2873	6.2403
2874	6.2403
2875	6.2403
2876	6.2403
2877	6.2403
2878	6.2403
2879	6.2403
2880	6.2403
2881	6.2403
2882	6.2403
2883	6.2403
2884	6.2403
2885	6.2403
2886	6.2403
2887	6.2403
2888	6.2403
2889	6.2403
2890	6.2403
2891	6.2403
2892	6.2403
2893	6.2403
2894	6.2403
2895	6.2403
2896	6.2403
2897	6.2403
2898	6.2403
2899	6.2403
2900	6.2403
2901	6.2403
2902	6.2403
2903	6.2403
2904	6.2403
2905	6.2403
2906	6.2403
2907	6.2403
2908	6.2403
2909	6.2403
2910	6.2403
2911	6.2403
2912	6.2403
2913	6.2403
2914	6.2403
2915	6.2403
2916	6.2403
2917	6.2403
2918	6.2403
2919	6.2403
2920	6.2403
2921	6.2403
2922	6.2403
2923	6.2403
2924	6.2403
2925	6.2403
2926	6.2403
2927	6.2403
2928	6.2403
2929	6.2403
2930	6.2403
2931	6.2403
2932	6.2403
2933	6.2403
2934	6.2403
2935	6.2403
2936	6.2403
2937	6.2403
2938	6.2403
2939	6.2403
2940	6.2403
2941	6.2403
2942	6.2403
2943	6.2403
2944	6.2403
2945	6.2403
2946	6.2403
2947	6.2403
2948	6.2403
2949	6.2403
2950	6.2403
2951	6.2403
2952	6.2403
2953	6.2403
2954	6.2403
2955	6.2403
2956	6.2403
2957	6.2403
2958	6.2403
2959	6.2403
2960	6.2403
2961	6.2403
2962	6.2403
2963	6.2403
2964	6.2403
2965	6.2403
2966	6.41726
2967	9.15482
2968	9.15482
2969	8.89865
2970	8.89865
2971	8.89865
2972	8.89865
2973	8.89865
2974	8.89865
2975	8.8687
2976	8.8687
2977	8.8687
2978	8.8687
2979	8.8687
2980	8.85123
2981	8.85123
2982	8.67655
2983	8.67655
2984	8.67655
2985	8.67655
2986	8.67655
2987	8.67655
2988	8.67655
2989	8.67655
2990	8.67655
2991	8.67655
2992	8.67655
2993	8.65908
2994	8.65908
2995	8.65908
2996	8.65908
2997	8.65908
2998	8.65908
2999	8.65908
3000	8.65908
