34.2464
35.2003
35.5205
35.5705
35.6241
35.7881
35.9829
36.5122
36.5934
36.685
36.9882
37.0804
37.4467
37.5549
37.6579
37.7648
37.9154
38.0513
38.4921
38.673
38.8092
39.1189
39.1453
39.1709
39.3501
39.4116
39.4513
39.5467
39.6559
39.7653
39.7898
39.8248
39.9426
39.981
40.0425
40.1438
40.1595
40.2042
40.2089
40.3328
40.6823
40.8056
40.8496
40.9336
41.1842
41.2993
41.4258
41.4261
41.4497
41.4855
41.4886
41.528
41.5522
41.5666
41.5952
41.8987
41.9275
41.9414
42.0432
42.0544
42.065
42.0681
42.2595
42.3067
42.569
42.6405
42.6428
42.7054
42.7232
42.8306
42.8696
42.9798
43.0748
43.1787
43.2455
43.2555
43.3213
43.3594
43.382
43.4772
43.4945
43.8242
43.9977
44.146
44.2025
44.2406
44.2765
44.3057
44.3296
44.331
44.6177
44.6322
45.0685
45.2605
45.3213
45.5746
45.8628
46.2485
46.9161
47.2608
