1	39.7645
2	39.3195
3	39.3101
4	38.4197
5	37.9372
6	37.62
7	37.212
8	36.3668
9	36.2624
10	36.4766
11	36.7463
12	36.4281
13	36.7838
14	36.8446
15	37.1007
16	37.0903
17	36.9649
18	36.9914
19	36.9109
20	36.2051
21	35.9471
22	36.226
23	36.3813
24	36.7957
25	36.7889
26	36.7767
27	36.4048
28	36.7032
29	36.3288
30	36.3263
31	36.3478
32	35.8956
33	35.8793
34	35.7933
35	35.3214
36	36.3619
37	36.3581
38	36.4808
39	36.623
40	36.9369
41	36.458
42	36.3891
43	36.8884
44	36.4807
45	36.4097
46	36.4814
47	36.6869
48	36.3324
49	36.9654
50	36.8176
51	36.3756
52	36.9939
53	37.101
54	37.1198
55	36.8154
56	36.8996
57	36.8051
58	37.1071
59	37.5854
60	37.2717
61	36.842
62	36.5047
63	36.5054
64	36.5865
65	36.465
66	36.5627
67	35.6773
68	36.6048
69	36.8322
70	37.0161
71	37.0557
72	37.8047
73	37.7091
74	37.5512
75	37.4179
76	37.066
77	36.9743
78	36.5973
79	36.6102
80	36.5626
81	36.1918
82	35.9163
83	35.9671
84	35.8993
85	35.5568
86	34.9432
87	35.5276
88	35.8051
89	35.6932
90	36.1077
91	36.3313
92	36.0252
93	36.4431
94	36.2549
95	35.8509
96	35.0098
97	34.271
98	34.7649
99	33.8957
100	33.9253
101	33.3183
102	33.3997
103	33.7359
104	34.1823
105	33.6413
106	33.4304
107	33.5991
108	33.3728
109	32.8659
110	32.7688
111	32.8941
112	33.1117
113	32.8127
114	33.5904
115	33.9144
116	33.379
117	34.0878
118	34.8456
119	35.5206
120	35.2298
121	34.9309
122	35.7988
123	36.0153
124	35.5686
125	35.0992
126	35.2537
127	35.057
128	34.7319
129	35.1593
130	34.9899
131	35.7009
132	35.663
133	36.0736
134	35.925
135	36.1208
136	36.5855
137	36.6934
138	36.9434
139	37.1964
140	36.2492
141	36.7584
142	36.7549
143	36.2908
144	35.8709
145	35.9851
146	36.4413
147	35.9034
148	35.9376
149	35.6161
150	35.9907
151	35.9551
152	35.696
153	35.8073
154	35.6772
155	35.1625
156	34.9333
157	35.1628
158	34.8581
159	34.4626
160	34.747
161	34.511
162	34.0041
163	33.1042
164	33.3376
165	32.8033
166	32.7196
167	32.6995
168	32.9568
169	32.9877
170	32.9581
171	33.5676
172	33.7709
173	33.3633
174	33.5736
175	33.3669
176	32.8016
177	33.1178
178	33.2819
179	33.0233
180	32.7071
181	32.3149
182	32.7163
183	33.6649
184	33.631
185	33.6826
186	33.2932
187	32.8799
188	33.1819
189	32.5625
190	33.0617
191	33.5406
192	35.0066
193	34.323
194	33.9996
195	33.838
196	34.1398
197	34.4966
198	34.4945
199	35.2427
200	34.6822
201	35.5226
202	35.7293
203	36.3866
204	36.1765
205	35.5311
206	35.1913
207	34.9968
208	34.8078
209	34.1984
210	33.3874
211	34.3029
212	35.238
213	34.2681
214	34.2104
215	34.4255
216	33.6259
217	34.7254
218	35.1371
219	35.695
220	35.462
221	35.1828
222	36.1607
223	35.6564
224	35.9341
225	35.7925
226	35.5319
227	35.5038
228	36.4429
229	36.3143
230	36.6689
231	36.8671
232	36.6113
233	36.3043
234	36.1982
235	36.1611
236	35.4617
237	36.0748
238	36.3533
239	36.4245
240	36.1926
241	35.6298
242	34.671
243	34.7618
244	34.8538
245	34.2915
246	34.9466
247	34.1666
248	34.8136
249	34.7419
250	36.0403
251	36.8076
252	36.483
253	36.5802
254	37.198
255	37.3444
256	37.2339
257	36.9521
258	36.6881
259	36.776
260	36.5208
261	36.4997
262	36.2127
263	35.4888
264	35.0356
265	34.5722
266	34.6814
267	34.9319
268	35.1039
269	35.475
270	34.5254
271	34.8523
272	34.8707
273	34.7016
274	35.0958
275	35.5399
276	35.5166
277	35.7849
278	34.8399
279	34.8884
280	34.4264
281	34.3084
282	34.5101
283	34.2342
284	34.3087
285	33.9079
286	33.8262
287	33.9497
288	34.401
289	34.6975
290	34.8773
291	35.1819
292	35.2216
293	34.7151
294	33.7894
295	33.6998
296	33.1922
297	33.4203
298	33.0987
299	32.5936
300	32.7637
301	33.6468
302	34.3148
303	34.5772
304	34.2827
305	34.365
306	35.0696
307	35.2153
308	35.4546
309	35.0517
310	35.26
311	34.9173
312	34.9971
313	35.5716
314	35.1817
315	35.4721
316	35.7907
317	36.0179
318	36.0536
319	35.4167
320	35.5611
321	35.7307
322	36.0825
323	35.7828
324	35.8369
325	36.0624
326	36.1753
327	35.4211
328	35.4318
329	35.496
330	35.3257
331	36.2005
332	36.058
333	36.323
334	35.8001
335	34.3818
336	33.4818
337	33.5186
338	33.9335
339	34.94
340	35.0898
341	35.2824
342	35.679
343	35.292
344	35.6734
345	35.6705
346	34.9881
347	34.0998
348	34.622
349	34.6916
350	35.1623
351	34.7935
352	34.7225
353	34.6903
354	35.0774
355	35.6582
356	36.444
357	36.0187
358	35.6802
359	35.2846
360	36.1296
361	36.6776
362	36.3518
363	36.0106
364	36.3958
365	35.9257
366	35.6161
367	35.0946
368	34.5311
369	34.7646
370	34.4287
371	34.5997
372	34.6691
373	34.2308
374	33.4814
375	33.4263
376	32.6958
377	33.1373
378	32.6675
379	32.4903
380	32.4708
381	32.7582
382	32.8504
383	33.2967
384	32.2509
385	34.0086
386	34.7724
387	34.624
388	34.0489
389	34.0293
390	34.7484
391	35.2749
392	34.5817
393	35.4469
394	35.6603
395	36.0671
396	36.1982
397	36.3951
398	36.7125
399	37.0324
400	37.4475
401	37.6477
402	38.5343
403	37.7611
404	38.3683
405	38.6342
406	37.6442
407	37.2934
408	37.2383
409	36.9191
410	36.8737
411	36.2314
412	37.0052
413	37.4961
414	37.1589
415	37.5156
416	36.9463
417	37.2038
418	37.9431
419	37.9702
420	37.9827
421	36.5107
422	36.5361
423	37.0019
424	36.3871
425	36.2915
426	36.573
427	36.4623
428	36.3639
429	36.5228
430	36.0657
431	35.4673
432	36.0003
433	35.8301
434	35.363
435	34.7515
436	34.407
437	34.955
438	35.4376
439	34.9397
440	35.1844
441	35.2527
442	34.9702
443	35.2147
444	35.1778
445	35.5787
446	35.3463
447	35.6602
448	35.6568
449	35.4679
450	35.5359
451	35.0103
452	36.2842
453	36.3352
454	36.0858
455	36.005
456	36.0006
457	35.5933
458	35.5171
459	34.8341
460	34.6482
461	35.1902
462	35.5368
463	34.6429
464	34.9213
465	34.7938
466	34.5917
467	35.1454
468	34.6138
469	35.1456
470	35.6083
471	36.2367
472	36.0095
473	35.5694
474	36.0939
475	36.2679
476	35.9705
477	35.5661
478	35.1995
479	34.527
480	34.3726
481	33.8689
482	34.3121
483	34.1849
484	34.164
485	34.0231
486	33.5648
487	34.856
488	34.7643
489	35.4128
490	35.9198
491	35.8929
492	36.3305
493	36.6023
494	36.5938
495	36.5945
496	36.2567
497	36.4454
498	37.3551
499	37.395
500	37.6885
501	38.3144
502	37.992
503	37.9764
504	37.5237
505	37.2029
506	36.7703
507	37.3371
508	36.8095
509	36.5545
510	36.4617
511	36.2314
512	36.6725
513	36.5424
514	35.4287
515	35.2847
516	35.1758
517	35.6239
518	36.1036
519	35.4498
520	35.2486
521	35.3191
522	36.6149
523	36.1231
524	36.1676
525	37.0301
526	36.8027
527	37.1311
528	37.0451
529	37.0911
530	36.9254
531	36.832
532	36.5621
533	36.3744
534	35.961
535	35.9575
536	36.3858
537	36.029
538	36.363
539	36.7127
540	37.2401
541	36.7192
542	36.9451
543	36.5661
544	36.3354
545	35.8044
546	36.1145
547	35.8851
548	35.3436
549	34.9776
550	34.9764
551	35.2778
552	35.7553
553	35.612
554	35.3653
555	35.5609
556	34.8228
557	34.4762
558	34.5299
559	33.7576
560	33.2283
561	32.9573
562	32.8479
563	33.4189
564	34.2836
565	33.8236
566	33.8423
567	33.8993
568	33.8867
569	34.5401
570	34.654
571	34.0433
572	33.7657
573	33.822
574	33.6497
575	33.8967
576	34.1864
577	34.2638
578	34.8808
579	34.9603
580	34.9968
581	34.9351
582	34.4886
583	34.6409
584	34.8117
585	35.1876
586	35.2265
587	36.0344
588	35.5332
589	35.2281
590	34.6182
591	35.0673
592	35.658
593	35.844
594	35.7817
595	35.8726
596	35.9031
597	36.2459
598	35.7532
599	36.3823
600	35.7911
601	35.5277
602	35.6028
603	35.5077
604	34.9704
605	34.8691
606	34.5257
607	34.0519
608	34.3354
609	33.676
610	33.706
611	34.1754
612	34.4644
613	33.9634
614	33.8527
615	34.2514
616	34.5275
617	34.6275
618	34.0185
619	34.1665
620	34.3882
621	34.1149
622	34.3927
623	34.2322
624	34.2869
625	33.8085
626	33.1686
627	32.6017
628	32.1002
629	32.3996
630	32.9031
631	33.4062
632	33.6344
633	33.6062
634	33.7751
635	33.682
636	33.8737
637	34.5702
638	34.014
639	33.5368
640	33.6311
641	33.9289
642	33.4804
643	33.0874
644	33.3665
645	33.2645
646	32.9257
647	32.5493
648	32.8912
649	32.5574
650	32.6519
651	32.1271
652	32.2919
653	33.0764
654	32.4614
655	33.2844
656	32.2797
657	32.3967
658	32.2695
659	31.6062
660	31.2339
661	31.7949
662	31.4573
663	31.2762
664	31.8963
665	31.5112
666	32.1055
667	31.9134
668	31.822
669	31.6543
670	31.7159
671	30.8924
672	30.6161
673	31.0912
674	30.7835
675	31.0577
676	30.6644
677	31.8397
678	32.1228
679	31.9013
680	32.7418
681	32.706
682	33.038
683	33.5398
684	34.0818
685	33.7533
686	33.5737
687	33.9009
688	33.5117
689	33.4648
690	33.6317
691	34.2022
692	34.2403
693	34.3932
694	34.3353
695	33.9657
696	33.5504
697	33.6286
698	33.1624
699	33.6258
700	33.2091
701	33.2094
702	32.7715
703	32.1172
704	32.5467
705	32.8577
706	32.5739
707	31.9359
708	32.2357
709	32.6483
710	32.5466
711	33.2143
712	33.5151
713	34.052
714	34.044
715	34.3756
716	34.3256
717	34.0266
718	33.6224
719	33.3249
720	33.5664
721	34.2556
722	34.3344
723	34.9241
724	34.941
725	35.0748
726	34.6853
727	34.6256
728	34.6839
729	34.7173
730	34.1284
731	33.4324
732	33.8555
733	33.8713
734	33.6115
735	33.1969
736	33.3766
737	33.352
738	33.2482
739	34.2823
740	35.042
741	35.0924
742	34.7982
743	34.882
744	34.6831
745	35.2068
746	34.7399
747	34.8418
748	34.6504
749	34.8421
750	35.2655
751	34.624
752	35.0823
753	34.5108
754	35.446
755	35.3795
756	35.6548
757	34.9294
758	35.4579
759	35.7418
760	35.2462
761	35.9287
762	35.6271
763	36.0128
764	35.6897
765	36.0793
766	35.8648
767	35.7591
768	35.2779
769	34.8758
770	34.3593
771	35.0386
772	35.2745
773	35.1319
774	35.1394
775	35.7993
776	34.7323
777	35.3955
778	35.244
779	35.2375
780	35.1961
781	35.658
782	35.3426
783	35.7403
784	36.1671
785	36.0367
786	36.0074
787	36.7744
788	36.5766
789	36.9568
790	37.033
791	37.1775
792	37.0534
793	37.3363
794	37.2524
795	37.6236
796	37.5015
797	37.4499
798	37.319
799	37.2744
800	36.7676
801	36.5262
802	36.5016
803	36.9447
804	35.984
805	35.4041
806	35.1849
807	34.755
808	34.4088
809	34.3129
810	34.4673
811	35.2548
812	35.8826
813	35.5887
814	35.3917
815	35.2677
816	35.9368
817	35.8614
818	35.8529
819	35.6728
820	35.9964
821	35.9101
822	35.9056
823	35.7402
824	35.5838
825	35.5853
826	36.2573
827	36.5264
828	36.6787
829	36.5202
830	36.9403
831	36.0311
832	36.2093
833	35.9116
834	35.7661
835	35.8626
836	35.5248
837	35.7077
838	36.5801
839	35.7065
840	35.6426
841	34.8244
842	34.5068
843	35.0057
844	34.8664
845	35.031
846	36.0327
847	36.7167
848	36.4754
849	35.7514
850	36.1445
851	35.647
852	35.349
853	35.2473
854	35.0124
855	35.0278
856	34.5653
857	34.8826
858	35.8974
859	35.6443
860	35.546
861	35.3052
862	35.6446
863	34.6616
864	35.0341
865	35.0293
866	35.4278
867	35.1245
868	35.5916
869	35.3828
870	35.4427
871	34.9885
872	35.0862
873	35.9872
874	36.0747
875	36.184
876	36.016
877	36.0453
878	35.6914
879	35.1961
880	34.9424
881	34.7745
882	34.6273
883	34.8527
884	35.1038
885	35.9174
886	36.2359
887	35.7254
888	36.4012
889	36.9407
890	36.667
891	36.8682
892	36.7056
893	36.0549
894	35.7971
895	35.828
896	35.261
897	34.9598
898	34.9839
899	35.2267
900	35.3708
901	35.2477
902	35.6248
903	35.6455
904	35.9746
905	36.0634
906	35.4976
907	35.5599
908	36.1722
909	35.7561
910	36.1471
911	35.7227
912	35.3917
913	35.2157
914	35.4852
915	35.0923
916	35.5706
917	35.5747
918	36.4699
919	36.2465
920	36.5164
921	37.4013
922	37.4546
923	38.2965
924	37.8667
925	37.9318
926	37.906
927	38.3851
928	38.4482
929	38.2513
930	37.7992
931	37.396
932	37.2943
933	36.9217
934	37.3848
935	37.214
936	36.889
937	36.9103
938	37.3787
939	38.174
940	38.2264
941	37.6584
942	36.779
943	36.0354
944	36.0518
945	36.2188
946	36.4004
947	36.3225
948	36.3618
949	36.7309
950	37.6535
951	36.9349
952	36.9664
953	37.1024
954	37.7295
955	37.6534
956	37.6892
957	37.5555
958	37.137
959	36.6021
960	37.1161
961	37.214
962	36.9784
963	36.3195
964	36.0115
965	36.6395
966	35.7507
967	35.0925
968	35.1514
969	35.033
970	34.7614
971	34.7625
972	35.1469
973	34.922
974	34.5787
975	34.7274
976	34.7737
977	34.8548
978	34.8136
979	35.3987
980	35.3099
981	35.0042
982	35.5444
983	35.9522
984	36.2745
985	36.4971
986	36.4088
987	36.4156
988	36.4763
989	36.2072
990	36.0361
991	35.7109
992	35.6045
993	35.4859
994	35.5027
995	35.3574
996	35.4306
997	35.6705
998	35.1559
999	33.9023
1000	34.6071
