1	38.1256
2	36.5608
3	34.9483
4	33.1211
5	32.3524
6	32.1454
7	31.5773
8	30.9015
9	29.7825
10	29.0116
11	28.4655
12	28.3238
13	27.998
14	27.6032
15	26.8626
16	25.9155
17	25.428
18	25.3825
19	25.086
20	24.3303
21	23.4417
22	23.4232
23	23.2594
24	22.8408
25	22.5314
26	22.5133
27	22.4307
28	22.2465
29	22.0059
30	21.7328
31	21.4964
32	21.2124
33	20.8701
34	20.7529
35	20.6157
36	20.6069
37	20.5324
38	20.3471
39	20.1572
40	20.1176
41	20.1176
42	20.1176
43	20.1164
44	20.0961
45	19.9438
46	19.7293
47	19.4435
48	19.4265
49	19.4265
50	19.4265
51	19.4265
52	19.4265
53	19.4265
54	19.4265
55	19.4265
56	19.4265
57	19.4265
58	19.4265
59	19.4265
60	19.4265
61	19.4265
62	19.4258
63	19.4163
64	19.392
65	19.2975
66	19.1257
67	19.0155
68	19.0111
69	19.0099
70	18.9953
71	18.955
72	18.8625
73	18.7257
74	18.6327
75	18.6228
76	18.6228
77	18.6183
78	18.5916
79	18.5158
80	19.3991
81	18.9205
82	18.0248
83	16.8315
84	15.6972
85	15.1203
86	14.8804
87	14.6808
88	14.4939
89	14.2552
90	14.2435
91	14.2435
92	14.2435
93	14.2435
94	14.2435
95	14.2435
96	14.2432
97	14.2411
98	14.2294
99	14.1454
100	14.0038
101	13.8476
102	13.7491
103	13.5899
104	13.4763
105	13.4763
106	13.4763
107	13.4763
108	13.4763
109	13.4763
110	13.4763
111	13.4759
112	13.4674
113	13.4172
114	13.3453
115	13.2403
116	13.216
117	13.216
118	13.216
119	13.216
120	13.216
121	13.216
122	13.216
123	13.216
124	13.216
125	13.216
126	13.216
127	13.216
128	13.216
129	13.216
130	13.216
131	13.216
132	13.216
133	13.216
134	13.216
135	13.216
136	13.216
137	13.216
138	13.216
139	13.216
140	13.216
141	13.216
142	13.216
143	13.216
144	13.216
145	13.216
146	13.216
147	13.216
148	13.216
149	13.216
150	13.216
151	13.216
152	13.216
153	13.216
154	13.216
155	13.216
156	13.216
157	13.216
158	13.216
159	13.216
160	13.216
161	13.216
162	13.216
163	13.216
164	13.216
165	13.216
166	13.216
167	13.216
168	13.2156
169	13.214
170	13.2106
171	13.1999
172	13.1808
173	13.1594
174	13.1173
175	13.0987
176	13.098
177	13.097
178	13.097
179	13.097
180	13.097
181	13.097
182	13.097
183	13.097
184	13.097
185	13.097
186	13.097
187	13.097
188	13.097
189	13.097
190	13.097
191	13.097
192	13.097
193	13.097
194	13.097
195	13.097
196	13.097
197	13.097
198	13.097
199	13.097
200	13.097
201	13.097
202	13.097
203	13.097
204	13.097
205	13.097
206	13.097
207	13.097
208	13.097
209	13.097
210	13.097
211	13.097
212	13.097
213	13.097
214	13.097
215	13.097
216	13.097
217	13.097
218	13.097
219	13.097
220	14.1833
221	13.6191
222	12.8245
223	12.5687
224	12.4561
225	12.2952
226	11.9091
227	11.7804
228	11.7804
229	11.7713
230	11.6703
231	11.4586
232	11.3518
233	11.3224
234	11.3224
235	11.3147
236	11.2758
237	11.1764
238	10.9357
239	10.9341
240	10.9341
241	10.9341
242	10.9341
243	10.9341
244	10.9341
245	10.9341
246	10.9341
247	10.9341
248	10.9341
249	10.9341
250	10.9341
251	10.9341
252	10.9341
253	10.9341
254	10.9341
255	10.9341
256	10.9341
257	10.9341
258	10.9341
259	10.9341
260	10.9341
261	10.9341
262	10.9341
263	10.9341
264	10.9341
265	10.9341
266	10.9341
267	10.9341
268	10.9341
269	10.9341
270	10.9341
271	10.9341
272	10.9341
273	10.9341
274	10.9341
275	10.9341
276	10.9341
277	10.9341
278	10.9341
279	10.9341
280	10.9341
281	10.9341
282	10.9341
283	10.9341
284	10.9341
285	10.9341
286	10.9341
287	10.9341
288	10.9341
289	10.9341
290	10.9341
291	10.9341
292	10.9341
293	10.9341
294	10.9341
295	10.9341
296	10.9341
297	10.9341
298	10.9341
299	10.9341
300	10.9341
301	10.9341
302	10.9341
303	10.9338
304	10.9322
305	10.9263
306	10.9177
307	10.9177
308	10.9177
309	10.9177
310	10.9177
311	10.9177
312	10.9177
313	10.9177
314	10.9177
315	10.9177
316	10.9177
317	10.9101
318	10.8948
319	10.8796
320	10.8415
321	10.7806
322	10.7508
323	10.5529
324	10.4885
325	10.3779
326	10.2257
327	10.1911
328	10.1911
329	10.1911
330	10.1911
331	10.1911
332	10.1911
333	10.1911
334	10.1911
335	10.1911
336	10.1911
337	10.1911
338	10.1911
339	10.1911
340	10.1911
341	10.1911
342	10.1911
343	10.1911
344	10.1911
345	10.1911
346	10.1911
347	10.1911
348	10.1911
349	10.1911
350	10.1911
351	10.1911
352	10.1911
353	10.1911
354	10.1911
355	10.1911
356	10.1911
357	10.1837
358	10.1243
359	10.0054
360	9.90132
361	9.81957
362	9.81957
363	9.81957
364	9.81957
365	9.81957
366	9.81957
367	9.81957
368	9.81957
369	11.2724
370	10.8005
371	10.2766
372	9.96628
373	9.6535
374	9.45057
375	9.44439
376	9.44439
377	9.44439
378	9.44439
379	9.44439
380	9.44439
381	9.44439
382	9.44439
383	9.44439
384	9.44439
385	9.44439
386	9.44439
387	9.44439
388	9.44439
389	9.44439
390	9.44439
391	9.44439
392	9.44439
393	9.44439
394	9.44439
395	9.44167
396	9.4308
397	9.40634
398	9.48355
399	9.43205
400	9.39637
401	9.31667
402	9.30851
403	9.30851
404	9.30851
405	9.30851
406	9.30851
407	9.30851
408	9.30851
409	9.30851
410	9.30851
411	9.30851
412	9.30851
413	9.30851
414	9.30851
415	11.4888
416	10.4923
417	9.59881
418	9.33601
419	9.30476
420	9.30476
421	9.30476
422	9.30476
423	9.30476
424	9.30476
425	9.30476
426	9.30476
427	9.30476
428	9.30476
429	9.30476
430	9.30476
431	9.30476
432	9.30476
433	9.30476
434	9.30476
435	9.30476
436	9.30476
437	9.30476
438	9.30476
439	9.30476
440	9.30476
441	9.30476
442	9.30476
443	9.30476
444	9.30476
445	9.30476
446	9.30476
447	9.30476
448	9.30476
449	9.30476
450	9.30476
451	9.30476
452	9.30476
453	9.30476
454	9.30476
455	9.30476
456	9.30476
457	9.30476
458	9.30476
459	9.30476
460	9.30476
461	9.30476
462	9.30476
463	9.30476
464	9.30476
465	9.30476
466	9.30476
467	9.30476
468	9.30476
469	9.30476
470	9.30476
471	11.1587
472	10.4729
473	9.79182
474	9.30476
475	9.30476
476	9.30476
477	9.30476
478	9.30476
479	9.30476
480	9.30476
481	9.30476
482	9.30476
483	9.30476
484	9.30476
485	9.30476
486	9.30476
487	9.30476
488	9.30476
489	9.30476
490	9.30476
491	9.30476
492	9.30476
493	9.30476
494	9.30476
495	9.30476
496	9.30476
497	9.30476
498	9.30476
499	9.30476
500	9.30476
501	9.30476
502	9.30476
503	9.30476
504	9.30476
505	9.30476
506	9.30476
507	9.30476
508	9.30476
509	9.30476
510	9.30476
511	9.30476
512	9.30476
513	9.30476
514	9.30476
515	9.30476
516	9.30476
517	9.30476
518	9.30476
519	9.30476
520	9.30476
521	9.30476
522	9.30476
523	9.30476
524	9.30476
525	9.30476
526	9.30476
527	9.30476
528	9.30476
529	9.30476
530	9.30476
531	9.30358
532	9.28836
533	9.26729
534	9.25324
535	9.24621
536	9.24621
537	9.24621
538	9.24621
539	9.24621
540	9.24621
541	9.24621
542	9.24621
543	9.24621
544	9.24621
545	9.24621
546	9.24621
547	9.24621
548	9.24621
549	9.24621
550	9.24621
551	9.24621
552	9.24621
553	9.24621
554	9.24621
555	9.24621
556	9.24621
557	9.24621
558	9.24621
559	9.24621
560	9.24621
561	9.24621
562	9.24621
563	9.24621
564	9.24621
565	9.24621
566	9.24621
567	9.24621
568	9.24621
569	9.24621
570	9.24621
571	9.24621
572	9.24621
573	9.24621
574	9.24621
575	9.24621
576	9.24621
577	9.24621
578	9.24621
579	9.24621
580	9.24621
581	9.24621
582	9.24621
583	9.24621
584	9.24621
585	9.24621
586	9.24621
587	9.24621
588	9.24621
589	9.24621
590	9.24621
591	9.24621
592	9.24621
593	9.24621
594	9.24621
595	9.24621
596	9.24621
597	9.24621
598	9.24621
599	9.24621
600	9.24621
601	9.24621
602	9.24621
603	9.24621
604	9.24621
605	9.24621
606	9.24621
607	9.24621
608	9.24621
609	9.24621
610	9.24621
611	9.24621
612	9.24621
613	9.24621
614	9.24621
615	9.24621
616	9.24621
617	9.24621
618	9.24621
619	9.24621
620	9.24621
621	9.24621
622	9.24621
623	9.24621
624	9.24621
625	9.24621
626	9.24621
627	9.24621
628	9.24621
629	9.24621
630	9.24621
631	9.24621
632	9.24621
633	9.24621
634	9.24621
635	9.24621
636	9.24621
637	9.24621
638	9.24621
639	9.24621
640	9.24621
641	9.24621
642	9.24621
643	9.24621
644	9.24621
645	9.24621
646	9.24621
647	9.24621
648	9.24621
649	9.24621
650	9.24621
651	9.24621
652	9.24621
653	9.24621
654	9.24621
655	9.24621
656	9.24621
657	9.24621
658	9.24621
659	9.24621
660	9.24621
661	9.24621
662	9.24621
663	9.24621
664	9.24621
665	9.24621
666	9.24621
667	9.24621
668	9.24621
669	9.24621
670	9.24621
671	9.24621
672	9.24621
673	9.24621
674	9.24621
675	9.24621
676	9.24621
677	9.24621
678	9.24621
679	9.24621
680	9.24621
681	9.24621
682	9.24621
683	9.24621
684	9.24621
685	9.24621
686	9.24621
687	9.24621
688	9.24621
689	9.24621
690	9.24621
691	9.24621
692	9.24621
693	9.24621
694	9.24621
695	9.24621
696	9.24621
697	9.24621
698	9.24621
699	9.24621
700	9.24621
701	9.24621
702	9.24621
703	9.24621
704	9.24621
705	9.24621
706	9.24621
707	9.24621
708	9.24621
709	9.24621
710	11.0875
711	10.3653
712	9.50511
713	8.23008
714	10.5047
715	9.88584
716	8.91916
717	10.8732
718	9.74007
719	9.13947
720	8.44359
721	7.88391
722	7.81499
723	7.81499
724	7.81499
725	7.81499
726	7.81499
727	7.81499
728	7.81499
729	7.81499
730	7.81499
731	7.81499
732	7.81499
733	7.81499
734	7.81499
735	7.81499
736	7.81499
737	7.81499
738	7.81499
739	7.81499
740	7.81492
741	7.81439
742	7.81259
743	7.81124
744	7.81124
745	7.81124
746	7.81124
747	7.81124
748	7.81124
749	7.81124
750	7.81124
751	7.81124
752	7.81124
753	7.81124
754	7.81124
755	7.81124
756	7.81124
757	7.81124
758	7.81124
759	7.81124
760	7.81124
761	7.81124
762	7.81124
763	7.81124
764	7.81124
765	7.81124
766	7.81124
767	7.81124
768	7.81124
769	7.81124
770	7.81124
771	7.81124
772	7.81124
773	7.81124
774	7.81124
775	7.81124
776	7.81124
777	7.81124
778	7.81124
779	7.81124
780	7.81124
781	7.81124
782	7.81124
783	7.81124
784	7.81124
785	7.81124
786	7.81124
787	7.81124
788	7.81124
789	7.81124
790	7.81124
791	7.81124
792	7.81124
793	7.81124
794	7.81124
795	7.81124
796	7.81124
797	7.81124
798	7.81124
799	7.81124
800	7.81124
801	7.81124
802	7.81124
803	7.81124
804	7.81124
805	7.81124
806	7.81124
807	7.81124
808	7.81124
809	7.81124
810	7.81124
811	7.81124
812	7.81124
813	7.81124
814	7.81124
815	7.81124
816	7.81124
817	7.81124
818	7.81124
819	7.81124
820	7.81124
821	7.81124
822	7.81124
823	7.81124
824	7.81124
825	7.81124
826	7.81124
827	7.81124
828	7.81124
829	7.81124
830	7.81124
831	7.81124
832	7.81124
833	7.81124
834	7.81124
835	7.81124
836	7.81124
837	7.81124
838	7.81124
839	7.81124
840	7.81124
841	7.81124
842	7.81124
843	7.81124
844	9.83743
845	8.71845
846	8.08691
847	7.84999
848	7.81124
849	7.81124
850	7.81124
851	7.81124
852	7.81124
853	7.81124
854	7.81124
855	7.81124
856	7.81124
857	7.81124
858	7.81124
859	7.81124
860	7.81124
861	7.81124
862	7.81124
863	7.81124
864	7.81124
865	7.81124
866	7.81124
867	7.81124
868	7.81124
869	7.81124
870	7.81124
871	7.81124
872	7.81124
873	7.81124
874	7.81124
875	7.81124
876	7.81124
877	7.81124
878	7.81124
879	7.81124
880	7.81124
881	7.81124
882	7.81124
883	7.81124
884	7.81124
885	7.81124
886	9.98613
887	9.28071
888	8.67872
889	8.10076
890	7.81124
891	7.81124
892	7.81124
893	7.81124
894	7.81124
895	7.81124
896	7.81124
897	7.81124
898	7.81124
899	7.81124
900	7.81124
901	7.81124
902	7.81124
903	7.81124
904	7.81124
905	7.81124
906	7.81124
907	7.81124
908	7.81124
909	7.81124
910	7.81124
911	7.81124
912	7.81124
913	7.81124
914	7.81124
915	7.81124
916	7.81124
917	7.81124
918	7.81124
919	7.81124
920	7.81124
921	7.81124
922	7.81124
923	7.81124
924	9.57927
925	8.99515
926	8.16016
927	7.45442
928	7.0807
929	7.04217
930	7.04217
931	7.04217
932	7.04217
933	7.04217
934	7.04217
935	7.04217
936	7.04217
937	7.04217
938	7.04217
939	7.04217
940	7.04217
941	7.04217
942	7.04217
943	7.04217
944	7.04217
945	7.04217
946	7.04217
947	7.04217
948	7.04217
949	7.04217
950	7.04217
951	7.04217
952	7.04217
953	7.04217
954	7.04217
955	7.04217
956	7.04217
957	7.04217
958	7.04217
959	7.04217
960	7.04217
961	7.04217
962	7.04217
963	7.04217
964	7.04217
965	7.04217
966	7.04217
967	7.04217
968	7.04217
969	7.04217
970	7.04217
971	7.04217
972	7.04217
973	7.04217
974	7.04217
975	7.04217
976	7.04217
977	7.04217
978	7.04217
979	7.04217
980	7.04217
981	7.04217
982	7.04217
983	7.04217
984	7.04217
985	7.04217
986	7.04217
987	7.04217
988	7.04217
989	7.04217
990	7.04217
991	7.04217
992	7.04217
993	7.04217
994	7.04217
995	7.04217
996	7.04217
997	7.04217
998	7.04217
999	7.04217
1000	7.04217
