10.137
10.4039
10.4105
10.6774
11.2521
11.4039
11.4105
11.519
11.5623
11.5901
11.8636
12.022
12.137
12.137
12.1744
12.2521
12.4105
12.519
12.5901
12.6774
12.6986
12.7052
12.7052
12.8636
12.8636
12.901
12.9786
12.9786
13.0872
13.1305
13.2455
13.2455
13.2455
13.2521
13.3606
13.4105
13.4317
13.519
13.5901
13.6275
13.6275
13.8636
13.8636
13.8636
13.8636
13.901
13.901
13.901
13.9721
13.9721
13.9786
14.016
14.016
14.1305
14.2455
14.3262
14.3606
14.4317
14.4317
14.6275
14.6341
14.6986
14.7052
14.7052
14.7426
14.7859
14.8848
14.901
14.9721
14.9721
15.0872
15.0872
15.0872
15.0872
15.0872
15.0902
15.1305
15.1583
15.2455
15.2455
15.2455
15.2764
15.2829
15.4317
15.4691
15.4691
15.5498
15.736
15.8137
15.8233
15.9721
16.4626
16.5124
16.6275
16.9999
16.9999
17.1957
17.354
17.4626
17.8848
