1
0.980785
0.92388
0.83147
0.707107
0.55557
0.382683
0.19509
6.12323e-17
-0.19509
-0.382683
-0.55557
-0.707107
-0.83147
-0.92388
-0.980785
-1
-0.980785
-0.92388
-0.83147
-0.707107
-0.55557
-0.382683
-0.19509
-1.83697e-16
0.19509
0.382683
0.55557
0.707107
0.83147
0.92388
0.980785
0
0.19509
0.382683
0.55557
0.707107
0.83147
0.92388
0.980785
1
0.980785
0.92388
0.83147
0.707107
0.55557
0.382683
0.19509
1.22465e-16
-0.19509
-0.382683
-0.55557
-0.707107
-0.83147
-0.92388
-0.980785
-1
-0.980785
-0.92388
-0.83147
-0.707107
-0.55557
-0.382683
-0.19509
