1	28.0669
2	26.6518
3	26.2211
4	25.1507
5	23.6022
6	21.1894
7	21.1894
8	20.9218
9	20.8293
10	20.5617
11	19.6234
12	19.6234
13	19.352
14	19.2591
15	18.9919
16	18.8681
17	18.7786
18	17.4688
19	17.4688
20	17.4688
21	16.8303
22	16.8303
23	16.8303
24	16.8303
25	16.8303
26	16.4832
27	16.1566
28	16.1566
29	16.1557
30	16.1557
31	16.0657
32	16.0657
33	16.0657
34	16.0657
35	16.0264
36	16.0264
37	15.7798
38	15.7356
39	15.1548
40	15.1106
41	15.1106
42	15.1106
43	15.1106
44	15.1106
45	14.9889
46	14.9889
47	14.9889
48	14.9889
49	14.9889
50	14.9775
51	14.9775
52	14.9775
53	14.9775
54	14.9659
55	14.9659
56	14.6852
57	14.2006
58	14.2006
59	14.2006
60	14.2006
61	14.2006
62	14.2006
63	14.2006
64	14.2006
65	14.2006
66	14.2006
67	13.86
68	13.86
69	13.86
70	13.86
71	13.86
72	13.86
73	13.86
74	13.86
75	13.86
76	13.86
77	13.8228
78	13.8228
79	13.8228
80	13.8228
81	13.8164
82	13.8112
83	13.8112
84	13.7895
85	13.7895
86	13.7895
87	13.7895
88	13.7779
89	13.7779
90	13.6522
91	13.6522
92	13.6522
93	13.6522
94	13.165
95	13.165
96	13.165
97	13.165
98	13.165
99	13.165
100	13.1604
101	13.1604
102	13.1604
103	13.1604
104	13.1604
105	13.1604
106	12.9285
107	12.9285
108	12.9285
109	12.9285
110	12.9285
111	12.9285
112	12.9285
113	12.9285
114	12.9285
115	12.9285
116	12.9285
117	12.3252
118	12.3252
119	12.3252
120	12.3252
121	12.3252
122	12.3252
123	12.2204
124	12.2204
125	12.2204
126	12.2204
127	12.2204
128	12.2204
129	12.2204
130	12.2204
131	12.2204
132	12.2204
133	12.2204
134	12.2204
135	12.209
136	12.209
137	12.209
138	12.209
139	12.209
140	11.8763
141	11.8763
142	11.8763
143	11.8763
144	11.8763
145	11.7694
146	11.7393
147	11.7393
148	11.7393
149	11.7393
150	11.7281
151	11.7281
152	11.7281
153	11.7281
154	11.7281
155	11.7281
156	11.7281
157	11.7281
158	11.7281
159	11.7281
160	11.7281
161	11.7281
162	11.7281
163	11.7281
164	11.7135
165	11.7135
166	11.7135
167	11.7135
168	11.7135
169	11.7135
170	11.7135
171	11.5649
172	11.5649
173	11.5649
174	11.5649
175	11.5649
176	11.2907
177	11.2907
178	11.2907
179	11.2907
180	11.2907
181	11.2907
182	11.2907
183	11.2907
184	11.2907
185	11.2907
186	11.2907
187	11.2907
188	11.2907
189	11.0726
190	11.0726
191	11.0726
192	11.0726
193	11.0726
194	11.0726
195	11.0726
196	11.0726
197	11.0726
198	11.0726
199	11.0726
200	10.9695
201	10.9695
202	10.9695
203	10.9695
204	10.9695
205	10.9695
206	10.9695
207	10.9695
208	10.9695
209	10.9695
210	10.9695
211	10.9695
212	10.9695
213	10.9695
214	10.9695
215	10.9695
216	10.9695
217	10.9695
218	10.9695
219	10.9695
220	10.9695
221	10.9695
222	10.9695
223	10.9695
224	10.9695
225	10.9695
226	10.9695
227	10.9695
228	10.9695
229	10.9695
230	10.9695
231	10.9695
232	10.9695
233	10.9695
234	10.9695
235	10.9695
236	10.9695
237	10.9695
238	10.9695
239	10.9695
240	10.9695
241	10.9695
242	10.4997
243	10.4997
244	10.4997
245	10.4997
246	10.4997
247	10.4997
248	10.4997
249	10.3616
250	10.146
251	10.146
252	10.146
253	10.146
254	10.146
255	10.2015
256	10.2015
257	10.2015
258	10.1873
259	10.1873
260	10.1873
261	10.1873
262	10.1873
263	10.0306
264	10.0306
265	10.0306
266	10.0306
267	10.0306
268	10.0306
269	10.0306
270	10.0306
271	10.0306
272	10.0306
273	10.0306
274	10.0306
275	10.0306
276	10.0306
277	10.0306
278	10.0306
279	10.0306
280	10.0306
281	10.0306
282	10.0306
283	10.0306
284	10.0306
285	10.0306
286	10.0306
287	10.0306
288	10.0306
289	10.0306
290	10.0306
291	10.0306
292	10.0306
293	10.0306
294	10.0306
295	9.9187
296	9.9187
297	9.9187
298	9.9187
299	9.9187
300	9.9187
301	9.9187
302	9.9187
303	9.9187
304	9.9187
305	9.9187
306	9.9187
307	9.9187
308	9.9187
309	9.9187
310	9.9187
311	9.9187
312	9.9187
313	9.9187
314	9.9187
315	9.9187
316	9.9187
317	9.9187
318	9.9187
319	9.88859
320	9.88859
321	9.88859
322	9.88859
323	9.88859
324	9.88859
325	9.88859
326	9.88859
327	9.8774
328	9.8774
329	9.8774
330	9.8774
331	9.8774
332	9.96056
333	9.96056
334	9.96056
335	11.0011
336	11.0011
337	10.1448
338	10.1448
339	10.1448
340	10.1448
341	10.1448
342	10.1448
343	10.1448
344	10.1448
345	10.1448
346	10.1448
347	10.1448
348	10.1448
349	10.1448
350	10.1448
351	10.1448
352	10.1448
353	10.1448
354	10.1448
355	10.1276
356	10.1276
357	10.1276
358	10.1276
359	10.1276
360	10.1276
361	10.1276
362	10.1276
363	10.1276
364	10.1276
365	10.1276
366	10.1276
367	10.1276
368	10.1276
369	10.1276
370	10.1276
371	10.1276
372	10.1276
373	10.1276
374	10.1276
375	10.1276
376	10.1276
377	10.1276
378	10.1276
379	10.1276
380	10.1276
381	10.1276
382	10.1276
383	10.1276
384	10.1276
385	10.1276
386	10.1162
387	10.1162
388	10.1162
389	10.1162
390	10.1162
391	10.1162
392	10.1162
393	10.1162
394	10.1162
395	10.1162
396	10.1162
397	10.1162
398	10.1162
399	10.1162
400	10.1162
401	10.1162
402	9.88859
403	9.88859
404	9.88859
405	9.88859
406	9.88859
407	9.88859
408	9.86659
409	9.86659
410	9.86659
411	9.86659
412	9.86659
413	9.86659
414	9.86659
415	9.86659
416	9.86659
417	9.86659
418	9.86659
419	9.8554
420	9.8554
421	9.8554
422	9.8554
423	9.8554
424	9.8554
425	9.8554
426	9.8554
427	9.8554
428	9.8554
429	9.8554
430	9.8554
431	9.8554
432	9.8554
433	9.8554
434	9.8554
435	9.8554
436	9.8554
437	9.8554
438	9.8554
439	9.8554
440	9.8554
441	9.8554
442	9.8554
443	9.8554
444	9.8554
445	9.8554
446	9.8554
447	9.8554
448	9.8554
449	9.8554
450	9.8554
451	9.8554
452	9.8554
453	9.8554
454	9.8554
455	9.8554
456	9.8554
457	9.8554
458	9.8554
459	9.8554
460	9.8554
461	9.8554
462	9.8554
463	9.8554
464	9.8554
465	9.8554
466	9.8554
467	9.8554
468	9.8554
469	9.8554
470	9.8554
471	9.8554
472	9.8554
473	9.8554
474	9.8554
475	9.8554
476	9.8554
477	9.8554
478	9.8554
479	9.8554
480	9.8554
481	9.8554
482	9.8554
483	9.8554
484	9.8554
485	9.8554
486	9.8554
487	9.8554
488	9.8554
489	9.8554
490	9.8554
491	9.8554
492	9.8554
493	9.8554
494	9.8554
495	9.8554
496	9.8554
497	9.8554
498	9.8554
499	9.8554
500	9.8554
501	9.8554
502	9.8554
503	9.8554
504	9.8554
505	9.8554
506	9.8554
507	9.8554
508	9.8554
509	9.8554
510	9.8554
511	9.8554
512	9.8554
513	9.8554
514	9.8554
515	9.8554
516	9.8554
517	9.8554
518	9.8554
519	9.8554
520	9.8554
521	9.8554
522	9.8554
523	9.8554
524	9.8554
525	9.8554
526	9.8554
527	9.8554
528	9.8554
529	9.8554
530	9.8554
531	9.8554
532	9.8554
533	9.8554
534	9.8554
535	9.8554
536	10.016
537	10.016
538	10.016
539	10.016
540	9.8554
541	9.8554
542	9.8554
543	9.8554
544	9.8554
545	9.8554
546	9.8554
547	9.8554
548	9.8554
549	9.8554
550	9.8554
551	9.8554
552	10.1504
553	10.1504
554	10.1504
555	10.1504
556	10.1504
557	10.1504
558	10.1504
559	9.8554
560	9.8554
561	9.8554
562	9.8554
563	9.8554
564	9.8554
565	9.8554
566	9.8554
567	9.8554
568	9.8554
569	9.8554
570	9.8554
571	9.8554
572	9.8554
573	9.8554
574	9.8554
575	9.8554
576	9.8554
577	9.8554
578	9.8554
579	9.8554
580	9.8554
581	9.8554
582	9.8554
583	9.8554
584	9.8554
585	9.8554
586	9.8554
587	9.8554
588	9.8554
589	9.8554
590	9.8554
591	9.8554
592	9.8554
593	9.48909
594	9.48909
595	9.48909
596	9.48909
597	9.48909
598	9.48909
599	9.48909
600	9.48909
601	9.48909
602	9.48909
603	9.48909
604	9.48909
605	9.48909
606	9.48909
607	9.48909
608	9.48909
609	9.48909
610	9.48909
611	9.48909
612	9.48909
613	9.48909
614	9.48909
615	9.48909
616	9.48909
617	9.48909
618	9.48909
619	9.48909
620	9.48909
621	9.48909
622	9.48909
623	9.48909
624	9.48909
625	9.48909
626	9.48909
627	9.48909
628	9.48909
629	9.48909
630	9.48909
631	9.48909
632	9.48909
633	9.48909
634	9.48909
635	9.48909
636	9.48909
637	9.48909
638	9.48909
639	9.48909
640	9.48909
641	9.48909
642	9.48909
643	9.48909
644	9.48909
645	9.48909
646	9.48909
647	9.48909
648	9.48909
649	9.48909
650	9.48909
651	9.48909
652	9.48909
653	9.48909
654	9.48909
655	9.48909
656	9.48909
657	9.48909
658	9.48909
659	9.48909
660	9.48909
661	9.48909
662	9.29795
663	9.29795
664	9.29795
665	9.29795
666	9.29795
667	9.29795
668	9.29795
669	9.29795
670	9.29795
671	9.29795
672	9.29795
673	9.29795
674	9.29795
675	9.29795
676	9.29795
677	9.29795
678	9.29795
679	9.29795
680	9.29795
681	9.29795
682	9.29795
683	9.29795
684	9.29795
685	9.29795
686	9.29795
687	9.29795
688	9.29795
689	9.29795
690	9.29795
691	9.29795
692	9.29795
693	9.29795
694	9.29795
695	9.29795
696	9.29795
697	9.29795
698	9.29795
699	9.29795
700	9.29795
701	9.29795
702	9.29795
703	9.29795
704	9.29795
705	9.29795
706	9.29795
707	9.29795
708	9.29795
709	9.29795
710	9.29795
711	9.29795
712	9.29795
713	9.29795
714	9.29795
715	9.29795
716	9.29795
717	9.29795
718	9.29795
719	9.29795
720	9.29795
721	9.29795
722	9.29795
723	9.29795
724	9.29795
725	9.29795
726	9.29795
727	9.29795
728	9.29795
729	9.29795
730	9.29795
731	9.29795
732	9.29795
733	9.29795
734	9.29795
735	9.29795
736	9.29795
737	9.29795
738	9.29795
739	9.29795
740	9.29795
741	9.29795
742	9.29795
743	9.29795
744	9.29795
745	9.29795
746	9.29795
747	9.29795
748	9.29795
749	9.29795
750	9.29795
751	9.29795
752	9.29795
753	9.29795
754	9.29795
755	9.29795
756	9.29795
757	9.29795
758	9.29795
759	9.29795
760	9.29795
761	9.29795
762	9.29795
763	9.29795
764	9.29795
765	9.29795
766	9.29795
767	9.29795
768	9.29795
769	9.29795
770	9.29795
771	9.29795
772	9.29795
773	9.29795
774	9.29795
775	9.29795
776	9.29795
777	9.29795
778	9.29795
779	9.29795
780	9.29795
781	9.29795
782	9.29795
783	9.29795
784	9.29795
785	9.29795
786	9.29795
787	9.29795
788	9.29795
789	9.29795
790	9.29795
791	9.29795
792	9.29795
793	9.29795
794	9.29795
795	9.29795
796	9.29795
797	9.29795
798	9.29795
799	9.29795
800	9.29795
801	9.29795
802	9.29795
803	9.29795
804	9.29795
805	9.29795
806	9.29795
807	9.29795
808	9.29795
809	9.29795
810	9.29795
811	9.29795
812	9.30344
813	9.30344
814	9.30344
815	9.30344
816	9.30344
817	9.30344
818	9.30344
819	9.30344
820	9.30344
821	9.30344
822	9.30344
823	9.30344
824	9.30344
825	9.30344
826	9.30344
827	9.30344
828	9.30344
829	9.30344
830	9.30344
831	9.30344
832	9.30344
833	9.30344
834	9.30344
835	9.30344
836	9.30344
837	9.30344
838	9.30344
839	9.29795
840	9.29795
841	9.29795
842	9.29795
843	9.29795
844	9.29795
845	9.29795
846	9.29795
847	9.29795
848	9.29795
849	9.29795
850	9.29795
851	9.29795
852	9.29795
853	9.29795
854	9.29795
855	9.29795
856	9.29795
857	9.29795
858	9.29795
859	9.29795
860	9.29795
861	9.29795
862	9.29795
863	9.29795
864	9.29795
865	9.29795
866	9.29795
867	9.29795
868	9.29795
869	9.29795
870	9.29795
871	9.29795
872	9.29795
873	9.29795
874	9.29795
875	9.29795
876	9.29795
877	9.29795
878	9.29795
879	9.29795
880	9.29795
881	9.29795
882	9.29795
883	9.29795
884	9.77867
885	9.75018
886	9.75018
887	9.75018
888	9.75018
889	9.75018
890	9.75018
891	9.71752
892	9.71752
893	9.71752
894	9.71752
895	9.71752
896	9.71752
897	9.71752
898	9.71752
899	9.7075
900	9.7075
901	9.30344
902	9.30344
903	9.30344
904	9.30344
905	9.30344
906	9.30344
907	9.30344
908	9.30344
909	9.30344
910	9.30344
911	9.30344
912	9.30344
913	9.30344
914	9.30344
915	9.30344
916	9.30344
917	9.29795
918	9.29795
919	9.29795
920	9.29795
921	9.29795
922	9.29795
923	9.29795
924	9.29795
925	9.29795
926	9.29795
927	9.29795
928	9.29795
929	9.29795
930	9.29795
931	9.29973
932	9.29973
933	9.29973
934	9.29973
935	9.29973
936	9.29795
937	9.29795
938	9.29795
939	9.29795
940	9.29795
941	9.29795
942	9.29795
943	9.29795
944	9.29795
945	9.29795
946	9.29795
947	9.29795
948	9.29795
949	9.29795
950	9.29795
951	9.29795
952	9.29795
953	9.29795
954	9.29795
955	9.29795
956	9.29795
957	9.29795
958	9.29795
959	9.29795
960	9.29795
961	9.29795
962	9.29795
963	9.29795
964	9.29795
965	9.29795
966	9.29795
967	9.29795
968	9.29795
969	9.29795
970	9.29795
971	9.29795
972	9.29795
973	9.29795
974	9.29795
975	9.29795
976	9.29795
977	9.29795
978	9.29795
979	9.29795
980	9.29795
981	9.29795
982	9.29795
983	9.29795
984	9.29795
985	9.29795
986	9.29795
987	9.29795
988	9.29795
989	9.29795
990	9.29795
991	9.29795
992	9.29795
993	9.29795
994	9.29795
995	9.29795
996	9.29795
997	9.29795
998	9.29795
999	9.29795
1000	9.29795
