0.714273
0.704841
0.440261
0.440261
0.440261
0.819645
1.16543
1.16543
1.40056
1.47785
0.981376
0.85469
0.556325
0.318529
0.330537
0.513051
0.513051
0.890183
0.362127
0.249821
0.245664
0.240061
0.240061
0.247952
0.150547
0.0642289
0.0370957
-0.128251
-0.239352
-0.28353
-0.377126
-0.377126
-0.333436
-0.294172
-0.371866
-0.398337
-0.426891
-0.398283
-0.367232
-0.382459
-0.381474
-0.421388
-0.40221
-0.364554
-0.298888
-0.410768
-0.433016
-0.347135
-0.426666
-0.336668
-0.311319
-0.296142
-0.334162
-0.298848
-0.359881
-0.406753
-0.431852
-0.400268
-0.43951
-0.42923
-0.419731
-0.43976
-0.432092
-0.429632
-0.433215
-0.393617
-0.376167
-0.383827
-0.408555
-0.415246
-0.389202
-0.396877
-0.437361
-0.352058
-0.295616
-0.232153
-0.204289
-0.204289
-0.0640251
0.0842624
0.0955931
0.182031
0.0187549
0.0787836
0.333701
0.289888
0.376909
0.154301
0.121784
0.151481
-0.0153411
-0.0185906
0.039427
0.039427
-0.0389506
-0.0829076
-0.143028
-0.106368
-0.0840523
-0.0063738
-0.110596
0.0101601
0.0143423
0.0227348
0.0227348
0.0594966
0.078064
0.0511982
-0.076463
-0.0865351
-0.139064
-0.113477
-0.12486
-0.200896
-0.225411
-0.148861
-0.223323
-0.250124
-0.250725
-0.227435
-0.242668
-0.256419
-0.22554
-0.256031
-0.254563
-0.206515
-0.24869
-0.238588
-0.248928
-0.21743
-0.254304
-0.250741
-0.190843
-0.249269
-0.165635
-0.223518
-0.223518
-0.248731
-0.272989
-0.281557
-0.273457
-0.281071
-0.280852
-0.265043
-0.244553
-0.283108
-0.346992
-0.318697
-0.328311
-0.303964
-0.272144
-0.277458
-0.241418
-0.267529
-0.222386
-0.158973
-0.164055
-0.259042
-0.297516
-0.314427
-0.279488
-0.268031
-0.241283
-0.173835
-0.0960044
0.0723366
-0.0109128
-0.0946279
0.0207041
-0.105252
-0.105252
-0.190064
-0.209852
-0.232809
-0.182324
-0.155919
-0.0959922
-0.174794
-0.239575
-0.192967
-0.225107
-0.255944
-0.254179
-0.281143
-0.277605
-0.281404
-0.236859
-0.278388
-0.279117
-0.312776
-0.264091
-0.144776
-0.236981
-0.306853
-0.309929
-0.312069
-0.311875
-0.311875
-0.321357
-0.347782
-0.324745
-0.296745
-0.25691
-0.282324
-0.191917
-0.240689
-0.207325
-0.193931
-0.24415
-0.346659
-0.367045
-0.388133
-0.318247
-0.378394
-0.383167
-0.309387
-0.352593
-0.370705
-0.317165
-0.315489
-0.306873
-0.356948
-0.307204
-0.261157
-0.27339
-0.252685
-0.264101
-0.272232
-0.224802
-0.278907
-0.267947
-0.225854
-0.102625
-0.197583
-0.0567188
-0.0567188
-0.0434667
0.0231248
-0.0440858
0.00169468
-0.134304
-0.134304
-0.194657
-0.213305
-0.122721
-0.123194
-0.176356
-0.154292
-0.0853883
-0.0180394
0.209682
0.0686751
-0.0176455
-0.0176455
-0.142401
-0.18948
-0.0714144
-0.129796
0.0112926
-0.149277
-0.219759
-0.248532
-0.247358
-0.232812
-0.214183
-0.248503
-0.212711
-0.25127
-0.23976
-0.235662
-0.21844
-0.141102
-0.124562
-0.150462
-0.165392
-0.169677
-0.169677
-0.22682
-0.182161
-0.104986
-0.195627
-0.215854
-0.116925
-0.0593062
0.057679
0.170612
0.197253
0.416309
0.416309
0.796334
0.508184
0.306176
0.157288
0.157288
0.00669331
0.179692
-0.000374838
0.0515564
-0.039057
-0.011975
-0.011975
0.121348
0.0410837
0.117036
0.173873
0.297483
0.217659
0.0801585
-0.0138798
0.0674679
-0.0924672
-0.168476
-0.0544879
0.00848187
-0.100565
-0.141313
-0.141313
-0.0325272
0.0515006
0.00398036
-0.0272228
-0.0822625
-0.0307141
-0.145245
-0.181871
-0.181871
-0.228279
-0.187693
-0.184568
-0.240129
-0.241513
-0.245225
-0.242916
-0.236064
-0.237971
-0.247225
-0.24477
-0.263799
-0.241183
-0.247628
-0.229348
-0.229348
-0.187785
-0.217299
-0.19761
-0.122114
-0.111657
-0.198294
-0.203809
-0.242931
-0.20548
-0.183571
-0.223441
-0.219988
-0.241791
-0.220596
-0.259974
-0.262263
-0.232906
-0.187648
-0.210014
-0.210014
-0.241934
-0.208863
-0.25104
-0.224449
-0.204072
-0.236411
-0.271074
-0.25324
-0.200645
-0.248273
-0.260857
-0.233197
-0.251731
-0.257079
-0.253199
-0.244122
-0.251346
-0.255213
-0.230024
-0.230024
-0.209287
-0.138092
-0.231695
-0.225247
-0.25276
-0.243264
-0.252311
-0.229134
-0.199005
-0.197952
-0.0656796
-0.0250718
-0.0250718
-0.130491
-0.19476
-0.240174
-0.246335
-0.240638
-0.23992
-0.207206
-0.133589
0.00264026
-0.00257632
0.0769911
0.0256646
-0.0916983
-0.00396011
-0.0476205
-0.13125
-0.0427272
0.0473823
-0.0302653
-0.00190611
-0.0539307
-0.0626428
-0.0469417
0.105839
0.316636
0.221077
0.345781
0.33451
0.117417
0.0969575
0.227532
0.0711415
-0.0807825
-0.0747349
0.0596794
0.0390866
-0.0887939
-0.193982
-0.215432
-0.24003
-0.245364
-0.261004
-0.22344
-0.19218
-0.19218
-0.19218
-0.161591
-0.142823
-0.0945638
-0.00224797
0.204551
0.0839534
0.0307482
0.142914
0.232436
0.385154
0.34011
0.34011
0.372
0.132769
0.260066
0.202938
0.524397
0.324315
0.367559
0.352157
0.352157
0.352157
0.496861
0.325296
0.344903
0.251252
0.220138
0.135557
0.0577612
0.121979
0.154695
0.391427
0.572047
0.374856
0.445557
0.686619
0.686619
0.713206
0.713206
0.467215
0.214562
0.0990214
0.127934
0.141171
0.0163461
0.117532
0.0137539
0.0329352
0.146015
0.305983
0.246128
0.288108
0.312611
0.364345
0.320478
0.370213
0.687032
0.610228
0.746985
0.521771
0.521771
0.564821
0.84225
0.530395
0.475692
0.249457
0.417585
0.745172
0.745172
0.584427
0.413092
0.339196
0.165485
0.0808737
-0.0596572
-0.0986225
-0.198512
-0.197997
-0.163625
-0.163625
-0.168123
-0.128919
-0.165509
-0.139651
-0.0534677
-0.0830586
0.0123922
-0.0291171
0.137298
0.146432
-0.0302046
-0.0609326
0.0018143
0.0719137
0.020235
-0.0725684
-0.0961827
-0.0961827
-0.103053
-0.0980608
-0.114603
-0.130429
-0.130429
-0.217326
-0.246506
-0.276653
-0.200348
-0.200027
-0.175988
-0.173547
-0.259161
-0.223465
-0.285819
-0.311383
-0.276366
-0.254255
-0.284136
-0.338022
-0.369517
-0.322751
-0.304705
-0.278942
-0.351473
-0.314565
-0.353924
-0.309582
-0.306095
-0.322006
-0.357024
-0.396001
-0.348039
-0.379626
-0.330627
-0.227381
-0.289923
-0.33826
-0.385414
-0.354774
-0.392573
-0.429286
-0.414696
-0.426648
-0.443089
-0.439
-0.398623
-0.362761
-0.398849
-0.418577
-0.426593
-0.441874
-0.411385
-0.415863
-0.425786
-0.407782
-0.387448
-0.382082
-0.372353
-0.400603
-0.340655
-0.345117
-0.363664
-0.330895
-0.318946
-0.310421
-0.27597
-0.283102
-0.296841
-0.278476
-0.279024
-0.2762
-0.304655
-0.291456
-0.291149
-0.269263
-0.263044
-0.277529
-0.259794
-0.257775
-0.217115
-0.209958
-0.261274
-0.306395
-0.289136
-0.274966
-0.2918
-0.286108
-0.232953
-0.261393
-0.299696
-0.318132
-0.323576
-0.28015
-0.260604
-0.291243
-0.280967
-0.287121
-0.277598
-0.273264
-0.273264
-0.264606
-0.24312
-0.274837
-0.240376
-0.25751
-0.256311
-0.25179
-0.25179
-0.248723
-0.242807
-0.241173
-0.251957
-0.233064
-0.213405
-0.184489
-0.13146
-0.0744009
-0.154979
-0.0420753
-0.0461024
0.0103588
0.0200329
0.166279
0.306204
0.106159
-0.067464
-0.152154
-0.103509
-0.124326
-0.0621124
-0.156139
-0.209699
-0.140498
-0.162984
-0.112006
-0.0380202
-0.104966
-0.093889
-0.140744
-0.154581
-0.190908
-0.166246
-0.176757
-0.114533
0.00351363
-0.112498
0.0173106
0.215858
0.0301093
-0.0382359
-0.17523
-0.14628
-0.218116
-0.233795
-0.235844
-0.245123
-0.239635
-0.242842
-0.24276
-0.226378
-0.226378
-0.253008
-0.257402
-0.260038
-0.230838
-0.21543
-0.221463
-0.186036
-0.109685
-0.169135
-0.16153
-0.224106
-0.247107
-0.235534
-0.24518
-0.223656
-0.251799
-0.25275
-0.22112
-0.231463
-0.231463
-0.232148
-0.236956
-0.171229
-0.171361
-0.232051
-0.254939
-0.242392
-0.204603
-0.214713
-0.251297
-0.254397
-0.212279
-0.2338
-0.203991
-0.0878187
-0.103387
0.0336629
0.0336629
0.0336629
0.315454
0.0221161
0.0180168
0.234555
0.236052
0.354526
0.661143
0.875651
0.435876
0.218605
0.239692
0.253472
0.173121
0.291755
0.267156
0.565749
0.61909
0.693089
0.355503
0.303472
0.208638
0.206533
0.202173
0.234246
0.403328
0.45177
0.172147
0.380078
0.29115
0.241723
0.439972
0.597082
0.61839
0.986327
0.986327
1.38096
1.38096
1.38902
1.08687
1.20311
1.07521
1.31267
2.08891
1.81759
1.43079
1.43079
1.17366
0.864525
1.07236
0.862765
0.576954
0.737853
1.20754
0.932078
0.932078
1.38069
0.931986
0.726807
0.726807
0.726807
0.882097
0.882097
0.977766
1.3816
1.4955
1.1545
1.1545
2.01103
2.01025
1.70752
1.70752
1.08159
0.760224
0.760224
0.543181
0.421199
0.916948
0.31595
0.482334
0.844907
0.887561
0.902822
1.48034
1.14085
0.911314
0.651873
1.05652
0.553656
0.666338
0.937286
0.937286
0.937286
0.684875
0.943666
0.855852
0.485779
0.91953
0.833848
1.18444
1.18444
1.1413
1.05481
0.695193
0.695193
0.613611
0.336867
0.336867
0.586101
0.409245
0.18603
0.0401307
0.0185597
0.0780185
0.114265
0.179842
0.265621
0.376593
0.715801
0.611304
0.165627
0.165627
0.151532
0.0880568
0.0509469
0.130293
0.163284
0.225009
0.107711
0.107711
0.217935
0.557677
0.298046
0.137605
0.137605
-4.81124e-05
-0.0489067
-0.12427
-0.0654861
-0.158951
-0.133994
-0.202012
-0.259557
-0.242372
-0.247907
-0.246928
-0.249284
-0.235522
-0.224259
-0.203682
-0.238623
-0.256381
-0.26748
-0.247948
-0.25103
-0.247651
-0.22139
-0.22139
-0.196703
-0.0576539
-0.109871
-0.228695
-0.241043
-0.264647
-0.23158
-0.213838
-0.0965501
-0.189662
-0.242373
-0.250528
-0.25909
-0.249494
-0.248354
-0.274762
-0.265738
-0.265575
-0.227941
-0.142854
-0.126932
-0.126932
-0.0496412
0.0700289
0.14394
0.447245
0.617167
0.822077
0.857503
0.574972
0.603619
0.342788
0.470456
0.470456
0.188609
-0.0354062
-0.0354062
-0.188621
-0.181548
-0.19999
-0.258291
-0.233465
-0.153732
-0.169473
-0.303594
-0.261591
-0.159992
-0.10177
-0.10177
0.148617
-0.0321437
-0.168653
-0.167566
0.0110138
0.0186257
-0.181037
-0.122207
-0.22611
-0.236496
-0.236496
-0.266199
-0.223381
-0.338292
-0.347923
-0.359737
-0.322218
-0.337246
-0.28089
-0.156749
-0.130376
-0.130376
0.0223231
0.0244276
-0.0375626
0.162375
0.187887
0.358138
0.358138
0.515038
0.883905
0.883905
0.65452
0.642825
0.887437
0.918312
0.650725
0.650725
0.650725
0.650725
0.982291
1.08685
1.08685
1.09695
0.8857
0.8857
0.8857
0.8857
0.641943
0.223426
0.194007
0.219716
0.0926107
0.296779
0.350376
0.392857
0.352117
0.402355
0.850982
0.614343
0.29667
0.206247
0.11959
0.11959
-0.0445442
-0.0445442
-0.182405
-0.281728
-0.307103
-0.304252
-0.297164
-0.266648
-0.228235
-0.184217
-0.289878
-0.289878
-0.305159
-0.370326
-0.387384
-0.348925
-0.366207
-0.370268
-0.273579
-0.240851
-0.213796
-0.280185
-0.237069
-0.233561
-0.0529762
-0.0563131
0.104597
-0.109055
-0.277927
-0.234887
-0.232117
-0.279996
-0.221382
-0.221382
-0.207315
-0.19748
-0.302992
-0.261268
-0.222274
-0.23558
-0.272964
-0.28217
-0.255994
-0.29778
-0.360895
-0.408584
-0.411041
-0.418787
-0.388263
-0.320609
-0.38848
-0.414328
-0.421497
-0.402124
-0.315677
-0.358686
-0.388914
-0.364925
-0.358873
-0.324372
-0.296005
-0.314038
-0.301019
-0.325787
-0.322712
-0.322712
-0.268657
-0.223092
-0.191677
-0.26504
-0.269619
-0.267687
-0.31378
-0.255109
-0.301019
-0.395503
-0.339426
-0.315169
-0.345059
-0.393623
-0.401542
-0.311123
-0.400069
-0.356135
-0.409563
-0.409563
-0.436669
-0.431054
-0.441625
-0.438218
-0.428787
-0.432216
-0.429894
-0.429894
-0.409049
-0.376891
-0.376891
-0.391932
-0.328478
-0.367318
-0.331366
-0.304514
-0.247408
-0.267885
-0.307779
-0.305938
-0.240764
-0.114493
-0.164165
-0.101994
-0.00802813
0.110233
-0.198904
-0.240966
-0.334719
-0.334719
-0.343672
-0.303311
-0.331226
-0.234575
-0.249218
-0.208318
-0.225601
-0.237118
-0.154933
0.136145
0.205525
0.279131
0.285706
-0.0816459
-0.336398
-0.336398
-0.242858
-0.242858
0.0992644
-0.0435094
-0.0435094
-0.0491435
-0.149457
-0.0441283
-0.25757
-0.25757
-0.0173608
-0.286138
-0.262021
-0.300745
-0.246295
-0.246295
-0.168063
-0.0145325
0.102999
0.102999
0.102999
-0.0542337
-0.256966
-0.256966
-0.0482723
-0.0482723
-0.0925289
-0.206533
-0.235773
-0.210811
-0.286577
-0.339489
-0.293242
-0.293242
-0.293242
-0.0894716
-0.140558
-0.140558
0.0961195
0.152884
0.152884
0.152884
-0.157055
-0.11707
-0.11707
-0.205385
-0.205385
0.360494
0.554235
0.554235
0.529169
0.529169
-0.0522457
-0.358314
-0.344874
-0.0630473
-0.32837
-0.315391
-0.389654
-0.350126
-0.355603
-0.35954
-0.403651
-0.403651
-0.368409
-0.250851
-0.163876
-0.0737472
-0.0737472
0.0612482
-0.138602
-0.185836
-0.156056
-0.0376142
0.0766758
-0.100611
-0.0186462
0.174402
0.145393
0.00747632
0.00747632
-0.153481
0.00801512
-0.131941
0.0306267
0.0524892
0.0600629
0.0269426
0.0653777
0.00834128
0.00834128
0.00834128
0.0454013
0.0714434
0.0714434
0.055552
0.0997368
-0.0201942
-0.0962097
-0.216989
-0.250866
-0.241194
-0.236979
-0.229733
-0.255975
-0.239799
-0.208866
-0.245498
-0.257579
-0.229638
-0.244196
-0.258235
-0.241931
-0.248401
-0.253387
-0.25915
-0.24579
-0.252491
-0.23851
-0.242898
-0.238902
-0.245161
-0.207228
-0.196561
-0.0933239
-0.184015
-0.199015
-0.217045
-0.241968
-0.245515
-0.251022
-0.25515
-0.249245
-0.244595
-0.245686
-0.191245
-0.208271
-0.222557
-0.214324
-0.174364
-0.159165
-0.227173
-0.218231
-0.20567
-0.242288
-0.173789
-0.245738
-0.225546
-0.204702
-0.247719
-0.255348
-0.241747
-0.247749
-0.260514
-0.253835
-0.24765
-0.244307
-0.232651
-0.243829
-0.2517
-0.250912
-0.25056
-0.220664
-0.24358
-0.248193
-0.243648
-0.264652
-0.220051
-0.245643
-0.244448
-0.229915
-0.189347
-0.242205
-0.242101
-0.233038
-0.246965
-0.229586
-0.194739
-0.194739
-0.0848171
-0.193767
-0.157594
-0.149509
-0.222155
-0.198245
-0.168513
-0.207906
-0.158099
-0.215138
-0.165517
-0.214383
-0.224482
-0.24706
-0.24706
-0.24706
-0.251974
-0.261481
-0.202805
-0.174566
-0.176016
-0.145789
-0.183515
-0.175021
-0.175021
-0.175021
-0.136574
-0.198821
-0.159772
-0.167753
-0.178223
-0.196201
-0.196201
-0.225561
-0.2329
-0.2329
-0.207356
-0.17771
-0.128397
-0.0711213
-0.0711213
-0.159175
-0.123058
-0.229804
-0.240087
-0.240087
-0.212555
-0.226066
-0.245289
-0.238571
-0.22021
-0.180814
-0.105871
-0.0872312
-0.100486
-0.0708676
-0.166208
-0.201292
-0.247543
-0.247543
-0.228429
-0.259017
-0.25613
-0.234982
-0.234982
-0.210463
-0.236687
-0.139431
-0.0488288
0.0891445
0.116959
0.259237
0.388959
0.325469
0.365564
0.365564
0.449971
0.368076
0.262238
0.363338
0.301654
0.320712
0.188016
0.0601513
-0.0843396
0.0755463
0.0618326
0.156661
-0.0029516
-0.0449559
-0.0740805
-0.143936
-0.181999
-0.126263
-0.0411456
0.103228
0.076893
0.076893
0.0614772
0.0614772
0.0614772
-0.168195
-0.206099
-0.28156
-0.329247
-0.368887
-0.309404
-0.351535
-0.428302
-0.419031
-0.436399
-0.391805
-0.311938
-0.193001
-0.10486
-0.161235
-0.11121
-0.190129
-0.246668
-0.138997
-0.126672
-0.266609
-0.334062
-0.231078
-0.283426
-0.338509
-0.262298
-0.214467
-0.276136
-0.330402
-0.320075
-0.320075
-0.321667
-0.304628
-0.305279
-0.261819
-0.304624
-0.348051
-0.407772
-0.408907
-0.434374
-0.425032
-0.430434
-0.430434
-0.420946
-0.389214
-0.374389
-0.422666
-0.422666
-0.35603
-0.35603
-0.431679
-0.31569
-0.323338
-0.298815
-0.298815
-0.396952
-0.286837
-0.355869
-0.229628
-0.229628
-0.252765
-0.283796
-0.326408
-0.344775
-0.377383
-0.381335
-0.412961
-0.417461
-0.440131
-0.448019
-0.448019
-0.429036
-0.353395
-0.116746
-0.116746
0.0981402
-0.221579
-0.360565
-0.303383
-0.220486
-0.257875
-0.312946
-0.312946
-0.295431
-0.295431
-0.137468
0.112133
0.112133
-0.308387
-0.356399
-0.398974
-0.439438
-0.284908
-0.431525
-0.441916
-0.421199
-0.399157
-0.399157
-0.430999
-0.439163
-0.418377
-0.414694
-0.353019
-0.260804
-0.113662
-0.311569
-0.311569
-0.328976
-0.396739
-0.440489
-0.440718
-0.421616
-0.377548
-0.283271
-0.265738
-0.29
-0.298753
-0.294271
-0.295894
-0.292323
-0.257473
-0.239928
-0.26053
-0.263809
-0.235787
-0.255161
-0.274889
-0.28695
-0.277346
-0.273289
-0.277185
-0.235346
-0.238588
-0.222317
-0.222317
-0.255501
-0.261922
-0.261922
-0.235558
-0.15946
-0.251729
-0.210309
-0.197458
-0.184933
-0.270071
-0.195705
-0.15902
-0.284644
-0.31332
-0.300415
-0.271516
-0.275015
-0.261299
-0.345885
-0.345885
-0.385446
-0.399372
-0.430058
-0.381545
-0.380149
-0.359577
-0.357428
-0.29799
-0.306575
-0.36297
-0.365629
-0.256288
-0.262072
-0.312892
-0.285249
-0.326069
-0.276015
-0.286829
-0.321097
-0.332519
-0.323287
-0.30921
-0.284164
-0.292338
-0.333905
-0.341986
-0.327478
-0.3661
-0.37864
-0.404423
-0.388297
-0.388297
-0.409076
-0.366646
-0.361949
-0.308806
-0.176185
-0.205141
-0.277882
-0.36847
-0.405061
-0.382471
-0.363973
-0.363973
-0.32815
-0.32815
-0.325749
-0.394031
-0.394031
-0.394031
-0.355777
-0.376151
-0.414238
-0.408598
-0.420916
-0.37252
-0.407148
-0.371782
-0.410423
-0.296797
-0.296797
-0.296797
-0.267449
-0.0416647
-0.165178
-0.355889
-0.427527
-0.441342
-0.417496
-0.417496
-0.433493
-0.396628
-0.293976
-0.194963
-0.100186
-0.100186
-0.086584
-0.151455
-0.151455
-0.155768
-0.208774
-0.269439
-0.381331
-0.422019
-0.412849
-0.425499
-0.423195
-0.44239
-0.44239
-0.443742
-0.438758
-0.43694
-0.439105
-0.430564
-0.428148
-0.428148
-0.432443
-0.444162
-0.434489
-0.345446
-0.345446
-0.374453
-0.356808
-0.326103
-0.196741
-0.196741
-0.27049
-0.356612
-0.230094
-0.35177
-0.3676
-0.259302
-0.351321
-0.363128
-0.382319
-0.407681
-0.438708
-0.422111
-0.395905
-0.395905
-0.406685
-0.41068
-0.419285
-0.430432
-0.43296
-0.381822
-0.333794
-0.349392
-0.390639
-0.426534
-0.44711
-0.432481
-0.347577
-0.347577
-0.347577
-0.290266
-0.170813
-0.170813
-0.0890934
-0.0890934
-0.0890934
-0.156163
-0.171952
-0.186962
0.0441314
0.424575
0.204408
0.517535
0.0896924
0.0896924
-0.102869
-0.102869
-0.16237
-0.259812
-0.272796
-0.267524
-0.267524
-0.388166
-0.388166
-0.405526
-0.359317
-0.359317
-0.357556
-0.406674
-0.335341
-0.278798
-0.345025
-0.237526
-0.367506
-0.253861
-0.34731
-0.195662
-0.195662
-0.195662
0.0432395
0.0728113
0.0196697
0.0196697
-0.280219
-0.310339
-0.357099
-0.416643
-0.319576
-0.144195
-0.144195
-0.223667
-0.345081
-0.345081
-0.308113
-0.254291
-0.254291
-0.410012
-0.433998
-0.416452
-0.416452
-0.416452
-0.38587
-0.349598
-0.367081
-0.417577
-0.369567
-0.436757
-0.417649
-0.417649
-0.436892
-0.436892
-0.439396
-0.395139
-0.395139
-0.352909
-0.396393
-0.363538
-0.394071
-0.394071
-0.370645
-0.339964
-0.359194
-0.434899
-0.434899
-0.427501
-0.409656
-0.429203
-0.424215
-0.379693
-0.363254
-0.349856
-0.340892
-0.303167
-0.290112
-0.294077
-0.311985
-0.312105
-0.363531
-0.350048
-0.357736
-0.407044
-0.396852
-0.415571
-0.416417
-0.438926
-0.39727
-0.430855
-0.425876
-0.359175
-0.359175
-0.359175
-0.336679
-0.36763
-0.343219
-0.386473
-0.438092
-0.405222
-0.418121
-0.438667
-0.437976
-0.384967
-0.309713
-0.393291
-0.421427
-0.421427
-0.399123
-0.350199
-0.283463
-0.347396
-0.350033
-0.355715
-0.383762
-0.364983
-0.408793
-0.405826
-0.441008
-0.430538
-0.404884
-0.433757
-0.440472
-0.440472
-0.440472
-0.440363
-0.427617
-0.427617
-0.427617
-0.380475
-0.358908
-0.32644
-0.365843
-0.36044
-0.358659
-0.376328
-0.341614
-0.341614
-0.334514
-0.383831
-0.362937
-0.394968
-0.417447
-0.439521
-0.409023
-0.395904
-0.379423
-0.338799
-0.325301
-0.325301
-0.356966
-0.352104
-0.368303
-0.368825
-0.414189
-0.380673
-0.387269
-0.409413
-0.409413
-0.409413
-0.418366
-0.421291
-0.411607
-0.411607
-0.432595
-0.377212
-0.377212
-0.310591
-0.310591
-0.310591
-0.310591
-0.324699
-0.377479
-0.36379
-0.332276
-0.431172
-0.431172
-0.436764
-0.423913
-0.423913
-0.381513
-0.272723
-0.305537
-0.359075
-0.212748
-0.188407
-0.218406
-0.366931
-0.434884
-0.424755
-0.442075
-0.423523
-0.421372
-0.414258
-0.409882
-0.360757
-0.322996
-0.37511
-0.37511
-0.37511
-0.399126
-0.269301
-0.362955
-0.362955
-0.435026
-0.430845
-0.405506
-0.405506
-0.39333
-0.437791
-0.415608
-0.417511
-0.437718
-0.437718
-0.424563
-0.424563
-0.439516
-0.394552
-0.399034
-0.399034
-0.440173
-0.41156
-0.355815
-0.354432
-0.389094
-0.386705
-0.386705
-0.383402
-0.411458
-0.422641
-0.372102
-0.342557
-0.33714
-0.368775
-0.410131
-0.396333
-0.396333
-0.298996
-0.298996
-0.317622
-0.293277
-0.27175
-0.32544
-0.348558
-0.342038
-0.317849
-0.346988
-0.402838
-0.364488
-0.364488
-0.364488
-0.374686
-0.432404
-0.424907
-0.424907
-0.334872
-0.334872
-0.408188
-0.408188
-0.36294
-0.430964
-0.430964
-0.418404
-0.3697
-0.405969
-0.429971
-0.392736
-0.419847
-0.419847
-0.419847
-0.42342
-0.407834
-0.416463
-0.416463
-0.438782
-0.438782
-0.38262
-0.397809
-0.300209
-0.300209
-0.300209
-0.300209
-0.361045
-0.373807
-0.373807
-0.392948
-0.369333
-0.263981
-0.263981
-0.228877
-0.27238
-0.418972
-0.404378
-0.286523
-0.286523
-0.369724
-0.369724
-0.369724
-0.3417
-0.344355
-0.334503
-0.334503
-0.36861
-0.36861
-0.406025
-0.328602
-0.382889
-0.382889
-0.317929
-0.218062
-0.236626
-0.236626
-0.201391
-0.20503
-0.27511
-0.28518
-0.190605
-0.309189
-0.319195
-0.365915
-0.347855
-0.359909
-0.396591
-0.398209
-0.398209
-0.398209
-0.37737
-0.355726
-0.314994
-0.30319
-0.286523
-0.28188
-0.28188
-0.276118
-0.275185
-0.275185
-0.254805
-0.23911
-0.233444
-0.260393
-0.226306
-0.222827
-0.155565
-0.155565
-0.206264
-0.238406
-0.262469
-0.241323
-0.241323
-0.219758
-0.12429
-0.177463
-0.177463
-0.195379
-0.153331
-0.191509
-0.252587
-0.209857
-0.236301
-0.247073
-0.243973
-0.2524
-0.24693
-0.231781
-0.165695
-0.185657
-0.104237
-0.104237
-0.104237
-0.201995
-0.241858
-0.260858
-0.247973
-0.228213
-0.188866
-0.188866
-0.0828332
-0.0576149
-0.0576149
-0.0576149
-0.0415924
0.075618
0.0653331
0.291206
0.282429
0.111055
0.111055
0.111055
0.102063
0.129289
0.129289
0.258395
0.210959
0.225715
0.142352
0.0031612
0.0031612
-0.0874476
0.0129872
0.0129872
0.0129872
0.0129872
-0.0365329
-0.108215
-0.209624
-0.14437
-0.042397
-0.140778
-0.167807
-0.161546
-0.212158
-0.215639
-0.242462
-0.2417
-0.25821
-0.25821
-0.250079
-0.252445
-0.239729
-0.255464
-0.227434
-0.241964
-0.253144
-0.243288
-0.248743
-0.231451
-0.247387
-0.22641
-0.235806
-0.252361
-0.264974
-0.234328
-0.248129
-0.247181
-0.260024
-0.240619
-0.229783
-0.229783
-0.202635
-0.141882
-0.139242
-0.182496
-0.259022
-0.249138
-0.249138
-0.260017
-0.246742
-0.249311
-0.251039
-0.229354
-0.192214
-0.158445
-0.135694
-0.149798
-0.131708
-0.17511
-0.17511
-0.163297
-0.105433
-0.121393
-0.133285
-0.0462409
-0.165071
-0.248264
-0.233465
-0.258213
-0.257553
-0.258567
-0.246003
-0.252308
-0.246765
-0.221858
-0.221216
-0.215593
-0.188823
-0.0949592
-0.147554
-0.217505
-0.217505
-0.249767
-0.249767
-0.257935
-0.23729
-0.246305
-0.22544
-0.200803
-0.155736
-0.155736
-0.133849
-0.182529
-0.182529
-0.120078
-0.138684
-0.220411
-0.220411
-0.218672
-0.236116
-0.262862
-0.262862
-0.238284
-0.26088
-0.26088
-0.210681
-0.15678
-0.168915
-0.127177
-0.160861
-0.176121
-0.192912
-0.130379
-0.253142
-0.208851
-0.21515
-0.21515
-0.250253
-0.242047
-0.245333
-0.248352
-0.234263
-0.242705
-0.250496
-0.25843
-0.257208
-0.254374
-0.251899
-0.251899
-0.2493
-0.24074
-0.239771
-0.211496
-0.254373
-0.223612
-0.255741
-0.213551
-0.188626
-0.188626
-0.236143
-0.23322
-0.252385
-0.228342
-0.216106
-0.245312
-0.248725
-0.252146
-0.247486
-0.247486
-0.249331
-0.249615
-0.249615
-0.256062
-0.235246
-0.21509
-0.232683
-0.240084
-0.254028
-0.25583
-0.276592
-0.276592
-0.276592
-0.27273
-0.263042
-0.250874
-0.250874
-0.264311
-0.230903
-0.210159
-0.210159
-0.236078
-0.203149
-0.174613
-0.198213
-0.195219
-0.203659
-0.203659
-0.203659
-0.203659
-0.258036
-0.257966
-0.247225
-0.264596
-0.238899
-0.248101
-0.26853
-0.196205
-0.146186
-0.0182186
0.0844485
0.0844485
0.0844485
-0.108416
-0.108416
-0.176694
-0.192145
-0.227386
-0.232175
-0.238237
-0.195491
-0.195847
-0.195847
-0.195847
-0.209303
-0.209656
-0.20439
-0.20439
-0.274234
-0.274234
-0.263393
-0.25301
-0.241729
-0.140979
-0.0523526
-0.0523526
-0.186669
-0.186669
-0.189514
-0.113167
-0.0066964
-0.0066964
-0.0066964
-0.0066964
-0.0804065
-0.204444
-0.230975
-0.261445
-0.212491
-0.180101
-0.179409
-0.179409
-0.179409
-0.154258
-0.154258
-0.154258
-0.154258
-0.0850734
-0.219833
-0.245348
-0.254528
-0.254528
-0.262412
-0.27524
-0.291413
-0.271268
-0.272033
-0.246022
-0.264486
-0.237321
-0.223725
-0.248004
-0.249895
-0.244331
-0.256089
-0.233744
-0.241187
-0.249814
-0.261151
-0.261151
-0.242076
-0.209629
-0.209629
-0.21707
-0.245446
-0.246517
-0.254758
-0.23697
-0.245968
-0.260279
-0.21023
-0.247552
-0.229973
-0.235423
-0.268381
-0.268381
-0.238114
-0.237773
-0.193349
-0.101848
0.0125079
-0.0491758
-0.0491758
-0.0491758
-0.0491758
-0.00850809
-0.00228271
-0.0367313
-0.0367313
-0.0377809
-0.12628
-0.12628
-0.239609
-0.250513
-0.277214
-0.273425
-0.273425
-0.300433
-0.300433
-0.300433
-0.270627
-0.264155
-0.293916
-0.315107
-0.336917
-0.303152
-0.349166
-0.356514
-0.356237
-0.353742
-0.353742
-0.353742
-0.360758
-0.360758
-0.342946
-0.342946
-0.26572
-0.26572
-0.26572
-0.378396
-0.378396
-0.303285
-0.386575
-0.444492
-0.418386
-0.436846
-0.440557
-0.403914
-0.344371
-0.344371
-0.424226
-0.357551
-0.311314
-0.374672
-0.358269
-0.358269
-0.3782
-0.37587
-0.421529
-0.412682
-0.412682
-0.412682
-0.412682
-0.372048
-0.41571
-0.444363
-0.444363
-0.42529
-0.403053
-0.357829
-0.423534
-0.435079
-0.443647
-0.433292
-0.433292
-0.433292
-0.398381
-0.408686
-0.375345
-0.365279
-0.377178
-0.377178
-0.377178
-0.36465
-0.358049
-0.382662
-0.394407
-0.394407
-0.37324
-0.380985
-0.380985
-0.380985
-0.347769
-0.341553
-0.372913
-0.325569
-0.394972
-0.427862
-0.422371
-0.407453
-0.440577
-0.440577
-0.440577
-0.371023
-0.389179
-0.422983
-0.387944
-0.29648
-0.379326
-0.361228
-0.415909
-0.415909
-0.415909
-0.434947
-0.416149
-0.371981
-0.391021
-0.391021
-0.406989
-0.414821
-0.402531
-0.41886
-0.343837
-0.376303
-0.42396
-0.42396
-0.437045
-0.384772
-0.440978
-0.438559
-0.387033
-0.387033
-0.413947
-0.397825
-0.370464
-0.369553
-0.369553
-0.322992
-0.326497
-0.326497
-0.368383
-0.368383
-0.398838
-0.398838
-0.417828
-0.417828
-0.429663
-0.431985
-0.431985
-0.421354
-0.4331
-0.395713
-0.435464
-0.419601
-0.425053
-0.430343
-0.346608
-0.346608
-0.306536
-0.306536
-0.308367
-0.369108
-0.315299
-0.291198
-0.397755
-0.39643
-0.39643
-0.376669
-0.39775
-0.379367
-0.435138
-0.435138
-0.394585
-0.394033
-0.442809
-0.442809
-0.397175
-0.33844
-0.312642
-0.312642
-0.277498
-0.28739
-0.307422
-0.307422
-0.32395
-0.358626
-0.358626
-0.347988
-0.323024
-0.323024
-0.323024
-0.239831
-0.258839
-0.185139
-0.260492
-0.309744
-0.307705
-0.318594
-0.360392
-0.319899
-0.328702
-0.328702
-0.336229
-0.348459
-0.271918
-0.227482
-0.0941328
-0.0577185
-0.206496
-0.206496
-0.206496
-0.197592
-0.266151
-0.287198
-0.288657
-0.292599
-0.317605
-0.355121
-0.345223
-0.344155
-0.362884
-0.357897
-0.396999
-0.422903
-0.406975
-0.396517
-0.408741
-0.420104
-0.428504
-0.428504
-0.389633
-0.367228
-0.433518
-0.420516
-0.420516
-0.420516
-0.377704
-0.427381
-0.433364
-0.36936
-0.374172
-0.436131
-0.439762
-0.434049
-0.434115
-0.385696
-0.395765
-0.395765
-0.395765
-0.395765
-0.383376
-0.429006
-0.439516
-0.40051
-0.38768
-0.420156
-0.417442
-0.420785
-0.416204
-0.414618
-0.414618
-0.438029
-0.408196
-0.43442
-0.445169
-0.445169
-0.424323
-0.419707
-0.419707
-0.426066
-0.427087
-0.427087
-0.427087
-0.421131
-0.421131
-0.387383
-0.387383
-0.398247
-0.327829
-0.331655
-0.292222
-0.292222
-0.289206
-0.29845
-0.311969
-0.3446
-0.324468
-0.297712
-0.300771
-0.300771
-0.291292
-0.296376
-0.361796
-0.324163
-0.324163
-0.331601
-0.322771
-0.259588
-0.302479
-0.302479
-0.302479
-0.302479
-0.351555
-0.37387
-0.303316
-0.303316
-0.373166
-0.428286
-0.428286
-0.361258
-0.400287
-0.415696
-0.415696
-0.415696
-0.415696
-0.415696
-0.415696
-0.42513
-0.438542
-0.423758
-0.423758
-0.423758
-0.439956
-0.439956
-0.431916
-0.42256
-0.403533
-0.403533
-0.385157
-0.40471
-0.424041
-0.44433
-0.44433
-0.441564
-0.441564
-0.406566
-0.438605
-0.441674
-0.431424
-0.431564
-0.404597
-0.379498
-0.379498
-0.433324
-0.439078
-0.439078
-0.399387
-0.399387
-0.399387
-0.399387
-0.400798
-0.416694
-0.416694
-0.285297
-0.362892
-0.40689
-0.379617
-0.379617
-0.379617
-0.379617
-0.401163
-0.401163
-0.401163
-0.431139
-0.436085
-0.436085
-0.436085
-0.43977
-0.420845
-0.439597
-0.391064
-0.402441
-0.402441
-0.386839
-0.389454
-0.371231
-0.419123
-0.429737
-0.429737
-0.442161
-0.426329
-0.430074
-0.399876
-0.399876
-0.406149
-0.400006
-0.411387
-0.435979
-0.407999
-0.438122
-0.424326
-0.391574
-0.42377
-0.42377
-0.411122
-0.411122
-0.441778
-0.413208
-0.423623
-0.435787
-0.435188
-0.435188
-0.435276
-0.41624
-0.429418
-0.410399
-0.420379
-0.438507
-0.443187
-0.443187
-0.439969
-0.439969
-0.437198
-0.437198
-0.437198
-0.376439
-0.376439
-0.354464
-0.357294
-0.351687
-0.351687
-0.377175
-0.40845
-0.413455
-0.398993
-0.3981
-0.3981
-0.395841
-0.395841
-0.442338
-0.444197
-0.444197
-0.422836
-0.422836
-0.439301
-0.440747
-0.440747
-0.440747
-0.440747
-0.409056
-0.439639
-0.439639
-0.374757
-0.3879
-0.444184
-0.432702
-0.424393
-0.429271
-0.438898
-0.425479
-0.437966
-0.438564
-0.410832
-0.418559
-0.443625
-0.411654
-0.434722
-0.44235
-0.44235
-0.413653
-0.348641
-0.372017
-0.404107
-0.392101
-0.392101
-0.392101
-0.378702
-0.379932
-0.379932
-0.297221
-0.340878
-0.340878
-0.410816
-0.354245
-0.31557
-0.345928
-0.420553
-0.439379
-0.436906
-0.443124
-0.417727
-0.417727
-0.417727
-0.417727
-0.397947
-0.431324
-0.422105
-0.384091
-0.429969
-0.429969
-0.390872
-0.43541
-0.443189
-0.439222
-0.439222
-0.436851
-0.364749
-0.39803
-0.389206
-0.436283
-0.44454
-0.418637
-0.427309
-0.427309
-0.439193
-0.439193
-0.439193
-0.439193
-0.429542
-0.41228
-0.413171
-0.413171
-0.373002
-0.434423
-0.434423
-0.436992
-0.435622
-0.421227
-0.388552
-0.384787
-0.384787
-0.396049
-0.396049
-0.437014
-0.43135
-0.442838
-0.411676
-0.411676
-0.444209
-0.440635
-0.433405
-0.441072
-0.441072
-0.441072
-0.425398
-0.449058
-0.449058
-0.429143
-0.424386
-0.43468
-0.442506
-0.442506
-0.425828
-0.439055
-0.439913
-0.389721
-0.433943
-0.43873
-0.400339
-0.263592
-0.263592
-0.322697
-0.405382
-0.393493
-0.407395
-0.407395
-0.407395
-0.395543
-0.395543
-0.389037
-0.347969
-0.363625
-0.363625
-0.363625
-0.363625
-0.362312
-0.332079
-0.43135
-0.43135
-0.430247
-0.43359
-0.417543
-0.378214
-0.378214
-0.378214
-0.378214
-0.405441
-0.336763
-0.398627
-0.436452
-0.436452
-0.436452
-0.436452
-0.442469
-0.402317
-0.43931
-0.429
-0.392679
-0.392679
-0.392679
-0.407456
-0.407456
-0.425076
-0.428187
-0.414473
-0.414473
-0.414473
-0.405643
-0.405643
-0.405643
-0.404459
-0.404459
-0.404459
-0.409673
-0.376855
-0.371129
-0.361323
-0.406606
-0.406606
-0.395671
-0.395671
-0.395671
-0.395671
-0.397009
-0.397009
-0.443331
-0.429208
-0.429356
-0.438226
-0.438226
-0.439545
-0.431036
-0.431036
-0.425658
-0.425658
-0.44583
-0.431392
-0.431392
-0.438312
-0.437508
-0.437508
-0.437508
-0.437828
-0.437828
-0.437828
-0.437828
-0.434437
-0.419521
-0.422374
-0.417546
-0.368224
-0.352482
-0.423667
-0.426037
-0.413515
-0.441922
-0.430429
-0.414872
-0.404809
-0.317263
-0.403959
-0.411246
-0.411246
-0.445444
-0.438911
-0.435191
-0.403919
-0.425325
-0.388864
-0.388864
-0.388864
-0.388864
-0.388864
-0.388864
-0.436908
-0.44121
-0.420817
-0.385255
-0.385255
-0.385255
-0.386976
-0.412133
-0.412133
-0.412133
-0.397777
-0.436054
-0.436054
-0.436054
-0.371622
-0.410001
-0.410001
-0.410001
-0.438869
-0.439749
-0.441718
-0.441718
-0.414985
-0.397035
-0.365734
-0.348888
-0.378052
-0.406606
-0.4363
-0.4363
-0.414221
-0.407281
-0.407281
-0.407281
-0.403178
-0.403178
-0.415215
-0.396025
-0.396025
-0.407698
-0.407698
-0.435507
-0.434367
-0.441701
-0.414562
-0.372308
-0.409112
-0.416733
-0.355906
-0.374643
-0.421519
-0.421519
-0.421519
-0.39004
-0.39004
-0.335656
-0.219197
-0.219197
-0.382673
-0.382673
-0.382673
-0.429361
-0.429361
-0.429361
-0.373466
-0.415926
-0.398296
-0.384015
-0.439129
-0.439129
-0.439129
-0.389958
-0.343077
-0.343077
-0.414625
-0.414625
-0.414625
-0.436219
-0.440783
-0.440783
-0.440783
-0.440783
-0.433045
-0.432673
-0.42712
-0.370039
-0.364395
-0.396373
-0.446817
-0.446817
-0.41032
-0.396843
-0.396843
-0.396843
-0.394187
-0.4234
-0.4234
-0.4234
-0.4234
-0.4234
-0.440447
-0.440447
-0.393016
-0.381213
-0.388995
-0.420576
-0.420576
-0.420576
-0.444526
-0.444526
-0.401489
-0.426465
-0.43261
-0.441287
-0.441287
-0.412028
-0.387564
-0.387564
-0.399535
-0.399535
-0.399535
-0.399535
-0.441464
-0.428367
-0.428367
-0.400578
-0.355657
-0.346912
-0.305243
-0.305243
-0.305243
-0.30636
-0.367343
-0.367343
-0.353246
-0.365841
-0.365841
-0.335348
-0.335348
-0.335348
-0.335348
-0.288358
-0.293625
-0.293625
-0.293625
-0.330939
-0.332636
-0.32741
-0.308866
-0.308866
-0.387294
-0.369945
-0.37643
-0.382047
-0.381688
-0.381688
-0.423239
-0.423239
-0.38879
-0.38879
-0.40975
-0.419575
-0.414101
-0.438649
-0.402438
-0.402438
-0.436458
-0.434192
-0.395032
-0.395032
-0.438811
-0.426758
-0.426758
-0.413864
-0.443533
-0.424786
-0.428113
-0.433734
-0.434537
-0.398592
-0.398592
-0.351933
-0.330843
-0.295024
-0.311481
-0.311481
-0.303794
-0.35334
-0.377529
-0.377529
-0.402138
-0.402138
-0.378717
-0.370342
-0.370342
-0.370342
-0.354033
-0.354033
-0.354033
-0.335971
-0.343167
-0.343167
-0.404133
-0.404133
-0.404133
-0.434107
-0.404234
-0.404234
-0.352257
-0.352257
-0.364332
-0.366163
-0.402164
-0.428509
-0.428509
-0.408197
-0.413277
-0.413277
-0.413277
-0.304404
-0.420547
-0.430637
-0.430637
-0.430637
-0.430637
-0.41047
-0.41047
-0.38056
-0.378952
-0.378952
-0.427358
-0.430118
-0.430118
-0.431515
-0.431515
-0.431515
-0.437154
-0.437154
-0.437154
-0.437154
-0.437459
-0.426644
-0.424246
-0.440551
-0.440551
-0.43694
-0.439371
-0.431927
-0.431927
-0.441152
-0.441152
-0.441152
-0.406104
-0.39962
-0.437832
-0.420933
-0.419245
-0.419245
-0.407687
-0.413631
-0.413631
-0.44237
-0.438487
-0.438487
-0.438487
-0.414561
-0.414561
-0.414561
-0.42711
-0.42711
-0.350544
-0.376677
-0.362239
-0.340711
-0.340711
-0.340711
-0.340711
-0.340711
-0.340711
-0.340711
-0.351398
-0.351398
-0.381538
-0.428185
-0.391293
-0.439095
-0.439095
-0.436037
-0.435139
-0.434008
-0.434008
-0.434008
-0.434008
-0.440829
-0.440829
-0.441461
-0.422125
-0.402686
-0.402686
-0.402686
-0.402686
-0.402686
-0.402686
-0.440438
-0.440438
-0.431431
-0.431431
-0.438159
-0.424688
-0.424688
-0.422448
-0.432289
-0.433855
-0.447601
-0.447601
-0.422588
-0.414721
-0.407337
-0.407337
-0.407337
-0.402337
-0.402337
-0.402337
-0.436201
-0.422389
-0.42326
-0.42326
-0.418537
-0.414932
-0.334877
-0.368236
-0.385566
-0.385566
-0.416572
-0.435029
-0.406547
-0.442271
-0.442271
-0.442978
-0.41721
-0.439892
-0.439892
-0.435283
-0.43
-0.43
-0.43
-0.43
-0.43
-0.415094
-0.442078
-0.4306
-0.374755
-0.432069
-0.422731
-0.422731
-0.435258
-0.440579
-0.426249
-0.444199
-0.40905
-0.435676
-0.405597
-0.405597
-0.402366
-0.402366
-0.343662
-0.415343
-0.422898
-0.435226
-0.430961
-0.437368
-0.424744
-0.440218
-0.440218
-0.440218
-0.404308
-0.404308
-0.420221
-0.420221
-0.443285
-0.443285
-0.389986
-0.389986
-0.436349
-0.426286
-0.396191
-0.396191
-0.396191
-0.396191
-0.390973
-0.37448
-0.428297
-0.417967
-0.417967
-0.417967
-0.414062
-0.393455
-0.375448
-0.313682
-0.365028
-0.348592
-0.330513
-0.330513
-0.347432
-0.347432
-0.41113
-0.41113
-0.385262
-0.385262
-0.324548
-0.324548
-0.324548
-0.324548
-0.356693
-0.356693
-0.356693
-0.315375
-0.319107
-0.319107
-0.371848
-0.387505
-0.435433
-0.435433
-0.425513
-0.425513
-0.414594
-0.442213
-0.442213
-0.442213
-0.442213
-0.442213
-0.442213
-0.391685
-0.391685
-0.440773
-0.442096
-0.444405
-0.444405
-0.444405
-0.444405
-0.444405
-0.444405
-0.439509
-0.439509
-0.439509
-0.439509
-0.439509
-0.431641
-0.431641
-0.431641
-0.441711
-0.441711
-0.441711
-0.411529
-0.403379
-0.403379
-0.403379
-0.403379
-0.40445
-0.40445
-0.40445
-0.400425
-0.391819
-0.401606
-0.443955
-0.443955
-0.443955
-0.436109
-0.436109
-0.444788
-0.42564
-0.42564
-0.4377
-0.409641
-0.418928
-0.431482
-0.440831
-0.440831
-0.440831
-0.440831
-0.440831
-0.406457
-0.386613
-0.38195
-0.419627
-0.423904
-0.423904
-0.414324
-0.409572
-0.398691
-0.398691
-0.394317
-0.394317
-0.388994
-0.388994
-0.388994
-0.388994
-0.436933
-0.436933
-0.436933
-0.436933
-0.431011
-0.439988
-0.417577
-0.417577
-0.417577
-0.417577
-0.44118
-0.44118
-0.44118
-0.43633
-0.43353
-0.432342
-0.432342
-0.432342
-0.405604
-0.407153
-0.407153
-0.407153
-0.424969
-0.387186
-0.387186
-0.442966
-0.438566
-0.429285
-0.429285
-0.420512
-0.443528
-0.443528
-0.417933
-0.417933
-0.417933
-0.417933
-0.417933
-0.417933
-0.417933
-0.417933
-0.417798
-0.417798
-0.441295
-0.441295
-0.441295
-0.427328
-0.427328
-0.427328
-0.427328
-0.427328
-0.371691
-0.422534
-0.423293
-0.423293
-0.435833
-0.435833
-0.435833
-0.434919
-0.434919
-0.440939
-0.438793
-0.426096
-0.427581
-0.427581
-0.40475
-0.407265
-0.397487
-0.38887
-0.38887
-0.424716
-0.424716
-0.424716
-0.424716
-0.42439
-0.42439
-0.446756
-0.446756
-0.446756
-0.43307
-0.416705
-0.403833
-0.381658
-0.381658
-0.370725
-0.354173
-0.354173
-0.346464
-0.351435
-0.346556
-0.346366
-0.346366
-0.346366
-0.326915
-0.350788
-0.350788
-0.350788
-0.350788
-0.350788
-0.350788
-0.350788
-0.350788
-0.407203
-0.407203
-0.407203
-0.43174
-0.4345
-0.4345
-0.4345
-0.4345
-0.4345
-0.418359
-0.385545
-0.381322
-0.381322
-0.381322
-0.381322
-0.442658
-0.442658
-0.442658
-0.442658
-0.442658
-0.440017
-0.440017
-0.447222
-0.424245
-0.383888
-0.436026
-0.436026
-0.436026
-0.436026
-0.436026
-0.412911
-0.426924
-0.426924
-0.426924
-0.426924
-0.421647
-0.404817
-0.404817
-0.390712
-0.409712
-0.423437
-0.423437
-0.423437
-0.423437
-0.423437
-0.434719
-0.4374
-0.408629
-0.410189
-0.410189
-0.410189
-0.421965
-0.394717
-0.396431
-0.396431
-0.396431
-0.396431
-0.399551
-0.399551
-0.382796
-0.390536
-0.390536
-0.391035
-0.397054
-0.397622
-0.389153
-0.417598
-0.417598
-0.417598
-0.417598
-0.359364
-0.359364
-0.39909
-0.428732
-0.380952
-0.412865
-0.412865
-0.434383
-0.434383
-0.443627
-0.443627
-0.443627
-0.443627
-0.443627
-0.443627
-0.433243
-0.433243
-0.433243
-0.442623
-0.442623
-0.436469
-0.437763
-0.437763
-0.437763
-0.437763
-0.437763
-0.437763
-0.437763
-0.442707
-0.442707
-0.436939
-0.41424
-0.42112
-0.437102
-0.437102
-0.419729
-0.427034
-0.427034
-0.427034
-0.427034
-0.420454
-0.420454
-0.420454
-0.420454
-0.420454
-0.381714
-0.401514
-0.422596
-0.363188
-0.363188
-0.305391
-0.37196
-0.37196
-0.37196
-0.395915
-0.395915
-0.395915
-0.416737
-0.409847
-0.409847
-0.409847
-0.409847
-0.433343
-0.433343
-0.435634
-0.435634
-0.430267
-0.430267
-0.423454
-0.423454
-0.423454
-0.440939
-0.430601
-0.398093
-0.398093
-0.394422
-0.394422
-0.414263
-0.410268
-0.414493
-0.424434
-0.421735
-0.434025
-0.434025
-0.44015
-0.44015
-0.44015
-0.44015
-0.400412
-0.400412
-0.400412
-0.400412
-0.405824
-0.405824
-0.405824
-0.415964
-0.393289
-0.381098
-0.359937
-0.359937
-0.359937
-0.359937
-0.359937
-0.359937
-0.359937
-0.359937
-0.430596
-0.430596
-0.430596
-0.430596
-0.430596
-0.430596
-0.430596
-0.430596
-0.437215
-0.437215
-0.434738
-0.439488
-0.439488
-0.439488
-0.445441
-0.445441
-0.445441
-0.445441
-0.436594
-0.433767
-0.433767
-0.433767
-0.433767
-0.433767
-0.408775
-0.383071
-0.42038
-0.42038
-0.424264
-0.43543
-0.43543
-0.43543
-0.426789
-0.426789
-0.426789
-0.41758
-0.442137
-0.442137
-0.442137
-0.442137
-0.442137
-0.439153
-0.439153
-0.439153
-0.439153
-0.439153
-0.427447
-0.417397
-0.417397
-0.417397
-0.417397
-0.417397
-0.440148
-0.432191
-0.432191
-0.400264
-0.400264
-0.38553
-0.387137
-0.387137
-0.393743
-0.393743
-0.378092
-0.363662
-0.363662
-0.363662
-0.385921
-0.385921
-0.418126
-0.418126
-0.418126
-0.418126
-0.418126
-0.418126
-0.431939
-0.418482
-0.447687
-0.447687
-0.446115
-0.446115
-0.439266
-0.432442
-0.414329
-0.414329
-0.414329
-0.404739
-0.432428
-0.432428
-0.432428
-0.432428
-0.433894
-0.433894
-0.433894
-0.430923
-0.430923
-0.415987
-0.440277
-0.440277
-0.440277
-0.427981
-0.427981
-0.427981
-0.412564
-0.412564
-0.402288
-0.402288
-0.441953
-0.441953
-0.439682
-0.439682
-0.439682
-0.439682
-0.439682
-0.439682
-0.439682
-0.439682
-0.439682
-0.439682
-0.427348
-0.427348
-0.427348
-0.412437
-0.412437
-0.412437
-0.412437
-0.412437
-0.412437
-0.412437
-0.415366
-0.443015
-0.443015
-0.443015
-0.443015
-0.437788
-0.437788
-0.437788
-0.437788
-0.437788
-0.437788
-0.420822
-0.421145
-0.441484
-0.441484
-0.42635
-0.42635
-0.445473
-0.445473
-0.445473
-0.445473
-0.445473
-0.445473
-0.41442
-0.41442
-0.41442
-0.41442
-0.41442
-0.41442
-0.41442
-0.41206
-0.433156
-0.433156
-0.433919
-0.429322
-0.431061
-0.427265
-0.427265
-0.408702
-0.408702
-0.436113
-0.436113
-0.436113
-0.436113
-0.436113
-0.436113
-0.436113
-0.436113
-0.4377
-0.4377
-0.438503
-0.438503
-0.438503
-0.438503
-0.431729
-0.441413
-0.441413
-0.441413
-0.446904
-0.435719
-0.435719
-0.438667
-0.438667
-0.425593
-0.425593
-0.425593
-0.425593
-0.425593
-0.425593
-0.422475
-0.422475
-0.423697
-0.423697
-0.423697
-0.423697
-0.444797
-0.444797
-0.444797
-0.408156
-0.408156
-0.408156
-0.432747
-0.432747
-0.440084
-0.441332
-0.441332
-0.441332
-0.441332
-0.43617
-0.43617
-0.43617
-0.43617
-0.43617
-0.43617
-0.43617
-0.43617
-0.43617
-0.43617
-0.43617
-0.43617
-0.43617
-0.43617
-0.43617
-0.435206
-0.398944
-0.398944
-0.398944
-0.428266
-0.443253
-0.443253
-0.443253
-0.443253
-0.443253
-0.443253
-0.443253
-0.443253
-0.443253
-0.443253
-0.443253
-0.443253
-0.439571
-0.439571
-0.439571
-0.439571
-0.439571
-0.439571
-0.439427
-0.439427
-0.439427
-0.439427
-0.439427
-0.402828
-0.402828
-0.402828
-0.444026
-0.444026
-0.444026
-0.444026
-0.438161
-0.438161
-0.438161
-0.415502
-0.415502
-0.437018
-0.437018
-0.440622
-0.440622
-0.440622
-0.440622
-0.440622
-0.440622
-0.436858
-0.426884
-0.443149
-0.443149
-0.443149
-0.443149
-0.437867
-0.437867
-0.440625
-0.440625
-0.440625
-0.440625
-0.440625
-0.428311
-0.428311
-0.419339
-0.425876
-0.416168
-0.434868
-0.434868
-0.434868
-0.429441
-0.429441
-0.429441
-0.429441
-0.429441
-0.429441
-0.429441
-0.444384
-0.444384
-0.444384
-0.444384
-0.444384
-0.444384
-0.433912
-0.441876
-0.443205
-0.443205
-0.443205
-0.443205
-0.443205
-0.443205
-0.443205
-0.443205
-0.443205
-0.443205
-0.443205
-0.443205
-0.443205
-0.443205
-0.435805
-0.435805
-0.435805
-0.435805
-0.435805
-0.435805
-0.432904
-0.432904
-0.4385
-0.4385
-0.4385
-0.437937
-0.437937
-0.437937
-0.437937
-0.442209
-0.436068
-0.443908
-0.443908
-0.443908
-0.443908
-0.443908
-0.443908
-0.443908
-0.443908
-0.443908
-0.443908
-0.443908
-0.443908
-0.443908
-0.443908
-0.443908
-0.443908
-0.443908
-0.443908
-0.443908
-0.443908
-0.443908
-0.443908
-0.443908
-0.443908
-0.443908
-0.435051
-0.435048
-0.435048
-0.435048
-0.435048
-0.435048
-0.436293
-0.436293
-0.433266
-0.433266
-0.433266
-0.433266
-0.445506
-0.445506
-0.440696
-0.440696
-0.438506
-0.438506
-0.438506
-0.438506
-0.438506
-0.438506
-0.438506
-0.438506
-0.438506
-0.438506
-0.428075
-0.428075
-0.428075
-0.428075
-0.428075
-0.423457
-0.427423
-0.434855
-0.434855
-0.434855
-0.432706
-0.423349
-0.423349
-0.444239
-0.444239
-0.437666
-0.437666
-0.437666
-0.444231
-0.444231
-0.41941
-0.41941
-0.41941
-0.41941
-0.41941
-0.418087
-0.418087
-0.418087
-0.418087
-0.40757
-0.40757
-0.421734
-0.431165
-0.431165
-0.431165
-0.424647
-0.424647
-0.447131
-0.447131
-0.435532
-0.409935
-0.409935
-0.432257
-0.432257
-0.442672
-0.432166
-0.432166
-0.44066
-0.44066
-0.44066
-0.44066
-0.44066
-0.44066
-0.44066
-0.44066
-0.44066
-0.44066
-0.44066
-0.434074
-0.434074
-0.43545
-0.43545
-0.43545
-0.424828
-0.424828
-0.429395
-0.429395
-0.400977
-0.398101
-0.398101
-0.398101
-0.398101
-0.398101
-0.398101
-0.398101
-0.443644
-0.443644
-0.443644
-0.443644
-0.443644
-0.443644
-0.443644
-0.443644
-0.443644
-0.443644
-0.443644
-0.443644
-0.443644
-0.443644
-0.443644
-0.443644
-0.443644
-0.443644
-0.443644
-0.443644
-0.443644
-0.443644
-0.443644
-0.443644
-0.443644
-0.443644
-0.444801
-0.444801
-0.444801
-0.444801
-0.408873
-0.428303
-0.430086
-0.430086
-0.430086
-0.423946
-0.423946
-0.433328
-0.433328
-0.433328
-0.415382
-0.415382
-0.443661
-0.443661
-0.443661
-0.443661
-0.443661
-0.435561
-0.435561
-0.435561
-0.435561
-0.435561
-0.443352
-0.443352
-0.443352
-0.443352
-0.443352
-0.443352
-0.437782
-0.437782
-0.437782
-0.440341
-0.435886
-0.435886
-0.435886
-0.435886
-0.435886
-0.435886
-0.435279
-0.435279
-0.435279
-0.435279
-0.435279
-0.435279
-0.421067
-0.421067
-0.410108
-0.440915
-0.440915
-0.440915
-0.440915
-0.440915
-0.440915
-0.440915
-0.434361
-0.434361
-0.427917
-0.427917
-0.427917
-0.434565
-0.434565
-0.434565
-0.434582
-0.434582
-0.434582
-0.434582
-0.432742
-0.432742
-0.432742
-0.432742
-0.432742
-0.422864
-0.412675
-0.412675
-0.412675
-0.434533
-0.434533
-0.434533
-0.434533
-0.434533
-0.434533
-0.434533
-0.434533
-0.434533
-0.434533
-0.434533
-0.434533
-0.434533
-0.434533
-0.434533
-0.443683
-0.443683
-0.443683
-0.443683
-0.443683
-0.443683
-0.443683
-0.443683
-0.443683
-0.443683
-0.443683
-0.443683
-0.443683
-0.443683
-0.443683
-0.443683
-0.441443
-0.441443
-0.441443
-0.434569
-0.434569
-0.434569
-0.434898
-0.433644
-0.433644
-0.423378
-0.432033
-0.435862
-0.435862
-0.435862
-0.431745
-0.425164
-0.412813
-0.437371
-0.436399
-0.436399
-0.436399
-0.436399
-0.388384
-0.414372
-0.436782
-0.436782
-0.436782
-0.43311
-0.441538
-0.441538
-0.441538
-0.441538
-0.439367
-0.439367
-0.439367
-0.4338
-0.430107
-0.405662
-0.41983
-0.41983
-0.397835
-0.441679
-0.441679
-0.441679
-0.442076
-0.434706
-0.434706
-0.434706
-0.434706
-0.434706
-0.440751
-0.440751
-0.418119
-0.418119
-0.418119
-0.418814
-0.418814
-0.418814
-0.443071
-0.418975
-0.418975
-0.418975
-0.418975
-0.445898
-0.445898
-0.445898
-0.445898
-0.422408
-0.422408
-0.422408
-0.422408
-0.422408
-0.422408
-0.418001
-0.418001
-0.418001
-0.412506
-0.412506
-0.412506
-0.412506
-0.440382
-0.440382
-0.440382
-0.440382
-0.429592
-0.436728
-0.436728
-0.425377
-0.434166
-0.434166
-0.43539
-0.43539
-0.43539
-0.43539
-0.43539
-0.427472
-0.427472
-0.434804
-0.442102
-0.442102
-0.437586
-0.434842
-0.434842
-0.434842
-0.434842
-0.421034
-0.440296
-0.440296
-0.440296
-0.440805
-0.440805
-0.440805
-0.444366
-0.444366
-0.444366
-0.444366
-0.444366
-0.444366
-0.444366
-0.447352
-0.447352
-0.441869
-0.441869
-0.441869
-0.441869
-0.434929
-0.434929
-0.434929
-0.434929
-0.435923
-0.435923
-0.437342
-0.437342
-0.437342
-0.444794
-0.440303
-0.435532
-0.435532
-0.435532
-0.435532
-0.435532
-0.441804
-0.441804
-0.4261
-0.4261
-0.4261
-0.4261
-0.385375
-0.424478
-0.424478
-0.43915
-0.426602
-0.426602
-0.426602
-0.443228
-0.443228
-0.430209
-0.436618
-0.431568
-0.419715
-0.421724
-0.426262
-0.432774
-0.432774
-0.432774
-0.422349
-0.422349
-0.42707
-0.42707
-0.42707
-0.42707
-0.43624
-0.43624
-0.434764
-0.434764
-0.434764
-0.444024
-0.444024
-0.444024
-0.444024
-0.444024
-0.444024
-0.444024
-0.422593
-0.422593
-0.422593
-0.424817
-0.424817
-0.424817
-0.424817
-0.424817
-0.424817
-0.415525
-0.448686
-0.448686
-0.448686
-0.448686
-0.448686
-0.448686
-0.448686
-0.448686
-0.448686
-0.448686
-0.448686
-0.448686
-0.448686
-0.448686
-0.448686
-0.448686
-0.448686
-0.443734
-0.443734
-0.429313
-0.438892
-0.438892
-0.441866
-0.441866
-0.426423
-0.426423
-0.426423
-0.426423
-0.426423
-0.432761
-0.432761
-0.429372
-0.429372
-0.429372
-0.429372
-0.429372
-0.429372
-0.437041
-0.437041
-0.437041
-0.423834
-0.436866
-0.436866
-0.435326
-0.432855
-0.415297
-0.428184
-0.428184
-0.43916
-0.43916
-0.43916
-0.43916
-0.43916
-0.43916
-0.43916
-0.43916
-0.43916
-0.43916
-0.443307
-0.443307
-0.419855
-0.419855
-0.430129
-0.440403
-0.442113
-0.442113
-0.442113
-0.442113
-0.442113
-0.442113
-0.442113
-0.442113
-0.442113
-0.442113
-0.442113
-0.442113
-0.415028
-0.434657
-0.443907
-0.443907
-0.443907
-0.443907
-0.443907
-0.443907
-0.443907
-0.443907
-0.443907
-0.443907
-0.443907
-0.443907
-0.443907
-0.443907
-0.413587
-0.443652
-0.443652
-0.443652
-0.443652
-0.437173
-0.435936
-0.423301
-0.423301
-0.428941
-0.428941
-0.428941
-0.428941
-0.427601
-0.427601
-0.427601
-0.427601
-0.440392
-0.440392
-0.440392
-0.440392
-0.440392
-0.440392
-0.439381
-0.439381
-0.444381
-0.444381
-0.444381
-0.444381
-0.444381
-0.444381
-0.444381
-0.444381
-0.443457
-0.443457
-0.443457
-0.443457
-0.438464
-0.437509
-0.436548
-0.436548
-0.436548
-0.430636
-0.444437
-0.444437
-0.444437
-0.444437
-0.440627
-0.440627
-0.436916
-0.437114
-0.44034
-0.44034
-0.44034
-0.44034
-0.44034
-0.44034
-0.44034
-0.44034
-0.44034
-0.427076
-0.438039
-0.437162
-0.437162
-0.437162
-0.437162
-0.437162
-0.437162
-0.442503
-0.441515
-0.444437
-0.444437
-0.444437
-0.444437
-0.444437
-0.444437
-0.444437
-0.444437
-0.444437
-0.444437
-0.444437
-0.440098
-0.440098
-0.440098
-0.440098
-0.440098
-0.440098
-0.440098
-0.440098
-0.440098
-0.432855
-0.432855
-0.432855
-0.432855
-0.432855
-0.432855
-0.432855
-0.432855
-0.440061
-0.440061
-0.440061
-0.440061
-0.440061
-0.42889
-0.434291
-0.433005
-0.433005
-0.433005
-0.433005
-0.424399
-0.432583
-0.432583
-0.432583
-0.447442
-0.447442
-0.447442
-0.447442
-0.445423
-0.445423
-0.445423
-0.44294
-0.44294
-0.44294
-0.44294
-0.411187
-0.411187
-0.411187
-0.432244
-0.432244
-0.430041
-0.43966
-0.433447
-0.433447
-0.441729
-0.441729
-0.429285
-0.434979
-0.434979
-0.434979
-0.434979
-0.434979
-0.434979
-0.445292
-0.445292
-0.445292
-0.445292
-0.445292
-0.445292
-0.408982
-0.408982
-0.408982
-0.408982
-0.407405
-0.407405
-0.435287
-0.437891
-0.437891
-0.437891
-0.410324
-0.410324
-0.410324
-0.41839
-0.421187
-0.421381
-0.421381
-0.425182
-0.436026
-0.436026
-0.436026
-0.44085
-0.44085
-0.44085
-0.44085
-0.443144
-0.443144
-0.443144
-0.443784
-0.443784
-0.443784
-0.433582
-0.433582
-0.433582
-0.434924
-0.445563
-0.445563
-0.445563
-0.445563
-0.445563
-0.445563
-0.445563
-0.42156
-0.41822
-0.432
-0.43714
-0.417174
-0.417174
-0.417174
-0.437001
-0.441157
-0.441157
-0.441157
-0.441157
-0.441157
-0.441157
-0.435093
-0.435093
-0.435093
-0.435093
-0.435093
-0.435093
-0.435093
-0.435093
-0.435093
-0.435093
-0.435093
-0.443839
-0.443839
-0.443839
-0.443839
-0.443839
-0.443839
-0.443839
-0.443839
-0.443839
-0.437364
-0.437364
-0.437364
-0.437364
-0.437364
-0.442853
-0.442853
-0.445136
-0.445136
-0.445136
-0.445136
-0.441889
-0.441889
-0.441889
-0.441889
-0.441889
-0.441889
-0.441889
-0.441889
-0.441889
-0.441889
-0.441889
-0.441889
-0.441889
-0.440678
-0.440678
-0.440678
-0.42211
-0.42211
-0.42211
-0.42211
-0.42211
-0.42211
-0.42211
-0.44296
-0.430494
-0.4335
-0.423628
-0.441293
-0.441293
-0.441293
-0.441293
-0.443807
-0.443807
-0.443807
-0.443807
-0.443807
-0.443807
-0.443807
-0.443807
-0.443807
-0.443807
-0.431284
-0.431284
-0.431284
-0.446423
-0.431115
-0.431115
-0.431115
-0.436494
-0.436494
-0.436273
-0.436392
-0.436392
-0.436392
-0.436617
-0.436617
-0.436617
-0.439654
-0.439654
-0.439654
-0.439654
-0.439654
-0.439654
-0.439654
-0.441523
-0.441523
-0.441523
-0.441523
-0.441523
-0.441523
-0.441523
-0.441523
-0.441523
-0.441523
-0.441523
-0.441523
-0.441523
-0.441523
-0.441523
-0.441523
-0.441523
-0.441523
-0.441523
-0.441523
-0.441523
-0.441523
-0.437488
-0.437488
-0.437488
-0.437488
-0.437488
-0.446018
-0.446018
-0.435978
-0.428582
-0.425455
-0.431056
-0.44404
-0.44404
-0.427238
-0.427238
-0.427238
-0.435098
-0.435098
-0.435098
-0.444661
-0.440526
-0.440526
-0.440526
-0.440526
-0.440526
-0.440526
-0.440526
-0.440526
-0.420008
-0.441798
-0.441798
-0.441798
-0.441798
-0.441798
-0.441798
-0.441798
-0.441798
-0.441798
-0.441798
-0.441798
-0.441798
-0.441798
-0.441798
-0.441798
-0.441798
-0.437525
-0.437525
-0.437525
-0.437525
-0.437525
-0.437525
-0.437525
-0.438619
-0.438619
-0.433872
-0.437016
-0.444939
-0.444939
-0.444939
-0.444939
-0.444939
-0.444939
-0.444939
-0.444939
-0.444939
-0.444939
-0.443455
-0.443455
-0.443455
-0.443455
-0.443455
-0.443455
-0.443455
-0.443455
-0.443455
-0.443455
-0.443455
-0.443455
-0.443455
-0.444503
-0.444503
-0.444503
-0.444503
-0.444503
-0.444503
-0.438091
-0.438091
-0.438091
-0.438091
-0.438091
-0.438091
-0.438091
-0.438091
-0.438091
-0.438091
-0.440767
-0.434895
-0.434895
-0.434895
-0.437168
-0.437168
-0.437168
-0.437168
-0.437168
-0.437168
-0.437169
-0.437169
-0.437169
-0.439023
-0.437274
-0.437274
-0.437274
-0.446189
-0.446189
-0.446189
-0.446189
-0.446189
-0.446189
-0.446189
-0.446189
-0.446189
-0.446189
-0.446189
-0.446189
-0.436724
-0.436724
-0.436724
-0.436724
-0.436724
-0.436724
-0.436724
-0.436724
-0.436724
-0.436724
-0.436724
-0.436724
-0.436724
-0.435288
-0.435288
-0.435288
-0.435288
-0.435288
-0.432474
-0.432474
-0.432474
-0.432474
-0.447218
-0.447218
-0.447218
-0.447218
-0.436768
-0.436768
-0.436768
-0.436768
-0.436768
-0.436768
-0.429114
-0.429114
-0.444469
-0.444469
-0.444469
-0.444469
-0.438051
-0.445555
-0.445555
-0.445555
-0.445555
-0.445555
-0.445555
-0.445555
-0.445555
-0.445555
-0.445555
-0.445555
-0.445555
-0.445555
-0.445555
-0.445555
-0.445555
-0.445555
-0.445555
-0.445555
-0.445555
-0.445555
-0.445555
-0.445555
-0.445555
-0.442754
-0.444088
-0.444088
-0.444088
-0.443766
-0.446469
-0.446469
-0.446469
-0.446469
-0.446469
-0.446469
-0.446469
-0.446469
-0.446469
-0.446469
-0.446469
-0.446469
-0.433102
-0.435923
-0.435923
-0.440044
-0.440044
-0.440044
-0.440044
-0.445322
-0.445322
-0.445322
-0.445322
-0.445322
-0.445322
-0.445322
-0.445322
-0.445322
-0.445322
-0.445322
-0.445322
-0.445322
-0.445322
-0.445322
-0.433898
-0.433898
-0.433898
-0.433898
-0.433898
-0.433898
-0.433898
-0.433898
-0.433898
-0.433898
-0.433898
-0.433898
-0.439633
-0.439633
-0.439633
-0.439633
-0.439633
-0.439633
-0.439633
-0.441936
-0.441936
-0.440035
-0.440035
-0.440035
-0.440035
-0.440035
-0.440035
-0.440035
-0.440035
-0.440035
-0.440035
-0.440035
-0.440035
-0.440035
-0.440035
-0.440035
-0.443325
-0.443325
-0.443325
-0.443325
-0.443325
-0.427764
-0.425963
-0.425963
-0.425963
-0.43125
-0.43125
-0.435606
-0.435606
-0.435606
-0.435606
-0.432931
-0.432931
-0.432931
-0.432931
-0.432931
-0.425426
-0.425426
-0.432009
-0.432009
-0.432009
-0.435665
-0.435665
-0.435665
-0.435665
-0.435665
-0.435665
-0.435665
-0.435665
-0.435665
-0.435665
-0.435665
-0.435665
-0.435665
-0.435665
-0.435665
-0.438517
-0.438517
-0.438517
-0.438517
-0.438517
-0.438517
-0.438517
-0.438517
-0.438517
-0.438517
-0.438517
-0.438517
-0.438517
-0.438517
-0.417313
-0.417313
-0.417313
-0.414932
-0.414932
-0.414932
-0.421513
-0.421513
-0.428924
-0.437454
-0.437454
-0.437454
-0.439102
-0.431593
-0.435605
-0.440681
-0.440681
-0.440681
-0.440681
-0.440681
-0.440681
-0.440681
-0.440681
-0.440681
-0.440681
-0.440681
-0.440681
-0.440681
-0.440681
-0.440681
-0.440681
-0.442443
-0.442443
-0.442443
-0.442443
-0.442443
-0.442443
-0.442443
-0.442443
-0.442443
-0.440434
-0.435128
-0.433391
-0.433391
-0.433391
-0.433391
-0.433391
-0.433391
-0.437441
-0.437441
-0.439873
-0.439873
-0.439873
-0.439873
-0.439873
-0.435316
-0.435316
-0.435316
-0.435316
-0.435316
-0.435316
-0.435316
-0.439565
-0.439565
-0.439565
-0.439565
-0.439565
-0.439565
-0.439565
-0.439565
-0.439565
-0.439565
-0.439565
-0.439565
-0.439565
-0.439565
-0.432506
-0.432506
-0.442124
-0.442124
-0.44337
-0.44337
-0.44337
-0.44337
-0.44337
-0.44337
-0.44337
-0.44337
-0.44337
-0.44337
-0.44337
-0.44337
-0.44337
-0.440932
-0.440932
-0.440932
-0.440932
-0.440932
-0.440932
-0.440932
-0.440932
-0.440932
-0.440932
-0.440932
-0.440932
-0.440932
-0.440932
-0.440932
-0.440932
-0.440932
-0.440932
-0.440932
-0.440932
-0.445726
-0.445726
-0.445726
-0.445726
-0.445726
-0.445726
-0.438964
-0.438964
-0.438964
-0.436664
-0.436664
-0.436664
-0.443412
-0.443412
-0.443412
-0.443412
-0.443412
-0.443412
-0.443412
-0.443412
-0.443412
-0.443412
-0.443412
-0.443412
-0.443412
-0.443412
-0.443412
-0.443412
-0.443412
-0.443412
-0.443412
-0.443412
-0.443412
-0.443412
-0.443412
-0.443412
-0.443412
-0.441144
-0.441144
-0.441144
-0.441144
-0.441144
-0.439139
-0.439139
-0.442041
-0.442041
-0.442041
-0.442041
-0.442041
-0.442041
-0.442041
-0.442041
-0.442041
-0.442041
-0.444163
-0.444163
-0.444163
-0.444163
-0.444163
-0.444163
-0.444163
-0.444163
-0.444163
-0.444163
-0.444163
-0.444163
-0.444975
-0.444975
-0.444975
-0.444975
-0.444975
-0.444975
-0.444975
-0.444975
-0.444975
-0.444975
-0.444975
-0.444975
-0.444975
-0.444975
-0.444975
-0.444975
-0.444975
-0.444975
-0.444975
-0.444975
-0.444975
-0.444975
-0.444975
-0.444975
-0.444975
-0.444975
-0.444975
-0.444975
-0.434233
-0.434233
-0.434233
-0.439001
-0.439001
-0.439001
-0.439001
-0.439001
-0.439001
-0.439001
-0.439001
-0.439001
-0.439001
-0.439001
-0.439001
-0.439001
-0.435084
-0.435084
-0.435084
-0.435084
-0.435084
-0.435084
-0.435084
-0.435084
-0.430241
-0.430241
-0.430241
-0.430241
-0.430241
-0.430241
-0.430241
-0.435375
-0.442826
-0.442826
-0.442826
-0.442826
-0.442826
-0.442826
-0.442826
-0.442826
-0.442826
-0.442826
-0.442826
-0.442826
-0.442826
-0.445006
-0.445006
-0.445006
-0.445006
-0.445006
-0.445006
-0.445006
-0.445006
-0.445006
-0.445006
-0.445006
-0.445006
-0.445006
-0.445006
-0.445006
-0.445006
-0.440309
-0.438653
-0.438653
-0.437961
-0.441819
-0.441819
-0.441819
-0.441819
-0.441819
-0.441819
-0.441819
-0.441819
-0.441819
-0.441819
-0.441819
-0.441819
-0.441819
-0.441819
-0.441819
-0.441819
-0.441819
-0.441819
-0.441819
-0.441819
-0.441819
-0.443767
-0.443767
-0.443767
-0.443767
-0.443767
-0.443767
-0.443767
-0.443767
-0.443767
-0.443767
-0.443767
-0.443767
-0.443767
-0.443767
-0.443767
-0.443767
-0.446051
-0.446051
-0.446114
-0.446114
-0.446114
-0.445929
-0.445929
-0.445929
-0.445929
-0.445929
-0.445929
-0.445929
-0.445929
-0.445929
-0.445929
-0.445929
-0.445929
-0.445929
-0.445929
-0.445929
-0.445929
-0.445929
-0.445929
-0.445929
-0.445929
-0.445929
-0.445929
-0.445929
-0.445929
-0.445929
-0.445929
-0.445929
-0.445929
-0.444457
-0.444457
-0.444457
-0.444457
-0.441134
-0.441134
-0.441134
-0.441134
-0.442248
-0.442248
-0.442248
-0.442248
-0.446277
-0.446277
-0.446277
-0.446277
-0.446277
-0.446277
-0.446277
-0.446277
-0.446277
-0.446277
-0.446277
-0.442858
-0.442858
-0.442858
-0.442858
-0.442858
-0.442858
-0.442858
-0.442858
-0.445386
-0.445386
-0.445626
-0.445626
-0.445626
-0.445626
-0.445626
-0.445626
-0.445626
-0.445626
-0.445626
-0.445626
-0.445626
-0.445626
-0.445626
-0.445626
-0.445626
-0.445626
-0.445626
-0.445626
-0.445626
-0.445626
-0.445626
-0.445626
-0.445626
-0.445626
-0.445626
-0.445626
-0.445626
-0.445626
-0.445626
-0.445626
-0.445626
-0.445626
-0.445626
-0.445626
-0.445626
-0.445626
-0.445626
-0.445626
-0.445626
-0.445626
-0.445626
-0.445626
-0.445626
-0.445626
-0.445626
-0.445626
-0.445626
-0.445626
-0.445626
-0.439565
-0.439565
-0.439565
-0.439565
-0.440432
-0.440432
-0.440432
-0.440432
-0.440432
-0.443678
-0.444365
-0.444365
-0.444365
-0.444365
-0.441217
-0.441217
-0.441217
-0.441217
-0.441217
-0.441217
-0.441217
-0.441217
-0.441217
-0.441217
-0.441217
-0.441217
-0.441217
-0.441217
-0.441217
-0.441217
-0.441217
-0.441217
-0.441217
-0.441217
-0.441217
-0.441217
-0.441217
-0.438849
-0.438849
-0.438849
-0.44271
-0.442515
-0.442515
-0.442515
-0.442515
-0.442515
-0.442515
-0.442515
-0.442515
-0.442515
-0.442515
-0.442515
-0.442515
-0.442515
-0.442515
-0.442515
-0.442515
-0.442515
-0.442515
-0.442515
-0.442515
-0.442515
-0.442515
-0.442515
-0.442515
-0.442515
-0.442515
-0.442515
-0.442515
-0.442515
-0.442515
-0.442515
-0.442515
-0.442515
-0.442515
-0.442515
-0.442515
-0.442515
-0.442515
-0.442515
-0.442515
-0.442515
-0.440485
-0.440485
-0.440485
-0.440485
-0.440485
-0.441076
-0.441076
-0.441076
-0.441982
-0.441982
-0.441982
-0.441982
-0.441982
-0.441982
-0.441982
-0.445741
-0.445741
-0.445741
-0.445741
-0.445741
-0.445741
-0.445741
-0.445741
-0.445741
-0.445741
-0.445741
-0.445741
-0.445741
-0.445741
-0.445741
-0.445741
-0.445741
-0.445741
-0.445741
-0.445741
-0.445741
-0.445741
-0.445741
-0.445741
-0.445741
-0.445741
-0.445741
-0.445741
-0.445741
-0.445741
-0.445741
-0.445741
-0.445741
-0.441951
-0.441951
-0.441951
-0.441951
-0.441951
-0.441951
-0.441951
-0.441951
-0.441951
-0.441951
-0.441951
-0.441951
-0.441951
-0.441951
-0.441951
-0.441951
-0.441951
-0.441951
-0.441951
-0.441951
-0.441951
-0.441951
-0.441951
-0.441951
-0.441951
-0.442805
-0.442805
-0.442805
-0.440683
-0.440683
-0.440683
-0.440683
-0.440683
-0.440683
-0.440683
-0.440683
-0.440683
-0.440683
-0.440683
-0.440683
-0.440683
-0.440683
-0.440683
-0.440683
-0.440683
-0.440683
-0.440683
-0.440683
-0.440683
-0.440683
-0.440683
-0.440683
-0.440683
-0.4416
-0.4416
-0.4416
-0.4416
-0.4416
-0.4416
-0.4416
-0.444655
-0.444655
-0.444655
-0.444655
-0.444655
-0.444655
-0.444655
-0.444655
-0.444655
-0.444655
-0.444655
-0.444655
-0.444655
-0.444655
-0.444655
-0.444655
-0.444655
-0.444655
-0.444655
-0.444655
-0.444655
-0.445629
-0.445629
-0.445629
-0.445629
-0.445629
-0.445629
-0.445629
-0.445629
-0.445629
-0.445629
-0.445629
-0.445629
-0.445629
-0.445629
-0.445629
-0.445629
-0.445629
-0.445629
-0.445629
-0.445629
-0.445629
-0.445629
-0.445629
-0.445629
-0.445629
-0.445629
-0.445629
-0.445629
-0.445629
-0.445629
-0.445629
-0.445629
-0.445629
-0.445629
-0.445629
-0.445843
-0.445843
-0.445843
-0.445843
-0.445843
-0.445843
-0.445843
-0.445843
-0.445843
-0.445843
-0.445843
-0.445843
-0.445843
-0.445843
-0.445843
-0.445843
-0.445843
-0.445843
-0.445843
-0.444993
-0.444993
-0.444993
-0.444993
-0.444993
-0.444993
-0.444993
-0.444993
-0.444993
-0.444993
-0.444993
-0.444993
-0.444993
-0.444882
-0.444882
-0.444882
-0.444882
-0.444882
-0.444882
-0.444882
-0.444882
-0.444882
-0.444882
-0.444882
-0.444882
-0.444882
-0.444882
-0.444882
-0.444882
-0.442331
-0.442331
-0.442331
-0.442331
-0.442331
-0.442331
-0.442331
-0.442331
-0.442331
-0.442331
-0.442331
-0.442331
-0.442331
-0.442331
-0.442331
-0.442331
-0.442331
-0.442331
-0.442331
-0.442331
-0.442331
-0.442331
-0.442331
-0.442331
-0.442331
-0.442331
-0.442331
-0.442215
-0.442215
-0.442215
-0.442215
-0.442215
-0.443187
-0.443187
-0.4408
-0.4408
-0.4408
-0.4408
-0.4408
-0.4408
-0.4408
-0.4408
-0.4408
-0.4408
-0.4408
-0.4408
-0.4408
-0.4408
-0.4408
-0.4408
-0.441157
-0.444581
-0.444581
-0.444581
-0.444581
-0.444581
-0.444581
-0.444581
-0.444581
-0.444581
-0.444581
-0.444581
-0.444581
-0.444581
-0.444581
-0.444581
-0.444581
-0.444581
-0.444581
-0.444581
-0.444581
-0.444581
-0.444581
-0.444581
-0.444581
-0.444581
-0.444581
-0.444581
-0.444581
-0.444581
-0.444581
-0.444581
-0.444581
-0.444581
-0.446305
-0.446305
-0.446305
-0.446305
-0.446305
-0.446305
-0.446305
-0.446305
-0.448399
-0.448399
-0.448399
-0.448399
-0.448399
-0.448399
-0.448399
-0.448399
-0.448399
-0.448399
-0.448399
-0.448399
-0.448399
-0.448399
-0.448399
-0.448399
-0.448399
-0.448399
-0.448399
-0.448399
-0.448399
-0.448399
-0.448399
-0.448399
-0.448399
-0.448399
-0.448399
-0.448399
-0.448399
-0.448399
-0.448399
-0.448399
-0.448399
-0.448399
-0.448399
-0.448399
-0.448399
-0.448399
-0.448399
-0.448399
-0.448399
-0.448399
-0.448399
-0.448399
-0.448399
-0.448399
-0.448399
-0.448399
-0.448399
-0.444449
-0.444449
-0.444449
-0.444449
-0.444449
-0.444449
-0.444449
-0.444449
-0.444449
-0.444449
-0.444449
-0.444449
-0.444449
-0.444449
-0.444449
-0.444449
-0.444449
-0.444449
-0.444449
-0.444449
-0.444449
-0.444449
-0.444449
-0.444449
-0.444449
-0.444449
-0.444449
-0.444449
-0.444449
-0.444449
-0.444449
-0.444449
-0.444449
-0.444449
-0.444449
-0.444449
-0.444449
-0.444449
-0.444449
-0.444449
-0.444449
-0.444449
-0.444449
-0.444449
-0.444449
-0.444449
-0.444449
-0.444449
-0.444449
-0.444449
-0.444449
-0.444449
-0.444449
-0.444449
-0.444449
-0.444449
-0.444449
-0.444449
-0.444449
-0.444449
-0.444449
-0.444449
-0.444449
-0.444449
-0.444449
-0.444449
-0.444449
-0.444449
-0.444449
-0.444449
-0.444449
-0.444449
-0.444449
-0.444449
-0.444449
-0.444449
-0.444449
-0.444449
-0.444449
-0.444449
-0.444449
-0.444449
-0.444449
-0.444449
-0.442946
-0.442946
-0.442946
-0.442946
-0.442946
-0.442946
-0.442946
-0.442946
-0.442946
-0.442946
-0.442946
-0.442946
-0.442946
-0.442946
-0.444747
-0.444747
-0.444747
-0.444747
-0.444747
-0.444747
-0.444747
-0.441297
-0.441297
-0.441297
-0.441297
-0.441297
-0.434992
-0.434992
-0.434992
-0.434992
-0.434992
-0.434992
-0.434992
-0.434992
-0.434992
-0.434992
-0.434992
-0.434992
-0.434992
-0.443452
-0.443452
-0.443452
-0.443452
-0.443452
-0.443452
-0.443452
-0.443452
-0.443452
-0.443452
-0.443452
-0.443452
-0.443452
-0.443452
-0.444012
-0.444012
-0.444012
-0.444012
-0.444012
-0.444012
-0.444012
-0.444012
-0.444012
-0.444012
-0.444012
-0.444012
-0.444012
-0.444012
-0.447164
-0.447164
-0.447164
-0.447164
-0.447164
-0.447164
-0.447164
-0.447164
-0.447164
-0.447164
-0.447164
-0.447164
-0.447164
-0.447164
-0.447164
-0.447164
-0.447164
-0.447164
-0.447164
-0.447164
-0.447164
-0.447164
-0.447164
-0.447164
-0.447164
-0.447164
-0.447164
-0.447164
-0.447164
-0.447164
-0.446394
-0.446394
-0.446394
-0.446394
-0.446394
-0.446394
-0.446394
-0.446394
-0.446394
-0.446394
-0.446394
-0.446394
-0.446394
-0.446394
-0.446394
-0.446394
-0.446394
-0.446394
-0.446394
-0.446394
-0.446394
-0.446394
-0.446394
-0.446394
-0.446394
-0.446394
-0.446394
-0.446394
-0.446394
-0.446394
-0.446394
-0.446394
-0.446394
-0.446394
-0.446394
-0.446394
-0.446394
-0.446394
-0.446394
-0.446394
-0.446394
-0.446394
-0.446394
-0.446394
-0.446394
-0.446394
-0.446394
-0.446394
-0.446394
-0.446394
-0.446394
-0.446394
-0.446394
-0.446394
-0.446394
-0.446394
-0.446394
-0.446394
-0.446394
-0.446394
-0.446394
-0.446394
-0.446394
-0.446394
-0.446394
-0.446394
-0.446394
-0.446394
-0.446394
-0.446394
-0.446394
-0.446394
-0.446394
-0.446394
-0.446394
-0.446394
-0.446394
-0.446394
-0.446394
-0.446394
-0.446394
-0.446394
-0.446394
-0.446394
-0.446394
-0.446394
-0.44311
-0.44311
-0.44311
-0.44311
-0.44311
-0.44311
-0.44311
-0.44311
-0.441721
-0.441721
-0.441721
-0.441721
-0.441721
-0.441721
-0.442282
-0.442282
-0.442282
-0.442282
-0.442282
-0.442282
-0.440283
-0.440283
-0.440283
-0.440283
-0.440283
-0.440283
-0.440283
-0.440283
-0.440283
-0.441355
-0.441355
-0.440028
-0.440028
-0.440028
-0.440028
-0.440028
-0.440028
-0.440028
-0.440028
-0.440028
-0.440028
-0.440028
-0.440028
-0.440028
-0.440028
-0.440028
-0.440028
-0.440028
-0.440457
-0.440457
-0.440457
-0.440457
-0.440457
-0.440457
-0.440457
-0.440457
-0.440457
-0.439936
-0.439936
-0.439936
-0.439936
-0.439936
-0.439936
-0.444513
-0.444513
-0.444513
-0.446159
-0.446159
-0.446159
-0.446159
-0.446159
-0.446159
-0.446159
-0.446159
-0.446159
-0.446159
-0.446159
-0.446159
-0.446159
-0.446159
-0.446159
-0.446159
-0.446159
-0.446159
-0.446159
-0.446159
-0.446159
-0.443601
-0.443601
-0.443601
-0.443601
-0.443601
-0.443601
-0.443601
-0.443601
-0.443601
-0.443601
-0.443601
-0.443601
-0.443601
-0.443601
-0.443601
-0.443601
-0.443601
-0.443601
-0.443601
-0.443601
-0.443601
-0.443601
-0.443601
-0.443601
-0.444561
-0.444561
-0.444561
-0.444561
-0.444561
-0.444561
-0.444561
-0.444561
-0.444561
-0.444561
-0.444561
-0.444561
-0.444561
-0.444561
-0.444561
-0.444561
-0.444561
-0.444561
-0.444561
-0.444561
-0.444561
-0.444561
-0.444561
-0.444561
-0.444561
-0.444561
-0.444561
-0.444561
-0.444561
-0.444561
-0.444561
-0.444561
-0.444561
-0.444561
-0.444561
-0.444561
-0.444561
-0.444561
-0.444561
-0.444561
-0.444561
-0.444561
-0.444561
-0.444561
-0.444561
-0.444561
-0.444561
-0.444561
-0.444561
-0.444561
-0.449413
-0.449413
-0.449413
-0.449413
-0.449413
-0.449413
-0.449413
-0.449413
-0.449413
-0.449413
-0.449413
-0.449413
-0.449413
-0.449413
-0.449413
-0.449413
-0.449413
-0.445612
-0.445612
-0.445612
-0.445612
-0.445612
-0.445612
-0.445612
-0.445612
-0.445612
-0.445612
-0.445612
-0.446042
-0.446042
-0.446042
-0.446042
-0.446042
-0.446042
-0.446042
-0.446042
-0.446042
-0.446042
-0.446042
-0.446042
-0.446042
-0.446042
-0.446042
-0.446042
-0.446042
-0.446042
-0.446042
-0.446042
-0.446042
-0.446042
-0.446042
-0.446042
-0.446042
-0.446042
-0.446042
-0.446042
-0.446042
-0.446042
-0.446042
-0.446042
-0.446042
-0.446042
-0.446042
-0.446042
-0.446042
-0.446042
-0.446042
-0.446042
-0.446042
-0.446042
-0.446042
-0.446042
-0.446042
-0.446042
-0.446042
-0.446042
-0.446042
-0.446042
-0.446042
-0.446042
-0.446042
-0.446042
-0.446042
-0.446042
-0.446042
-0.446042
-0.446042
-0.446042
-0.446042
-0.446042
-0.446042
-0.446042
-0.446042
-0.446042
-0.446042
-0.446042
-0.446042
-0.446042
-0.446042
-0.446042
-0.446042
-0.446042
-0.446042
-0.446042
-0.446042
-0.446042
-0.446042
-0.442548
-0.442548
-0.442548
-0.442548
-0.442548
-0.442548
-0.442548
-0.442548
-0.442548
-0.442548
-0.442548
-0.442548
-0.442548
-0.442548
-0.442548
-0.442548
-0.442548
-0.442548
-0.442548
-0.442548
-0.442548
-0.442548
-0.444051
-0.444051
-0.444051
-0.444051
-0.444051
-0.444051
-0.444051
-0.444051
-0.448108
-0.448108
-0.448108
-0.448108
-0.448108
-0.448108
-0.448108
-0.448108
-0.448108
-0.448108
-0.448108
-0.448108
-0.448108
-0.448108
-0.448108
-0.448108
-0.448108
-0.448108
-0.448108
-0.448108
-0.448108
-0.448108
-0.448108
-0.448108
-0.448108
-0.448108
-0.448108
-0.448108
-0.448108
-0.448108
-0.448108
-0.448108
-0.448108
-0.448108
-0.448108
-0.448108
-0.448108
-0.448108
-0.448108
-0.448108
-0.448108
-0.448108
-0.448108
-0.448108
-0.448108
-0.448108
-0.448108
-0.448108
-0.448108
-0.448108
-0.448108
-0.448108
-0.448108
-0.448108
-0.448108
-0.448108
-0.448108
-0.448108
-0.448108
-0.448108
-0.448108
-0.448108
-0.448108
-0.448108
-0.448108
-0.448108
-0.448108
-0.448108
-0.448108
-0.448108
-0.448108
-0.448108
-0.448108
-0.448108
-0.448108
-0.448108
-0.448108
-0.448108
-0.448108
-0.448108
-0.448108
-0.448108
-0.448108
-0.448108
-0.448108
-0.448108
-0.448108
-0.448108
-0.448108
-0.448108
-0.448108
-0.448108
-0.448108
-0.448108
-0.448108
-0.448108
-0.448108
-0.448108
-0.448108
-0.448108
-0.448108
-0.448108
-0.448108
-0.448108
-0.448108
-0.448108
-0.448108
-0.448108
-0.448108
-0.448108
-0.448108
-0.448108
-0.448108
-0.448108
-0.448108
-0.448108
-0.448108
-0.448108
-0.448108
-0.448108
-0.448108
-0.448108
-0.448108
-0.448108
-0.448108
-0.448108
-0.448108
-0.448108
-0.448108
-0.448108
-0.448108
-0.448108
-0.448108
-0.448108
-0.448108
-0.448108
-0.448108
-0.448108
-0.448108
-0.448108
-0.448108
-0.448108
-0.448108
-0.448108
-0.448108
-0.448108
-0.448108
-0.448108
-0.448108
-0.448108
-0.448108
-0.448108
-0.448108
-0.448108
-0.448108
-0.448108
-0.448108
-0.448108
-0.448108
-0.448108
-0.448108
-0.448108
-0.448108
-0.448108
-0.448108
-0.448108
-0.448108
-0.448108
-0.448108
-0.448108
-0.448108
-0.448108
-0.448108
-0.448108
-0.448108
-0.448108
-0.448108
-0.448108
-0.448108
-0.448108
-0.448108
-0.448108
-0.448108
-0.448108
-0.448108
-0.448108
-0.448108
-0.448108
-0.448108
-0.448108
-0.448108
-0.448108
-0.448108
-0.448108
-0.448108
-0.448108
-0.448108
-0.448108
-0.448108
-0.448108
-0.448108
-0.448108
-0.448108
-0.448108
-0.448108
-0.448108
-0.448108
-0.448108
-0.448108
-0.448108
-0.448108
-0.448108
-0.448108
-0.448108
-0.448108
-0.448108
-0.448108
-0.448108
-0.448108
-0.448108
-0.448108
-0.448108
-0.448108
-0.448108
-0.448108
-0.448108
-0.448108
-0.448108
-0.448108
-0.448108
-0.448108
-0.448108
-0.448108
-0.448108
-0.448108
-0.448108
-0.448108
-0.448108
-0.448108
-0.448108
-0.448108
-0.448108
-0.448108
-0.448108
-0.448108
-0.448372
-0.448372
-0.448372
-0.448372
-0.448372
-0.448372
-0.448372
-0.448372
-0.448372
-0.448372
-0.448372
-0.448372
-0.448372
-0.448372
-0.448372
-0.448372
-0.448372
-0.448372
-0.448372
-0.448372
-0.448372
-0.448372
-0.448372
-0.448372
-0.448372
-0.448372
-0.448372
-0.448372
-0.448372
-0.448372
-0.448372
-0.448372
-0.448372
-0.447655
-0.447655
-0.447655
-0.447655
-0.447655
-0.447655
-0.447655
-0.447655
-0.447655
-0.447655
-0.447655
-0.447655
-0.447655
-0.447655
-0.447655
-0.447655
-0.447655
-0.447655
-0.447655
-0.447655
-0.447655
-0.447655
-0.447655
-0.447655
-0.447655
-0.447655
-0.447655
-0.447655
-0.447655
-0.447655
-0.447655
-0.447655
-0.447655
-0.447655
-0.447655
-0.447655
-0.447655
-0.447655
-0.447655
-0.447655
-0.447655
-0.447655
-0.447655
-0.447655
-0.447655
-0.447655
-0.447655
-0.447655
-0.447655
-0.447655
-0.447655
-0.447655
-0.447655
-0.447655
-0.447655
-0.447655
-0.447655
-0.447655
-0.447655
-0.447655
-0.447655
-0.447655
-0.447655
-0.447655
-0.447655
-0.447655
-0.447655
-0.447655
-0.447655
-0.447655
-0.447655
-0.447655
-0.447655
-0.447655
-0.447655
-0.447655
-0.447655
-0.447655
-0.447655
-0.447655
-0.447655
-0.447655
-0.447655
-0.447655
-0.447655
-0.447655
-0.447655
-0.447655
-0.447655
-0.447655
-0.447655
-0.447655
-0.447655
-0.447655
-0.447655
-0.447655
-0.447655
-0.447655
-0.447655
-0.447655
-0.447655
-0.447655
-0.447655
-0.447655
-0.447655
-0.447655
-0.447655
-0.447655
-0.447655
-0.447655
-0.447655
-0.447655
-0.447655
-0.447655
-0.447655
-0.447655
-0.447655
-0.447655
-0.447655
-0.447655
-0.447655
-0.447655
-0.447655
-0.447655
-0.447655
-0.447655
-0.447655
-0.447655
-0.447655
-0.447655
-0.447655
-0.447655
-0.447655
-0.447655
-0.447655
-0.447655
-0.447655
-0.447655
-0.447655
-0.447655
-0.447655
-0.447655
-0.447655
-0.447655
-0.447655
-0.447655
-0.447655
-0.447655
-0.447655
-0.447655
-0.447655
-0.447655
-0.447655
-0.447655
-0.447655
-0.447655
-0.447655
-0.447655
-0.447655
-0.447655
-0.447655
-0.447655
-0.447655
-0.447655
-0.447655
-0.447655
-0.447655
-0.447655
-0.447655
-0.447655
-0.447655
-0.447655
-0.447655
-0.447655
-0.447655
-0.447655
-0.447655
-0.447655
-0.447655
-0.447655
-0.447655
-0.447655
-0.447655
-0.447655
-0.447655
-0.447655
-0.447655
-0.447655
-0.447655
-0.447655
-0.447655
-0.447655
-0.447655
-0.447655
-0.447655
-0.447655
-0.447655
-0.447655
-0.447655
-0.447655
-0.447655
-0.447655
-0.447655
-0.447655
-0.447784
-0.447784
-0.447784
-0.447784
-0.447784
-0.447784
-0.447784
-0.447784
-0.447784
-0.447784
-0.447784
-0.447784
-0.447784
-0.447784
-0.447784
-0.447784
-0.447784
-0.447784
-0.447784
-0.447784
-0.447784
-0.447784
-0.447784
-0.447784
-0.447784
-0.447784
-0.447784
-0.447784
-0.447784
-0.447784
-0.447784
-0.447784
-0.447784
-0.447784
-0.447784
-0.447784
-0.447784
-0.447784
-0.447784
-0.447784
-0.447784
-0.447784
-0.447784
-0.447784
-0.447784
-0.447784
-0.447784
-0.447784
-0.447784
-0.447784
-0.447784
-0.447784
-0.447784
-0.447784
-0.447784
-0.447784
-0.447784
-0.447784
-0.447784
-0.447784
-0.447784
-0.447784
-0.447784
-0.447784
-0.447784
-0.447784
-0.447784
-0.447784
-0.447784
-0.447784
-0.447784
-0.447784
-0.447784
-0.447784
-0.447784
-0.447784
-0.447784
-0.447784
-0.447784
-0.447784
-0.447784
-0.447784
-0.447784
-0.447784
-0.447784
-0.447784
-0.447784
-0.447784
-0.447784
-0.447784
-0.447784
-0.447784
-0.447784
-0.447784
-0.447784
-0.447784
-0.447784
-0.447784
-0.447784
-0.447784
-0.447784
-0.447784
-0.447784
-0.447784
-0.447784
-0.447784
-0.447784
-0.447784
-0.447784
-0.447784
-0.447784
-0.447784
-0.447784
-0.447784
-0.447784
-0.447784
-0.447784
-0.447784
-0.447784
-0.447784
-0.447784
-0.447784
-0.447784
-0.447784
-0.447784
-0.447784
-0.447784
-0.447784
-0.447784
-0.447784
-0.447784
-0.447784
-0.447784
-0.447784
-0.447784
-0.447784
-0.447784
-0.447784
-0.447784
-0.447784
-0.447784
-0.447784
-0.447784
-0.447784
-0.447784
-0.447784
-0.447784
-0.447784
-0.447784
-0.447784
-0.447784
-0.447784
-0.447784
-0.447784
-0.447784
-0.447784
-0.447784
-0.447784
-0.447784
-0.447784
-0.447784
-0.447784
-0.447784
-0.447784
-0.447784
-0.447784
-0.447784
-0.447784
-0.447784
-0.447784
-0.447784
-0.447784
-0.447784
-0.447784
-0.447784
-0.447784
-0.447784
-0.447784
-0.447784
-0.447784
-0.447784
-0.447784
-0.447784
-0.447784
-0.447784
-0.447784
-0.447784
-0.447784
-0.447784
-0.447784
-0.447784
-0.447784
-0.447784
-0.447784
-0.447784
-0.447784
-0.447784
-0.447784
-0.447784
-0.447784
-0.447784
-0.447784
-0.447784
-0.447784
-0.447784
-0.447784
-0.447784
-0.447784
-0.447784
-0.447784
-0.447784
-0.448395
-0.448395
-0.448395
-0.448395
-0.448395
-0.448395
-0.448395
-0.448395
-0.448395
-0.448395
-0.448395
-0.448395
-0.448395
-0.448395
-0.448395
-0.448395
-0.448395
-0.448395
-0.448395
-0.448395
-0.448395
-0.448395
-0.448395
-0.448395
-0.448395
-0.448395
-0.448395
-0.448395
-0.448395
-0.448395
-0.448395
-0.448395
-0.448395
-0.448395
-0.448395
-0.448395
-0.448395
-0.448395
-0.448395
-0.448395
-0.448395
-0.448395
-0.448395
-0.448395
-0.448395
-0.448395
-0.448395
-0.448395
-0.448395
-0.448395
-0.448395
-0.448395
-0.448395
-0.448395
-0.448395
-0.448395
-0.448395
-0.448395
-0.448395
-0.448395
-0.448395
-0.448395
-0.448395
-0.448395
-0.448395
-0.448395
-0.448395
-0.448395
-0.448395
-0.448395
-0.448395
-0.448395
-0.448395
-0.448395
-0.448395
-0.448395
-0.448395
-0.448395
-0.448395
-0.448395
-0.448395
-0.448395
-0.448395
-0.448395
-0.448395
-0.448395
-0.448395
-0.448395
-0.448395
-0.448395
-0.448395
-0.448395
-0.448395
-0.448395
-0.448395
-0.448395
-0.448395
-0.448395
-0.448395
-0.448395
-0.448395
-0.448395
-0.448395
-0.448395
-0.448395
-0.448395
-0.448395
-0.448395
-0.448395
-0.448395
-0.448395
-0.448395
-0.448395
-0.448395
-0.448395
-0.448395
-0.448395
-0.448395
-0.448395
-0.448395
-0.448395
-0.448395
-0.448395
-0.448395
-0.448395
-0.448395
-0.448395
-0.448395
-0.448395
-0.448395
-0.448395
-0.448395
-0.448395
-0.448395
-0.448395
-0.448395
-0.448395
-0.448395
-0.448395
-0.448395
-0.448395
-0.448395
-0.448395
-0.448395
-0.448395
-0.448395
-0.448395
-0.448395
-0.448395
-0.448395
-0.448395
-0.448395
-0.448395
-0.448395
-0.448395
-0.448395
-0.448395
-0.448395
-0.448395
-0.448395
-0.448395
-0.448395
-0.448395
-0.448395
-0.448395
-0.448395
-0.448395
-0.448395
-0.448395
-0.448395
-0.448395
-0.448395
-0.448395
-0.448395
-0.448395
-0.448395
-0.448395
-0.448395
-0.448395
-0.448395
-0.448395
-0.448395
-0.448395
-0.448395
-0.448395
-0.448395
-0.448395
-0.448395
-0.448395
-0.448395
-0.448395
-0.448395
-0.448395
-0.448395
-0.448395
-0.448395
-0.448395
-0.448395
-0.448395
-0.448395
-0.448395
-0.448395
-0.448395
-0.448395
-0.448395
-0.448395
-0.448395
-0.448395
-0.448395
-0.448395
-0.448395
-0.448395
-0.448395
-0.448395
-0.448395
-0.448395
-0.448395
-0.448395
-0.448395
-0.448395
-0.448395
-0.448395
-0.448395
-0.448395
-0.448395
-0.448395
-0.448395
-0.448395
-0.448395
-0.448395
-0.448395
-0.448395
-0.448395
-0.448395
-0.448395
-0.448395
-0.448395
-0.448395
-0.448395
-0.448395
-0.448395
-0.448395
-0.448395
-0.448395
-0.448395
-0.448395
-0.448395
-0.448395
-0.448395
-0.448395
-0.448395
-0.448395
-0.448395
-0.448395
-0.448395
-0.448395
-0.448395
-0.448395
-0.448395
-0.448395
-0.448395
-0.448395
-0.448395
-0.448395
-0.448395
-0.448395
-0.448395
-0.448395
-0.448395
-0.448395
-0.448395
-0.448395
-0.448395
-0.448395
-0.448395
-0.448395
-0.448395
-0.448395
-0.448395
-0.448395
-0.448395
-0.448395
-0.448395
-0.448395
-0.448395
-0.448395
-0.448395
-0.448395
-0.448395
-0.448395
-0.448395
-0.448395
-0.448395
-0.448395
-0.448395
-0.448395
-0.448395
-0.448395
-0.448395
-0.448395
-0.448395
-0.448395
-0.448395
-0.448395
-0.448395
-0.448395
-0.448395
-0.448395
-0.448395
-0.448395
-0.448395
-0.448395
-0.448395
-0.448395
-0.448395
-0.448395
-0.448395
-0.448395
-0.448395
-0.448395
-0.448395
-0.448395
-0.448395
-0.448395
-0.448395
-0.448395
-0.448395
-0.448395
-0.448395
-0.448395
-0.448395
-0.448395
-0.448395
-0.448395
-0.448395
-0.448395
-0.448395
-0.448395
-0.448395
-0.448395
-0.448395
-0.448395
-0.448395
-0.448395
-0.448395
-0.448395
-0.448395
-0.448395
-0.448395
-0.448395
-0.448395
-0.448395
-0.448395
-0.448395
-0.448395
-0.448395
-0.448395
-0.448395
-0.448395
-0.448395
-0.448395
-0.448395
-0.448395
-0.448395
-0.448395
-0.448395
-0.448395
-0.448395
-0.448395
-0.448395
-0.448395
-0.448395
-0.448395
-0.448395
-0.448395
-0.448395
-0.448395
-0.448395
-0.448395
-0.448395
-0.448395
-0.448395
-0.448395
-0.448395
-0.448395
-0.448395
-0.448395
-0.448395
-0.448395
-0.448395
-0.448395
-0.448395
-0.448395
-0.448395
-0.448395
-0.448395
-0.448395
-0.448395
-0.448395
-0.448395
-0.448395
-0.448395
-0.448395
-0.448395
-0.448395
-0.448395
-0.448395
-0.448395
-0.448395
-0.448395
-0.448395
-0.448395
-0.448395
-0.448395
-0.448395
-0.448395
-0.448395
-0.448395
-0.448395
-0.448395
-0.448395
-0.448395
-0.448395
-0.448395
-0.448395
-0.448395
-0.448395
-0.448395
-0.448395
-0.448395
-0.448395
-0.448395
-0.448395
-0.448395
-0.448395
-0.448395
-0.448395
-0.448982
-0.448982
-0.448982
-0.448982
-0.448982
-0.448982
-0.448982
-0.448982
-0.448982
-0.448982
-0.448982
-0.448982
-0.448982
-0.448982
-0.448982
-0.448982
-0.448982
-0.448982
-0.448982
-0.448982
-0.448982
-0.448982
-0.448982
-0.448982
-0.448982
-0.448982
-0.448982
-0.448982
-0.448982
-0.448982
-0.448982
-0.448982
-0.448982
-0.448982
-0.448982
-0.448982
-0.448982
-0.448982
-0.448982
-0.448982
-0.448982
-0.448982
-0.448982
-0.448982
-0.448982
-0.448982
-0.448982
-0.448982
-0.448982
-0.448982
-0.448982
-0.448982
-0.448982
-0.448982
-0.448982
-0.448982
-0.448982
-0.448982
-0.448982
-0.448982
-0.448982
-0.448982
-0.448982
-0.448982
-0.448982
-0.448982
-0.448982
-0.448982
-0.448982
-0.448982
-0.448982
-0.448982
-0.448982
-0.448982
-0.448982
-0.448982
-0.448982
-0.448982
-0.448982
-0.448982
-0.448982
-0.448982
-0.448982
-0.448982
-0.448982
-0.448982
-0.448982
-0.448982
-0.448982
-0.448982
-0.448982
-0.448982
-0.448982
-0.448982
-0.448982
-0.448982
-0.448982
-0.448982
-0.448982
-0.448982
-0.448982
-0.448982
-0.448982
-0.448982
-0.448982
-0.448982
-0.448982
-0.448982
-0.448982
-0.448982
-0.448982
-0.448982
-0.448982
-0.448982
-0.448982
-0.448982
-0.448982
-0.448982
-0.448982
-0.448982
-0.448982
-0.448982
-0.448982
-0.448982
-0.448982
-0.448982
-0.448982
-0.448982
-0.448982
-0.448982
-0.448982
-0.448982
-0.448982
-0.448982
-0.448982
-0.448982
-0.448982
-0.448982
-0.448982
-0.448982
-0.448982
-0.448982
-0.448982
-0.448982
-0.448982
-0.448982
-0.448982
-0.448982
-0.448982
-0.448982
-0.448982
-0.448982
-0.448982
-0.448982
-0.448982
-0.448982
-0.448982
-0.448982
-0.448982
-0.448982
-0.448982
-0.448982
-0.448982
-0.448982
-0.448982
-0.448982
-0.448982
-0.448982
-0.448982
-0.448982
-0.448982
-0.448982
-0.448982
-0.448982
-0.448982
-0.448982
-0.448982
-0.448982
-0.448982
-0.448982
-0.448982
-0.448982
-0.448982
-0.448982
-0.448982
-0.448982
-0.448982
-0.448982
-0.448982
-0.448982
-0.448982
-0.448982
-0.448982
-0.448982
-0.448982
-0.448982
-0.448982
-0.448982
-0.448982
-0.448982
-0.448982
-0.448982
-0.448982
-0.448982
-0.448982
-0.448982
-0.448982
-0.448982
-0.448982
-0.448982
-0.448982
-0.448982
-0.448982
-0.448982
-0.448982
-0.448982
-0.448982
-0.448982
-0.448982
-0.448982
-0.448982
-0.448982
-0.448982
-0.448982
-0.448982
-0.448982
-0.448982
-0.448982
-0.448982
-0.448982
-0.448982
-0.448982
-0.448982
-0.448982
-0.448982
-0.448982
-0.448982
-0.448982
-0.448982
-0.448982
-0.448982
-0.448982
-0.448982
-0.448982
-0.448982
-0.448982
-0.448982
-0.448982
-0.448982
-0.448982
-0.448982
-0.448982
-0.448982
-0.448982
-0.448982
-0.448982
-0.448982
-0.448982
-0.448982
-0.448982
-0.448982
-0.448982
-0.448982
-0.448982
-0.448982
-0.448982
-0.448982
-0.448982
-0.448982
-0.448982
-0.448982
-0.448982
-0.448982
-0.448982
-0.448982
-0.448982
-0.448982
-0.448982
-0.448982
-0.448982
-0.448982
-0.448982
-0.448982
-0.448982
-0.448982
-0.448982
-0.448982
-0.448982
-0.448982
-0.448982
-0.448982
-0.448982
-0.448982
-0.448982
-0.448982
-0.448982
-0.448982
-0.448982
-0.448982
-0.448982
-0.448982
-0.448982
-0.448982
-0.448982
-0.448982
-0.448982
-0.448982
-0.448982
-0.448982
-0.448982
-0.448982
-0.448982
-0.448982
-0.448982
-0.448982
-0.448982
-0.448982
-0.448982
-0.448982
-0.448982
-0.448982
-0.448982
-0.448982
-0.448982
-0.448982
-0.448982
-0.448982
-0.448982
-0.448982
-0.448982
-0.448982
-0.448982
-0.448982
-0.448982
-0.448982
-0.448982
-0.448982
-0.448982
-0.448982
-0.448982
-0.448982
-0.448982
-0.448982
-0.448982
-0.448982
-0.448982
-0.448982
-0.448982
-0.448982
-0.448982
-0.448982
-0.448982
-0.448982
-0.448982
-0.448982
-0.448982
-0.448982
-0.448982
-0.448982
-0.448982
-0.448982
-0.448982
-0.448982
-0.448982
-0.448982
-0.448982
-0.448982
-0.448982
-0.448982
-0.448982
-0.448982
-0.448982
-0.448982
-0.448982
-0.448982
-0.448982
-0.448982
-0.448982
-0.448982
-0.448982
-0.448982
-0.448982
-0.448982
-0.448982
-0.448982
-0.448982
-0.448982
-0.448982
-0.448982
-0.448982
-0.448982
-0.448982
-0.448982
-0.448982
-0.448982
-0.448982
-0.448982
-0.448982
-0.448982
-0.448982
-0.448982
-0.448982
-0.448982
-0.448982
-0.448982
-0.448982
-0.448982
-0.448982
-0.448982
-0.448982
-0.448982
-0.448982
-0.448982
-0.448982
-0.448982
-0.448982
-0.448982
-0.448982
-0.448982
-0.448982
-0.448982
-0.448982
-0.448982
-0.448982
-0.448982
-0.448982
-0.448982
-0.448982
-0.448982
-0.448982
-0.448982
-0.448982
-0.448982
-0.448982
-0.448982
-0.448982
-0.448982
-0.448982
-0.448982
-0.448982
-0.448982
-0.448982
-0.448982
-0.448982
-0.448982
-0.448982
-0.448982
-0.448982
-0.448982
-0.448982
-0.448982
-0.448982
-0.448982
-0.448982
-0.448982
-0.448982
-0.448982
-0.448982
-0.448982
-0.448982
-0.448982
-0.448982
-0.448982
-0.448982
-0.448982
-0.448982
-0.448982
-0.448982
-0.448982
-0.448982
-0.448982
-0.448982
-0.448982
-0.448982
-0.448982
-0.448982
-0.448982
-0.448982
-0.448982
-0.448982
-0.448982
-0.448982
-0.448982
-0.448982
-0.448982
-0.448982
-0.448982
-0.448982
-0.448982
-0.448982
-0.448982
-0.448982
-0.448982
-0.448982
-0.448982
-0.448982
-0.448982
-0.448982
-0.448982
-0.448982
-0.448982
-0.448982
-0.448982
-0.448982
-0.448982
-0.448982
-0.448982
-0.448982
-0.448982
-0.448982
-0.448982
-0.448982
-0.448982
-0.448982
-0.448982
-0.448982
-0.448982
-0.448982
-0.448982
-0.448982
-0.448982
-0.448982
-0.448982
-0.448982
-0.448982
-0.448982
-0.448982
-0.448982
-0.448982
-0.448982
-0.448982
-0.448982
-0.448982
-0.448982
-0.448982
-0.448982
-0.448982
-0.448982
-0.448982
-0.448982
-0.448982
-0.448982
-0.448982
-0.448982
-0.448982
-0.448982
-0.448982
-0.448982
-0.448982
-0.448982
-0.448982
-0.448982
-0.448982
-0.448982
-0.448982
-0.448982
-0.448982
-0.448982
-0.448982
-0.448982
-0.448982
-0.448982
-0.448982
-0.448982
-0.448982
-0.448982
-0.448982
-0.448982
-0.448982
-0.448982
-0.448982
-0.448982
-0.448982
-0.448982
-0.448982
-0.448982
-0.448982
-0.448982
-0.448982
-0.448982
-0.448982
-0.448982
-0.448982
-0.448982
-0.448982
-0.448982
-0.448982
-0.448982
-0.448982
-0.448982
-0.448982
-0.448982
-0.448982
-0.448982
-0.448982
-0.448982
-0.448982
-0.448982
-0.448982
-0.448982
-0.448982
-0.448982
-0.448982
-0.448982
-0.448982
-0.448982
-0.448982
-0.448982
-0.448982
-0.448982
-0.448982
-0.448982
-0.448982
-0.448982
-0.448982
-0.448982
-0.448982
-0.448982
-0.448982
-0.448982
-0.448982
-0.448982
-0.448982
-0.448982
-0.448982
-0.448982
-0.448982
-0.448982
-0.448982
-0.448982
-0.448982
-0.448982
-0.448982
-0.448982
-0.448982
-0.448982
-0.448982
-0.448982
-0.448982
-0.448982
-0.448982
-0.448982
-0.448982
-0.448982
-0.448982
-0.448982
-0.448982
-0.448982
-0.448982
-0.448982
-0.448982
-0.448982
-0.448982
-0.448982
-0.448982
-0.448982
-0.448982
-0.448982
-0.448982
-0.448982
-0.448982
-0.448982
-0.448982
-0.448982
-0.448982
-0.448982
-0.448982
-0.448982
-0.448982
-0.448982
-0.448982
-0.448982
-0.448982
-0.448982
-0.448982
-0.448982
-0.448982
-0.448982
-0.448982
-0.448982
-0.448982
-0.448982
-0.448982
-0.448982
-0.448982
-0.448982
-0.448982
-0.448982
-0.448982
-0.448982
-0.448982
-0.448982
-0.448982
-0.448982
-0.448982
-0.448982
-0.448982
-0.448982
-0.448982
-0.448982
-0.448982
-0.448982
-0.448982
-0.448982
-0.448982
-0.448982
-0.448982
-0.448982
-0.448982
-0.448982
-0.448982
-0.448982
-0.448982
-0.448982
-0.448982
-0.448982
-0.448982
-0.448982
-0.448982
-0.448982
-0.448982
-0.448982
-0.448982
-0.448982
-0.448982
-0.448982
-0.448982
-0.448982
-0.448982
-0.448982
-0.448982
-0.448982
-0.448982
-0.448982
-0.448982
-0.448982
-0.448982
-0.448982
-0.448982
-0.448982
-0.448982
-0.448982
-0.448982
-0.448982
-0.448982
-0.448982
-0.448982
-0.448982
-0.448982
-0.448982
-0.448982
-0.448982
-0.448982
-0.448982
-0.448982
-0.448982
-0.448982
-0.448982
-0.448982
-0.448982
-0.448982
-0.448982
-0.448982
-0.448982
-0.448982
-0.448982
-0.448982
-0.448982
-0.448982
-0.448982
-0.448982
-0.448982
-0.448982
-0.448982
-0.448982
-0.448982
-0.448982
-0.448982
-0.448982
-0.448982
-0.448982
-0.448982
-0.448982
-0.448982
-0.448982
-0.448982
-0.448982
-0.448982
-0.448982
-0.448982
-0.448982
-0.448982
-0.448982
-0.448982
-0.448982
-0.448982
-0.448982
-0.448982
-0.448982
-0.448982
-0.448982
-0.448982
-0.448982
-0.448982
-0.448982
-0.448982
-0.448982
-0.448982
-0.448982
-0.448982
-0.448982
-0.448982
-0.448982
-0.448982
-0.448982
-0.448982
-0.448982
-0.448982
-0.448982
-0.448982
-0.448982
-0.448982
-0.448982
-0.448982
-0.448982
-0.448982
-0.448982
-0.448982
-0.448982
-0.448982
-0.448982
-0.448982
-0.448982
-0.448982
-0.448982
-0.448982
-0.448982
-0.448982
-0.448982
-0.448982
-0.448982
-0.448982
-0.448982
-0.448982
-0.448982
-0.448982
-0.448982
-0.448982
-0.448982
-0.448982
-0.448982
-0.448982
-0.448982
-0.448982
-0.448982
-0.448982
-0.448982
-0.448982
-0.448982
-0.448982
-0.448982
-0.448982
-0.448982
-0.448982
-0.448982
-0.448982
-0.448982
-0.448982
-0.448982
-0.448982
-0.448982
-0.448982
-0.448982
-0.448982
-0.448982
-0.448982
-0.448982
-0.448982
-0.448982
-0.448982
-0.448982
-0.448982
-0.448982
-0.448982
-0.448982
-0.448982
-0.448982
-0.448982
-0.448982
-0.448982
-0.448982
-0.448982
-0.448982
-0.448982
-0.448982
-0.448982
-0.448982
-0.448982
-0.448982
-0.448982
-0.448982
-0.448982
-0.448982
-0.448982
-0.448982
-0.448982
-0.448982
-0.448982
-0.448982
-0.448982
-0.448982
-0.448982
-0.448982
-0.448982
-0.448982
-0.448982
-0.448982
-0.448982
-0.448982
-0.448982
-0.448982
-0.448982
-0.448982
-0.448982
-0.448982
-0.448982
-0.448982
-0.448982
-0.448982
-0.448982
-0.448982
-0.448982
-0.448982
-0.448982
-0.448982
-0.448982
-0.448982
-0.448982
-0.448982
-0.448982
-0.448982
-0.448982
-0.448982
-0.448982
-0.448982
-0.448982
-0.448982
-0.448982
-0.448982
-0.448982
-0.448982
-0.448982
-0.448982
-0.448982
-0.448982
-0.448982
-0.448982
-0.448982
-0.448982
-0.448982
-0.448982
-0.448982
-0.448982
-0.448982
-0.448982
-0.448982
-0.448982
-0.448982
-0.448982
-0.448982
-0.448982
-0.448982
-0.448982
-0.448982
-0.448982
-0.448982
-0.448982
-0.448982
-0.448982
-0.448982
-0.448982
-0.448982
-0.448982
-0.448982
-0.448982
-0.448982
-0.448982
-0.448982
-0.448982
-0.448982
-0.448982
-0.448982
-0.448982
-0.448982
-0.448982
-0.448982
-0.448982
-0.448982
-0.448982
-0.448982
-0.448982
-0.448982
-0.448982
-0.448982
-0.448982
-0.448982
-0.448982
-0.448982
-0.448982
-0.448982
-0.448982
-0.448982
-0.448982
-0.448982
-0.448982
-0.448982
-0.448982
-0.448982
-0.448982
-0.448982
-0.448982
-0.448982
-0.448982
-0.448982
-0.448982
-0.448982
-0.448982
-0.448982
-0.448982
-0.448982
-0.448982
-0.448982
-0.448982
-0.448982
-0.448982
-0.448982
-0.448982
-0.448982
-0.448982
-0.448982
-0.448982
-0.448982
-0.448982
-0.448982
-0.448982
-0.448982
-0.448982
-0.448982
-0.448982
-0.448982
-0.448982
-0.448982
-0.448982
-0.448982
-0.448982
-0.448982
-0.448982
-0.448982
-0.448982
-0.448982
-0.448982
-0.448982
-0.448982
-0.448982
-0.448982
-0.448982
-0.448982
-0.448982
-0.448982
-0.448982
-0.448982
-0.448982
-0.448982
-0.448982
-0.448982
-0.448982
-0.448982
-0.448982
-0.448982
-0.448982
-0.448982
-0.448982
-0.448982
-0.448982
-0.448982
-0.448982
-0.448982
-0.448982
-0.448982
-0.448982
-0.448982
-0.448982
-0.448982
-0.448982
-0.448982
-0.448982
-0.448982
-0.448982
-0.448982
-0.448982
-0.448982
-0.448982
-0.448982
-0.448982
-0.448982
-0.448982
-0.448982
-0.448982
-0.448982
-0.448982
-0.448982
-0.448982
-0.448982
-0.448982
-0.448982
-0.448982
-0.448982
-0.448982
-0.448982
-0.448982
-0.448982
-0.448982
-0.448982
-0.448982
-0.448982
-0.448982
-0.448982
-0.448982
-0.448982
-0.448982
-0.448982
-0.448982
-0.448982
-0.448982
-0.448982
-0.448982
-0.448982
-0.448982
-0.448982
-0.448982
-0.448982
-0.448982
-0.448982
-0.448982
-0.448982
-0.448982
-0.448982
-0.448982
-0.448982
-0.448982
-0.448982
-0.448982
-0.448982
-0.448982
-0.448982
-0.448982
-0.448982
-0.448982
-0.448982
-0.448982
-0.448982
-0.448982
-0.448982
-0.448982
-0.448982
-0.448982
-0.448982
-0.448982
-0.448982
-0.448982
-0.448982
-0.448982
-0.448982
-0.448982
-0.448982
-0.448982
-0.448982
-0.448982
-0.448982
-0.448982
-0.448982
-0.448982
-0.448982
-0.448982
-0.448982
-0.448982
-0.448982
-0.448982
-0.448982
-0.448982
-0.448982
-0.448982
-0.448982
-0.448982
-0.448982
-0.448982
-0.448982
-0.448982
-0.448982
-0.448982
-0.448982
-0.448982
-0.448982
-0.448982
-0.448982
-0.448982
-0.448982
-0.448982
-0.448982
-0.448982
-0.448982
-0.448982
-0.448982
-0.448982
-0.448982
-0.448982
-0.448982
-0.448982
-0.448982
-0.448982
-0.448982
-0.448982
-0.448982
-0.448982
-0.448982
-0.448982
-0.448982
-0.448982
-0.448982
-0.448982
-0.448982
-0.448982
-0.448982
-0.448982
-0.448982
-0.448982
-0.448982
-0.448982
-0.448982
-0.448982
-0.448982
-0.448982
-0.448982
-0.448982
-0.448982
-0.448982
-0.448982
-0.448982
-0.448982
-0.448982
-0.448982
-0.448982
-0.448982
-0.448982
-0.448982
-0.448982
-0.448982
-0.448982
-0.448982
-0.448982
-0.448982
-0.448982
-0.448982
-0.448982
-0.448982
-0.448982
-0.448982
-0.448982
-0.448982
-0.448982
-0.448982
-0.448982
-0.448982
-0.448982
-0.448982
-0.448982
-0.448982
-0.448982
-0.448982
-0.448982
