1
1.02888
1.07035
1.07035
1.07035
1.10331
1.08712
1.08712
1.15989
1.14812
1.06884
1.00928
0.994542
0.97689
0.966043
1.04524
1.04524
1.09254
1.03942
0.999156
0.989639
1.04046
1.04046
1.01017
0.959105
1.00868
0.949991
0.88148
0.913983
0.901492
0.86834
0.86834
0.825449
0.839768
0.751109
0.749888
0.815826
0.733981
0.726148
0.735355
0.726205
0.810109
0.846946
0.915611
0.950296
0.881306
0.805955
0.854181
0.77391
0.734955
0.707406
0.694028
0.703947
0.774353
0.732872
0.707566
0.736397
0.716921
0.792347
0.757216
0.79873
0.801665
0.851809
0.757061
0.78921
0.722047
0.71029
0.718223
0.789121
0.72812
0.690987
0.732805
0.760076
0.775704
0.734801
0.63831
0.555125
0.555125
0.494163
0.421734
0.436166
0.417269
0.435143
0.418403
0.329707
0.270075
0.290613
0.297269
0.364154
0.292709
0.340824
0.262175
0.166981
0.166981
0.121952
0.157774
0.169998
0.0886592
0.00154447
0.0547881
0.125257
0.15249
0.171882
0.234474
0.234474
0.23079
0.194223
0.170815
0.202693
0.141801
0.153319
0.181115
0.188342
0.269398
0.264117
0.227762
0.239717
0.252672
0.31883
0.258773
0.199814
0.271544
0.214299
0.241027
0.246022
0.291849
0.347164
0.305739
0.350777
0.35046
0.273729
0.32529
0.344445
0.393287
0.45302
0.422438
0.422438
0.461401
0.462613
0.519208
0.515238
0.557453
0.56971
0.503784
0.497669
0.546014
0.626979
0.583696
0.629403
0.582149
0.494175
0.502139
0.488042
0.512394
0.459148
0.395648
0.421445
0.480859
0.554881
0.571828
0.519323
0.47883
0.388272
0.304411
0.220157
0.1908
0.151305
0.203202
0.222286
0.235815
0.235815
0.306368
0.392046
0.435555
0.34379
0.332894
0.360942
0.405661
0.484557
0.432351
0.450227
0.421897
0.402408
0.481873
0.49593
0.509601
0.543471
0.490982
0.556422
0.642888
0.681105
0.70867
0.641194
0.624012
0.588565
0.610793
0.626915
0.626915
0.596201
0.624914
0.600551
0.542834
0.49367
0.551771
0.516144
0.581854
0.550168
0.529962
0.569056
0.630451
0.663549
0.667965
0.592967
0.664269
0.685697
0.609092
0.641985
0.660768
0.600833
0.588419
0.571544
0.663775
0.568895
0.498296
0.478228
0.428401
0.461444
0.488575
0.508366
0.447258
0.360425
0.417952
0.458741
0.404093
0.400478
0.400478
0.378203
0.337738
0.244742
0.325326
0.323923
0.323923
0.348433
0.355593
0.433357
0.479618
0.413402
0.434092
0.450287
0.417321
0.469737
0.383064
0.289822
0.289822
0.256723
0.270981
0.263737
0.178208
0.140297
0.172487
0.205337
0.154945
0.143589
0.198069
0.183313
0.231197
0.22343
0.252947
0.194495
0.165485
0.160526
0.177801
0.165986
0.157534
0.207925
0.199567
0.199567
0.132831
0.0718168
0.0695851
0.0577688
0.0990711
0.100883
0.162854
0.208369
0.143272
0.129758
0.0860444
0.0860444
0.0762383
0.0183655
0.0363648
0.0971299
0.0971299
0.0493973
0.00569419
0.0334353
0.055666
0.000666324
0.0264169
0.0264169
0.0108043
0.00922278
0.00688574
0.0446949
0.00275666
0.0520486
0.0624616
0.0675593
0.122459
0.120403
0.151935
0.107818
0.148598
0.12431
0.0863283
0.0863283
0.108536
0.178495
0.178712
0.193066
0.17286
0.195099
0.278432
0.251622
0.251622
0.234311
0.281061
0.303887
0.299748
0.257141
0.208951
0.244583
0.307981
0.379336
0.410981
0.333421
0.281946
0.209617
0.234688
0.271924
0.271924
0.252687
0.202381
0.236388
0.192744
0.232298
0.299663
0.280443
0.313827
0.266058
0.238124
0.327767
0.263583
0.249553
0.296204
0.26954
0.280886
0.315351
0.267449
0.351866
0.351866
0.404272
0.40044
0.392653
0.464968
0.444931
0.432926
0.478739
0.396374
0.361669
0.404525
0.381148
0.33714
0.403242
0.36549
0.306273
0.360833
0.267231
0.201103
0.196337
0.196337
0.115601
0.0554175
0.0646038
0.134566
0.121841
0.12285
0.102998
0.102958
0.071905
0.129867
0.214046
0.228356
0.228356
0.181807
0.236854
0.20561
0.250006
0.235461
0.247003
0.252609
0.190701
0.115044
0.0881556
0.0530282
0.0847305
0.14646
0.172611
0.204128
0.13248
0.0473207
0.121714
0.125008
0.0321924
0.0381253
0.131017
0.0707693
0.00797476
0.0501274
0.0383425
0.00850879
0.0277424
0.0369544
0.0239072
0.0433158
0.0251028
0.0346479
0.0456001
0.0211221
0.0445371
0.0775173
0.145702
0.080201
0.0171363
0.0806273
0.0686112
0.0880407
0.0102474
0.0102474
0.0102474
0.00369072
0.0276259
0.05059
0.102658
0.044237
0.118129
0.054185
0.0502983
0.0779985
0.0756918
0.110823
0.110823
0.0809968
0.0432719
0.0397509
0.0491695
0.0181818
0.00502627
0.0878625
0.177496
0.177496
0.177496
0.197866
0.213883
0.180675
0.272805
0.236445
0.168778
0.09353
0.094454
0.147231
0.0809857
0.0709478
0.137795
0.110804
0.110531
0.110531
0.0123621
0.0123621
0.0341404
0.00952734
0.0387307
0.0482257
0.138337
0.155551
0.173163
0.119977
0.0326408
0.0352175
0.0699006
0.152426
0.131614
0.0425944
0.00623977
0.0474265
0.133689
0.158151
0.127237
0.128654
0.194502
0.194502
0.215035
0.133193
0.0997773
0.111367
0.143534
0.101443
0.0845679
0.0845679
0.172295
0.156847
0.117927
0.132711
0.1893
0.240262
0.332779
0.403905
0.336067
0.329306
0.329306
0.272061
0.217637
0.243463
0.319665
0.228515
0.188814
0.158995
0.246362
0.205532
0.213936
0.290844
0.261153
0.186701
0.19447
0.173625
0.259032
0.18062
0.18062
0.256744
0.339278
0.336448
0.385195
0.385195
0.395796
0.465568
0.534588
0.466265
0.43127
0.433282
0.468038
0.525426
0.464719
0.536858
0.59371
0.527905
0.459108
0.537403
0.62565
0.697235
0.692029
0.699773
0.669471
0.658515
0.589464
0.646966
0.62659
0.669085
0.600539
0.640063
0.727548
0.745589
0.690715
0.688865
0.73196
0.671679
0.645806
0.713422
0.796584
0.730453
0.783735
0.706581
0.741536
0.81231
0.753209
0.727553
0.816776
0.823062
0.756025
0.773819
0.794837
0.739841
0.706034
0.77299
0.707676
0.674177
0.665696
0.693109
0.70582
0.7192
0.628208
0.654732
0.605612
0.577693
0.63793
0.59239
0.572705
0.645401
0.607157
0.523254
0.49387
0.574468
0.601303
0.550973
0.55579
0.501448
0.481949
0.445263
0.46863
0.392365
0.411486
0.494055
0.577162
0.546466
0.53288
0.555222
0.591633
0.563528
0.542852
0.600966
0.578689
0.603785
0.615491
0.615409
0.622855
0.659102
0.574929
0.497168
0.447495
0.447495
0.389918
0.312392
0.36562
0.342663
0.281677
0.323289
0.270693
0.270693
0.177497
0.216668
0.212895
0.215374
0.240173
0.245539
0.266375
0.268168
0.244711
0.212715
0.140033
0.156837
0.0835257
0.129195
0.0977465
0.127555
0.084015
0.0990835
0.102317
0.0437253
0.0987668
0.0881674
0.143813
0.207883
0.130754
0.0776662
0.0577684
0.0393957
0.0894711
0.078102
0.0420497
0.108347
0.119371
0.136756
0.0539211
0.0262719
0.0882927
0.0422492
0.019232
0.0178949
0.0448237
0.106096
0.120261
0.171054
0.139891
0.12865
0.22436
0.183936
0.246509
0.202526
0.253108
0.189984
0.189984
0.135344
0.093804
0.0781286
0.0914127
0.0923341
0.0430795
0.103313
0.048917
0.0335227
0.031094
0.0301511
0.0589288
0.0794499
0.0267405
0.0973022
0.057426
0.0251785
0.0231576
0.120402
0.120402
0.160153
0.212135
0.24583
0.293998
0.34278
0.271632
0.18183
0.210625
0.187777
0.118463
0.14786
0.0670079
0.0331675
0.026466
0.0259618
0.0182312
0.0239762
0.0239762
0.0239762
0.00725968
0.0391369
0.0164034
0.0512003
0.141599
0.0708839
0.110756
0.0779152
0.105046
0.067721
0.0531138
0.0575753
0.0981428
0.132822
0.100501
0.146923
0.160753
0.0826136
0.0318919
0.0252976
0.0546527
0.0664063
0.120613
0.0309514
0.113844
0.119693
0.127558
0.122421
0.208441
0.159292
0.236799
0.173453
0.261356
0.313692
0.313692
0.392901
0.392901
0.465406
0.409928
0.334121
0.372081
0.421766
0.380082
0.300023
0.30096
0.30096
0.303588
0.264556
0.261058
0.190216
0.245625
0.322332
0.401348
0.358973
0.358973
0.364255
0.316262
0.361034
0.361034
0.361034
0.430158
0.430158
0.465738
0.456426
0.525782
0.555302
0.555302
0.60864
0.519916
0.456749
0.456749
0.462238
0.37455
0.37455
0.428253
0.335246
0.354723
0.316822
0.279781
0.344097
0.351999
0.370142
0.410057
0.361376
0.299514
0.240564
0.279479
0.241049
0.273395
0.30487
0.30487
0.30487
0.315158
0.284514
0.236514
0.211204
0.190167
0.100173
0.0418417
0.0418417
0.0945098
0.00016875
0.0591183
0.0591183
0.0199219
0.0393597
0.0393597
0.0196084
0.097807
0.134781
0.0643057
0.100521
0.0882703
0.0585324
0.138723
0.0623159
0.0248302
0.0306796
0.00638606
0.0120279
0.0120279
0.0710473
0.116798
0.135126
0.201875
0.14974
0.188174
0.165404
0.165404
0.211619
0.195172
0.20915
0.202686
0.202686
0.155131
0.207542
0.132234
0.225346
0.267412
0.285534
0.314151
0.286478
0.302102
0.366596
0.396813
0.355723
0.326687
0.396959
0.409277
0.408055
0.423803
0.472891
0.48626
0.55812
0.496152
0.423183
0.423183
0.480041
0.536444
0.448635
0.393764
0.430802
0.418021
0.402353
0.402671
0.431802
0.39714
0.317203
0.37257
0.32869
0.391252
0.406973
0.479325
0.570098
0.574992
0.51836
0.598083
0.646633
0.646633
0.663783
0.699441
0.702714
0.750615
0.832334
0.850223
0.926254
0.892159
0.84264
0.753294
0.788104
0.788104
0.724472
0.755304
0.755304
0.709361
0.751813
0.803052
0.775528
0.73933
0.817345
0.823285
0.779835
0.795103
0.812351
0.805448
0.805448
0.87147
0.800345
0.819161
0.858398
0.870084
0.887201
0.894105
0.907343
0.851505
0.81132
0.81132
0.740929
0.707039
0.703041
0.636457
0.678439
0.645023
0.665888
0.74928
0.816931
0.767567
0.767567
0.797016
0.738709
0.674454
0.736477
0.799585
0.775148
0.775148
0.859941
0.888932
0.888932
0.903858
0.960635
0.943299
0.941355
0.885775
0.885775
0.885775
0.885775
0.959792
0.991359
0.991359
0.974508
0.97449
0.97449
0.97449
0.97449
0.89757
0.829891
0.873333
0.843376
0.75861
0.78563
0.789635
0.801161
0.785921
0.772394
0.804111
0.720843
0.749771
0.789144
0.708294
0.708294
0.707325
0.707325
0.650736
0.605702
0.60165
0.57501
0.552743
0.523484
0.503496
0.488111
0.572145
0.572145
0.578125
0.650481
0.668923
0.651637
0.645486
0.653493
0.564458
0.515278
0.45278
0.539083
0.538782
0.573725
0.582857
0.535205
0.534988
0.548233
0.600789
0.54763
0.569827
0.588517
0.591654
0.591654
0.53762
0.538226
0.6126
0.563076
0.526395
0.526336
0.529303
0.527198
0.501477
0.549822
0.632124
0.709888
0.774928
0.744756
0.671202
0.590638
0.679239
0.715427
0.772609
0.817546
0.897539
0.805491
0.74384
0.751283
0.696807
0.601025
0.584729
0.623384
0.558505
0.627846
0.579244
0.579244
0.509139
0.510161
0.442876
0.522671
0.533132
0.53714
0.593174
0.549019
0.602929
0.685872
0.614934
0.592967
0.629474
0.723585
0.786969
0.795259
0.810805
0.89747
0.835405
0.835405
0.785718
0.853416
0.820076
0.826674
0.847617
0.786635
0.798069
0.798069
0.699621
0.655866
0.655866
0.677758
0.608312
0.659265
0.621175
0.589203
0.636836
0.676109
0.762807
0.831037
0.909061
0.989647
1.02211
0.98674
1.02201
1.03043
0.987497
0.976489
0.946544
0.946544
0.953918
0.972741
0.941308
0.982375
1.01779
1.03632
0.995273
0.991414
0.924888
0.860549
0.827589
0.884113
0.940245
0.941185
0.88993
0.88993
0.894452
0.894452
0.872473
0.964946
0.964946
0.985337
1.02763
1.06171
1.00354
1.00354
0.993809
0.94374
1.01161
0.974922
1.01634
1.01634
1.04845
1.06598
1.13882
1.13882
1.13882
1.07388
1.00798
1.00798
1.08315
1.08315
1.05699
0.973448
0.976577
1.02979
0.97532
0.88631
0.934868
0.934868
0.934868
0.932957
0.959913
0.959913
0.999318
0.925528
0.925528
0.925528
0.914901
0.866197
0.866197
0.820099
0.820099
0.79517
0.838407
0.838407
0.843133
0.843133
0.790989
0.803816
0.790221
0.769637
0.714246
0.696409
0.678606
0.630009
0.65602
0.684683
0.768142
0.768142
0.832331
0.818158
0.807523
0.795343
0.795343
0.791372
0.74718
0.730277
0.705783
0.682368
0.753629
0.746253
0.732731
0.796478
0.748099
0.759743
0.759743
0.667224
0.663267
0.59647
0.63383
0.630086
0.597813
0.516432
0.588782
0.561478
0.561478
0.561478
0.478178
0.470942
0.470942
0.431911
0.375136
0.285333
0.24083
0.228007
0.187334
0.112893
0.0249382
0.0861987
0.0819315
0.0347807
0.0841086
0.130296
0.0738403
0.124136
0.145989
0.209288
0.195356
0.157745
0.181628
0.233091
0.18703
0.232929
0.240765
0.237283
0.162576
0.204931
0.11654
0.130055
0.109041
0.141691
0.170754
0.139274
0.142655
0.130244
0.18747
0.165699
0.199526
0.27712
0.246204
0.193589
0.120363
0.116367
0.11872
0.163676
0.193137
0.169502
0.144931
0.0510716
0.0276315
0.0058923
0.0212088
0.00841178
0.0225893
0.0750431
0.0099842
0.0724852
0.154449
0.130121
0.0833944
0.0300679
0.087289
0.00713046
0.0859485
0.00581561
0.0240538
0.0580364
0.0445055
0.0246116
0.0673216
0.133638
0.157626
0.171723
0.238989
0.184724
0.183273
0.208136
0.201382
0.145606
0.159767
0.199568
0.186499
0.181215
0.181215
0.15676
0.198453
0.126969
0.125905
0.142971
0.178917
0.106817
0.129937
0.0979228
0.0535237
0.0767772
0.100805
0.113041
0.167072
0.167072
0.167072
0.239579
0.280554
0.319276
0.31995
0.251224
0.314206
0.276728
0.232062
0.232062
0.232062
0.236333
0.236187
0.264957
0.258824
0.233667
0.164719
0.164719
0.181753
0.174797
0.174797
0.0941106
0.148034
0.162559
0.240141
0.240141
0.249225
0.276706
0.213078
0.158605
0.158605
0.225399
0.247898
0.174472
0.153565
0.0913005
0.0304312
0.0125086
0.0999233
0.072581
0.027488
0.0116106
0.0459573
0.111303
0.111303
0.071607
0.0590167
0.133157
0.0373832
0.0373832
0.0569674
0.00135668
0.00594384
0.0256916
0.0114016
0.0827743
0.0519934
0.0143355
0.0418086
0.108311
0.108311
0.0928965
0.184046
0.240847
0.223599
0.244487
0.200013
0.270683
0.290234
0.309017
0.226792
0.236332
0.204748
0.274287
0.34348
0.344038
0.33624
0.352111
0.386705
0.390552
0.375842
0.442217
0.442217
0.481811
0.481811
0.481811
0.552237
0.563965
0.596709
0.682026
0.705932
0.628298
0.680298
0.739165
0.765818
0.761671
0.7266
0.654352
0.569077
0.48898
0.49
0.51136
0.580263
0.649106
0.572895
0.53882
0.616148
0.620101
0.531589
0.545077
0.610139
0.527434
0.457623
0.544974
0.607964
0.592399
0.592399
0.591407
0.641256
0.595029
0.617118
0.641961
0.709907
0.718698
0.71947
0.803399
0.755586
0.841916
0.841916
0.869793
0.881578
0.927426
0.861572
0.861572
0.923584
0.923584
0.847264
0.929603
0.866834
0.863886
0.863886
0.780937
0.771949
0.72791
0.788569
0.788569
0.804827
0.745256
0.74161
0.65166
0.705193
0.681333
0.700002
0.713205
0.772073
0.809925
0.809925
0.848049
0.906147
0.930376
0.930376
0.843098
0.778668
0.758002
0.763108
0.683579
0.672129
0.720151
0.720151
0.741262
0.741262
0.815157
0.768134
0.768134
0.716991
0.778282
0.699942
0.795051
0.829635
0.832685
0.754494
0.747229
0.683758
0.683758
0.738717
0.819729
0.777641
0.710447
0.666446
0.635668
0.651519
0.714849
0.714849
0.661681
0.717056
0.776319
0.786943
0.719209
0.663103
0.573767
0.527974
0.560763
0.560635
0.596455
0.536605
0.556543
0.474196
0.437926
0.443819
0.451191
0.391898
0.412743
0.462267
0.533928
0.491194
0.494658
0.515754
0.43257
0.401584
0.409893
0.409893
0.440066
0.472703
0.472703
0.462663
0.443298
0.511624
0.487565
0.476905
0.487646
0.558208
0.490224
0.475121
0.568949
0.610993
0.6032
0.572248
0.558546
0.567782
0.643671
0.643671
0.668127
0.685356
0.749873
0.666127
0.658674
0.640738
0.640007
0.560412
0.57508
0.643825
0.645057
0.558007
0.540213
0.58921
0.546738
0.601048
0.536646
0.524869
0.617436
0.60925
0.611402
0.567367
0.561284
0.558208
0.608853
0.618845
0.614146
0.684644
0.659643
0.709996
0.755564
0.755564
0.704239
0.657333
0.645545
0.630682
0.574134
0.622695
0.622889
0.654164
0.699055
0.676505
0.647906
0.647906
0.604187
0.604187
0.597557
0.683299
0.683299
0.683299
0.640815
0.658764
0.70895
0.769695
0.73389
0.698001
0.695236
0.645696
0.710569
0.694109
0.694109
0.694109
0.720518
0.687745
0.738487
0.688844
0.747158
0.821929
0.745341
0.745341
0.813174
0.889287
0.980637
1.03806
1.05263
1.05263
1.08984
1.03726
1.03726
1.00125
0.9023
0.981137
0.898139
0.868853
0.801156
0.76424
0.84408
0.777728
0.777728
0.830316
0.839351
0.790195
0.785331
0.758427
0.791849
0.791849
0.737724
0.801957
0.851046
0.946797
0.946797
0.92083
0.941665
0.907996
0.936621
0.936621
0.886631
0.901282
0.950437
0.895128
0.861077
0.847005
0.777589
0.719531
0.805275
0.855805
0.810596
0.824691
0.848664
0.848664
0.826524
0.803672
0.832288
0.816131
0.745679
0.661319
0.61626
0.629009
0.686451
0.755304
0.81629
0.858627
0.903533
0.903533
0.903533
0.924305
1.01452
1.01452
1.05319
1.05319
1.05319
1.04898
1.02762
0.980628
1.05444
1.1526
1.13192
1.16892
1.10776
1.10776
1.01679
1.01679
1.00902
0.976291
0.993527
0.972492
0.972492
0.902998
0.902998
0.864104
0.927387
0.927387
0.922046
0.89834
0.925446
0.999194
0.94367
0.978905
0.935687
1.00747
0.918168
0.997086
0.997086
0.997086
1.0398
1.05623
0.972129
0.972129
0.950775
0.934414
0.839842
0.825682
0.753903
0.798201
0.798201
0.799794
0.820442
0.820442
0.797471
0.839877
0.839877
0.783741
0.772761
0.7075
0.7075
0.7075
0.664588
0.630581
0.673685
0.731729
0.776451
0.816862
0.815144
0.815144
0.847168
0.847168
0.828511
0.869165
0.869165
0.901569
0.89548
0.929236
0.912003
0.912003
0.930065
0.871454
0.885236
0.817515
0.817515
0.741504
0.76481
0.733179
0.73609
0.667568
0.650737
0.720142
0.652009
0.591548
0.52984
0.581205
0.574791
0.58972
0.642441
0.703005
0.74948
0.753557
0.700879
0.721114
0.740531
0.775316
0.759244
0.782491
0.872779
0.94038
0.94038
0.94038
0.955141
0.932254
0.95734
0.872592
0.842515
0.810799
0.734909
0.810955
0.759968
0.675882
0.634648
0.679953
0.730417
0.730417
0.772574
0.805599
0.742055
0.730235
0.794098
0.741573
0.737589
0.78901
0.783691
0.811991
0.784097
0.742105
0.779086
0.762222
0.766879
0.766879
0.766879
0.752279
0.732519
0.732519
0.732519
0.66797
0.675031
0.615685
0.66283
0.659327
0.701479
0.696655
0.771807
0.771807
0.849742
0.757196
0.844814
0.787709
0.818367
0.777181
0.727246
0.758481
0.69624
0.618665
0.696151
0.696151
0.724585
0.687619
0.665729
0.651248
0.726922
0.705412
0.795903
0.766894
0.766894
0.766894
0.820412
0.841976
0.83964
0.83964
0.841247
0.905815
0.905815
0.973191
0.973191
0.973191
0.973191
0.948281
0.866943
0.844531
0.814538
0.757121
0.757121
0.831175
0.865486
0.865486
0.903679
0.952544
0.943418
0.860029
0.921364
1.01058
0.97752
0.895731
0.842139
0.850747
0.772078
0.750034
0.721486
0.771353
0.829457
0.784709
0.828598
0.774236
0.774236
0.774236
0.837665
0.832048
0.81153
0.81153
0.782074
0.766312
0.841083
0.841083
0.749311
0.810378
0.857144
0.846734
0.814136
0.814136
0.774683
0.774683
0.783942
0.736864
0.834076
0.834076
0.836776
0.846743
0.81595
0.834558
0.800095
0.824472
0.824472
0.774516
0.754249
0.739269
0.645646
0.624422
0.62068
0.660166
0.712909
0.691611
0.691611
0.597761
0.597761
0.587132
0.57979
0.529572
0.58433
0.626152
0.623082
0.581985
0.632542
0.71231
0.643643
0.643643
0.643643
0.675202
0.727706
0.800467
0.800467
0.862922
0.862922
0.890908
0.890908
0.886981
0.831447
0.831447
0.834869
0.91165
0.886031
0.844775
0.895453
0.869593
0.869593
0.869593
0.867404
0.891193
0.853751
0.853751
0.816484
0.816484
0.879256
0.914243
0.986359
0.986359
0.986359
0.986359
0.934345
0.863024
0.863024
0.912167
0.927886
0.992216
0.992216
0.930759
0.865086
0.827616
0.897661
0.961471
0.961471
0.898882
0.898882
0.898882
0.890002
0.867103
0.811114
0.811114
0.799713
0.799713
0.72818
0.723997
0.781841
0.781841
0.792154
0.765411
0.712768
0.712768
0.714437
0.735295
0.779229
0.84444
0.812223
0.762339
0.724052
0.67372
0.761605
0.673646
0.69482
0.71832
0.71832
0.71832
0.736709
0.70062
0.682325
0.59066
0.53707
0.504052
0.504052
0.487953
0.506032
0.506032
0.415529
0.428701
0.380724
0.440148
0.343149
0.373354
0.309664
0.309664
0.268612
0.229196
0.30752
0.294728
0.294728
0.349697
0.33267
0.3959
0.3959
0.332627
0.289072
0.333916
0.342737
0.310457
0.34296
0.398152
0.33022
0.389966
0.410858
0.316425
0.315123
0.23348
0.170797
0.170797
0.170797
0.180562
0.193027
0.188638
0.188284
0.159188
0.127771
0.127771
0.192948
0.252979
0.252979
0.252979
0.19509
0.129305
0.225952
0.221816
0.147895
0.165726
0.165726
0.165726
0.238665
0.312581
0.312581
0.396225
0.449562
0.474471
0.438971
0.443427
0.443427
0.346104
0.289915
0.289915
0.289915
0.289915
0.362963
0.290807
0.319025
0.31482
0.323995
0.317388
0.341088
0.2872
0.277043
0.271802
0.221009
0.236445
0.267455
0.267455
0.218849
0.198496
0.178281
0.104224
0.146665
0.160808
0.179681
0.169872
0.211237
0.193502
0.232549
0.27452
0.320604
0.373027
0.412786
0.45426
0.375441
0.30501
0.255488
0.237156
0.18689
0.18689
0.269715
0.333906
0.33219
0.251099
0.214328
0.224705
0.224705
0.306376
0.297639
0.293413
0.25706
0.27597
0.307652
0.310742
0.218148
0.25639
0.33514
0.277924
0.277924
0.181409
0.204825
0.274641
0.30596
0.311638
0.357423
0.442734
0.413572
0.380909
0.345572
0.433993
0.379985
0.352259
0.28648
0.199934
0.233438
0.309786
0.245945
0.248564
0.195484
0.252943
0.252943
0.258033
0.258033
0.272204
0.31896
0.288822
0.265695
0.303124
0.289404
0.289404
0.366474
0.322602
0.322602
0.33988
0.389308
0.318869
0.318869
0.251695
0.219877
0.254656
0.254656
0.224609
0.175912
0.175912
0.17551
0.218976
0.14177
0.1472
0.175898
0.122709
0.207086
0.240099
0.191384
0.199767
0.209719
0.209719
0.200479
0.213189
0.184839
0.239663
0.2949
0.307065
0.297011
0.309116
0.297834
0.267699
0.208207
0.208207
0.250138
0.250587
0.161851
0.19766
0.151513
0.115928
0.156771
0.1296
0.150445
0.150445
0.189785
0.180647
0.210724
0.142257
0.11347
0.154895
0.0721672
0.120549
0.202245
0.202245
0.202672
0.231771
0.231771
0.322951
0.2439
0.222331
0.207622
0.264867
0.354373
0.424798
0.450773
0.450773
0.450773
0.507665
0.530943
0.530939
0.530939
0.495763
0.464694
0.437507
0.437507
0.485576
0.53084
0.60012
0.573705
0.576676
0.636687
0.636687
0.636687
0.636687
0.540178
0.553974
0.494217
0.4374
0.420222
0.374524
0.448819
0.469705
0.441154
0.48874
0.468509
0.468509
0.468509
0.424685
0.424685
0.382395
0.412011
0.384588
0.392719
0.461172
0.474858
0.441286
0.441286
0.441286
0.401
0.4016
0.497472
0.497472
0.465404
0.465404
0.406871
0.378836
0.343323
0.354077
0.302044
0.302044
0.268599
0.268599
0.271263
0.274656
0.346749
0.346749
0.346749
0.346749
0.28951
0.251808
0.267852
0.234158
0.307802
0.336183
0.429921
0.429921
0.429921
0.446344
0.446344
0.446344
0.446344
0.402481
0.368109
0.396753
0.381363
0.381363
0.446487
0.521451
0.54943
0.490527
0.419466
0.368671
0.408154
0.434435
0.357328
0.290506
0.289159
0.307207
0.322878
0.286553
0.308632
0.371219
0.428814
0.428814
0.362506
0.297672
0.297672
0.324105
0.317441
0.355592
0.379928
0.43414
0.457897
0.413781
0.323963
0.344462
0.30492
0.35043
0.372304
0.372304
0.405198
0.355867
0.3169
0.38258
0.480382
0.508072
0.508072
0.508072
0.508072
0.523374
0.451365
0.503569
0.503569
0.583236
0.537672
0.537672
0.505162
0.438347
0.503439
0.593114
0.593114
0.563034
0.563034
0.563034
0.507747
0.444105
0.524148
0.556786
0.6224
0.561224
0.624556
0.65225
0.706639
0.647594
0.647594
0.647594
0.63402
0.63402
0.64475
0.64475
0.608724
0.608724
0.608724
0.666321
0.666321
0.679977
0.690478
0.771107
0.728869
0.780865
0.842948
0.851351
0.875433
0.875433
0.858378
0.914699
0.94565
0.937225
0.92488
0.92488
0.931273
0.931063
0.861519
0.813957
0.813957
0.813957
0.813957
0.87455
0.874583
0.782941
0.782941
0.772745
0.719656
0.761792
0.795062
0.769227
0.830858
0.758415
0.758415
0.758415
0.697211
0.699082
0.657418
0.654654
0.656508
0.656508
0.656508
0.6548
0.699852
0.662577
0.705121
0.705121
0.65571
0.663328
0.663328
0.663328
0.631745
0.666573
0.687076
0.744307
0.7723
0.735144
0.752269
0.709045
0.791736
0.791736
0.791736
0.818226
0.85612
0.819557
0.903218
0.928937
0.930011
0.883485
0.813386
0.813386
0.813386
0.771861
0.707601
0.651256
0.69469
0.69469
0.692125
0.706446
0.698868
0.72189
0.669806
0.658974
0.741464
0.741464
0.755926
0.738903
0.805456
0.806959
0.849333
0.849333
0.773497
0.77897
0.698701
0.663489
0.663489
0.597737
0.60831
0.60831
0.694939
0.694939
0.782505
0.782505
0.723378
0.723378
0.766388
0.777548
0.777548
0.831479
0.749581
0.678418
0.766981
0.767432
0.745662
0.766291
0.820831
0.820831
0.877628
0.877628
0.813251
0.84023
0.922003
0.932927
0.852268
0.911895
0.911895
0.873818
0.904195
0.924183
0.852766
0.852766
0.829306
0.804474
0.782182
0.782182
0.754044
0.725776
0.724272
0.724272
0.696022
0.604362
0.564728
0.564728
0.639161
0.64647
0.64647
0.622899
0.589368
0.589368
0.589368
0.524446
0.531652
0.524777
0.534198
0.570371
0.587109
0.59385
0.654187
0.612002
0.613118
0.613118
0.609492
0.625137
0.545649
0.476391
0.405916
0.427972
0.506453
0.506453
0.506453
0.500599
0.540946
0.537678
0.579521
0.550439
0.620516
0.657323
0.685479
0.681147
0.647613
0.641041
0.697594
0.766473
0.768067
0.847342
0.770844
0.718829
0.737715
0.737715
0.713059
0.742645
0.812331
0.835134
0.835134
0.835134
0.912201
0.851494
0.857187
0.901072
0.90717
0.853603
0.800547
0.779382
0.846694
0.835649
0.752511
0.752511
0.752511
0.752511
0.823931
0.770489
0.785036
0.688675
0.717455
0.781917
0.835261
0.765219
0.768526
0.710048
0.710048
0.765115
0.703738
0.7503
0.771661
0.771661
0.774975
0.803053
0.803053
0.853565
0.800046
0.800046
0.800046
0.731868
0.731868
0.667967
0.667967
0.684301
0.602002
0.610019
0.538833
0.538833
0.547051
0.575439
0.588309
0.629028
0.645631
0.689661
0.594522
0.594522
0.55713
0.576085
0.648512
0.603109
0.603109
0.682967
0.65563
0.748621
0.781275
0.781275
0.781275
0.781275
0.82879
0.816763
0.850575
0.850575
0.900958
0.860855
0.860855
0.9396
0.895323
0.89061
0.89061
0.89061
0.89061
0.89061
0.89061
0.81365
0.834694
0.869687
0.869687
0.869687
0.780843
0.780843
0.799914
0.853127
0.869949
0.869949
0.861594
0.886451
0.865692
0.793774
0.793774
0.778578
0.778578
0.70554
0.770468
0.81079
0.749793
0.789652
0.710388
0.786959
0.786959
0.848404
0.756601
0.756601
0.736705
0.736705
0.736705
0.736705
0.698903
0.751841
0.751841
0.773333
0.75744
0.752532
0.821577
0.821577
0.821577
0.821577
0.867269
0.867269
0.867269
0.820299
0.832934
0.832934
0.832934
0.848253
0.833091
0.838116
0.886162
0.802051
0.802051
0.769269
0.72305
0.649202
0.740853
0.77464
0.77464
0.767194
0.761843
0.766558
0.685873
0.685873
0.698438
0.688789
0.704339
0.744921
0.763539
0.819029
0.858471
0.897073
0.852134
0.852134
0.814268
0.814268
0.797908
0.71504
0.72196
0.765011
0.771115
0.771115
0.801239
0.790742
0.856813
0.88594
0.836332
0.770151
0.801018
0.801018
0.823001
0.823001
0.801954
0.801954
0.801954
0.79117
0.79117
0.754673
0.684241
0.721721
0.721721
0.675955
0.73234
0.716538
0.696334
0.695192
0.695192
0.682594
0.682594
0.78207
0.785799
0.785799
0.756214
0.756214
0.802849
0.765572
0.765572
0.765572
0.765572
0.821765
0.771873
0.771873
0.787146
0.840272
0.811072
0.795435
0.755962
0.734996
0.755656
0.736717
0.761585
0.82728
0.873826
0.885999
0.797401
0.751283
0.785657
0.783208
0.783208
0.734917
0.71608
0.665941
0.687532
0.721729
0.721729
0.721729
0.715057
0.76311
0.76311
0.819146
0.73474
0.73474
0.742908
0.736898
0.830826
0.743977
0.74652
0.786144
0.762512
0.803758
0.711095
0.711095
0.711095
0.711095
0.747148
0.733826
0.754192
0.723309
0.779965
0.779965
0.768337
0.77691
0.781476
0.762269
0.762269
0.773016
0.795355
0.733928
0.681843
0.756026
0.779314
0.809888
0.73083
0.73083
0.789319
0.789319
0.789319
0.789319
0.861579
0.886176
0.869709
0.869709
0.903649
0.81722
0.81722
0.764731
0.855086
0.797627
0.843319
0.796008
0.796008
0.809955
0.809955
0.813046
0.738149
0.809001
0.794583
0.794583
0.779562
0.762252
0.8562
0.791031
0.791031
0.791031
0.72206
0.818043
0.818043
0.812193
0.753647
0.757113
0.774824
0.774824
0.764001
0.797186
0.840391
0.914035
0.831271
0.837523
0.803598
0.797404
0.797404
0.709119
0.702089
0.718357
0.709172
0.709172
0.709172
0.691284
0.691284
0.742094
0.763199
0.758488
0.758488
0.758488
0.758488
0.823046
0.858566
0.832164
0.832164
0.802739
0.747465
0.719451
0.672305
0.672305
0.672305
0.672305
0.693152
0.616552
0.701863
0.754972
0.754972
0.754972
0.754972
0.820729
0.777145
0.767605
0.86095
0.877429
0.877429
0.877429
0.840716
0.840716
0.815833
0.854964
0.862426
0.862426
0.862426
0.868353
0.868353
0.868353
0.88662
0.88662
0.88662
0.800479
0.881457
0.906082
0.919237
0.876707
0.876707
0.86246
0.86246
0.86246
0.86246
0.898738
0.898738
0.813987
0.821848
0.839824
0.756658
0.756658
0.822065
0.786621
0.786621
0.726463
0.726463
0.786511
0.838838
0.838838
0.820769
0.765295
0.765295
0.765295
0.821563
0.821563
0.821563
0.821563
0.75799
0.736935
0.829991
0.737261
0.655172
0.697079
0.753831
0.730528
0.705297
0.764111
0.845182
0.781162
0.775536
0.760752
0.737321
0.708309
0.708309
0.79354
0.808112
0.748067
0.794629
0.854485
0.898837
0.898837
0.898837
0.898837
0.898837
0.898837
0.819076
0.811548
0.79665
0.808966
0.808966
0.808966
0.899132
0.88837
0.88837
0.88837
0.83944
0.844797
0.844797
0.844797
0.855456
0.889148
0.889148
0.889148
0.838578
0.836233
0.79498
0.79498
0.763616
0.731993
0.648436
0.620592
0.686075
0.779524
0.848557
0.848557
0.88722
0.90028
0.90028
0.90028
0.889126
0.889126
0.871598
0.869139
0.869139
0.797494
0.797494
0.749768
0.793401
0.773432
0.870992
0.833916
0.824297
0.873987
0.901408
0.933477
0.860443
0.860443
0.860443
0.831017
0.831017
0.900783
0.976509
0.976509
0.910529
0.910529
0.910529
0.869366
0.869366
0.869366
0.928208
0.862103
0.865786
0.917129
0.832863
0.832863
0.832863
0.893851
0.880462
0.880462
0.888584
0.888584
0.888584
0.800824
0.783328
0.783328
0.783328
0.783328
0.806258
0.758983
0.783615
0.849874
0.908578
0.909539
0.832219
0.832219
0.847935
0.843776
0.843776
0.843776
0.847877
0.806018
0.806018
0.806018
0.806018
0.806018
0.824367
0.824367
0.88459
0.858433
0.912078
0.865777
0.865777
0.865777
0.813625
0.813625
0.892051
0.866568
0.831566
0.795423
0.795423
0.839755
0.832419
0.832419
0.743402
0.743402
0.743402
0.743402
0.789903
0.761564
0.761564
0.711491
0.716409
0.671177
0.611257
0.611257
0.611257
0.578502
0.666117
0.666117
0.662671
0.665533
0.665533
0.604148
0.604148
0.604148
0.604148
0.551126
0.543882
0.543882
0.543882
0.61108
0.610879
0.593554
0.581894
0.581894
0.66819
0.651153
0.675526
0.675329
0.661897
0.661897
0.719155
0.719155
0.675192
0.675192
0.696373
0.744119
0.801469
0.758711
0.791751
0.791751
0.770088
0.746477
0.692181
0.692181
0.760572
0.830184
0.830184
0.879465
0.823644
0.847626
0.836351
0.81174
0.765888
0.686196
0.686196
0.628828
0.603365
0.569063
0.577566
0.577566
0.57502
0.638638
0.657551
0.657551
0.700752
0.700752
0.681213
0.671458
0.671458
0.671458
0.636276
0.636276
0.636276
0.703315
0.640182
0.640182
0.703856
0.703856
0.703856
0.74316
0.698909
0.698909
0.629871
0.629871
0.652481
0.65157
0.694499
0.731702
0.731702
0.703915
0.765964
0.765964
0.765964
0.724301
0.723618
0.801238
0.801238
0.801238
0.801238
0.858616
0.858616
0.91153
0.912776
0.912776
0.85061
0.826448
0.826448
0.831545
0.831545
0.831545
0.850708
0.850708
0.850708
0.850708
0.816212
0.730699
0.749832
0.800938
0.800938
0.82846
0.771514
0.757043
0.757043
0.759203
0.759203
0.759203
0.802172
0.786284
0.803619
0.724999
0.805967
0.805967
0.774279
0.713947
0.713947
0.798697
0.813498
0.813498
0.813498
0.748845
0.748845
0.748845
0.83353
0.83353
0.821057
0.747239
0.668116
0.627138
0.627138
0.627138
0.627138
0.627138
0.627138
0.627138
0.649174
0.649174
0.683189
0.750536
0.671608
0.755326
0.755326
0.780845
0.754752
0.76358
0.76358
0.76358
0.76358
0.824515
0.824515
0.791918
0.87213
0.833376
0.833376
0.833376
0.833376
0.833376
0.833376
0.803685
0.803685
0.833236
0.833236
0.775986
0.737161
0.737161
0.814363
0.765493
0.749447
0.796701
0.796701
0.846357
0.858255
0.868431
0.868431
0.868431
0.868428
0.868428
0.868428
0.834568
0.789768
0.728877
0.728877
0.713719
0.787124
0.835261
0.781044
0.791427
0.791427
0.742118
0.744338
0.737225
0.771221
0.771221
0.835322
0.888611
0.823762
0.823762
0.77233
0.816903
0.816903
0.816903
0.816903
0.816903
0.872149
0.805417
0.78163
0.721149
0.742851
0.828734
0.828734
0.771455
0.769066
0.728297
0.783588
0.776057
0.756255
0.684684
0.684684
0.743294
0.743294
0.69505
0.751572
0.760126
0.836785
0.757386
0.752135
0.728974
0.814008
0.814008
0.814008
0.837991
0.837991
0.884765
0.884765
0.806095
0.806095
0.782708
0.782708
0.807352
0.724253
0.685254
0.685254
0.685254
0.685254
0.675062
0.665446
0.726418
0.760038
0.760038
0.760038
0.737172
0.672935
0.654899
0.60403
0.645062
0.655076
0.672108
0.672108
0.744851
0.744851
0.760404
0.760404
0.824083
0.824083
0.905266
0.905266
0.905266
0.905266
0.915946
0.915946
0.915946
0.956996
0.958759
0.958759
0.893383
0.867056
0.787446
0.787446
0.736005
0.736005
0.757038
0.783119
0.783119
0.783119
0.783119
0.783119
0.783119
0.827318
0.827318
0.777684
0.7987
0.763146
0.763146
0.763146
0.763146
0.763146
0.763146
0.7992
0.7992
0.7992
0.7992
0.7992
0.813182
0.813182
0.813182
0.805961
0.805961
0.805961
0.717196
0.690471
0.690471
0.690471
0.690471
0.698921
0.698921
0.698921
0.699049
0.696083
0.695085
0.782723
0.782723
0.782723
0.748454
0.748454
0.805242
0.866238
0.866238
0.836472
0.849732
0.823778
0.794267
0.821748
0.821748
0.821748
0.821748
0.821748
0.781629
0.735565
0.712361
0.732784
0.831995
0.831995
0.849096
0.831581
0.884701
0.884701
0.883203
0.883203
0.91572
0.91572
0.91572
0.91572
0.846311
0.846311
0.846311
0.846311
0.833652
0.752125
0.723008
0.723008
0.723008
0.723008
0.813176
0.813176
0.813176
0.783599
0.799257
0.789153
0.789153
0.789153
0.842286
0.841468
0.841468
0.841468
0.843533
0.890356
0.890356
0.813986
0.770763
0.770615
0.770615
0.748039
0.807184
0.807184
0.740441
0.740441
0.740441
0.740441
0.740441
0.740441
0.740441
0.740441
0.744571
0.744571
0.767833
0.767833
0.767833
0.728462
0.728462
0.728462
0.728462
0.728462
0.718557
0.7657
0.779014
0.779014
0.760247
0.760247
0.760247
0.81364
0.81364
0.790982
0.778422
0.740172
0.732728
0.732728
0.740689
0.699061
0.692713
0.696963
0.696963
0.769989
0.769989
0.769989
0.769989
0.801406
0.801406
0.799052
0.799052
0.799052
0.779726
0.764983
0.73425
0.676069
0.676069
0.678503
0.67805
0.67805
0.748757
0.662882
0.622243
0.646961
0.646961
0.646961
0.599246
0.6282
0.6282
0.6282
0.6282
0.6282
0.6282
0.6282
0.6282
0.701581
0.701581
0.701581
0.745948
0.75513
0.75513
0.75513
0.75513
0.75513
0.790272
0.826158
0.841695
0.841695
0.841695
0.841695
0.776512
0.776512
0.776512
0.776512
0.776512
0.830634
0.830634
0.825648
0.862424
0.846369
0.815369
0.815369
0.815369
0.815369
0.815369
0.884544
0.83717
0.83717
0.83717
0.83717
0.831517
0.87636
0.87636
0.900119
0.884006
0.794177
0.794177
0.794177
0.794177
0.794177
0.811827
0.80438
0.800688
0.724129
0.724129
0.724129
0.732756
0.693949
0.683887
0.683887
0.683887
0.683887
0.715026
0.715026
0.662601
0.685334
0.685334
0.703462
0.798769
0.726343
0.689718
0.736683
0.736683
0.736683
0.736683
0.674595
0.674595
0.696692
0.761828
0.740264
0.707778
0.707778
0.798311
0.798311
0.809831
0.809831
0.809831
0.809831
0.809831
0.809831
0.836055
0.836055
0.836055
0.782839
0.782839
0.796742
0.842802
0.842802
0.842802
0.842802
0.842802
0.842802
0.842802
0.830482
0.830482
0.820836
0.877145
0.826407
0.757864
0.757864
0.72341
0.737421
0.737421
0.737421
0.737421
0.719067
0.719067
0.719067
0.719067
0.719067
0.704583
0.690201
0.72753
0.735733
0.735733
0.729361
0.75695
0.75695
0.75695
0.694568
0.694568
0.694568
0.708439
0.743651
0.743651
0.743651
0.743651
0.743059
0.743059
0.782527
0.782527
0.781144
0.781144
0.747573
0.747573
0.747573
0.762732
0.841485
0.770429
0.770429
0.743388
0.743388
0.709616
0.742633
0.718946
0.783168
0.840836
0.749234
0.749234
0.825792
0.825792
0.825792
0.825792
0.875128
0.875128
0.875128
0.875128
0.890576
0.890576
0.890576
0.88319
0.900734
0.927685
0.941712
0.941712
0.941712
0.941712
0.941712
0.941712
0.941712
0.941712
0.849281
0.849281
0.849281
0.849281
0.849281
0.849281
0.849281
0.849281
0.804577
0.804577
0.75524
0.779667
0.779667
0.779667
0.801208
0.801208
0.801208
0.801208
0.76639
0.747639
0.747639
0.747639
0.747639
0.747639
0.709517
0.722925
0.726011
0.726011
0.740928
0.753166
0.753166
0.753166
0.752721
0.752721
0.752721
0.731607
0.798559
0.798559
0.798559
0.798559
0.798559
0.759637
0.759637
0.759637
0.759637
0.759637
0.829955
0.862401
0.862401
0.862401
0.862401
0.862401
0.786445
0.790954
0.790954
0.821639
0.821639
0.798366
0.716025
0.716025
0.684223
0.684223
0.73018
0.718578
0.718578
0.718578
0.684023
0.684023
0.749239
0.749239
0.749239
0.749239
0.749239
0.749239
0.798531
0.723444
0.776244
0.776244
0.796133
0.796133
0.819062
0.750444
0.715346
0.715346
0.715346
0.720318
0.738811
0.738811
0.738811
0.738811
0.793774
0.793774
0.793774
0.803648
0.803648
0.718245
0.761574
0.761574
0.761574
0.849301
0.849301
0.849301
0.788178
0.788178
0.741465
0.741465
0.788117
0.788117
0.789919
0.789919
0.789919
0.789919
0.789919
0.789919
0.789919
0.789919
0.789919
0.789919
0.794893
0.794893
0.794893
0.755128
0.755128
0.755128
0.755128
0.755128
0.755128
0.755128
0.779737
0.818235
0.818235
0.818235
0.818235
0.759553
0.759553
0.759553
0.759553
0.759553
0.759553
0.816391
0.857163
0.821478
0.821478
0.735049
0.735049
0.798708
0.798708
0.798708
0.798708
0.798708
0.798708
0.867988
0.867988
0.867988
0.867988
0.867988
0.867988
0.867988
0.88345
0.840988
0.840988
0.831374
0.739594
0.746818
0.758283
0.758283
0.836775
0.836775
0.812996
0.812996
0.812996
0.812996
0.812996
0.812996
0.812996
0.812996
0.764037
0.764037
0.816176
0.816176
0.816176
0.816176
0.832941
0.838062
0.838062
0.838062
0.811036
0.817583
0.817583
0.770348
0.770348
0.741493
0.741493
0.741493
0.741493
0.741493
0.741493
0.784372
0.784372
0.745743
0.745743
0.745743
0.745743
0.822463
0.822463
0.822463
0.853893
0.853893
0.853893
0.853935
0.853935
0.790354
0.820869
0.820869
0.820869
0.820869
0.767803
0.767803
0.767803
0.767803
0.767803
0.767803
0.767803
0.767803
0.767803
0.767803
0.767803
0.767803
0.767803
0.767803
0.767803
0.843658
0.902557
0.902557
0.902557
0.811928
0.812335
0.812335
0.812335
0.812335
0.812335
0.812335
0.812335
0.812335
0.812335
0.812335
0.812335
0.812335
0.771383
0.771383
0.771383
0.771383
0.771383
0.771383
0.773503
0.773503
0.773503
0.773503
0.773503
0.827316
0.827316
0.827316
0.806438
0.806438
0.806438
0.806438
0.845445
0.845445
0.845445
0.803053
0.803053
0.837742
0.837742
0.782702
0.782702
0.782702
0.782702
0.782702
0.782702
0.846085
0.842448
0.808853
0.808853
0.808853
0.808853
0.830018
0.830018
0.761586
0.761586
0.761586
0.761586
0.761586
0.765771
0.765771
0.808234
0.866578
0.846896
0.775764
0.775764
0.775764
0.814947
0.814947
0.814947
0.814947
0.814947
0.814947
0.814947
0.799284
0.799284
0.799284
0.799284
0.799284
0.799284
0.745595
0.818427
0.81991
0.81991
0.81991
0.81991
0.81991
0.81991
0.81991
0.81991
0.81991
0.81991
0.81991
0.81991
0.81991
0.81991
0.780684
0.780684
0.780684
0.780684
0.780684
0.780684
0.745983
0.745983
0.807352
0.807352
0.807352
0.794293
0.794293
0.794293
0.794293
0.786168
0.770463
0.817529
0.817529
0.817529
0.817529
0.817529
0.817529
0.817529
0.817529
0.817529
0.817529
0.817529
0.817529
0.817529
0.817529
0.817529
0.817529
0.817529
0.817529
0.817529
0.817529
0.817529
0.817529
0.817529
0.817529
0.817529
0.771287
0.758358
0.758358
0.758358
0.758358
0.758358
0.766392
0.766392
0.733303
0.733303
0.733303
0.733303
0.792698
0.792698
0.779858
0.779858
0.766185
0.766185
0.766185
0.766185
0.766185
0.766185
0.766185
0.766185
0.766185
0.766185
0.858711
0.858711
0.858711
0.858711
0.858711
0.815232
0.841809
0.806508
0.806508
0.806508
0.799871
0.811364
0.811364
0.78334
0.78334
0.813219
0.813219
0.813219
0.791058
0.791058
0.806933
0.806933
0.806933
0.806933
0.806933
0.841389
0.841389
0.841389
0.841389
0.757895
0.757895
0.714465
0.763746
0.763746
0.763746
0.855087
0.855087
0.799645
0.799645
0.744189
0.712303
0.712303
0.785448
0.785448
0.783919
0.788476
0.788476
0.794439
0.794439
0.794439
0.794439
0.794439
0.794439
0.794439
0.794439
0.794439
0.794439
0.794439
0.743432
0.743432
0.77941
0.77941
0.77941
0.752677
0.752677
0.779405
0.779405
0.765158
0.728494
0.728494
0.728494
0.728494
0.728494
0.728494
0.728494
0.798509
0.798509
0.798509
0.798509
0.798509
0.798509
0.798509
0.798509
0.798509
0.798509
0.798509
0.798509
0.798509
0.798509
0.798509
0.798509
0.798509
0.798509
0.798509
0.798509
0.798509
0.798509
0.798509
0.798509
0.798509
0.798509
0.801901
0.801901
0.801901
0.801901
0.868807
0.822711
0.740927
0.740927
0.740927
0.748187
0.748187
0.761676
0.761676
0.761676
0.859781
0.859781
0.781331
0.781331
0.781331
0.781331
0.781331
0.757125
0.757125
0.757125
0.757125
0.757125
0.837043
0.837043
0.837043
0.837043
0.837043
0.837043
0.800646
0.800646
0.800646
0.781656
0.849034
0.849034
0.849034
0.849034
0.849034
0.849034
0.804267
0.804267
0.804267
0.804267
0.804267
0.804267
0.721892
0.721892
0.749141
0.772179
0.772179
0.772179
0.772179
0.772179
0.772179
0.772179
0.757308
0.757308
0.788106
0.788106
0.788106
0.799788
0.799788
0.799788
0.824052
0.824052
0.824052
0.824052
0.830249
0.830249
0.830249
0.830249
0.830249
0.790493
0.854372
0.854372
0.854372
0.84842
0.84842
0.84842
0.84842
0.84842
0.84842
0.84842
0.84842
0.84842
0.84842
0.84842
0.84842
0.84842
0.84842
0.84842
0.791254
0.791254
0.791254
0.791254
0.791254
0.791254
0.791254
0.791254
0.791254
0.791254
0.791254
0.791254
0.791254
0.791254
0.791254
0.791254
0.818005
0.818005
0.818005
0.791724
0.791724
0.791724
0.796172
0.748837
0.748837
0.803409
0.815392
0.786901
0.786901
0.786901
0.736377
0.807776
0.822826
0.771599
0.755793
0.755793
0.755793
0.755793
0.806775
0.844221
0.781879
0.781879
0.781879
0.780282
0.780782
0.780782
0.780782
0.780782
0.827578
0.827578
0.827578
0.74567
0.808861
0.890969
0.857421
0.857421
0.820882
0.825231
0.825231
0.825231
0.781786
0.778384
0.778384
0.778384
0.778384
0.778384
0.784762
0.784762
0.733922
0.733922
0.733922
0.709348
0.709348
0.709348
0.805208
0.835376
0.835376
0.835376
0.835376
0.795161
0.795161
0.795161
0.795161
0.876028
0.876028
0.876028
0.876028
0.876028
0.876028
0.792925
0.792925
0.792925
0.798565
0.798565
0.798565
0.798565
0.779932
0.779932
0.779932
0.779932
0.851047
0.764831
0.764831
0.817055
0.787986
0.787986
0.805122
0.805122
0.805122
0.805122
0.805122
0.861025
0.861025
0.843534
0.781195
0.781195
0.771577
0.858982
0.858982
0.858982
0.858982
0.87832
0.791045
0.791045
0.791045
0.845255
0.845255
0.845255
0.789931
0.789931
0.789931
0.789931
0.789931
0.789931
0.789931
0.778874
0.778874
0.827295
0.827295
0.827295
0.827295
0.840488
0.840488
0.840488
0.840488
0.754148
0.754148
0.754586
0.754586
0.754586
0.797172
0.795576
0.827375
0.827375
0.827375
0.827375
0.827375
0.766573
0.766573
0.769677
0.769677
0.769677
0.769677
0.815868
0.76958
0.76958
0.758295
0.737689
0.737689
0.737689
0.820406
0.820406
0.84956
0.808006
0.810265
0.78449
0.723254
0.763282
0.781526
0.781526
0.781526
0.721113
0.721113
0.803399
0.803399
0.803399
0.803399
0.82211
0.82211
0.756974
0.756974
0.756974
0.809002
0.809002
0.809002
0.809002
0.809002
0.809002
0.809002
0.836643
0.836643
0.836643
0.794717
0.794717
0.794717
0.794717
0.794717
0.794717
0.780108
0.802001
0.802001
0.802001
0.802001
0.802001
0.802001
0.802001
0.802001
0.802001
0.802001
0.802001
0.802001
0.802001
0.802001
0.802001
0.802001
0.802001
0.811175
0.811175
0.741594
0.827735
0.827735
0.777827
0.777827
0.822124
0.822124
0.822124
0.822124
0.822124
0.82824
0.82824
0.732692
0.732692
0.732692
0.732692
0.732692
0.732692
0.816766
0.816766
0.816766
0.822822
0.786214
0.786214
0.846368
0.809472
0.829639
0.855775
0.855775
0.764837
0.764837
0.764837
0.764837
0.764837
0.764837
0.764837
0.764837
0.764837
0.764837
0.802085
0.802085
0.878765
0.878765
0.863793
0.826015
0.786702
0.786702
0.786702
0.786702
0.786702
0.786702
0.786702
0.786702
0.786702
0.786702
0.786702
0.786702
0.748786
0.79665
0.80991
0.80991
0.80991
0.80991
0.80991
0.80991
0.80991
0.80991
0.80991
0.80991
0.80991
0.80991
0.80991
0.80991
0.741133
0.779874
0.779874
0.779874
0.779874
0.766447
0.75228
0.729279
0.729279
0.744214
0.744214
0.744214
0.744214
0.738906
0.738906
0.738906
0.738906
0.824127
0.824127
0.824127
0.824127
0.824127
0.824127
0.789743
0.789743
0.78223
0.78223
0.78223
0.78223
0.78223
0.78223
0.78223
0.78223
0.787119
0.787119
0.787119
0.787119
0.767565
0.834509
0.748618
0.748618
0.748618
0.732144
0.789518
0.789518
0.789518
0.789518
0.821902
0.821902
0.784098
0.78365
0.837595
0.837595
0.837595
0.837595
0.837595
0.837595
0.837595
0.837595
0.837595
0.788662
0.816418
0.804447
0.804447
0.804447
0.804447
0.804447
0.804447
0.77265
0.777792
0.785656
0.785656
0.785656
0.785656
0.785656
0.785656
0.785656
0.785656
0.785656
0.785656
0.785656
0.798277
0.798277
0.798277
0.798277
0.798277
0.798277
0.798277
0.798277
0.798277
0.73755
0.73755
0.73755
0.73755
0.73755
0.73755
0.73755
0.73755
0.814685
0.814685
0.814685
0.814685
0.814685
0.776528
0.793345
0.759112
0.759112
0.759112
0.759112
0.736262
0.741543
0.741543
0.741543
0.818367
0.818367
0.818367
0.818367
0.790921
0.790921
0.790921
0.806565
0.806565
0.806565
0.806565
0.887647
0.887647
0.887647
0.823188
0.823188
0.847916
0.827386
0.802811
0.802811
0.830064
0.830064
0.811128
0.852558
0.852558
0.852558
0.852558
0.852558
0.852558
0.810249
0.810249
0.810249
0.810249
0.810249
0.810249
0.858779
0.858779
0.858779
0.858779
0.877434
0.877434
0.825856
0.772965
0.772965
0.772965
0.745482
0.745482
0.745482
0.813603
0.73352
0.755767
0.755767
0.755436
0.78798
0.78798
0.78798
0.79388
0.79388
0.79388
0.79388
0.821006
0.821006
0.821006
0.790117
0.790117
0.790117
0.761749
0.761749
0.761749
0.766268
0.786932
0.786932
0.786932
0.786932
0.786932
0.786932
0.786932
0.831879
0.803471
0.75788
0.838107
0.811149
0.811149
0.811149
0.753063
0.804387
0.804387
0.804387
0.804387
0.804387
0.804387
0.788657
0.788657
0.788657
0.788657
0.788657
0.788657
0.788657
0.788657
0.788657
0.788657
0.788657
0.776765
0.776765
0.776765
0.776765
0.776765
0.776765
0.776765
0.776765
0.776765
0.85055
0.85055
0.85055
0.85055
0.85055
0.790443
0.790443
0.813297
0.813297
0.813297
0.813297
0.763728
0.763728
0.763728
0.763728
0.763728
0.763728
0.763728
0.763728
0.763728
0.763728
0.763728
0.763728
0.763728
0.820012
0.820012
0.820012
0.863331
0.863331
0.863331
0.863331
0.863331
0.863331
0.863331
0.793626
0.769818
0.741833
0.734776
0.763847
0.763847
0.763847
0.763847
0.826456
0.826456
0.826456
0.826456
0.826456
0.826456
0.826456
0.826456
0.826456
0.826456
0.749991
0.749991
0.749991
0.794117
0.75585
0.75585
0.75585
0.750809
0.750809
0.78186
0.799381
0.799381
0.799381
0.777377
0.777377
0.777377
0.766085
0.766085
0.766085
0.766085
0.766085
0.766085
0.766085
0.798062
0.798062
0.798062
0.798062
0.798062
0.798062
0.798062
0.798062
0.798062
0.798062
0.798062
0.798062
0.798062
0.798062
0.798062
0.798062
0.798062
0.798062
0.798062
0.798062
0.798062
0.798062
0.846777
0.846777
0.846777
0.846777
0.846777
0.80222
0.80222
0.84631
0.760107
0.774626
0.807559
0.776418
0.776418
0.828733
0.828733
0.828733
0.844046
0.844046
0.844046
0.796649
0.786284
0.786284
0.786284
0.786284
0.786284
0.786284
0.786284
0.786284
0.723381
0.822009
0.822009
0.822009
0.822009
0.822009
0.822009
0.822009
0.822009
0.822009
0.822009
0.822009
0.822009
0.822009
0.822009
0.822009
0.822009
0.764534
0.764534
0.764534
0.764534
0.764534
0.764534
0.764534
0.801935
0.801935
0.807027
0.754536
0.811245
0.811245
0.811245
0.811245
0.811245
0.811245
0.811245
0.811245
0.811245
0.811245
0.819763
0.819763
0.819763
0.819763
0.819763
0.819763
0.819763
0.819763
0.819763
0.819763
0.819763
0.819763
0.819763
0.788211
0.788211
0.788211
0.788211
0.788211
0.788211
0.817598
0.817598
0.817598
0.817598
0.817598
0.817598
0.817598
0.817598
0.817598
0.817598
0.803233
0.775461
0.775461
0.775461
0.788446
0.788446
0.788446
0.788446
0.788446
0.788446
0.813822
0.813822
0.813822
0.775632
0.754921
0.754921
0.754921
0.814273
0.814273
0.814273
0.814273
0.814273
0.814273
0.814273
0.814273
0.814273
0.814273
0.814273
0.814273
0.811277
0.811277
0.811277
0.811277
0.811277
0.811277
0.811277
0.811277
0.811277
0.811277
0.811277
0.811277
0.811277
0.796168
0.796168
0.796168
0.796168
0.796168
0.79973
0.79973
0.79973
0.79973
0.809757
0.809757
0.809757
0.809757
0.823067
0.823067
0.823067
0.823067
0.823067
0.823067
0.737168
0.737168
0.790156
0.790156
0.790156
0.790156
0.751421
0.779959
0.779959
0.779959
0.779959
0.779959
0.779959
0.779959
0.779959
0.779959
0.779959
0.779959
0.779959
0.779959
0.779959
0.779959
0.779959
0.779959
0.779959
0.779959
0.779959
0.779959
0.779959
0.779959
0.779959
0.786997
0.784523
0.784523
0.784523
0.792859
0.785795
0.785795
0.785795
0.785795
0.785795
0.785795
0.785795
0.785795
0.785795
0.785795
0.785795
0.785795
0.831952
0.775804
0.775804
0.828992
0.828992
0.828992
0.828992
0.817513
0.817513
0.817513
0.817513
0.817513
0.817513
0.817513
0.817513
0.817513
0.817513
0.817513
0.817513
0.817513
0.817513
0.817513
0.855498
0.855498
0.855498
0.855498
0.855498
0.855498
0.855498
0.855498
0.855498
0.855498
0.855498
0.855498
0.825383
0.825383
0.825383
0.825383
0.825383
0.825383
0.825383
0.769088
0.769088
0.801629
0.801629
0.801629
0.801629
0.801629
0.801629
0.801629
0.801629
0.801629
0.801629
0.801629
0.801629
0.801629
0.801629
0.801629
0.773937
0.773937
0.773937
0.773937
0.773937
0.818291
0.861747
0.861747
0.861747
0.819537
0.819537
0.771005
0.771005
0.771005
0.771005
0.786966
0.786966
0.786966
0.786966
0.786966
0.806223
0.806223
0.757189
0.757189
0.757189
0.763166
0.763166
0.763166
0.763166
0.763166
0.763166
0.763166
0.763166
0.763166
0.763166
0.763166
0.763166
0.763166
0.763166
0.763166
0.789644
0.789644
0.789644
0.789644
0.789644
0.789644
0.789644
0.789644
0.789644
0.789644
0.789644
0.789644
0.789644
0.789644
0.718804
0.718804
0.718804
0.745085
0.745085
0.745085
0.820241
0.820241
0.828322
0.76429
0.76429
0.76429
0.796248
0.738498
0.787779
0.786423
0.786423
0.786423
0.786423
0.786423
0.786423
0.786423
0.786423
0.786423
0.786423
0.786423
0.786423
0.786423
0.786423
0.786423
0.786423
0.77794
0.77794
0.77794
0.77794
0.77794
0.77794
0.77794
0.77794
0.77794
0.841549
0.776415
0.783666
0.783666
0.783666
0.783666
0.783666
0.783666
0.828157
0.828157
0.827494
0.827494
0.827494
0.827494
0.827494
0.774041
0.774041
0.774041
0.774041
0.774041
0.774041
0.774041
0.831551
0.831551
0.831551
0.831551
0.831551
0.831551
0.831551
0.831551
0.831551
0.831551
0.831551
0.831551
0.831551
0.831551
0.827468
0.827468
0.803813
0.803813
0.760095
0.760095
0.760095
0.760095
0.760095
0.760095
0.760095
0.760095
0.760095
0.760095
0.760095
0.760095
0.760095
0.777743
0.777743
0.777743
0.777743
0.777743
0.777743
0.777743
0.777743
0.777743
0.777743
0.777743
0.777743
0.777743
0.777743
0.777743
0.777743
0.777743
0.777743
0.777743
0.777743
0.787855
0.787855
0.787855
0.787855
0.787855
0.787855
0.84138
0.84138
0.84138
0.805413
0.805413
0.805413
0.809434
0.809434
0.809434
0.809434
0.809434
0.809434
0.809434
0.809434
0.809434
0.809434
0.809434
0.809434
0.809434
0.809434
0.809434
0.809434
0.809434
0.809434
0.809434
0.809434
0.809434
0.809434
0.809434
0.809434
0.809434
0.795806
0.795806
0.795806
0.795806
0.795806
0.819409
0.819409
0.803167
0.803167
0.803167
0.803167
0.803167
0.803167
0.803167
0.803167
0.803167
0.803167
0.825901
0.825901
0.825901
0.825901
0.825901
0.825901
0.825901
0.825901
0.825901
0.825901
0.825901
0.825901
0.811654
0.811654
0.811654
0.811654
0.811654
0.811654
0.811654
0.811654
0.811654
0.811654
0.811654
0.811654
0.811654
0.811654
0.811654
0.811654
0.811654
0.811654
0.811654
0.811654
0.811654
0.811654
0.811654
0.811654
0.811654
0.811654
0.811654
0.811654
0.828984
0.828984
0.828984
0.818611
0.818611
0.818611
0.818611
0.818611
0.818611
0.818611
0.818611
0.818611
0.818611
0.818611
0.818611
0.818611
0.760134
0.760134
0.760134
0.760134
0.760134
0.760134
0.760134
0.760134
0.763032
0.763032
0.763032
0.763032
0.763032
0.763032
0.763032
0.843607
0.801311
0.801311
0.801311
0.801311
0.801311
0.801311
0.801311
0.801311
0.801311
0.801311
0.801311
0.801311
0.801311
0.788539
0.788539
0.788539
0.788539
0.788539
0.788539
0.788539
0.788539
0.788539
0.788539
0.788539
0.788539
0.788539
0.788539
0.788539
0.788539
0.762742
0.816802
0.816802
0.813399
0.818679
0.818679
0.818679
0.818679
0.818679
0.818679
0.818679
0.818679
0.818679
0.818679
0.818679
0.818679
0.818679
0.818679
0.818679
0.818679
0.818679
0.818679
0.818679
0.818679
0.818679
0.824627
0.824627
0.824627
0.824627
0.824627
0.824627
0.824627
0.824627
0.824627
0.824627
0.824627
0.824627
0.824627
0.824627
0.824627
0.824627
0.807183
0.807183
0.807104
0.807104
0.807104
0.807031
0.807031
0.807031
0.807031
0.807031
0.807031
0.807031
0.807031
0.807031
0.807031
0.807031
0.807031
0.807031
0.807031
0.807031
0.807031
0.807031
0.807031
0.807031
0.807031
0.807031
0.807031
0.807031
0.807031
0.807031
0.807031
0.807031
0.807031
0.795597
0.795597
0.795597
0.795597
0.82495
0.82495
0.82495
0.82495
0.777426
0.777426
0.777426
0.777426
0.798648
0.798648
0.798648
0.798648
0.798648
0.798648
0.798648
0.798648
0.798648
0.798648
0.798648
0.779214
0.779214
0.779214
0.779214
0.779214
0.779214
0.779214
0.779214
0.793566
0.793566
0.783342
0.783342
0.783342
0.783342
0.783342
0.783342
0.783342
0.783342
0.783342
0.783342
0.783342
0.783342
0.783342
0.783342
0.783342
0.783342
0.783342
0.783342
0.783342
0.783342
0.783342
0.783342
0.783342
0.783342
0.783342
0.783342
0.783342
0.783342
0.783342
0.783342
0.783342
0.783342
0.783342
0.783342
0.783342
0.783342
0.783342
0.783342
0.783342
0.783342
0.783342
0.783342
0.783342
0.783342
0.783342
0.783342
0.783342
0.783342
0.783342
0.817623
0.817623
0.817623
0.817623
0.778273
0.778273
0.778273
0.778273
0.778273
0.780352
0.801884
0.801884
0.801884
0.801884
0.789931
0.789931
0.789931
0.789931
0.789931
0.789931
0.789931
0.789931
0.789931
0.789931
0.789931
0.789931
0.789931
0.789931
0.789931
0.789931
0.789931
0.789931
0.789931
0.789931
0.789931
0.789931
0.789931
0.808022
0.808022
0.808022
0.785897
0.847917
0.847917
0.847917
0.847917
0.847917
0.847917
0.847917
0.847917
0.847917
0.847917
0.847917
0.847917
0.847917
0.847917
0.847917
0.847917
0.847917
0.847917
0.847917
0.847917
0.847917
0.847917
0.847917
0.847917
0.847917
0.847917
0.847917
0.847917
0.847917
0.847917
0.847917
0.847917
0.847917
0.847917
0.847917
0.847917
0.847917
0.847917
0.847917
0.847917
0.847917
0.769801
0.769801
0.769801
0.769801
0.769801
0.814246
0.814246
0.814246
0.826112
0.826112
0.826112
0.826112
0.826112
0.826112
0.826112
0.807992
0.807992
0.807992
0.807992
0.807992
0.807992
0.807992
0.807992
0.807992
0.807992
0.807992
0.807992
0.807992
0.807992
0.807992
0.807992
0.807992
0.807992
0.807992
0.807992
0.807992
0.807992
0.807992
0.807992
0.807992
0.807992
0.807992
0.807992
0.807992
0.807992
0.807992
0.807992
0.807992
0.77475
0.77475
0.77475
0.77475
0.77475
0.77475
0.77475
0.77475
0.77475
0.77475
0.77475
0.77475
0.77475
0.77475
0.77475
0.77475
0.77475
0.77475
0.77475
0.77475
0.77475
0.77475
0.77475
0.77475
0.77475
0.834973
0.834973
0.834973
0.779055
0.779055
0.779055
0.779055
0.779055
0.779055
0.779055
0.779055
0.779055
0.779055
0.779055
0.779055
0.779055
0.779055
0.779055
0.779055
0.779055
0.779055
0.779055
0.779055
0.779055
0.779055
0.779055
0.779055
0.779055
0.773163
0.773163
0.773163
0.773163
0.773163
0.773163
0.773163
0.76251
0.76251
0.76251
0.76251
0.76251
0.76251
0.76251
0.76251
0.76251
0.76251
0.76251
0.76251
0.76251
0.76251
0.76251
0.76251
0.76251
0.76251
0.76251
0.76251
0.76251
0.801554
0.801554
0.801554
0.801554
0.801554
0.801554
0.801554
0.801554
0.801554
0.801554
0.801554
0.801554
0.801554
0.801554
0.801554
0.801554
0.801554
0.801554
0.801554
0.801554
0.801554
0.801554
0.801554
0.801554
0.801554
0.801554
0.801554
0.801554
0.801554
0.801554
0.801554
0.801554
0.801554
0.801554
0.801554
0.802744
0.802744
0.802744
0.802744
0.802744
0.802744
0.802744
0.802744
0.802744
0.802744
0.802744
0.802744
0.802744
0.802744
0.802744
0.802744
0.802744
0.802744
0.802744
0.79326
0.79326
0.79326
0.79326
0.79326
0.79326
0.79326
0.79326
0.79326
0.79326
0.79326
0.79326
0.79326
0.820137
0.820137
0.820137
0.820137
0.820137
0.820137
0.820137
0.820137
0.820137
0.820137
0.820137
0.820137
0.820137
0.820137
0.820137
0.820137
0.820539
0.820539
0.820539
0.820539
0.820539
0.820539
0.820539
0.820539
0.820539
0.820539
0.820539
0.820539
0.820539
0.820539
0.820539
0.820539
0.820539
0.820539
0.820539
0.820539
0.820539
0.820539
0.820539
0.820539
0.820539
0.820539
0.820539
0.824164
0.824164
0.824164
0.824164
0.824164
0.79167
0.79167
0.81105
0.81105
0.81105
0.81105
0.81105
0.81105
0.81105
0.81105
0.81105
0.81105
0.81105
0.81105
0.81105
0.81105
0.81105
0.81105
0.792992
0.811015
0.811015
0.811015
0.811015
0.811015
0.811015
0.811015
0.811015
0.811015
0.811015
0.811015
0.811015
0.811015
0.811015
0.811015
0.811015
0.811015
0.811015
0.811015
0.811015
0.811015
0.811015
0.811015
0.811015
0.811015
0.811015
0.811015
0.811015
0.811015
0.811015
0.811015
0.811015
0.811015
0.820722
0.820722
0.820722
0.820722
0.820722
0.820722
0.820722
0.820722
0.79198
0.79198
0.79198
0.79198
0.79198
0.79198
0.79198
0.79198
0.79198
0.79198
0.79198
0.79198
0.79198
0.79198
0.79198
0.79198
0.79198
0.79198
0.79198
0.79198
0.79198
0.79198
0.79198
0.79198
0.79198
0.79198
0.79198
0.79198
0.79198
0.79198
0.79198
0.79198
0.79198
0.79198
0.79198
0.79198
0.79198
0.79198
0.79198
0.79198
0.79198
0.79198
0.79198
0.79198
0.79198
0.79198
0.79198
0.79198
0.79198
0.807194
0.807194
0.807194
0.807194
0.807194
0.807194
0.807194
0.807194
0.807194
0.807194
0.807194
0.807194
0.807194
0.807194
0.807194
0.807194
0.807194
0.807194
0.807194
0.807194
0.807194
0.807194
0.807194
0.807194
0.807194
0.807194
0.807194
0.807194
0.807194
0.807194
0.807194
0.807194
0.807194
0.807194
0.807194
0.807194
0.807194
0.807194
0.807194
0.807194
0.807194
0.807194
0.807194
0.807194
0.807194
0.807194
0.807194
0.807194
0.807194
0.807194
0.807194
0.807194
0.807194
0.807194
0.807194
0.807194
0.807194
0.807194
0.807194
0.807194
0.807194
0.807194
0.807194
0.807194
0.807194
0.807194
0.807194
0.807194
0.807194
0.807194
0.807194
0.807194
0.807194
0.807194
0.807194
0.807194
0.807194
0.807194
0.807194
0.807194
0.807194
0.807194
0.807194
0.807194
0.77255
0.77255
0.77255
0.77255
0.77255
0.77255
0.77255
0.77255
0.77255
0.77255
0.77255
0.77255
0.77255
0.77255
0.813578
0.813578
0.813578
0.813578
0.813578
0.813578
0.813578
0.773897
0.773897
0.773897
0.773897
0.773897
0.816958
0.816958
0.816958
0.816958
0.816958
0.816958
0.816958
0.816958
0.816958
0.816958
0.816958
0.816958
0.816958
0.808518
0.808518
0.808518
0.808518
0.808518
0.808518
0.808518
0.808518
0.808518
0.808518
0.808518
0.808518
0.808518
0.808518
0.805342
0.805342
0.805342
0.805342
0.805342
0.805342
0.805342
0.805342
0.805342
0.805342
0.805342
0.805342
0.805342
0.805342
0.789502
0.789502
0.789502
0.789502
0.789502
0.789502
0.789502
0.789502
0.789502
0.789502
0.789502
0.789502
0.789502
0.789502
0.789502
0.789502
0.789502
0.789502
0.789502
0.789502
0.789502
0.789502
0.789502
0.789502
0.789502
0.789502
0.789502
0.789502
0.789502
0.789502
0.790493
0.790493
0.790493
0.790493
0.790493
0.790493
0.790493
0.790493
0.790493
0.790493
0.790493
0.790493
0.790493
0.790493
0.790493
0.790493
0.790493
0.790493
0.790493
0.790493
0.790493
0.790493
0.790493
0.790493
0.790493
0.790493
0.790493
0.790493
0.790493
0.790493
0.790493
0.790493
0.790493
0.790493
0.790493
0.790493
0.790493
0.790493
0.790493
0.790493
0.790493
0.790493
0.790493
0.790493
0.790493
0.790493
0.790493
0.790493
0.790493
0.790493
0.790493
0.790493
0.790493
0.790493
0.790493
0.790493
0.790493
0.790493
0.790493
0.790493
0.790493
0.790493
0.790493
0.790493
0.790493
0.790493
0.790493
0.790493
0.790493
0.790493
0.790493
0.790493
0.790493
0.790493
0.790493
0.790493
0.790493
0.790493
0.790493
0.790493
0.790493
0.790493
0.790493
0.790493
0.790493
0.790493
0.810507
0.810507
0.810507
0.810507
0.810507
0.810507
0.810507
0.810507
0.76778
0.76778
0.76778
0.76778
0.76778
0.76778
0.781119
0.781119
0.781119
0.781119
0.781119
0.781119
0.817183
0.817183
0.817183
0.817183
0.817183
0.817183
0.817183
0.817183
0.817183
0.774535
0.774535
0.776845
0.776845
0.776845
0.776845
0.776845
0.776845
0.776845
0.776845
0.776845
0.776845
0.776845
0.776845
0.776845
0.776845
0.776845
0.776845
0.776845
0.784909
0.784909
0.784909
0.784909
0.784909
0.784909
0.784909
0.784909
0.784909
0.808767
0.808767
0.808767
0.808767
0.808767
0.808767
0.809462
0.809462
0.809462
0.819772
0.819772
0.819772
0.819772
0.819772
0.819772
0.819772
0.819772
0.819772
0.819772
0.819772
0.819772
0.819772
0.819772
0.819772
0.819772
0.819772
0.819772
0.819772
0.819772
0.819772
0.836322
0.836322
0.836322
0.836322
0.836322
0.836322
0.836322
0.836322
0.836322
0.836322
0.836322
0.836322
0.836322
0.836322
0.836322
0.836322
0.836322
0.836322
0.836322
0.836322
0.836322
0.836322
0.836322
0.836322
0.794016
0.794016
0.794016
0.794016
0.794016
0.794016
0.794016
0.794016
0.794016
0.794016
0.794016
0.794016
0.794016
0.794016
0.794016
0.794016
0.794016
0.794016
0.794016
0.794016
0.794016
0.794016
0.794016
0.794016
0.794016
0.794016
0.794016
0.794016
0.794016
0.794016
0.794016
0.794016
0.794016
0.794016
0.794016
0.794016
0.794016
0.794016
0.794016
0.794016
0.794016
0.794016
0.794016
0.794016
0.794016
0.794016
0.794016
0.794016
0.794016
0.794016
0.785481
0.785481
0.785481
0.785481
0.785481
0.785481
0.785481
0.785481
0.785481
0.785481
0.785481
0.785481
0.785481
0.785481
0.785481
0.785481
0.785481
0.795111
0.795111
0.795111
0.795111
0.795111
0.795111
0.795111
0.795111
0.795111
0.795111
0.795111
0.817706
0.817706
0.817706
0.817706
0.817706
0.817706
0.817706
0.817706
0.817706
0.817706
0.817706
0.817706
0.817706
0.817706
0.817706
0.817706
0.817706
0.817706
0.817706
0.817706
0.817706
0.817706
0.817706
0.817706
0.817706
0.817706
0.817706
0.817706
0.817706
0.817706
0.817706
0.817706
0.817706
0.817706
0.817706
0.817706
0.817706
0.817706
0.817706
0.817706
0.817706
0.817706
0.817706
0.817706
0.817706
0.817706
0.817706
0.817706
0.817706
0.817706
0.817706
0.817706
0.817706
0.817706
0.817706
0.817706
0.817706
0.817706
0.817706
0.817706
0.817706
0.817706
0.817706
0.817706
0.817706
0.817706
0.817706
0.817706
0.817706
0.817706
0.817706
0.817706
0.817706
0.817706
0.817706
0.817706
0.817706
0.817706
0.817706
0.788353
0.788353
0.788353
0.788353
0.788353
0.788353
0.788353
0.788353
0.788353
0.788353
0.788353
0.788353
0.788353
0.788353
0.788353
0.788353
0.788353
0.788353
0.788353
0.788353
0.788353
0.788353
0.800914
0.800914
0.800914
0.800914
0.800914
0.800914
0.800914
0.800914
0.803285
0.803285
0.803285
0.803285
0.803285
0.803285
0.803285
0.803285
0.803285
0.803285
0.803285
0.803285
0.803285
0.803285
0.803285
0.803285
0.803285
0.803285
0.803285
0.803285
0.803285
0.803285
0.803285
0.803285
0.803285
0.803285
0.803285
0.803285
0.803285
0.803285
0.803285
0.803285
0.803285
0.803285
0.803285
0.803285
0.803285
0.803285
0.803285
0.803285
0.803285
0.803285
0.803285
0.803285
0.803285
0.803285
0.803285
0.803285
0.803285
0.803285
0.803285
0.803285
0.803285
0.803285
0.803285
0.803285
0.803285
0.803285
0.803285
0.803285
0.803285
0.803285
0.803285
0.803285
0.803285
0.803285
0.803285
0.803285
0.803285
0.803285
0.803285
0.803285
0.803285
0.803285
0.803285
0.803285
0.803285
0.803285
0.803285
0.803285
0.803285
0.803285
0.803285
0.803285
0.803285
0.803285
0.803285
0.803285
0.803285
0.803285
0.803285
0.803285
0.803285
0.803285
0.803285
0.803285
0.803285
0.803285
0.803285
0.803285
0.803285
0.803285
0.803285
0.803285
0.803285
0.803285
0.803285
0.803285
0.803285
0.803285
0.803285
0.803285
0.803285
0.803285
0.803285
0.803285
0.803285
0.803285
0.803285
0.803285
0.803285
0.803285
0.803285
0.803285
0.803285
0.803285
0.803285
0.803285
0.803285
0.803285
0.803285
0.803285
0.803285
0.803285
0.803285
0.803285
0.803285
0.803285
0.803285
0.803285
0.803285
0.803285
0.803285
0.803285
0.803285
0.803285
0.803285
0.803285
0.803285
0.803285
0.803285
0.803285
0.803285
0.803285
0.803285
0.803285
0.803285
0.803285
0.803285
0.803285
0.803285
0.803285
0.803285
0.803285
0.803285
0.803285
0.803285
0.803285
0.803285
0.803285
0.803285
0.803285
0.803285
0.803285
0.803285
0.803285
0.803285
0.803285
0.803285
0.803285
0.803285
0.803285
0.803285
0.803285
0.803285
0.803285
0.803285
0.803285
0.803285
0.803285
0.803285
0.803285
0.803285
0.803285
0.803285
0.803285
0.803285
0.803285
0.803285
0.803285
0.803285
0.803285
0.803285
0.803285
0.803285
0.803285
0.803285
0.803285
0.803285
0.803285
0.803285
0.803285
0.803285
0.803285
0.803285
0.803285
0.803285
0.803285
0.803285
0.803285
0.803285
0.803285
0.803285
0.803285
0.803285
0.803285
0.803285
0.803285
0.803285
0.803285
0.803285
0.803285
0.803285
0.803285
0.803285
0.803285
0.803285
0.803285
0.803285
0.803285
0.803285
0.803285
0.803285
0.803285
0.803285
0.803044
0.803044
0.803044
0.803044
0.803044
0.803044
0.803044
0.803044
0.803044
0.803044
0.803044
0.803044
0.803044
0.803044
0.803044
0.803044
0.803044
0.803044
0.803044
0.803044
0.803044
0.803044
0.803044
0.803044
0.803044
0.803044
0.803044
0.803044
0.803044
0.803044
0.803044
0.803044
0.803044
0.805943
0.805943
0.805943
0.805943
0.805943
0.805943
0.805943
0.805943
0.805943
0.805943
0.805943
0.805943
0.805943
0.805943
0.805943
0.805943
0.805943
0.805943
0.805943
0.805943
0.805943
0.805943
0.805943
0.805943
0.805943
0.805943
0.805943
0.805943
0.805943
0.805943
0.805943
0.805943
0.805943
0.805943
0.805943
0.805943
0.805943
0.805943
0.805943
0.805943
0.805943
0.805943
0.805943
0.805943
0.805943
0.805943
0.805943
0.805943
0.805943
0.805943
0.805943
0.805943
0.805943
0.805943
0.805943
0.805943
0.805943
0.805943
0.805943
0.805943
0.805943
0.805943
0.805943
0.805943
0.805943
0.805943
0.805943
0.805943
0.805943
0.805943
0.805943
0.805943
0.805943
0.805943
0.805943
0.805943
0.805943
0.805943
0.805943
0.805943
0.805943
0.805943
0.805943
0.805943
0.805943
0.805943
0.805943
0.805943
0.805943
0.805943
0.805943
0.805943
0.805943
0.805943
0.805943
0.805943
0.805943
0.805943
0.805943
0.805943
0.805943
0.805943
0.805943
0.805943
0.805943
0.805943
0.805943
0.805943
0.805943
0.805943
0.805943
0.805943
0.805943
0.805943
0.805943
0.805943
0.805943
0.805943
0.805943
0.805943
0.805943
0.805943
0.805943
0.805943
0.805943
0.805943
0.805943
0.805943
0.805943
0.805943
0.805943
0.805943
0.805943
0.805943
0.805943
0.805943
0.805943
0.805943
0.805943
0.805943
0.805943
0.805943
0.805943
0.805943
0.805943
0.805943
0.805943
0.805943
0.805943
0.805943
0.805943
0.805943
0.805943
0.805943
0.805943
0.805943
0.805943
0.805943
0.805943
0.805943
0.805943
0.805943
0.805943
0.805943
0.805943
0.805943
0.805943
0.805943
0.805943
0.805943
0.805943
0.805943
0.805943
0.805943
0.805943
0.805943
0.805943
0.805943
0.805943
0.805943
0.805943
0.805943
0.805943
0.805943
0.805943
0.805943
0.805943
0.805943
0.805943
0.805943
0.805943
0.805943
0.805943
0.805943
0.805943
0.805943
0.805943
0.805943
0.805943
0.805943
0.805943
0.805943
0.805943
0.805943
0.81097
0.81097
0.81097
0.81097
0.81097
0.81097
0.81097
0.81097
0.81097
0.81097
0.81097
0.81097
0.81097
0.81097
0.81097
0.81097
0.81097
0.81097
0.81097
0.81097
0.81097
0.81097
0.81097
0.81097
0.81097
0.81097
0.81097
0.81097
0.81097
0.81097
0.81097
0.81097
0.81097
0.81097
0.81097
0.81097
0.81097
0.81097
0.81097
0.81097
0.81097
0.81097
0.81097
0.81097
0.81097
0.81097
0.81097
0.81097
0.81097
0.81097
0.81097
0.81097
0.81097
0.81097
0.81097
0.81097
0.81097
0.81097
0.81097
0.81097
0.81097
0.81097
0.81097
0.81097
0.81097
0.81097
0.81097
0.81097
0.81097
0.81097
0.81097
0.81097
0.81097
0.81097
0.81097
0.81097
0.81097
0.81097
0.81097
0.81097
0.81097
0.81097
0.81097
0.81097
0.81097
0.81097
0.81097
0.81097
0.81097
0.81097
0.81097
0.81097
0.81097
0.81097
0.81097
0.81097
0.81097
0.81097
0.81097
0.81097
0.81097
0.81097
0.81097
0.81097
0.81097
0.81097
0.81097
0.81097
0.81097
0.81097
0.81097
0.81097
0.81097
0.81097
0.81097
0.81097
0.81097
0.81097
0.81097
0.81097
0.81097
0.81097
0.81097
0.81097
0.81097
0.81097
0.81097
0.81097
0.81097
0.81097
0.81097
0.81097
0.81097
0.81097
0.81097
0.81097
0.81097
0.81097
0.81097
0.81097
0.81097
0.81097
0.81097
0.81097
0.81097
0.81097
0.81097
0.81097
0.81097
0.81097
0.81097
0.81097
0.81097
0.81097
0.81097
0.81097
0.81097
0.81097
0.81097
0.81097
0.81097
0.81097
0.81097
0.81097
0.81097
0.81097
0.81097
0.81097
0.81097
0.81097
0.81097
0.81097
0.81097
0.81097
0.81097
0.81097
0.81097
0.81097
0.81097
0.81097
0.81097
0.81097
0.81097
0.81097
0.81097
0.81097
0.81097
0.81097
0.81097
0.81097
0.81097
0.81097
0.81097
0.81097
0.81097
0.81097
0.81097
0.81097
0.81097
0.81097
0.81097
0.81097
0.81097
0.81097
0.81097
0.81097
0.81097
0.81097
0.81097
0.81097
0.81097
0.800702
0.800702
0.800702
0.800702
0.800702
0.800702
0.800702
0.800702
0.800702
0.800702
0.800702
0.800702
0.800702
0.800702
0.800702
0.800702
0.800702
0.800702
0.800702
0.800702
0.800702
0.800702
0.800702
0.800702
0.800702
0.800702
0.800702
0.800702
0.800702
0.800702
0.800702
0.800702
0.800702
0.800702
0.800702
0.800702
0.800702
0.800702
0.800702
0.800702
0.800702
0.800702
0.800702
0.800702
0.800702
0.800702
0.800702
0.800702
0.800702
0.800702
0.800702
0.800702
0.800702
0.800702
0.800702
0.800702
0.800702
0.800702
0.800702
0.800702
0.800702
0.800702
0.800702
0.800702
0.800702
0.800702
0.800702
0.800702
0.800702
0.800702
0.800702
0.800702
0.800702
0.800702
0.800702
0.800702
0.800702
0.800702
0.800702
0.800702
0.800702
0.800702
0.800702
0.800702
0.800702
0.800702
0.800702
0.800702
0.800702
0.800702
0.800702
0.800702
0.800702
0.800702
0.800702
0.800702
0.800702
0.800702
0.800702
0.800702
0.800702
0.800702
0.800702
0.800702
0.800702
0.800702
0.800702
0.800702
0.800702
0.800702
0.800702
0.800702
0.800702
0.800702
0.800702
0.800702
0.800702
0.800702
0.800702
0.800702
0.800702
0.800702
0.800702
0.800702
0.800702
0.800702
0.800702
0.800702
0.800702
0.800702
0.800702
0.800702
0.800702
0.800702
0.800702
0.800702
0.800702
0.800702
0.800702
0.800702
0.800702
0.800702
0.800702
0.800702
0.800702
0.800702
0.800702
0.800702
0.800702
0.800702
0.800702
0.800702
0.800702
0.800702
0.800702
0.800702
0.800702
0.800702
0.800702
0.800702
0.800702
0.800702
0.800702
0.800702
0.800702
0.800702
0.800702
0.800702
0.800702
0.800702
0.800702
0.800702
0.800702
0.800702
0.800702
0.800702
0.800702
0.800702
0.800702
0.800702
0.800702
0.800702
0.800702
0.800702
0.800702
0.800702
0.800702
0.800702
0.800702
0.800702
0.800702
0.800702
0.800702
0.800702
0.800702
0.800702
0.800702
0.800702
0.800702
0.800702
0.800702
0.800702
0.800702
0.800702
0.800702
0.800702
0.800702
0.800702
0.800702
0.800702
0.800702
0.800702
0.800702
0.800702
0.800702
0.800702
0.800702
0.800702
0.800702
0.800702
0.800702
0.800702
0.800702
0.800702
0.800702
0.800702
0.800702
0.800702
0.800702
0.800702
0.800702
0.800702
0.800702
0.800702
0.800702
0.800702
0.800702
0.800702
0.800702
0.800702
0.800702
0.800702
0.800702
0.800702
0.800702
0.800702
0.800702
0.800702
0.800702
0.800702
0.800702
0.800702
0.800702
0.800702
0.800702
0.800702
0.800702
0.800702
0.800702
0.800702
0.800702
0.800702
0.800702
0.800702
0.800702
0.800702
0.800702
0.800702
0.800702
0.800702
0.800702
0.800702
0.800702
0.800702
0.800702
0.800702
0.800702
0.800702
0.800702
0.800702
0.800702
0.800702
0.800702
0.800702
0.800702
0.800702
0.800702
0.800702
0.800702
0.800702
0.800702
0.800702
0.800702
0.800702
0.800702
0.800702
0.800702
0.800702
0.800702
0.800702
0.800702
0.800702
0.800702
0.800702
0.800702
0.800702
0.800702
0.800702
0.800702
0.800702
0.800702
0.800702
0.800702
0.800702
0.800702
0.800702
0.800702
0.800702
0.800702
0.800702
0.800702
0.800702
0.800702
0.800702
0.800702
0.800702
0.800702
0.800702
0.800702
0.800702
0.800702
0.800702
0.800702
0.800702
0.800702
0.800702
0.800702
0.800702
0.800702
0.800702
0.800702
0.800702
0.800702
0.800702
0.800702
0.800702
0.800702
0.800702
0.800702
0.800702
0.800702
0.800702
0.800702
0.800702
0.800702
0.800702
0.800702
0.800702
0.800702
0.800702
0.800702
0.800702
0.800702
0.800702
0.800702
0.800702
0.800702
0.800702
0.800702
0.800702
0.800702
0.800702
0.800702
0.800702
0.800702
0.800702
0.800702
0.800702
0.800702
0.800702
0.800702
0.800702
0.800702
0.800702
0.800702
0.800702
0.800702
0.800702
0.800702
0.800702
0.800702
0.800702
0.800702
0.800702
0.800702
0.800702
0.800702
0.800702
0.800702
0.800702
0.800702
0.800702
0.800702
0.800702
0.800702
0.800702
0.800702
0.800702
0.800702
0.800702
0.800702
0.800702
0.800702
0.800702
0.800702
0.800702
0.800702
0.800702
0.800702
0.800702
0.800702
0.800702
0.800702
0.800702
0.800702
0.800702
0.800702
0.800702
0.800702
0.800702
0.800702
0.800702
0.800702
0.800702
0.800702
0.800702
0.800702
0.817033
0.817033
0.817033
0.817033
0.817033
0.817033
0.817033
0.817033
0.817033
0.817033
0.817033
0.817033
0.817033
0.817033
0.817033
0.817033
0.817033
0.817033
0.817033
0.817033
0.817033
0.817033
0.817033
0.817033
0.817033
0.817033
0.817033
0.817033
0.817033
0.817033
0.817033
0.817033
0.817033
0.817033
0.817033
0.817033
0.817033
0.817033
0.817033
0.817033
0.817033
0.817033
0.817033
0.817033
0.817033
0.817033
0.817033
0.817033
0.817033
0.817033
0.817033
0.817033
0.817033
0.817033
0.817033
0.817033
0.817033
0.817033
0.817033
0.817033
0.817033
0.817033
0.817033
0.817033
0.817033
0.817033
0.817033
0.817033
0.817033
0.817033
0.817033
0.817033
0.817033
0.817033
0.817033
0.817033
0.817033
0.817033
0.817033
0.817033
0.817033
0.817033
0.817033
0.817033
0.817033
0.817033
0.817033
0.817033
0.817033
0.817033
0.817033
0.817033
0.817033
0.817033
0.817033
0.817033
0.817033
0.817033
0.817033
0.817033
0.817033
0.817033
0.817033
0.817033
0.817033
0.817033
0.817033
0.817033
0.817033
0.817033
0.817033
0.817033
0.817033
0.817033
0.817033
0.817033
0.817033
0.817033
0.817033
0.817033
0.817033
0.817033
0.817033
0.817033
0.817033
0.817033
0.817033
0.817033
0.817033
0.817033
0.817033
0.817033
0.817033
0.817033
0.817033
0.817033
0.817033
0.817033
0.817033
0.817033
0.817033
0.817033
0.817033
0.817033
0.817033
0.817033
0.817033
0.817033
0.817033
0.817033
0.817033
0.817033
0.817033
0.817033
0.817033
0.817033
0.817033
0.817033
0.817033
0.817033
0.817033
0.817033
0.817033
0.817033
0.817033
0.817033
0.817033
0.817033
0.817033
0.817033
0.817033
0.817033
0.817033
0.817033
0.817033
0.817033
0.817033
0.817033
0.817033
0.817033
0.817033
0.817033
0.817033
0.817033
0.817033
0.817033
0.817033
0.817033
0.817033
0.817033
0.817033
0.817033
0.817033
0.817033
0.817033
0.817033
0.817033
0.817033
0.817033
0.817033
0.817033
0.817033
0.817033
0.817033
0.817033
0.817033
0.817033
0.817033
0.817033
0.817033
0.817033
0.817033
0.817033
0.817033
0.817033
0.817033
0.817033
0.817033
0.817033
0.817033
0.817033
0.817033
0.817033
0.817033
0.817033
0.817033
0.817033
0.817033
0.817033
0.817033
0.817033
0.817033
0.817033
0.817033
0.817033
0.817033
0.817033
0.817033
0.817033
0.817033
0.817033
0.817033
0.817033
0.817033
0.817033
0.817033
0.817033
0.817033
0.817033
0.817033
0.817033
0.817033
0.817033
0.817033
0.817033
0.817033
0.817033
0.817033
0.817033
0.817033
0.817033
0.817033
0.817033
0.817033
0.817033
0.817033
0.817033
0.817033
0.817033
0.817033
0.817033
0.817033
0.817033
0.817033
0.817033
0.817033
0.817033
0.817033
0.817033
0.817033
0.817033
0.817033
0.817033
0.817033
0.817033
0.817033
0.817033
0.817033
0.817033
0.817033
0.817033
0.817033
0.817033
0.817033
0.817033
0.817033
0.817033
0.817033
0.817033
0.817033
0.817033
0.817033
0.817033
0.817033
0.817033
0.817033
0.817033
0.817033
0.817033
0.817033
0.817033
0.817033
0.817033
0.817033
0.817033
0.817033
0.817033
0.817033
0.817033
0.817033
0.817033
0.817033
0.817033
0.817033
0.817033
0.817033
0.817033
0.817033
0.817033
0.817033
0.817033
0.817033
0.817033
0.817033
0.817033
0.817033
0.817033
0.817033
0.817033
0.817033
0.817033
0.817033
0.817033
0.817033
0.817033
0.817033
0.817033
0.817033
0.817033
0.817033
0.817033
0.817033
0.817033
0.817033
0.817033
0.817033
0.817033
0.817033
0.817033
0.817033
0.817033
0.817033
0.817033
0.817033
0.817033
0.817033
0.817033
0.817033
0.817033
0.817033
0.817033
0.817033
0.817033
0.817033
0.817033
0.817033
0.817033
0.817033
0.817033
0.817033
0.817033
0.817033
0.817033
0.817033
0.817033
0.817033
0.817033
0.817033
0.817033
0.817033
0.817033
0.817033
0.817033
0.817033
0.817033
0.817033
0.817033
0.817033
0.817033
0.817033
0.817033
0.817033
0.817033
0.817033
0.817033
0.817033
0.817033
0.817033
0.817033
0.817033
0.817033
0.817033
0.817033
0.817033
0.817033
0.817033
0.817033
0.817033
0.817033
0.817033
0.817033
0.817033
0.817033
0.817033
0.817033
0.817033
0.817033
0.817033
0.817033
0.817033
0.817033
0.817033
0.817033
0.817033
0.817033
0.817033
0.817033
0.817033
0.817033
0.817033
0.817033
0.817033
0.817033
0.817033
0.817033
0.817033
0.817033
0.817033
0.817033
0.817033
0.817033
0.817033
0.817033
0.817033
0.817033
0.817033
0.817033
0.817033
0.817033
0.817033
0.817033
0.817033
0.817033
0.817033
0.817033
0.817033
0.817033
0.817033
0.817033
0.817033
0.817033
0.817033
0.817033
0.817033
0.817033
0.817033
0.817033
0.817033
0.817033
0.817033
0.817033
0.817033
0.817033
0.817033
0.817033
0.817033
0.817033
0.817033
0.817033
0.817033
0.817033
0.817033
0.817033
0.817033
0.817033
0.817033
0.817033
0.817033
0.817033
0.817033
0.817033
0.817033
0.817033
0.817033
0.817033
0.817033
0.817033
0.817033
0.817033
0.817033
0.817033
0.817033
0.817033
0.817033
0.817033
0.817033
0.817033
0.817033
0.817033
0.817033
0.817033
0.817033
0.817033
0.817033
0.817033
0.817033
0.817033
0.817033
0.817033
0.817033
0.817033
0.817033
0.817033
0.817033
0.817033
0.817033
0.817033
0.817033
0.817033
0.817033
0.817033
0.817033
0.817033
0.817033
0.817033
0.817033
0.817033
0.817033
0.817033
0.817033
0.817033
0.817033
0.817033
0.817033
0.817033
0.817033
0.817033
0.817033
0.817033
0.817033
0.817033
0.817033
0.817033
0.817033
0.817033
0.817033
0.817033
0.817033
0.817033
0.817033
0.817033
0.817033
0.817033
0.817033
0.817033
0.817033
0.817033
0.817033
0.817033
0.817033
0.817033
0.817033
0.817033
0.817033
0.817033
0.817033
0.817033
0.817033
0.817033
0.817033
0.817033
0.817033
0.817033
0.817033
0.817033
0.817033
0.817033
0.817033
0.817033
0.817033
0.817033
0.817033
0.817033
0.817033
0.817033
0.817033
0.817033
0.817033
0.817033
0.817033
0.817033
0.817033
0.817033
0.817033
0.817033
0.817033
0.817033
0.817033
0.817033
0.817033
0.817033
0.817033
0.817033
0.817033
0.817033
0.817033
0.817033
0.817033
0.817033
0.817033
0.817033
0.817033
0.817033
0.817033
0.817033
0.817033
0.817033
0.817033
0.817033
0.817033
0.817033
0.817033
0.817033
0.817033
0.817033
0.817033
0.817033
0.817033
0.817033
0.817033
0.817033
0.817033
0.817033
0.817033
0.817033
0.817033
0.817033
0.817033
0.817033
0.817033
0.817033
0.817033
0.817033
0.817033
0.817033
0.817033
0.817033
0.817033
0.817033
0.817033
0.817033
0.817033
0.817033
0.817033
0.817033
0.817033
0.817033
0.817033
0.817033
0.817033
0.817033
0.817033
0.817033
0.817033
0.817033
0.817033
0.817033
0.817033
0.817033
0.817033
0.817033
0.817033
0.817033
0.817033
0.817033
0.817033
0.817033
0.817033
0.817033
0.817033
0.817033
0.817033
0.817033
0.817033
0.817033
0.817033
0.817033
0.817033
0.817033
0.817033
0.817033
0.817033
0.817033
0.817033
0.817033
0.817033
0.817033
0.817033
0.817033
0.817033
0.817033
0.817033
0.817033
0.817033
0.817033
0.817033
0.817033
0.817033
0.817033
0.817033
0.817033
0.817033
0.817033
0.817033
0.817033
0.817033
0.817033
0.817033
0.817033
0.817033
0.817033
0.817033
0.817033
0.817033
0.817033
0.817033
0.817033
0.817033
0.817033
0.817033
0.817033
0.817033
0.817033
0.817033
0.817033
0.817033
0.817033
0.817033
0.817033
0.817033
0.817033
0.817033
0.817033
0.817033
0.817033
0.817033
0.817033
0.817033
0.817033
0.817033
0.817033
0.817033
0.817033
0.817033
0.817033
0.817033
0.817033
0.817033
0.817033
0.817033
0.817033
0.817033
0.817033
0.817033
0.817033
0.817033
0.817033
0.817033
0.817033
0.817033
0.817033
0.817033
0.817033
0.817033
0.817033
0.817033
0.817033
0.817033
0.817033
0.817033
0.817033
0.817033
0.817033
0.817033
0.817033
0.817033
0.817033
0.817033
0.817033
0.817033
0.817033
0.817033
0.817033
0.817033
0.817033
0.817033
0.817033
0.817033
0.817033
0.817033
0.817033
0.817033
0.817033
0.817033
0.817033
0.817033
0.817033
0.817033
0.817033
0.817033
0.817033
0.817033
0.817033
0.817033
0.817033
0.817033
0.817033
0.817033
0.817033
0.817033
0.817033
0.817033
0.817033
0.817033
0.817033
0.817033
0.817033
0.817033
0.817033
0.817033
0.817033
0.817033
0.817033
0.817033
0.817033
0.817033
0.817033
0.817033
0.817033
0.817033
0.817033
0.817033
0.817033
0.817033
0.817033
0.817033
0.817033
0.817033
0.817033
0.817033
0.817033
0.817033
0.817033
0.817033
0.817033
0.817033
0.817033
0.817033
0.817033
0.817033
0.817033
0.817033
0.817033
0.817033
0.817033
0.817033
0.817033
0.817033
0.817033
0.817033
0.817033
0.817033
0.817033
0.817033
0.817033
0.817033
0.817033
0.817033
0.817033
0.817033
0.817033
0.817033
0.817033
0.817033
0.817033
0.817033
0.817033
0.817033
0.817033
0.817033
0.817033
0.817033
0.817033
0.817033
0.817033
0.817033
0.817033
0.817033
0.817033
0.817033
0.817033
0.817033
0.817033
0.817033
0.817033
0.817033
0.817033
0.817033
0.817033
0.817033
0.817033
0.817033
0.817033
0.817033
0.817033
0.817033
0.817033
0.817033
0.817033
0.817033
0.817033
0.817033
0.817033
0.817033
0.817033
0.817033
0.817033
0.817033
0.817033
0.817033
0.817033
0.817033
0.817033
0.817033
0.817033
0.817033
0.817033
0.817033
0.817033
0.817033
0.817033
0.817033
0.817033
0.817033
0.817033
0.817033
0.817033
0.817033
0.817033
0.817033
0.817033
0.817033
0.817033
0.817033
0.817033
0.817033
0.817033
0.817033
0.817033
0.817033
0.817033
0.817033
0.817033
0.817033
0.817033
0.817033
0.817033
0.817033
0.817033
0.817033
0.817033
0.817033
0.817033
0.817033
0.817033
0.817033
0.817033
0.817033
0.817033
0.817033
0.817033
0.817033
0.817033
0.817033
0.817033
0.817033
0.817033
0.817033
0.817033
0.817033
0.817033
0.817033
0.817033
0.817033
0.817033
0.817033
0.817033
0.817033
0.817033
0.817033
0.817033
0.817033
0.817033
0.817033
0.817033
0.817033
0.817033
0.817033
0.817033
0.817033
0.817033
0.817033
0.817033
0.817033
0.817033
0.817033
0.817033
0.817033
0.817033
0.817033
0.817033
0.817033
0.817033
0.817033
0.817033
0.817033
0.817033
0.817033
0.817033
0.817033
0.817033
0.817033
0.817033
0.817033
0.817033
0.817033
0.817033
0.817033
0.817033
0.817033
0.817033
0.817033
0.817033
0.817033
0.817033
0.817033
0.817033
0.817033
0.817033
0.817033
0.817033
0.817033
0.817033
0.817033
0.817033
0.817033
0.817033
0.817033
0.817033
0.817033
0.817033
0.817033
0.817033
0.817033
0.817033
0.817033
0.817033
0.817033
0.817033
0.817033
0.817033
0.817033
0.817033
0.817033
0.817033
0.817033
0.817033
0.817033
0.817033
0.817033
0.817033
0.817033
0.817033
0.817033
0.817033
0.817033
0.817033
0.817033
0.817033
0.817033
0.817033
0.817033
0.817033
0.817033
0.817033
0.817033
0.817033
0.817033
0.817033
0.817033
0.817033
0.817033
0.817033
0.817033
0.817033
0.817033
0.817033
0.817033
0.817033
0.817033
0.817033
0.817033
0.817033
0.817033
0.817033
0.817033
0.817033
0.817033
0.817033
0.817033
0.817033
0.817033
0.817033
0.817033
0.817033
0.817033
0.817033
0.817033
0.817033
0.817033
0.817033
0.817033
0.817033
0.817033
0.817033
0.817033
0.817033
0.817033
0.817033
0.817033
0.817033
0.817033
0.817033
0.817033
0.817033
0.817033
0.817033
0.817033
0.817033
0.817033
0.817033
0.817033
0.817033
0.817033
0.817033
0.817033
0.817033
0.817033
0.817033
0.817033
0.817033
0.817033
0.817033
0.817033
0.817033
0.817033
0.817033
0.817033
0.817033
0.817033
0.817033
0.817033
0.817033
0.817033
0.817033
0.817033
0.817033
0.817033
0.817033
0.817033
0.817033
0.817033
0.817033
0.817033
0.817033
0.817033
0.817033
0.817033
0.817033
0.817033
0.817033
0.817033
0.817033
0.817033
0.817033
0.817033
0.817033
0.817033
0.817033
0.817033
0.817033
0.817033
0.817033
0.817033
0.817033
0.817033
0.817033
0.817033
0.817033
0.817033
0.817033
0.817033
0.817033
0.817033
0.817033
0.817033
0.817033
0.817033
0.817033
0.817033
0.817033
0.817033
0.817033
0.817033
0.817033
0.817033
0.817033
0.817033
0.817033
0.817033
0.817033
0.817033
0.817033
0.817033
0.817033
0.817033
0.817033
0.817033
0.817033
0.817033
0.817033
0.817033
0.817033
0.817033
0.817033
0.817033
0.817033
0.817033
0.817033
0.817033
0.817033
0.817033
0.817033
0.817033
0.817033
0.817033
0.817033
0.817033
0.817033
0.817033
