1
0.949395
0.859045
0.859045
0.859045
0.917916
0.998084
0.998084
0.967701
0.994881
0.992604
1.00313
0.980829
0.912061
0.935443
0.902743
0.902743
0.934793
0.869741
0.875353
0.881713
0.839461
0.839461
0.865039
0.876904
0.814946
0.854087
0.828477
0.76198
0.747627
0.696318
0.696318
0.75551
0.762374
0.741555
0.70647
0.661959
0.706189
0.743227
0.733884
0.725332
0.675308
0.686579
0.659427
0.675657
0.635665
0.660912
0.714889
0.680598
0.771842
0.807006
0.824894
0.788677
0.813369
0.759559
0.665362
0.616839
0.697029
0.642682
0.655524
0.679414
0.642301
0.596928
0.584738
0.664028
0.703739
0.733423
0.729788
0.697807
0.657693
0.709426
0.702284
0.608458
0.519479
0.501775
0.491166
0.525344
0.525344
0.503062
0.490729
0.466656
0.448422
0.523162
0.508662
0.48035
0.537988
0.495107
0.580149
0.538981
0.588018
0.644807
0.694163
0.693089
0.693089
0.746126
0.764515
0.812968
0.797545
0.782614
0.743558
0.795521
0.710863
0.713297
0.678191
0.678191
0.668206
0.674199
0.69366
0.747813
0.785477
0.812491
0.776221
0.798136
0.849649
0.88302
0.803727
0.888905
0.932941
0.957385
0.88401
0.963196
0.950576
1.03234
0.968282
0.953599
1.0318
1.00014
1.03071
0.982255
1.03059
0.969633
0.960026
1.04393
0.971451
1.03755
1.00663
1.00663
0.942673
0.847442
0.8133
0.827457
0.838547
0.847762
0.773633
0.705644
0.703523
0.705974
0.748748
0.770779
0.811908
0.801907
0.799914
0.734072
0.755876
0.746766
0.726931
0.689383
0.760933
0.79198
0.807012
0.75547
0.806989
0.830814
0.80004
0.764249
0.675438
0.731516
0.77514
0.690797
0.757777
0.757777
0.821756
0.790856
0.77338
0.783628
0.769842
0.694034
0.73362
0.717441
0.734498
0.755723
0.851148
0.853611
0.838062
0.796178
0.849942
0.941254
0.865538
0.85212
0.815387
0.864576
0.936295
0.89049
0.801567
0.788529
0.810901
0.819042
0.819042
0.750225
0.656471
0.673169
0.707154
0.751126
0.681974
0.601233
0.537585
0.546025
0.564319
0.554255
0.602071
0.576898
0.670391
0.684992
0.671716
0.57594
0.567127
0.592335
0.68452
0.748055
0.699828
0.732938
0.728531
0.730794
0.76073
0.829326
0.856254
0.879751
0.855021
0.925743
0.900586
0.943922
1.02447
1.09244
1.05237
1.14271
1.14271
1.15612
1.19996
1.18436
1.18067
1.10149
1.10149
1.08775
1.04319
1.09791
1.06767
1.06811
1.07315
1.09012
1.16936
1.20102
1.19908
1.18059
1.18059
1.10955
1.08957
1.17631
1.15681
1.21185
1.12972
1.05143
0.969087
0.948715
0.907185
0.882544
0.925807
0.89575
0.973216
0.915009
0.935772
0.894805
0.812108
0.802343
0.830579
0.829986
0.830474
0.830474
0.893153
0.862266
0.803985
0.884281
0.898774
0.811807
0.755891
0.671146
0.640272
0.637109
0.568175
0.568175
0.479534
0.553803
0.608461
0.662085
0.662085
0.726288
0.66023
0.732498
0.710503
0.749464
0.749417
0.749417
0.687169
0.723163
0.687479
0.651901
0.621183
0.634338
0.691076
0.739625
0.699969
0.788991
0.836148
0.75745
0.717589
0.782677
0.818799
0.818799
0.751191
0.68737
0.715189
0.725538
0.759629
0.73364
0.777151
0.831435
0.831435
0.893851
0.82506
0.809472
0.890867
0.92038
0.974549
1.00452
1.01795
1.02644
0.959687
0.99873
0.97532
0.934833
0.920139
0.891699
0.891699
0.828288
0.881735
0.858281
0.791995
0.776902
0.81757
0.835226
0.873832
0.844932
0.835692
0.844372
0.861046
0.920245
0.847426
0.922761
0.940279
1.00703
1.07848
1.03188
1.03188
0.978901
1.05457
0.958103
0.979573
1.00123
0.983809
0.908435
0.87914
0.790045
0.845368
0.914938
0.844322
0.900767
0.911924
0.962075
0.994835
1.00361
0.971294
1.05275
1.05275
1.08086
1.14216
1.07345
1.07245
1.002
0.951046
0.988605
1.08171
1.09388
1.1198
1.1729
1.21604
1.21604
1.14205
1.08305
1.04341
1.02576
1.0316
0.963727
0.865736
0.794571
0.731528
0.736481
0.69957
0.727824
0.779924
0.712304
0.734501
0.802919
0.763857
0.707638
0.745817
0.738592
0.766232
0.767244
0.757173
0.694742
0.608177
0.643016
0.603239
0.601396
0.688035
0.701145
0.642224
0.703299
0.783472
0.777507
0.712
0.719632
0.787755
0.856356
0.898003
0.971302
0.975563
0.981837
0.905988
0.873099
0.873099
0.873099
0.838944
0.832132
0.792404
0.725184
0.656152
0.68947
0.724515
0.669559
0.630737
0.585288
0.588586
0.588586
0.591253
0.675104
0.627936
0.642167
0.550056
0.603254
0.594391
0.574298
0.574298
0.574298
0.516751
0.562656
0.573794
0.55457
0.599199
0.649321
0.702899
0.670525
0.649136
0.580025
0.531994
0.569809
0.557001
0.497042
0.497042
0.501933
0.501933
0.561179
0.646025
0.694358
0.676177
0.65716
0.707915
0.656647
0.719858
0.724733
0.663552
0.608713
0.608176
0.604822
0.604504
0.595991
0.609519
0.570376
0.484399
0.507519
0.478691
0.509691
0.509691
0.490987
0.461449
0.535592
0.549552
0.609267
0.570065
0.489921
0.489921
0.505262
0.557848
0.584352
0.653046
0.675201
0.736402
0.719075
0.747579
0.795213
0.762532
0.762532
0.811574
0.788769
0.815184
0.752984
0.719377
0.762875
0.717179
0.707405
0.643735
0.630804
0.686488
0.731038
0.706224
0.672567
0.705072
0.740247
0.772795
0.772795
0.74592
0.70163
0.721058
0.70392
0.70392
0.780783
0.758633
0.708419
0.680815
0.736172
0.703103
0.652412
0.670934
0.740658
0.763511
0.779645
0.744337
0.773387
0.726829
0.759935
0.734806
0.798734
0.818313
0.83795
0.750636
0.779148
0.765778
0.810294
0.821609
0.785075
0.715266
0.708406
0.770912
0.702192
0.791664
0.870247
0.835596
0.749984
0.70799
0.755495
0.701393
0.672334
0.61098
0.654056
0.6312
0.628326
0.7135
0.736607
0.706034
0.66903
0.57416
0.632238
0.562724
0.651132
0.661205
0.661981
0.658047
0.658241
0.720099
0.696559
0.775158
0.743948
0.696267
0.697971
0.767369
0.808998
0.860976
0.879538
0.829873
0.884213
0.861669
0.770035
0.751402
0.838633
0.794864
0.876952
0.859073
0.851869
0.834302
0.846559
0.785272
0.776584
0.772589
0.755474
0.78231
0.86602
0.8268
0.852839
0.943192
0.869574
0.807782
0.798407
0.76208
0.85812
0.900885
0.850021
0.844269
0.828494
0.800509
0.883358
0.883358
0.916101
0.921784
0.93186
0.999348
0.981719
0.918753
0.965164
0.965164
0.969757
0.963176
1.03413
0.953747
0.884392
0.855123
0.816683
0.772297
0.73716
0.810193
0.755745
0.750584
0.725343
0.717457
0.651105
0.601764
0.684184
0.770492
0.83534
0.799351
0.813952
0.766989
0.837453
0.860572
0.81869
0.845332
0.803117
0.757068
0.799247
0.791717
0.830796
0.837153
0.857999
0.835773
0.852229
0.800667
0.732712
0.813707
0.732203
0.635904
0.723352
0.755644
0.846985
0.816623
0.893587
0.923398
0.936062
0.953804
0.921254
0.975736
0.92851
0.891501
0.891501
0.967884
0.971975
1.01765
0.924481
0.89634
0.935515
0.863299
0.80943
0.859142
0.850016
0.922491
1.00388
0.931464
0.989793
1.05213
1.02556
1.02546
1.07542
1.06676
1.06676
1.03919
1.03559
1.12122
1.10169
1.0167
0.970854
0.938388
0.865179
0.899863
0.95549
1.02537
1.07681
1.08135
1.09502
1.18582
1.17479
1.24853
1.24853
1.24853
1.33217
1.25653
1.2512
1.31088
1.31294
1.3566
1.41299
1.44141
1.36358
1.30266
1.32634
1.30535
1.29795
1.3213
1.33078
1.38808
1.39597
1.42522
1.35264
1.33737
1.2955
1.3271
1.31022
1.3219
1.36363
1.36122
1.29111
1.3419
1.32978
1.29796
1.34278
1.40255
1.38537
1.46041
1.46041
1.49813
1.49813
1.47294
1.45882
1.47616
1.44761
1.49152
1.57521
1.57245
1.52023
1.52023
1.4567
1.43929
1.46961
1.45884
1.37705
1.40141
1.45558
1.44398
1.44398
1.50378
1.43429
1.38465
1.38465
1.38465
1.40685
1.40685
1.41438
1.48507
1.46191
1.42386
1.42386
1.50268
1.52953
1.51132
1.51132
1.42922
1.39423
1.39423
1.32447
1.33601
1.40158
1.31705
1.34594
1.40877
1.42062
1.43321
1.50318
1.47346
1.43657
1.38521
1.46851
1.39331
1.41159
1.42956
1.42956
1.42956
1.37237
1.46397
1.45934
1.36791
1.44953
1.45747
1.52737
1.52737
1.50603
1.49558
1.43461
1.43461
1.41479
1.34044
1.34044
1.40645
1.3754
1.28628
1.24701
1.23099
1.26789
1.27602
1.31192
1.33149
1.345
1.42531
1.41113
1.31295
1.31295
1.3031
1.26019
1.23821
1.26381
1.28192
1.30329
1.27601
1.27601
1.29809
1.38879
1.3141
1.28009
1.28009
1.20295
1.1911
1.15958
1.17701
1.13638
1.13868
1.06431
0.98493
0.89661
0.937341
0.842931
0.867387
0.849759
0.788457
0.756061
0.82347
0.854196
0.885428
0.926729
0.920868
0.959954
1.00801
1.00801
1.0026
1.08273
1.0817
1.03211
0.98226
0.935469
0.991199
1.02095
1.09132
1.03168
1.00856
0.973955
0.939428
0.864069
0.880469
0.85463
0.880113
0.893753
0.950528
1.00383
0.986516
0.986516
1.02039
1.02973
1.08465
1.14556
1.13076
1.15971
1.0986
1.08131
1.12572
1.11488
1.12252
1.12252
1.07365
0.996899
0.996899
0.908922
0.884041
0.851316
0.824652
0.858885
0.870435
0.855015
0.792244
0.824337
0.855946
0.905177
0.905177
0.966717
0.925981
0.852654
0.83952
0.91016
0.89597
0.81149
0.832794
0.804601
0.817633
0.817633
0.845451
0.866541
0.781046
0.748611
0.739699
0.804466
0.775308
0.825914
0.849663
0.914868
0.914868
0.959312
1.01302
1.03331
1.06922
1.03279
1.09996
1.09996
1.08309
1.13994
1.13994
1.06586
1.02681
1.09813
1.09807
1.08723
1.08723
1.08723
1.08723
1.09224
1.09385
1.09385
1.10965
1.06624
1.06624
1.06624
1.06624
1.06765
1.02295
0.970277
1.00311
1.0205
1.08267
1.0752
1.1056
1.09408
1.09888
1.18845
1.18501
1.10164
1.03007
1.07347
1.07347
0.984743
0.984743
0.947357
0.886189
0.836379
0.822053
0.740635
0.716517
0.68756
0.644955
0.655585
0.655585
0.664191
0.674921
0.667151
0.74937
0.685573
0.603487
0.617886
0.679628
0.722139
0.678861
0.609757
0.527693
0.440125
0.464108
0.407773
0.472045
0.546109
0.594686
0.542308
0.568315
0.505756
0.505756
0.57414
0.551948
0.55417
0.59834
0.623925
0.644712
0.712175
0.721376
0.716228
0.754798
0.704524
0.673279
0.703582
0.670796
0.633025
0.671378
0.682638
0.653914
0.666786
0.683832
0.715877
0.736978
0.733481
0.731745
0.755554
0.738801
0.837263
0.794719
0.787532
0.788694
0.730529
0.730529
0.74394
0.650118
0.707027
0.695079
0.692057
0.694616
0.649401
0.611931
0.573156
0.605181
0.628081
0.674949
0.705848
0.706209
0.699229
0.784825
0.705227
0.6872
0.676719
0.676719
0.642169
0.640556
0.620716
0.595317
0.659175
0.666543
0.663958
0.663958
0.655836
0.662399
0.662399
0.653541
0.635855
0.696552
0.746735
0.824517
0.900283
0.843493
0.800873
0.771254
0.759349
0.748848
0.684385
0.76816
0.772032
0.794836
0.705206
0.688452
0.66074
0.66074
0.580245
0.632257
0.6585
0.69129
0.613384
0.565307
0.53922
0.532496
0.480947
0.421533
0.409173
0.406427
0.403355
0.463789
0.535225
0.535225
0.498754
0.498754
0.426299
0.462242
0.462242
0.470728
0.519379
0.49319
0.558372
0.558372
0.462489
0.530556
0.595591
0.64308
0.62364
0.62364
0.639298
0.697141
0.649108
0.649108
0.649108
0.670765
0.59925
0.59925
0.662934
0.662934
0.675388
0.729021
0.706411
0.633564
0.55562
0.532507
0.527359
0.527359
0.527359
0.465636
0.489776
0.489776
0.437247
0.423338
0.423338
0.423338
0.48088
0.463489
0.463489
0.479502
0.479502
0.395247
0.375332
0.375332
0.379763
0.379763
0.444641
0.526156
0.516316
0.448488
0.516358
0.510046
0.59654
0.639662
0.732121
0.748937
0.710957
0.710957
0.710117
0.802519
0.867156
0.908879
0.908879
0.979169
0.906821
0.880729
0.92709
1.0233
1.02668
0.950009
0.991584
1.02401
1.06443
0.992979
0.992979
0.969584
1.04724
1.023
1.0735
1.10474
1.10122
1.13741
1.10639
1.10531
1.10531
1.10531
1.15118
1.17686
1.17686
1.18527
1.2277
1.21131
1.15998
1.08044
1.01657
1.03202
1.06575
1.06022
1.02117
0.943217
0.893236
0.963588
0.987255
1.05126
0.995557
1.01372
0.987871
1.01609
0.975131
1.00044
0.932214
0.96132
1.04252
0.965796
0.999468
1.05684
1.07244
1.10401
1.19632
1.11484
1.12263
1.09303
1.04698
0.968781
0.942711
0.942903
0.930519
0.914906
0.919446
0.859252
0.891682
0.916204
0.896775
0.83717
0.823082
0.913991
0.888492
0.89422
0.957712
0.870309
0.957717
1.05066
1.11093
1.02857
1.00264
1.00748
0.961995
0.958173
0.986085
0.951829
1.02893
1.06561
1.01417
1.02643
0.996537
0.976853
0.940163
0.948726
0.997708
0.975215
1.00946
0.919351
0.913355
0.967028
0.900027
0.848418
0.94791
0.93154
0.914927
0.924668
0.909862
0.869691
0.869691
0.77526
0.851974
0.828784
0.82588
0.901041
0.855772
0.840678
0.874452
0.839589
0.898981
0.856791
0.894769
0.897139
0.968331
0.968331
0.968331
0.991452
0.972401
1.05934
1.07879
1.11182
1.10157
1.1179
1.11115
1.11115
1.11115
1.14871
1.08518
1.12766
1.11518
1.09038
1.09962
1.09962
1.07853
1.04186
1.04186
1.09937
1.13975
1.16642
1.16062
1.16062
1.12898
1.1413
1.07263
1.03157
1.03157
1.08832
1.03322
0.995221
0.962679
0.890982
0.858964
0.806847
0.785906
0.794884
0.777813
0.858393
0.900047
0.958297
0.958297
0.920467
1.00176
0.982929
0.957035
0.957035
0.888982
0.92593
0.832094
0.772233
0.696215
0.681899
0.622546
0.58739
0.6068
0.579321
0.579321
0.55758
0.566294
0.570413
0.542099
0.552343
0.571485
0.588418
0.6409
0.711701
0.658338
0.658324
0.628606
0.675623
0.678041
0.687629
0.745353
0.774268
0.706435
0.629997
0.543684
0.480914
0.480914
0.43647
0.43647
0.43647
0.500357
0.526009
0.557519
0.517524
0.5385
0.541073
0.544041
0.614599
0.561729
0.604189
0.55896
0.525383
0.504787
0.543974
0.603885
0.513433
0.498609
0.49613
0.475539
0.486131
0.50725
0.597876
0.615648
0.703664
0.707986
0.706166
0.711084
0.670471
0.741411
0.735563
0.735563
0.778692
0.814236
0.809913
0.879645
0.826725
0.767141
0.677065
0.579403
0.574685
0.579669
0.590862
0.590862
0.591566
0.669379
0.619131
0.597474
0.597474
0.664864
0.664864
0.645115
0.692763
0.737064
0.760278
0.760278
0.711718
0.804933
0.758094
0.822203
0.822203
0.827522
0.823719
0.790429
0.749908
0.718212
0.687161
0.658879
0.602192
0.646165
0.622332
0.622332
0.579567
0.550305
0.473138
0.473138
0.426316
0.477231
0.526857
0.501736
0.478577
0.494126
0.507471
0.507471
0.496272
0.496272
0.465649
0.42025
0.42025
0.50083
0.516156
0.573229
0.591985
0.500713
0.582807
0.622818
0.574252
0.610062
0.610062
0.638635
0.607884
0.685591
0.621065
0.549964
0.499342
0.453032
0.50562
0.50562
0.534607
0.555047
0.593864
0.595845
0.617669
0.653581
0.613859
0.693239
0.67469
0.761185
0.837124
0.819433
0.827353
0.784487
0.80078
0.817772
0.863047
0.829808
0.834234
0.829128
0.819814
0.818494
0.761049
0.791163
0.787166
0.839674
0.767726
0.767726
0.808104
0.784761
0.784761
0.746722
0.670687
0.708873
0.676988
0.671576
0.640587
0.629206
0.653257
0.629035
0.646493
0.570831
0.572258
0.603788
0.625191
0.567451
0.575488
0.575488
0.65675
0.640325
0.589502
0.586393
0.624771
0.646121
0.66359
0.714268
0.707098
0.697669
0.646405
0.601279
0.639301
0.664899
0.691829
0.711939
0.698426
0.759032
0.791129
0.695118
0.780069
0.728222
0.662572
0.714701
0.678952
0.701768
0.602687
0.553911
0.621868
0.66583
0.729516
0.729516
0.665642
0.583904
0.608438
0.547378
0.493328
0.479022
0.52802
0.611793
0.645821
0.585994
0.590395
0.590395
0.639092
0.639092
0.634514
0.66945
0.66945
0.66945
0.707452
0.633635
0.643456
0.704285
0.64709
0.736828
0.637405
0.628239
0.596332
0.506184
0.506184
0.506184
0.490755
0.438787
0.466433
0.536017
0.592301
0.637604
0.692333
0.692333
0.668905
0.650641
0.635609
0.62824
0.676356
0.676356
0.592298
0.526056
0.526056
0.506226
0.492706
0.547205
0.566699
0.603275
0.551237
0.570368
0.575983
0.599287
0.599287
0.623771
0.61291
0.65291
0.599214
0.662775
0.577301
0.577301
0.63324
0.615056
0.602419
0.589782
0.589782
0.651812
0.63895
0.708675
0.771491
0.771491
0.759604
0.686988
0.729035
0.694913
0.703721
0.784084
0.765957
0.747543
0.718941
0.68514
0.650167
0.677483
0.690015
0.690015
0.683219
0.693434
0.668417
0.656776
0.598213
0.641054
0.605739
0.623008
0.671575
0.664659
0.623966
0.629506
0.695944
0.695944
0.695944
0.712092
0.696336
0.696336
0.691941
0.691941
0.691941
0.655282
0.669742
0.725922
0.747351
0.735779
0.687631
0.746524
0.706091
0.706091
0.733575
0.733575
0.702848
0.681467
0.631445
0.683443
0.683443
0.650209
0.650209
0.570184
0.572763
0.572763
0.669944
0.598163
0.549087
0.603598
0.566873
0.525877
0.581674
0.565464
0.548582
0.519257
0.519257
0.519257
0.458861
0.460023
0.453413
0.453413
0.525807
0.541095
0.528761
0.562901
0.507879
0.45959
0.45959
0.47986
0.523748
0.523748
0.508235
0.4928
0.4928
0.553013
0.640172
0.60567
0.60567
0.60567
0.636592
0.704745
0.73593
0.668909
0.735768
0.650496
0.56403
0.56403
0.600214
0.600214
0.602969
0.679077
0.679077
0.680603
0.638469
0.576506
0.60843
0.60843
0.589338
0.530299
0.543341
0.579861
0.579861
0.608759
0.692745
0.612852
0.654132
0.682277
0.700297
0.767457
0.761274
0.822824
0.785923
0.798208
0.767646
0.744585
0.682182
0.753554
0.744476
0.689734
0.669034
0.655685
0.671434
0.605081
0.70237
0.654924
0.629653
0.587257
0.587257
0.587257
0.586098
0.608004
0.639774
0.681149
0.600066
0.682821
0.665514
0.636622
0.636534
0.591904
0.529917
0.595227
0.645839
0.645839
0.69409
0.750046
0.824033
0.77095
0.751859
0.760293
0.73088
0.738838
0.691025
0.688988
0.600528
0.595786
0.553828
0.585742
0.62275
0.62275
0.62275
0.641018
0.599504
0.599504
0.599504
0.662621
0.717207
0.758615
0.702383
0.716933
0.745083
0.733827
0.771697
0.771697
0.730554
0.720335
0.715471
0.708265
0.671402
0.635123
0.675778
0.717771
0.732562
0.747997
0.807036
0.807036
0.775781
0.757684
0.734485
0.644448
0.675023
0.727358
0.722195
0.701134
0.701134
0.701134
0.663492
0.661083
0.562056
0.562056
0.627549
0.567496
0.567496
0.566899
0.566899
0.566899
0.566899
0.556475
0.546883
0.53661
0.511397
0.575381
0.575381
0.593411
0.600361
0.600361
0.56508
0.528439
0.540332
0.533561
0.497528
0.520272
0.51531
0.551771
0.599699
0.58248
0.624432
0.666598
0.631754
0.693112
0.692075
0.739385
0.759237
0.736429
0.736429
0.736429
0.69365
0.784542
0.734306
0.734306
0.649428
0.582059
0.553975
0.553975
0.548686
0.590961
0.649597
0.669752
0.62979
0.62979
0.671137
0.671137
0.627776
0.700333
0.699107
0.699107
0.609303
0.679474
0.750266
0.739157
0.71017
0.700042
0.700042
0.726764
0.686003
0.662711
0.635494
0.701492
0.686504
0.717775
0.664998
0.593037
0.593037
0.583432
0.583432
0.663665
0.617043
0.695478
0.740023
0.687205
0.701748
0.783863
0.733788
0.680519
0.629093
0.629093
0.629093
0.565972
0.612982
0.670995
0.670995
0.726993
0.726993
0.638934
0.638934
0.695921
0.627134
0.627134
0.663624
0.651491
0.57808
0.580055
0.565853
0.585696
0.585696
0.585696
0.58963
0.646413
0.567084
0.567084
0.645016
0.645016
0.670651
0.609448
0.599671
0.599671
0.599671
0.599671
0.645734
0.708519
0.708519
0.625977
0.593493
0.557283
0.557283
0.501879
0.501112
0.565568
0.632768
0.678244
0.678244
0.681372
0.681372
0.681372
0.711864
0.719852
0.755836
0.755836
0.733917
0.733917
0.694729
0.78492
0.721873
0.721873
0.77666
0.863589
0.880882
0.880882
0.890767
0.895863
0.821215
0.778328
0.856211
0.797438
0.795461
0.746071
0.75873
0.743372
0.67148
0.713833
0.713833
0.713833
0.733559
0.763927
0.804421
0.800503
0.735959
0.819183
0.819183
0.831991
0.867648
0.867648
0.849024
0.922867
0.839989
0.864636
0.84695
0.834646
0.773912
0.773912
0.859582
0.917737
0.95789
0.909088
0.909088
0.833711
0.743134
0.74203
0.74203
0.808216
0.7847
0.801764
0.893114
0.835314
0.866834
0.863157
0.86856
0.846853
0.842352
0.868398
0.788433
0.835448
0.779251
0.779251
0.779251
0.869748
0.942787
0.989087
0.992759
1.02682
1.11172
1.11172
1.18148
1.18348
1.18348
1.18348
1.19669
1.25507
1.2353
1.30194
1.32501
1.2607
1.2607
1.2607
1.25056
1.26494
1.26494
1.26523
1.22646
1.22814
1.20441
1.14796
1.14796
1.14572
1.21274
1.21274
1.21274
1.21274
1.14727
1.12055
1.0496
1.11301
1.17133
1.10243
1.1042
1.1096
1.05441
1.05806
1.01571
1.024
0.979546
0.979546
0.966157
0.982541
1.05844
1.059
1.04652
1.03933
0.98857
0.989368
0.994558
1.01155
0.941109
0.863971
0.867371
0.859956
0.902678
0.967387
1.00332
1.00213
0.972918
0.97954
1.04348
1.04348
1.05286
1.09789
1.08831
1.07905
0.996113
0.993098
0.993098
0.94009
1.01999
0.966107
0.937853
0.87572
0.806141
0.768772
0.784797
0.788627
0.738949
0.814578
0.814578
0.827239
0.777336
0.761338
0.761691
0.701711
0.759838
0.784979
0.799104
0.848157
0.908071
0.93991
0.867471
0.884358
0.897723
0.895694
0.878813
0.843152
0.834822
0.752358
0.806385
0.867155
0.867155
0.956704
0.956704
1.00272
1.02759
0.941919
1.03874
1.05066
1.10833
1.10833
1.11167
1.09316
1.09316
1.14041
1.10265
1.04134
1.04134
1.05248
1.04583
0.956449
0.956449
1.03805
0.979441
0.979441
1.07576
1.12518
1.12743
1.1723
1.12385
1.12785
1.10356
1.12143
1.035
1.06811
1.06157
1.06157
0.965722
0.935445
1.01708
0.952715
0.88527
0.905412
0.932741
0.945646
0.931958
0.933705
0.940055
0.940055
1.01868
0.994856
0.992403
1.02678
0.980882
0.906596
0.995997
1.08204
1.11251
1.11251
1.04303
0.960563
0.988969
0.93771
0.900049
0.924162
0.963234
0.990347
1.0411
1.0411
0.962387
1.01539
1.01539
0.975714
0.939091
0.873171
0.926019
0.894684
0.91312
0.904036
0.900513
0.900513
0.900513
0.858063
0.883743
0.916249
0.916249
0.9373
0.989895
1.0217
1.0217
0.940065
0.98718
0.967921
0.973738
0.974749
0.921793
0.921793
0.921793
0.921793
0.939369
0.906425
0.932426
0.881271
0.977324
0.961121
0.921963
1.01065
1.07563
1.12257
1.18391
1.18391
1.18391
1.09441
1.09441
1.05725
1.05606
1.0084
0.991507
0.977298
1.02348
1.01388
1.01388
1.01388
1.03097
1.01193
0.98933
0.98933
0.919898
0.919898
0.909792
0.978615
0.995212
1.09213
1.16677
1.16677
1.10184
1.10184
1.09254
1.14936
1.19338
1.19338
1.19338
1.19338
1.14681
1.06971
1.03676
1.00388
1.02943
1.05323
1.06312
1.06312
1.06312
1.06594
1.06594
1.06594
1.06594
1.11549
1.0228
0.952976
0.877034
0.877034
0.829245
0.829828
0.798369
0.865563
0.872718
0.890384
0.960363
0.974239
1.00149
0.963539
0.946875
0.996694
0.919978
0.878714
0.884778
0.90566
0.832656
0.832656
0.862681
0.840364
0.840364
0.851382
0.899991
0.969072
0.91627
0.999149
0.951714
0.868454
0.828875
0.905978
0.858004
0.865856
0.914511
0.914511
0.97338
1.00034
1.08293
1.12478
1.14492
1.11042
1.11042
1.11042
1.11042
1.12801
1.13874
1.12476
1.12476
1.08553
1.03004
1.03004
0.964663
0.899444
0.899155
0.892141
0.892141
0.811983
0.811983
0.811983
0.862255
0.839
0.809697
0.765124
0.734451
0.749665
0.684619
0.723823
0.762773
0.717984
0.717984
0.717984
0.652563
0.652563
0.557078
0.557078
0.533449
0.533449
0.533449
0.60463
0.60463
0.508738
0.568097
0.619109
0.65477
0.584748
0.625356
0.683968
0.716073
0.716073
0.641334
0.662674
0.691711
0.616794
0.562989
0.562989
0.62548
0.59362
0.586742
0.55723
0.55723
0.55723
0.55723
0.550926
0.600474
0.612101
0.612101
0.569467
0.571836
0.528372
0.566768
0.641029
0.617362
0.598721
0.598721
0.598721
0.572265
0.641609
0.608376
0.580958
0.641528
0.641528
0.641528
0.703897
0.743592
0.678101
0.693554
0.693554
0.685781
0.667802
0.667802
0.667802
0.722095
0.749203
0.720695
0.786352
0.707456
0.639184
0.573449
0.595843
0.594421
0.594421
0.594421
0.53166
0.550485
0.567482
0.57495
0.527669
0.61161
0.696165
0.681119
0.681119
0.681119
0.656936
0.622177
0.635939
0.581877
0.581877
0.610849
0.624764
0.673058
0.59938
0.534324
0.619009
0.653842
0.653842
0.619872
0.542213
0.615821
0.638145
0.702883
0.702883
0.685666
0.705873
0.729622
0.715273
0.715273
0.651158
0.718663
0.718663
0.739787
0.739787
0.704007
0.704007
0.648666
0.648666
0.584754
0.585806
0.585806
0.667204
0.637249
0.669157
0.63868
0.56196
0.586196
0.655095
0.737769
0.737769
0.750714
0.750714
0.776225
0.718378
0.701731
0.700539
0.687496
0.610986
0.610986
0.547773
0.626535
0.600878
0.608257
0.608257
0.691618
0.699253
0.620768
0.620768
0.709586
0.76555
0.81365
0.81365
0.848437
0.846684
0.82302
0.82302
0.773612
0.709627
0.709627
0.661891
0.687895
0.687895
0.687895
0.668335
0.66454
0.577162
0.673037
0.723641
0.627288
0.657487
0.713958
0.786807
0.703834
0.703834
0.664438
0.685949
0.668057
0.709617
0.655737
0.602082
0.618247
0.618247
0.618247
0.647215
0.69712
0.771187
0.8505
0.791843
0.781266
0.752277
0.772419
0.763919
0.725466
0.668667
0.668391
0.660842
0.696266
0.688259
0.69079
0.618755
0.640327
0.640327
0.562867
0.529731
0.583519
0.576474
0.576474
0.576474
0.568326
0.575851
0.616814
0.672131
0.663698
0.621239
0.643496
0.646698
0.608129
0.697212
0.714889
0.714889
0.714889
0.714889
0.713114
0.666737
0.645226
0.634867
0.697032
0.680641
0.678522
0.663059
0.682612
0.625057
0.625057
0.624676
0.599269
0.638143
0.632209
0.632209
0.569736
0.565073
0.565073
0.649754
0.572841
0.572841
0.572841
0.594856
0.594856
0.621677
0.621677
0.613626
0.652991
0.746996
0.801501
0.801501
0.835599
0.829972
0.806962
0.740446
0.8009
0.817414
0.796203
0.796203
0.723951
0.65843
0.709348
0.756048
0.756048
0.772932
0.807468
0.839691
0.793191
0.793191
0.793191
0.793191
0.740258
0.728936
0.758164
0.758164
0.674638
0.641359
0.641359
0.606258
0.634102
0.619714
0.619714
0.619714
0.619714
0.619714
0.619714
0.573399
0.599289
0.61891
0.61891
0.61891
0.592387
0.592387
0.583308
0.647165
0.565871
0.565871
0.552529
0.579629
0.60436
0.625565
0.625565
0.630567
0.630567
0.600319
0.590956
0.61167
0.657088
0.647577
0.685646
0.721152
0.721152
0.64319
0.61501
0.61501
0.551154
0.551154
0.551154
0.551154
0.578986
0.571204
0.571204
0.496039
0.525723
0.556531
0.537389
0.537389
0.537389
0.537389
0.562379
0.562379
0.562379
0.646154
0.589692
0.589692
0.589692
0.612998
0.666087
0.623768
0.651586
0.702842
0.702842
0.715755
0.710994
0.647397
0.662051
0.576157
0.576157
0.628872
0.6618
0.570026
0.6087
0.6087
0.659967
0.665326
0.66147
0.615516
0.558412
0.639879
0.653416
0.574766
0.645059
0.645059
0.555942
0.555942
0.604899
0.582512
0.615721
0.598249
0.5937
0.5937
0.642138
0.561523
0.586173
0.595135
0.66854
0.618638
0.602669
0.602669
0.626706
0.626706
0.645199
0.645199
0.645199
0.725858
0.725858
0.758955
0.747036
0.77052
0.77052
0.716958
0.677753
0.590759
0.578307
0.669853
0.669853
0.636427
0.636427
0.637683
0.620633
0.620633
0.573924
0.573924
0.64812
0.634161
0.634161
0.634161
0.634161
0.691975
0.621726
0.621726
0.527449
0.541608
0.629629
0.665198
0.670261
0.628599
0.599983
0.656798
0.623874
0.595263
0.57896
0.632804
0.648209
0.563324
0.654158
0.613138
0.613138
0.572038
0.524333
0.584394
0.633945
0.706484
0.706484
0.706484
0.723633
0.725641
0.725641
0.77776
0.770231
0.770231
0.679573
0.767446
0.771052
0.764817
0.676794
0.650259
0.614002
0.609311
0.62356
0.62356
0.62356
0.62356
0.547861
0.632896
0.572697
0.546764
0.566788
0.566788
0.546464
0.586636
0.594587
0.630104
0.630104
0.648711
0.73832
0.713142
0.690654
0.629142
0.595454
0.568071
0.610782
0.610782
0.598541
0.598541
0.598541
0.598541
0.613734
0.621061
0.578718
0.578718
0.560426
0.58658
0.58658
0.606617
0.612486
0.67083
0.698948
0.723536
0.723536
0.691998
0.691998
0.639926
0.637025
0.597095
0.691392
0.691392
0.630121
0.616742
0.601548
0.632701
0.632701
0.632701
0.606719
0.629447
0.629447
0.678311
0.671633
0.640941
0.620729
0.620729
0.672376
0.583556
0.606073
0.614297
0.622069
0.627565
0.545323
0.491793
0.491793
0.520382
0.605899
0.553996
0.587008
0.587008
0.587008
0.68118
0.68118
0.721685
0.759088
0.750891
0.750891
0.750891
0.750891
0.732728
0.736472
0.663685
0.663685
0.669415
0.601003
0.643488
0.666316
0.666316
0.666316
0.666316
0.639484
0.667301
0.681598
0.625642
0.625642
0.625642
0.625642
0.623915
0.549491
0.60488
0.609994
0.559621
0.559621
0.559621
0.558383
0.558383
0.57464
0.595656
0.578212
0.578212
0.578212
0.651115
0.651115
0.651115
0.669405
0.669405
0.669405
0.697205
0.681037
0.655983
0.661329
0.652962
0.652962
0.557372
0.557372
0.557372
0.557372
0.640981
0.640981
0.621457
0.57725
0.643084
0.610099
0.610099
0.595287
0.576111
0.576111
0.624607
0.624607
0.604117
0.57802
0.57802
0.59904
0.650928
0.650928
0.650928
0.636207
0.636207
0.636207
0.636207
0.656109
0.577202
0.569722
0.585215
0.594374
0.532383
0.573573
0.601037
0.638983
0.608579
0.629429
0.686643
0.708369
0.789485
0.698052
0.643503
0.643503
0.600559
0.620403
0.605195
0.548928
0.591473
0.5714
0.5714
0.5714
0.5714
0.5714
0.5714
0.592815
0.595258
0.567186
0.536483
0.536483
0.536483
0.574026
0.63327
0.63327
0.63327
0.554299
0.638292
0.638292
0.638292
0.703264
0.641096
0.641096
0.641096
0.611299
0.630165
0.619628
0.619628
0.566561
0.551852
0.595553
0.635937
0.67921
0.703168
0.639509
0.639509
0.600386
0.598874
0.598874
0.598874
0.580327
0.580327
0.628978
0.561796
0.561796
0.553421
0.553421
0.62244
0.650424
0.602371
0.582924
0.541461
0.561491
0.635516
0.550904
0.599743
0.588751
0.588751
0.588751
0.5419
0.5419
0.539997
0.520149
0.520149
0.578557
0.578557
0.578557
0.605201
0.605201
0.605201
0.58688
0.645381
0.674696
0.604701
0.609954
0.609954
0.609954
0.6683
0.718905
0.718905
0.62421
0.62421
0.62421
0.64325
0.590777
0.590777
0.590777
0.590777
0.584109
0.59642
0.67986
0.720181
0.670599
0.597323
0.612844
0.612844
0.677786
0.689659
0.689659
0.689659
0.686488
0.684149
0.684149
0.684149
0.684149
0.684149
0.636201
0.636201
0.565411
0.545769
0.615152
0.586255
0.586255
0.586255
0.632179
0.632179
0.633139
0.613903
0.588977
0.592768
0.592768
0.56457
0.54557
0.54557
0.547636
0.547636
0.547636
0.547636
0.629344
0.660935
0.660935
0.700166
0.749423
0.775443
0.831409
0.831409
0.831409
0.762469
0.723735
0.723735
0.741363
0.736486
0.736486
0.698266
0.698266
0.698266
0.698266
0.757773
0.790356
0.790356
0.790356
0.739642
0.707169
0.721012
0.689698
0.689698
0.648049
0.697448
0.724167
0.683275
0.653149
0.653149
0.585721
0.585721
0.601022
0.601022
0.629641
0.681507
0.680217
0.627325
0.554358
0.554358
0.592934
0.628506
0.598798
0.598798
0.61913
0.673173
0.673173
0.597026
0.63073
0.650127
0.597346
0.65569
0.587064
0.607116
0.607116
0.654131
0.65394
0.653213
0.68824
0.68824
0.660297
0.588894
0.658323
0.658323
0.589772
0.589772
0.567779
0.556967
0.556967
0.556967
0.587994
0.587994
0.587994
0.520925
0.568338
0.568338
0.583101
0.583101
0.583101
0.597139
0.594787
0.594787
0.660446
0.660446
0.716534
0.675418
0.638458
0.636626
0.636626
0.591517
0.555439
0.555439
0.555439
0.498492
0.587592
0.578379
0.578379
0.578379
0.578379
0.563518
0.563518
0.571223
0.575708
0.575708
0.644288
0.579839
0.579839
0.644681
0.644681
0.644681
0.603482
0.603482
0.603482
0.603482
0.64314
0.597417
0.662497
0.59295
0.59295
0.644278
0.618772
0.595377
0.595377
0.63096
0.63096
0.63096
0.554104
0.546759
0.588251
0.63049
0.684783
0.684783
0.691916
0.646988
0.646988
0.620273
0.637521
0.637521
0.637521
0.681114
0.681114
0.681114
0.65837
0.65837
0.73628
0.731638
0.726557
0.762429
0.762429
0.762429
0.762429
0.762429
0.762429
0.762429
0.722055
0.722055
0.70908
0.662962
0.652889
0.617467
0.617467
0.585971
0.607214
0.605405
0.605405
0.605405
0.605405
0.607232
0.607232
0.621988
0.616316
0.679783
0.679783
0.679783
0.679783
0.679783
0.679783
0.5999
0.5999
0.590593
0.590593
0.591883
0.649421
0.649421
0.672765
0.586256
0.604026
0.614978
0.614978
0.655423
0.643157
0.566481
0.566481
0.566481
0.662982
0.662982
0.662982
0.648307
0.569379
0.618175
0.618175
0.615076
0.561563
0.517254
0.526405
0.539217
0.539217
0.568843
0.609637
0.691626
0.618899
0.618899
0.620866
0.630937
0.592563
0.592563
0.638909
0.655951
0.655951
0.655951
0.655951
0.655951
0.597963
0.617566
0.58244
0.538243
0.635509
0.662807
0.662807
0.652359
0.601949
0.631481
0.610627
0.548803
0.601833
0.627059
0.627059
0.555678
0.555678
0.532521
0.562166
0.572917
0.626797
0.593156
0.638132
0.608265
0.646606
0.646606
0.646606
0.688
0.688
0.621424
0.621424
0.628604
0.628604
0.720427
0.720427
0.642957
0.607775
0.593637
0.593637
0.593637
0.593637
0.622362
0.593802
0.609321
0.685711
0.685711
0.685711
0.676256
0.637948
0.669785
0.591344
0.655395
0.749527
0.787475
0.787475
0.765439
0.765439
0.693292
0.693292
0.711054
0.711054
0.713525
0.713525
0.713525
0.713525
0.672098
0.672098
0.672098
0.658018
0.652543
0.652543
0.688118
0.678045
0.65454
0.65454
0.633161
0.633161
0.564913
0.599418
0.599418
0.599418
0.599418
0.599418
0.599418
0.542693
0.542693
0.618284
0.590784
0.626645
0.626645
0.626645
0.626645
0.626645
0.626645
0.654107
0.654107
0.654107
0.654107
0.654107
0.578616
0.578616
0.578616
0.596728
0.596728
0.596728
0.592429
0.626217
0.626217
0.626217
0.626217
0.576913
0.576913
0.576913
0.595354
0.568795
0.589887
0.618199
0.618199
0.618199
0.61792
0.61792
0.630953
0.620928
0.620928
0.643028
0.562616
0.566205
0.653954
0.631134
0.631134
0.631134
0.631134
0.631134
0.706711
0.728459
0.72129
0.659189
0.669731
0.669731
0.662032
0.686739
0.644569
0.644569
0.669868
0.669868
0.601303
0.601303
0.601303
0.601303
0.60686
0.60686
0.60686
0.60686
0.640044
0.631776
0.641669
0.641669
0.641669
0.641669
0.609208
0.609208
0.609208
0.607058
0.650642
0.646731
0.646731
0.646731
0.68039
0.681586
0.681586
0.681586
0.638141
0.668487
0.668487
0.629896
0.63607
0.580712
0.580712
0.572033
0.598752
0.598752
0.581213
0.581213
0.581213
0.581213
0.581213
0.581213
0.581213
0.581213
0.66915
0.66915
0.607918
0.607918
0.607918
0.618969
0.618969
0.618969
0.618969
0.618969
0.54178
0.575057
0.571925
0.571925
0.600848
0.600848
0.600848
0.653689
0.653689
0.648034
0.638591
0.60629
0.602777
0.602777
0.687498
0.61989
0.592934
0.563418
0.563418
0.576388
0.576388
0.576388
0.576388
0.571956
0.571956
0.60578
0.60578
0.60578
0.652157
0.686519
0.699035
0.693895
0.693895
0.716427
0.740699
0.740699
0.766755
0.755106
0.682625
0.738709
0.738709
0.738709
0.723306
0.64428
0.64428
0.64428
0.64428
0.64428
0.64428
0.64428
0.64428
0.613594
0.613594
0.613594
0.60296
0.596935
0.596935
0.596935
0.596935
0.596935
0.559626
0.54301
0.539079
0.539079
0.539079
0.539079
0.606312
0.606312
0.606312
0.606312
0.606312
0.600209
0.600209
0.618094
0.593969
0.546609
0.582678
0.582678
0.582678
0.582678
0.582678
0.591471
0.650488
0.650488
0.650488
0.650488
0.67337
0.664828
0.664828
0.582534
0.644375
0.678515
0.678515
0.678515
0.678515
0.678515
0.644606
0.638338
0.697243
0.665244
0.665244
0.665244
0.666804
0.672769
0.598714
0.598714
0.598714
0.598714
0.561869
0.561869
0.586974
0.674913
0.674913
0.691975
0.714325
0.700882
0.698542
0.676553
0.676553
0.676553
0.676553
0.719328
0.719328
0.675284
0.652689
0.732517
0.653831
0.653831
0.653775
0.653775
0.605474
0.605474
0.605474
0.605474
0.605474
0.605474
0.65142
0.65142
0.65142
0.6021
0.6021
0.580913
0.634353
0.634353
0.634353
0.634353
0.634353
0.634353
0.634353
0.601464
0.601464
0.628076
0.60512
0.67624
0.610998
0.610998
0.655966
0.597165
0.597165
0.597165
0.597165
0.618157
0.618157
0.618157
0.618157
0.618157
0.54954
0.621307
0.65536
0.754345
0.754345
0.815755
0.747402
0.747402
0.747402
0.686495
0.686495
0.686495
0.652999
0.689207
0.689207
0.689207
0.689207
0.615126
0.615126
0.594693
0.594693
0.657472
0.657472
0.665841
0.665841
0.665841
0.627446
0.650795
0.714941
0.714941
0.714714
0.714714
0.638872
0.687781
0.5915
0.569494
0.580498
0.59837
0.59837
0.65027
0.65027
0.65027
0.65027
0.563726
0.563726
0.563726
0.563726
0.592017
0.592017
0.592017
0.634431
0.6247
0.619689
0.577229
0.577229
0.577229
0.577229
0.577229
0.577229
0.577229
0.577229
0.599508
0.599508
0.599508
0.599508
0.599508
0.599508
0.599508
0.599508
0.593717
0.593717
0.627877
0.640139
0.640139
0.640139
0.611184
0.611184
0.611184
0.611184
0.635045
0.622428
0.622428
0.622428
0.622428
0.622428
0.666704
0.736489
0.647354
0.647354
0.589629
0.632368
0.632368
0.632368
0.577886
0.577886
0.577886
0.574816
0.594339
0.594339
0.594339
0.594339
0.594339
0.627568
0.627568
0.627568
0.627568
0.627568
0.665868
0.578866
0.578866
0.578866
0.578866
0.578866
0.629483
0.664014
0.664014
0.690426
0.690426
0.706133
0.715703
0.715703
0.664607
0.664607
0.72165
0.757556
0.757556
0.757556
0.681762
0.681762
0.668445
0.668445
0.668445
0.668445
0.668445
0.668445
0.656015
0.643929
0.619832
0.619832
0.624299
0.624299
0.601851
0.627
0.628674
0.628674
0.628674
0.682968
0.631243
0.631243
0.631243
0.631243
0.591038
0.591038
0.591038
0.574923
0.574923
0.589718
0.615797
0.615797
0.615797
0.585507
0.585507
0.585507
0.557839
0.557839
0.552353
0.552353
0.596652
0.596652
0.632853
0.632853
0.632853
0.632853
0.632853
0.632853
0.632853
0.632853
0.632853
0.632853
0.673867
0.673867
0.673867
0.679291
0.679291
0.679291
0.679291
0.679291
0.679291
0.679291
0.68976
0.61956
0.61956
0.61956
0.61956
0.615803
0.615803
0.615803
0.615803
0.615803
0.615803
0.674138
0.591534
0.630571
0.630571
0.639013
0.639013
0.630616
0.630616
0.630616
0.630616
0.630616
0.630616
0.582336
0.582336
0.582336
0.582336
0.582336
0.582336
0.582336
0.63248
0.640941
0.640941
0.58769
0.623306
0.630547
0.66948
0.66948
0.674684
0.674684
0.590193
0.590193
0.590193
0.590193
0.590193
0.590193
0.590193
0.590193
0.603302
0.603302
0.582711
0.582711
0.582711
0.582711
0.653314
0.62262
0.62262
0.62262
0.601257
0.64282
0.64282
0.597682
0.597682
0.591944
0.591944
0.591944
0.591944
0.591944
0.591944
0.571046
0.571046
0.579632
0.579632
0.579632
0.579632
0.620721
0.620721
0.620721
0.563743
0.563743
0.563743
0.611845
0.611845
0.6307
0.603666
0.603666
0.603666
0.603666
0.656581
0.656581
0.656581
0.656581
0.656581
0.656581
0.656581
0.656581
0.656581
0.656581
0.656581
0.656581
0.656581
0.656581
0.656581
0.616565
0.631585
0.631585
0.631585
0.666861
0.61741
0.61741
0.61741
0.61741
0.61741
0.61741
0.61741
0.61741
0.61741
0.61741
0.61741
0.61741
0.636393
0.636393
0.636393
0.636393
0.636393
0.636393
0.623417
0.623417
0.623417
0.623417
0.623417
0.695805
0.695805
0.695805
0.625302
0.625302
0.625302
0.625302
0.645843
0.645843
0.645843
0.685043
0.685043
0.604562
0.604562
0.600885
0.600885
0.600885
0.600885
0.600885
0.600885
0.604182
0.651684
0.594915
0.594915
0.594915
0.594915
0.591898
0.591898
0.6222
0.6222
0.6222
0.6222
0.6222
0.581231
0.581231
0.66604
0.596153
0.673374
0.648274
0.648274
0.648274
0.574397
0.574397
0.574397
0.574397
0.574397
0.574397
0.574397
0.596419
0.596419
0.596419
0.596419
0.596419
0.596419
0.611439
0.595678
0.627041
0.627041
0.627041
0.627041
0.627041
0.627041
0.627041
0.627041
0.627041
0.627041
0.627041
0.627041
0.627041
0.627041
0.586912
0.586912
0.586912
0.586912
0.586912
0.586912
0.632382
0.632382
0.635072
0.635072
0.635072
0.645352
0.645352
0.645352
0.645352
0.617065
0.619382
0.620258
0.620258
0.620258
0.620258
0.620258
0.620258
0.620258
0.620258
0.620258
0.620258
0.620258
0.620258
0.620258
0.620258
0.620258
0.620258
0.620258
0.620258
0.620258
0.620258
0.620258
0.620258
0.620258
0.620258
0.620258
0.652173
0.638588
0.638588
0.638588
0.638588
0.638588
0.614203
0.614203
0.619932
0.619932
0.619932
0.619932
0.622211
0.622211
0.615413
0.615413
0.619552
0.619552
0.619552
0.619552
0.619552
0.619552
0.619552
0.619552
0.619552
0.619552
0.627416
0.627416
0.627416
0.627416
0.627416
0.667565
0.635441
0.64577
0.64577
0.64577
0.663743
0.669512
0.669512
0.61581
0.61581
0.589869
0.589869
0.589869
0.617851
0.617851
0.671551
0.671551
0.671551
0.671551
0.671551
0.661916
0.661916
0.661916
0.661916
0.689868
0.689868
0.633211
0.579012
0.579012
0.579012
0.580901
0.580901
0.62026
0.62026
0.642723
0.668043
0.668043
0.66473
0.66473
0.60378
0.576603
0.576603
0.639784
0.639784
0.639784
0.639784
0.639784
0.639784
0.639784
0.639784
0.639784
0.639784
0.639784
0.613659
0.613659
0.589129
0.589129
0.589129
0.583643
0.583643
0.576369
0.576369
0.558706
0.557862
0.557862
0.557862
0.557862
0.557862
0.557862
0.557862
0.627589
0.627589
0.627589
0.627589
0.627589
0.627589
0.627589
0.627589
0.627589
0.627589
0.627589
0.627589
0.627589
0.627589
0.627589
0.627589
0.627589
0.627589
0.627589
0.627589
0.627589
0.627589
0.627589
0.627589
0.627589
0.627589
0.6176
0.6176
0.6176
0.6176
0.572969
0.577872
0.589105
0.589105
0.589105
0.664896
0.664896
0.587089
0.587089
0.587089
0.576441
0.576441
0.610885
0.610885
0.610885
0.610885
0.610885
0.63137
0.63137
0.63137
0.63137
0.63137
0.612304
0.612304
0.612304
0.612304
0.612304
0.612304
0.592415
0.592415
0.592415
0.60684
0.604858
0.604858
0.604858
0.604858
0.604858
0.604858
0.660103
0.660103
0.660103
0.660103
0.660103
0.660103
0.626366
0.626366
0.683858
0.589387
0.589387
0.589387
0.589387
0.589387
0.589387
0.589387
0.624227
0.624227
0.677915
0.677915
0.677915
0.582019
0.582019
0.582019
0.659781
0.659781
0.659781
0.659781
0.58944
0.58944
0.58944
0.58944
0.58944
0.679836
0.666854
0.666854
0.666854
0.618437
0.618437
0.618437
0.618437
0.618437
0.618437
0.618437
0.618437
0.618437
0.618437
0.618437
0.618437
0.618437
0.618437
0.618437
0.601873
0.601873
0.601873
0.601873
0.601873
0.601873
0.601873
0.601873
0.601873
0.601873
0.601873
0.601873
0.601873
0.601873
0.601873
0.601873
0.601159
0.601159
0.601159
0.659362
0.659362
0.659362
0.659719
0.634702
0.634702
0.562373
0.588682
0.589332
0.589332
0.589332
0.607529
0.667932
0.676116
0.643437
0.600171
0.600171
0.600171
0.600171
0.540955
0.57141
0.641991
0.641991
0.641991
0.651353
0.601494
0.601494
0.601494
0.601494
0.610789
0.610789
0.610789
0.625364
0.567185
0.589917
0.579721
0.579721
0.546878
0.607709
0.607709
0.607709
0.617982
0.579597
0.579597
0.579597
0.579597
0.579597
0.64412
0.64412
0.658399
0.658399
0.658399
0.612828
0.612828
0.612828
0.598743
0.673238
0.673238
0.673238
0.673238
0.616636
0.616636
0.616636
0.616636
0.612638
0.612638
0.612638
0.612638
0.612638
0.612638
0.561433
0.561433
0.561433
0.557787
0.557787
0.557787
0.557787
0.608458
0.608458
0.608458
0.608458
0.595797
0.603889
0.603889
0.567649
0.662171
0.662171
0.6407
0.6407
0.6407
0.6407
0.6407
0.637645
0.637645
0.594187
0.60995
0.60995
0.604542
0.591664
0.591664
0.591664
0.591664
0.602657
0.59548
0.59548
0.59548
0.615622
0.615622
0.615622
0.631073
0.631073
0.631073
0.631073
0.631073
0.631073
0.631073
0.633284
0.633284
0.613278
0.613278
0.613278
0.613278
0.596129
0.596129
0.596129
0.596129
0.634997
0.634997
0.627998
0.627998
0.627998
0.63351
0.636381
0.576684
0.576684
0.576684
0.576684
0.576684
0.604297
0.604297
0.671999
0.671999
0.671999
0.671999
0.714095
0.675392
0.675392
0.642597
0.650038
0.650038
0.650038
0.647544
0.647544
0.60815
0.606857
0.652972
0.672937
0.652367
0.57244
0.585099
0.585099
0.585099
0.606605
0.606605
0.571255
0.571255
0.571255
0.571255
0.587479
0.587479
0.616485
0.616485
0.616485
0.601837
0.601837
0.601837
0.601837
0.601837
0.601837
0.601837
0.56672
0.56672
0.56672
0.574709
0.574709
0.574709
0.574709
0.574709
0.574709
0.560208
0.61479
0.61479
0.61479
0.61479
0.61479
0.61479
0.61479
0.61479
0.61479
0.61479
0.61479
0.61479
0.61479
0.61479
0.61479
0.61479
0.61479
0.603388
0.603388
0.64387
0.594214
0.594214
0.609367
0.609367
0.575805
0.575805
0.575805
0.575805
0.575805
0.648568
0.648568
0.639303
0.639303
0.639303
0.639303
0.639303
0.639303
0.619129
0.619129
0.619129
0.571661
0.643635
0.643635
0.615302
0.577449
0.674964
0.656236
0.656236
0.615212
0.615212
0.615212
0.615212
0.615212
0.615212
0.615212
0.615212
0.615212
0.615212
0.6119
0.6119
0.612234
0.612234
0.605601
0.597074
0.641867
0.641867
0.641867
0.641867
0.641867
0.641867
0.641867
0.641867
0.641867
0.641867
0.641867
0.641867
0.561431
0.58505
0.615407
0.615407
0.615407
0.615407
0.615407
0.615407
0.615407
0.615407
0.615407
0.615407
0.615407
0.615407
0.615407
0.615407
0.680449
0.617561
0.617561
0.617561
0.617561
0.597378
0.611358
0.640607
0.640607
0.588405
0.588405
0.588405
0.588405
0.589735
0.589735
0.589735
0.589735
0.606206
0.606206
0.606206
0.606206
0.606206
0.606206
0.589987
0.589987
0.624048
0.624048
0.624048
0.624048
0.624048
0.624048
0.624048
0.624048
0.598262
0.598262
0.598262
0.598262
0.645719
0.63983
0.615306
0.615306
0.615306
0.631445
0.623694
0.623694
0.623694
0.623694
0.59183
0.59183
0.637638
0.586338
0.595921
0.595921
0.595921
0.595921
0.595921
0.595921
0.595921
0.595921
0.595921
0.662012
0.587957
0.645049
0.645049
0.645049
0.645049
0.645049
0.645049
0.620431
0.606536
0.615744
0.615744
0.615744
0.615744
0.615744
0.615744
0.615744
0.615744
0.615744
0.615744
0.615744
0.592564
0.592564
0.592564
0.592564
0.592564
0.592564
0.592564
0.592564
0.592564
0.620617
0.620617
0.620617
0.620617
0.620617
0.620617
0.620617
0.620617
0.59763
0.59763
0.59763
0.59763
0.59763
0.667313
0.658909
0.637008
0.637008
0.637008
0.637008
0.592427
0.604597
0.604597
0.604597
0.622213
0.622213
0.622213
0.622213
0.599451
0.599451
0.599451
0.615468
0.615468
0.615468
0.615468
0.602549
0.602549
0.602549
0.649158
0.649158
0.606998
0.625925
0.584762
0.584762
0.632169
0.632169
0.655266
0.615643
0.615643
0.615643
0.615643
0.615643
0.615643
0.622413
0.622413
0.622413
0.622413
0.622413
0.622413
0.563649
0.563649
0.563649
0.563649
0.65019
0.65019
0.64905
0.647137
0.647137
0.647137
0.707123
0.707123
0.707123
0.681485
0.663403
0.572612
0.572612
0.669642
0.643303
0.643303
0.643303
0.646402
0.646402
0.646402
0.646402
0.629748
0.629748
0.629748
0.606124
0.606124
0.606124
0.646721
0.646721
0.646721
0.632978
0.611443
0.611443
0.611443
0.611443
0.611443
0.611443
0.611443
0.665623
0.686769
0.653014
0.633786
0.678792
0.678792
0.678792
0.62884
0.596524
0.596524
0.596524
0.596524
0.596524
0.596524
0.64532
0.64532
0.64532
0.64532
0.64532
0.64532
0.64532
0.64532
0.64532
0.64532
0.64532
0.62188
0.62188
0.62188
0.62188
0.62188
0.62188
0.62188
0.62188
0.62188
0.619102
0.619102
0.619102
0.619102
0.619102
0.600392
0.600392
0.619472
0.619472
0.619472
0.619472
0.622274
0.622274
0.622274
0.622274
0.622274
0.622274
0.622274
0.622274
0.622274
0.622274
0.622274
0.622274
0.622274
0.621254
0.621254
0.621254
0.581617
0.581617
0.581617
0.581617
0.581617
0.581617
0.581617
0.611221
0.654906
0.612085
0.644217
0.606209
0.606209
0.606209
0.606209
0.613301
0.613301
0.613301
0.613301
0.613301
0.613301
0.613301
0.613301
0.613301
0.613301
0.602181
0.602181
0.602181
0.613432
0.581677
0.581677
0.581677
0.629742
0.629742
0.590665
0.658428
0.658428
0.658428
0.646695
0.646695
0.646695
0.616766
0.616766
0.616766
0.616766
0.616766
0.616766
0.616766
0.6045
0.6045
0.6045
0.6045
0.6045
0.6045
0.6045
0.6045
0.6045
0.6045
0.6045
0.6045
0.6045
0.6045
0.6045
0.6045
0.6045
0.6045
0.6045
0.6045
0.6045
0.6045
0.621124
0.621124
0.621124
0.621124
0.621124
0.61629
0.61629
0.611374
0.653739
0.568981
0.573196
0.625161
0.625161
0.653541
0.653541
0.653541
0.60048
0.60048
0.60048
0.596284
0.632725
0.632725
0.632725
0.632725
0.632725
0.632725
0.632725
0.632725
0.651902
0.6381
0.6381
0.6381
0.6381
0.6381
0.6381
0.6381
0.6381
0.6381
0.6381
0.6381
0.6381
0.6381
0.6381
0.6381
0.6381
0.598129
0.598129
0.598129
0.598129
0.598129
0.598129
0.598129
0.661326
0.661326
0.580358
0.627023
0.60286
0.60286
0.60286
0.60286
0.60286
0.60286
0.60286
0.60286
0.60286
0.60286
0.642186
0.642186
0.642186
0.642186
0.642186
0.642186
0.642186
0.642186
0.642186
0.642186
0.642186
0.642186
0.642186
0.616595
0.616595
0.616595
0.616595
0.616595
0.616595
0.593931
0.593931
0.593931
0.593931
0.593931
0.593931
0.593931
0.593931
0.593931
0.593931
0.585526
0.583393
0.583393
0.583393
0.598423
0.598423
0.598423
0.598423
0.598423
0.598423
0.637469
0.637469
0.637469
0.584513
0.637424
0.637424
0.637424
0.615561
0.615561
0.615561
0.615561
0.615561
0.615561
0.615561
0.615561
0.615561
0.615561
0.615561
0.615561
0.581946
0.581946
0.581946
0.581946
0.581946
0.581946
0.581946
0.581946
0.581946
0.581946
0.581946
0.581946
0.581946
0.661696
0.661696
0.661696
0.661696
0.661696
0.578646
0.578646
0.578646
0.578646
0.603128
0.603128
0.603128
0.603128
0.622756
0.622756
0.622756
0.622756
0.622756
0.622756
0.636107
0.636107
0.603752
0.603752
0.603752
0.603752
0.618224
0.600373
0.600373
0.600373
0.600373
0.600373
0.600373
0.600373
0.600373
0.600373
0.600373
0.600373
0.600373
0.600373
0.600373
0.600373
0.600373
0.600373
0.600373
0.600373
0.600373
0.600373
0.600373
0.600373
0.600373
0.623033
0.604077
0.604077
0.604077
0.602323
0.630925
0.630925
0.630925
0.630925
0.630925
0.630925
0.630925
0.630925
0.630925
0.630925
0.630925
0.630925
0.648337
0.620469
0.620469
0.613057
0.613057
0.613057
0.613057
0.622499
0.622499
0.622499
0.622499
0.622499
0.622499
0.622499
0.622499
0.622499
0.622499
0.622499
0.622499
0.622499
0.622499
0.622499
0.614866
0.614866
0.614866
0.614866
0.614866
0.614866
0.614866
0.614866
0.614866
0.614866
0.614866
0.614866
0.635495
0.635495
0.635495
0.635495
0.635495
0.635495
0.635495
0.626164
0.626164
0.594969
0.594969
0.594969
0.594969
0.594969
0.594969
0.594969
0.594969
0.594969
0.594969
0.594969
0.594969
0.594969
0.594969
0.594969
0.62589
0.62589
0.62589
0.62589
0.62589
0.669378
0.633019
0.633019
0.633019
0.645955
0.645955
0.644246
0.644246
0.644246
0.644246
0.65846
0.65846
0.65846
0.65846
0.65846
0.675642
0.675642
0.598032
0.598032
0.598032
0.625111
0.625111
0.625111
0.625111
0.625111
0.625111
0.625111
0.625111
0.625111
0.625111
0.625111
0.625111
0.625111
0.625111
0.625111
0.59315
0.59315
0.59315
0.59315
0.59315
0.59315
0.59315
0.59315
0.59315
0.59315
0.59315
0.59315
0.59315
0.59315
0.647499
0.647499
0.647499
0.693971
0.693971
0.693971
0.670078
0.670078
0.572268
0.606506
0.606506
0.606506
0.647772
0.640681
0.594496
0.589868
0.589868
0.589868
0.589868
0.589868
0.589868
0.589868
0.589868
0.589868
0.589868
0.589868
0.589868
0.589868
0.589868
0.589868
0.589868
0.606752
0.606752
0.606752
0.606752
0.606752
0.606752
0.606752
0.606752
0.606752
0.628578
0.587992
0.659696
0.659696
0.659696
0.659696
0.659696
0.659696
0.601573
0.601573
0.591567
0.591567
0.591567
0.591567
0.591567
0.646992
0.646992
0.646992
0.646992
0.646992
0.646992
0.646992
0.59985
0.59985
0.59985
0.59985
0.59985
0.59985
0.59985
0.59985
0.59985
0.59985
0.59985
0.59985
0.59985
0.59985
0.647284
0.647284
0.612889
0.612889
0.62675
0.62675
0.62675
0.62675
0.62675
0.62675
0.62675
0.62675
0.62675
0.62675
0.62675
0.62675
0.62675
0.627351
0.627351
0.627351
0.627351
0.627351
0.627351
0.627351
0.627351
0.627351
0.627351
0.627351
0.627351
0.627351
0.627351
0.627351
0.627351
0.627351
0.627351
0.627351
0.627351
0.606569
0.606569
0.606569
0.606569
0.606569
0.606569
0.611277
0.611277
0.611277
0.587871
0.587871
0.587871
0.627452
0.627452
0.627452
0.627452
0.627452
0.627452
0.627452
0.627452
0.627452
0.627452
0.627452
0.627452
0.627452
0.627452
0.627452
0.627452
0.627452
0.627452
0.627452
0.627452
0.627452
0.627452
0.627452
0.627452
0.627452
0.589485
0.589485
0.589485
0.589485
0.589485
0.63299
0.63299
0.644643
0.644643
0.644643
0.644643
0.644643
0.644643
0.644643
0.644643
0.644643
0.644643
0.641853
0.641853
0.641853
0.641853
0.641853
0.641853
0.641853
0.641853
0.641853
0.641853
0.641853
0.641853
0.628126
0.628126
0.628126
0.628126
0.628126
0.628126
0.628126
0.628126
0.628126
0.628126
0.628126
0.628126
0.628126
0.628126
0.628126
0.628126
0.628126
0.628126
0.628126
0.628126
0.628126
0.628126
0.628126
0.628126
0.628126
0.628126
0.628126
0.628126
0.581921
0.581921
0.581921
0.633916
0.633916
0.633916
0.633916
0.633916
0.633916
0.633916
0.633916
0.633916
0.633916
0.633916
0.633916
0.633916
0.652702
0.652702
0.652702
0.652702
0.652702
0.652702
0.652702
0.652702
0.656002
0.656002
0.656002
0.656002
0.656002
0.656002
0.656002
0.601795
0.619344
0.619344
0.619344
0.619344
0.619344
0.619344
0.619344
0.619344
0.619344
0.619344
0.619344
0.619344
0.619344
0.633208
0.633208
0.633208
0.633208
0.633208
0.633208
0.633208
0.633208
0.633208
0.633208
0.633208
0.633208
0.633208
0.633208
0.633208
0.633208
0.603395
0.615586
0.615586
0.583135
0.598469
0.598469
0.598469
0.598469
0.598469
0.598469
0.598469
0.598469
0.598469
0.598469
0.598469
0.598469
0.598469
0.598469
0.598469
0.598469
0.598469
0.598469
0.598469
0.598469
0.598469
0.608921
0.608921
0.608921
0.608921
0.608921
0.608921
0.608921
0.608921
0.608921
0.608921
0.608921
0.608921
0.608921
0.608921
0.608921
0.608921
0.610945
0.610945
0.609796
0.609796
0.609796
0.622897
0.622897
0.622897
0.622897
0.622897
0.622897
0.622897
0.622897
0.622897
0.622897
0.622897
0.622897
0.622897
0.622897
0.622897
0.622897
0.622897
0.622897
0.622897
0.622897
0.622897
0.622897
0.622897
0.622897
0.622897
0.622897
0.622897
0.622897
0.589763
0.589763
0.589763
0.589763
0.603576
0.603576
0.603576
0.603576
0.617009
0.617009
0.617009
0.617009
0.630025
0.630025
0.630025
0.630025
0.630025
0.630025
0.630025
0.630025
0.630025
0.630025
0.630025
0.61353
0.61353
0.61353
0.61353
0.61353
0.61353
0.61353
0.61353
0.607853
0.607853
0.622455
0.622455
0.622455
0.622455
0.622455
0.622455
0.622455
0.622455
0.622455
0.622455
0.622455
0.622455
0.622455
0.622455
0.622455
0.622455
0.622455
0.622455
0.622455
0.622455
0.622455
0.622455
0.622455
0.622455
0.622455
0.622455
0.622455
0.622455
0.622455
0.622455
0.622455
0.622455
0.622455
0.622455
0.622455
0.622455
0.622455
0.622455
0.622455
0.622455
0.622455
0.622455
0.622455
0.622455
0.622455
0.622455
0.622455
0.622455
0.622455
0.640239
0.640239
0.640239
0.640239
0.636568
0.636568
0.636568
0.636568
0.636568
0.613066
0.609646
0.609646
0.609646
0.609646
0.586353
0.586353
0.586353
0.586353
0.586353
0.586353
0.586353
0.586353
0.586353
0.586353
0.586353
0.586353
0.586353
0.586353
0.586353
0.586353
0.586353
0.586353
0.586353
0.586353
0.586353
0.586353
0.586353
0.593486
0.593486
0.593486
0.612833
0.620725
0.620725
0.620725
0.620725
0.620725
0.620725
0.620725
0.620725
0.620725
0.620725
0.620725
0.620725
0.620725
0.620725
0.620725
0.620725
0.620725
0.620725
0.620725
0.620725
0.620725
0.620725
0.620725
0.620725
0.620725
0.620725
0.620725
0.620725
0.620725
0.620725
0.620725
0.620725
0.620725
0.620725
0.620725
0.620725
0.620725
0.620725
0.620725
0.620725
0.620725
0.605223
0.605223
0.605223
0.605223
0.605223
0.636367
0.636367
0.636367
0.632036
0.632036
0.632036
0.632036
0.632036
0.632036
0.632036
0.611627
0.611627
0.611627
0.611627
0.611627
0.611627
0.611627
0.611627
0.611627
0.611627
0.611627
0.611627
0.611627
0.611627
0.611627
0.611627
0.611627
0.611627
0.611627
0.611627
0.611627
0.611627
0.611627
0.611627
0.611627
0.611627
0.611627
0.611627
0.611627
0.611627
0.611627
0.611627
0.611627
0.625257
0.625257
0.625257
0.625257
0.625257
0.625257
0.625257
0.625257
0.625257
0.625257
0.625257
0.625257
0.625257
0.625257
0.625257
0.625257
0.625257
0.625257
0.625257
0.625257
0.625257
0.625257
0.625257
0.625257
0.625257
0.622763
0.622763
0.622763
0.6061
0.6061
0.6061
0.6061
0.6061
0.6061
0.6061
0.6061
0.6061
0.6061
0.6061
0.6061
0.6061
0.6061
0.6061
0.6061
0.6061
0.6061
0.6061
0.6061
0.6061
0.6061
0.6061
0.6061
0.6061
0.610273
0.610273
0.610273
0.610273
0.610273
0.610273
0.610273
0.615602
0.615602
0.615602
0.615602
0.615602
0.615602
0.615602
0.615602
0.615602
0.615602
0.615602
0.615602
0.615602
0.615602
0.615602
0.615602
0.615602
0.615602
0.615602
0.615602
0.615602
0.607916
0.607916
0.607916
0.607916
0.607916
0.607916
0.607916
0.607916
0.607916
0.607916
0.607916
0.607916
0.607916
0.607916
0.607916
0.607916
0.607916
0.607916
0.607916
0.607916
0.607916
0.607916
0.607916
0.607916
0.607916
0.607916
0.607916
0.607916
0.607916
0.607916
0.607916
0.607916
0.607916
0.607916
0.607916
0.591014
0.591014
0.591014
0.591014
0.591014
0.591014
0.591014
0.591014
0.591014
0.591014
0.591014
0.591014
0.591014
0.591014
0.591014
0.591014
0.591014
0.591014
0.591014
0.612644
0.612644
0.612644
0.612644
0.612644
0.612644
0.612644
0.612644
0.612644
0.612644
0.612644
0.612644
0.612644
0.626359
0.626359
0.626359
0.626359
0.626359
0.626359
0.626359
0.626359
0.626359
0.626359
0.626359
0.626359
0.626359
0.626359
0.626359
0.626359
0.625589
0.625589
0.625589
0.625589
0.625589
0.625589
0.625589
0.625589
0.625589
0.625589
0.625589
0.625589
0.625589
0.625589
0.625589
0.625589
0.625589
0.625589
0.625589
0.625589
0.625589
0.625589
0.625589
0.625589
0.625589
0.625589
0.625589
0.609821
0.609821
0.609821
0.609821
0.609821
0.628663
0.628663
0.617475
0.617475
0.617475
0.617475
0.617475
0.617475
0.617475
0.617475
0.617475
0.617475
0.617475
0.617475
0.617475
0.617475
0.617475
0.617475
0.634806
0.604326
0.604326
0.604326
0.604326
0.604326
0.604326
0.604326
0.604326
0.604326
0.604326
0.604326
0.604326
0.604326
0.604326
0.604326
0.604326
0.604326
0.604326
0.604326
0.604326
0.604326
0.604326
0.604326
0.604326
0.604326
0.604326
0.604326
0.604326
0.604326
0.604326
0.604326
0.604326
0.604326
0.620801
0.620801
0.620801
0.620801
0.620801
0.620801
0.620801
0.620801
0.637559
0.637559
0.637559
0.637559
0.637559
0.637559
0.637559
0.637559
0.637559
0.637559
0.637559
0.637559
0.637559
0.637559
0.637559
0.637559
0.637559
0.637559
0.637559
0.637559
0.637559
0.637559
0.637559
0.637559
0.637559
0.637559
0.637559
0.637559
0.637559
0.637559
0.637559
0.637559
0.637559
0.637559
0.637559
0.637559
0.637559
0.637559
0.637559
0.637559
0.637559
0.637559
0.637559
0.637559
0.637559
0.637559
0.637559
0.637559
0.637559
0.621649
0.621649
0.621649
0.621649
0.621649
0.621649
0.621649
0.621649
0.621649
0.621649
0.621649
0.621649
0.621649
0.621649
0.621649
0.621649
0.621649
0.621649
0.621649
0.621649
0.621649
0.621649
0.621649
0.621649
0.621649
0.621649
0.621649
0.621649
0.621649
0.621649
0.621649
0.621649
0.621649
0.621649
0.621649
0.621649
0.621649
0.621649
0.621649
0.621649
0.621649
0.621649
0.621649
0.621649
0.621649
0.621649
0.621649
0.621649
0.621649
0.621649
0.621649
0.621649
0.621649
0.621649
0.621649
0.621649
0.621649
0.621649
0.621649
0.621649
0.621649
0.621649
0.621649
0.621649
0.621649
0.621649
0.621649
0.621649
0.621649
0.621649
0.621649
0.621649
0.621649
0.621649
0.621649
0.621649
0.621649
0.621649
0.621649
0.621649
0.621649
0.621649
0.621649
0.621649
0.610402
0.610402
0.610402
0.610402
0.610402
0.610402
0.610402
0.610402
0.610402
0.610402
0.610402
0.610402
0.610402
0.610402
0.615746
0.615746
0.615746
0.615746
0.615746
0.615746
0.615746
0.620201
0.620201
0.620201
0.620201
0.620201
0.652707
0.652707
0.652707
0.652707
0.652707
0.652707
0.652707
0.652707
0.652707
0.652707
0.652707
0.652707
0.652707
0.603346
0.603346
0.603346
0.603346
0.603346
0.603346
0.603346
0.603346
0.603346
0.603346
0.603346
0.603346
0.603346
0.603346
0.626179
0.626179
0.626179
0.626179
0.626179
0.626179
0.626179
0.626179
0.626179
0.626179
0.626179
0.626179
0.626179
0.626179
0.620737
0.620737
0.620737
0.620737
0.620737
0.620737
0.620737
0.620737
0.620737
0.620737
0.620737
0.620737
0.620737
0.620737
0.620737
0.620737
0.620737
0.620737
0.620737
0.620737
0.620737
0.620737
0.620737
0.620737
0.620737
0.620737
0.620737
0.620737
0.620737
0.620737
0.626456
0.626456
0.626456
0.626456
0.626456
0.626456
0.626456
0.626456
0.626456
0.626456
0.626456
0.626456
0.626456
0.626456
0.626456
0.626456
0.626456
0.626456
0.626456
0.626456
0.626456
0.626456
0.626456
0.626456
0.626456
0.626456
0.626456
0.626456
0.626456
0.626456
0.626456
0.626456
0.626456
0.626456
0.626456
0.626456
0.626456
0.626456
0.626456
0.626456
0.626456
0.626456
0.626456
0.626456
0.626456
0.626456
0.626456
0.626456
0.626456
0.626456
0.626456
0.626456
0.626456
0.626456
0.626456
0.626456
0.626456
0.626456
0.626456
0.626456
0.626456
0.626456
0.626456
0.626456
0.626456
0.626456
0.626456
0.626456
0.626456
0.626456
0.626456
0.626456
0.626456
0.626456
0.626456
0.626456
0.626456
0.626456
0.626456
0.626456
0.626456
0.626456
0.626456
0.626456
0.626456
0.626456
0.596335
0.596335
0.596335
0.596335
0.596335
0.596335
0.596335
0.596335
0.634612
0.634612
0.634612
0.634612
0.634612
0.634612
0.61108
0.61108
0.61108
0.61108
0.61108
0.61108
0.64057
0.64057
0.64057
0.64057
0.64057
0.64057
0.64057
0.64057
0.64057
0.613207
0.613207
0.595587
0.595587
0.595587
0.595587
0.595587
0.595587
0.595587
0.595587
0.595587
0.595587
0.595587
0.595587
0.595587
0.595587
0.595587
0.595587
0.595587
0.633264
0.633264
0.633264
0.633264
0.633264
0.633264
0.633264
0.633264
0.633264
0.596568
0.596568
0.596568
0.596568
0.596568
0.596568
0.626435
0.626435
0.626435
0.636314
0.636314
0.636314
0.636314
0.636314
0.636314
0.636314
0.636314
0.636314
0.636314
0.636314
0.636314
0.636314
0.636314
0.636314
0.636314
0.636314
0.636314
0.636314
0.636314
0.636314
0.622051
0.622051
0.622051
0.622051
0.622051
0.622051
0.622051
0.622051
0.622051
0.622051
0.622051
0.622051
0.622051
0.622051
0.622051
0.622051
0.622051
0.622051
0.622051
0.622051
0.622051
0.622051
0.622051
0.622051
0.633596
0.633596
0.633596
0.633596
0.633596
0.633596
0.633596
0.633596
0.633596
0.633596
0.633596
0.633596
0.633596
0.633596
0.633596
0.633596
0.633596
0.633596
0.633596
0.633596
0.633596
0.633596
0.633596
0.633596
0.633596
0.633596
0.633596
0.633596
0.633596
0.633596
0.633596
0.633596
0.633596
0.633596
0.633596
0.633596
0.633596
0.633596
0.633596
0.633596
0.633596
0.633596
0.633596
0.633596
0.633596
0.633596
0.633596
0.633596
0.633596
0.633596
0.616621
0.616621
0.616621
0.616621
0.616621
0.616621
0.616621
0.616621
0.616621
0.616621
0.616621
0.616621
0.616621
0.616621
0.616621
0.616621
0.616621
0.643747
0.643747
0.643747
0.643747
0.643747
0.643747
0.643747
0.643747
0.643747
0.643747
0.643747
0.613229
0.613229
0.613229
0.613229
0.613229
0.613229
0.613229
0.613229
0.613229
0.613229
0.613229
0.613229
0.613229
0.613229
0.613229
0.613229
0.613229
0.613229
0.613229
0.613229
0.613229
0.613229
0.613229
0.613229
0.613229
0.613229
0.613229
0.613229
0.613229
0.613229
0.613229
0.613229
0.613229
0.613229
0.613229
0.613229
0.613229
0.613229
0.613229
0.613229
0.613229
0.613229
0.613229
0.613229
0.613229
0.613229
0.613229
0.613229
0.613229
0.613229
0.613229
0.613229
0.613229
0.613229
0.613229
0.613229
0.613229
0.613229
0.613229
0.613229
0.613229
0.613229
0.613229
0.613229
0.613229
0.613229
0.613229
0.613229
0.613229
0.613229
0.613229
0.613229
0.613229
0.613229
0.613229
0.613229
0.613229
0.613229
0.613229
0.624825
0.624825
0.624825
0.624825
0.624825
0.624825
0.624825
0.624825
0.624825
0.624825
0.624825
0.624825
0.624825
0.624825
0.624825
0.624825
0.624825
0.624825
0.624825
0.624825
0.624825
0.624825
0.625837
0.625837
0.625837
0.625837
0.625837
0.625837
0.625837
0.625837
0.604787
0.604787
0.604787
0.604787
0.604787
0.604787
0.604787
0.604787
0.604787
0.604787
0.604787
0.604787
0.604787
0.604787
0.604787
0.604787
0.604787
0.604787
0.604787
0.604787
0.604787
0.604787
0.604787
0.604787
0.604787
0.604787
0.604787
0.604787
0.604787
0.604787
0.604787
0.604787
0.604787
0.604787
0.604787
0.604787
0.604787
0.604787
0.604787
0.604787
0.604787
0.604787
0.604787
0.604787
0.604787
0.604787
0.604787
0.604787
0.604787
0.604787
0.604787
0.604787
0.604787
0.604787
0.604787
0.604787
0.604787
0.604787
0.604787
0.604787
0.604787
0.604787
0.604787
0.604787
0.604787
0.604787
0.604787
0.604787
0.604787
0.604787
0.604787
0.604787
0.604787
0.604787
0.604787
0.604787
0.604787
0.604787
0.604787
0.604787
0.604787
0.604787
0.604787
0.604787
0.604787
0.604787
0.604787
0.604787
0.604787
0.604787
0.604787
0.604787
0.604787
0.604787
0.604787
0.604787
0.604787
0.604787
0.604787
0.604787
0.604787
0.604787
0.604787
0.604787
0.604787
0.604787
0.604787
0.604787
0.604787
0.604787
0.604787
0.604787
0.604787
0.604787
0.604787
0.604787
0.604787
0.604787
0.604787
0.604787
0.604787
0.604787
0.604787
0.604787
0.604787
0.604787
0.604787
0.604787
0.604787
0.604787
0.604787
0.604787
0.604787
0.604787
0.604787
0.604787
0.604787
0.604787
0.604787
0.604787
0.604787
0.604787
0.604787
0.604787
0.604787
0.604787
0.604787
0.604787
0.604787
0.604787
0.604787
0.604787
0.604787
0.604787
0.604787
0.604787
0.604787
0.604787
0.604787
0.604787
0.604787
0.604787
0.604787
0.604787
0.604787
0.604787
0.604787
0.604787
0.604787
0.604787
0.604787
0.604787
0.604787
0.604787
0.604787
0.604787
0.604787
0.604787
0.604787
0.604787
0.604787
0.604787
0.604787
0.604787
0.604787
0.604787
0.604787
0.604787
0.604787
0.604787
0.604787
0.604787
0.604787
0.604787
0.604787
0.604787
0.604787
0.604787
0.604787
0.604787
0.604787
0.604787
0.604787
0.604787
0.604787
0.604787
0.604787
0.604787
0.604787
0.604787
0.604787
0.604787
0.604787
0.604787
0.604787
0.604787
0.604787
0.604787
0.604787
0.604787
0.604787
0.604787
0.604787
0.604787
0.604787
0.604787
0.604787
0.604787
0.604787
0.604787
0.604787
0.604787
0.604787
0.604787
0.604787
0.604787
0.604787
0.604787
0.604787
0.604787
0.604787
0.604787
0.604787
0.604787
0.604787
0.610506
0.610506
0.610506
0.610506
0.610506
0.610506
0.610506
0.610506
0.610506
0.610506
0.610506
0.610506
0.610506
0.610506
0.610506
0.610506
0.610506
0.610506
0.610506
0.610506
0.610506
0.610506
0.610506
0.610506
0.610506
0.610506
0.610506
0.610506
0.610506
0.610506
0.610506
0.610506
0.610506
0.614691
0.614691
0.614691
0.614691
0.614691
0.614691
0.614691
0.614691
0.614691
0.614691
0.614691
0.614691
0.614691
0.614691
0.614691
0.614691
0.614691
0.614691
0.614691
0.614691
0.614691
0.614691
0.614691
0.614691
0.614691
0.614691
0.614691
0.614691
0.614691
0.614691
0.614691
0.614691
0.614691
0.614691
0.614691
0.614691
0.614691
0.614691
0.614691
0.614691
0.614691
0.614691
0.614691
0.614691
0.614691
0.614691
0.614691
0.614691
0.614691
0.614691
0.614691
0.614691
0.614691
0.614691
0.614691
0.614691
0.614691
0.614691
0.614691
0.614691
0.614691
0.614691
0.614691
0.614691
0.614691
0.614691
0.614691
0.614691
0.614691
0.614691
0.614691
0.614691
0.614691
0.614691
0.614691
0.614691
0.614691
0.614691
0.614691
0.614691
0.614691
0.614691
0.614691
0.614691
0.614691
0.614691
0.614691
0.614691
0.614691
0.614691
0.614691
0.614691
0.614691
0.614691
0.614691
0.614691
0.614691
0.614691
0.614691
0.614691
0.614691
0.614691
0.614691
0.614691
0.614691
0.614691
0.614691
0.614691
0.614691
0.614691
0.614691
0.614691
0.614691
0.614691
0.614691
0.614691
0.614691
0.614691
0.614691
0.614691
0.614691
0.614691
0.614691
0.614691
0.614691
0.614691
0.614691
0.614691
0.614691
0.614691
0.614691
0.614691
0.614691
0.614691
0.614691
0.614691
0.614691
0.614691
0.614691
0.614691
0.614691
0.614691
0.614691
0.614691
0.614691
0.614691
0.614691
0.614691
0.614691
0.614691
0.614691
0.614691
0.614691
0.614691
0.614691
0.614691
0.614691
0.614691
0.614691
0.614691
0.614691
0.614691
0.614691
0.614691
0.614691
0.614691
0.614691
0.614691
0.614691
0.614691
0.614691
0.614691
0.614691
0.614691
0.614691
0.614691
0.614691
0.614691
0.614691
0.614691
0.614691
0.614691
0.614691
0.614691
0.614691
0.614691
0.614691
0.614691
0.614691
0.614691
0.614691
0.614691
0.614691
0.614691
0.614691
0.614691
0.614691
0.614691
0.614691
0.614691
0.614691
0.614691
0.614691
0.614691
0.618412
0.618412
0.618412
0.618412
0.618412
0.618412
0.618412
0.618412
0.618412
0.618412
0.618412
0.618412
0.618412
0.618412
0.618412
0.618412
0.618412
0.618412
0.618412
0.618412
0.618412
0.618412
0.618412
0.618412
0.618412
0.618412
0.618412
0.618412
0.618412
0.618412
0.618412
0.618412
0.618412
0.618412
0.618412
0.618412
0.618412
0.618412
0.618412
0.618412
0.618412
0.618412
0.618412
0.618412
0.618412
0.618412
0.618412
0.618412
0.618412
0.618412
0.618412
0.618412
0.618412
0.618412
0.618412
0.618412
0.618412
0.618412
0.618412
0.618412
0.618412
0.618412
0.618412
0.618412
0.618412
0.618412
0.618412
0.618412
0.618412
0.618412
0.618412
0.618412
0.618412
0.618412
0.618412
0.618412
0.618412
0.618412
0.618412
0.618412
0.618412
0.618412
0.618412
0.618412
0.618412
0.618412
0.618412
0.618412
0.618412
0.618412
0.618412
0.618412
0.618412
0.618412
0.618412
0.618412
0.618412
0.618412
0.618412
0.618412
0.618412
0.618412
0.618412
0.618412
0.618412
0.618412
0.618412
0.618412
0.618412
0.618412
0.618412
0.618412
0.618412
0.618412
0.618412
0.618412
0.618412
0.618412
0.618412
0.618412
0.618412
0.618412
0.618412
0.618412
0.618412
0.618412
0.618412
0.618412
0.618412
0.618412
0.618412
0.618412
0.618412
0.618412
0.618412
0.618412
0.618412
0.618412
0.618412
0.618412
0.618412
0.618412
0.618412
0.618412
0.618412
0.618412
0.618412
0.618412
0.618412
0.618412
0.618412
0.618412
0.618412
0.618412
0.618412
0.618412
0.618412
0.618412
0.618412
0.618412
0.618412
0.618412
0.618412
0.618412
0.618412
0.618412
0.618412
0.618412
0.618412
0.618412
0.618412
0.618412
0.618412
0.618412
0.618412
0.618412
0.618412
0.618412
0.618412
0.618412
0.618412
0.618412
0.618412
0.618412
0.618412
0.618412
0.618412
0.618412
0.618412
0.618412
0.618412
0.618412
0.618412
0.618412
0.618412
0.618412
0.618412
0.618412
0.618412
0.618412
0.618412
0.618412
0.618412
0.618412
0.618412
0.618412
0.618412
0.618412
0.618412
0.618412
0.618412
0.601146
0.601146
0.601146
0.601146
0.601146
0.601146
0.601146
0.601146
0.601146
0.601146
0.601146
0.601146
0.601146
0.601146
0.601146
0.601146
0.601146
0.601146
0.601146
0.601146
0.601146
0.601146
0.601146
0.601146
0.601146
0.601146
0.601146
0.601146
0.601146
0.601146
0.601146
0.601146
0.601146
0.601146
0.601146
0.601146
0.601146
0.601146
0.601146
0.601146
0.601146
0.601146
0.601146
0.601146
0.601146
0.601146
0.601146
0.601146
0.601146
0.601146
0.601146
0.601146
0.601146
0.601146
0.601146
0.601146
0.601146
0.601146
0.601146
0.601146
0.601146
0.601146
0.601146
0.601146
0.601146
0.601146
0.601146
0.601146
0.601146
0.601146
0.601146
0.601146
0.601146
0.601146
0.601146
0.601146
0.601146
0.601146
0.601146
0.601146
0.601146
0.601146
0.601146
0.601146
0.601146
0.601146
0.601146
0.601146
0.601146
0.601146
0.601146
0.601146
0.601146
0.601146
0.601146
0.601146
0.601146
0.601146
0.601146
0.601146
0.601146
0.601146
0.601146
0.601146
0.601146
0.601146
0.601146
0.601146
0.601146
0.601146
0.601146
0.601146
0.601146
0.601146
0.601146
0.601146
0.601146
0.601146
0.601146
0.601146
0.601146
0.601146
0.601146
0.601146
0.601146
0.601146
0.601146
0.601146
0.601146
0.601146
0.601146
0.601146
0.601146
0.601146
0.601146
0.601146
0.601146
0.601146
0.601146
0.601146
0.601146
0.601146
0.601146
0.601146
0.601146
0.601146
0.601146
0.601146
0.601146
0.601146
0.601146
0.601146
0.601146
0.601146
0.601146
0.601146
0.601146
0.601146
0.601146
0.601146
0.601146
0.601146
0.601146
0.601146
0.601146
0.601146
0.601146
0.601146
0.601146
0.601146
0.601146
0.601146
0.601146
0.601146
0.601146
0.601146
0.601146
0.601146
0.601146
0.601146
0.601146
0.601146
0.601146
0.601146
0.601146
0.601146
0.601146
0.601146
0.601146
0.601146
0.601146
0.601146
0.601146
0.601146
0.601146
0.601146
0.601146
0.601146
0.601146
0.601146
0.601146
0.601146
0.601146
0.601146
0.601146
0.601146
0.601146
0.601146
0.601146
0.601146
0.601146
0.601146
0.601146
0.601146
0.601146
0.601146
0.601146
0.601146
0.601146
0.601146
0.601146
0.601146
0.601146
0.601146
0.601146
0.601146
0.601146
0.601146
0.601146
0.601146
0.601146
0.601146
0.601146
0.601146
0.601146
0.601146
0.601146
0.601146
0.601146
0.601146
0.601146
0.601146
0.601146
0.601146
0.601146
0.601146
0.601146
0.601146
0.601146
0.601146
0.601146
0.601146
0.601146
0.601146
0.601146
0.601146
0.601146
0.601146
0.601146
0.601146
0.601146
0.601146
0.601146
0.601146
0.601146
0.601146
0.601146
0.601146
0.601146
0.601146
0.601146
0.601146
0.601146
0.601146
0.601146
0.601146
0.601146
0.601146
0.601146
0.601146
0.601146
0.601146
0.601146
0.601146
0.601146
0.601146
0.601146
0.601146
0.601146
0.601146
0.601146
0.601146
0.601146
0.601146
0.601146
0.601146
0.601146
0.601146
0.601146
0.601146
0.601146
0.601146
0.601146
0.601146
0.601146
0.601146
0.601146
0.601146
0.601146
0.601146
0.601146
0.601146
0.601146
0.601146
0.601146
0.601146
0.601146
0.601146
0.601146
0.601146
0.601146
0.601146
0.601146
0.601146
0.601146
0.601146
0.601146
0.601146
0.601146
0.601146
0.601146
0.601146
0.601146
0.601146
0.601146
0.601146
0.601146
0.601146
0.601146
0.601146
0.601146
0.601146
0.601146
0.601146
0.601146
0.601146
0.601146
0.601146
0.601146
0.601146
0.601146
0.601146
0.601146
0.601146
0.601146
0.601146
0.601146
0.601146
0.601146
0.601146
0.601146
0.601146
0.601146
0.601146
0.601146
0.601146
0.601146
0.601146
0.601146
0.601146
0.601146
0.601146
0.601146
0.601146
0.601146
0.601146
0.601146
0.601146
0.601146
0.601146
0.601146
0.601146
0.601146
0.601146
0.601146
0.601146
0.601146
0.601146
0.601146
0.601146
0.601146
0.601146
0.601146
0.601146
0.601146
0.601146
0.601146
0.601146
0.601146
0.601146
0.601146
0.601146
0.601146
0.601146
0.601146
0.601146
0.601146
0.601146
0.601146
0.601146
0.601146
0.601146
0.601146
0.601146
0.601146
0.601146
0.601146
0.601146
0.601146
0.601146
0.601146
0.601146
0.601146
0.601146
0.601146
0.601146
0.601146
0.601146
0.601146
0.601146
0.601146
0.601146
0.601146
0.601146
0.601146
0.601146
0.601146
0.614097
0.614097
0.614097
0.614097
0.614097
0.614097
0.614097
0.614097
0.614097
0.614097
0.614097
0.614097
0.614097
0.614097
0.614097
0.614097
0.614097
0.614097
0.614097
0.614097
0.614097
0.614097
0.614097
0.614097
0.614097
0.614097
0.614097
0.614097
0.614097
0.614097
0.614097
0.614097
0.614097
0.614097
0.614097
0.614097
0.614097
0.614097
0.614097
0.614097
0.614097
0.614097
0.614097
0.614097
0.614097
0.614097
0.614097
0.614097
0.614097
0.614097
0.614097
0.614097
0.614097
0.614097
0.614097
0.614097
0.614097
0.614097
0.614097
0.614097
0.614097
0.614097
0.614097
0.614097
0.614097
0.614097
0.614097
0.614097
0.614097
0.614097
0.614097
0.614097
0.614097
0.614097
0.614097
0.614097
0.614097
0.614097
0.614097
0.614097
0.614097
0.614097
0.614097
0.614097
0.614097
0.614097
0.614097
0.614097
0.614097
0.614097
0.614097
0.614097
0.614097
0.614097
0.614097
0.614097
0.614097
0.614097
0.614097
0.614097
0.614097
0.614097
0.614097
0.614097
0.614097
0.614097
0.614097
0.614097
0.614097
0.614097
0.614097
0.614097
0.614097
0.614097
0.614097
0.614097
0.614097
0.614097
0.614097
0.614097
0.614097
0.614097
0.614097
0.614097
0.614097
0.614097
0.614097
0.614097
0.614097
0.614097
0.614097
0.614097
0.614097
0.614097
0.614097
0.614097
0.614097
0.614097
0.614097
0.614097
0.614097
0.614097
0.614097
0.614097
0.614097
0.614097
0.614097
0.614097
0.614097
0.614097
0.614097
0.614097
0.614097
0.614097
0.614097
0.614097
0.614097
0.614097
0.614097
0.614097
0.614097
0.614097
0.614097
0.614097
0.614097
0.614097
0.614097
0.614097
0.614097
0.614097
0.614097
0.614097
0.614097
0.614097
0.614097
0.614097
0.614097
0.614097
0.614097
0.614097
0.614097
0.614097
0.614097
0.614097
0.614097
0.614097
0.614097
0.614097
0.614097
0.614097
0.614097
0.614097
0.614097
0.614097
0.614097
0.614097
0.614097
0.614097
0.614097
0.614097
0.614097
0.614097
0.614097
0.614097
0.614097
0.614097
0.614097
0.614097
0.614097
0.614097
0.614097
0.614097
0.614097
0.614097
0.614097
0.614097
0.614097
0.614097
0.614097
0.614097
0.614097
0.614097
0.614097
0.614097
0.614097
0.614097
0.614097
0.614097
0.614097
0.614097
0.614097
0.614097
0.614097
0.614097
0.614097
0.614097
0.614097
0.614097
0.614097
0.614097
0.614097
0.614097
0.614097
0.614097
0.614097
0.614097
0.614097
0.614097
0.614097
0.614097
0.614097
0.614097
0.614097
0.614097
0.614097
0.614097
0.614097
0.614097
0.614097
0.614097
0.614097
0.614097
0.614097
0.614097
0.614097
0.614097
0.614097
0.614097
0.614097
0.614097
0.614097
0.614097
0.614097
0.614097
0.614097
0.614097
0.614097
0.614097
0.614097
0.614097
0.614097
0.614097
0.614097
0.614097
0.614097
0.614097
0.614097
0.614097
0.614097
0.614097
0.614097
0.614097
0.614097
0.614097
0.614097
0.614097
0.614097
0.614097
0.614097
0.614097
0.614097
0.614097
0.614097
0.614097
0.614097
0.614097
0.614097
0.614097
0.614097
0.614097
0.614097
0.614097
0.614097
0.614097
0.614097
0.614097
0.614097
0.614097
0.614097
0.614097
0.614097
0.614097
0.614097
0.614097
0.614097
0.614097
0.614097
0.614097
0.614097
0.614097
0.614097
0.614097
0.614097
0.614097
0.614097
0.614097
0.614097
0.614097
0.614097
0.614097
0.614097
0.614097
0.614097
0.614097
0.614097
0.614097
0.614097
0.614097
0.614097
0.614097
0.614097
0.614097
0.614097
0.614097
0.614097
0.614097
0.614097
0.614097
0.614097
0.614097
0.614097
0.614097
0.614097
0.614097
0.614097
0.614097
0.614097
0.614097
0.614097
0.614097
0.614097
0.614097
0.614097
0.614097
0.614097
0.614097
0.614097
0.614097
0.614097
0.614097
0.614097
0.614097
0.614097
0.614097
0.614097
0.614097
0.614097
0.614097
0.614097
0.614097
0.614097
0.614097
0.614097
0.614097
0.614097
0.614097
0.614097
0.614097
0.614097
0.614097
0.614097
0.614097
0.614097
0.614097
0.614097
0.614097
0.614097
0.614097
0.614097
0.614097
0.614097
0.614097
0.614097
0.614097
0.614097
0.614097
0.614097
0.614097
0.614097
0.614097
0.614097
0.614097
0.614097
0.614097
0.614097
0.614097
0.614097
0.614097
0.614097
0.614097
0.614097
0.614097
0.614097
0.614097
0.614097
0.614097
0.614097
0.614097
0.614097
0.614097
0.614097
0.614097
0.614097
0.614097
0.614097
0.614097
0.614097
0.614097
0.614097
0.614097
0.614097
0.614097
0.614097
0.614097
0.614097
0.614097
0.614097
0.614097
0.614097
0.614097
0.614097
0.614097
0.614097
0.614097
0.614097
0.614097
0.614097
0.614097
0.614097
0.614097
0.614097
0.614097
0.614097
0.614097
0.614097
0.614097
0.614097
0.614097
0.614097
0.614097
0.614097
0.614097
0.614097
0.614097
0.614097
0.614097
0.614097
0.614097
0.614097
0.614097
0.614097
0.614097
0.614097
0.614097
0.614097
0.614097
0.614097
0.614097
0.614097
0.614097
0.614097
0.614097
0.614097
0.614097
0.614097
0.614097
0.614097
0.614097
0.614097
0.614097
0.614097
0.614097
0.614097
0.614097
0.614097
0.614097
0.614097
0.614097
0.614097
0.614097
0.614097
0.614097
0.614097
0.614097
0.614097
0.614097
0.614097
0.614097
0.614097
0.614097
0.614097
0.614097
0.614097
0.614097
0.614097
0.614097
0.614097
0.614097
0.614097
0.614097
0.614097
0.614097
0.614097
0.614097
0.614097
0.614097
0.614097
0.614097
0.614097
0.614097
0.614097
0.614097
0.614097
0.614097
0.614097
0.614097
0.614097
0.614097
0.614097
0.614097
0.614097
0.614097
0.614097
0.614097
0.614097
0.614097
0.614097
0.614097
0.614097
0.614097
0.614097
0.614097
0.614097
0.614097
0.614097
0.614097
0.614097
0.614097
0.614097
0.614097
0.614097
0.614097
0.614097
0.614097
0.614097
0.614097
0.614097
0.614097
0.614097
0.614097
0.614097
0.614097
0.614097
0.614097
0.614097
0.614097
0.614097
0.614097
0.614097
0.614097
0.614097
0.614097
0.614097
0.614097
0.614097
0.614097
0.614097
0.614097
0.614097
0.614097
0.614097
0.614097
0.614097
0.614097
0.614097
0.614097
0.614097
0.614097
0.614097
0.614097
0.614097
0.614097
0.614097
0.614097
0.614097
0.614097
0.614097
0.614097
0.614097
0.614097
0.614097
0.614097
0.614097
0.614097
0.614097
0.614097
0.614097
0.614097
0.614097
0.614097
0.614097
0.614097
0.614097
0.614097
0.614097
0.614097
0.614097
0.614097
0.614097
0.614097
0.614097
0.614097
0.614097
0.614097
0.614097
0.614097
0.614097
0.614097
0.614097
0.614097
0.614097
0.614097
0.614097
0.614097
0.614097
0.614097
0.614097
0.614097
0.614097
0.614097
0.614097
0.614097
0.614097
0.614097
0.614097
0.614097
0.614097
0.614097
0.614097
0.614097
0.614097
0.614097
0.614097
0.614097
0.614097
0.614097
0.614097
0.614097
0.614097
0.614097
0.614097
0.614097
0.614097
0.614097
0.614097
0.614097
0.614097
0.614097
0.614097
0.614097
0.614097
0.614097
0.614097
0.614097
0.614097
0.614097
0.614097
0.614097
0.614097
0.614097
0.614097
0.614097
0.614097
0.614097
0.614097
0.614097
0.614097
0.614097
0.614097
0.614097
0.614097
0.614097
0.614097
0.614097
0.614097
0.614097
0.614097
0.614097
0.614097
0.614097
0.614097
0.614097
0.614097
0.614097
0.614097
0.614097
0.614097
0.614097
0.614097
0.614097
0.614097
0.614097
0.614097
0.614097
0.614097
0.614097
0.614097
0.614097
0.614097
0.614097
0.614097
0.614097
0.614097
0.614097
0.614097
0.614097
0.614097
0.614097
0.614097
0.614097
0.614097
0.614097
0.614097
0.614097
0.614097
0.614097
0.614097
0.614097
0.614097
0.614097
0.614097
0.614097
0.614097
0.614097
0.614097
0.614097
0.614097
0.614097
0.614097
0.614097
0.614097
0.614097
0.614097
0.614097
0.614097
0.614097
0.614097
0.614097
0.614097
0.614097
0.614097
0.614097
0.614097
0.614097
0.614097
0.614097
0.614097
0.614097
0.614097
0.614097
0.614097
0.614097
0.614097
0.614097
0.614097
0.614097
0.614097
0.614097
0.614097
0.614097
0.614097
0.614097
0.614097
0.614097
0.614097
0.614097
0.614097
0.614097
0.614097
0.614097
0.614097
0.614097
0.614097
0.614097
0.614097
0.614097
0.614097
0.614097
0.614097
0.614097
0.614097
0.614097
0.614097
0.614097
0.614097
0.614097
0.614097
0.614097
0.614097
0.614097
0.614097
0.614097
0.614097
0.614097
0.614097
0.614097
0.614097
0.614097
0.614097
0.614097
0.614097
0.614097
0.614097
0.614097
0.614097
0.614097
0.614097
0.614097
0.614097
0.614097
0.614097
0.614097
0.614097
0.614097
0.614097
0.614097
0.614097
0.614097
0.614097
0.614097
0.614097
0.614097
0.614097
0.614097
0.614097
0.614097
0.614097
0.614097
0.614097
0.614097
0.614097
0.614097
0.614097
0.614097
0.614097
0.614097
0.614097
0.614097
0.614097
0.614097
0.614097
0.614097
0.614097
0.614097
0.614097
0.614097
0.614097
0.614097
0.614097
0.614097
0.614097
0.614097
0.614097
0.614097
0.614097
0.614097
0.614097
0.614097
0.614097
0.614097
0.614097
0.614097
0.614097
0.614097
0.614097
0.614097
0.614097
0.614097
0.614097
0.614097
0.614097
0.614097
0.614097
0.614097
0.614097
0.614097
0.614097
0.614097
0.614097
0.614097
0.614097
0.614097
0.614097
0.614097
0.614097
0.614097
0.614097
0.614097
0.614097
0.614097
0.614097
0.614097
0.614097
0.614097
0.614097
0.614097
0.614097
0.614097
0.614097
0.614097
0.614097
0.614097
0.614097
0.614097
0.614097
0.614097
0.614097
0.614097
0.614097
0.614097
0.614097
0.614097
0.614097
0.614097
0.614097
0.614097
0.614097
0.614097
0.614097
0.614097
0.614097
0.614097
0.614097
0.614097
0.614097
0.614097
0.614097
0.614097
0.614097
0.614097
0.614097
0.614097
0.614097
0.614097
0.614097
0.614097
0.614097
0.614097
0.614097
0.614097
0.614097
0.614097
0.614097
0.614097
0.614097
0.614097
0.614097
0.614097
0.614097
0.614097
0.614097
0.614097
0.614097
0.614097
0.614097
0.614097
0.614097
0.614097
0.614097
0.614097
0.614097
0.614097
0.614097
0.614097
0.614097
0.614097
0.614097
0.614097
0.614097
0.614097
0.614097
0.614097
0.614097
0.614097
0.614097
0.614097
0.614097
0.614097
0.614097
0.614097
0.614097
0.614097
0.614097
0.614097
0.614097
0.614097
0.614097
0.614097
0.614097
0.614097
0.614097
0.614097
0.614097
0.614097
0.614097
0.614097
0.614097
0.614097
0.614097
0.614097
0.614097
0.614097
0.614097
0.614097
0.614097
0.614097
0.614097
0.614097
0.614097
0.614097
0.614097
0.614097
0.614097
0.614097
0.614097
0.614097
0.614097
0.614097
0.614097
0.614097
0.614097
0.614097
0.614097
0.614097
0.614097
0.614097
0.614097
0.614097
0.614097
0.614097
0.614097
0.614097
0.614097
0.614097
0.614097
0.614097
0.614097
0.614097
0.614097
0.614097
0.614097
0.614097
0.614097
0.614097
0.614097
0.614097
0.614097
0.614097
0.614097
0.614097
0.614097
0.614097
0.614097
0.614097
0.614097
0.614097
0.614097
0.614097
0.614097
0.614097
0.614097
0.614097
0.614097
0.614097
0.614097
0.614097
0.614097
0.614097
0.614097
0.614097
0.614097
0.614097
0.614097
0.614097
0.614097
0.614097
0.614097
0.614097
0.614097
0.614097
0.614097
0.614097
0.614097
0.614097
0.614097
0.614097
0.614097
0.614097
0.614097
0.614097
0.614097
0.614097
0.614097
0.614097
0.614097
0.614097
0.614097
0.614097
0.614097
0.614097
0.614097
0.614097
0.614097
0.614097
0.614097
0.614097
0.614097
0.614097
0.614097
0.614097
0.614097
0.614097
0.614097
0.614097
0.614097
0.614097
0.614097
0.614097
0.614097
0.614097
0.614097
0.614097
0.614097
0.614097
0.614097
0.614097
0.614097
0.614097
0.614097
0.614097
0.614097
0.614097
0.614097
0.614097
0.614097
0.614097
0.614097
0.614097
0.614097
0.614097
0.614097
0.614097
0.614097
0.614097
0.614097
0.614097
0.614097
0.614097
0.614097
0.614097
0.614097
0.614097
0.614097
0.614097
0.614097
0.614097
0.614097
0.614097
0.614097
0.614097
0.614097
0.614097
0.614097
0.614097
0.614097
0.614097
0.614097
0.614097
0.614097
0.614097
0.614097
0.614097
0.614097
0.614097
0.614097
0.614097
0.614097
0.614097
0.614097
0.614097
0.614097
0.614097
0.614097
0.614097
0.614097
0.614097
0.614097
0.614097
0.614097
0.614097
0.614097
0.614097
0.614097
0.614097
0.614097
0.614097
0.614097
0.614097
0.614097
0.614097
0.614097
0.614097
0.614097
0.614097
0.614097
0.614097
0.614097
0.614097
0.614097
0.614097
0.614097
0.614097
0.614097
0.614097
0.614097
0.614097
0.614097
0.614097
0.614097
0.614097
0.614097
0.614097
0.614097
0.614097
0.614097
0.614097
0.614097
0.614097
0.614097
0.614097
