1
0.999
0.998001
0.997003
0.996006
0.99501
0.994015
0.993021
0.992028
0.991036
0.990045
0.989055
0.988066
0.987078
0.986091
0.985105
0.984119
0.983135
0.982152
0.98117
0.980189
0.979209
0.978229
0.977251
0.976274
0.975298
0.974322
0.973348
0.972375
0.971402
0.970431
0.969461
0.968491
0.967523
0.966555
0.965589
0.964623
0.963658
0.962695
0.961732
0.96077
0.959809
0.95885
0.957891
0.956933
0.955976
0.95502
0.954065
0.953111
0.952158
0.951206
0.950254
0.949304
0.948355
0.947407
0.946459
0.945513
0.944567
0.943623
0.942679
0.941736
0.940795
0.939854
0.938914
0.937975
0.937037
0.9361
0.935164
0.934229
0.933294
0.932361
0.931429
0.930497
0.929567
0.928637
0.927709
0.926781
0.925854
0.924928
0.924003
0.923079
0.922156
0.921234
0.920313
0.919393
0.918473
0.917555
0.916637
0.915721
0.914805
0.91389
0.912976
0.912063
0.911151
0.91024
0.90933
0.90842
0.907512
0.906604
0.905698
0.904792
0.903887
0.902983
0.90208
0.901178
0.900277
0.899377
0.898478
0.897579
0.896682
0.895785
0.894889
0.893994
0.8931
0.892207
0.891315
0.890424
0.889533
0.888644
0.887755
0.886867
0.88598
0.885094
0.884209
0.883325
0.882442
0.881559
0.880678
0.879797
0.878917
0.878038
0.87716
0.876283
0.875407
0.874531
0.873657
0.872783
0.87191
0.871039
0.870168
0.869297
0.868428
0.86756
0.866692
0.865825
0.86496
0.864095
0.86323
0.862367
0.861505
0.860643
0.859783
0.858923
0.858064
0.857206
0.856349
0.855492
0.854637
0.853782
0.852929
0.852076
0.851223
0.850372
0.849522
0.848672
0.847824
0.846976
0.846129
0.845283
0.844437
0.843593
0.842749
0.841907
0.841065
0.840224
0.839384
0.838544
0.837706
0.836868
0.836031
0.835195
0.83436
0.833525
0.832692
0.831859
0.831027
0.830196
0.829366
0.828537
0.827708
0.826881
0.826054
0.825228
0.824402
0.823578
0.822754
0.821932
0.82111
0.820289
0.819468
0.818649
0.81783
0.817012
0.816195
0.815379
0.814564
0.813749
0.812935
0.812123
0.81131
0.810499
0.809689
0.808879
0.80807
0.807262
0.806455
0.805648
0.804843
0.804038
0.803234
0.80243
0.801628
0.800826
0.800026
0.799226
0.798426
0.797628
0.79683
0.796033
0.795237
0.794442
0.793648
0.792854
0.792061
0.791269
0.790478
0.789687
0.788898
0.788109
0.787321
0.786533
0.785747
0.784961
0.784176
0.783392
0.782609
0.781826
0.781044
0.780263
0.779483
0.778703
0.777925
0.777147
0.77637
0.775593
0.774818
0.774043
0.773269
0.772496
0.771723
0.770951
0.77018
0.76941
0.768641
0.767872
0.767104
0.766337
0.765571
0.764805
0.76404
0.763276
0.762513
0.761751
0.760989
0.760228
0.759468
0.758708
0.757949
0.757191
0.756434
0.755678
0.754922
0.754167
0.753413
0.75266
0.751907
0.751155
0.750404
0.749654
0.748904
0.748155
0.747407
0.746659
0.745913
0.745167
0.744422
0.743677
0.742934
0.742191
0.741448
0.740707
0.739966
0.739226
0.738487
0.737749
0.737011
0.736274
0.735538
0.734802
0.734067
0.733333
0.7326
0.731867
0.731135
0.730404
0.729674
0.728944
0.728215
0.727487
0.72676
0.726033
0.725307
0.724581
0.723857
0.723133
0.72241
0.721687
0.720966
0.720245
0.719525
0.718805
0.718086
0.717368
0.716651
0.715934
0.715218
0.714503
0.713788
0.713075
0.712362
0.711649
0.710938
0.710227
0.709516
0.708807
0.708098
0.70739
0.706683
0.705976
0.70527
0.704565
0.70386
0.703156
0.702453
0.701751
0.701049
0.700348
0.699648
0.698948
0.698249
0.697551
0.696853
0.696156
0.69546
0.694765
0.69407
0.693376
0.692682
0.69199
0.691298
0.690606
0.689916
0.689226
0.688537
0.687848
0.68716
0.686473
0.685787
0.685101
0.684416
0.683731
0.683048
0.682365
0.681682
0.681001
0.68032
0.679639
0.67896
0.678281
0.677602
0.676925
0.676248
0.675572
0.674896
0.674221
0.673547
0.672873
0.6722
0.671528
0.670857
0.670186
0.669516
0.668846
0.668177
0.667509
0.666842
0.666175
0.665509
0.664843
0.664178
0.663514
0.662851
0.662188
0.661526
0.660864
0.660203
0.659543
0.658883
0.658225
0.657566
0.656909
0.656252
0.655596
0.65494
0.654285
0.653631
0.652977
0.652324
0.651672
0.65102
0.650369
0.649719
0.649069
0.64842
0.647772
0.647124
0.646477
0.64583
0.645184
0.644539
0.643895
0.643251
0.642608
0.641965
0.641323
0.640682
0.640041
0.639401
0.638761
0.638123
0.637485
0.636847
0.63621
0.635574
0.634938
0.634304
0.633669
0.633036
0.632403
0.63177
0.631138
0.630507
0.629877
0.629247
0.628618
0.627989
0.627361
0.626734
0.626107
0.625481
0.624855
0.62423
0.623606
0.622983
0.62236
0.621737
0.621116
0.620494
0.619874
0.619254
0.618635
0.618016
0.617398
0.616781
0.616164
0.615548
0.614932
0.614317
0.613703
0.613089
0.612476
0.611864
0.611252
0.610641
0.61003
0.60942
0.608811
0.608202
0.607594
0.606986
0.606379
0.605773
0.605167
0.604562
0.603957
0.603353
0.60275
0.602147
0.601545
0.600943
0.600342
0.599742
0.599142
0.598543
0.597945
0.597347
0.596749
0.596153
0.595556
0.594961
0.594366
0.593772
0.593178
0.592585
0.591992
0.5914
0.590809
0.590218
0.589628
0.589038
0.588449
0.58786
0.587273
0.586685
0.586099
0.585513
0.584927
0.584342
0.583758
0.583174
0.582591
0.582008
0.581426
0.580845
0.580264
0.579684
0.579104
0.578525
0.577946
0.577368
0.576791
0.576214
0.575638
0.575062
0.574487
0.573913
0.573339
0.572766
0.572193
0.571621
0.571049
0.570478
0.569908
0.569338
0.568768
0.5682
0.567631
0.567064
0.566497
0.56593
0.565364
0.564799
0.564234
0.56367
0.563106
0.562543
0.56198
0.561418
0.560857
0.560296
0.559736
0.559176
0.558617
0.558058
0.5575
0.556943
0.556386
0.555829
0.555274
0.554718
0.554164
0.55361
0.553056
0.552503
0.55195
0.551398
0.550847
0.550296
0.549746
0.549196
0.548647
0.548098
0.54755
0.547003
0.546456
0.545909
0.545363
0.544818
0.544273
0.543729
0.543185
0.542642
0.542099
0.541557
0.541016
0.540475
0.539934
0.539394
0.538855
0.538316
0.537778
0.53724
0.536703
0.536166
0.53563
0.535094
0.534559
0.534024
0.53349
0.532957
0.532424
0.531892
0.53136
0.530828
0.530297
0.529767
0.529237
0.528708
0.528179
0.527651
0.527124
0.526596
0.52607
0.525544
0.525018
0.524493
0.523969
0.523445
0.522921
0.522398
0.521876
0.521354
0.520833
0.520312
0.519792
0.519272
0.518753
0.518234
0.517716
0.517198
0.516681
0.516164
0.515648
0.515132
0.514617
0.514102
0.513588
0.513075
0.512562
0.512049
0.511537
0.511026
0.510515
0.510004
0.509494
0.508984
0.508476
0.507967
0.507459
0.506952
0.506445
0.505938
0.505432
0.504927
0.504422
0.503917
0.503414
0.50291
0.502407
0.501905
0.501403
0.500902
0.500401
0.4999
0.4994
0.498901
0.498402
0.497904
0.497406
0.496908
0.496411
0.495915
0.495419
0.494924
0.494429
0.493934
0.49344
0.492947
0.492454
0.491962
0.49147
0.490978
0.490487
0.489997
0.489507
0.489017
0.488528
0.48804
0.487552
0.487064
0.486577
0.48609
0.485604
0.485119
0.484634
0.484149
0.483665
0.483181
0.482698
0.482215
0.481733
0.481251
0.48077
0.480289
0.479809
0.479329
0.47885
0.478371
0.477893
0.477415
0.476937
0.47646
0.475984
0.475508
0.475032
0.474557
0.474083
0.473609
0.473135
0.472662
0.472189
0.471717
0.471245
0.470774
0.470303
0.469833
0.469363
0.468894
0.468425
0.467957
0.467489
0.467021
0.466554
0.466088
0.465621
0.465156
0.464691
0.464226
0.463762
0.463298
0.462835
0.462372
0.46191
0.461448
0.460986
0.460525
0.460065
0.459605
0.459145
0.458686
0.458227
0.457769
0.457311
0.456854
0.456397
0.455941
0.455485
0.455029
0.454574
0.45412
0.453665
0.453212
0.452759
0.452306
0.451854
0.451402
0.45095
0.450499
0.450049
0.449599
0.449149
0.4487
0.448251
0.447803
0.447355
0.446908
0.446461
0.446015
0.445569
0.445123
0.444678
0.444233
0.443789
0.443345
0.442902
0.442459
0.442016
0.441574
0.441133
0.440692
0.440251
0.439811
0.439371
0.438932
0.438493
0.438054
0.437616
0.437178
0.436741
0.436305
0.435868
0.435432
0.434997
0.434562
0.434127
0.433693
0.43326
0.432826
0.432393
0.431961
0.431529
0.431098
0.430666
0.430236
0.429806
0.429376
0.428946
0.428517
0.428089
0.427661
0.427233
0.426806
0.426379
0.425953
0.425527
0.425101
0.424676
0.424252
0.423827
0.423403
0.42298
0.422557
0.422135
0.421712
0.421291
0.420869
0.420448
0.420028
0.419608
0.419188
0.418769
0.41835
0.417932
0.417514
0.417097
0.41668
0.416263
0.415847
0.415431
0.415015
0.4146
0.414186
0.413772
0.413358
0.412944
0.412531
0.412119
0.411707
0.411295
0.410884
0.410473
0.410062
0.409652
0.409243
0.408833
0.408425
0.408016
0.407608
0.407201
0.406793
0.406387
0.40598
0.405574
0.405169
0.404764
0.404359
0.403954
0.40355
0.403147
0.402744
0.402341
0.401939
0.401537
0.401135
0.400734
0.400333
0.399933
0.399533
0.399134
0.398734
0.398336
0.397937
0.397539
0.397142
0.396745
0.396348
0.395952
0.395556
0.39516
0.394765
0.39437
0.393976
0.393582
0.393188
0.392795
0.392402
0.39201
0.391618
0.391226
0.390835
0.390444
0.390054
0.389664
0.389274
0.388885
0.388496
0.388107
0.387719
0.387332
0.386944
0.386557
0.386171
0.385785
0.385399
0.385013
0.384628
0.384244
0.383859
0.383476
0.383092
0.382709
0.382326
0.381944
0.381562
0.38118
0.380799
0.380418
0.380038
0.379658
0.379278
0.378899
0.37852
0.378142
0.377764
0.377386
0.377008
0.376631
0.376255
0.375878
0.375503
0.375127
0.374752
0.374377
0.374003
0.373629
0.373255
0.372882
0.372509
0.372137
0.371764
0.371393
0.371021
0.37065
0.37028
0.369909
0.369539
0.36917
0.368801
0.368432
0.368063
0.367695
0.367328
0.36696
0.366593
0.366227
0.365861
0.365495
0.365129
0.364764
0.364399
0.364035
0.363671
0.363307
0.362944
0.362581
0.362218
0.361856
0.361494
0.361133
0.360772
0.360411
0.360051
0.35969
0.359331
0.358971
0.358613
0.358254
0.357896
0.357538
0.35718
0.356823
0.356466
0.35611
0.355754
0.355398
0.355042
0.354687
0.354333
0.353978
0.353624
0.353271
0.352918
0.352565
0.352212
0.35186
0.351508
0.351156
0.350805
0.350455
0.350104
0.349754
0.349404
0.349055
0.348706
0.348357
0.348009
0.347661
0.347313
0.346966
0.346619
0.346272
0.345926
0.34558
0.345234
0.344889
0.344544
0.3442
0.343855
0.343512
0.343168
0.342825
0.342482
0.34214
0.341797
0.341456
0.341114
0.340773
0.340432
0.340092
0.339752
0.339412
0.339073
0.338734
0.338395
0.338056
0.337718
0.337381
0.337043
0.336706
0.33637
0.336033
0.335697
0.335361
0.335026
0.334691
0.334356
0.334022
0.333688
0.333354
0.333021
0.332688
0.332355
0.332023
0.331691
0.331359
0.331028
0.330697
0.330366
0.330036
0.329706
0.329376
0.329047
0.328718
0.328389
0.32806
0.327732
0.327405
0.327077
0.32675
0.326423
0.326097
0.325771
0.325445
0.32512
0.324795
0.32447
0.324145
0.323821
0.323497
0.323174
0.322851
0.322528
0.322205
0.321883
0.321561
0.32124
0.320918
0.320597
0.320277
0.319957
0.319637
0.319317
0.318998
0.318679
0.31836
0.318042
0.317724
0.317406
0.317088
0.316771
0.316455
0.316138
0.315822
0.315506
0.315191
0.314876
0.314561
0.314246
0.313932
0.313618
0.313304
0.312991
0.312678
0.312365
0.312053
0.311741
0.311429
0.311118
0.310807
0.310496
0.310185
0.309875
0.309565
0.309256
0.308946
0.308637
0.308329
0.308021
0.307712
0.307405
0.307097
0.30679
0.306483
0.306177
0.305871
0.305565
0.305259
0.304954
0.304649
0.304345
0.30404
0.303736
0.303432
0.303129
0.302826
0.302523
0.30222
0.301918
0.301616
0.301315
0.301013
0.300712
0.300412
0.300111
0.299811
0.299511
0.299212
0.298913
0.298614
0.298315
0.298017
0.297719
0.297421
0.297124
0.296827
0.29653
0.296233
0.295937
0.295641
0.295345
0.29505
0.294755
0.29446
0.294166
0.293872
0.293578
0.293284
0.292991
0.292698
0.292405
0.292113
0.291821
0.291529
0.291237
0.290946
0.290655
0.290364
0.290074
0.289784
0.289494
0.289205
0.288916
0.288627
0.288338
0.28805
0.287762
0.287474
0.287186
0.286899
0.286612
0.286326
0.286039
0.285753
0.285468
0.285182
0.284897
0.284612
0.284327
0.284043
0.283759
0.283475
0.283192
0.282909
0.282626
0.282343
0.282061
0.281779
0.281497
0.281215
0.280934
0.280653
0.280373
0.280092
0.279812
0.279532
0.279253
0.278974
0.278695
0.278416
0.278137
0.277859
0.277581
0.277304
0.277027
0.27675
0.276473
0.276196
0.27592
0.275644
0.275369
0.275093
0.274818
0.274543
0.274269
0.273994
0.27372
0.273447
0.273173
0.2729
0.272627
0.272355
0.272082
0.27181
0.271538
0.271267
0.270996
0.270725
0.270454
0.270183
0.269913
0.269643
0.269374
0.269104
0.268835
0.268566
0.268298
0.268029
0.267761
0.267494
0.267226
0.266959
0.266692
0.266425
0.266159
0.265893
0.265627
0.265361
0.265096
0.264831
0.264566
0.264301
0.264037
0.263773
0.263509
0.263246
0.262982
0.262719
0.262457
0.262194
0.261932
0.26167
0.261409
0.261147
0.260886
0.260625
0.260364
0.260104
0.259844
0.259584
0.259325
0.259065
0.258806
0.258547
0.258289
0.258031
0.257772
0.257515
0.257257
0.257
0.256743
0.256486
0.25623
0.255973
0.255718
0.255462
0.255206
0.254951
0.254696
0.254441
0.254187
0.253933
0.253679
0.253425
0.253172
0.252919
0.252666
0.252413
0.252161
0.251908
0.251657
0.251405
0.251154
0.250902
0.250651
0.250401
0.25015
0.2499
0.24965
0.249401
0.249151
0.248902
0.248653
0.248405
0.248156
0.247908
0.24766
0.247412
0.247165
0.246918
0.246671
0.246424
0.246178
0.245932
0.245686
0.24544
0.245195
0.244949
0.244704
0.24446
0.244215
0.243971
0.243727
0.243483
0.24324
0.242997
0.242754
0.242511
0.242268
0.242026
0.241784
0.241542
0.241301
0.24106
0.240818
0.240578
0.240337
0.240097
0.239857
0.239617
0.239377
0.239138
0.238899
0.23866
0.238421
0.238183
0.237944
0.237707
0.237469
0.237231
0.236994
0.236757
0.23652
0.236284
0.236048
0.235812
0.235576
0.23534
0.235105
0.23487
0.234635
0.2344
0.234166
0.233932
0.233698
0.233464
0.233231
0.232997
0.232764
0.232532
0.232299
0.232067
0.231835
0.231603
0.231371
0.23114
0.230909
0.230678
0.230447
0.230217
0.229986
0.229756
0.229527
0.229297
0.229068
0.228839
0.22861
0.228381
0.228153
0.227925
0.227697
0.227469
0.227242
0.227014
0.226787
0.226561
0.226334
0.226108
0.225882
0.225656
0.22543
0.225205
0.224979
0.224755
0.22453
0.224305
0.224081
0.223857
0.223633
0.223409
0.223186
0.222963
0.22274
0.222517
0.222295
0.222072
0.22185
0.221628
0.221407
0.221185
0.220964
0.220743
0.220522
0.220302
0.220082
0.219861
0.219642
0.219422
0.219203
0.218983
0.218764
0.218546
0.218327
0.218109
0.217891
0.217673
0.217455
0.217238
0.21702
0.216803
0.216587
0.21637
0.216154
0.215937
0.215722
0.215506
0.21529
0.215075
0.21486
0.214645
0.21443
0.214216
0.214002
0.213788
0.213574
0.21336
0.213147
0.212934
0.212721
0.212508
0.212296
0.212083
0.211871
0.211659
0.211448
0.211236
0.211025
0.210814
0.210603
0.210393
0.210182
0.209972
0.209762
0.209552
0.209343
0.209133
0.208924
0.208715
0.208507
0.208298
0.20809
0.207882
0.207674
0.207466
0.207259
0.207052
0.206844
0.206638
0.206431
0.206225
0.206018
0.205812
0.205607
0.205401
0.205196
0.20499
0.204785
0.204581
0.204376
0.204172
0.203967
0.203763
0.20356
0.203356
0.203153
0.20295
0.202747
0.202544
0.202341
0.202139
0.201937
0.201735
0.201533
0.201332
0.20113
0.200929
0.200728
0.200528
0.200327
0.200127
0.199927
0.199727
0.199527
0.199327
0.199128
0.198929
0.19873
0.198531
0.198333
0.198134
0.197936
0.197738
0.197541
0.197343
0.197146
0.196949
0.196752
0.196555
0.196358
0.196162
0.195966
0.19577
0.195574
0.195379
0.195183
0.194988
0.194793
0.194598
0.194404
0.194209
0.194015
0.193821
0.193627
0.193433
0.19324
0.193047
0.192854
0.192661
0.192468
0.192276
0.192084
0.191891
0.1917
0.191508
0.191316
0.191125
0.190934
0.190743
0.190552
0.190362
0.190171
0.189981
0.189791
0.189601
0.189412
0.189222
0.189033
0.188844
0.188655
0.188467
0.188278
0.18809
0.187902
0.187714
0.187526
0.187339
0.187151
0.186964
0.186777
0.18659
0.186404
0.186217
0.186031
0.185845
0.185659
0.185474
0.185288
0.185103
0.184918
0.184733
0.184548
0.184364
0.184179
0.183995
0.183811
0.183627
0.183444
0.18326
0.183077
0.182894
0.182711
0.182528
0.182346
0.182163
0.181981
0.181799
0.181617
0.181436
0.181254
0.181073
0.180892
0.180711
0.18053
0.18035
0.18017
0.179989
0.179809
0.17963
0.17945
0.17927
0.179091
0.178912
0.178733
0.178554
0.178376
0.178198
0.178019
0.177841
0.177663
0.177486
0.177308
0.177131
0.176954
0.176777
0.1766
0.176424
0.176247
0.176071
0.175895
0.175719
0.175543
0.175368
0.175192
0.175017
0.174842
0.174667
0.174493
0.174318
0.174144
0.17397
0.173796
0.173622
0.173448
0.173275
0.173102
0.172928
0.172755
0.172583
0.17241
0.172238
0.172065
0.171893
0.171722
0.17155
0.171378
0.171207
0.171036
0.170865
0.170694
0.170523
0.170353
0.170182
0.170012
0.169842
0.169672
0.169503
0.169333
0.169164
0.168995
0.168826
0.168657
0.168488
0.16832
0.168151
0.167983
0.167815
0.167647
0.16748
0.167312
0.167145
0.166978
0.166811
0.166644
0.166477
0.166311
0.166144
0.165978
0.165812
0.165647
0.165481
0.165315
0.16515
0.164985
0.16482
0.164655
0.16449
0.164326
0.164162
0.163997
0.163834
0.16367
0.163506
0.163342
0.163179
0.163016
0.162853
0.16269
0.162527
0.162365
0.162203
0.16204
0.161878
0.161716
0.161555
0.161393
0.161232
0.161071
0.160909
0.160749
0.160588
0.160427
0.160267
0.160106
0.159946
0.159786
0.159627
0.159467
0.159308
0.159148
0.158989
0.15883
0.158671
0.158513
0.158354
0.158196
0.158038
0.15788
0.157722
0.157564
0.157406
0.157249
0.157092
0.156935
0.156778
0.156621
0.156464
0.156308
0.156151
0.155995
0.155839
0.155684
0.155528
0.155372
0.155217
0.155062
0.154907
0.154752
0.154597
0.154442
0.154288
0.154134
0.15398
0.153826
0.153672
0.153518
0.153365
0.153211
0.153058
0.152905
0.152752
0.152599
0.152447
0.152294
0.152142
0.15199
0.151838
0.151686
0.151534
0.151383
0.151231
0.15108
0.150929
0.150778
0.150627
0.150477
0.150326
0.150176
0.150026
0.149876
0.149726
0.149576
0.149427
0.149277
0.149128
0.148979
0.14883
0.148681
0.148532
0.148384
0.148235
0.148087
0.147939
0.147791
0.147643
0.147496
0.147348
0.147201
0.147054
0.146906
0.14676
0.146613
0.146466
0.14632
0.146173
0.146027
0.145881
0.145735
0.14559
0.145444
0.145299
0.145153
0.145008
0.144863
0.144718
0.144574
0.144429
0.144285
0.14414
0.143996
0.143852
0.143708
0.143565
0.143421
0.143278
0.143134
0.142991
0.142848
0.142705
0.142563
0.14242
0.142278
0.142135
0.141993
0.141851
0.141709
0.141568
0.141426
0.141285
0.141143
0.141002
0.140861
0.14072
0.14058
0.140439
0.140299
0.140158
0.140018
0.139878
0.139738
0.139599
0.139459
0.139319
0.13918
0.139041
0.138902
0.138763
0.138624
0.138486
0.138347
0.138209
0.138071
0.137933
0.137795
0.137657
0.137519
0.137382
0.137244
0.137107
0.13697
0.136833
0.136696
0.136559
0.136423
0.136286
0.13615
0.136014
0.135878
0.135742
0.135606
0.135471
0.135335
0.1352
0.135065
0.13493
0.134795
0.13466
0.134525
0.134391
0.134256
0.134122
0.133988
0.133854
0.13372
0.133586
0.133453
0.133319
0.133186
0.133053
0.13292
0.132787
0.132654
0.132521
0.132389
0.132257
0.132124
0.131992
0.13186
0.131728
0.131597
0.131465
0.131334
0.131202
0.131071
0.13094
0.130809
0.130678
0.130547
0.130417
0.130287
0.130156
0.130026
0.129896
0.129766
0.129636
0.129507
0.129377
0.129248
0.129119
0.12899
0.128861
0.128732
0.128603
0.128474
0.128346
0.128218
0.128089
0.127961
0.127833
0.127705
0.127578
0.12745
0.127323
0.127195
0.127068
0.126941
0.126814
0.126687
0.126561
0.126434
0.126308
0.126181
0.126055
0.125929
0.125803
0.125677
0.125552
0.125426
0.125301
0.125175
0.12505
0.124925
0.1248
0.124675
0.124551
0.124426
0.124302
0.124178
0.124053
0.123929
0.123805
0.123682
0.123558
0.123434
0.123311
0.123188
0.123064
0.122941
0.122818
0.122696
0.122573
0.12245
0.122328
0.122206
0.122083
0.121961
0.121839
0.121717
0.121596
0.121474
0.121353
0.121231
0.12111
0.120989
0.120868
0.120747
0.120626
0.120506
0.120385
0.120265
0.120145
0.120024
0.119904
0.119784
0.119665
0.119545
0.119425
0.119306
0.119187
0.119068
0.118948
0.11883
0.118711
0.118592
0.118473
0.118355
0.118237
0.118118
0.118
0.117882
0.117764
0.117647
0.117529
0.117411
0.117294
0.117177
0.11706
0.116942
0.116826
0.116709
0.116592
0.116475
0.116359
0.116243
0.116126
0.11601
0.115894
0.115778
0.115663
0.115547
0.115431
0.115316
0.115201
0.115085
0.11497
0.114855
0.11474
0.114626
0.114511
0.114397
0.114282
0.114168
0.114054
0.11394
0.113826
0.113712
0.113598
0.113485
0.113371
0.113258
0.113144
0.113031
0.112918
0.112805
0.112693
0.11258
0.112467
0.112355
0.112242
0.11213
0.112018
0.111906
0.111794
0.111682
0.111571
0.111459
0.111348
0.111236
0.111125
0.111014
0.110903
0.110792
0.110681
0.110571
0.11046
0.11035
0.110239
0.110129
0.110019
0.109909
0.109799
0.109689
0.109579
0.10947
0.10936
0.109251
0.109142
0.109033
0.108924
0.108815
0.108706
0.108597
0.108489
0.10838
0.108272
0.108163
0.108055
0.107947
0.107839
0.107731
0.107624
0.107516
0.107409
0.107301
0.107194
0.107087
0.10698
0.106873
0.106766
0.106659
0.106552
0.106446
0.106339
0.106233
0.106127
0.106021
0.105915
0.105809
0.105703
0.105597
0.105492
0.105386
0.105281
0.105175
0.10507
0.104965
0.10486
0.104755
0.104651
0.104546
0.104441
0.104337
0.104233
0.104128
0.104024
0.10392
0.103816
0.103712
0.103609
0.103505
0.103402
0.103298
0.103195
0.103092
0.102989
0.102886
0.102783
0.10268
0.102577
0.102475
0.102372
0.10227
0.102168
0.102065
0.101963
0.101861
0.10176
0.101658
0.101556
0.101455
0.101353
0.101252
0.101151
0.101049
0.100948
0.100847
0.100747
0.100646
0.100545
0.100445
0.100344
0.100244
0.100144
0.100043
0.0999433
0.0998434
0.0997436
0.0996438
0.0995442
0.0994446
0.0993452
0.0992458
0.0991466
0.0990474
0.0989484
0.0988495
0.0987506
0.0986519
0.0985532
0.0984546
0.0983562
0.0982578
0.0981596
0.0980614
0.0979634
0.0978654
0.0977675
0.0976698
0.0975721
0.0974745
0.097377
0.0972797
0.0971824
0.0970852
0.0969881
0.0968911
0.0967942
0.0966974
0.0966007
0.0965041
0.0964076
0.0963112
0.0962149
0.0961187
0.0960226
0.0959266
0.0958306
0.0957348
0.0956391
0.0955434
0.0954479
0.0953524
0.0952571
0.0951618
0.0950667
0.0949716
0.0948766
0.0947818
0.094687
0.0945923
0.0944977
0.0944032
0.0943088
0.0942145
0.0941203
0.0940262
0.0939321
0.0938382
0.0937444
0.0936506
0.093557
0.0934634
0.0933699
0.0932766
0.0931833
0.0930901
0.092997
0.092904
0.0928111
0.0927183
0.0926256
0.092533
0.0924404
0.092348
0.0922556
0.0921634
0.0920712
0.0919792
0.0918872
0.0917953
0.0917035
0.0916118
0.0915202
0.0914287
0.0913372
0.0912459
0.0911546
0.0910635
0.0909724
0.0908815
0.0907906
0.0906998
0.0906091
0.0905185
0.090428
0.0903375
0.0902472
0.0901569
0.0900668
0.0899767
0.0898867
0.0897969
0.0897071
0.0896174
0.0895277
0.0894382
0.0893488
0.0892594
0.0891702
0.089081
0.0889919
0.0889029
0.088814
0.0887252
0.0886365
0.0885478
0.0884593
0.0883708
0.0882825
0.0881942
0.088106
0.0880179
0.0879299
0.0878419
0.0877541
0.0876663
0.0875787
0.0874911
0.0874036
0.0873162
0.0872289
0.0871417
0.0870545
0.0869675
0.0868805
0.0867936
0.0867068
0.0866201
0.0865335
0.086447
0.0863605
0.0862741
0.0861879
0.0861017
0.0860156
0.0859296
0.0858436
0.0857578
0.085672
0.0855864
0.0855008
0.0854153
0.0853299
0.0852445
0.0851593
0.0850741
0.0849891
0.0849041
0.0848192
0.0847343
0.0846496
0.084565
0.0844804
0.0843959
0.0843115
0.0842272
0.084143
0.0840588
0.0839748
0.0838908
0.0838069
0.0837231
0.0836394
0.0835557
0.0834722
0.0833887
0.0833053
0.083222
0.0831388
0.0830557
0.0829726
0.0828896
0.0828067
0.0827239
0.0826412
0.0825586
0.082476
0.0823935
0.0823111
0.0822288
0.0821466
0.0820645
0.0819824
0.0819004
0.0818185
0.0817367
0.081655
0.0815733
0.0814917
0.0814102
0.0813288
0.0812475
0.0811662
0.0810851
0.081004
0.080923
0.0808421
0.0807612
0.0806805
0.0805998
0.0805192
0.0804387
0.0803582
0.0802779
0.0801976
0.0801174
0.0800373
0.0799572
0.0798773
0.0797974
0.0797176
0.0796379
0.0795582
0.0794787
0.0793992
0.0793198
0.0792405
0.0791613
0.0790821
0.079003
0.078924
0.0788451
0.0787662
0.0786875
0.0786088
0.0785302
0.0784516
0.0783732
0.0782948
0.0782165
0.0781383
0.0780602
0.0779821
0.0779041
0.0778262
0.0777484
0.0776706
0.077593
0.0775154
0.0774379
0.0773604
0.0772831
0.0772058
0.0771286
0.0770515
0.0769744
0.0768974
0.0768205
0.0767437
0.076667
0.0765903
0.0765137
0.0764372
0.0763608
0.0762844
0.0762081
0.0761319
0.0760558
0.0759797
0.0759037
0.0758278
0.075752
0.0756763
0.0756006
0.075525
0.0754495
0.075374
0.0752986
0.0752233
0.0751481
0.075073
0.0749979
0.0749229
0.074848
0.0747731
0.0746983
0.0746236
0.074549
0.0744745
0.0744
0.0743256
0.0742513
0.074177
0.0741028
0.0740287
0.0739547
0.0738808
0.0738069
0.0737331
0.0736593
0.0735857
0.0735121
0.0734386
0.0733651
0.0732918
0.0732185
0.0731453
0.0730721
0.072999
0.072926
0.0728531
0.0727803
0.0727075
0.0726348
0.0725621
0.0724896
0.0724171
0.0723447
0.0722723
0.0722001
0.0721279
0.0720557
0.0719837
0.0719117
0.0718398
0.0717679
0.0716962
0.0716245
0.0715529
0.0714813
0.0714098
0.0713384
0.0712671
0.0711958
0.0711246
0.0710535
0.0709824
0.0709114
0.0708405
0.0707697
0.0706989
0.0706282
0.0705576
0.070487
0.0704166
0.0703461
0.0702758
0.0702055
0.0701353
0.0700652
0.0699951
0.0699251
0.0698552
0.0697853
0.0697155
0.0696458
0.0695762
0.0695066
0.0694371
0.0693677
0.0692983
0.069229
0.0691598
0.0690906
0.0690215
0.0689525
0.0688835
0.0688147
0.0687459
0.0686771
0.0686084
0.0685398
0.0684713
0.0684028
0.0683344
0.0682661
0.0681978
0.0681296
0.0680615
0.0679934
0.0679254
0.0678575
0.0677896
0.0677219
0.0676541
0.0675865
0.0675189
0.0674514
0.0673839
0.0673165
0.0672492
0.067182
0.0671148
0.0670477
0.0669806
0.0669136
0.0668467
0.0667799
0.0667131
0.0666464
0.0665797
0.0665132
0.0664467
0.0663802
0.0663138
0.0662475
0.0661813
0.0661151
0.066049
0.0659829
0.0659169
0.065851
0.0657852
0.0657194
0.0656537
0.065588
0.0655224
0.0654569
0.0653914
0.065326
0.0652607
0.0651955
0.0651303
0.0650651
0.0650001
0.0649351
0.0648701
0.0648053
0.0647405
0.0646757
0.064611
0.0645464
0.0644819
0.0644174
0.064353
0.0642886
0.0642243
0.0641601
0.064096
0.0640319
0.0639678
0.0639039
0.06384
0.0637761
0.0637123
0.0636486
0.063585
0.0635214
0.0634579
0.0633944
0.063331
0.0632677
0.0632044
0.0631412
0.0630781
0.063015
0.062952
0.062889
0.0628261
0.0627633
0.0627006
0.0626379
0.0625752
0.0625126
0.0624501
0.0623877
0.0623253
0.062263
0.0622007
0.0621385
0.0620764
0.0620143
0.0619523
0.0618903
0.0618284
0.0617666
0.0617048
0.0616431
0.0615815
0.0615199
0.0614584
0.0613969
0.0613355
0.0612742
0.0612129
0.0611517
0.0610906
0.0610295
0.0609684
0.0609075
0.0608466
0.0607857
0.0607249
0.0606642
0.0606035
0.0605429
0.0604824
0.0604219
0.0603615
0.0603011
0.0602408
0.0601806
0.0601204
0.0600603
0.0600002
0.0599402
0.0598803
0.0598204
0.0597606
0.0597008
0.0596411
0.0595815
0.0595219
0.0594624
0.0594029
0.0593435
0.0592842
0.0592249
0.0591657
0.0591065
0.0590474
0.0589883
0.0589294
0.0588704
0.0588116
0.0587527
0.058694
0.0586353
0.0585767
0.0585181
0.0584596
0.0584011
0.0583427
0.0582844
0.0582261
0.0581679
0.0581097
0.0580516
0.0579935
0.0579355
0.0578776
0.0578197
0.0577619
0.0577041
0.0576464
0.0575888
0.0575312
0.0574737
0.0574162
0.0573588
0.0573014
0.0572441
0.0571869
0.0571297
0.0570726
0.0570155
0.0569585
0.0569015
0.0568446
0.0567878
0.056731
0.0566742
0.0566176
0.056561
0.0565044
0.0564479
0.0563914
0.056335
0.0562787
0.0562224
0.0561662
0.05611
0.0560539
0.0559979
0.0559419
0.0558859
0.0558301
0.0557742
0.0557184
0.0556627
0.0556071
0.0555515
0.0554959
0.0554404
0.055385
0.0553296
0.0552743
0.055219
0.0551638
0.0551086
0.0550535
0.0549984
0.0549434
0.0548885
0.0548336
0.0547788
0.054724
0.0546693
0.0546146
0.05456
0.0545054
0.0544509
0.0543965
0.0543421
0.0542877
0.0542334
0.0541792
0.054125
0.0540709
0.0540168
0.0539628
0.0539089
0.0538549
0.0538011
0.0537473
0.0536935
0.0536399
0.0535862
0.0535326
0.0534791
0.0534256
0.0533722
0.0533188
0.0532655
0.0532122
0.053159
0.0531059
0.0530528
0.0529997
0.0529467
0.0528938
0.0528409
0.052788
0.0527352
0.0526825
0.0526298
0.0525772
0.0525246
0.0524721
0.0524196
0.0523672
0.0523148
0.0522625
0.0522102
0.052158
0.0521059
0.0520538
0.0520017
0.0519497
0.0518978
0.0518459
0.051794
0.0517422
0.0516905
0.0516388
0.0515872
0.0515356
0.051484
0.0514326
0.0513811
0.0513297
0.0512784
0.0512271
0.0511759
0.0511247
0.0510736
0.0510225
0.0509715
0.0509205
0.0508696
0.0508187
0.0507679
0.0507172
0.0506664
0.0506158
0.0505652
0.0505146
0.0504641
0.0504136
0.0503632
0.0503128
0.0502625
0.0502123
0.0501621
0.0501119
0.0500618
0.0500117
0.0499617
0.0499117
0.0498618
0.049812
0.0497622
0.0497124
0.0496627
0.049613
0.0495634
0.0495138
0.0494643
0.0494149
0.0493654
0.0493161
0.0492668
0.0492175
0.0491683
0.0491191
0.04907
0.0490209
0.0489719
0.0489229
0.048874
0.0488251
0.0487763
0.0487275
0.0486788
0.0486301
0.0485815
0.0485329
0.0484844
0.0484359
0.0483875
0.0483391
0.0482907
0.0482424
0.0481942
0.048146
0.0480979
0.0480498
0.0480017
0.0479537
0.0479058
0.0478579
0.04781
0.0477622
0.0477144
0.0476667
0.047619
0.0475714
0.0475239
0.0474763
0.0474289
0.0473814
0.047334
0.0472867
0.0472394
0.0471922
0.047145
0.0470978
0.0470507
0.0470037
0.0469567
0.0469097
0.0468628
0.046816
0.0467691
0.0467224
0.0466757
0.046629
0.0465824
0.0465358
0.0464892
0.0464427
0.0463963
0.0463499
0.0463036
0.0462573
0.046211
0.0461648
0.0461186
0.0460725
0.0460264
0.0459804
0.0459344
0.0458885
0.0458426
0.0457968
0.045751
0.0457052
0.0456595
0.0456138
0.0455682
0.0455227
0.0454771
0.0454317
0.0453862
0.0453408
0.0452955
0.0452502
0.045205
0.0451598
0.0451146
0.0450695
0.0450244
0.0449794
0.0449344
0.0448895
0.0448446
0.0447997
0.0447549
0.0447102
0.0446655
0.0446208
0.0445762
0.0445316
0.0444871
0.0444426
0.0443981
0.0443537
0.0443094
0.0442651
0.0442208
0.0441766
0.0441324
0.0440883
0.0440442
0.0440002
0.0439562
0.0439122
0.0438683
0.0438244
0.0437806
0.0437368
0.0436931
0.0436494
0.0436057
0.0435621
0.0435186
0.0434751
0.0434316
0.0433881
0.0433448
0.0433014
0.0432581
0.0432149
0.0431716
0.0431285
0.0430853
0.0430423
0.0429992
0.0429562
0.0429133
0.0428703
0.0428275
0.0427846
0.0427419
0.0426991
0.0426564
0.0426138
0.0425711
0.0425286
0.042486
0.0424436
0.0424011
0.0423587
0.0423164
0.042274
0.0422318
0.0421895
0.0421473
0.0421052
0.0420631
0.042021
0.041979
0.041937
0.0418951
0.0418532
0.0418113
0.0417695
0.0417278
0.041686
0.0416444
0.0416027
0.0415611
0.0415195
0.041478
0.0414365
0.0413951
0.0413537
0.0413124
0.041271
0.0412298
0.0411885
0.0411474
0.0411062
0.0410651
0.041024
0.040983
0.040942
0.0409011
0.0408602
0.0408193
0.0407785
0.0407377
0.040697
0.0406563
0.0406156
0.040575
0.0405344
0.0404939
0.0404534
0.040413
0.0403726
0.0403322
0.0402918
0.0402516
0.0402113
0.0401711
0.0401309
0.0400908
0.0400507
0.0400107
0.0399706
0.0399307
0.0398907
0.0398508
0.039811
0.0397712
0.0397314
0.0396917
0.039652
0.0396123
0.0395727
0.0395332
0.0394936
0.0394541
0.0394147
0.0393753
0.0393359
0.0392965
0.0392573
0.039218
0.0391788
0.0391396
0.0391005
0.0390614
0.0390223
0.0389833
0.0389443
0.0389053
0.0388664
0.0388276
0.0387887
0.03875
0.0387112
0.0386725
0.0386338
0.0385952
0.0385566
0.038518
0.0384795
0.038441
0.0384026
0.0383642
0.0383258
0.0382875
0.0382492
0.038211
0.0381728
0.0381346
0.0380965
0.0380584
0.0380203
0.0379823
0.0379443
0.0379064
0.0378684
0.0378306
0.0377927
0.037755
0.0377172
0.0376795
0.0376418
0.0376042
0.0375666
0.037529
0.0374915
0.037454
0.0374165
0.0373791
0.0373417
0.0373044
0.0372671
0.0372298
0.0371926
0.0371554
0.0371182
0.0370811
0.037044
0.037007
0.03697
0.036933
0.0368961
0.0368592
0.0368223
0.0367855
0.0367487
0.036712
0.0366753
0.0366386
0.0366019
0.0365653
0.0365288
0.0364922
0.0364557
0.0364193
0.0363829
0.0363465
0.0363101
0.0362738
0.0362376
0.0362013
0.0361651
0.036129
0.0360928
0.0360567
0.0360207
0.0359847
0.0359487
0.0359127
0.0358768
0.0358409
0.0358051
0.0357693
0.0357335
0.0356978
0.0356621
0.0356264
0.0355908
0.0355552
0.0355197
0.0354841
0.0354486
0.0354132
0.0353778
0.0353424
0.0353071
0.0352718
0.0352365
0.0352013
0.0351661
0.0351309
0.0350958
0.0350607
0.0350256
0.0349906
0.0349556
0.0349206
0.0348857
0.0348508
0.034816
0.0347812
0.0347464
0.0347116
0.0346769
0.0346422
0.0346076
0.034573
0.0345384
0.0345039
0.0344694
0.0344349
0.0344005
0.0343661
0.0343317
0.0342974
0.0342631
0.0342288
0.0341946
0.0341604
0.0341262
0.0340921
0.034058
0.0340239
0.0339899
0.0339559
0.033922
0.0338881
0.0338542
0.0338203
0.0337865
0.0337527
0.033719
0.0336852
0.0336516
0.0336179
0.0335843
0.0335507
0.0335171
0.0334836
0.0334501
0.0334167
0.0333833
0.0333499
0.0333165
0.0332832
0.0332499
0.0332167
0.0331835
0.0331503
0.0331171
0.033084
0.0330509
0.0330179
0.0329849
0.0329519
0.0329189
0.032886
0.0328531
0.0328203
0.0327875
0.0327547
0.0327219
0.0326892
0.0326565
0.0326239
0.0325912
0.0325586
0.0325261
0.0324936
0.0324611
0.0324286
0.0323962
0.0323638
0.0323314
0.0322991
0.0322668
0.0322345
0.0322023
0.0321701
0.0321379
0.0321058
0.0320737
0.0320416
0.0320095
0.0319775
0.0319456
0.0319136
0.0318817
0.0318498
0.031818
0.0317861
0.0317544
0.0317226
0.0316909
0.0316592
0.0316275
0.0315959
0.0315643
0.0315327
0.0315012
0.0314697
0.0314382
0.0314068
0.0313754
0.031344
0.0313127
0.0312814
0.0312501
0.0312188
0.0311876
0.0311564
0.0311253
0.0310941
0.0310631
0.031032
0.031001
0.03097
0.030939
0.030908
0.0308771
0.0308463
0.0308154
0.0307846
0.0307538
0.0307231
0.0306923
0.0306616
0.030631
0.0306004
0.0305698
0.0305392
0.0305086
0.0304781
0.0304477
0.0304172
0.0303868
0.0303564
0.0303261
0.0302957
0.0302654
0.0302352
0.0302049
0.0301747
0.0301445
0.0301144
0.0300843
0.0300542
0.0300242
0.0299941
0.0299641
0.0299342
0.0299042
0.0298743
0.0298445
0.0298146
0.0297848
0.029755
0.0297253
0.0296955
0.0296658
0.0296362
0.0296065
0.0295769
0.0295474
0.0295178
0.0294883
0.0294588
0.0294293
0.0293999
0.0293705
0.0293411
0.0293118
0.0292825
0.0292532
0.029224
0.0291947
0.0291655
0.0291364
0.0291072
0.0290781
0.029049
0.02902
0.028991
0.028962
0.028933
0.0289041
0.0288752
0.0288463
0.0288175
0.0287886
0.0287599
0.0287311
0.0287024
0.0286737
0.028645
0.0286163
0.0285877
0.0285591
0.0285306
0.0285021
0.0284736
0.0284451
0.0284166
0.0283882
0.0283598
0.0283315
0.0283031
0.0282748
0.0282466
0.0282183
0.0281901
0.0281619
0.0281337
0.0281056
0.0280775
0.0280494
0.0280214
0.0279934
0.0279654
0.0279374
0.0279095
0.0278815
0.0278537
0.0278258
0.027798
0.0277702
0.0277424
0.0277147
0.027687
0.0276593
0.0276316
0.027604
0.0275764
0.0275488
0.0275213
0.0274937
0.0274662
0.0274388
0.0274113
0.0273839
0.0273565
0.0273292
0.0273019
0.0272746
0.0272473
0.02722
0.0271928
0.0271656
0.0271385
0.0271113
0.0270842
0.0270571
0.0270301
0.027003
0.026976
0.0269491
0.0269221
0.0268952
0.0268683
0.0268414
0.0268146
0.0267878
0.026761
0.0267342
0.0267075
0.0266808
0.0266541
0.0266274
0.0266008
0.0265742
0.0265476
0.0265211
0.0264946
0.0264681
0.0264416
0.0264152
0.0263887
0.0263624
0.026336
0.0263097
0.0262833
0.0262571
0.0262308
0.0262046
0.0261784
0.0261522
0.026126
0.0260999
0.0260738
0.0260477
0.0260217
0.0259957
0.0259697
0.0259437
0.0259178
0.0258918
0.025866
0.0258401
0.0258142
0.0257884
0.0257626
0.0257369
0.0257111
0.0256854
0.0256597
0.0256341
0.0256085
0.0255828
0.0255573
0.0255317
0.0255062
0.0254807
0.0254552
0.0254297
0.0254043
0.0253789
0.0253535
0.0253282
0.0253028
0.0252775
0.0252523
0.025227
0.0252018
0.0251766
0.0251514
0.0251262
0.0251011
0.025076
0.0250509
0.0250259
0.0250009
0.0249759
0.0249509
0.0249259
0.024901
0.0248761
0.0248512
0.0248264
0.0248016
0.0247768
0.024752
0.0247272
0.0247025
0.0246778
0.0246531
0.0246285
0.0246038
0.0245792
0.0245547
0.0245301
0.0245056
0.0244811
0.0244566
0.0244321
0.0244077
0.0243833
0.0243589
0.0243345
0.0243102
0.0242859
0.0242616
0.0242374
0.0242131
0.0241889
0.0241647
0.0241406
0.0241164
0.0240923
0.0240682
0.0240441
0.0240201
0.0239961
0.0239721
0.0239481
0.0239242
0.0239002
0.0238763
0.0238525
0.0238286
0.0238048
0.023781
0.0237572
0.0237334
0.0237097
0.023686
0.0236623
0.0236386
0.023615
0.0235914
0.0235678
0.0235442
0.0235207
0.0234972
0.0234737
0.0234502
0.0234267
0.0234033
0.0233799
0.0233565
0.0233332
0.0233098
0.0232865
0.0232632
0.02324
0.0232167
0.0231935
0.0231703
0.0231472
0.023124
0.0231009
0.0230778
0.0230547
0.0230317
0.0230086
0.0229856
0.0229626
0.0229397
0.0229167
0.0228938
0.0228709
0.022848
0.0228252
0.0228024
0.0227796
0.0227568
0.022734
0.0227113
0.0226886
0.0226659
0.0226432
0.0226206
0.022598
0.0225754
0.0225528
0.0225302
0.0225077
0.0224852
0.0224627
0.0224403
0.0224178
0.0223954
0.022373
0.0223506
0.0223283
0.022306
0.0222836
0.0222614
0.0222391
0.0222169
0.0221946
0.0221724
0.0221503
0.0221281
0.022106
0.0220839
0.0220618
0.0220397
0.0220177
0.0219957
0.0219737
0.0219517
0.0219298
0.0219078
0.0218859
0.021864
0.0218422
0.0218203
0.0217985
0.0217767
0.0217549
0.0217332
0.0217115
0.0216897
0.0216681
0.0216464
0.0216247
0.0216031
0.0215815
0.0215599
0.0215384
0.0215168
0.0214953
0.0214738
0.0214523
0.0214309
0.0214095
0.0213881
0.0213667
0.0213453
0.021324
0.0213026
0.0212813
0.02126
0.0212388
0.0212175
0.0211963
0.0211751
0.021154
0.0211328
0.0211117
0.0210906
0.0210695
0.0210484
0.0210274
0.0210063
0.0209853
0.0209643
0.0209434
0.0209224
0.0209015
0.0208806
0.0208597
0.0208389
0.020818
0.0207972
0.0207764
0.0207556
0.0207349
0.0207141
0.0206934
0.0206727
0.0206521
0.0206314
0.0206108
0.0205902
0.0205696
0.020549
0.0205285
0.0205079
0.0204874
0.0204669
0.0204465
0.020426
0.0204056
0.0203852
0.0203648
0.0203444
0.0203241
0.0203038
0.0202835
0.0202632
0.0202429
0.0202227
0.0202025
0.0201822
0.0201621
0.0201419
0.0201218
0.0201016
0.0200815
0.0200615
0.0200414
0.0200214
0.0200013
0.0199813
0.0199614
0.0199414
0.0199214
0.0199015
0.0198816
0.0198617
0.0198419
0.019822
0.0198022
0.0197824
0.0197626
0.0197429
0.0197231
0.0197034
0.0196837
0.019664
0.0196444
0.0196247
0.0196051
0.0195855
0.0195659
0.0195463
0.0195268
0.0195073
0.0194877
0.0194683
0.0194488
0.0194293
0.0194099
0.0193905
0.0193711
0.0193517
0.0193324
0.0193131
0.0192937
0.0192745
0.0192552
0.0192359
0.0192167
0.0191975
0.0191783
0.0191591
0.0191399
0.0191208
0.0191017
0.0190826
0.0190635
0.0190444
0.0190254
0.0190064
0.0189873
0.0189684
0.0189494
0.0189304
0.0189115
0.0188926
0.0188737
0.0188548
0.018836
0.0188171
0.0187983
0.0187795
0.0187608
0.018742
0.0187232
0.0187045
0.0186858
0.0186671
0.0186485
0.0186298
0.0186112
0.0185926
0.018574
0.0185554
0.0185369
0.0185183
0.0184998
0.0184813
0.0184628
0.0184444
0.0184259
0.0184075
0.0183891
0.0183707
0.0183523
0.018334
0.0183156
0.0182973
0.018279
0.0182607
0.0182425
0.0182242
0.018206
0.0181878
0.0181696
0.0181514
0.0181333
0.0181152
0.018097
0.018079
0.0180609
0.0180428
0.0180248
0.0180067
0.0179887
0.0179708
0.0179528
0.0179348
0.0179169
0.017899
0.0178811
0.0178632
0.0178453
0.0178275
0.0178097
0.0177918
0.0177741
0.0177563
0.0177385
0.0177208
0.0177031
0.0176854
0.0176677
0.01765
0.0176324
0.0176147
0.0175971
0.0175795
0.0175619
0.0175444
0.0175268
0.0175093
0.0174918
0.0174743
0.0174568
0.0174394
0.0174219
0.0174045
0.0173871
0.0173697
0.0173523
0.017335
0.0173177
0.0173003
0.017283
0.0172658
0.0172485
0.0172312
0.017214
0.0171968
0.0171796
0.0171624
0.0171453
0.0171281
0.017111
0.0170939
0.0170768
0.0170597
0.0170426
0.0170256
0.0170086
0.0169916
0.0169746
0.0169576
0.0169406
0.0169237
0.0169068
0.0168899
0.016873
0.0168561
0.0168393
0.0168224
0.0168056
0.0167888
0.016772
0.0167552
0.0167385
0.0167217
0.016705
0.0166883
0.0166716
0.0166549
0.0166383
0.0166217
0.016605
0.0165884
0.0165718
0.0165553
0.0165387
0.0165222
0.0165057
0.0164891
0.0164727
0.0164562
0.0164397
0.0164233
0.0164069
0.0163905
0.0163741
0.0163577
0.0163413
0.016325
0.0163087
0.0162924
0.0162761
0.0162598
0.0162435
0.0162273
0.0162111
0.0161949
0.0161787
0.0161625
0.0161463
0.0161302
0.016114
0.0160979
0.0160818
0.0160657
0.0160497
0.0160336
0.0160176
0.0160016
0.0159856
0.0159696
0.0159536
0.0159377
0.0159217
0.0159058
0.0158899
0.015874
0.0158581
0.0158423
0.0158264
0.0158106
0.0157948
0.015779
0.0157632
0.0157475
0.0157317
0.015716
0.0157003
0.0156846
0.0156689
0.0156532
0.0156376
0.0156219
0.0156063
0.0155907
0.0155751
0.0155595
0.015544
0.0155284
0.0155129
0.0154974
0.0154819
0.0154664
0.0154509
0.0154355
0.0154201
0.0154046
0.0153892
0.0153738
0.0153585
0.0153431
0.0153278
0.0153124
0.0152971
0.0152818
0.0152665
0.0152513
0.015236
0.0152208
0.0152056
0.0151904
0.0151752
0.01516
0.0151448
0.0151297
0.0151146
0.0150995
0.0150844
0.0150693
0.0150542
0.0150391
0.0150241
0.0150091
0.0149941
0.0149791
0.0149641
0.0149491
0.0149342
0.0149193
0.0149043
0.0148894
0.0148745
0.0148597
0.0148448
0.01483
0.0148151
0.0148003
0.0147855
0.0147707
0.014756
0.0147412
0.0147265
0.0147117
0.014697
0.0146823
0.0146676
0.014653
0.0146383
0.0146237
0.0146091
0.0145945
0.0145799
0.0145653
0.0145507
0.0145362
0.0145216
0.0145071
0.0144926
0.0144781
0.0144636
0.0144492
0.0144347
0.0144203
0.0144059
0.0143915
0.0143771
0.0143627
0.0143483
0.014334
0.0143196
0.0143053
0.014291
0.0142767
0.0142624
0.0142482
0.0142339
0.0142197
0.0142055
0.0141913
0.0141771
0.0141629
0.0141487
0.0141346
0.0141205
0.0141063
0.0140922
0.0140781
0.0140641
0.01405
0.0140359
0.0140219
0.0140079
0.0139939
0.0139799
0.0139659
0.0139519
0.013938
0.0139241
0.0139101
0.0138962
0.0138823
0.0138684
0.0138546
0.0138407
0.0138269
0.0138131
0.0137992
0.0137854
0.0137717
0.0137579
0.0137441
0.0137304
0.0137166
0.0137029
0.0136892
0.0136755
0.0136619
0.0136482
0.0136346
0.0136209
0.0136073
0.0135937
0.0135801
0.0135665
0.013553
0.0135394
0.0135259
0.0135123
0.0134988
0.0134853
0.0134718
0.0134584
0.0134449
0.0134315
0.013418
0.0134046
0.0133912
0.0133778
0.0133644
0.0133511
0.0133377
0.0133244
0.0133111
0.0132977
0.0132845
0.0132712
0.0132579
0.0132446
0.0132314
0.0132182
0.0132049
0.0131917
0.0131785
0.0131654
0.0131522
0.0131391
0.0131259
0.0131128
0.0130997
0.0130866
0.0130735
0.0130604
0.0130474
0.0130343
0.0130213
0.0130083
0.0129952
0.0129822
0.0129693
0.0129563
0.0129433
0.0129304
0.0129175
0.0129045
0.0128916
0.0128788
0.0128659
0.012853
0.0128402
0.0128273
0.0128145
0.0128017
0.0127889
0.0127761
0.0127633
0.0127505
0.0127378
0.0127251
0.0127123
0.0126996
0.0126869
0.0126742
0.0126616
0.0126489
0.0126362
0.0126236
0.012611
0.0125984
0.0125858
0.0125732
0.0125606
0.0125481
0.0125355
0.012523
0.0125105
0.0124979
0.0124854
0.012473
0.0124605
0.012448
0.0124356
0.0124231
0.0124107
0.0123983
0.0123859
0.0123735
0.0123611
0.0123488
0.0123364
0.0123241
0.0123118
0.0122995
0.0122872
0.0122749
0.0122626
0.0122503
0.0122381
0.0122259
0.0122136
0.0122014
0.0121892
0.012177
0.0121648
0.0121527
0.0121405
0.0121284
0.0121163
0.0121041
0.012092
0.0120799
0.0120679
0.0120558
0.0120437
0.0120317
0.0120197
0.0120076
0.0119956
0.0119836
0.0119717
0.0119597
0.0119477
0.0119358
0.0119238
0.0119119
0.0119
0.0118881
0.0118762
0.0118643
0.0118525
0.0118406
0.0118288
0.011817
0.0118051
0.0117933
0.0117815
0.0117698
0.011758
0.0117462
0.0117345
0.0117228
0.011711
0.0116993
0.0116876
0.0116759
0.0116643
0.0116526
0.0116409
0.0116293
0.0116177
0.0116061
0.0115944
0.0115829
0.0115713
0.0115597
0.0115481
0.0115366
0.0115251
0.0115135
0.011502
0.0114905
0.011479
0.0114675
0.0114561
0.0114446
0.0114332
0.0114217
0.0114103
0.0113989
0.0113875
0.0113761
0.0113647
0.0113534
0.011342
0.0113307
0.0113194
0.011308
0.0112967
0.0112854
0.0112741
0.0112629
0.0112516
0.0112404
0.0112291
0.0112179
0.0112067
0.0111955
0.0111843
0.0111731
0.0111619
0.0111508
0.0111396
0.0111285
0.0111173
0.0111062
0.0110951
0.011084
0.0110729
0.0110619
0.0110508
0.0110397
0.0110287
0.0110177
0.0110067
0.0109957
0.0109847
0.0109737
0.0109627
0.0109517
0.0109408
0.0109298
0.0109189
0.010908
0.0108971
0.0108862
0.0108753
0.0108644
0.0108536
0.0108427
0.0108319
0.010821
0.0108102
0.0107994
0.0107886
0.0107778
0.010767
0.0107563
0.0107455
0.0107348
0.010724
0.0107133
0.0107026
0.0106919
0.0106812
0.0106705
0.0106598
0.0106492
0.0106385
0.0106279
0.0106173
0.0106067
0.010596
0.0105855
0.0105749
0.0105643
0.0105537
0.0105432
0.0105326
0.0105221
0.0105116
0.0105011
0.0104906
0.0104801
0.0104696
0.0104591
0.0104487
0.0104382
0.0104278
0.0104174
0.0104069
0.0103965
0.0103861
0.0103757
0.0103654
0.010355
0.0103446
0.0103343
0.010324
0.0103136
0.0103033
0.010293
0.0102827
0.0102725
0.0102622
0.0102519
0.0102417
0.0102314
0.0102212
0.010211
0.0102008
0.0101906
0.0101804
0.0101702
0.01016
0.0101499
0.0101397
0.0101296
0.0101194
0.0101093
0.0100992
0.0100891
0.010079
0.0100689
0.0100589
0.0100488
0.0100388
0.0100287
0.0100187
0.0100087
0.00999867
0.00998867
0.00997868
0.00996871
0.00995874
0.00994878
0.00993883
0.00992889
0.00991896
0.00990904
0.00989913
0.00988923
0.00987935
0.00986947
0.0098596
0.00984974
0.00983989
0.00983005
0.00982022
0.0098104
0.00980059
0.00979079
0.009781
0.00977121
0.00976144
0.00975168
0.00974193
0.00973219
0.00972246
0.00971273
0.00970302
0.00969332
0.00968362
0.00967394
0.00966427
0.0096546
0.00964495
0.0096353
0.00962567
0.00961604
0.00960643
0.00959682
0.00958722
0.00957764
0.00956806
0.00955849
0.00954893
0.00953938
0.00952984
0.00952031
0.00951079
0.00950128
0.00949178
0.00948229
0.00947281
0.00946333
0.00945387
0.00944442
0.00943497
0.00942554
0.00941611
0.0094067
0.00939729
0.00938789
0.0093785
0.00936913
0.00935976
0.0093504
0.00934105
0.0093317
0.00932237
0.00931305
0.00930374
0.00929443
0.00928514
0.00927585
0.00926658
0.00925731
0.00924805
0.00923881
0.00922957
0.00922034
0.00921112
0.00920191
0.0091927
0.00918351
0.00917433
0.00916515
0.00915599
0.00914683
0.00913769
0.00912855
0.00911942
0.0091103
0.00910119
0.00909209
0.009083
0.00907391
0.00906484
0.00905578
0.00904672
0.00903767
0.00902864
0.00901961
0.00901059
0.00900158
0.00899257
0.00898358
0.0089746
0.00896562
0.00895666
0.0089477
0.00893875
0.00892982
0.00892089
0.00891196
0.00890305
0.00889415
0.00888526
0.00887637
0.00886749
0.00885863
0.00884977
0.00884092
0.00883208
0.00882324
0.00881442
0.00880561
0.0087968
0.008788
0.00877922
0.00877044
0.00876167
0.00875291
0.00874415
0.00873541
0.00872667
0.00871795
0.00870923
0.00870052
0.00869182
0.00868313
0.00867444
0.00866577
0.0086571
0.00864845
0.0086398
0.00863116
0.00862253
0.0086139
0.00860529
0.00859669
0.00858809
0.0085795
0.00857092
0.00856235
0.00855379
0.00854523
0.00853669
0.00852815
0.00851962
0.0085111
0.00850259
0.00849409
0.0084856
0.00847711
0.00846863
0.00846017
0.0084517
0.00844325
0.00843481
0.00842638
0.00841795
0.00840953
0.00840112
0.00839272
0.00838433
0.00837594
0.00836757
0.0083592
0.00835084
0.00834249
0.00833415
0.00832581
0.00831749
0.00830917
0.00830086
0.00829256
0.00828427
0.00827598
0.00826771
0.00825944
0.00825118
0.00824293
0.00823469
0.00822645
0.00821822
0.00821001
0.0082018
0.00819359
0.0081854
0.00817722
0.00816904
0.00816087
0.00815271
0.00814456
0.00813641
0.00812827
0.00812015
0.00811203
0.00810391
0.00809581
0.00808771
0.00807963
0.00807155
0.00806348
0.00805541
0.00804736
0.00803931
0.00803127
0.00802324
0.00801522
0.0080072
0.00799919
0.00799119
0.0079832
0.00797522
0.00796724
0.00795928
0.00795132
0.00794337
0.00793542
0.00792749
0.00791956
0.00791164
0.00790373
0.00789583
0.00788793
0.00788004
0.00787216
0.00786429
0.00785642
0.00784857
0.00784072
0.00783288
0.00782505
0.00781722
0.0078094
0.00780159
0.00779379
0.007786
0.00777821
0.00777044
0.00776266
0.0077549
0.00774715
0.0077394
0.00773166
0.00772393
0.0077162
0.00770849
0.00770078
0.00769308
0.00768539
0.0076777
0.00767002
0.00766235
0.00765469
0.00764704
0.00763939
0.00763175
0.00762412
0.00761649
0.00760888
0.00760127
0.00759367
0.00758607
0.00757849
0.00757091
0.00756334
0.00755577
0.00754822
0.00754067
0.00753313
0.0075256
0.00751807
0.00751055
0.00750304
0.00749554
0.00748804
0.00748056
0.00747308
0.0074656
0.00745814
0.00745068
0.00744323
0.00743578
0.00742835
0.00742092
0.0074135
0.00740609
0.00739868
0.00739128
0.00738389
0.00737651
0.00736913
0.00736176
0.0073544
0.00734704
0.0073397
0.00733236
0.00732503
0.0073177
0.00731038
0.00730307
0.00729577
0.00728847
0.00728119
0.0072739
0.00726663
0.00725936
0.0072521
0.00724485
0.00723761
0.00723037
0.00722314
0.00721592
0.0072087
0.00720149
0.00719429
0.0071871
0.00717991
0.00717273
0.00716556
0.00715839
0.00715123
0.00714408
0.00713694
0.0071298
0.00712267
0.00711555
0.00710843
0.00710132
0.00709422
0.00708713
0.00708004
0.00707296
0.00706589
0.00705882
0.00705176
0.00704471
0.00703767
0.00703063
0.0070236
0.00701657
0.00700956
0.00700255
0.00699555
0.00698855
0.00698156
0.00697458
0.00696761
0.00696064
0.00695368
0.00694672
0.00693978
0.00693284
0.0069259
0.00691898
0.00691206
0.00690515
0.00689824
0.00689134
0.00688445
0.00687757
0.00687069
0.00686382
0.00685696
0.0068501
0.00684325
0.00683641
0.00682957
0.00682274
0.00681592
0.0068091
0.00680229
0.00679549
0.00678869
0.00678191
0.00677512
0.00676835
0.00676158
0.00675482
0.00674806
0.00674132
0.00673457
0.00672784
0.00672111
0.00671439
0.00670768
0.00670097
0.00669427
0.00668757
0.00668089
0.00667421
0.00666753
0.00666086
0.0066542
0.00664755
0.0066409
0.00663426
0.00662763
0.006621
0.00661438
0.00660776
0.00660115
0.00659455
0.00658796
0.00658137
0.00657479
0.00656821
0.00656165
0.00655509
0.00654853
0.00654198
0.00653544
0.0065289
0.00652238
0.00651585
0.00650934
0.00650283
0.00649632
0.00648983
0.00648334
0.00647686
0.00647038
0.00646391
0.00645744
0.00645099
0.00644454
0.00643809
0.00643165
0.00642522
0.0064188
0.00641238
0.00640597
0.00639956
0.00639316
0.00638677
0.00638038
0.006374
0.00636763
0.00636126
0.0063549
0.00634854
0.00634219
0.00633585
0.00632951
0.00632319
0.00631686
0.00631055
0.00630423
0.00629793
0.00629163
0.00628534
0.00627906
0.00627278
0.0062665
0.00626024
0.00625398
0.00624772
0.00624148
0.00623523
0.006229
0.00622277
0.00621655
0.00621033
0.00620412
0.00619792
0.00619172
0.00618553
0.00617934
0.00617316
0.00616699
0.00616082
0.00615466
0.00614851
0.00614236
0.00613621
0.00613008
0.00612395
0.00611782
0.00611171
0.0061056
0.00609949
0.00609339
0.0060873
0.00608121
0.00607513
0.00606905
0.00606298
0.00605692
0.00605086
0.00604481
0.00603877
0.00603273
0.0060267
0.00602067
0.00601465
0.00600863
0.00600263
0.00599662
0.00599063
0.00598464
0.00597865
0.00597267
0.0059667
0.00596073
0.00595477
0.00594882
0.00594287
0.00593693
0.00593099
0.00592506
0.00591913
0.00591321
0.0059073
0.00590139
0.00589549
0.0058896
0.00588371
0.00587782
0.00587195
0.00586607
0.00586021
0.00585435
0.00584849
0.00584264
0.0058368
0.00583097
0.00582513
0.00581931
0.00581349
0.00580768
0.00580187
0.00579607
0.00579027
0.00578448
0.0057787
0.00577292
0.00576714
0.00576138
0.00575562
0.00574986
0.00574411
0.00573837
0.00573263
0.0057269
0.00572117
0.00571545
0.00570973
0.00570402
0.00569832
0.00569262
0.00568693
0.00568124
0.00567556
0.00566988
0.00566421
0.00565855
0.00565289
0.00564724
0.00564159
0.00563595
0.00563031
0.00562468
0.00561906
0.00561344
0.00560783
0.00560222
0.00559662
0.00559102
0.00558543
0.00557984
0.00557426
0.00556869
0.00556312
0.00555756
0.005552
0.00554645
0.0055409
0.00553536
0.00552982
0.00552429
0.00551877
0.00551325
0.00550774
0.00550223
0.00549673
0.00549123
0.00548574
0.00548025
0.00547477
0.0054693
0.00546383
0.00545837
0.00545291
0.00544746
0.00544201
0.00543657
0.00543113
0.0054257
0.00542027
0.00541485
0.00540944
0.00540403
0.00539862
0.00539323
0.00538783
0.00538244
0.00537706
0.00537168
0.00536631
0.00536095
0.00535559
0.00535023
0.00534488
0.00533953
0.0053342
0.00532886
0.00532353
0.00531821
0.00531289
0.00530758
0.00530227
0.00529697
0.00529167
0.00528638
0.00528109
0.00527581
0.00527054
0.00526527
0.00526
0.00525474
0.00524949
0.00524424
0.00523899
0.00523375
0.00522852
0.00522329
0.00521807
0.00521285
0.00520764
0.00520243
0.00519723
0.00519203
0.00518684
0.00518165
0.00517647
0.00517129
0.00516612
0.00516095
0.00515579
0.00515064
0.00514549
0.00514034
0.0051352
0.00513007
0.00512494
0.00511981
0.00511469
0.00510958
0.00510447
0.00509936
0.00509426
0.00508917
0.00508408
0.005079
0.00507392
0.00506884
0.00506377
0.00505871
0.00505365
0.0050486
0.00504355
0.00503851
0.00503347
0.00502843
0.00502341
0.00501838
0.00501336
0.00500835
0.00500334
0.00499834
0.00499334
0.00498835
0.00498336
0.00497837
0.0049734
0.00496842
0.00496345
0.00495849
0.00495353
0.00494858
0.00494363
0.00493869
0.00493375
0.00492881
0.00492389
0.00491896
0.00491404
0.00490913
0.00490422
0.00489932
0.00489442
0.00488952
0.00488463
0.00487975
0.00487487
0.00486999
0.00486512
0.00486026
0.0048554
0.00485054
0.00484569
0.00484085
0.00483601
0.00483117
0.00482634
0.00482151
0.00481669
0.00481187
0.00480706
0.00480225
0.00479745
0.00479265
0.00478786
0.00478307
0.00477829
0.00477351
0.00476874
0.00476397
0.00475921
0.00475445
0.00474969
0.00474494
0.0047402
0.00473546
0.00473072
0.00472599
0.00472127
0.00471654
0.00471183
0.00470712
0.00470241
0.00469771
0.00469301
0.00468832
0.00468363
0.00467894
0.00467427
0.00466959
0.00466492
0.00466026
0.0046556
0.00465094
0.00464629
0.00464164
0.004637
0.00463236
0.00462773
0.0046231
0.00461848
0.00461386
0.00460925
0.00460464
0.00460004
0.00459544
0.00459084
0.00458625
0.00458166
0.00457708
0.0045725
0.00456793
0.00456336
0.0045588
0.00455424
0.00454969
0.00454514
0.00454059
0.00453605
0.00453152
0.00452698
0.00452246
0.00451793
0.00451342
0.0045089
0.00450439
0.00449989
0.00449539
0.00449089
0.0044864
0.00448192
0.00447744
0.00447296
0.00446849
0.00446402
0.00445955
0.00445509
0.00445064
0.00444619
0.00444174
0.0044373
0.00443286
0.00442843
0.004424
0.00441958
0.00441516
0.00441074
0.00440633
0.00440193
0.00439752
0.00439313
0.00438873
0.00438434
0.00437996
0.00437558
0.0043712
0.00436683
0.00436247
0.0043581
0.00435375
0.00434939
0.00434504
0.0043407
0.00433636
0.00433202
0.00432769
0.00432336
0.00431904
0.00431472
0.0043104
0.00430609
0.00430179
0.00429748
0.00429319
0.00428889
0.00428461
0.00428032
0.00427604
0.00427176
0.00426749
0.00426323
0.00425896
0.0042547
0.00425045
0.0042462
0.00424195
0.00423771
0.00423347
0.00422924
0.00422501
0.00422078
0.00421656
0.00421235
0.00420813
0.00420393
0.00419972
0.00419552
0.00419133
0.00418714
0.00418295
0.00417877
0.00417459
0.00417041
0.00416624
0.00416208
0.00415791
0.00415376
0.0041496
0.00414545
0.00414131
0.00413717
0.00413303
0.0041289
0.00412477
0.00412064
0.00411652
0.0041124
0.00410829
0.00410418
0.00410008
0.00409598
0.00409188
0.00408779
0.0040837
0.00407962
0.00407554
0.00407147
0.00406739
0.00406333
0.00405926
0.0040552
0.00405115
0.0040471
0.00404305
0.00403901
0.00403497
0.00403093
0.0040269
0.00402288
0.00401885
0.00401483
0.00401082
0.00400681
0.0040028
0.0039988
0.0039948
0.0039908
0.00398681
0.00398283
0.00397884
0.00397487
0.00397089
0.00396692
0.00396295
0.00395899
0.00395503
0.00395108
0.00394712
0.00394318
0.00393923
0.0039353
0.00393136
0.00392743
0.0039235
0.00391958
0.00391566
0.00391174
0.00390783
0.00390392
0.00390002
0.00389612
0.00389222
0.00388833
0.00388444
0.00388056
0.00387668
0.0038728
0.00386893
0.00386506
0.00386119
0.00385733
0.00385348
0.00384962
0.00384577
0.00384193
0.00383808
0.00383425
0.00383041
0.00382658
0.00382276
0.00381893
0.00381511
0.0038113
0.00380749
0.00380368
0.00379988
0.00379608
0.00379228
0.00378849
0.0037847
0.00378091
0.00377713
0.00377336
0.00376958
0.00376581
0.00376205
0.00375829
0.00375453
0.00375077
0.00374702
0.00374328
0.00373953
0.00373579
0.00373206
0.00372832
0.0037246
0.00372087
0.00371715
0.00371343
0.00370972
0.00370601
0.0037023
0.0036986
0.0036949
0.00369121
0.00368752
0.00368383
0.00368015
0.00367647
0.00367279
0.00366912
0.00366545
0.00366178
0.00365812
0.00365446
0.00365081
0.00364716
0.00364351
0.00363987
0.00363623
0.00363259
0.00362896
0.00362533
0.0036217
0.00361808
0.00361446
0.00361085
0.00360724
0.00360363
0.00360003
0.00359643
0.00359283
0.00358924
0.00358565
0.00358206
0.00357848
0.0035749
0.00357133
0.00356776
0.00356419
0.00356062
0.00355706
0.00355351
0.00354995
0.0035464
0.00354286
0.00353931
0.00353577
0.00353224
0.00352871
0.00352518
0.00352165
0.00351813
0.00351461
0.0035111
0.00350759
0.00350408
0.00350058
0.00349707
0.00349358
0.00349008
0.00348659
0.00348311
0.00347962
0.00347614
0.00347267
0.0034692
0.00346573
0.00346226
0.0034588
0.00345534
0.00345188
0.00344843
0.00344498
0.00344154
0.0034381
0.00343466
0.00343123
0.00342779
0.00342437
0.00342094
0.00341752
0.0034141
0.00341069
0.00340728
0.00340387
0.00340047
0.00339707
0.00339367
0.00339028
0.00338689
0.0033835
0.00338012
0.00337674
0.00337336
0.00336999
0.00336662
0.00336325
0.00335989
0.00335653
0.00335317
0.00334982
0.00334647
0.00334312
0.00333978
0.00333644
0.0033331
0.00332977
0.00332644
0.00332311
0.00331979
0.00331647
0.00331315
0.00330984
0.00330653
0.00330322
0.00329992
0.00329662
0.00329332
0.00329003
0.00328674
0.00328345
0.00328017
0.00327689
0.00327361
0.00327034
0.00326707
0.0032638
0.00326054
0.00325728
0.00325402
0.00325077
0.00324751
0.00324427
0.00324102
0.00323778
0.00323454
0.00323131
0.00322808
0.00322485
0.00322162
0.0032184
0.00321518
0.00321197
0.00320876
0.00320555
0.00320234
0.00319914
0.00319594
0.00319275
0.00318955
0.00318636
0.00318318
0.00317999
0.00317681
0.00317364
0.00317046
0.00316729
0.00316413
0.00316096
0.0031578
0.00315464
0.00315149
0.00314834
0.00314519
0.00314204
0.0031389
0.00313576
0.00313263
0.00312949
0.00312636
0.00312324
0.00312011
0.00311699
0.00311388
0.00311076
0.00310765
0.00310455
0.00310144
0.00309834
0.00309524
0.00309215
0.00308905
0.00308596
0.00308288
0.0030798
0.00307672
0.00307364
0.00307057
0.0030675
0.00306443
0.00306136
0.0030583
0.00305524
0.00305219
0.00304914
0.00304609
0.00304304
0.00304
0.00303696
0.00303392
0.00303089
0.00302786
0.00302483
0.0030218
0.00301878
0.00301576
0.00301275
0.00300973
0.00300672
0.00300372
0.00300071
0.00299771
0.00299472
0.00299172
0.00298873
0.00298574
0.00298275
0.00297977
0.00297679
0.00297382
0.00297084
0.00296787
0.0029649
0.00296194
0.00295898
0.00295602
0.00295306
0.00295011
0.00294716
0.00294421
0.00294127
0.00293833
0.00293539
0.00293245
0.00292952
0.00292659
0.00292366
0.00292074
0.00291782
0.0029149
0.00291199
0.00290907
0.00290616
0.00290326
0.00290036
0.00289746
0.00289456
0.00289166
0.00288877
0.00288588
0.002883
0.00288011
0.00287723
0.00287436
0.00287148
0.00286861
0.00286574
0.00286288
0.00286001
0.00285715
0.0028543
0.00285144
0.00284859
0.00284574
0.0028429
0.00284005
0.00283721
0.00283438
0.00283154
0.00282871
0.00282588
0.00282306
0.00282023
0.00281741
0.00281459
0.00281178
0.00280897
0.00280616
0.00280335
0.00280055
0.00279775
0.00279495
0.00279216
0.00278936
0.00278658
0.00278379
0.002781
0.00277822
0.00277545
0.00277267
0.0027699
0.00276713
0.00276436
0.0027616
0.00275883
0.00275608
0.00275332
0.00275057
0.00274782
0.00274507
0.00274232
0.00273958
0.00273684
0.0027341
0.00273137
0.00272864
0.00272591
0.00272318
0.00272046
0.00271774
0.00271502
0.00271231
0.0027096
0.00270689
0.00270418
0.00270147
0.00269877
0.00269607
0.00269338
0.00269068
0.00268799
0.00268531
0.00268262
0.00267994
0.00267726
0.00267458
0.00267191
0.00266923
0.00266657
0.0026639
0.00266124
0.00265857
0.00265592
0.00265326
0.00265061
0.00264796
0.00264531
0.00264266
0.00264002
0.00263738
0.00263474
0.00263211
0.00262948
0.00262685
0.00262422
0.00262159
0.00261897
0.00261635
0.00261374
0.00261112
0.00260851
0.0026059
0.0026033
0.0026007
0.00259809
0.0025955
0.0025929
0.00259031
0.00258772
0.00258513
0.00258254
0.00257996
0.00257738
0.0025748
0.00257223
0.00256966
0.00256709
0.00256452
0.00256196
0.00255939
0.00255684
0.00255428
0.00255172
0.00254917
0.00254662
0.00254408
0.00254153
0.00253899
0.00253645
0.00253392
0.00253138
0.00252885
0.00252632
0.0025238
0.00252127
0.00251875
0.00251623
0.00251372
0.0025112
0.00250869
0.00250618
0.00250368
0.00250117
0.00249867
0.00249617
0.00249368
0.00249118
0.00248869
0.0024862
0.00248372
0.00248123
0.00247875
0.00247627
0.0024738
0.00247132
0.00246885
0.00246638
0.00246392
0.00246145
0.00245899
0.00245653
0.00245407
0.00245162
0.00244917
0.00244672
0.00244427
0.00244183
0.00243939
0.00243695
0.00243451
0.00243208
0.00242964
0.00242721
0.00242479
0.00242236
0.00241994
0.00241752
0.0024151
0.00241269
0.00241027
0.00240786
0.00240546
0.00240305
0.00240065
0.00239825
0.00239585
0.00239345
0.00239106
0.00238867
0.00238628
0.00238389
0.00238151
0.00237913
0.00237675
0.00237437
0.002372
0.00236963
0.00236726
0.00236489
0.00236252
0.00236016
0.0023578
0.00235544
0.00235309
0.00235074
0.00234838
0.00234604
0.00234369
0.00234135
0.00233901
0.00233667
0.00233433
0.002332
0.00232966
0.00232733
0.00232501
0.00232268
0.00232036
0.00231804
0.00231572
0.0023134
0.00231109
0.00230878
0.00230647
0.00230416
0.00230186
0.00229956
0.00229726
0.00229496
0.00229267
0.00229037
0.00228808
0.0022858
0.00228351
0.00228123
0.00227895
0.00227667
0.00227439
0.00227212
0.00226984
0.00226757
0.00226531
0.00226304
0.00226078
0.00225852
0.00225626
0.002254
0.00225175
0.0022495
0.00224725
0.002245
0.00224275
0.00224051
0.00223827
0.00223603
0.0022338
0.00223156
0.00222933
0.0022271
0.00222488
0.00222265
0.00222043
0.00221821
0.00221599
0.00221377
0.00221156
0.00220935
0.00220714
0.00220493
0.00220273
0.00220052
0.00219832
0.00219612
0.00219393
0.00219173
0.00218954
0.00218735
0.00218517
0.00218298
0.0021808
0.00217862
0.00217644
0.00217426
0.00217209
0.00216992
0.00216775
0.00216558
0.00216341
0.00216125
0.00215909
0.00215693
0.00215477
0.00215262
0.00215046
0.00214831
0.00214617
0.00214402
0.00214188
0.00213973
0.00213759
0.00213546
0.00213332
0.00213119
0.00212906
0.00212693
0.0021248
0.00212268
0.00212055
0.00211843
0.00211631
0.0021142
0.00211208
0.00210997
0.00210786
0.00210575
0.00210365
0.00210154
0.00209944
0.00209734
0.00209525
0.00209315
0.00209106
0.00208897
0.00208688
0.00208479
0.00208271
0.00208062
0.00207854
0.00207646
0.00207439
0.00207231
0.00207024
0.00206817
0.0020661
0.00206404
0.00206197
0.00205991
0.00205785
0.00205579
0.00205374
0.00205168
0.00204963
0.00204758
0.00204553
0.00204349
0.00204144
0.0020394
0.00203736
0.00203533
0.00203329
0.00203126
0.00202923
0.0020272
0.00202517
0.00202314
0.00202112
0.0020191
0.00201708
0.00201506
0.00201305
0.00201104
0.00200903
0.00200702
0.00200501
0.002003
0.002001
0.001999
0.001997
0.001995
0.00199301
0.00199102
0.00198903
0.00198704
0.00198505
0.00198306
0.00198108
0.0019791
0.00197712
0.00197514
0.00197317
0.0019712
0.00196922
0.00196726
0.00196529
0.00196332
0.00196136
0.0019594
0.00195744
0.00195548
0.00195353
0.00195157
0.00194962
0.00194767
0.00194572
0.00194378
0.00194183
0.00193989
0.00193795
0.00193601
0.00193408
0.00193214
0.00193021
0.00192828
0.00192635
0.00192443
0.0019225
0.00192058
0.00191866
0.00191674
0.00191482
0.00191291
0.001911
0.00190909
0.00190718
0.00190527
0.00190336
0.00190146
0.00189956
0.00189766
0.00189576
0.00189387
0.00189197
0.00189008
0.00188819
0.0018863
0.00188442
0.00188253
0.00188065
0.00187877
0.00187689
0.00187501
0.00187314
0.00187126
0.00186939
0.00186752
0.00186566
0.00186379
0.00186193
0.00186006
0.0018582
0.00185635
0.00185449
0.00185264
0.00185078
0.00184893
0.00184708
0.00184524
0.00184339
0.00184155
0.00183971
0.00183787
0.00183603
0.00183419
0.00183236
0.00183053
0.0018287
0.00182687
0.00182504
0.00182321
0.00182139
0.00181957
0.00181775
0.00181593
0.00181412
0.0018123
0.00181049
0.00180868
0.00180687
0.00180506
0.00180326
0.00180146
0.00179965
0.00179785
0.00179606
0.00179426
0.00179247
0.00179067
0.00178888
0.00178709
0.00178531
0.00178352
0.00178174
0.00177996
0.00177818
0.0017764
0.00177462
0.00177285
0.00177107
0.0017693
0.00176753
0.00176577
0.001764
0.00176224
0.00176048
0.00175871
0.00175696
0.0017552
0.00175344
0.00175169
0.00174994
0.00174819
0.00174644
0.00174469
0.00174295
0.00174121
0.00173947
0.00173773
0.00173599
0.00173425
0.00173252
0.00173079
0.00172905
0.00172733
0.0017256
0.00172387
0.00172215
0.00172043
0.00171871
0.00171699
0.00171527
0.00171355
0.00171184
0.00171013
0.00170842
0.00170671
0.001705
0.0017033
0.0017016
0.00169989
0.00169819
0.0016965
0.0016948
0.00169311
0.00169141
0.00168972
0.00168803
0.00168634
0.00168466
0.00168297
0.00168129
0.00167961
0.00167793
0.00167625
0.00167457
0.0016729
0.00167123
0.00166956
0.00166789
0.00166622
0.00166455
0.00166289
0.00166122
0.00165956
0.0016579
0.00165625
0.00165459
0.00165293
0.00165128
0.00164963
0.00164798
0.00164633
0.00164469
0.00164304
0.0016414
0.00163976
0.00163812
0.00163648
0.00163484
0.00163321
0.00163157
0.00162994
0.00162831
0.00162668
0.00162506
0.00162343
0.00162181
0.00162019
0.00161857
0.00161695
0.00161533
0.00161372
0.0016121
0.00161049
0.00160888
0.00160727
0.00160566
0.00160406
0.00160245
0.00160085
0.00159925
0.00159765
0.00159605
0.00159446
0.00159286
0.00159127
0.00158968
0.00158809
0.0015865
0.00158492
0.00158333
0.00158175
0.00158017
0.00157859
0.00157701
0.00157543
0.00157385
0.00157228
0.00157071
0.00156914
0.00156757
0.001566
0.00156443
0.00156287
0.00156131
0.00155975
0.00155819
0.00155663
0.00155507
0.00155352
0.00155196
0.00155041
0.00154886
0.00154731
0.00154576
0.00154422
0.00154267
0.00154113
0.00153959
0.00153805
0.00153651
0.00153498
0.00153344
0.00153191
0.00153038
0.00152885
0.00152732
0.00152579
0.00152426
0.00152274
0.00152122
0.0015197
0.00151818
0.00151666
0.00151514
0.00151363
0.00151211
0.0015106
0.00150909
0.00150758
0.00150607
0.00150457
0.00150306
0.00150156
0.00150006
0.00149856
0.00149706
0.00149556
0.00149407
0.00149257
0.00149108
0.00148959
0.0014881
0.00148661
0.00148512
0.00148364
0.00148216
0.00148067
0.00147919
0.00147771
0.00147624
0.00147476
0.00147329
0.00147181
0.00147034
0.00146887
0.0014674
0.00146593
0.00146447
0.001463
0.00146154
0.00146008
0.00145862
0.00145716
0.0014557
0.00145425
0.00145279
0.00145134
0.00144989
0.00144844
0.00144699
0.00144554
0.0014441
0.00144265
0.00144121
0.00143977
0.00143833
0.00143689
0.00143545
0.00143402
0.00143259
0.00143115
0.00142972
0.00142829
0.00142686
0.00142544
0.00142401
0.00142259
0.00142116
0.00141974
0.00141832
0.00141691
0.00141549
0.00141407
0.00141266
0.00141125
0.00140983
0.00140843
0.00140702
0.00140561
0.0014042
0.0014028
0.0014014
0.0014
0.0013986
0.0013972
0.0013958
0.0013944
0.00139301
0.00139162
0.00139022
0.00138883
0.00138745
0.00138606
0.00138467
0.00138329
0.0013819
0.00138052
0.00137914
0.00137776
0.00137639
0.00137501
0.00137363
0.00137226
0.00137089
0.00136952
0.00136815
0.00136678
0.00136541
0.00136405
0.00136268
0.00136132
0.00135996
0.0013586
0.00135724
0.00135588
0.00135453
0.00135317
0.00135182
0.00135047
0.00134912
0.00134777
0.00134642
0.00134507
0.00134373
0.00134239
0.00134104
0.0013397
0.00133836
0.00133702
0.00133569
0.00133435
0.00133302
0.00133168
0.00133035
0.00132902
0.00132769
0.00132636
0.00132504
0.00132371
0.00132239
0.00132107
0.00131975
0.00131843
0.00131711
0.00131579
0.00131448
0.00131316
0.00131185
0.00131054
0.00130923
0.00130792
0.00130661
0.0013053
0.001304
0.00130269
0.00130139
0.00130009
0.00129879
0.00129749
0.00129619
0.0012949
0.0012936
0.00129231
0.00129101
0.00128972
0.00128843
0.00128715
0.00128586
0.00128457
0.00128329
0.001282
0.00128072
0.00127944
0.00127816
0.00127688
0.00127561
0.00127433
0.00127306
0.00127178
0.00127051
0.00126924
0.00126797
0.00126671
0.00126544
0.00126417
0.00126291
0.00126165
0.00126038
0.00125912
0.00125786
0.00125661
0.00125535
0.00125409
0.00125284
0.00125159
0.00125034
0.00124909
0.00124784
0.00124659
0.00124534
0.0012441
0.00124285
0.00124161
0.00124037
0.00123913
0.00123789
0.00123665
0.00123541
0.00123418
0.00123294
0.00123171
0.00123048
0.00122925
0.00122802
0.00122679
0.00122557
0.00122434
0.00122312
0.00122189
0.00122067
0.00121945
0.00121823
0.00121701
0.0012158
0.00121458
0.00121337
0.00121215
0.00121094
0.00120973
0.00120852
0.00120731
0.0012061
0.0012049
0.00120369
0.00120249
0.00120129
0.00120008
0.00119888
0.00119769
0.00119649
0.00119529
0.0011941
0.0011929
0.00119171
0.00119052
0.00118933
0.00118814
0.00118695
0.00118576
0.00118458
0.00118339
0.00118221
0.00118103
0.00117985
0.00117867
0.00117749
0.00117631
0.00117513
0.00117396
0.00117278
0.00117161
0.00117044
0.00116927
0.0011681
0.00116693
0.00116577
0.0011646
0.00116343
0.00116227
0.00116111
0.00115995
0.00115879
0.00115763
0.00115647
0.00115531
0.00115416
0.00115301
0.00115185
0.0011507
0.00114955
0.0011484
0.00114725
0.0011461
0.00114496
0.00114381
0.00114267
0.00114153
0.00114039
0.00113925
0.00113811
0.00113697
0.00113583
0.0011347
0.00113356
0.00113243
0.00113129
0.00113016
0.00112903
0.0011279
0.00112678
0.00112565
0.00112452
0.0011234
0.00112228
0.00112115
0.00112003
0.00111891
0.00111779
0.00111668
0.00111556
0.00111444
0.00111333
0.00111222
0.0011111
0.00110999
0.00110888
0.00110777
0.00110667
0.00110556
0.00110445
0.00110335
0.00110225
0.00110114
0.00110004
0.00109894
0.00109784
0.00109675
0.00109565
0.00109455
0.00109346
0.00109236
0.00109127
0.00109018
0.00108909
0.001088
0.00108691
0.00108583
0.00108474
0.00108366
0.00108257
0.00108149
0.00108041
0.00107933
0.00107825
0.00107717
0.00107609
0.00107502
0.00107394
0.00107287
0.0010718
0.00107072
0.00106965
0.00106858
0.00106751
0.00106645
0.00106538
0.00106432
0.00106325
0.00106219
0.00106113
0.00106006
0.001059
0.00105795
0.00105689
0.00105583
0.00105478
0.00105372
0.00105267
0.00105161
0.00105056
0.00104951
0.00104846
0.00104741
0.00104637
0.00104532
0.00104427
0.00104323
0.00104219
0.00104114
0.0010401
0.00103906
0.00103802
0.00103699
0.00103595
0.00103491
0.00103388
0.00103284
0.00103181
0.00103078
0.00102975
0.00102872
0.00102769
0.00102666
0.00102564
0.00102461
0.00102359
0.00102256
0.00102154
0.00102052
0.0010195
0.00101848
0.00101746
0.00101644
0.00101543
0.00101441
0.0010134
0.00101238
0.00101137
0.00101036
0.00100935
0.00100834
0.00100733
0.00100632
0.00100532
0.00100431
0.00100331
0.0010023
0.0010013
0.0010003
0.000999301
0.000998301
0.000997303
0.000996306
0.00099531
0.000994314
0.00099332
0.000992327
0.000991334
0.000990343
0.000989353
0.000988363
0.000987375
0.000986387
0.000985401
0.000984416
0.000983431
0.000982448
0.000981465
0.000980484
0.000979503
0.000978524
0.000977545
0.000976568
0.000975591
0.000974616
0.000973641
0.000972667
0.000971695
0.000970723
0.000969752
0.000968783
0.000967814
0.000966846
0.000965879
0.000964913
0.000963948
0.000962984
0.000962021
0.000961059
0.000960098
0.000959138
0.000958179
0.000957221
0.000956264
0.000955307
0.000954352
0.000953398
0.000952444
0.000951492
0.00095054
0.00094959
0.00094864
0.000947692
0.000946744
0.000945797
0.000944851
0.000943907
0.000942963
0.00094202
0.000941078
0.000940137
0.000939197
0.000938257
0.000937319
0.000936382
0.000935445
0.00093451
0.000933575
0.000932642
0.000931709
0.000930777
0.000929847
0.000928917
0.000927988
0.00092706
0.000926133
0.000925207
0.000924282
0.000923357
0.000922434
0.000921511
0.00092059
0.000919669
0.00091875
0.000917831
0.000916913
0.000915996
0.00091508
0.000914165
0.000913251
0.000912338
0.000911425
0.000910514
0.000909603
0.000908694
0.000907785
0.000906877
0.00090597
0.000905065
0.000904159
0.000903255
0.000902352
0.00090145
0.000900548
0.000899648
0.000898748
0.000897849
0.000896951
0.000896054
0.000895158
0.000894263
0.000893369
0.000892476
0.000891583
0.000890692
0.000889801
0.000888911
0.000888022
0.000887134
0.000886247
0.000885361
0.000884475
0.000883591
0.000882707
0.000881825
0.000880943
0.000880062
0.000879182
0.000878303
0.000877424
0.000876547
0.00087567
0.000874795
0.00087392
0.000873046
0.000872173
0.000871301
0.000870429
0.000869559
0.000868689
0.000867821
0.000866953
0.000866086
0.00086522
0.000864355
0.00086349
0.000862627
0.000861764
0.000860902
0.000860042
0.000859182
0.000858322
0.000857464
0.000856607
0.00085575
0.000854894
0.000854039
0.000853185
0.000852332
0.00085148
0.000850628
0.000849778
0.000848928
0.000848079
0.000847231
0.000846384
0.000845537
0.000844692
0.000843847
0.000843003
0.00084216
0.000841318
0.000840477
0.000839636
0.000838797
0.000837958
0.00083712
0.000836283
0.000835446
0.000834611
0.000833776
0.000832943
0.00083211
0.000831278
0.000830446
0.000829616
0.000828786
0.000827957
0.000827129
0.000826302
0.000825476
0.000824651
0.000823826
0.000823002
0.000822179
0.000821357
0.000820536
0.000819715
0.000818895
0.000818076
0.000817258
0.000816441
0.000815625
0.000814809
0.000813994
0.00081318
0.000812367
0.000811555
0.000810743
0.000809932
0.000809122
0.000808313
0.000807505
0.000806697
0.000805891
0.000805085
0.00080428
0.000803475
0.000802672
0.000801869
0.000801067
0.000800266
0.000799466
0.000798667
0.000797868
0.00079707
0.000796273
0.000795477
0.000794681
0.000793887
0.000793093
0.0007923
0.000791507
0.000790716
0.000789925
0.000789135
0.000788346
0.000787558
0.00078677
0.000785983
0.000785197
0.000784412
0.000783628
0.000782844
0.000782061
0.000781279
0.000780498
0.000779717
0.000778938
0.000778159
0.000777381
0.000776603
0.000775827
0.000775051
0.000774276
0.000773502
0.000772728
0.000771955
0.000771183
0.000770412
0.000769642
0.000768872
0.000768103
0.000767335
0.000766568
0.000765801
0.000765035
0.00076427
0.000763506
0.000762743
0.00076198
0.000761218
0.000760457
0.000759696
0.000758937
0.000758178
0.000757419
0.000756662
0.000755905
0.000755149
0.000754394
0.00075364
0.000752886
0.000752133
0.000751381
0.00075063
0.000749879
0.000749129
0.00074838
0.000747632
0.000746884
0.000746137
0.000745391
0.000744646
0.000743901
0.000743157
0.000742414
0.000741672
0.00074093
0.000740189
0.000739449
0.000738709
0.000737971
0.000737233
0.000736496
0.000735759
0.000735023
0.000734288
0.000733554
0.00073282
0.000732088
0.000731355
0.000730624
0.000729894
0.000729164
0.000728434
0.000727706
0.000726978
0.000726251
0.000725525
0.0007248
0.000724075
0.000723351
0.000722627
0.000721905
0.000721183
0.000720462
0.000719741
0.000719021
0.000718302
0.000717584
0.000716867
0.00071615
0.000715433
0.000714718
0.000714003
0.000713289
0.000712576
0.000711863
0.000711152
0.00071044
0.00070973
0.00070902
0.000708311
0.000707603
0.000706895
0.000706188
0.000705482
0.000704777
0.000704072
0.000703368
0.000702665
0.000701962
0.00070126
0.000700559
0.000699858
0.000699158
0.000698459
0.000697761
0.000697063
0.000696366
0.000695669
0.000694974
0.000694279
0.000693585
0.000692891
0.000692198
0.000691506
0.000690814
0.000690124
0.000689433
0.000688744
0.000688055
0.000687367
0.00068668
0.000685993
0.000685307
0.000684622
0.000683937
0.000683253
0.00068257
0.000681887
0.000681206
0.000680524
0.000679844
0.000679164
0.000678485
0.000677806
0.000677129
0.000676451
0.000675775
0.000675099
0.000674424
0.00067375
0.000673076
0.000672403
0.00067173
0.000671059
0.000670388
0.000669717
0.000669048
0.000668378
0.00066771
0.000667042
0.000666375
0.000665709
0.000665043
0.000664378
0.000663714
0.00066305
0.000662387
0.000661725
0.000661063
0.000660402
0.000659742
0.000659082
0.000658423
0.000657764
0.000657107
0.000656449
0.000655793
0.000655137
0.000654482
0.000653828
0.000653174
0.000652521
0.000651868
0.000651216
0.000650565
0.000649914
0.000649264
0.000648615
0.000647967
0.000647319
0.000646671
0.000646025
0.000645379
0.000644733
0.000644088
0.000643444
0.000642801
0.000642158
0.000641516
0.000640874
0.000640234
0.000639593
0.000638954
0.000638315
0.000637677
0.000637039
0.000636402
0.000635765
0.00063513
0.000634494
0.00063386
0.000633226
0.000632593
0.00063196
0.000631328
0.000630697
0.000630066
0.000629436
0.000628807
0.000628178
0.00062755
0.000626922
0.000626295
0.000625669
0.000625043
0.000624418
0.000623794
0.00062317
0.000622547
0.000621924
0.000621303
0.000620681
0.000620061
0.00061944
0.000618821
0.000618202
0.000617584
0.000616966
0.000616349
0.000615733
0.000615117
0.000614502
0.000613888
0.000613274
0.000612661
0.000612048
0.000611436
0.000610824
0.000610214
0.000609603
0.000608994
0.000608385
0.000607776
0.000607169
0.000606561
0.000605955
0.000605349
0.000604744
0.000604139
0.000603535
0.000602931
0.000602328
0.000601726
0.000601124
0.000600523
0.000599923
0.000599323
0.000598723
0.000598125
0.000597526
0.000596929
0.000596332
0.000595736
0.00059514
0.000594545
0.00059395
0.000593356
0.000592763
0.00059217
0.000591578
0.000590986
0.000590395
0.000589805
0.000589215
0.000588626
0.000588037
0.000587449
0.000586862
0.000586275
0.000585689
0.000585103
0.000584518
0.000583933
0.00058335
0.000582766
0.000582183
0.000581601
0.00058102
0.000580439
0.000579858
0.000579278
0.000578699
0.00057812
0.000577542
0.000576965
0.000576388
0.000575811
0.000575236
0.00057466
0.000574086
0.000573512
0.000572938
0.000572365
0.000571793
0.000571221
0.00057065
0.000570079
0.000569509
0.000568939
0.000568371
0.000567802
0.000567234
0.000566667
0.0005661
0.000565534
0.000564969
0.000564404
0.000563839
0.000563276
0.000562712
0.00056215
0.000561587
0.000561026
0.000560465
0.000559904
0.000559344
0.000558785
0.000558226
0.000557668
0.00055711
0.000556553
0.000555997
0.000555441
0.000554885
0.00055433
0.000553776
0.000553222
0.000552669
0.000552116
0.000551564
0.000551013
0.000550462
0.000549911
0.000549361
0.000548812
0.000548263
0.000547715
0.000547167
0.00054662
0.000546073
0.000545527
0.000544982
0.000544437
0.000543892
0.000543349
0.000542805
0.000542262
0.00054172
0.000541178
0.000540637
0.000540097
0.000539557
0.000539017
0.000538478
0.000537939
0.000537402
0.000536864
0.000536327
0.000535791
0.000535255
0.00053472
0.000534185
0.000533651
0.000533117
0.000532584
0.000532052
0.00053152
0.000530988
0.000530457
0.000529927
0.000529397
0.000528867
0.000528338
0.00052781
0.000527282
0.000526755
0.000526228
0.000525702
0.000525176
0.000524651
0.000524126
0.000523602
0.000523079
0.000522556
0.000522033
0.000521511
0.00052099
0.000520469
0.000519948
0.000519428
0.000518909
0.00051839
0.000517871
0.000517354
0.000516836
0.000516319
0.000515803
0.000515287
0.000514772
0.000514257
0.000513743
0.000513229
0.000512716
0.000512203
0.000511691
0.000511179
0.000510668
0.000510158
0.000509647
0.000509138
0.000508629
0.00050812
0.000507612
0.000507104
0.000506597
0.000506091
0.000505584
0.000505079
0.000504574
0.000504069
0.000503565
0.000503062
0.000502558
0.000502056
0.000501554
0.000501052
0.000500551
0.000500051
0.000499551
0.000499051
0.000498552
0.000498054
0.000497555
0.000497058
0.000496561
0.000496064
0.000495568
0.000495073
0.000494578
0.000494083
0.000493589
0.000493095
0.000492602
0.00049211
0.000491618
0.000491126
0.000490635
0.000490144
0.000489654
0.000489164
0.000488675
0.000488187
0.000487698
0.000487211
0.000486723
0.000486237
0.00048575
0.000485265
0.000484779
0.000484295
0.00048381
0.000483327
0.000482843
0.00048236
0.000481878
0.000481396
0.000480915
0.000480434
0.000479953
0.000479473
0.000478994
0.000478515
0.000478036
0.000477558
0.000477081
0.000476604
0.000476127
0.000475651
0.000475175
0.0004747
0.000474226
0.000473751
0.000473278
0.000472804
0.000472331
0.000471859
0.000471387
0.000470916
0.000470445
0.000469975
0.000469505
0.000469035
0.000468566
0.000468097
0.000467629
0.000467162
0.000466695
0.000466228
0.000465762
0.000465296
0.000464831
0.000464366
0.000463901
0.000463437
0.000462974
0.000462511
0.000462049
0.000461587
0.000461125
0.000460664
0.000460203
0.000459743
0.000459283
0.000458824
0.000458365
0.000457907
0.000457449
0.000456991
0.000456534
0.000456078
0.000455622
0.000455166
0.000454711
0.000454256
0.000453802
0.000453348
0.000452895
0.000452442
0.00045199
0.000451538
0.000451086
0.000450635
0.000450184
0.000449734
0.000449284
0.000448835
0.000448386
0.000447938
0.00044749
0.000447042
0.000446595
0.000446149
0.000445703
0.000445257
0.000444812
0.000444367
0.000443922
0.000443479
0.000443035
0.000442592
0.000442149
0.000441707
0.000441266
0.000440824
0.000440384
0.000439943
0.000439503
0.000439064
0.000438625
0.000438186
0.000437748
0.00043731
0.000436873
0.000436436
0.000435999
0.000435563
0.000435128
0.000434693
0.000434258
0.000433824
0.00043339
0.000432957
0.000432524
0.000432091
0.000431659
0.000431227
0.000430796
0.000430365
0.000429935
0.000429505
0.000429076
0.000428646
0.000428218
0.00042779
0.000427362
0.000426934
0.000426508
0.000426081
0.000425655
0.000425229
0.000424804
0.000424379
0.000423955
0.000423531
0.000423107
0.000422684
0.000422262
0.000421839
0.000421417
0.000420996
0.000420575
0.000420154
0.000419734
0.000419315
0.000418895
0.000418476
0.000418058
0.00041764
0.000417222
0.000416805
0.000416388
0.000415972
0.000415556
0.00041514
0.000414725
0.00041431
0.000413896
0.000413482
0.000413069
0.000412656
0.000412243
0.000411831
0.000411419
0.000411007
0.000410596
0.000410186
0.000409776
0.000409366
0.000408957
0.000408548
0.000408139
0.000407731
0.000407323
0.000406916
0.000406509
0.000406102
0.000405696
0.000405291
0.000404885
0.00040448
0.000404076
0.000403672
0.000403268
0.000402865
0.000402462
0.00040206
0.000401658
0.000401256
0.000400855
0.000400454
0.000400053
0.000399653
0.000399254
0.000398854
0.000398456
0.000398057
0.000397659
0.000397261
0.000396864
0.000396467
0.000396071
0.000395675
0.000395279
0.000394884
0.000394489
0.000394094
0.0003937
0.000393307
0.000392913
0.00039252
0.000392128
0.000391736
0.000391344
0.000390953
0.000390562
0.000390171
0.000389781
0.000389391
0.000389002
0.000388613
0.000388224
0.000387836
0.000387448
0.000387061
0.000386674
0.000386287
0.000385901
0.000385515
0.000385129
0.000384744
0.000384359
0.000383975
0.000383591
0.000383207
0.000382824
0.000382441
0.000382059
0.000381677
0.000381295
0.000380914
0.000380533
0.000380152
0.000379772
0.000379393
0.000379013
0.000378634
0.000378256
0.000377877
0.000377499
0.000377122
0.000376745
0.000376368
0.000375992
0.000375616
0.00037524
0.000374865
0.00037449
0.000374115
0.000373741
0.000373368
0.000372994
0.000372621
0.000372249
0.000371876
0.000371504
0.000371133
0.000370762
0.000370391
0.000370021
0.000369651
0.000369281
0.000368912
0.000368543
0.000368174
0.000367806
0.000367438
0.000367071
0.000366704
0.000366337
0.000365971
0.000365605
0.000365239
0.000364874
0.000364509
0.000364145
0.00036378
0.000363417
0.000363053
0.00036269
0.000362327
0.000361965
0.000361603
0.000361242
0.00036088
0.000360519
0.000360159
0.000359799
0.000359439
0.00035908
0.00035872
0.000358362
0.000358003
0.000357645
0.000357288
0.00035693
0.000356574
0.000356217
0.000355861
0.000355505
0.000355149
0.000354794
0.000354439
0.000354085
0.000353731
0.000353377
0.000353024
0.000352671
0.000352318
0.000351966
0.000351614
0.000351262
0.000350911
0.00035056
0.000350209
0.000349859
0.000349509
0.00034916
0.000348811
0.000348462
0.000348113
0.000347765
0.000347418
0.00034707
0.000346723
0.000346376
0.00034603
0.000345684
0.000345338
0.000344993
0.000344648
0.000344303
0.000343959
0.000343615
0.000343271
0.000342928
0.000342585
0.000342243
0.0003419
0.000341558
0.000341217
0.000340876
0.000340535
0.000340194
0.000339854
0.000339514
0.000339175
0.000338836
0.000338497
0.000338158
0.00033782
0.000337482
0.000337145
0.000336808
0.000336471
0.000336134
0.000335798
0.000335462
0.000335127
0.000334792
0.000334457
0.000334123
0.000333788
0.000333455
0.000333121
0.000332788
0.000332455
0.000332123
0.000331791
0.000331459
0.000331127
0.000330796
0.000330466
0.000330135
0.000329805
0.000329475
0.000329146
0.000328817
0.000328488
0.000328159
0.000327831
0.000327503
0.000327176
0.000326849
0.000326522
0.000326195
0.000325869
0.000325543
0.000325218
0.000324892
0.000324567
0.000324243
0.000323919
0.000323595
0.000323271
0.000322948
0.000322625
0.000322302
0.00032198
0.000321658
0.000321336
0.000321015
0.000320694
0.000320373
0.000320053
0.000319733
0.000319413
0.000319094
0.000318775
0.000318456
0.000318137
0.000317819
0.000317501
0.000317184
0.000316867
0.00031655
0.000316233
0.000315917
0.000315601
0.000315286
0.00031497
0.000314655
0.000314341
0.000314026
0.000313712
0.000313399
0.000313085
0.000312772
0.000312459
0.000312147
0.000311835
0.000311523
0.000311211
0.0003109
0.000310589
0.000310279
0.000309968
0.000309658
0.000309349
0.000309039
0.00030873
0.000308422
0.000308113
0.000307805
0.000307497
0.00030719
0.000306883
0.000306576
0.000306269
0.000305963
0.000305657
0.000305351
0.000305046
0.000304741
0.000304436
0.000304132
0.000303828
0.000303524
0.00030322
0.000302917
0.000302614
0.000302311
0.000302009
0.000301707
0.000301405
0.000301104
0.000300803
0.000300502
0.000300202
0.000299901
0.000299602
0.000299302
0.000299003
0.000298704
0.000298405
0.000298107
0.000297808
0.000297511
0.000297213
0.000296916
0.000296619
0.000296322
0.000296026
0.00029573
0.000295434
0.000295139
0.000294844
0.000294549
0.000294254
0.00029396
0.000293666
0.000293372
0.000293079
0.000292786
0.000292493
0.000292201
0.000291908
0.000291617
0.000291325
0.000291034
0.000290743
0.000290452
0.000290161
0.000289871
0.000289581
0.000289292
0.000289003
0.000288713
0.000288425
0.000288136
0.000287848
0.00028756
0.000287273
0.000286986
0.000286699
0.000286412
0.000286125
0.000285839
0.000285553
0.000285268
0.000284983
0.000284698
0.000284413
0.000284129
0.000283844
0.000283561
0.000283277
0.000282994
0.000282711
0.000282428
0.000282146
0.000281863
0.000281582
0.0002813
0.000281019
0.000280738
0.000280457
0.000280177
0.000279896
0.000279616
0.000279337
0.000279057
0.000278778
0.0002785
0.000278221
0.000277943
0.000277665
0.000277387
0.00027711
0.000276833
0.000276556
0.000276279
0.000276003
0.000275727
0.000275451
0.000275176
0.000274901
0.000274626
0.000274351
0.000274077
0.000273803
0.000273529
0.000273256
0.000272982
0.000272709
0.000272437
0.000272164
0.000271892
0.00027162
0.000271348
0.000271077
0.000270806
0.000270535
0.000270265
0.000269994
0.000269724
0.000269455
0.000269185
0.000268916
0.000268647
0.000268379
0.00026811
0.000267842
0.000267574
0.000267307
0.000267039
0.000266772
0.000266505
0.000266239
0.000265973
0.000265707
0.000265441
0.000265176
0.00026491
0.000264646
0.000264381
0.000264117
0.000263852
0.000263589
0.000263325
0.000263062
0.000262799
0.000262536
0.000262273
0.000262011
0.000261749
0.000261487
0.000261226
0.000260964
0.000260704
0.000260443
0.000260182
0.000259922
0.000259662
0.000259403
0.000259143
0.000258884
0.000258625
0.000258367
0.000258108
0.00025785
0.000257592
0.000257335
0.000257077
0.00025682
0.000256563
0.000256307
0.000256051
0.000255794
0.000255539
0.000255283
0.000255028
0.000254773
0.000254518
0.000254264
0.000254009
0.000253755
0.000253502
0.000253248
0.000252995
0.000252742
0.000252489
0.000252237
0.000251984
0.000251732
0.000251481
0.000251229
0.000250978
0.000250727
0.000250476
0.000250226
0.000249975
0.000249725
0.000249476
0.000249226
0.000248977
0.000248728
0.000248479
0.000248231
0.000247983
0.000247735
0.000247487
0.000247239
0.000246992
0.000246745
0.000246498
0.000246252
0.000246006
0.00024576
0.000245514
0.000245268
0.000245023
0.000244778
0.000244533
0.000244289
0.000244045
0.000243801
0.000243557
0.000243313
0.00024307
0.000242827
0.000242584
0.000242341
0.000242099
0.000241857
0.000241615
0.000241373
0.000241132
0.000240891
0.00024065
0.000240409
0.000240169
0.000239929
0.000239689
0.000239449
0.00023921
0.000238971
0.000238732
0.000238493
0.000238254
0.000238016
0.000237778
0.00023754
0.000237303
0.000237065
0.000236828
0.000236592
0.000236355
0.000236119
0.000235882
0.000235647
0.000235411
0.000235176
0.00023494
0.000234705
0.000234471
0.000234236
0.000234002
0.000233768
0.000233534
0.000233301
0.000233067
0.000232834
0.000232602
0.000232369
0.000232137
0.000231904
0.000231673
0.000231441
0.000231209
0.000230978
0.000230747
0.000230516
0.000230286
0.000230056
0.000229826
0.000229596
0.000229366
0.000229137
0.000228908
0.000228679
0.00022845
0.000228222
0.000227993
0.000227765
0.000227538
0.00022731
0.000227083
0.000226856
0.000226629
0.000226402
0.000226176
0.00022595
0.000225724
0.000225498
0.000225272
0.000225047
0.000224822
0.000224597
0.000224373
0.000224148
0.000223924
0.0002237
0.000223477
0.000223253
0.00022303
0.000222807
0.000222584
0.000222361
0.000222139
0.000221917
0.000221695
0.000221473
0.000221252
0.000221031
0.00022081
0.000220589
0.000220368
0.000220148
0.000219928
0.000219708
0.000219488
0.000219269
0.000219049
0.00021883
0.000218611
0.000218393
0.000218174
0.000217956
0.000217738
0.000217521
0.000217303
0.000217086
0.000216869
0.000216652
0.000216435
0.000216219
0.000216002
0.000215786
0.000215571
0.000215355
0.00021514
0.000214925
0.00021471
0.000214495
0.00021428
0.000214066
0.000213852
0.000213638
0.000213425
0.000213211
0.000212998
0.000212785
0.000212572
0.00021236
0.000212147
0.000211935
0.000211723
0.000211511
0.0002113
0.000211089
0.000210878
0.000210667
0.000210456
0.000210246
0.000210035
0.000209825
0.000209615
0.000209406
0.000209196
0.000208987
0.000208778
0.000208569
0.000208361
0.000208153
0.000207944
0.000207736
0.000207529
0.000207321
0.000207114
0.000206907
0.0002067
0.000206493
0.000206287
0.00020608
0.000205874
0.000205668
0.000205463
0.000205257
0.000205052
0.000204847
0.000204642
0.000204437
0.000204233
0.000204029
0.000203825
0.000203621
0.000203417
0.000203214
0.000203011
0.000202808
0.000202605
0.000202402
0.0002022
0.000201998
0.000201796
0.000201594
0.000201392
0.000201191
0.00020099
0.000200789
0.000200588
0.000200387
0.000200187
0.000199987
0.000199787
0.000199587
0.000199387
0.000199188
0.000198989
0.00019879
0.000198591
0.000198392
0.000198194
0.000197996
0.000197798
0.0001976
0.000197402
0.000197205
0.000197008
0.000196811
0.000196614
0.000196417
0.000196221
0.000196025
0.000195829
0.000195633
0.000195437
0.000195242
0.000195047
0.000194852
0.000194657
0.000194462
0.000194268
0.000194073
0.000193879
0.000193685
0.000193492
0.000193298
0.000193105
0.000192912
0.000192719
0.000192526
0.000192334
0.000192141
0.000191949
0.000191757
0.000191565
0.000191374
0.000191183
0.000190991
0.0001908
0.00019061
0.000190419
0.000190229
0.000190038
0.000189848
0.000189658
0.000189469
0.000189279
0.00018909
0.000188901
0.000188712
0.000188523
0.000188335
0.000188146
0.000187958
0.00018777
0.000187583
0.000187395
0.000187208
0.00018702
0.000186833
0.000186647
0.00018646
0.000186273
0.000186087
0.000185901
0.000185715
0.000185529
0.000185344
0.000185159
0.000184973
0.000184788
0.000184604
0.000184419
0.000184235
0.00018405
0.000183866
0.000183682
0.000183499
0.000183315
0.000183132
0.000182949
0.000182766
0.000182583
0.000182401
0.000182218
0.000182036
0.000181854
0.000181672
0.00018149
0.000181309
0.000181128
0.000180946
0.000180766
0.000180585
0.000180404
0.000180224
0.000180044
0.000179863
0.000179684
0.000179504
0.000179324
0.000179145
0.000178966
0.000178787
0.000178608
0.00017843
0.000178251
0.000178073
0.000177895
0.000177717
0.000177539
0.000177362
0.000177184
0.000177007
0.00017683
0.000176653
0.000176477
0.0001763
0.000176124
0.000175948
0.000175772
0.000175596
0.00017542
0.000175245
0.00017507
0.000174895
0.00017472
0.000174545
0.000174371
0.000174196
0.000174022
0.000173848
0.000173674
0.0001735
0.000173327
0.000173154
0.00017298
0.000172807
0.000172635
0.000172462
0.00017229
0.000172117
0.000171945
0.000171773
0.000171601
0.00017143
0.000171258
0.000171087
0.000170916
0.000170745
0.000170574
0.000170404
0.000170233
0.000170063
0.000169893
0.000169723
0.000169554
0.000169384
0.000169215
0.000169045
0.000168876
0.000168707
0.000168539
0.00016837
0.000168202
0.000168034
0.000167866
0.000167698
0.00016753
0.000167363
0.000167195
0.000167028
0.000166861
0.000166694
0.000166527
0.000166361
0.000166194
0.000166028
0.000165862
0.000165696
0.000165531
0.000165365
0.0001652
0.000165035
0.00016487
0.000164705
0.00016454
0.000164375
0.000164211
0.000164047
0.000163883
0.000163719
0.000163555
0.000163392
0.000163228
0.000163065
0.000162902
0.000162739
0.000162576
0.000162414
0.000162251
0.000162089
0.000161927
0.000161765
0.000161603
0.000161442
0.00016128
0.000161119
0.000160958
0.000160797
0.000160636
0.000160475
0.000160315
0.000160155
0.000159995
0.000159835
0.000159675
0.000159515
0.000159356
0.000159196
0.000159037
0.000158878
0.000158719
0.00015856
0.000158402
0.000158243
0.000158085
0.000157927
0.000157769
0.000157611
0.000157454
0.000157296
0.000157139
0.000156982
0.000156825
0.000156668
0.000156511
0.000156355
0.000156199
0.000156042
0.000155886
0.00015573
0.000155575
0.000155419
0.000155264
0.000155108
0.000154953
0.000154798
0.000154644
0.000154489
0.000154334
0.00015418
0.000154026
0.000153872
0.000153718
0.000153564
0.000153411
0.000153257
0.000153104
0.000152951
0.000152798
0.000152645
0.000152493
0.00015234
0.000152188
0.000152036
0.000151883
0.000151732
0.00015158
0.000151428
0.000151277
0.000151126
0.000150974
0.000150823
0.000150673
0.000150522
0.000150371
0.000150221
0.000150071
0.000149921
0.000149771
0.000149621
0.000149471
0.000149322
0.000149173
0.000149024
0.000148874
0.000148726
0.000148577
0.000148428
0.00014828
0.000148132
0.000147983
0.000147835
0.000147688
0.00014754
0.000147392
0.000147245
0.000147098
0.000146951
0.000146804
0.000146657
0.00014651
0.000146364
0.000146217
0.000146071
0.000145925
0.000145779
0.000145633
0.000145488
0.000145342
0.000145197
0.000145052
0.000144907
0.000144762
0.000144617
0.000144472
0.000144328
0.000144184
0.000144039
0.000143895
0.000143751
0.000143608
0.000143464
0.000143321
0.000143177
0.000143034
0.000142891
0.000142748
0.000142606
0.000142463
0.00014232
0.000142178
0.000142036
0.000141894
0.000141752
0.00014161
0.000141469
0.000141327
0.000141186
0.000141045
0.000140904
0.000140763
0.000140622
0.000140481
0.000140341
0.000140201
0.00014006
0.00013992
0.00013978
0.000139641
0.000139501
0.000139361
0.000139222
0.000139083
0.000138944
0.000138805
0.000138666
0.000138527
0.000138389
0.00013825
0.000138112
0.000137974
0.000137836
0.000137698
0.000137561
0.000137423
0.000137286
0.000137148
0.000137011
0.000136874
0.000136737
0.0001366
0.000136464
0.000136327
0.000136191
0.000136055
0.000135919
0.000135783
0.000135647
0.000135512
0.000135376
0.000135241
0.000135105
0.00013497
0.000134835
0.0001347
0.000134566
0.000134431
0.000134297
0.000134162
0.000134028
0.000133894
0.00013376
0.000133627
0.000133493
0.00013336
0.000133226
0.000133093
0.00013296
0.000132827
0.000132694
0.000132561
0.000132429
0.000132296
0.000132164
0.000132032
0.0001319
0.000131768
0.000131636
0.000131505
0.000131373
0.000131242
0.00013111
0.000130979
0.000130848
0.000130718
0.000130587
0.000130456
0.000130326
0.000130195
0.000130065
0.000129935
0.000129805
0.000129675
0.000129546
0.000129416
0.000129287
0.000129157
0.000129028
0.000128899
0.00012877
0.000128642
0.000128513
0.000128384
0.000128256
0.000128128
0.000128
0.000127872
0.000127744
0.000127616
0.000127488
0.000127361
0.000127234
0.000127106
0.000126979
0.000126852
0.000126725
0.000126599
0.000126472
0.000126346
0.000126219
0.000126093
0.000125967
0.000125841
0.000125715
0.000125589
0.000125464
0.000125338
0.000125213
0.000125088
0.000124963
0.000124838
0.000124713
0.000124588
0.000124464
0.000124339
0.000124215
0.000124091
0.000123967
0.000123843
0.000123719
0.000123595
0.000123471
0.000123348
0.000123225
0.000123101
0.000122978
0.000122855
0.000122732
0.00012261
0.000122487
0.000122365
0.000122242
0.00012212
0.000121998
0.000121876
0.000121754
0.000121632
0.000121511
0.000121389
0.000121268
0.000121146
0.000121025
0.000120904
0.000120783
0.000120663
0.000120542
0.000120421
0.000120301
0.000120181
0.000120061
0.00011994
0.000119821
0.000119701
0.000119581
0.000119461
0.000119342
0.000119223
0.000119103
0.000118984
0.000118865
0.000118746
0.000118628
0.000118509
0.000118391
0.000118272
0.000118154
0.000118036
0.000117918
0.0001178
0.000117682
0.000117564
0.000117447
0.000117329
0.000117212
0.000117095
0.000116978
0.000116861
0.000116744
0.000116627
0.00011651
0.000116394
0.000116278
0.000116161
0.000116045
0.000115929
0.000115813
0.000115697
0.000115582
0.000115466
0.000115351
0.000115235
0.00011512
0.000115005
0.00011489
0.000114775
0.00011466
0.000114546
0.000114431
0.000114317
0.000114202
0.000114088
0.000113974
0.00011386
0.000113746
0.000113632
0.000113519
0.000113405
0.000113292
0.000113179
0.000113065
0.000112952
0.000112839
0.000112726
0.000112614
0.000112501
0.000112389
0.000112276
0.000112164
0.000112052
0.00011194
0.000111828
0.000111716
0.000111604
0.000111493
0.000111381
0.00011127
0.000111159
0.000111047
0.000110936
0.000110825
0.000110715
0.000110604
0.000110493
0.000110383
0.000110272
0.000110162
0.000110052
0.000109942
0.000109832
0.000109722
0.000109612
0.000109503
0.000109393
0.000109284
0.000109175
0.000109065
0.000108956
0.000108847
0.000108739
0.00010863
0.000108521
0.000108413
0.000108304
0.000108196
0.000108088
0.00010798
0.000107872
0.000107764
0.000107656
0.000107548
0.000107441
0.000107333
0.000107226
0.000107119
0.000107012
0.000106905
0.000106798
0.000106691
0.000106584
0.000106478
0.000106371
0.000106265
0.000106159
0.000106052
0.000105946
0.00010584
0.000105735
0.000105629
0.000105523
0.000105418
0.000105312
0.000105207
0.000105102
0.000104997
0.000104892
0.000104787
0.000104682
0.000104577
0.000104473
0.000104368
0.000104264
0.00010416
0.000104056
0.000103951
0.000103848
0.000103744
0.00010364
0.000103536
0.000103433
0.000103329
0.000103226
0.000103123
0.00010302
0.000102917
0.000102814
0.000102711
0.000102608
0.000102506
0.000102403
0.000102301
0.000102198
0.000102096
0.000101994
0.000101892
0.00010179
0.000101688
0.000101587
0.000101485
0.000101384
0.000101282
0.000101181
0.00010108
0.000100979
0.000100878
0.000100777
0.000100676
0.000100575
0.000100475
0.000100374
0.000100274
0.000100174
0.000100074
9.99734e-05
