-8.44843	2.685
-8.26633	3.67288
-8.19488	4.05687
-8.12103	4.44389
-8.07289	4.69795
-7.98924	5.14245
-7.95569	5.33957
-7.86577	5.82471
-7.83147	6.01779
-7.78201	6.30261
-7.72091	6.64153
-7.7307	6.56143
-7.77622	6.32288
-7.80843	6.14731
-7.77578	6.3289
-7.66849	6.94246
-7.65429	7.02293
-7.52886	7.73779
-7.55837	7.53908
-7.38615	8.49704
-7.54561	7.62281
-7.47607	8.03402
-7.58067	7.49138
-7.66474	7.00331
-7.69529	6.7969
-7.65879	6.99035
-7.64506	7.07428
-7.65522	7.05057
-7.65495	7.02526
-7.6895	6.80024
-7.60061	7.32456
-7.5575	7.59746
-7.61081	7.25424
-7.66437	6.96075
-7.67971	6.86918
-7.64727	7.03984
-7.66462	6.93752
-7.67802	6.84184
-7.74857	6.45416
-7.8034	6.14484
-7.77554	6.31134
-7.71627	6.63086
-7.66927	6.93173
-7.72461	6.59956
-7.683	6.82222
-7.67707	6.87696
-7.59412	7.30608
-7.61461	7.19287
-7.58691	7.3727
-7.55632	7.55002
-7.47491	7.97425
-7.54224	7.62933
-7.56713	7.49812
-7.53697	7.62646
-7.60387	7.27768
-7.63771	7.10658
-7.70253	6.7658
-7.70765	6.73424
-7.72619	6.62863
-7.64096	7.08618
-7.64393	7.06794
-7.59339	7.3221
-7.52303	7.72787
-7.57026	7.48876
-7.48547	7.98489
-7.49164	7.94204
-7.48814	7.95277
-7.54538	7.63725
-7.51229	7.84135
-7.4843	7.94285
-7.56199	7.5321
-7.5329	7.68702
-7.52159	7.78567
-7.54571	7.63376
-7.551	7.59649
-7.51327	7.79375
-7.47806	7.96178
-7.59823	7.2965
-7.62454	7.14346
-7.66371	6.97163
-7.64176	7.08586
-7.60955	7.23303
-7.66337	6.91207
-7.63	7.14299
-7.48982	7.92431
-7.52765	7.7056
-7.52986	7.68289
-7.50398	7.86753
-7.56365	7.52099
-7.49834	7.89111
-7.56348	7.50668
-7.58733	7.38298
-7.57093	7.45345
-7.58215	7.38143
-7.57799	7.3963
-7.52997	7.69012
-7.47488	8.00194
-7.47419	7.98644
-7.48703	7.92812
-7.51639	7.74877
-7.48141	7.94967
-7.4796	7.92917
-7.41901	8.28203
-7.41395	8.31679
-7.4416	8.14835
-7.47839	7.9136
-7.47348	7.98104
-7.46625	8.02708
-7.51252	7.76183
-7.5131	7.75453
-7.53391	7.63616
-7.58351	7.36898
-7.58956	7.3308
-7.47341	7.98808
-7.42956	8.21719
-7.56798	7.45181
-7.57043	7.45165
-7.52015	7.74264
-7.48607	7.93756
-7.4073	8.40608
-7.30738	8.91925
-7.36573	8.60724
-7.30763	8.94217
-7.31595	8.87658
-7.37791	8.5404
-7.42962	8.22902
-7.53767	7.62488
-7.45435	8.06591
-7.46804	7.97186
-7.60956	7.18427
-7.57735	7.38394
-7.5899	7.32554
-7.59523	7.31066
-7.6287	7.11178
-7.60957	7.20675
-7.57342	7.38939
-7.56853	7.44087
-7.55057	7.55773
-7.54593	7.58155
-7.48664	7.86727
-7.53237	7.63965
-7.55945	7.48331
-7.43418	8.21354
-7.50023	7.88822
-7.47732	7.98057
-7.45671	8.08289
-7.46004	8.05733
-7.49415	7.8729
-7.53065	7.71688
-7.53456	7.68651
-7.50126	7.84011
-7.57713	7.44174
-7.60291	7.28844
-7.60103	7.27064
-7.61035	7.21444
-7.69127	6.79939
-7.60174	7.25448
-7.6448	7.00702
-7.55633	7.53633
-7.58168	7.37739
-7.63063	7.09125
-7.59197	7.28505
-7.53749	7.64976
-7.65202	6.99953
-7.57504	7.38276
-7.5955	7.25988
-7.59278	7.33109
-7.54202	7.60035
-7.64991	7.01706
-7.5825	7.41824
-7.59856	7.30305
-7.54864	7.57183
-7.58078	7.39197
-7.49145	7.87991
-7.53753	7.63253
-7.49971	7.86946
-7.5774	7.47146
-7.58553	7.41853
-7.47936	8.01346
-7.54616	7.63574
-7.53994	7.65252
-7.61576	7.22063
-7.58559	7.38855
-7.4276	8.25007
-7.47761	7.98331
-7.42765	8.25037
-7.35654	8.62118
-7.42209	8.24891
-7.41323	8.33654
-7.44751	8.1496
-7.36621	8.62158
-7.39654	8.44771
-7.4563	8.10933
-7.54092	7.6709
-7.48326	7.95071
-7.51392	7.74505
-7.46955	8.00762
-7.50624	7.80694
-7.51981	7.74884
-7.54305	7.61063
-7.51113	7.76404
-7.46312	8.05098
-7.49096	7.88265
-7.50526	7.81445
-7.51358	7.76175
-7.41104	8.32424
-7.37766	8.53714
-7.35764	8.6629
-7.39534	8.45809
-7.39873	8.47053
-7.51693	7.78087
-7.46443	8.05958
-7.46148	8.10849
-7.43847	8.22816
-7.35514	8.66293
-7.35431	8.67043
-7.44794	8.15324
-7.45385	8.11629
-7.47729	8.01112
-7.57007	7.4918
-7.56924	7.47347
-7.61823	7.20897
-7.57787	7.41121
-7.53944	7.62649
-7.60213	7.29366
-7.5921	7.36056
-7.55382	7.56593
-7.51048	7.77827
-7.49175	7.86259
-7.49589	7.86183
-7.48166	7.9194
-7.47478	7.97093
-7.46847	7.98722
-7.53228	7.66015
-7.54157	7.59821
-7.59279	7.33966
-7.61732	7.2212
-7.51352	7.77213
-7.43519	8.23147
-7.50447	7.8229
-7.60031	7.30111
-7.64623	7.04396
-7.70221	6.70679
-7.65379	7.00174
-7.64332	7.07672
-7.60282	7.31382
-7.59947	7.31356
-7.62245	7.20801
-7.53412	7.70182
-7.58961	7.3849
-7.51532	7.8182
-7.5204	7.79658
-7.55676	7.5959
-7.57836	7.46201
-7.62646	7.15126
-7.62217	7.18524
-7.63311	7.15858
-7.62887	7.14611
-7.67951	6.88952
-7.7005	6.78396
-7.69113	6.8115
-7.77315	6.34064
-7.74077	6.52049
-7.67254	6.89513
-7.58151	7.3779
-7.5693	7.46717
-7.64371	7.03067
-7.60544	7.24126
-7.63568	7.08802
-7.59488	7.31754
-7.54502	7.6062
-7.5157	7.78072
-7.56241	7.48596
-7.53664	7.60587
-7.46508	8.02236
-7.41122	8.35195
-7.48334	7.93284
-7.51794	7.75431
-7.43741	8.18776
-7.39118	8.43752
-7.37528	8.49244
-7.47559	7.95989
-7.51793	7.75957
-7.53533	7.64242
-7.64976	7.02613
-7.59848	7.34092
-7.59268	7.38904
-7.50073	7.87238
-7.44314	8.21207
-7.4114	8.3877
-7.46198	8.07882
-7.5248	7.68835
-7.53492	7.62375
-7.4865	7.89911
-7.39984	8.38435
-7.41237	8.30197
-7.52027	7.74972
-7.49259	7.90984
-7.5095	7.79123
-7.55791	7.54496
-7.56983	7.4278
-7.58068	7.37183
-7.63538	7.10582
-7.44799	8.1364
-7.43163	8.25126
-7.4385	8.23645
-7.46704	8.07902
-7.34827	8.74212
-7.3214	8.8937
-7.36808	8.63981
-7.30457	8.97873
-7.33044	8.8076
-7.42112	8.28157
-7.43919	8.17955
-7.40293	8.42297
-7.50547	7.85259
-7.50483	7.85662
-7.52568	7.70277
-7.56397	7.48551
-7.58435	7.37918
-7.51007	7.81717
-7.53046	7.70165
-7.54177	7.65777
-7.53811	7.66498
-7.57988	7.42656
-7.56088	7.55993
-7.52606	7.76363
-7.59635	7.35777
-7.6248	7.18218
-7.61093	7.23479
-7.63024	7.11415
-7.64184	7.0575
-7.59864	7.31008
-7.63201	7.09893
-7.54279	7.59062
-7.51178	7.78658
-7.52883	7.68401
-7.62779	7.12563
-7.56413	7.45695
-7.58141	7.38755
-7.59468	7.30316
-7.60913	7.23912
-7.65197	6.9922
-7.5962	7.30944
-7.63473	7.12638
-7.74742	6.50731
-7.61394	7.24392
-7.52834	7.69756
-7.56898	7.46112
-7.58117	7.39996
-7.58835	7.31153
-7.59097	7.29227
-7.5908	7.29926
-7.56257	7.44871
-7.40113	8.33125
-7.44864	8.10401
-7.49083	7.91302
-7.49704	7.84053
-7.47958	7.97996
-7.53239	7.66929
-7.48133	7.9925
-7.3992	8.45636
-7.46319	8.06816
-7.53022	7.63859
-7.54203	7.58463
-7.56628	7.46317
-7.47531	7.95577
-7.57218	7.44313
-7.58879	7.35544
-7.52779	7.66585
-7.49185	7.87604
-7.51969	7.73691
-7.53146	7.70036
-7.53664	7.66712
-7.51473	7.78627
-7.52044	7.72704
-7.55017	7.58794
-7.55671	7.55514
-7.61654	7.21067
-7.60467	7.30611
-7.5443	7.64122
-7.57616	7.45152
-7.65105	7.04911
-7.59095	7.37094
-7.61779	7.22977
-7.66942	6.91688
-7.5835	7.40204
-7.5499	7.60637
-7.65414	6.99152
-7.68426	6.82335
-7.67599	6.88815
-7.53127	7.67272
-7.4377	8.20032
-7.48759	7.94674
-7.5038	7.8577
-7.53991	7.65099
-7.60793	7.2718
-7.63841	7.07602
-7.67094	6.86435
-7.61068	7.24159
-7.61868	7.18025
-7.55367	7.54264
-7.5546	7.52837
-7.53121	7.67283
-7.58492	7.3688
-7.58361	7.4014
-7.54806	7.59242
-7.56629	7.42809
-7.63728	7.07146
-7.67316	6.91009
-7.67845	6.85307
-7.64641	7.05013
-7.65876	6.97413
-7.60401	7.28851
-7.52305	7.74274
-7.56868	7.49133
-7.49947	7.87012
-7.58132	7.4062
-7.55925	7.55146
-7.57345	7.47561
-7.58971	7.35364
-7.68352	6.84781
-7.62457	7.17337
-7.63036	7.14494
-7.66195	6.98835
-7.53086	7.73183
-7.45601	8.12769
-7.47745	8.00516
-7.47911	8.0213
-7.44418	8.19656
-7.46201	8.14896
-7.48141	8.04763
-7.50589	7.8561
-7.45316	8.15809
-7.56633	7.53203
-7.59837	7.3631
-7.54966	7.61903
-7.56918	7.51688
-7.57456	7.46256
-7.57973	7.38548
-7.69016	6.79698
-7.71164	6.66391
-7.72806	6.59715
-7.67872	6.85684
-7.59205	7.34603
-7.61141	7.26179
-7.57224	7.44921
-7.60969	7.26205
-7.55535	7.57292
-7.54467	7.60315
-7.49952	7.89141
-7.55049	7.59112
-7.53748	7.6363
-7.50607	7.8104
-7.46066	8.07091
-7.4239	8.23919
-7.46868	7.99491
-7.41238	8.3209
-7.50786	7.79645
-7.52116	7.71978
-7.51362	7.75353
-7.56425	7.49285
-7.5605	7.49118
-7.58081	7.38105
-7.5798	7.37695
-7.55547	7.54563
-7.61757	7.1785
-7.6902	6.77535
-7.7043	6.70976
-7.69367	6.7532
-7.65669	6.97062
-7.66844	6.89344
-7.61255	7.25327
-7.54133	7.67214
-7.60646	7.30973
-7.53461	7.69251
-7.52271	7.76253
-7.63158	7.13672
-7.63886	7.09088
-7.60472	7.26576
-7.58962	7.34596
-7.55659	7.53815
-7.61791	7.22888
-7.51983	7.76729
-7.45699	8.10431
-7.46969	8.04887
-7.49851	7.86305
-7.57574	7.42081
-7.53268	7.66928
-7.51223	7.7894
-7.56078	7.52408
-7.50658	7.82335
-7.42957	8.26446
-7.47505	8.03876
-7.52663	7.77288
-7.5234	7.78599
-7.632	7.1367
-7.63108	7.14002
-7.61874	7.23385
-7.58684	7.4068
-7.63046	7.16893
-7.66046	6.98141
-7.64959	7.05096
-7.60676	7.27964
-7.6369	7.10063
-7.71216	6.67828
-7.72872	6.62236
-7.76132	6.43371
-7.70702	6.7452
-7.7723	6.36689
-7.80646	6.17712
-7.73795	6.5651
-7.70996	6.71451
-7.68591	6.80994
-7.59513	7.34137
-7.64186	7.07694
-7.55777	7.50361
-7.65382	6.96669
-7.66293	6.9277
-7.71473	6.64114
-7.65134	6.99038
-7.66026	6.92974
-7.65642	6.97823
-7.70048	6.75163
-7.74573	6.50562
-7.70229	6.74362
-7.74788	6.48411
-7.75273	6.46037
-7.67746	6.89494
-7.72048	6.64983
-7.70853	6.72356
-7.68788	6.82629
-7.66639	6.95023
-7.67995	6.88384
-7.70882	6.7373
-7.65482	7.04346
-7.72797	6.61411
-7.72334	6.64285
-7.72238	6.64656
-7.69809	6.81789
-7.67097	6.96467
-7.63293	7.14769
-7.56989	7.47925
-7.51606	7.76729
-7.59503	7.32049
-7.62907	7.11431
-7.62278	7.18113
-7.60269	7.31213
-7.54458	7.62655
-7.56096	7.54615
-7.54912	7.60773
-7.50263	7.84372
-7.44926	8.10879
-7.4859	7.92761
-7.46711	8.04446
-7.42463	8.26932
-7.46007	8.07164
-7.59532	7.3417
-7.56517	7.50857
-7.47675	8.02616
-7.53086	7.707
-7.63797	7.08318
-7.61367	7.19266
-7.56184	7.48592
-7.52081	7.70301
-7.46945	7.98923
-7.39658	8.35073
-7.42968	8.19086
-7.38865	8.44872
-7.52936	7.68535
-7.51621	7.71343
-7.55582	7.4913
-7.54409	7.57476
-7.51663	7.68985
-7.53874	7.56156
-7.44861	8.08432
-7.51518	7.7241
-7.5957	7.29221
-7.5728	7.4329
-7.5681	7.47318
-7.60737	7.26256
-7.55856	7.55712
-7.60315	7.28746
-7.53604	7.66897
-7.52361	7.74306
-7.56229	7.54503
-7.51945	7.75364
-7.51906	7.75017
-7.53142	7.6897
-7.61714	7.21385
-7.56503	7.49915
-7.57748	7.42688
-7.57469	7.4359
-7.5843	7.40325
-7.63389	7.15738
-7.53928	7.66876
-7.54526	7.65455
-7.50989	7.80266
-7.5137	7.76948
-7.52014	7.75659
-7.49721	7.87339
-7.47393	7.97681
-7.48728	7.89846
-7.5039	7.85422
-7.53459	7.67685
-7.51536	7.78506
-7.54612	7.60986
-7.57423	7.46491
-7.56645	7.50161
-7.56752	7.52742
-7.60694	7.29377
-7.64628	7.07326
-7.75231	6.45512
-7.73261	6.5788
-7.68866	6.82752
-7.62414	7.19881
-7.63783	7.14468
-7.67175	6.97432
-7.70934	6.75111
-7.6552	7.04072
-7.64312	7.09857
-7.62949	7.17968
-7.6462	7.05237
-7.58495	7.36738
-7.66788	6.88518
-7.66293	6.93206
-7.67827	6.85096
-7.62562	7.18632
-7.56074	7.53406
-7.65713	6.99234
-7.64844	7.03409
-7.59719	7.35067
-7.62245	7.19464
-7.7418	6.53366
-7.70287	6.74116
-7.75257	6.45231
-7.74854	6.5169
-7.78873	6.29219
-7.73387	6.57435
-7.6559	7.02088
-7.58626	7.41173
-7.526	7.75048
-7.57723	7.43783
-7.53908	7.61619
-7.57999	7.41958
-7.58764	7.36764
-7.59123	7.31855
-7.69801	6.73985
-7.64721	7.02737
-7.64082	7.06679
-7.63504	7.08804
-7.61547	7.15694
-7.64727	6.97583
-7.61793	7.15553
-7.61867	7.15286
-7.61262	7.21562
-7.58563	7.37718
-7.61963	7.16721
-7.69396	6.78455
-7.64992	7.02682
-7.65247	7.00724
-7.69377	6.7627
-7.75124	6.44247
-7.66996	6.88917
-7.57086	7.43372
-7.47974	7.91757
-7.47176	7.96191
-7.48613	7.87419
-7.5399	7.60173
-7.62563	7.11531
-7.5408	7.61361
-7.55831	7.51233
-7.55684	7.52717
-7.62372	7.1413
-7.59879	7.27479
-7.6115	7.22564
-7.64783	7.04682
-7.68066	6.85899
-7.68037	6.83971
-7.66348	6.9083
-7.61692	7.1918
-7.64138	7.06353
-7.62825	7.14467
-7.63304	7.12068
-7.61244	7.23863
-7.67369	6.89073
-7.66126	6.94472
-7.66987	6.92023
-7.65884	6.9645
-7.62988	7.14082
-7.66788	6.89566
-7.66572	6.91308
-7.70951	6.66886
-7.57776	7.38045
-7.53509	7.57783
-7.51807	7.68557
-7.46302	7.99456
-7.49007	7.87173
-7.53594	7.62198
-7.54079	7.62619
-7.48948	7.88998
-7.47009	8.01434
-7.45166	8.10654
-7.52234	7.69805
-7.57986	7.35377
-7.52744	7.67394
-7.59454	7.27655
-7.56841	7.44285
-7.56683	7.44555
-7.58736	7.36901
-7.58092	7.42787
-7.59122	7.41025
-7.57821	7.47182
-7.592	7.35652
-7.56954	7.50659
-7.56798	7.4697
-7.52436	7.7427
-7.50711	7.84124
-7.61759	7.23531
-7.53125	7.70306
-7.51488	7.77692
-7.53878	7.65416
-7.51785	7.75393
-7.49837	7.84501
-7.45104	8.1394
-7.48449	7.9926
-7.48268	7.98519
-7.57997	7.42075
-7.62452	7.1747
-7.55563	7.55868
-7.50389	7.83798
-7.52211	7.71205
-7.55576	7.53803
-7.52576	7.67217
-7.49043	7.91157
-7.50093	7.83209
-7.56154	7.49906
-7.56137	7.49691
-7.54029	7.61138
-7.43569	8.18174
-7.52628	7.72298
-7.61164	7.22628
-7.54396	7.60205
-7.58858	7.3293
-7.57733	7.42489
-7.60947	7.24767
-7.60448	7.23013
-7.60294	7.25526
-7.55299	7.50178
-7.59523	7.30379
-7.42153	8.28276
-7.41413	8.34791
-7.41908	8.29367
-7.53675	7.61303
-7.56119	7.46652
-7.51588	7.73777
-7.51416	7.77479
-7.51452	7.78049
-7.54929	7.5733
-7.58486	7.36577
-7.49936	7.84599
-7.45005	8.11611
-7.52967	7.70302
-7.52651	7.70053
-7.46307	8.04946
-7.49832	7.82878
-7.44937	8.13646
-7.46602	7.99963
-7.41338	8.28468
-7.54006	7.57031
-7.60802	7.2305
-7.58234	7.35921
-7.63566	7.07493
-7.61395	7.20998
-7.62541	7.15197
-7.64361	7.03238
-7.60105	7.25533
-7.51917	7.6903
-7.52626	7.68136
-7.5001	7.839
-7.51982	7.70232
-7.56687	7.41879
-7.57897	7.35546
-7.57063	7.37881
-7.62229	7.10698
-7.55031	7.52031
-7.54472	7.56856
-7.56842	7.44056
-7.64877	6.99999
-7.67718	6.86339
-7.69515	6.74412
-7.72736	6.58762
-7.69557	6.80641
-7.70026	6.77717
-7.70361	6.74636
-7.67669	6.90867
-7.58896	7.40366
-7.54651	7.65854
-7.55082	7.62571
-7.56322	7.53069
-7.45601	8.11333
-7.44111	8.20478
-7.53655	7.64773
-7.57516	7.42613
-7.5389	7.63406
-7.56285	7.48262
-7.5712	7.43705
-7.54484	7.5908
-7.5162	7.73619
-7.53723	7.64843
-7.46406	8.04261
-7.43654	8.21482
-7.45475	8.1111
-7.5257	7.71533
-7.59587	7.33881
-7.62474	7.1661
-7.63514	7.12353
-7.58871	7.38378
-7.59889	7.33917
-7.52786	7.72431
-7.53611	7.64379
-7.5486	7.57971
-7.47664	8.02857
-7.54094	7.69718
-7.58658	7.42373
-7.58455	7.44328
-7.58869	7.43922
-7.48635	7.95701
-7.48178	7.97376
-7.46967	8.04356
-7.43217	8.26452
-7.45904	8.11363
-7.4312	8.23954
-7.40902	8.40217
-7.46659	8.09361
-7.42875	8.29325
-7.43698	8.19433
-7.43117	8.24976
-7.49571	7.90166
-7.46678	8.05787
-7.52131	7.75523
-7.55338	7.5749
-7.58154	7.37772
-7.54297	7.57734
-7.61214	7.18245
-7.59444	7.28544
-7.69507	6.74237
-7.63723	7.05001
-7.63567	7.09235
-7.62473	7.13433
-7.63009	7.07547
-7.63205	7.06395
-7.56151	7.45708
-7.56881	7.42218
-7.51915	7.74162
-7.63221	7.09515
-7.65708	6.95077
-7.65623	6.97279
-7.72787	6.58493
-7.71001	6.69183
-7.66294	6.95048
-7.72015	6.63458
-7.69896	6.74554
-7.71625	6.65964
-7.68908	6.78891
-7.70283	6.70812
-7.72198	6.60786
-7.71795	6.62784
-7.69111	6.76997
-7.73465	6.52377
-7.72869	6.55662
-7.75432	6.42831
-7.66066	6.99427
-7.65325	7.03986
-7.65377	7.0391
-7.655	7.03716
-7.59725	7.35223
-7.59565	7.36025
-7.60925	7.27174
-7.6072	7.23764
-7.57681	7.43925
-7.57078	7.47608
-7.60419	7.28272
-7.53995	7.59823
-7.61368	7.1839
-7.54525	7.57345
-7.53129	7.69768
-7.52441	7.72891
-7.49258	7.90447
-7.52179	7.74162
-7.48384	7.97807
-7.48598	7.95964
-7.43342	8.23821
-7.44943	8.13644
-7.46401	8.04155
-7.44927	8.09282
-7.51662	7.74346
-7.58083	7.38144
-7.60788	7.22897
-7.64699	7.03217
-7.59303	7.34594
-7.62557	7.15625
-7.61457	7.19212
-7.60579	7.26382
-7.66622	6.89783
-7.61522	7.19612
-7.63682	7.10052
-7.72585	6.5776
-7.65924	6.94763
-7.6249	7.08445
-7.62196	7.12471
-7.54099	7.6037
-7.57568	7.42926
-7.65388	6.99308
-7.60839	7.24188
-7.6001	7.30395
-7.56231	7.52793
-7.50755	7.82404
-7.54664	7.57382
-7.56473	7.46511
-7.54234	7.61137
-7.50527	7.85583
-7.51392	7.79883
-7.50422	7.84055
-7.53905	7.63466
-7.60654	7.2522
-7.65685	6.96839
-7.69152	6.74215
-7.74204	6.44239
-7.69137	6.74205
-7.65515	6.9558
-7.57566	7.39741
-7.59646	7.30367
-7.58776	7.36608
-7.66606	6.92461
-7.6156	7.22744
-7.55871	7.51748
-7.56176	7.49895
-7.51981	7.75824
-7.51098	7.79483
-7.46374	8.03043
-7.4728	7.98897
-7.60696	7.24052
-7.63586	7.07943
-7.65511	6.9548
-7.68167	6.81453
-7.64881	7.01042
-7.58119	7.37337
-7.67717	6.85929
-7.61513	7.19764
-7.56109	7.52145
-7.64068	7.06831
-7.49522	7.90893
-7.53262	7.68346
-7.45714	8.10215
-7.48273	7.97751
-7.58014	7.42974
-7.62005	7.2412
-7.52996	7.72986
-7.47523	8.02183
-7.48333	8.0325
-7.50754	7.85311
-7.49756	7.87031
-7.50916	7.7885
-7.46783	8.00119
-7.51739	7.74807
-7.4953	7.88058
-7.45211	8.12029
-7.53394	7.65361
-7.59316	7.31088
-7.67778	6.82234
-7.65964	6.93503
-7.66276	6.93168
-7.6235	7.17395
-7.59631	7.32627
-7.58752	7.38049
-7.63091	7.12259
-7.60505	7.25956
-7.5958	7.32181
-7.61666	7.20671
-7.65321	6.99172
-7.61782	7.19024
-7.52837	7.68513
-7.45531	8.11542
-7.49684	7.87746
-7.49405	7.92363
-7.49531	7.8875
-7.47832	7.98267
-7.43981	8.18227
-7.52206	7.73395
-7.50934	7.81451
-7.5615	7.53212
-7.52336	7.71715
-7.558	7.52047
-7.63098	7.09472
-7.63898	7.04825
-7.63282	7.11159
-7.62241	7.20625
-7.64838	7.05449
-7.60125	7.33212
-7.57958	7.42976
-7.58747	7.39585
-7.68452	6.82208
-7.64005	7.078
-7.61706	7.1978
-7.63649	7.07395
-7.67854	6.82637
-7.70951	6.662
-7.6138	7.20797
-7.6527	7.00099
-7.65267	7.00553
-7.5616	7.49593
-7.56431	7.49054
-7.50682	7.89652
-7.52339	7.77371
-7.44663	8.18233
-7.50164	7.86784
-7.50321	7.86422
-7.50992	7.80483
-7.49797	7.90043
-7.53302	7.69925
-7.44475	8.18101
-7.46715	8.03933
-7.51128	7.74817
-7.48637	7.89112
-7.49416	7.88011
-7.44398	8.15581
-7.4146	8.31715
-7.49697	7.84974
-7.44593	8.1478
-7.36789	8.58894
-7.33648	8.78643
-7.33919	8.7684
-7.3406	8.78078
-7.43802	8.22117
-7.43068	8.23184
-7.56828	7.44924
-7.53412	7.66074
-7.48746	7.95171
-7.48796	7.90984
-7.46908	8.01636
-7.44912	8.13925
-7.46037	8.08592
-7.39456	8.41711
-7.44932	8.11033
-7.56452	7.47678
-7.50781	7.80961
-7.49064	7.88357
-7.51497	7.74969
-7.48748	7.91895
-7.52793	7.70016
-7.54913	7.5752
-7.57377	7.44304
-7.54824	7.59746
-7.59702	7.33961
-7.51174	7.82287
-7.48238	7.95583
-7.42671	8.27157
-7.42993	8.22855
-7.43459	8.20599
-7.48848	7.93321
-7.5273	7.73406
-7.55957	7.57189
-7.65398	7.02363
-7.59645	7.34227
-7.59981	7.30926
-7.54315	7.61566
-7.46602	8.06584
-7.47817	8.01288
-7.46533	8.04237
-7.46686	8.03942
-7.44329	8.13432
-7.45758	8.07868
-7.3949	8.42132
-7.35652	8.63794
-7.40284	8.34082
-7.46442	8.06483
-7.42817	8.2317
-7.3191	8.84094
-7.33168	8.75957
-7.34875	8.64914
-7.38338	8.46436
-7.41582	8.2742
-7.37395	8.55508
-7.44993	8.12722
-7.39562	8.42818
-7.40325	8.37485
-7.41336	8.3168
-7.39418	8.427
-7.33951	8.74679
-7.35178	8.65722
-7.43336	8.20456
-7.48189	7.92454
-7.45082	8.11888
-7.49973	7.85709
-7.4757	7.99812
-7.47479	8.01101
-7.4416	8.16801
-7.46189	8.02537
-7.50415	7.79529
-7.5309	7.64216
-7.5919	7.35075
-7.56012	7.53571
-7.65064	7.07683
-7.64619	7.08367
-7.61742	7.25424
-7.50683	7.88796
-7.53927	7.69516
-7.51163	7.83929
-7.5202	7.7508
-7.49824	7.87986
-7.52578	7.70958
-7.54566	7.5996
-7.61688	7.2379
-7.66995	6.92353
-7.60003	7.29811
-7.5923	7.34708
-7.61872	7.16873
-7.62163	7.16235
-7.60081	7.26517
-7.60354	7.27804
-7.59944	7.29977
-7.59811	7.28811
-7.64447	7.0664
-7.62645	7.17754
-7.58048	7.43881
-7.52001	7.76059
-7.57445	7.45502
-7.54208	7.62561
-7.56687	7.47964
-7.49463	7.84804
-7.39419	8.41917
-7.3664	8.56545
-7.49773	7.87569
-7.5175	7.77262
-7.53628	7.65379
-7.61442	7.20803
-7.64322	7.03406
-7.62495	7.12791
-7.60577	7.27491
-7.66549	6.95347
-7.57325	7.4744
-7.56538	7.50454
-7.5035	7.85048
-7.59592	7.3198
-7.60819	7.25626
-7.60928	7.25264
-7.66765	6.93582
-7.51192	7.8203
-7.53439	7.68992
-7.47226	8.00862
-7.47679	7.95984
-7.50348	7.793
-7.50577	7.77332
-7.53266	7.67118
-7.58119	7.39302
-7.54153	7.64328
-7.45299	8.13917
-7.42511	8.30976
-7.49675	7.92221
-7.48579	7.99914
-7.53959	7.65962
-7.58417	7.4123
-7.64141	7.09325
-7.63225	7.12056
-7.6524	7.00214
-7.66517	6.95021
-7.73647	6.5453
-7.70914	6.7185
-7.65394	7.00692
-7.61504	7.22029
-7.6286	7.13117
-7.6034	7.31948
-7.52984	7.70499
-7.55774	7.53064
-7.62255	7.13082
-7.65251	6.97751
-7.65182	7.00046
-7.60093	7.29635
-7.52751	7.68873
-7.544	7.58542
-7.61109	7.24032
-7.57121	7.48538
-7.51419	7.8314
-7.6087	7.27041
-7.54593	7.6124
-7.57584	7.44992
-7.59778	7.30779
-7.59919	7.27878
-7.62986	7.1341
-7.62977	7.13545
-7.67007	6.90221
-7.56523	7.47077
-7.63636	7.08827
-7.64672	6.99619
-7.65242	7.00493
-7.62624	7.13087
-7.55276	7.52112
-7.51678	7.72083
-7.47237	8.00538
-7.42285	8.28516
-7.47651	7.98692
-7.46938	8.00475
-7.44421	8.12803
-7.53379	7.61958
-7.55533	7.51504
-7.5607	7.48098
-7.57532	7.3683
-7.47174	7.91711
-7.54862	7.49912
-7.58158	7.31407
-7.64698	6.97515
-7.62736	7.09134
-7.58468	7.32595
-7.53414	7.62008
-7.55757	7.50603
-7.50958	7.7812
-7.55669	7.533
-7.57486	7.43636
-7.56812	7.48384
-7.54086	7.59045
-7.55607	7.51928
-7.52802	7.67722
-7.58498	7.37025
-7.51973	7.73503
-7.45212	8.08709
-7.35466	8.64845
-7.29975	8.95051
-7.25252	9.16674
-7.32449	8.75015
-7.32257	8.79086
-7.42543	8.2421
-7.40188	8.37964
-7.41031	8.30072
-7.43984	8.13131
-7.43739	8.16301
-7.42371	8.2489
-7.4808	7.94923
-7.46002	8.0501
-7.44568	8.13907
-7.4148	8.30378
-7.47605	7.97087
-7.43954	8.1815
-7.46591	8.03876
-7.51627	7.79377
-7.4925	7.909
-7.52867	7.70848
-7.52771	7.69011
-7.59089	7.34644
-7.57832	7.4697
-7.59329	7.35523
-7.63495	7.10124
-7.60634	7.2735
-7.59567	7.31866
-7.58996	7.36936
-7.54308	7.64838
-7.56876	7.50116
-7.55845	7.52927
-7.5287	7.72273
-7.56664	7.52871
-7.57484	7.48737
-7.60014	7.32827
-7.53258	7.71638
-7.53333	7.72628
-7.52705	7.74875
-7.51894	7.81472
-7.57354	7.47483
-7.61353	7.22423
-7.62917	7.15735
-7.56328	7.53197
-7.59714	7.34692
-7.55557	7.57474
-7.53566	7.6978
-7.60609	7.27625
-7.63123	7.11993
-7.58072	7.39304
-7.53998	7.62772
-7.54953	7.57747
-7.4699	8.02728
-7.41766	8.29355
-7.46649	8.00805
-7.51528	7.73388
-7.45771	8.0479
-7.47743	7.93911
-7.42494	8.20958
-7.39535	8.39833
-7.37555	8.49441
-7.45701	8.00729
-7.44731	8.12305
-7.35299	8.6723
-7.30809	8.93888
-7.35799	8.64972
-7.36057	8.64892
-7.36016	8.62803
-7.40516	8.37276
-7.40231	8.3769
-7.37991	8.48066
-7.34685	8.66739
-7.38425	8.49274
-7.4915	7.89654
-7.42387	8.26336
-7.51133	7.77269
-7.44854	8.1354
-7.39577	8.40208
-7.42585	8.26094
-7.44344	8.18646
-7.50391	7.82692
-7.50097	7.85198
-7.49071	7.90499
-7.47187	8.00336
-7.4018	8.37107
-7.49381	7.85891
-7.40731	8.33616
-7.39538	8.38819
-7.37015	8.51649
-7.35	8.6107
-7.39372	8.40033
-7.32039	8.82284
-7.40016	8.41936
-7.32073	8.85749
-7.37356	8.59559
-7.43699	8.22194
-7.44321	8.14447
-7.43449	8.22223
-7.46519	8.04867
-7.43872	8.18746
-7.42353	8.27756
-7.47318	8.05122
-7.50087	7.87918
-7.58835	7.40845
-7.4786	7.95637
-7.4446	8.1775
-7.44695	8.13786
-7.45734	8.07945
-7.40724	8.34841
-7.55291	7.54413
-7.62121	7.17178
-7.59996	7.27618
-7.60967	7.23969
-7.64895	7.04727
-7.65285	7.05291
-7.63854	7.10701
-7.60326	7.30761
-7.57247	7.47627
-7.60796	7.28003
-7.66001	7.00281
-7.57222	7.49135
-7.55004	7.57735
-7.61185	7.24564
-7.58345	7.40137
-7.55439	7.53881
-7.51924	7.72957
-7.55456	7.54092
-7.60081	7.2733
-7.60227	7.28786
-7.53276	7.71945
-7.59206	7.38361
-7.51041	7.81133
-7.52561	7.71242
-7.45193	8.11188
-7.44339	8.13707
-7.5308	7.65264
-7.4862	7.91533
-7.48698	7.87737
-7.49511	7.85768
-7.54482	7.58428
-7.53727	7.64077
-7.48573	7.94502
-7.48715	7.94095
-7.46732	8.02127
-7.54726	7.58609
-7.56216	7.50482
-7.50959	7.79741
-7.5089	7.7812
-7.5291	7.67023
-7.53353	7.60584
-7.4778	7.92313
-7.47238	7.94854
-7.45678	8.02285
-7.46419	8.00835
-7.47027	7.98497
-7.50287	7.80707
-7.43553	8.19385
-7.37254	8.55075
-7.38327	8.45639
-7.42203	8.23815
-7.40626	8.34176
-7.37434	8.52755
-7.36059	8.57807
-7.37188	8.52251
-7.41405	8.29009
-7.46369	7.98987
-7.52031	7.67595
-7.59656	7.28666
-7.59848	7.30633
-7.50541	7.80144
-7.45905	8.03332
-7.49929	7.79484
-7.56252	7.44373
-7.57064	7.3978
-7.52538	7.65505
-7.58022	7.36298
-7.62502	7.12743
-7.59159	7.30931
-7.57028	7.41723
-7.55813	7.4657
-7.54358	7.53673
-7.53551	7.60458
-7.50946	7.75015
-7.46537	7.9876
-7.49246	7.8615
-7.50778	7.80476
-7.41838	8.29048
-7.40319	8.35781
-7.40555	8.35061
-7.36531	8.55611
-7.43071	8.21183
-7.49948	7.82441
-7.57272	7.38957
-7.60549	7.19897
-7.55206	7.53237
-7.57994	7.3653
-7.55369	7.51645
-7.4394	8.1352
-7.55764	7.52077
-7.44372	8.15948
-7.39197	8.44957
-7.39625	8.4284
-7.48012	7.96246
-7.52231	7.69431
-7.49777	7.8587
-7.57781	7.3991
-7.63672	7.07655
-7.66564	6.92995
-7.70653	6.69521
-7.65467	6.95136
-7.67149	6.8788
-7.64736	7.01609
-7.65264	6.97494
-7.62656	7.09608
-7.65138	6.98811
-7.71994	6.60682
-7.61958	7.14362
-7.56673	7.45795
-7.53103	7.66223
-7.54344	7.57528
-7.67019	6.85171
-7.59752	7.25426
-7.55324	7.51846
-7.55578	7.53605
-7.57208	7.44285
-7.52124	7.70852
-7.64259	7.04457
-7.6148	7.18927
-7.56322	7.48417
-7.54114	7.61808
-7.54505	7.57698
-7.59174	7.34823
-7.59343	7.34272
-7.64432	7.08454
-7.66453	6.95302
-7.68187	6.87364
-7.72421	6.62
-7.74407	6.50575
-7.6553	6.97535
-7.73516	6.53003
-7.6829	6.82223
-7.66589	6.909
-7.60721	7.23519
-7.62766	7.1135
-7.58646	7.34149
-7.527	7.71626
-7.565	7.49364
-7.61418	7.19993
-7.60252	7.29508
-7.65676	7.00759
-7.64898	7.04007
-7.657	6.99263
-7.6291	7.20458
-7.6572	7.03985
-7.54638	7.63611
-7.54454	7.622
-7.56086	7.52846
-7.56877	7.509
-7.60638	7.32758
-7.60075	7.33424
-7.57988	7.47046
-7.56846	7.50854
-7.57364	7.47447
-7.58175	7.4158
-7.5642	7.4496
-7.52943	7.6824
-7.57673	7.42652
-7.62247	7.17597
-7.54693	7.58961
-7.51524	7.78018
-7.55877	7.51199
-7.58273	7.39343
-7.57631	7.44001
-7.60691	7.25643
-7.54751	7.56087
-7.59927	7.30189
-7.62283	7.15859
-7.65132	7.01088
-7.5669	7.46477
-7.61337	7.25346
-7.55283	7.62938
-7.52031	7.81147
-7.44625	8.21946
-7.51258	7.8399
-7.47606	8.03519
-7.49477	7.94845
-7.55376	7.6015
-7.6477	7.08284
-7.61595	7.22617
-7.58528	7.36859
-7.5633	7.46907
-7.56236	7.51199
-7.56287	7.49825
-7.52205	7.70583
-7.56634	7.44786
-7.5824	7.35357
-7.51369	7.70952
-7.56308	7.47769
-7.58516	7.35987
-7.5597	7.52731
-7.54606	7.63993
-7.55167	7.61137
-7.5625	7.54366
-7.6571	7.00093
-7.64848	7.07705
-7.56325	7.52669
-7.49685	7.85634
-7.47935	7.94462
-7.50228	7.82302
-7.53611	7.63694
-7.62603	7.12771
-7.62529	7.15018
-7.67147	6.89358
-7.62089	7.16384
-7.58162	7.38664
-7.49263	7.86619
-7.48304	7.94852
-7.48348	7.96134
-7.38157	8.56793
-7.40763	8.40409
-7.39155	8.43898
-7.40242	8.39915
-7.46483	8.06851
-7.47562	7.98497
-7.46138	8.04759
-7.48278	7.90983
-7.48682	7.92489
-7.46548	8.02839
-7.42699	8.26088
-7.46075	8.11189
-7.45836	8.1657
-7.46123	8.12638
-7.3821	8.54658
-7.3849	8.50372
-7.43739	8.24618
-7.43047	8.26078
-7.4918	7.92096
-7.51637	7.76756
-7.43368	8.2227
-7.4155	8.33124
-7.31242	8.87041
-7.39818	8.4288
-7.44548	8.16298
-7.4175	8.31938
-7.49162	7.89002
-7.46248	8.02062
-7.40166	8.36553
-7.44956	8.09671
-7.55704	7.51738
-7.5577	7.5007
-7.52928	7.65629
-7.4933	7.88129
-7.45075	8.11825
-7.46356	8.05165
-7.46517	8.02002
-7.49564	7.8375
-7.42752	8.21151
-7.42572	8.24245
-7.44879	8.1532
-7.34987	8.71372
-7.38916	8.47227
-7.40502	8.38462
-7.44352	8.19242
-7.39684	8.47523
-7.52392	7.75
-7.5142	7.78624
-7.48286	7.91293
-7.45639	8.06361
-7.5082	7.77205
-7.54033	7.5962
-7.53083	7.64606
-7.513	7.7461
-7.49852	7.84069
-7.44657	8.1442
-7.45297	8.10468
-7.47227	7.98294
-7.52368	7.70074
-7.5065	7.8084
-7.49789	7.82073
-7.57879	7.37232
-7.54268	7.56195
-7.62132	7.15102
-7.48453	7.92048
-7.47166	7.96903
-7.44261	8.11467
-7.41823	8.28936
-7.48827	7.90517
-7.41876	8.26777
-7.46162	8.04753
-7.53698	7.63286
-7.59622	7.31032
-7.58262	7.35339
-7.56417	7.46234
-7.60613	7.25111
-7.55619	7.51764
-7.44896	8.15793
-7.38618	8.46402
-7.45231	8.09689
-7.51709	7.72372
-7.46053	8.04925
-7.38529	8.48008
-7.32989	8.77544
-7.34837	8.71426
-7.33996	8.78536
-7.3341	8.82196
-7.40992	8.39516
-7.46352	8.08429
-7.42682	8.26649
-7.35158	8.70087
-7.35796	8.67249
-7.32232	8.86881
-7.31382	8.90165
-7.31423	8.88634
-7.26273	9.18335
-7.30902	8.93379
-7.29859	9.00587
-7.26119	9.25421
-7.26972	9.17547
-7.36571	8.64274
-7.28341	9.06694
-7.25574	9.19217
-7.28846	9.01887
-7.24799	9.26197
-7.32408	8.84201
-7.38069	8.53435
-7.3598	8.67852
-7.38588	8.57684
-7.2906	9.03084
-7.34899	8.72427
-7.34707	8.74121
-7.37172	8.60292
-7.31249	8.92298
-7.31073	8.92547
-7.42899	8.24885
-7.41341	8.31496
-7.42649	8.2754
-7.51173	7.80087
-7.50671	7.79069
-7.53403	7.62486
-7.49409	7.86991
-7.50049	7.85571
-7.45248	8.12808
-7.49205	7.90456
-7.45932	8.06855
-7.44956	8.13328
-7.44751	8.16034
-7.44888	8.1652
-7.46703	8.05091
-7.55727	7.56575
-7.51391	7.80953
-7.59083	7.37917
-7.58181	7.42641
-7.61376	7.24815
-7.60726	7.28306
-7.60193	7.34108
-7.52091	7.78904
-7.57532	7.48789
-7.5911	7.40176
-7.64023	7.08912
-7.56384	7.50813
-7.54742	7.58558
-7.59387	7.36101
-7.69457	6.78288
-7.65513	6.99496
-7.6142	7.24329
-7.54164	7.63613
-7.62533	7.16289
-7.6169	7.19113
-7.49741	7.80963
-7.53612	7.60332
-7.56173	7.48325
-7.54165	7.59221
-7.54495	7.57512
-7.60091	7.26966
-7.56276	7.49991
-7.54634	7.58687
-7.54156	7.63045
-7.54866	7.58444
-7.56672	7.46138
-7.55158	7.55422
-7.58585	7.35737
-7.59371	7.37589
-7.60249	7.31582
-7.45288	8.1219
-7.44474	8.14711
-7.50704	7.80222
-7.52206	7.72315
-7.40335	8.35807
-7.50993	7.76537
-7.48665	7.91416
-7.52972	7.70769
-7.54065	7.64265
-7.52195	7.71692
-7.60587	7.25567
-7.62829	7.12583
-7.62987	7.12297
-7.624	7.13593
-7.62675	7.1514
-7.60029	7.29638
-7.61705	7.20537
-7.59521	7.32883
-7.59706	7.31862
-7.66339	6.94383
-7.71197	6.67734
-7.76176	6.39205
-7.71806	6.64265
-7.65645	6.9713
-7.663	6.95275
-7.52822	7.68772
-7.52583	7.7133
-7.45729	8.09783
-7.48796	7.90457
-7.47994	7.97915
-7.50037	7.87153
-7.48309	7.96452
-7.51683	7.76987
-7.50305	7.80454
-7.40948	8.29447
-7.42869	8.2145
-7.47764	7.95416
-7.54178	7.60657
-7.49777	7.86769
-7.43057	8.19607
-7.48642	7.92654
-7.49908	7.84159
-7.50365	7.83753
-7.46782	8.04991
-7.49476	7.91984
-7.50165	7.88603
-7.51973	7.78931
-7.56821	7.49755
-7.47654	8.00992
-7.48499	7.9179
-7.50411	7.8577
-7.55732	7.55318
-7.54043	7.65922
-7.52122	7.73687
-7.49999	7.82324
-7.5442	7.59273
-7.58384	7.42274
-7.62249	7.16022
-7.6635	6.94925
-7.57011	7.46278
-7.62505	7.18555
-7.57997	7.42813
-7.59115	7.35771
-7.49283	7.87534
-7.45172	8.0811
-7.53697	7.58259
-7.45199	8.07209
-7.49754	7.86124
-7.47083	8.00943
-7.50512	7.82536
-7.55074	7.58315
-7.52632	7.68802
-7.56602	7.46938
-7.52265	7.71028
-7.53645	7.6141
-7.5159	7.75731
-7.45474	8.07416
-7.46826	8.00639
-7.41615	8.29768
-7.46122	8.04419
-7.45059	8.10588
-7.52559	7.73549
-7.52135	7.74726
-7.4224	8.30513
-7.35627	8.67213
-7.36854	8.61298
-7.36641	8.59481
-7.45614	8.11506
-7.51991	7.75455
-7.55111	7.56594
-7.59494	7.35785
-7.48322	7.97929
-7.43673	8.25162
-7.4057	8.40795
-7.4001	8.40022
-7.44627	8.18012
-7.48194	7.98579
-7.43241	8.25583
-7.40757	8.36282
-7.38118	8.48207
-7.38011	8.51007
-7.38091	8.4904
-7.34304	8.71203
-7.36931	8.58274
-7.48129	7.96317
-7.52477	7.6966
-7.52093	7.71984
-7.55799	7.51186
-7.61325	7.22332
-7.66462	6.9206
-7.64419	7.02306
-7.60268	7.23712
-7.57649	7.37175
-7.52778	7.6215
-7.56827	7.43248
-7.49064	7.85581
-7.48501	7.86981
-7.42041	8.21049
-7.42552	8.19614
-7.49674	7.83423
-7.44318	8.15002
-7.40623	8.32046
-7.44095	8.13738
-7.52594	7.66533
-7.56304	7.46179
-7.51216	7.75176
-7.46394	7.99246
-7.46378	8.02471
-7.47769	7.92085
-7.53433	7.5918
-7.52098	7.68047
-7.48906	7.83598
-7.47895	7.89723
-7.50463	7.76114
-7.43026	8.13287
-7.49367	7.80721
-7.57724	7.36011
-7.64152	6.9984
-7.63601	7.05701
-7.60214	7.25882
-7.61817	7.17792
-7.60552	7.26308
-7.567	7.49912
-7.55901	7.52444
-7.52812	7.72427
-7.55354	7.5873
-7.70715	6.6961
-7.62536	7.13611
-7.59841	7.28705
-7.6548	7.00548
-7.64992	7.03341
-7.57015	7.46823
-7.56978	7.47333
-7.62356	7.14032
-7.65234	7.01148
-7.68038	6.8521
-7.65889	6.99896
-7.66884	6.96486
-7.6752	6.90186
-7.58955	7.34844
-7.60851	7.21083
-7.57821	7.36752
-7.59754	7.2812
-7.55542	7.54323
-7.54389	7.61759
-7.5502	7.53002
-7.55569	7.53697
-7.58151	7.37573
-7.61876	7.1937
-7.60827	7.26105
-7.5908	7.40591
-7.56004	7.55557
-7.48789	7.94696
-7.48738	7.99337
-7.45129	8.16451
-7.44353	8.20297
-7.48713	7.96831
-7.5522	7.57654
-7.60812	7.26738
-7.68305	6.85301
-7.61839	7.19456
-7.63021	7.11902
-7.5655	7.46973
-7.56119	7.51659
-7.61065	7.22958
-7.6009	7.26519
-7.60713	7.27179
-7.61106	7.23762
-7.57281	7.4413
-7.5779	7.40073
-7.56589	7.45288
-7.55569	7.53363
-7.58487	7.3879
-7.63274	7.13791
-7.68113	6.85726
-7.63511	7.11296
-7.55358	7.57782
-7.6124	7.22802
-7.65777	6.97967
-7.7004	6.75504
-7.73814	6.52944
-7.7837	6.29505
-7.72351	6.63285
-7.75925	6.43426
-7.67596	6.88018
-7.58006	7.42402
-7.52268	7.75568
-7.54015	7.63161
-7.62817	7.17428
-7.64932	7.03897
-7.64192	7.0361
-7.64003	7.00854
-7.6513	6.9501
-7.63349	7.07157
-7.70895	6.69915
-7.63578	7.08423
-7.63567	7.07479
-7.62743	7.12579
-7.59294	7.288
-7.5451	7.58834
-7.52772	7.67805
-7.59283	7.35439
-7.65406	7.00387
-7.66589	6.95498
-7.71876	6.66772
-7.70446	6.72659
-7.67225	6.88984
-7.69681	6.73767
-7.72486	6.5792
-7.73875	6.51081
-7.74394	6.4776
-7.74467	6.49542
-7.76677	6.3536
-7.70638	6.6596
-7.61124	7.21697
-7.61738	7.18826
-7.57212	7.44087
-7.53657	7.62759
-7.62682	7.1192
-7.58845	7.30342
-7.52846	7.70316
-7.54049	7.6162
-7.56249	7.49524
-7.51606	7.75067
-7.55433	7.53602
-7.58853	7.30211
-7.60143	7.22226
-7.59734	7.23838
-7.68611	6.78138
-7.6541	7.00123
-7.67284	6.88046
-7.67795	6.87407
-7.67883	6.86688
-7.69623	6.76669
-7.71757	6.64517
-7.65478	6.98643
-7.70242	6.71462
-7.72741	6.56609
-7.66382	6.91065
-7.60115	7.25986
-7.63875	7.06974
-7.57799	7.38091
-7.65527	6.95923
-7.63965	7.04557
-7.6603	6.90172
-7.60576	7.26017
-7.63771	7.08979
-7.56391	7.50139
-7.55177	7.57638
-7.52156	7.75049
-7.58094	7.39467
-7.60371	7.28222
-7.58191	7.43061
-7.60537	7.29717
-7.61145	7.272
-7.60665	7.28844
-7.62702	7.15248
-7.59302	7.33051
-7.54602	7.58249
-7.57135	7.42337
-7.59531	7.31665
-7.53916	7.61612
-7.52411	7.69566
-7.56895	7.4675
-7.60125	7.30423
-7.51409	7.7859
-7.54883	7.56683
-7.58442	7.32787
-7.53316	7.65601
-7.57186	7.45387
-7.61394	7.19623
-7.58075	7.40239
-7.56477	7.45846
-7.53103	7.67226
-7.55435	7.54702
-7.48715	7.86629
-7.48373	7.89229
-7.46449	8.01616
-7.58945	7.31833
-7.6009	7.2623
-7.66901	6.86307
-7.66804	6.88721
-7.62957	7.0839
-7.60432	7.22124
-7.59097	7.30722
-7.59505	7.30218
-7.52616	7.68363
-7.59194	7.30029
-7.516	7.74699
-7.54289	7.60541
-7.46997	8.04821
-7.49833	7.88237
-7.58554	7.38795
-7.60603	7.2343
-7.4917	7.86973
-7.56257	7.49113
-7.61865	7.16508
-7.61782	7.14843
-7.65058	7.00142
-7.56115	7.48572
-7.46421	8.00073
-7.4724	7.99203
-7.52287	7.69786
-7.5246	7.7035
-7.44951	8.10868
-7.45187	8.0771
-7.56183	7.49235
-7.5866	7.34393
-7.5619	7.48133
-7.49117	7.87662
-7.35869	8.63362
-7.42497	8.25922
-7.40878	8.35501
-7.30035	8.99766
-7.40152	8.38214
-7.43047	8.21961
-7.45118	8.10841
-7.40535	8.37206
-7.38501	8.48736
-7.35321	8.66969
-7.37478	8.55725
-7.5	7.85952
-7.46493	8.0213
-7.46795	8.04387
-7.46614	8.03574
-7.55723	7.52582
-7.56276	7.48499
-7.53688	7.65355
-7.47887	8.00509
-7.46882	8.04964
-7.42766	8.24268
-7.49663	7.85143
-7.43799	8.20303
-7.51592	7.80007
-7.54573	7.58219
-7.55058	7.54956
-7.59626	7.30268
-7.66915	6.88336
-7.63776	7.08613
-7.61368	7.19685
-7.59204	7.31547
-7.60982	7.24554
-7.61118	7.24166
-7.60458	7.24159
-7.55212	7.51575
-7.55138	7.543
-7.56601	7.47441
-7.61389	7.23421
-7.60687	7.27122
-7.57897	7.41114
-7.51795	7.78725
-7.47799	8.00108
-7.49144	7.88869
-7.49186	7.8598
-7.56129	7.49989
-7.64627	7.02262
-7.67416	6.85242
-7.66341	6.90273
-7.62395	7.15141
-7.69739	6.73709
-7.74588	6.47111
-7.74175	6.50111
-7.74702	6.46365
-7.71461	6.66782
-7.72129	6.63789
-7.64375	7.05159
-7.65466	6.97815
-7.62648	7.13307
-7.61153	7.25756
-7.64188	7.09074
-7.64399	7.0923
-7.53359	7.68594
-7.43345	8.25446
-7.53392	7.64157
-7.55531	7.5352
-7.54629	7.59822
-7.52494	7.70747
-7.44362	8.16042
-7.48218	7.93136
-7.57052	7.42803
-7.52451	7.70109
-7.55358	7.55991
-7.61245	7.21826
-7.53143	7.66079
-7.57919	7.41002
-7.57648	7.42097
-7.48267	7.95283
-7.40356	8.39046
-7.3896	8.47787
-7.27262	9.11384
-7.30071	8.90577
-7.3298	8.80684
-7.39081	8.4881
-7.3926	8.47484
-7.47576	7.9744
-7.459	8.08672
-7.48942	7.89756
-7.51372	7.74896
-7.50608	7.82967
-7.50372	7.83612
-7.41474	8.2979
-7.46455	8.03892
-7.44719	8.16406
-7.43004	8.25896
-7.49175	7.89033
-7.50855	7.79345
-7.44476	8.15614
-7.47462	7.96456
-7.38706	8.48262
-7.4736	7.97021
-7.51309	7.73374
-7.4989	7.82252
-7.46856	7.99577
-7.41677	8.29088
-7.51597	7.78001
-7.45068	8.15172
-7.53916	7.67896
-7.62172	7.1815
-7.72577	6.57497
-7.62307	7.1837
-7.59176	7.36659
-7.50742	7.84673
-7.5275	7.70489
-7.59775	7.2982
-7.59417	7.3499
-7.61858	7.21418
-7.59626	7.3474
-7.57554	7.48235
-7.54764	7.60855
-7.47573	8.00614
-7.48217	7.95568
-7.55998	7.54642
-7.54442	7.61573
-7.5886	7.3663
-7.56979	7.45652
-7.49924	7.84608
-7.56027	7.52625
-7.65371	7.02845
-7.59905	7.34196
-7.62798	7.14565
-7.59611	7.3287
-7.67876	6.85414
-7.70861	6.68211
-7.66266	6.93973
-7.6051	7.26976
-7.65244	6.98146
-7.66736	6.89144
-7.61573	7.2059
-7.50676	7.79336
-7.46044	8.05658
-7.46032	8.04085
-7.50744	7.80883
-7.5398	7.64031
-7.56554	7.47409
-7.49129	7.8948
-7.54599	7.57024
-7.52523	7.64817
-7.53053	7.66441
-7.53008	7.62966
-7.48099	7.89406
-7.42952	8.21875
-7.47028	8.01554
-7.50277	7.84016
-7.46762	8.05384
-7.58171	7.43841
-7.61109	7.26481
-7.70229	6.76797
-7.636	7.10812
-7.61598	7.22339
-7.53741	7.65041
-7.51645	7.78782
-7.58402	7.41599
-7.55948	7.5708
-7.55696	7.59139
-7.57462	7.53637
-7.57307	7.52133
-7.59937	7.35047
-7.64917	7.08723
-7.67574	6.94149
-7.71041	6.72535
-7.57689	7.44192
-7.68666	6.83331
-7.62109	7.20958
-7.59374	7.33481
-7.60367	7.26293
-7.56393	7.47157
-7.50043	7.86458
-7.62321	7.18348
-7.60669	7.26575
-7.57677	7.42922
-7.58178	7.38894
-7.62071	7.15493
-7.59191	7.34253
-7.59606	7.30971
-7.57706	7.41064
-7.5724	7.40952
-7.62212	7.12608
-7.61692	7.17127
-7.62617	7.1369
-7.65747	6.94099
-7.7178	6.60692
-7.716	6.64721
-7.71108	6.66367
-7.75068	6.46758
-7.70293	6.71814
-7.65985	6.97193
-7.63294	7.12155
-7.62127	7.19082
-7.65486	6.99755
-7.60638	7.26226
-7.52583	7.69592
-7.4567	8.0848
-7.53757	7.62736
-7.59767	7.31673
-7.6159	7.22631
-7.5997	7.30813
-7.61574	7.19516
-7.58551	7.38954
-7.60111	7.29453
-7.6528	7.02068
-7.61917	7.21159
-7.65966	6.976
-7.60509	7.23761
-7.5401	7.57743
-7.57497	7.39366
-7.61281	7.18865
-7.62124	7.14349
-7.52586	7.73713
-7.55755	7.53308
-7.59181	7.34413
-7.51734	7.77127
-7.50637	7.78062
-7.54442	7.56347
-7.56391	7.43715
-7.60189	7.22389
-7.5886	7.30446
-7.61126	7.20516
-7.53986	7.6187
-7.50094	7.83404
-7.49588	7.8821
-7.49323	7.90222
-7.47055	8.05199
-7.36239	8.65035
-7.46162	8.11737
-7.40313	8.40552
-7.38516	8.49063
-7.45387	8.18608
-7.40018	8.47335
-7.42527	8.35916
-7.37642	8.60717
-7.34964	8.75885
-7.33199	8.81672
-7.2801	9.09564
-7.29981	8.98131
-7.43282	8.27232
-7.51072	7.85965
-7.53882	7.70207
-7.53488	7.71592
-7.46931	8.07183
-7.44209	8.25353
-7.43708	8.28827
-7.44682	8.22583
-7.5251	7.76511
-7.51947	7.76396
-7.50766	7.85451
-7.50969	7.8465
-7.58188	7.42795
-7.62096	7.18909
-7.61854	7.22811
-7.53891	7.69356
-7.53676	7.71492
-7.57607	7.50167
-7.56787	7.5199
-7.55844	7.57672
-7.50262	7.883
-7.4905	7.94018
-7.5411	7.65328
-7.55773	7.52648
-7.57713	7.42594
-7.59435	7.36554
-7.53481	7.69648
-7.47858	8.00101
-7.49443	7.88178
-7.51289	7.77303
-7.50955	7.77211
-7.4973	7.8748
-7.40007	8.44919
-7.46667	8.06082
-7.46166	8.07358
-7.54158	7.62287
-7.50784	7.79918
-7.50583	7.85441
-7.5245	7.73619
-7.56218	7.56611
-7.57739	7.46685
-7.59895	7.37294
-7.58055	7.45121
-7.62239	7.2194
-7.63272	7.1407
-7.60943	7.2425
-7.66287	6.96906
-7.62406	7.16192
-7.5858	7.38871
-7.70655	6.70818
-7.68234	6.80298
-7.63658	7.08925
-7.63446	7.11393
-7.65479	6.98171
-7.64381	7.08063
-7.66892	6.94545
-7.63228	7.17069
-7.55421	7.58817
-7.54966	7.56123
-7.55483	7.54226
-7.55551	7.56033
-7.53092	7.70136
-7.44938	8.1621
-7.53485	7.6744
-7.54285	7.64405
-7.5522	7.57694
-7.50316	7.84161
-7.53894	7.64956
-7.55485	7.55194
-7.60875	7.2441
-7.62988	7.13219
-7.62089	7.17233
-7.63798	7.08041
-7.63536	7.09985
-7.66724	6.97551
-7.74981	6.50333
-7.75958	6.43294
-7.75417	6.42484
-7.7364	6.50806
-7.7121	6.65657
-7.7004	6.73143
-7.63339	7.12826
-7.54904	7.59528
-7.55794	7.52718
-7.47738	7.99223
-7.532	7.68957
-7.5044	7.83099
-7.54796	7.57775
-7.52977	7.6662
-7.54885	7.58277
-7.57831	7.43092
-7.56719	7.47699
-7.50313	7.81755
-7.51039	7.80688
-7.58917	7.37754
-7.58528	7.3811
-7.50498	7.8154
-7.51491	7.7711
-7.52086	7.72385
-7.52967	7.70379
-7.49917	7.87474
-7.51912	7.75018
-7.54734	7.572
-7.56182	7.49781
-7.6165	7.23002
-7.66245	6.99578
-7.56739	7.51732
-7.52377	7.7559
-7.52855	7.7372
-7.38364	8.51341
-7.42991	8.24869
-7.36448	8.62802
-7.38788	8.48605
-7.39485	8.42033
-7.50027	7.86075
-7.46738	8.07319
-7.42183	8.28731
-7.4546	8.09724
-7.55288	7.54885
-7.57099	7.46201
-7.49974	7.85662
-7.47379	8.02326
-7.48556	7.94025
-7.5272	7.68736
-7.46801	8.03637
-7.46591	8.03681
-7.57236	7.4171
-7.58726	7.32244
-7.60566	7.18742
-7.54434	7.5361
-7.58423	7.31792
-7.4583	8.07588
-7.4742	7.98378
-7.53676	7.59885
-7.58358	7.3573
-7.58836	7.33359
-7.54255	7.57683
-7.45439	8.08872
-7.54458	7.54803
-7.49504	7.85797
-7.516	7.75396
-7.48766	7.90755
-7.40069	8.39463
-7.39976	8.39977
-7.43594	8.22744
-7.50968	7.78944
-7.46451	8.03079
-7.49877	7.85123
-7.51134	7.73786
-7.47969	7.96054
-7.50646	7.80367
-7.4771	7.97864
-7.46849	8.0324
-7.5479	7.55893
-7.58024	7.36417
-7.58613	7.32511
-7.62381	7.13561
-7.69128	6.74736
-7.65634	6.94667
-7.66001	6.94466
-7.68258	6.81064
-7.59224	7.29962
-7.61778	7.15068
-7.56705	7.4845
-7.52313	7.71281
-7.45786	8.09435
-7.44079	8.18028
-7.42502	8.23465
-7.45025	8.12259
-7.5419	7.63407
-7.61397	7.21873
-7.67965	6.86024
-7.62158	7.14431
-7.62713	7.1271
-7.62537	7.13418
-7.6003	7.27224
-7.57922	7.42039
-7.54582	7.60728
-7.54539	7.61377
-7.53904	7.60457
-7.5429	7.59089
-7.50626	7.77817
-7.52133	7.71006
-7.52913	7.67841
-7.59929	7.29951
-7.64316	7.06497
-7.63014	7.14162
-7.67508	6.90348
-7.60906	7.26924
-7.55144	7.61276
-7.62345	7.19841
-7.59766	7.33584
-7.59094	7.37191
-7.61927	7.19644
-7.68216	6.82511
-7.62095	7.14889
-7.62585	7.11464
-7.59801	7.27756
-7.60542	7.27711
-7.58469	7.36793
-7.55111	7.55127
-7.59669	7.31126
-7.6232	7.16928
-7.60587	7.28992
-7.58017	7.41741
-7.63278	7.12589
-7.59115	7.35469
-7.65179	7.03101
-7.5954	7.36123
-7.53241	7.68036
-7.53858	7.64032
-7.56073	7.53678
-7.61191	7.21767
-7.63926	7.06231
-7.63543	7.08345
-7.62736	7.12518
-7.57631	7.43907
-7.54592	7.5872
-7.50505	7.7845
-7.51309	7.77193
-7.57287	7.43145
-7.5171	7.73943
-7.50612	7.82214
-7.51556	7.78828
-7.50475	7.86097
-7.54666	7.63437
-7.50087	7.88831
-7.53408	7.68174
-7.51245	7.78726
-7.50628	7.79079
-7.62245	7.17532
-7.73661	6.52648
-7.67467	6.89279
-7.59129	7.32512
-7.63605	7.06838
-7.62445	7.15094
-7.55117	7.53138
-7.61339	7.15293
-7.51329	7.72784
-7.5555	7.52808
-7.57344	7.44958
-7.56012	7.51346
-7.5624	7.4772
-7.553	7.55376
-7.60562	7.25992
-7.62165	7.13789
-7.60727	7.22135
-7.5908	7.33888
-7.62102	7.18793
-7.57104	7.45732
-7.51663	7.7916
-7.37445	8.53819
-7.52334	7.71721
-7.53157	7.6922
-7.48813	7.9512
-7.56981	7.51392
-7.49581	7.93843
-7.53558	7.66268
-7.47938	7.96157
-7.57548	7.42262
-7.60483	7.2464
-7.61312	7.23581
-7.62327	7.23153
-7.58259	7.45708
-7.54343	7.64637
-7.55948	7.55324
-7.52191	7.76326
-7.46261	8.10169
-7.47761	8.00095
-7.52139	7.76542
-7.57196	7.4674
-7.57456	7.41981
-7.58459	7.35976
-7.58214	7.38154
-7.57961	7.3902
-7.56906	7.45648
-7.57465	7.40753
-7.51544	7.73525
-7.48288	7.9524
-7.54451	7.62712
-7.58044	7.41615
-7.561	7.50314
-7.46076	8.03312
-7.55824	7.49915
-7.5267	7.65247
-7.57073	7.43615
-7.65391	6.99272
-7.64814	7.03225
-7.55167	7.58275
-7.62519	7.19341
-7.59072	7.39561
-7.64094	7.11034
-7.63645	7.116
-7.61375	7.23795
-7.60605	7.28824
-7.60175	7.30121
-7.59923	7.33192
-7.48267	7.9965
-7.45449	8.16733
-7.46222	8.11625
-7.47632	8.00791
-7.51865	7.77982
-7.53688	7.6306
-7.5023	7.821
-7.58142	7.38963
-7.55534	7.52023
-7.63532	7.08588
-7.61339	7.22367
-7.60144	7.29813
-7.61851	7.21729
-7.64838	7.05985
-7.679	6.88011
-7.68787	6.81326
-7.64533	7.02894
-7.59995	7.28476
-7.49461	7.82109
-7.49466	7.80825
-7.58512	7.33278
-7.58312	7.34272
-7.55792	7.4765
-7.4518	8.06619
-7.49236	7.84566
-7.51523	7.71697
-7.56261	7.48789
-7.49818	7.84152
-7.55274	7.55447
-7.59413	7.2721
-7.52548	7.65038
-7.48718	7.87558
-7.44471	8.09702
-7.52944	7.61711
-7.50742	7.74396
-7.58138	7.34452
-7.59108	7.30944
-7.67372	6.86502
-7.63057	7.10912
-7.60615	7.26852
-7.62919	7.12176
-7.62183	7.21022
-7.59283	7.3809
-7.55452	7.59828
-7.5868	7.43198
-7.58162	7.40166
-7.62445	7.14058
-7.64238	7.03057
-7.59201	7.28903
-7.61012	7.20563
-7.56475	7.47631
-7.54435	7.58745
-7.60552	7.23953
-7.57479	7.42922
-7.54156	7.58116
-7.56524	7.46958
-7.48352	7.94229
-7.46025	8.0602
-7.46185	8.05914
-7.36253	8.57995
-7.39246	8.44169
-7.61778	7.1783
-7.55487	7.53871
-7.47363	7.97787
-7.47063	8.02234
-7.51846	7.7544
-7.49204	7.88037
-7.44821	8.11736
-7.47824	7.95222
-7.5355	7.64757
-7.51914	7.74941
-7.55923	7.52877
-7.52223	7.75747
-7.49168	7.92829
-7.57273	7.49478
-7.59246	7.37852
-7.52203	7.78621
-7.55197	7.60705
-7.56119	7.54492
-7.6252	7.17134
-7.5299	7.71064
-7.57297	7.45836
-7.51343	7.8143
-7.58187	7.41305
-7.66127	6.99828
-7.61326	7.25508
-7.61667	7.21131
-7.67345	6.89
-7.70721	6.7354
-7.67294	6.92068
-7.64092	7.07192
-7.6415	7.05944
-7.67579	6.87006
-7.70653	6.70814
-7.71821	6.66278
-7.6396	7.11895
-7.60495	7.32282
-7.6778	6.8912
-7.66488	6.94703
-7.67358	6.91489
-7.72702	6.61451
-7.68034	6.8569
-7.6473	7.04149
-7.58817	7.37917
-7.59281	7.37221
-7.59313	7.3844
-7.62235	7.22635
-7.58643	7.43521
-7.59079	7.39852
-7.48483	7.96227
-7.54684	7.6311
-7.56891	7.49503
-7.65187	7.04353
-7.6246	7.1647
-7.66315	6.92707
-7.71623	6.63982
-7.6302	7.12497
-7.67925	6.84671
-7.62743	7.13934
-7.60517	7.2561
-7.62139	7.1834
-7.56716	7.47635
-7.61073	7.22979
-7.58812	7.35448
-7.63952	7.05227
-7.56251	7.49704
-7.65098	7.04529
-7.62692	7.15495
-7.5327	7.67725
-7.54797	7.58794
-7.53964	7.60914
-7.56236	7.52025
-7.61774	7.21107
-7.57192	7.49152
-7.68196	6.85758
-7.61119	7.24134
-7.55118	7.58906
-7.58738	7.34616
-7.62543	7.12157
-7.56428	7.44755
-7.60141	7.26577
-7.65969	6.93298
-7.60014	7.26536
-7.55939	7.5269
-7.62074	7.16955
-7.58145	7.39299
-7.59935	7.3255
-7.63116	7.14507
-7.59366	7.35111
-7.58882	7.37191
-7.52445	7.73448
-7.47298	8.03035
-7.48178	7.96771
-7.54043	7.60685
-7.57786	7.38102
-7.57367	7.41216
-7.6082	7.2064
-7.60959	7.1896
-7.6621	6.89261
-7.60582	7.22414
-7.4417	8.12742
-7.48835	7.85541
-7.54317	7.57984
-7.60284	7.23232
-7.49769	7.83757
-7.61768	7.17553
-7.59872	7.24589
-7.60676	7.21559
-7.61846	7.16675
-7.54881	7.55138
-7.60735	7.20251
-7.59209	7.30027
-7.55234	7.53105
-7.61561	7.20416
-7.56197	7.4821
-7.62594	7.13643
-7.68145	6.83148
-7.61015	7.23842
-7.56202	7.49734
-7.48226	7.95234
-7.48144	7.96717
-7.56977	7.45192
-7.54784	7.56709
-7.50541	7.79477
-7.45036	8.10538
-7.47152	7.99849
-7.56584	7.45955
-7.51444	7.74081
-7.50188	7.78569
-7.49936	7.81248
-7.50415	7.79112
-7.46684	7.98445
-7.42691	8.21914
-7.42567	8.2604
-7.40054	8.39653
-7.34366	8.70043
-7.34962	8.63707
-7.32443	8.77654
-7.33542	8.74061
-7.37585	8.51174
-7.29444	8.97977
-7.29554	8.99512
-7.37341	8.53415
-7.36065	8.60164
-7.42585	8.25848
-7.40654	8.36288
-7.40394	8.39134
-7.35595	8.62067
-7.44652	8.14157
-7.46853	8.01802
-7.53372	7.65116
-7.48159	7.92544
-7.46856	7.99377
-7.47407	7.96766
-7.51586	7.70923
-7.48347	7.94714
-7.52293	7.70512
-7.44603	8.15304
-7.42979	8.21744
-7.39547	8.41806
-7.46893	8.02019
-7.45237	8.11834
-7.49276	7.88642
-7.50071	7.84391
-7.53082	7.67106
-7.54332	7.59996
-7.48269	7.89907
-7.46491	8.01319
-7.47284	7.96595
-7.46028	8.06478
-7.47622	7.9454
-7.39382	8.39527
-7.4246	8.22773
-7.38881	8.41804
-7.35211	8.63198
-7.39908	8.42347
-7.3191	8.86741
-7.28566	9.00397
-7.2808	9.11955
-7.31366	8.92583
-7.39344	8.52559
-7.40363	8.45385
-7.41779	8.35667
-7.41497	8.38763
-7.44515	8.21714
-7.37962	8.53395
-7.34603	8.73799
-7.36834	8.59478
-7.4091	8.3801
-7.40158	8.42108
-7.32851	8.85781
-7.27787	9.13646
-7.24224	9.31575
-7.29144	9.05172
-7.33413	8.80135
-7.40871	8.40051
-7.48406	7.93671
-7.45111	8.13733
-7.43565	8.17974
-7.39467	8.42252
-7.42893	8.24998
-7.47909	7.99849
-7.47319	7.99862
-7.47857	7.99203
-7.50661	7.84724
-7.54873	7.61315
-7.51107	7.79362
-7.4134	8.34852
-7.43916	8.19529
-7.50847	7.8389
-7.53262	7.67883
-7.48709	7.92649
-7.50775	7.76562
-7.54751	7.54669
-7.61609	7.18863
-7.55498	7.52571
-7.53885	7.60544
-7.52211	7.71794
-7.50825	7.79857
-7.60564	7.23398
-7.56767	7.46496
-7.54244	7.58519
-7.51236	7.75464
-7.42415	8.24328
-7.41859	8.30329
-7.42406	8.27287
-7.41327	8.30868
-7.43017	8.22187
-7.41803	8.29652
-7.36005	8.62036
-7.42253	8.26669
-7.45481	8.09568
-7.43452	8.247
-7.53653	7.7208
-7.50991	7.81581
-7.4908	7.91899
-7.45054	8.13301
-7.48645	7.90373
-7.46169	8.05275
-7.52257	7.71323
-7.45473	8.08782
-7.4443	8.12109
-7.46088	8.02748
-7.38277	8.49662
-7.2656	9.16865
-7.35099	8.70681
-7.33666	8.76532
-7.32573	8.81812
-7.35226	8.66054
-7.50874	7.81541
-7.55574	7.55847
-7.59696	7.30847
-7.64861	7.03998
-7.65782	6.97649
-7.65696	6.9631
-7.65745	6.9691
-7.60962	7.21291
-7.55748	7.50312
-7.55087	7.52271
-7.53469	7.63944
-7.57755	7.43785
-7.59255	7.36962
-7.55217	7.56438
-7.45602	8.09336
-7.53189	7.70189
-7.38009	8.56904
-7.43554	8.26132
-7.50268	7.88047
-7.45494	8.15236
-7.38116	8.59597
-7.4389	8.24438
-7.38944	8.47846
-7.35711	8.67304
-7.32064	8.86329
-7.32007	8.8548
-7.38597	8.49823
-7.41351	8.33209
-7.37236	8.56274
-7.41241	8.39061
-7.38007	8.56962
-7.39097	8.518
-7.46134	8.09242
-7.49181	7.95263
-7.43577	8.22231
-7.46816	8.00783
-7.48564	7.93811
-7.57322	7.44601
-7.51242	7.77074
-7.52622	7.68959
-7.52256	7.72425
-7.47415	7.97453
-7.50636	7.78604
-7.45093	8.07822
-7.36389	8.5821
-7.39324	8.44613
-7.41449	8.32429
-7.47371	8.01228
-7.47448	7.94711
-7.5034	7.79992
-7.52129	7.71121
-7.59752	7.2609
-7.55417	7.5337
-7.4989	7.82391
-7.58286	7.38662
-7.61207	7.26298
-7.58097	7.4483
-7.45292	8.14692
-7.43883	8.22994
-7.40867	8.39462
-7.4202	8.34125
-7.39176	8.47894
-7.41802	8.35644
-7.41245	8.36767
-7.43914	8.21326
-7.46546	8.05225
-7.46789	8.06679
-7.48355	7.99035
-7.57054	7.52286
-7.51432	7.80464
-7.40647	8.43636
-7.46203	8.09547
-7.51394	7.79962
-7.54154	7.64392
-7.59726	7.34872
-7.51465	7.79057
-7.56351	7.51032
-7.51567	7.7544
-7.56637	7.43599
-7.61986	7.15277
-7.61237	7.19053
-7.56575	7.44097
-7.49451	7.85589
-7.56415	7.50647
-7.60597	7.28381
-7.53885	7.66818
-7.53899	7.65958
-7.47929	7.98295
-7.48594	7.9413
-7.52999	7.70174
-7.48049	7.99602
-7.50566	7.87135
-7.5454	7.63407
-7.56589	7.51036
-7.60339	7.32627
-7.56213	7.54097
-7.6075	7.28966
-7.60926	7.28326
-7.63767	7.11896
-7.66101	7.01226
-7.64513	7.09754
-7.6351	7.14937
-7.65714	7.04369
-7.60659	7.30337
-7.64163	7.08851
-7.67693	6.87774
-7.63015	7.16317
-7.64102	7.0923
-7.71035	6.72638
-7.63628	7.13903
-7.5228	7.76957
-7.53816	7.644
-7.5957	7.33244
-7.58047	7.42531
-7.57727	7.43069
-7.57161	7.4762
-7.58564	7.38303
-7.59884	7.33614
-7.54408	7.62137
-7.56659	7.48616
-7.60977	7.23925
-7.63754	7.08157
-7.67062	6.89523
-7.71898	6.62183
-7.70419	6.70422
-7.76802	6.35387
-7.73596	6.53335
-7.68614	6.81608
-7.74934	6.45889
-7.77295	6.36169
-7.71745	6.66337
-7.72001	6.64015
-7.69565	6.81703
-7.63806	7.068
-7.64177	7.05536
-7.61749	7.20649
-7.5905	7.33861
-7.5815	7.3686
-7.55739	7.50562
-7.52674	7.69486
-7.51977	7.73072
-7.56747	7.49231
-7.55738	7.59516
-7.54865	7.58523
-7.56592	7.52159
-7.48633	7.93675
-7.46696	8.05091
-7.45506	8.05996
-7.48753	7.90579
-7.4183	8.29569
-7.48665	7.91813
-7.53737	7.6716
-7.47346	8.02995
-7.52469	7.73285
-7.49824	7.88788
-7.55869	7.50918
-7.54512	7.58898
-7.51412	7.77131
-7.49704	7.8647
-7.42582	8.24733
-7.45641	8.07463
-7.48203	7.93132
-7.47204	7.98776
-7.46874	8.01449
-7.53351	7.63315
-7.55971	7.51069
-7.53351	7.66253
-7.5212	7.69096
-7.4952	7.82294
-7.43937	8.11436
-7.37377	8.5024
-7.41781	8.28985
-7.42388	8.23696
-7.55015	7.54929
-7.55467	7.55257
-7.5409	7.62529
-7.5303	7.67341
-7.65658	6.98306
-7.70508	6.6999
-7.61849	7.16816
-7.56385	7.47869
-7.45062	8.14056
-7.47123	7.98672
-7.42364	8.22625
-7.48304	7.89282
-7.44189	8.12345
-7.38819	8.48149
-7.44122	8.18517
-7.49775	7.87996
-7.49181	7.92163
-7.48015	7.97623
-7.55284	7.55428
-7.50778	7.77092
-7.54597	7.59233
-7.52671	7.6908
-7.54422	7.61314
-7.54049	7.62581
-7.58297	7.39878
-7.54812	7.56584
-7.52951	7.68434
-7.55283	7.53893
-7.46061	8.02629
-7.4305	8.1892
-7.44053	8.17975
-7.46165	8.10988
-7.4978	7.934
-7.44367	8.21272
-7.45509	8.13701
-7.55971	7.5399
-7.46116	8.07783
-7.42282	8.2722
-7.41852	8.30383
-7.38593	8.45833
-7.39527	8.4006
-7.41537	8.30269
-7.3929	8.41195
-7.36831	8.53337
-7.35155	8.66465
-7.39512	8.42165
-7.39344	8.41648
-7.473	7.97261
-7.48134	7.96208
-7.47346	7.97995
-7.51176	7.76603
-7.53215	7.69828
-7.5001	7.87355
-7.57498	7.47406
-7.55025	7.61176
-7.58699	7.39978
-7.61676	7.21257
-7.60202	7.31929
-7.59269	7.35319
-7.56539	7.48323
-7.59955	7.33274
-7.60744	7.25407
-7.5896	7.36343
-7.577	7.47344
-7.53359	7.70145
-7.51208	7.81106
-7.51885	7.80315
-7.50398	7.87356
-7.4759	7.99998
-7.41612	8.3236
-7.41167	8.35506
-7.38475	8.4774
-7.44826	8.15395
-7.55381	7.55245
-7.58253	7.40021
-7.51453	7.78267
-7.48373	7.95193
-7.47907	7.96514
-7.42101	8.28287
-7.44352	8.17187
-7.42077	8.28565
-7.33413	8.76284
-7.36926	8.56451
-7.29751	8.99323
-7.32318	8.82393
-7.36405	8.60806
-7.39787	8.4037
-7.37405	8.52706
-7.41557	8.27539
-7.43663	8.16965
-7.49849	7.85952
-7.48297	7.94632
-7.52182	7.69837
-7.5515	7.54321
-7.39722	8.35868
-7.39773	8.35239
-7.34575	8.68337
-7.34422	8.68317
-7.41336	8.27789
-7.44469	8.11432
-7.45599	8.06677
-7.44732	8.0697
-7.52744	7.65723
-7.55497	7.54353
-7.58793	7.35216
-7.57827	7.41335
-7.62655	7.11028
-7.57376	7.42955
-7.48585	7.9323
-7.56109	7.4877
-7.5847	7.34786
-7.64221	7.05307
-7.55209	7.53141
-7.6555	6.95142
-7.65708	6.9463
-7.58826	7.32845
-7.60479	7.23518
-7.55693	7.49844
-7.55238	7.53216
-7.52357	7.70032
-7.58873	7.30658
-7.54237	7.56336
-7.52681	7.68846
-7.43372	8.19229
-7.41428	8.27914
-7.44656	8.09801
-7.50084	7.83533
-7.54563	7.59361
-7.57887	7.41933
-7.53573	7.64492
-7.46979	8.03028
-7.47061	8.05213
-7.53393	7.6809
-7.49177	7.91656
-7.53642	7.69738
-7.51799	7.79497
-7.48192	7.99594
-7.57822	7.42108
-7.53436	7.67208
-7.57624	7.42134
-7.56279	7.46959
-7.56199	7.49328
-7.45651	8.09692
-7.46143	8.08388
-7.43807	8.24957
-7.51186	7.81683
-7.46207	8.08964
-7.46523	8.04981
-7.44918	8.17225
-7.46678	8.05976
-7.43053	8.22649
-7.3793	8.50949
-7.42076	8.29256
-7.48664	7.8906
-7.49955	7.85055
-7.58118	7.39613
-7.59681	7.31224
-7.54008	7.64796
-7.51291	7.82484
-7.61032	7.25248
-7.59443	7.33602
-7.67661	6.85909
-7.71127	6.69808
-7.72753	6.6149
-7.70402	6.75467
-7.64777	7.07115
-7.71808	6.68949
-7.68268	6.87936
-7.62464	7.19682
-7.61872	7.23302
-7.69671	6.7819
-7.62937	7.18849
-7.64384	7.05614
-7.61495	7.23551
-7.54741	7.61746
-7.54655	7.62458
-7.52472	7.73771
-7.51559	7.78092
-7.53488	7.66792
-7.56275	7.53556
-7.63239	7.14722
-7.64782	7.04946
-7.6286	7.11463
-7.66537	6.9022
-7.64145	7.04681
-7.6212	7.1718
-7.54912	7.55979
-7.49413	7.87683
-7.4427	8.12511
-7.53773	7.61618
-7.55673	7.50243
-7.48621	7.94569
-7.45679	8.09444
-7.42567	8.3022
-7.44073	8.20212
-7.46396	8.07637
-7.52212	7.78896
-7.52571	7.76791
-7.57585	7.47065
-7.52147	7.80571
-7.51014	7.8627
-7.44589	8.17487
-7.43753	8.26165
-7.50387	7.90348
-7.49047	7.96217
-7.4764	7.98436
-7.5617	7.51271
-7.57974	7.41019
-7.55395	7.54976
-7.59558	7.32965
-7.52219	7.71333
-7.55827	7.49386
-7.5214	7.71181
-7.60006	7.27687
-7.60775	7.22513
-7.58586	7.35647
-7.57478	7.39024
-7.51848	7.69215
-7.54801	7.52959
-7.47539	7.93877
-7.51795	7.72825
-7.49832	7.89254
-7.49292	7.91375
-7.50806	7.81105
-7.47805	7.96992
-7.46504	8.07845
-7.45736	8.13889
-7.43966	8.23404
-7.53934	7.62785
-7.47932	7.96626
-7.51685	7.75204
-7.53032	7.6753
-7.56861	7.47733
-7.57442	7.4571
-7.58681	7.37817
-7.57267	7.45144
-7.63668	7.10037
-7.62234	7.16022
-7.55876	7.51158
-7.54075	7.62566
-7.54866	7.55324
-7.57205	7.42481
-7.63789	7.04648
-7.60395	7.24282
-7.58629	7.32357
-7.5953	7.28622
-7.62118	7.17691
-7.5889	7.34182
-7.60889	7.24382
-7.67126	6.9132
-7.67953	6.8607
-7.70115	6.75743
-7.62632	7.18849
-7.62581	7.18564
-7.68824	6.84069
-7.67	6.90632
-7.63041	7.15462
-7.65845	6.98766
-7.6291	7.13658
-7.63813	7.07692
-7.62856	7.12481
-7.538	7.63088
-7.55164	7.5693
-7.54884	7.59998
-7.55167	7.58102
-7.5486	7.59253
-7.58661	7.42074
-7.56014	7.53117
-7.6614	6.94238
-7.66614	6.90336
-7.71453	6.62972
-7.6958	6.73721
-7.69108	6.78836
-7.64827	7.01651
-7.66995	6.92426
-7.65829	7.00016
-7.64188	7.09772
-7.57233	7.46509
-7.5853	7.41333
-7.58614	7.37158
-7.60457	7.30685
-7.57055	7.44847
-7.53344	7.65503
-7.45722	8.11574
-7.41585	8.35051
-7.47317	8.01821
-7.59406	7.33165
-7.60213	7.29738
-7.60523	7.2671
-7.61764	7.21835
-7.59402	7.32336
-7.56666	7.49848
-7.61787	7.22331
-7.70162	6.72168
-7.67802	6.89606
-7.67484	6.92499
-7.61476	7.25726
-7.53251	7.72915
-7.60264	7.27972
-7.61945	7.18262
-7.49571	7.84756
-7.56404	7.49146
-7.53366	7.65564
-7.597	7.32417
-7.48386	7.94243
-7.51599	7.76427
-7.59017	7.37206
-7.60683	7.27607
-7.60906	7.25774
-7.65092	7.01064
-7.56926	7.48025
-7.54099	7.6237
-7.57203	7.48603
-7.57247	7.51367
-7.48294	7.94019
-7.49483	7.85278
-7.47034	7.99656
-7.53454	7.6371
-7.48372	7.90312
-7.52413	7.69425
-7.52258	7.71397
-7.53129	7.67504
-7.51547	7.76153
-7.5356	7.65541
-7.59575	7.30489
-7.59349	7.32181
-7.54092	7.60894
-7.51784	7.75082
-7.5335	7.69518
-7.58329	7.40153
-7.52082	7.71829
-7.45189	8.12642
-7.49478	7.87739
-7.49881	7.85042
-7.58563	7.37496
-7.60279	7.26529
-7.57104	7.45551
-7.60143	7.29323
-7.72462	6.63339
-7.70104	6.76176
-7.71291	6.68391
-7.68636	6.84892
-7.66318	6.96754
-7.70442	6.71561
-7.64741	7.02557
-7.65108	7.06083
-7.62337	7.20223
-7.69312	6.79579
-7.75813	6.4311
-7.66923	6.9438
-7.6492	7.07749
-7.68134	6.87035
-7.57113	7.47769
-7.55133	7.61452
-7.64806	7.05302
-7.64596	7.04247
-7.65759	6.98821
-7.65072	7.02799
-7.62168	7.18302
-7.66031	7.01688
-7.56631	7.55699
-7.62769	7.18033
-7.60185	7.32776
-7.60286	7.30848
-7.54863	7.57513
-7.59861	7.2857
-7.62064	7.2146
-7.59301	7.34022
-7.51203	7.76979
-7.63441	7.1308
-7.63178	7.14448
-7.61086	7.25931
-7.5885	7.38529
-7.61698	7.20945
-7.61973	7.19964
-7.60702	7.28055
-7.63927	7.10813
-7.64228	7.06025
-7.57939	7.39866
-7.64927	7.03457
-7.74649	6.47301
-7.74665	6.4762
-7.7138	6.63031
-7.63712	7.05263
-7.60412	7.22306
-7.56174	7.46759
-7.60583	7.22571
-7.6777	6.84317
-7.74397	6.45294
-7.6853	6.78899
-7.68865	6.80926
-7.65409	7.00888
-7.69363	6.77966
-7.71984	6.61888
-7.6878	6.79389
-7.60752	7.24615
-7.6265	7.16102
-7.69773	6.75165
-7.65601	7.00561
-7.6533	6.99735
-7.60081	7.30204
-7.5478	7.56772
-7.57077	7.44981
-7.61208	7.25207
-7.61132	7.24061
-7.65857	6.97508
-7.61686	7.20144
-7.59159	7.36242
-7.63194	7.11123
-7.67456	6.89658
-7.71321	6.65916
-7.68992	6.7751
-7.6926	6.83026
-7.63116	7.14978
-7.69006	6.81494
-7.73429	6.56738
-7.75991	6.40017
-7.78348	6.30385
-7.73555	6.57327
-7.54874	7.62964
-7.57812	7.43891
-7.64902	7.07892
-7.59681	7.32939
-7.66849	6.92862
-7.60281	7.27724
-7.65772	6.95966
-7.62607	7.11955
-7.66375	6.9074
-7.68733	6.73864
-7.67201	6.85193
-7.71611	6.63106
-7.61305	7.22691
-7.60307	7.31206
-7.59818	7.33944
-7.63967	7.08258
-7.66148	6.95413
-7.58025	7.44565
-7.55908	7.50658
-7.54019	7.58471
-7.55803	7.49215
-7.49965	7.82658
-7.52565	7.69671
-7.60642	7.26212
-7.63228	7.11402
-7.66969	6.9095
-7.61808	7.20087
-7.59796	7.31399
-7.59126	7.38798
-7.58389	7.41699
-7.6451	7.05515
-7.60054	7.31667
-7.61841	7.21947
-7.58399	7.42089
-7.48449	7.97102
-7.50418	7.86856
-7.49108	7.93169
-7.44896	8.18202
-7.42024	8.31803
-7.43689	8.1894
-7.37533	8.5851
-7.35394	8.72965
-7.36614	8.65184
-7.37989	8.55752
-7.37366	8.5693
-7.32615	8.81472
-7.405	8.38755
-7.46415	8.05254
-7.48358	7.95163
-7.458	8.11162
-7.42416	8.268
-7.41116	8.34153
-7.37146	8.53861
-7.49946	7.82916
-7.50681	7.8031
-7.51351	7.77917
-7.49733	7.83756
-7.52647	7.6531
-7.51914	7.70906
-7.44369	8.12883
-7.43571	8.20213
-7.30287	8.9571
-7.40119	8.42545
-7.52846	7.76703
-7.53823	7.69424
-7.53002	7.73635
-7.53986	7.63439
-7.47308	8.02187
-7.53353	7.66233
-7.5034	7.84095
-7.51931	7.75292
-7.49303	7.92955
-7.46148	8.08474
-7.51399	7.81789
-7.44109	8.19559
-7.49581	7.88313
-7.52554	7.76102
-7.51769	7.81296
-7.59683	7.35302
-7.66907	6.94535
-7.62156	7.24895
-7.6227	7.19482
-7.55269	7.5826
-7.5448	7.59337
-7.52335	7.71278
-7.45194	8.08379
-7.52948	7.62237
-7.48514	7.89699
-7.54367	7.61219
-7.60343	7.30246
-7.548	7.61721
-7.63795	7.09907
-7.61058	7.2519
-7.53034	7.6916
-7.55991	7.56836
-7.48553	7.96888
-7.43629	8.24872
-7.39296	8.46675
-7.31433	8.86093
-7.3304	8.78108
-7.35111	8.67368
-7.36824	8.56088
-7.34829	8.65657
-7.33414	8.73802
-7.35288	8.62521
-7.4067	8.37808
-7.34845	8.72122
-7.39788	8.45584
-7.39552	8.47968
-7.32591	8.88053
-7.30497	9.02655
-7.35703	8.73449
-7.38131	8.5682
-7.41672	8.35992
-7.39842	8.43702
-7.4529	8.12762
-7.51209	7.78928
-7.54108	7.6521
-7.588	7.38363
-7.51713	7.78227
-7.5725	7.46343
-7.61061	7.23446
-7.61386	7.23279
-7.6378	7.08335
-7.62319	7.13588
-7.61109	7.19902
-7.60421	7.2382
-7.56183	7.50321
-7.5654	7.48944
-7.50055	7.81741
-7.52471	7.69131
-7.56041	7.48284
-7.57926	7.39821
-7.543	7.6069
-7.53699	7.6848
-7.50242	7.93098
-7.49837	7.91808
-7.4263	8.33961
-7.37096	8.58384
-7.47698	7.97582
-7.48656	7.94943
-7.43833	8.23745
-7.50341	7.88376
-7.51089	7.86189
-7.59204	7.40031
-7.62569	7.18642
-7.69081	6.8234
-7.68711	6.80597
-7.72974	6.56673
-7.69303	6.78667
-7.69258	6.75929
-7.61339	7.2187
-7.66364	6.97984
-7.63278	7.16313
-7.62205	7.19868
-7.63719	7.12561
-7.56439	7.53086
-7.61077	7.28802
-7.64998	7.06551
-7.57503	7.48503
-7.58853	7.39522
-7.54195	7.65125
-7.58303	7.41906
-7.62882	7.15376
-7.64053	7.08452
-7.63944	7.09529
-7.5853	7.38859
-7.49169	7.96128
-7.55047	7.666
-7.58663	7.41044
-7.52929	7.72372
-7.47879	7.98637
-7.50485	7.84768
-7.53581	7.66617
-7.47005	8.01787
-7.49769	7.86982
-7.48566	7.9226
-7.46626	8.01892
-7.60091	7.30818
-7.53736	7.68112
-7.6037	7.29866
-7.58145	7.44107
-7.5861	7.39133
-7.57607	7.45398
-7.57771	7.41411
-7.67643	6.87047
-7.68287	6.85806
-7.73696	6.54716
-7.71107	6.68098
-7.69956	6.73242
-7.66718	6.9372
-7.57864	7.44909
-7.57758	7.42957
-7.5674	7.48053
-7.59924	7.29792
-7.59519	7.30905
-7.59434	7.34474
-7.62446	7.16165
-7.64751	7.02735
-7.65609	6.96585
-7.66931	6.90302
-7.61954	7.19914
-7.58766	7.37673
-7.58919	7.39845
-7.59905	7.33301
-7.60553	7.33739
-7.57691	7.47848
-7.60856	7.2972
-7.59168	7.3458
-7.56452	7.53559
-7.51058	7.81437
-7.51491	7.7405
-7.53898	7.62897
-7.61677	7.19244
-7.59546	7.31068
-7.60451	7.30114
-7.54334	7.67997
-7.67338	6.92819
-7.64686	7.06285
-7.61616	7.2395
-7.67249	6.90548
-7.61965	7.20792
-7.59211	7.36467
-7.49488	7.9206
-7.58692	7.407
-7.5239	7.73869
-7.64744	7.04498
-7.62464	7.169
-7.60414	7.28538
-7.61534	7.20709
-7.64043	7.00169
-7.49661	7.80074
-7.58665	7.30767
-7.47397	7.90258
-7.45005	8.04449
-7.49085	7.85721
-7.45263	8.09256
-7.50544	7.812
-7.59941	7.29917
-7.56162	7.48936
-7.57162	7.44857
-7.60172	7.29764
-7.55348	7.55648
-7.44711	8.19482
-7.42431	8.30621
-7.42044	8.34195
-7.56557	7.52787
-7.60546	7.32403
-7.59122	7.37748
-7.60731	7.2826
-7.60019	7.31355
-7.6005	7.32526
-7.57014	7.4998
-7.57545	7.47035
-7.66015	6.99877
-7.60246	7.33511
-7.62082	7.16971
-7.62603	7.142
-7.54402	7.5901
-7.54516	7.58385
-7.54465	7.56617
-7.63852	7.01742
-7.67016	6.88628
-7.66763	6.90746
-7.59197	7.31506
-7.60691	7.2664
-7.58758	7.36822
-7.61564	7.24103
-7.63976	7.10101
-7.59644	7.33674
-7.54473	7.64482
-7.5797	7.44678
-7.64614	7.04674
-7.70406	6.72413
-7.67372	6.87238
-7.69246	6.76163
-7.65913	6.96116
-7.72559	6.55499
-7.7689	6.33614
-7.7415	6.49059
-7.6696	6.92639
-7.61016	7.25805
-7.54437	7.60442
-7.60117	7.27771
-7.6338	7.08341
-7.61022	7.20436
-7.60466	7.22821
-7.59237	7.3125
-7.49998	7.82136
-7.54138	7.61397
-7.55608	7.52553
-7.5051	7.83474
-7.51745	7.78641
-7.52182	7.75838
-7.55511	7.5479
-7.52701	7.73184
-7.52154	7.76222
-7.53151	7.6782
-7.58741	7.38744
-7.59061	7.35858
-7.60265	7.29693
-7.60043	7.29442
-7.55919	7.50366
-7.54593	7.56981
-7.49397	7.86084
-7.52776	7.65211
-7.47204	7.98694
-7.42307	8.21156
-7.45207	8.07442
-7.54856	7.55253
-7.5416	7.61443
-7.52937	7.6675
-7.63444	7.08284
-7.62016	7.1574
-7.58678	7.35751
-7.56014	7.52642
-7.56753	7.52854
-7.57659	7.43245
-7.59401	7.31922
-7.64461	7.02281
-7.56055	7.52042
-7.53229	7.71259
-7.54588	7.65804
-7.63856	7.11236
-7.58165	7.42567
-7.47226	7.98005
-7.49601	7.85014
-7.49868	7.80527
-7.56484	7.45882
-7.66673	6.89187
-7.69541	6.74447
-7.67132	6.87289
-7.63147	7.11567
-7.63055	7.13631
-7.59254	7.34944
-7.57566	7.42576
-7.61394	7.20956
-7.62468	7.17678
-7.60792	7.25923
-7.63663	7.10468
-7.63656	7.1209
-7.67461	6.93233
-7.65101	7.05329
-7.63074	7.18597
-7.62974	7.1819
-7.63129	7.14073
-7.63833	7.10034
-7.61198	7.23633
-7.63306	7.12015
-7.5236	7.72845
-7.44383	8.19537
-7.55504	7.59283
-7.62809	7.1438
-7.63303	7.15311
-7.56205	7.5541
-7.58758	7.37153
-7.56273	7.52386
-7.61797	7.22508
-7.64948	7.02006
-7.63252	7.13077
-7.56727	7.48086
-7.53271	7.66678
-7.491	7.90484
-7.48408	7.97154
-7.55721	7.55578
-7.54888	7.57064
-7.52504	7.73021
-7.54469	7.61033
-7.58013	7.42493
-7.58294	7.42843
-7.53598	7.6921
-7.61234	7.268
-7.66946	6.95154
-7.61611	7.21386
-7.56626	7.46951
-7.56445	7.4942
-7.52101	7.74181
-7.52368	7.71278
-7.52653	7.7315
-7.53738	7.65121
-7.57693	7.43059
-7.6133	7.20902
-7.65005	7.01062
-7.57676	7.41748
-7.66945	6.8681
-7.70717	6.68062
-7.68396	6.82977
-7.68824	6.82692
-7.65463	7.02205
-7.72911	6.55921
-7.72763	6.54961
-7.72161	6.59618
-7.67175	6.87314
-7.59411	7.31435
-7.67699	6.83263
-7.65684	6.94522
-7.53783	7.61138
-7.51688	7.71018
-7.54619	7.55522
-7.59255	7.28306
-7.6262	7.10351
-7.60046	7.25543
-7.61285	7.19235
-7.56451	7.47919
-7.56435	7.49728
-7.54692	7.63646
-7.56062	7.55459
-7.6573	6.99526
-7.67854	6.86978
-7.64134	7.09779
-7.76208	6.42687
-7.76865	6.37429
-7.7565	6.4686
-7.71257	6.70439
-7.69926	6.76111
-7.70347	6.73264
-7.68933	6.82867
-7.70441	6.76083
-7.71676	6.727
-7.73635	6.6277
-7.66454	7.00754
-7.60606	7.32302
-7.52244	7.80261
-7.45467	8.16493
-7.52244	7.77644
-7.60794	7.27596
-7.6768	6.89447
-7.68654	6.82988
-7.6212	7.21172
-7.68594	6.85483
-7.67935	6.92212
-7.64913	7.05409
-7.6406	7.12545
-7.66842	6.95617
-7.70337	6.7366
-7.56918	7.49617
-7.60903	7.25672
-7.5633	7.49885
-7.56956	7.46069
-7.58886	7.34972
-7.61463	7.21088
-7.6106	7.25884
-7.63212	7.1017
-7.57369	7.41096
-7.69479	6.74718
-7.74873	6.45922
-7.70091	6.72367
-7.62862	7.11214
-7.73903	6.52536
-7.74332	6.52195
-7.64591	7.05529
-7.62446	7.19535
-7.67154	6.93198
-7.63473	7.13821
-7.60979	7.26454
-7.62389	7.17204
-7.66327	6.95495
-7.65333	7.00318
-7.67197	6.91576
-7.70276	6.74054
-7.66274	6.97635
-7.68185	6.85702
-7.66965	6.91967
-7.62747	7.16691
-7.65024	7.03269
-7.63526	7.10705
-7.60775	7.25074
-7.65326	7.02863
-7.66963	6.92052
-7.62388	7.20284
-7.53541	7.65254
-7.56895	7.4312
-7.53671	7.65281
-7.56122	7.53202
-7.59188	7.34201
-7.56815	7.47857
-7.57545	7.43794
-7.62807	7.13601
-7.48744	7.89778
-7.49359	7.85657
-7.54271	7.61854
-7.57083	7.47748
-7.58306	7.41666
-7.577	7.44746
-7.47149	8.02415
-7.51557	7.7895
-7.6083	7.26746
-7.51952	7.70302
-7.5744	7.40685
-7.57978	7.38982
-7.5776	7.41183
-7.5353	7.67386
-7.46688	8.0351
-7.50335	7.79434
-7.50003	7.81818
-7.48563	7.90569
-7.48441	7.89057
-7.45844	8.05562
-7.45685	8.09638
-7.51352	7.77109
-7.51169	7.78245
-7.52142	7.699
-7.45917	8.03184
-7.46752	8.02372
-7.42726	8.20317
-7.46553	8.00094
-7.47562	7.97252
-7.48494	7.90021
-7.4766	7.94535
-7.49373	7.84955
-7.55211	7.53153
-7.5946	7.33395
-7.60174	7.27437
-7.61878	7.18965
-7.65481	6.95791
-7.63019	7.13883
-7.63854	7.10858
-7.64647	7.07464
-7.52281	7.77788
-7.53543	7.68914
-7.44585	8.19994
-7.42043	8.31015
-7.39591	8.42352
-7.45897	8.09865
-7.50456	7.84154
-7.52699	7.72399
-7.43722	8.23487
-7.51704	7.78346
-7.50178	7.87516
-7.47558	8.02339
-7.54735	7.61686
-7.55457	7.59785
-7.60107	7.33176
-7.57363	7.46818
-7.48117	8.01321
-7.51113	7.85798
-7.49114	7.92443
-7.55592	7.56917
-7.61233	7.25538
-7.61784	7.23152
-7.50476	7.84581
-7.51448	7.78803
-7.56456	7.51272
-7.54345	7.62677
-7.53979	7.62483
-7.49013	7.92645
-7.57839	7.46403
-7.57316	7.45442
-7.56645	7.47804
-7.53408	7.62589
-7.50787	7.79934
-7.44001	8.23157
-7.43653	8.26104
-7.42778	8.26558
-7.45523	8.11033
-7.49981	7.8604
-7.42849	8.23985
-7.42254	8.26222
-7.43501	8.15778
-7.35782	8.60693
-7.46837	7.99198
-7.45263	8.06438
-7.40208	8.34338
-7.41548	8.29216
-7.38964	8.40339
-7.46095	7.99905
-7.45355	8.04698
-7.38616	8.42075
-7.44439	8.11818
-7.49392	7.82168
-7.5741	7.39271
-7.5169	7.74698
-7.51681	7.7588
-7.53911	7.6023
-7.50163	7.80797
-7.54989	7.58246
-7.59382	7.34757
-7.61552	7.22299
-7.59337	7.33654
-7.48994	7.93047
-7.56485	7.48946
-7.51022	7.77394
-7.45979	8.02918
-7.43927	8.1135
-7.41226	8.25892
-7.41115	8.25601
-7.40331	8.3233
-7.39874	8.36531
-7.42454	8.25183
-7.50268	7.80026
-7.55243	7.51865
-7.51912	7.71979
-7.52824	7.66754
-7.50078	7.83987
-7.57727	7.36396
-7.52711	7.63509
-7.47579	7.95786
-7.44801	8.1187
-7.45668	8.08766
-7.41778	8.31033
-7.41846	8.25513
-7.47571	7.94796
-7.43636	8.1786
-7.40703	8.33011
-7.45158	8.0973
-7.48112	7.94247
-7.47937	7.97314
-7.41453	8.3189
-7.42676	8.26284
-7.47322	8.00097
-7.49347	7.87355
-7.53737	7.63767
-7.48245	7.93595
-7.51645	7.75749
-7.43499	8.17776
-7.52636	7.69602
-7.55197	7.5319
-7.54903	7.53541
-7.50829	7.74048
-7.54714	7.54225
-7.48744	7.90752
-7.61743	7.16047
-7.66503	6.89172
-7.65368	6.94348
-7.63763	7.04043
-7.54661	7.54319
-7.58205	7.35247
-7.60291	7.26906
-7.58017	7.42234
-7.57499	7.45376
-7.58321	7.42149
-7.6089	7.23904
-7.58402	7.35983
-7.50727	7.83436
-7.45612	8.13481
-7.41924	8.33218
-7.35221	8.71336
-7.44277	8.23112
-7.45369	8.14126
-7.50653	7.81077
-7.50214	7.82749
-7.47748	7.96186
-7.48669	7.92486
-7.39693	8.42098
-7.38013	8.49116
-7.42625	8.26562
-7.45	8.15163
-7.48241	8.00285
-7.47887	8.03864
-7.4153	8.39603
-7.45658	8.19501
-7.49406	7.94836
-7.47506	8.04326
-7.49745	7.89121
-7.47121	8.016
-7.57974	7.39902
-7.56436	7.4938
-7.51091	7.81837
-7.4958	7.94208
-7.47788	8.05048
-7.58968	7.42243
-7.61349	7.25051
-7.56567	7.52479
-7.55291	7.5975
-7.56492	7.55117
-7.52811	7.74369
-7.55413	7.58811
-7.48252	7.98824
-7.54645	7.62291
-7.56762	7.5037
-7.53411	7.69857
-7.47043	8.02939
-7.47307	8.03161
-7.44081	8.20221
-7.45612	8.13282
-7.54676	7.60472
-7.56073	7.54504
-7.53725	7.69897
-7.47244	8.07963
-7.47176	8.07086
-7.54971	7.64112
-7.58643	7.43537
-7.63913	7.12664
-7.68273	6.87453
-7.67579	6.89202
-7.68426	6.84042
-7.59964	7.33367
-7.56059	7.55712
-7.53816	7.664
-7.59341	7.35345
-7.54116	7.64264
-7.5114	7.74214
-7.55004	7.55914
-7.55932	7.53453
-7.54702	7.57662
-7.57427	7.41433
-7.57821	7.36965
-7.58239	7.34793
-7.6344	7.14794
-7.58533	7.42371
-7.59714	7.35116
-7.58207	7.41986
-7.67632	6.91313
-7.61158	7.26607
-7.58214	7.40162
-7.61873	7.21933
-7.6781	6.84103
-7.69766	6.73685
-7.62848	7.14637
-7.56083	7.53108
-7.55166	7.57015
-7.59386	7.34718
-7.57165	7.44283
-7.5756	7.40506
-7.58792	7.33724
-7.56023	7.5141
-7.59749	7.27505
-7.65287	6.99001
-7.68305	6.78581
-7.5909	7.28506
-7.62323	7.12801
-7.64143	7.05412
-7.57274	7.44289
-7.53003	7.71509
-7.53744	7.65988
-7.54153	7.67605
-7.55453	7.56765
-7.61725	7.20939
-7.51942	7.75297
-7.55337	7.51651
-7.57391	7.41038
-7.48111	7.93818
-7.47863	7.95179
-7.58334	7.37176
-7.54206	7.62722
-7.50422	7.8198
-7.47415	7.97814
-7.47656	7.99329
-7.59322	7.32343
-7.60694	7.23721
-7.58481	7.34739
-7.6181	7.18646
-7.63187	7.11176
-7.62833	7.12841
-7.54989	7.60109
-7.54389	7.65641
-7.50828	7.84354
-7.51767	7.82823
-7.48615	7.98087
-7.47083	8.08193
-7.63846	7.09702
-7.5118	7.77417
-7.50798	7.7889
-7.61065	7.20354
-7.63012	7.10692
-7.66129	6.986
-7.59087	7.37905
-7.54359	7.6371
-7.51827	7.76369
-7.53822	7.65532
-7.49224	7.90723
-7.46172	8.08558
-7.50124	7.86822
-7.56668	7.49342
-7.56937	7.44926
-7.55551	7.49253
-7.52839	7.62496
-7.57703	7.35653
-7.59092	7.31672
-7.57535	7.39743
-7.52623	7.66941
-7.63452	7.09248
-7.60235	7.28974
-7.66334	6.95722
-7.66149	6.96857
-7.61832	7.17905
-7.57917	7.41971
-7.50355	7.85005
-7.46497	8.0912
-7.54885	7.63354
-7.48181	7.96241
-7.51435	7.81684
-7.56734	7.4983
-7.61224	7.20986
-7.60221	7.28201
-7.54591	7.58675
-7.60793	7.22557
-7.516	7.72081
-7.47944	7.9882
-7.47721	8.02584
-7.55399	7.60522
-7.46835	8.04582
-7.598	7.31266
-7.59762	7.28916
-7.5654	7.48713
-7.5049	7.77429
-7.50849	7.76646
-7.63453	7.08421
-7.5535	7.50364
-7.49532	7.84552
-7.43284	8.24464
-7.36941	8.58788
-7.3278	8.80401
-7.44041	8.17366
-7.47564	7.92027
-7.53182	7.65052
-7.57547	7.40251
-7.67289	6.85541
-7.55688	7.51839
-7.57713	7.39012
-7.56202	7.42804
-7.5913	7.29636
-7.58386	7.37974
-7.57657	7.40187
-7.58543	7.36329
-7.58579	7.37467
-7.57702	7.45082
-7.6126	7.23386
-7.61651	7.24349
-7.6737	6.93846
-7.67211	6.92355
-7.62381	7.16641
-7.62692	7.14511
-7.64123	7.04974
-7.66401	6.92313
-7.65244	6.97215
-7.64898	6.98086
-7.54935	7.55437
-7.54026	7.62234
-7.50627	7.81021
-7.5894	7.33717
-7.65332	6.99187
-7.64151	7.08697
-7.64154	7.07883
-7.68501	6.83218
-7.62508	7.16931
-7.59388	7.33551
-7.57955	7.42023
-7.51712	7.73033
-7.48702	7.89513
-7.53089	7.67196
-7.62113	7.1552
-7.67396	6.84475
-7.69138	6.77934
-7.67899	6.84605
-7.68774	6.8001
-7.76038	6.42201
-7.68474	6.82238
-7.74042	6.56968
-7.78827	6.27678
-7.70533	6.74859
-7.69658	6.77675
-7.75854	6.43978
-7.77263	6.36797
-7.79218	6.27394
-7.71378	6.70769
-7.76518	6.42196
-7.72008	6.68356
-7.67164	6.94019
-7.66085	6.99219
-7.69634	6.7921
-7.70469	6.72543
-7.73024	6.56425
-7.70537	6.68981
-7.65065	7.01936
-7.56758	7.49736
-7.59248	7.35656
-7.5814	7.40921
-7.56094	7.54532
-7.6368	7.117
-7.67802	6.85465
-7.65341	7.01341
-7.65498	6.98625
-7.6839	6.83407
-7.63289	7.10726
-7.66403	6.96546
-7.59502	7.36385
-7.44994	8.16073
-7.51239	7.77967
-7.55932	7.53235
-7.56367	7.48856
-7.63432	7.10583
-7.59672	7.29404
-7.67155	6.89402
-7.60241	7.2956
-7.53559	7.67325
-7.63954	7.07307
-7.68858	6.79565
-7.72269	6.61881
-7.67674	6.86057
-7.62863	7.11685
-7.64672	7.02757
-7.65951	6.98221
-7.68707	6.79241
-7.68052	6.8242
-7.63695	7.06956
-7.62567	7.15084
-7.6657	6.94352
-7.56567	7.49001
-7.60761	7.27454
-7.6073	7.29458
-7.57263	7.5068
-7.6485	7.08078
-7.52406	7.81859
-7.5199	7.81415
-7.60099	7.32705
-7.49689	7.95468
-7.51774	7.81361
-7.51996	7.8045
-7.55045	7.62784
-7.58745	7.41031
-7.53325	7.70811
-7.49191	7.95334
-7.52399	7.72205
-7.57442	7.45368
-7.58506	7.44814
-7.58134	7.44348
-7.58153	7.39837
-7.51909	7.76848
-7.47883	7.97904
-7.52098	7.70061
-7.53389	7.60956
-7.47289	7.93506
-7.4632	7.97442
-7.41315	8.28605
-7.47208	7.97917
-7.52606	7.70042
-7.54575	7.55029
-7.56064	7.47668
-7.6653	6.88225
-7.69073	6.74811
-7.68926	6.77894
-7.65617	6.97212
-7.67811	6.84619
-7.69925	6.73122
-7.61954	7.17705
-7.52979	7.66804
-7.48734	7.9062
-7.49096	7.86251
-7.46505	8.04553
-7.44797	8.14487
-7.48863	7.94242
-7.44119	8.21372
-7.53041	7.72231
-7.58087	7.47575
-7.60509	7.30499
-7.52424	7.75061
-7.571	7.47847
-7.57667	7.44179
-7.61117	7.26511
-7.51608	7.77543
-7.62488	7.18528
-7.58349	7.40288
-7.57435	7.45392
-7.57715	7.41721
-7.56652	7.50716
-7.49803	7.93073
-7.44741	8.15253
-7.50339	7.84596
-7.60244	7.25362
-7.60386	7.29555
-7.57852	7.44702
-7.53984	7.65359
-7.60223	7.30471
-7.62974	7.1028
-7.59296	7.30841
-7.64604	7.04064
-7.61659	7.18656
-7.63789	7.05317
-7.61224	7.2221
-7.62498	7.14877
-7.62778	7.15215
-7.60502	7.27195
-7.57438	7.44066
-7.51455	7.79898
-7.54752	7.63172
-7.57304	7.49093
-7.49073	7.93088
-7.41809	8.29994
-7.39051	8.41144
-7.41256	8.28323
-7.46781	8.01565
-7.5094	7.81021
-7.51307	7.78759
-7.46137	8.04152
-7.53657	7.66116
-7.54186	7.63458
-7.51533	7.71415
-7.58965	7.29895
-7.58504	7.34157
-7.61013	7.20357
-7.63034	7.07823
-7.65179	6.9473
-7.60437	7.18921
-7.63084	7.07649
-7.60605	7.20674
-7.51936	7.68045
-7.53803	7.59749
-7.61357	7.22494
-7.58504	7.35656
-7.56638	7.45646
-7.6218	7.15931
-7.55123	7.54943
-7.56971	7.5026
-7.50638	7.85222
-7.40416	8.38601
-7.49796	7.87152
-7.57012	7.46734
-7.50169	7.84066
-7.51786	7.74884
-7.60871	7.26557
-7.5873	7.35646
-7.48098	7.98328
-7.47481	7.99487
-7.5688	7.44961
-7.53508	7.67044
-7.58515	7.37064
-7.54445	7.5843
-7.53274	7.68822
-7.5588	7.51525
-7.54711	7.54773
-7.58802	7.34721
-7.6287	7.11947
-7.64593	7.01641
-7.6398	7.05094
-7.66054	6.92763
-7.6168	7.15788
-7.59346	7.30118
-7.5362	7.64953
-7.55717	7.52402
-7.47232	8.00266
-7.50411	7.81497
-7.53202	7.7046
-7.47618	8.02696
-7.44697	8.194
-7.46426	8.08508
-7.41483	8.36265
-7.42266	8.25914
-7.45105	8.09192
-7.47123	7.9924
-7.55447	7.50244
-7.5468	7.55584
-7.48286	7.92326
-7.57742	7.39012
-7.61476	7.21245
-7.5834	7.40364
-7.55354	7.55553
-7.55477	7.56914
-7.58108	7.37879
-7.48399	7.90712
-7.48721	7.85472
-7.43497	8.17014
-7.44725	8.10969
-7.38222	8.51178
-7.46813	8.04729
-7.46669	8.02327
-7.45903	8.0477
-7.43975	8.14098
-7.4708	7.95102
-7.37833	8.50505
-7.4037	8.35551
-7.38906	8.4261
-7.3584	8.61606
-7.34228	8.72768
-7.42901	8.26132
-7.40839	8.36692
-7.36675	8.59556
-7.30769	8.9126
-7.36797	8.56494
-7.4495	8.09971
-7.47547	7.9764
-7.43671	8.17122
-7.42557	8.22256
-7.42895	8.20788
-7.39729	8.3848
-7.30589	8.90187
-7.34173	8.70185
-7.37914	8.50212
-7.43809	8.18402
-7.42438	8.26146
-7.49554	7.8633
-7.56157	7.48883
-7.52431	7.69548
-7.58399	7.36571
-7.57917	7.40028
-7.5657	7.48347
-7.56898	7.4258
-7.5847	7.34536
-7.58599	7.3531
-7.59071	7.31275
-7.66156	6.92616
-7.64043	7.04713
-7.69182	6.74091
-7.67911	6.82072
-7.66523	6.86862
-7.61086	7.21458
-7.5735	7.43429
-7.57759	7.39038
-7.60837	7.23824
-7.55134	7.55276
-7.53373	7.66358
-7.51707	7.72939
-7.46622	8.02474
-7.49284	7.86533
-7.59478	7.34091
-7.55769	7.53841
-7.57861	7.46811
-7.47791	7.98795
-7.56158	7.52623
-7.58058	7.41955
-7.58894	7.36228
-7.52872	7.70761
-7.54489	7.60336
-7.46809	8.05303
-7.46232	8.07827
-7.42868	8.27823
-7.426	8.27815
-7.43916	8.22226
-7.44544	8.16646
-7.47198	8.01495
-7.48452	7.95793
-7.4546	8.07064
-7.47856	7.92475
-7.4971	7.82874
-7.52363	7.70946
-7.62343	7.18561
-7.60824	7.25844
-7.62654	7.16128
-7.5933	7.34698
-7.63164	7.14484
-7.64043	7.10524
-7.58525	7.42408
-7.59548	7.36129
-7.65226	7.01879
-7.55831	7.53579
-7.60911	7.24298
-7.56068	7.5548
-7.51607	7.78774
-7.48898	7.88466
-7.48384	7.91858
-7.47185	7.99489
-7.42416	8.27761
-7.37571	8.54109
-7.42067	8.30549
-7.40191	8.38552
-7.46595	8.04288
-7.51783	7.79448
-7.48576	7.98397
-7.57536	7.48461
-7.52867	7.74342
-7.60182	7.32076
-7.52791	7.71268
-7.47878	7.9554
-7.45173	8.1366
-7.38227	8.5357
-7.40783	8.40838
-7.48633	7.98266
-7.494	7.93823
-7.42473	8.30719
-7.44817	8.15913
-7.37496	8.5831
-7.44065	8.20328
-7.36851	8.59646
-7.41304	8.35775
-7.43196	8.24388
-7.48947	7.95228
-7.54664	7.63837
-7.4613	8.09253
-7.5167	7.79221
-7.58244	7.41758
-7.61312	7.25582
-7.56982	7.45848
-7.54357	7.60199
-7.50204	7.83002
-7.5207	7.70012
-7.51083	7.76126
-7.52508	7.68483
-7.5929	7.30658
-7.58272	7.37621
-7.56259	7.47848
-7.50141	7.80108
-7.48756	7.8871
-7.46428	8.03363
-7.39993	8.40393
-7.4243	8.27685
-7.43861	8.16101
-7.43711	8.13292
-7.43607	8.15737
-7.40213	8.32168
-7.45692	8.0579
-7.46434	8.00844
-7.42843	8.25522
-7.42648	8.26826
-7.41827	8.26875
-7.42234	8.25529
-7.45831	8.02842
-7.47593	7.92591
-7.50343	7.78762
-7.45355	8.07026
-7.41276	8.27884
-7.4547	8.07594
-7.54883	7.55148
-7.58584	7.34352
-7.51767	7.73913
-7.55815	7.51124
-7.56381	7.45131
-7.46456	8.01835
-7.44663	8.13787
-7.43074	8.23255
-7.47387	8.03157
-7.45699	8.13797
-7.47507	8.02634
-7.48404	7.95247
-7.39075	8.46785
-7.38922	8.47818
-7.36711	8.57267
-7.35992	8.60615
-7.33026	8.81196
-7.30364	8.9235
-7.3053	8.966
-7.34031	8.73666
-7.37207	8.54339
-7.37386	8.51723
-7.35808	8.62139
-7.34185	8.70413
-7.35883	8.5847
-7.3629	8.5673
-7.39256	8.38501
-7.46586	7.95948
-7.40629	8.28174
-7.26903	9.06044
-7.33207	8.70356
-7.38907	8.42173
-7.40069	8.35537
-7.47078	7.97331
-7.53705	7.6128
-7.54024	7.59106
-7.51593	7.73818
-7.48893	7.91504
-7.47463	7.99522
-7.4739	7.99803
-7.43069	8.24049
-7.50405	7.83818
-7.52222	7.72482
-7.5851	7.35419
-7.55287	7.56092
-7.66982	6.88528
-7.57693	7.42014
-7.63571	7.09478
-7.56967	7.46689
-7.42514	8.28219
-7.40977	8.36827
-7.48436	7.93637
-7.46594	8.05858
-7.44802	8.19838
-7.57672	7.43462
-7.50811	7.85301
-7.54014	7.6727
-7.48033	7.98608
-7.45265	8.13585
-7.4909	7.92439
-7.54864	7.61481
-7.55066	7.59184
-7.63684	7.0861
-7.64758	7.01423
-7.64779	7.00729
-7.62504	7.1271
-7.62741	7.09885
-7.56676	7.42864
-7.56573	7.4503
-7.65711	6.95509
-7.55681	7.50621
-7.59717	7.28927
-7.61375	7.22346
-7.56905	7.44346
-7.55392	7.52914
-7.50592	7.80848
-7.59545	7.34823
-7.59846	7.32276
-7.55051	7.59366
-7.60642	7.25961
-7.66684	6.92481
-7.56379	7.49246
-7.55645	7.55351
-7.46244	8.06496
-7.46197	8.05126
-7.47765	7.96746
-7.42998	8.24519
-7.50415	7.82097
-7.51512	7.74981
-7.48641	7.89739
-7.4892	7.89844
-7.49489	7.90494
-7.49212	7.88907
-7.44595	8.15134
-7.46817	8.01648
-7.47594	7.94366
-7.50266	7.81401
-7.50279	7.80924
-7.39794	8.36514
-7.39662	8.40153
-7.51521	7.77505
-7.54834	7.59663
-7.57544	7.45681
-7.53494	7.70907
-7.62048	7.21861
-7.62553	7.16054
-7.6165	7.23651
-7.61748	7.21098
-7.60472	7.29712
-7.65248	7.048
-7.60419	7.31033
-7.6041	7.33579
-7.6349	7.15677
-7.62969	7.14731
-7.63011	7.1589
-7.61234	7.25674
-7.66017	6.95464
-7.5706	7.48779
-7.56587	7.53453
-7.54661	7.66299
-7.48449	7.9598
-7.60158	7.31043
-7.66335	6.95528
-7.59307	7.34963
-7.58842	7.39374
-7.7048	6.72846
-7.73071	6.56024
-7.62147	7.19387
-7.60862	7.26893
-7.59358	7.31636
-7.62934	7.14632
-7.58903	7.41687
-7.56696	7.53592
-7.58292	7.42847
-7.56206	7.50602
-7.55102	7.55599
-7.54488	7.5583
-7.50199	7.80115
-7.47605	7.93254
-7.52448	7.65445
-7.57188	7.42023
-7.59684	7.2767
-7.5981	7.25455
-7.52723	7.64742
-7.52812	7.6314
-7.59794	7.2565
-7.63026	7.11175
-7.55361	7.53766
-7.59274	7.33533
-7.64507	7.04706
-7.58734	7.39538
-7.62549	7.1622
-7.5702	7.52425
-7.61666	7.22576
-7.63132	7.15466
-7.64816	7.07463
-7.5972	7.3318
-7.5495	7.62309
-7.50397	7.89711
-7.4977	7.90425
-7.48932	7.95479
-7.50701	7.86792
-7.54255	7.64112
-7.57879	7.45965
-7.49643	7.89223
-7.52488	7.73955
-7.45984	8.05668
-7.51287	7.73224
-7.49169	7.86759
-7.3778	8.50511
-7.4734	7.97661
-7.469	8.00893
-7.3953	8.38345
-7.44761	8.10485
-7.48791	7.90173
-7.51971	7.70518
-7.52933	7.66435
-7.43567	8.21828
-7.46395	8.08056
-7.46161	8.05722
-7.48386	7.93415
-7.49839	7.84587
-7.57343	7.45832
-7.57028	7.49452
-7.53114	7.6915
-7.53696	7.63499
-7.64446	7.01727
-7.57445	7.41586
-7.59761	7.29638
-7.54186	7.61103
-7.49809	7.87124
-7.54637	7.60824
-7.54052	7.63702
-7.58118	7.39123
-7.57823	7.40467
-7.52717	7.65786
-7.45849	8.04217
-7.45752	8.04455
-7.48811	7.93481
-7.56445	7.49079
-7.53768	7.64921
-7.49503	7.8892
-7.54467	7.62374
-7.48666	7.94798
-7.55132	7.55439
-7.5452	7.58074
-7.49983	7.84978
-7.49769	7.88234
-7.48611	7.93515
-7.54892	7.56268
-7.53724	7.63236
-7.52933	7.66969
-7.55516	7.51269
-7.56838	7.47103
-7.65329	7.02247
-7.62405	7.18388
-7.70798	6.72767
-7.74357	6.50839
-7.66617	6.91003
-7.65141	6.98718
-7.67379	6.86907
-7.66903	6.90249
-7.64807	7.03261
-7.57756	7.39679
-7.48605	7.9261
-7.43794	8.19699
-7.52771	7.69682
-7.54962	7.60251
-7.54065	7.64084
-7.50342	7.83561
-7.48124	7.95412
-7.46855	8.02778
-7.46249	8.05269
-7.52966	7.72028
-7.51537	7.75792
-7.58204	7.40518
-7.58781	7.38982
-7.63852	7.1002
-7.65661	6.97492
-7.71352	6.67557
-7.67321	6.88399
-7.67596	6.87532
-7.66883	6.87008
-7.69035	6.77187
-7.7426	6.49132
-7.71493	6.67635
-7.76151	6.42332
-7.71303	6.66682
-7.70127	6.74152
-7.71377	6.64399
-7.76474	6.34915
-7.75238	6.4257
-7.75045	6.42096
-7.76073	6.37666
-7.69664	6.75444
-7.66325	6.97231
-7.66641	6.95806
-7.67895	6.86318
-7.65658	6.96121
-7.67136	6.89463
-7.70719	6.69533
-7.67712	6.85335
-7.62412	7.12758
-7.59387	7.30872
-7.57159	7.44139
-7.45956	8.05932
-7.60585	7.24476
-7.60364	7.27659
-7.58744	7.37385
-7.58028	7.43104
-7.47344	7.99933
-7.57999	7.4134
-7.54003	7.61929
-7.57261	7.43047
-7.5843	7.33394
-7.55234	7.54204
-7.56738	7.44415
-7.51109	7.76158
-7.49751	7.81527
-7.52777	7.67411
-7.54424	7.60137
-7.60935	7.26675
-7.55779	7.53504
-7.44702	8.16828
-7.41978	8.29496
-7.41762	8.28698
-7.40675	8.39603
-7.3895	8.4719
-7.36431	8.57021
-7.36777	8.55733
-7.40438	8.39271
-7.44351	8.17039
-7.4676	8.01193
-7.4346	8.22331
-7.40348	8.38481
-7.44084	8.18243
-7.36088	8.62894
-7.35208	8.65449
-7.48458	7.93222
-7.49592	7.86781
-7.58951	7.33598
-7.59489	7.3612
-7.67575	6.89616
-7.66046	6.98263
-7.54258	7.62863
-7.52786	7.70918
-7.52213	7.73818
-7.4924	7.90719
-7.48893	7.91955
-7.4614	8.05736
-7.44741	8.12564
-7.4735	7.9696
-7.54452	7.59056
-7.57837	7.41835
-7.48544	7.92069
-7.45767	8.07697
-7.33641	8.74031
-7.39412	8.42432
