6.18034
6.18034
6.18034
6.18034
6.18034
6.18034
6.18034
6.18034
6.18034
6.18034
6.18034
6.18034
6.18034
6.18034
6.18034
6.18034
6.18034
6.18034
6.18034
6.18034
6.18034
6.18034
6.18034
6.18034
6.18034
6.18034
6.18034
6.18034
6.18034
6.18034
6.18034
6.18034
6.18034
6.18034
7.29541
7.29541
7.29541
7.29541
8.18034
8.29541
8.29541
8.29541
8.29541
8.41049
8.7485
9.02196
9.02196
9.02196
9.02196
9.18034
9.18034
9.18034
9.40392
9.40392
9.40392
9.40392
9.40392
9.41049
9.41049
9.7485
9.7485
9.86357
9.94427
9.94427
10.022
10.022
10.1305
10.2954
10.519
10.519
10.6774
10.6774
10.8636
10.8636
10.8636
10.8636
10.9443
11.0593
11.2521
11.2521
11.4039
11.4105
11.8636
11.8636
11.8636
12.137
12.137
12.4039
12.4039
12.5901
12.6275
12.6275
12.7859
13.2521
13.5124
13.6774
13.6986
14.3167
14.354
15.0872
