1.25493
1.25275
1.25006
1.24709
1.24413
1.24144
1.23916
1.23735
1.23592
1.23479
1.23384
1.23303
1.23235
1.23179
1.23136
1.23113
1.2312
1.23171
1.23276
1.23435
1.23636
1.23858
1.24077
1.24276
1.24442
1.24571
1.24661
1.24716
1.24741
1.24741
1.24723
1.24692
1.24651
1.24604
1.24552
1.24497
1.24438
1.24375
1.24307
1.24231
1.24147
1.24054
1.23951
1.23839
1.23718
1.23591
1.23461
1.23329
1.23201
1.23078
1.22965
1.22863
1.22775
1.22698
1.22633
1.22578
1.22531
1.2249
1.22457
1.22431
1.22415
1.2241
1.22416
1.2243
1.22445
1.22453
1.22442
1.22399
1.22316
1.22187
1.22015
1.21811
1.21592
1.21386
1.21221
1.21123
1.21108
1.21182
1.21336
1.21551
1.21805
1.22073
1.22336
1.22578
1.2279
1.22968
1.2311
1.23219
1.23296
1.23345
1.23369
1.2337
1.2335
1.23312
1.23257
1.23184
1.23095
1.22988
1.22862
1.22713
1.22541
1.22341
1.22111
1.21849
1.21556
1.21235
1.20895
1.20546
1.20205
1.19883
1.19593
1.19337
1.19117
1.18934
1.18797
1.18729
1.18755
1.18897
1.19153
1.195
1.19893
1.20284
1.20629
1.20901
1.21087
1.21187
1.21211
1.21173
1.2109
1.2098
1.20859
1.20741
1.20638
1.20554
1.20491
1.20447
1.20415
1.20388
1.2036
1.20323
1.20273
1.20205
1.20118
1.20009
1.19878
1.19728
1.19559
1.19377
1.19185
1.18993
1.18808
1.18643
1.1851
1.18421
1.18388
1.18417
1.1851
1.1866
1.18854
1.19073
1.19293
1.19492
1.19646
1.19733
1.19734
1.19632
1.1942
1.19096
1.18679
1.18208
1.17742
1.17353
1.17103
1.17023
1.17109
1.17319
1.17601
1.17902
1.18181
1.18416
1.186
1.18737
1.18844
1.18935
1.19028
1.1913
1.19246
1.19373
1.19507
1.19639
1.19765
1.19879
1.19981
1.2007
1.20145
1.20209
1.20263
1.20308
1.20347
1.20379
1.20406
1.20428
1.20446
1.20459
1.20468
1.20472
1.20471
1.20464
1.20451
1.20432
1.20405
1.20371
1.20326
1.20271
1.20203
1.20121
1.20025
1.19915
1.19791
1.19657
1.19515
1.19368
1.19221
1.19075
1.18936
1.1881
1.1871
1.18654
1.1866
1.18741
1.18898
1.19111
1.19347
1.1956
1.19703
1.19732
1.19618
1.19362
1.19013
1.18673
1.18482
1.1856
1.18935
1.19528
1.20201
1.20827
1.21328
1.21678
1.21886
1.21978
1.21986
1.21939
1.21865
1.21783
1.21704
1.21632
1.21567
1.21506
1.21448
1.21398
1.2136
1.21339
1.21338
1.21359
1.21407
1.21494
1.21633
1.21834
1.22088
1.22373
1.22654
1.22898
1.23076
1.23175
1.23191
1.2313
1.23007
1.22843
1.22661
1.22487
1.22339
1.22231
1.2216
1.22118
1.22095
1.22086
1.22096
1.22141
1.22236
1.22385
1.22577
1.22783
1.22968
1.231
1.23155
1.23124
1.23005
1.22809
1.22551
1.22253
1.2194
1.21642
1.21387
1.212
1.21096
1.2108
1.21146
1.21277
1.21449
1.21639
1.21825
1.21988
1.22113
1.22187
1.22198
1.22134
1.21992
1.21772
1.21489
1.21168
1.20843
1.20547
1.20302
1.20112
1.19957
1.19806
1.19632
1.19423
1.19202
1.1902
1.18944
1.19029
1.19285
1.1968
1.20153
1.2064
1.21095
1.2149
1.21815
1.22068
1.22253
1.2238
1.22457
1.22493
1.22498
1.2248
1.22444
1.22397
1.22342
1.22281
1.22215
1.22142
1.22062
1.2197
1.21866
1.21748
1.21617
1.21476
1.21332
1.21193
1.21069
1.20971
1.20904
1.20868
1.20858
1.20865
1.20879
1.2089
1.20897
1.20902
1.20915
1.20949
1.21017
1.21128
1.21282
1.21472
1.21686
1.21908
1.22119
1.22307
1.22459
1.22568
1.22628
1.22635
1.22586
1.22481
1.22321
1.22111
1.21862
1.21589
1.21315
1.21067
1.20872
1.20757
1.20738
1.20817
1.20987
1.21227
1.21511
1.21813
1.22111
1.22388
1.22632
1.2284
1.23007
1.23136
1.23228
1.23288
1.23321
1.23331
1.23327
1.23313
1.23297
1.23283
1.23278
1.23285
1.23307
1.23345
1.23402
1.23476
1.23566
1.2367
1.23784
1.23903
1.24022
1.24134
1.24236
1.24324
1.24396
1.24452
1.24494
1.24525
1.24547
1.24563
1.24573
1.24578
1.24574
1.2456
1.24529
1.24477
1.24404
1.2431
1.24201
1.24086
1.23979
1.23895
1.23847
1.23845
1.23892
1.23987
1.24122
1.24288
1.24474
1.24666
1.24853
1.25024
1.25174
1.25298
1.25397
1.25472
1.25529
1.25572
1.25608
1.25642
1.25676
1.25714
1.25758
1.25808
1.25865
1.25929
1.25997
1.26064
1.26124
1.26166
1.26177
1.26143
1.26049
1.2589
1.25671
1.25413
1.25156
1.24952
1.24847
1.24867
1.25009
1.25239
1.25512
1.25787
1.26033
1.26234
1.26383
1.26482
1.26533
1.26542
1.26513
1.26451
1.26362
1.26248
1.26114
1.25963
1.25797
1.2562
1.25436
1.25248
1.2506
1.24875
1.24699
1.24535
1.24389
1.24267
1.24177
1.24127
1.24126
1.24178
1.24289
1.24458
1.24681
1.24947
1.25242
1.25544
1.25833
1.26091
1.26302
1.26456
1.26546
1.26568
1.26521
1.26403
1.26215
1.25956
1.25629
1.25244
1.24818
1.24385
1.23992
1.23691
1.2352
1.2349
1.23575
1.23727
1.23896
1.24044
1.24155
1.24233
1.24291
1.24349
1.24426
1.24533
1.24674
1.24843
1.25026
1.25208
1.25372
1.25504
1.25596
1.25645
1.2565
1.25614
1.25542
1.2544
1.25316
1.25176
1.25028
1.24876
1.24724
1.24574
1.24426
1.2428
1.24138
1.24005
1.23892
1.23812
1.2378
1.23807
1.23898
1.24048
1.24242
1.24462
1.24686
1.24893
1.25066
1.25191
1.25258
1.2526
1.25194
1.25064
1.24876
1.24646
1.24395
1.24149
1.23941
1.23798
1.23739
1.23769
1.23871
1.24018
1.24178
1.24324
1.24449
1.24554
1.24651
1.2475
1.24853
1.24954
1.25037
1.25085
1.25081
1.25012
1.24869
1.24645
1.24343
1.23972
1.23554
1.23129
1.22748
1.22471
1.22346
1.22394
1.22604
1.22935
1.23336
1.23756
1.2416
1.24523
1.24829
1.25071
1.25242
1.2534
1.25364
1.25315
1.25196
1.25013
1.24775
1.24492
1.24176
1.23841
1.23506
1.23198
1.22948
1.22791
1.22752
1.22844
1.23056
1.23363
1.23728
1.24114
1.24488
1.24828
1.2512
1.25357
1.25536
1.25663
1.2574
1.25775
1.25774
1.25743
1.25686
1.25607
1.25509
1.25394
1.2526
1.25105
1.24928
1.24723
1.24486
1.24213
1.23899
1.23543
1.23146
1.22711
1.22246
1.21764
1.21279
1.2081
1.20373
1.19985
1.19657
1.19393
1.1919
1.19039
1.18932
1.18869
1.18863
1.18938
1.19119
1.19414
1.19807
1.20259
1.20724
1.2116
1.21537
1.21842
1.22072
1.22233
1.22334
1.22388
1.22404
1.22393
1.22364
1.22322
1.22272
1.22215
1.22153
1.22085
1.22008
1.21921
1.21822
1.2171
1.21583
1.21442
1.21286
1.21119
1.20942
1.20759
1.20575
1.20398
1.20238
1.20103
1.20005
1.19949
1.19937
1.19967
1.20029
1.20111
1.202
1.20283
1.20352
1.20402
1.20434
1.20453
1.20468
1.2049
1.20531
1.206
1.207
1.20831
1.20983
1.21137
1.21272
1.2136
1.21371
1.21274
1.21046
1.20681
1.20204
1.19689
1.19258
1.19041
1.19119
1.19473
1.19999
1.20567
1.21073
1.21459
1.21711
1.21839
1.21868
1.21832
1.21769
1.21711
1.21676
1.21658
1.2163
1.21555
1.21407
1.21198
1.20982
1.20843
1.20855
1.21042
1.21359
1.21724
1.22054
1.22299
1.22444
1.22503
1.22499
1.22462
1.22411
1.22356
1.22297
1.22225
1.22132
1.22008
1.2185
1.2166
1.2145
1.21239
1.21051
1.20907
1.20824
1.20803
1.20833
1.20894
1.20962
1.21016
1.21045
1.2104
1.21005
1.20946
1.20876
1.20811
1.20763
1.20746
1.20766
1.20824
1.20917
1.21035
1.2117
1.21308
1.2144
1.21559
1.21659
1.21737
1.21793
1.21828
1.21845
1.21846
1.21835
1.21816
1.21791
1.21764
1.21737
1.2171
1.21686
1.21665
1.21647
1.21631
1.21616
1.21602
1.21587
1.2157
1.21549
1.21522
1.21489
1.21448
1.21401
1.21348
1.21292
1.21237
1.21186
1.21144
1.21116
1.21105
1.21112
1.21135
1.21169
1.21209
1.21247
1.21277
1.2129
1.21285
1.2126
1.21217
1.21163
1.21105
1.21056
1.21027
1.21027
1.21063
1.21137
1.21247
1.21384
1.2154
1.21706
1.21869
1.2202
1.22148
1.22242
1.22295
1.22298
1.22246
1.22136
1.2197
1.21749
1.2147
1.21126
1.2071
1.20223
1.19709
1.19276
1.19081
1.19261
1.19835
1.20675
1.21588
1.22408
1.23044
1.23473
1.2371
1.23787
1.23738
1.23594
1.23387
1.23143
1.22891
1.22656
1.2246
1.22321
1.22247
1.2224
1.22293
1.22396
1.22535
1.227
1.2288
1.23068
1.23258
1.23447
1.23629
1.23802
1.23959
1.24098
1.24213
1.24301
1.24357
1.24377
1.24359
1.24298
1.24192
1.24037
1.23834
1.23586
1.23301
1.22996
1.22695
1.22428
1.22227
1.22118
1.22114
1.22212
1.22393
1.2263
1.22893
1.23157
1.234
1.23613
1.23787
1.23921
1.24018
1.24081
1.24117
1.24132
1.24134
1.24129
1.24123
1.2412
1.24121
1.24124
1.24127
1.24124
1.24108
1.24076
1.24024
1.23951
1.2386
1.23758
1.2365
1.23544
1.23446
1.23358
1.23275
1.23194
1.23107
1.23004
1.2288
1.2273
1.22551
1.22348
1.22132
1.21926
1.21765
1.21691
1.2174
1.21928
1.22244
1.22649
1.23096
1.23538
1.23942
1.24289
1.24573
1.24796
1.24964
1.25083
1.2516
1.252
1.25206
1.2518
1.25124
1.2504
1.24927
1.24788
1.24626
1.24442
1.24241
1.24028
1.23807
1.23582
1.23354
1.23128
1.22906
1.22694
1.22499
1.22333
1.22206
1.2213
1.22111
1.22154
1.22254
1.22402
1.22585
1.22789
1.22998
1.23198
1.2338
1.23536
1.23662
1.23761
1.23834
1.23887
1.23929
1.23966
1.24004
1.24049
1.24103
1.24166
1.24237
1.24314
1.24392
1.24471
1.24546
1.24618
1.24683
1.24742
1.24791
1.24829
1.24852
1.24858
1.24844
1.2481
1.24756
1.24687
1.2461
1.24536
1.24475
1.24437
1.24424
1.24432
1.24444
1.24434
1.24365
1.24198
1.23899
1.23454
1.229
1.22343
1.21951
1.21888
1.22217
1.22853
1.23617
1.24335
1.24895
1.25254
1.2541
1.25384
1.25207
1.24912
1.24539
1.2413
1.2372
1.23336
1.22986
1.22662
1.2235
1.22043
1.21742
1.21466
1.21241
1.211
1.21068
1.21163
1.21388
1.21724
1.22136
1.22577
1.23004
1.23383
1.23696
1.23939
1.24117
1.24239
1.24316
1.24356
1.24366
1.2435
1.24309
1.24244
1.24153
1.24036
1.23892
1.23724
1.23537
1.2334
1.23145
1.22967
1.22823
1.22724
1.22677
1.22677
1.22711
1.22756
1.22784
1.22771
1.22702
1.22578
1.22421
1.22266
1.22158
1.22128
1.22181
1.22297
1.22434
1.22551
1.22613
1.22605
1.22528
1.22394
1.22228
1.22056
1.21904
1.21796
1.21745
1.21754
1.21816
1.21913
1.22024
1.22129
1.22209
1.22257
1.22269
1.22253
1.22222
1.22193
1.22181
1.22196
1.22243
1.22319
1.22417
1.22528
1.2264
1.22743
1.2283
1.22891
1.22921
1.22911
1.22854
1.2274
1.2256
1.22303
1.2196
1.21524
1.21
1.20408
1.19798
1.19253
1.18875
1.18757
1.18936
1.19378
1.1999
1.20666
1.21323
1.21912
1.22415
1.22832
1.23175
1.2346
1.237
1.23907
1.24091
1.24258
1.24407
1.24537
1.24639
1.24698
1.24697
1.24611
1.24416
1.24089
1.23623
1.23037
1.22386
1.21756
1.21232
1.20864
1.2064
1.20509
1.20422
1.20364
1.20361
1.20454
1.20674
1.21026
1.21477
1.21972
1.22442
1.22824
1.23072
1.23179
1.23185
1.23175
1.2325
1.23472
1.23828
1.24234
1.24586
1.24806
1.24871
1.24796
1.24614
1.24352
1.24008
1.23551
1.22934
1.22121
1.21126
1.20039
1.1903
1.18271
1.17848
1.17764
1.18006
1.18579
1.19433
1.20417
1.21335
1.22055
1.22542
1.2284
1.23029
1.23181
1.23346
1.23541
1.23761
1.23987
1.24202
1.24393
1.24554
1.24681
1.24778
1.24845
1.24886
1.24904
1.24903
1.24885
1.24852
1.2481
1.24761
1.24713
1.24672
1.24642
1.24629
1.24631
1.24647
1.2467
1.2469
1.24699
1.24688
1.24651
1.24585
1.2449
1.2437
1.24232
1.24083
1.23931
1.23782
1.23638
1.23494
1.23344
1.23176
1.22981
1.22757
1.22512
1.22266
1.22055
1.21922
1.21911
1.2205
1.22346
1.22772
1.23281
1.23807
1.24283
1.24651
1.24867
1.24906
1.24768
1.24485
1.24127
1.23786
1.2355
1.23469
1.23539
1.23716
1.23948
1.24197
1.24445
1.24683
1.24906
1.25101
1.25257
1.25356
1.25384
1.25332
1.25196
1.24984
1.24713
1.24413
1.24118
1.2386
1.23666
1.2355
1.23515
1.23553
1.23639
1.23742
1.23822
1.23846
1.23794
1.23663
1.23464
1.23224
1.22976
1.22758
1.22605
1.22541
1.22576
1.22702
1.22897
1.23132
1.23377
1.2361
1.23816
1.23992
1.24138
1.24263
1.24371
1.24465
1.24544
1.24602
1.24628
1.24613
1.24551
1.24442
1.24299
1.24142
1.24003
1.23914
1.23903
1.23978
1.24128
1.24328
1.24544
1.24746
1.2491
1.25022
1.25077
1.25076
1.25023
1.24928
1.24799
1.24651
1.24497
1.24352
1.24228
1.24135
1.24076
1.24047
1.2404
1.24043
1.24044
1.24031
1.23995
1.23932
1.23839
1.23721
1.23584
1.23441
1.23305
1.23193
1.23119
1.23094
1.23121
1.23192
1.23297
1.23421
1.23547
1.23664
1.23761
1.23833
1.23878
1.23896
1.23889
1.23858
1.23808
1.23742
1.23659
1.23556
1.23424
1.23243
1.2299
1.22639
1.22184
1.21665
1.21185
1.20901
1.20952
1.21371
1.22054
1.22822
1.23515
1.24036
1.24357
1.24492
1.24478
1.24365
1.24203
1.24047
1.23937
1.23901
1.23944
1.24051
1.24195
1.24348
1.24484
1.24587
1.2465
1.2467
1.2465
1.24593
1.24507
1.24397
1.24272
1.24141
1.24011
1.23892
1.23791
1.23714
1.23665
1.23647
1.23661
1.23705
1.23777
1.23871
1.23981
1.24101
1.24223
1.24342
1.24453
1.24552
1.24638
1.24709
1.24763
1.24796
1.24803
1.24772
1.24688
1.24533
1.24287
1.2394
1.23492
1.22972
1.22434
1.21952
1.21583
1.21344
1.21199
1.21079
1.20925
1.2071
1.2045
1.20197
1.20016
1.19968
1.20089
1.20383
1.20822
1.21358
1.21936
1.22505
1.23021
1.23457
1.23799
1.24044
1.24198
1.24271
1.24273
1.24217
1.24113
1.23969
1.23793
1.23592
1.23372
1.23141
1.22906
1.22674
1.22456
1.2226
1.22093
1.21963
1.21872
1.21822
1.2181
1.21832
1.21882
1.21953
1.22037
1.22127
1.22216
1.22298
1.22368
1.22419
1.22449
1.22452
1.22428
1.22375
1.22296
1.22194
1.22076
1.21951
1.21829
1.2172
1.21631
1.21569
1.21536
1.21531
1.21554
1.21598
1.21658
1.21728
1.21798
1.21862
1.21915
1.21953
1.21977
1.21989
1.21994
1.22
1.22013
1.22041
1.22086
1.22149
1.2223
1.22326
1.22432
1.22544
1.22656
1.22764
1.22862
1.22946
1.2301
1.23053
1.23074
1.23074
1.23059
1.23034
1.23007
1.22987
1.22979
1.22989
1.23018
1.23066
1.23134
1.2322
1.23328
1.23459
1.23615
1.23795
1.23992
1.24199
1.24402
1.24587
1.24739
1.24843
1.24887
1.2486
1.24757
1.24577
1.24327
1.24021
1.23682
1.23333
1.22989
1.2266
1.2235
1.22072
1.21856
1.21738
1.21739
1.21838
1.21974
1.22082
1.22138
1.22184
1.22311
1.22594
1.2304
1.23576
1.24089
1.24485
1.2471
1.24752
1.24623
1.24344
1.23944
1.23459
1.22941
1.22455
1.22071
1.21845
1.21803
1.21933
1.22199
1.22556
1.22963
1.23391
1.23823
1.24243
1.24641
1.25007
1.25336
1.25628
1.25891
1.26136
1.26372
1.266
1.26812
1.26991
1.2712
1.27178
1.2715
1.27028
1.26808
1.26494
1.26095
1.25631
1.25127
1.24614
1.24123
1.23684
1.23319
1.23043
1.22861
1.22773
1.22774
1.22857
1.23013
1.23229
1.23496
1.23803
1.2414
1.24499
1.24873
1.25254
1.25636
1.26009
1.26365
1.26694
1.26987
1.27237
1.27438
1.27585
1.27674
1.27702
1.27666
1.27566
1.274
1.27173
1.2689
1.26563
1.2621
1.25855
1.25529
1.25268
1.25104
1.25066
1.25166
1.254
1.25748
1.26174
1.26643
1.2712
1.2758
1.28009
1.28399
1.28746
1.29047
1.29296
1.29487
1.29611
1.29663
1.29636
1.29533
1.2936
1.29132
1.28871
1.28599
1.2834
1.28114
1.2793
1.2779
1.27684
1.27597
1.2751
1.27406
1.27285
1.27162
1.27068
1.27037
1.27086
1.2721
1.27377
1.27549
1.27692
1.27789
1.27837
1.27844
1.27822
1.27782
1.27728
1.27663
1.27586
1.27495
1.27391
1.27274
1.27149
1.27022
1.269
1.2679
1.26699
1.2663
1.26587
1.26571
1.26581
1.26613
1.26661
1.26716
1.26766
1.26796
1.26788
1.26724
1.26579
1.2633
1.25957
1.25451
1.24831
1.24162
1.23569
1.2321
1.2321
1.23591
1.24254
1.25039
1.25804
1.26462
1.26978
1.2735
1.27593
1.27719
1.27744
1.27676
1.27524
1.27295
1.26998
1.26644
1.26248
1.25828
1.25402
1.24989
1.24604
1.24263
1.23977
1.23756
1.23605
1.2353
1.2353
1.23599
1.23729
1.23903
1.24104
1.24313
1.24511
1.24686
1.24831
1.24947
1.25042
1.2513
1.25222
1.25327
1.25443
1.25558
1.25652
1.25703
1.2569
1.25598
1.25421
1.25163
1.24842
1.24493
1.24161
1.23898
1.23748
1.23736
1.23858
1.24091
1.24394
1.24729
1.2506
1.25365
1.25632
1.25856
1.26039
1.26184
1.26296
1.26379
1.26437
1.26472
1.26487
1.26482
1.26456
1.26408
1.26334
1.26231
1.26095
1.25921
1.25706
1.25447
1.25144
1.24801
1.24428
1.24041
1.23663
1.23321
1.23044
1.22856
1.2277
1.22789
1.22903
1.23091
1.23332
1.23603
1.23888
1.24174
1.24457
1.24734
1.25003
1.25264
1.25513
1.25745
1.25953
1.26128
1.26263
1.26349
1.26381
1.26357
1.26275
1.26139
1.25957
1.25737
1.25492
1.25234
1.24975
1.24725
1.24489
1.24275
1.24087
1.23929
1.23804
1.23712
1.23657
1.2364
1.23665
1.23731
1.23831
1.23949
1.24061
1.24141
1.24163
1.24105
1.23963
1.23757
1.23541
1.23394
1.2339
1.23564
1.23883
1.24273
1.24649
1.24948
1.25144
1.25234
1.25233
1.25158
1.25025
1.24848
1.24633
1.24383
1.24104
1.238
1.23483
1.2317
1.22884
1.2265
1.22486
1.22399
1.22375
1.22389
1.22407
1.22399
1.22344
1.22234
1.2207
1.21865
1.21645
1.21452
1.21349
1.21401
1.21639
1.22042
1.22538
1.23037
1.23461
1.23767
1.23941
1.23992
1.23942
1.23816
1.23642
1.23444
1.23247
1.23068
1.22921
1.22813
1.22745
1.22713
1.22712
1.22733
1.22771
1.22824
1.22888
1.22963
1.23048
1.23141
1.23238
1.23335
1.23428
1.2351
1.23579
1.23631
1.23665
1.23681
1.23683
1.23672
1.23654
1.23631
1.23603
1.23568
1.23522
1.23459
1.23371
1.23253
1.23101
1.22913
1.22696
1.2246
1.22223
1.2201
1.21846
1.21751
1.21733
1.21784
1.21883
1.22004
1.22126
1.22237
1.22337
1.22436
1.22545
1.22674
1.22827
1.23
1.23186
1.23377
1.23562
1.23735
1.23887
1.24013
1.24107
1.24168
1.24196
1.24193
1.24164
1.24113
1.2404
1.2394
1.23799
1.23596
1.23302
1.22893
1.22352
1.21695
1.20976
1.20303
1.19813
1.19634
1.19823
1.20337
1.21055
1.2184
1.22587
1.23239
1.23787
1.24243
1.24634
1.24983
1.25307
1.25617
1.25912
1.26189
1.2644
1.26657
1.26833
1.26962
1.2704
1.27065
1.27037
1.26958
1.26834
1.2668
1.26518
1.2638
1.26303
1.26319
1.26441
1.26659
1.26937
1.27221
1.2746
1.27608
1.27638
1.27536
1.27311
1.26986
1.26597
1.26191
1.25808
1.25475
1.25205
1.24992
1.24825
1.24696
1.24601
1.24541
1.24519
1.24534
1.24572
1.24607
1.24602
1.24523
1.24357
1.24135
1.23938
1.23885
1.24084
1.24577
1.25322
1.26215
1.27139
1.28
1.2874
1.29329
1.29758
1.30024
1.30127
1.30063
1.29827
1.29412
1.28819
1.28065
1.27202
1.26318
1.25526
1.24929
1.24572
1.24437
1.24462
1.24584
1.24756
1.24952
1.25158
1.25367
1.25575
1.25781
1.25986
1.26191
1.26396
1.26601
1.26804
1.27
1.27186
1.27358
1.27511
1.27642
1.27749
1.27829
1.27882
1.27908
1.27907
1.27881
1.27828
1.27751
1.27648
1.27521
1.27368
1.2719
1.26989
1.26765
1.26523
1.26269
1.26013
1.25765
1.25539
1.25347
1.25201
1.25107
1.25066
1.25071
1.25113
1.25177
1.25249
1.25314
1.25362
1.25387
1.25382
1.25347
1.2528
1.25183
1.25056
1.24901
1.24722
1.24525
1.2432
1.24119
1.23939
1.23792
1.23691
1.23639
1.23633
1.23666
1.23729
1.23814
1.23917
1.24038
1.24179
1.24344
1.24533
1.24747
1.24981
1.25228
1.25479
1.25726
1.25959
1.26171
1.26357
1.26513
1.26638
1.26729
1.26789
1.26817
1.26816
1.26786
1.26731
1.26652
1.26552
1.26436
1.26309
1.26175
1.26041
1.25915
1.25802
1.25707
1.25629
1.25568
1.25518
1.25475
1.25437
1.25406
1.2539
1.25401
1.25449
1.25537
1.25659
1.25797
1.25925
1.26012
1.26033
1.25973
1.25837
1.2565
1.25456
1.25308
1.25257
1.25329
1.25518
1.25792
1.26104
1.26408
1.2667
1.26871
1.27004
1.27071
1.27081
1.27045
1.26978
1.26897
1.26823
1.26774
1.26771
1.26826
1.26942
1.27113
1.27323
1.27552
1.27778
1.27984
1.28153
1.28276
1.2834
1.28337
1.28254
1.28087
1.27841
1.27542
1.27247
1.27029
1.26956
1.27053
1.27287
1.27583
1.27857
1.28043
1.28108
1.28043
1.27855
1.27558
1.27172
1.26718
1.26228
1.25739
1.25292
1.24922
1.24647
1.24457
1.24322
1.24201
1.24062
1.23888
1.2368
1.23451
1.2322
1.23009
1.22841
1.22735
1.22707
1.22761
1.22896
1.23098
1.23348
1.23628
1.2392
1.2421
1.24486
1.24736
1.24949
1.25114
1.25221
1.25265
1.25242
1.25149
1.24991
1.2477
1.24497
1.24184
1.23851
1.23524
1.23232
1.23001
1.22852
1.22792
1.22815
1.22902
1.23029
1.23173
1.23317
1.23446
1.23556
1.23642
1.23706
1.23749
1.23773
1.23778
1.23767
1.23739
1.23695
1.23633
1.23552
1.23453
1.23337
1.23205
1.23063
1.22917
1.22776
1.22649
1.22547
1.22475
1.22435
1.22425
1.22438
1.22464
1.22494
1.22518
1.22531
1.2253
1.22514
1.22484
1.22444
1.22398
1.22351
1.22311
1.22282
1.2227
1.22277
1.22301
1.22335
1.22371
1.22395
1.22395
1.22357
1.22271
1.22132
1.21942
1.21718
1.2149
1.21296
1.21181
1.21181
1.21314
1.21577
1.21946
1.22383
1.22849
1.2331
1.23742
1.24132
1.24472
1.24763
1.25004
1.25198
1.25344
1.25443
1.25489
1.25481
1.25414
1.25284
1.25091
1.2484
1.24543
1.24223
1.23909
1.23639
1.23445
1.23353
1.2337
1.23488
1.23688
1.23947
1.24241
1.24549
1.24852
1.25134
1.2538
1.25578
1.25715
1.25783
1.25777
1.25697
1.25547
1.25337
1.25082
1.24803
1.24526
1.24279
1.24096
1.24009
1.24038
1.24186
1.24432
1.2474
1.25064
1.25368
1.25626
1.25826
1.25966
1.26051
1.26089
1.26089
1.26061
1.26011
1.25947
1.25876
1.25805
1.2574
1.25692
1.25668
1.25676
1.25723
1.2581
1.25937
1.26099
1.26287
1.26489
1.26695
1.26893
1.27072
1.27223
1.2734
1.27419
1.27458
1.27457
1.27423
1.27365
1.27297
1.27235
1.27198
1.27199
1.27247
1.27339
1.27466
1.27614
1.27767
1.27909
1.2803
1.28123
1.28185
1.28218
1.28224
1.28207
1.28171
1.2812
1.28054
1.27973
1.27871
1.27738
1.2756
1.27322
1.27012
1.26625
1.2617
1.25688
1.25244
1.24922
1.24793
1.24884
1.25164
1.25562
1.26005
1.26438
1.26837
1.27202
1.27539
1.27859
1.28167
1.28465
1.2875
1.29016
1.29257
1.29466
1.29636
1.29762
1.29835
1.29848
1.2979
1.29647
1.29402
1.29037
1.28541
1.27916
1.27198
1.26468
1.25851
1.25478
1.25429
1.25688
1.26159
1.26718
1.2727
1.27759
1.28169
1.285
1.28764
1.2897
1.29128
1.29244
1.29323
1.29366
1.29377
1.29355
1.29302
1.29217
1.291
1.28952
1.28775
1.28571
1.28347
1.28111
1.27877
1.27663
1.27491
1.27378
1.27339
1.27375
1.2748
1.27637
1.27822
1.28015
1.28197
1.28352
1.28471
1.28547
1.28576
1.28553
1.28477
1.28343
1.28152
1.27905
1.27611
1.27283
1.26948
1.26635
1.26382
1.26216
1.26152
1.26182
1.26281
1.26412
1.2654
1.26639
1.26697
1.26712
1.26686
1.26628
1.26542
1.26427
1.26277
1.26087
1.2586
1.25626
1.25444
1.25392
1.2553
1.25868
1.26354
1.26901
1.27429
1.27886
1.28252
1.28529
1.28727
1.28859
1.28934
1.28954
1.28919
1.28827
1.28675
1.28466
1.28206
1.2791
1.27603
1.27318
1.27089
1.26943
1.26892
1.26927
1.27028
1.27164
1.27311
1.27448
1.27568
1.27667
1.27746
1.27808
1.27854
1.27882
1.27886
1.27861
1.278
1.27694
1.27542
1.27343
1.27109
1.2686
1.26625
1.26437
1.26327
1.2631
1.26383
1.26526
1.26707
1.26895
1.27066
1.27203
1.27299
1.27352
1.27364
1.27339
1.2728
1.2719
1.27071
1.26926
1.26759
1.26575
1.26379
1.26182
1.25995
1.25829
1.25694
1.25595
1.25531
1.25491
1.25463
1.2543
1.25378
1.25295
1.25179
1.25031
1.24861
1.24683
1.24516
1.2438
1.24296
1.24279
1.24341
1.24483
1.24695
1.24958
1.25246
1.25536
1.25805
1.26036
1.26222
1.26354
1.26432
1.26452
1.26412
1.26311
1.26145
1.25912
1.25617
1.25269
1.2489
1.24514
1.24181
1.2393
1.2379
1.23764
1.23836
1.23976
1.2415
1.24333
1.24511
1.24679
1.24839
1.24994
1.25144
1.25286
1.25413
1.25513
1.25576
1.2559
1.25548
1.25448
1.25298
1.25115
1.24925
1.24752
1.24616
1.24516
1.24429
1.2432
1.24157
1.23931
1.23676
1.23464
1.23384
1.2349
1.23776
1.24171
1.24579
1.24917
1.25142
1.25244
1.25246
1.25187
1.25114
1.25071
1.25088
1.25173
1.25316
1.25492
1.25674
1.2584
1.25978
1.26088
1.26176
1.26256
1.26339
1.26437
1.26552
1.26685
1.26828
1.2697
1.271
1.27205
1.27276
1.27306
1.27289
1.27224
1.27115
1.26967
1.26793
1.26607
1.26425
1.26265
1.2614
1.26059
1.26024
1.26031
1.26071
1.26137
1.26221
1.2632
1.26437
1.2658
1.26757
1.26976
1.27238
1.27537
1.27863
1.282
1.28536
1.28857
1.29156
1.29425
1.29661
1.29858
1.30011
1.30109
1.30138
1.30076
1.29886
1.29515
1.28888
1.27921
1.2657
1.24937
1.23393
1.22509
1.22653
1.23633
1.2489
1.25958
1.26663
1.27037
1.27188
1.2723
1.2725
1.27303
1.27417
1.27592
1.2781
1.28038
1.28235
1.28362
1.28395
1.28335
1.28219
1.28115
1.28102
1.28235
1.28515
1.28897
1.29312
1.29697
1.30019
1.30266
1.30449
1.3058
1.30675
1.30745
1.30794
1.30824
1.30835
1.30824
1.3079
1.30731
1.30651
1.30555
1.30453
1.30359
1.30289
1.30261
1.30285
1.30366
1.305
1.30672
1.30864
1.31054
1.3122
1.31344
1.3141
1.31404
1.31318
1.31149
1.30905
1.30603
1.30279
1.29976
1.29743
1.29613
1.29596
1.29675
1.29813
1.29973
1.30123
1.30245
1.30332
1.30386
1.30412
1.30415
1.30402
1.30377
1.30344
1.30307
1.30268
1.30231
1.302
1.30177
1.30166
1.30169
1.30189
1.30225
1.30276
1.30333
1.30387
1.30425
1.30439
1.30425
1.30396
1.30375
1.30394
1.3048
1.30641
1.30867
1.3113
1.314
1.31656
1.31888
1.32094
1.32277
1.32442
1.32589
1.32716
1.3282
1.32897
1.32945
1.32962
1.32952
1.32915
1.32854
1.32774
1.32675
1.32558
1.32422
1.32265
1.32087
1.31884
1.31658
1.31406
1.31131
1.30835
1.30528
1.30229
1.29965
1.2977
1.29672
1.29685
1.29807
1.3002
1.30303
1.30631
1.30982
1.31337
1.31679
1.31995
1.32273
1.32511
1.32706
1.32862
1.3298
1.33065
1.33119
1.33142
1.33133
1.3309
1.33007
1.32881
1.32706
1.32484
1.32223
1.31945
1.31688
1.31503
1.31443
1.31542
1.31802
1.32189
1.32645
1.33106
1.33515
1.33835
1.3404
1.3412
1.34075
1.33915
1.33655
1.33315
1.32903
1.32414
1.31824
1.31111
1.30287
1.29439
1.2873
1.2836
1.28466
1.2903
1.29882
1.30792
1.31577
1.3215
1.32509
1.32709
1.32824
1.3292
1.3304
1.33197
1.33377
1.33554
1.33702
1.338
1.33836
1.33802
1.33685
1.33465
1.33116
1.32605
1.3192
1.31091
1.30216
1.29461
1.29002
1.28939
1.29251
1.29832
1.30568
1.3137
1.32174
1.3293
1.33596
1.34145
1.34561
1.34838
1.34978
1.34985
1.34861
1.34608
1.34231
1.33737
1.33142
1.32471
1.31763
1.31074
1.30468
1.30018
1.29791
1.2983
1.30136
1.30668
1.31348
1.32089
1.3281
1.33453
1.33987
1.34398
1.3469
1.34873
1.3496
1.34967
1.3491
1.34803
1.3466
1.34496
1.34321
1.34145
1.33973
1.33809
1.33651
1.33496
1.33338
1.33171
1.3299
1.3279
1.32571
1.32337
1.32097
1.31865
1.31663
1.31509
1.31421
1.31408
1.31467
1.31581
1.3173
1.31887
1.32032
1.32152
1.32242
1.32303
1.32341
1.32364
1.32378
1.3239
1.32405
1.32424
1.3245
1.32482
1.32519
1.32557
1.32592
1.32622
1.3264
1.32645
1.32632
1.326
1.32549
1.32479
1.32389
1.32283
1.32161
1.32025
1.31876
1.31718
1.31554
1.31388
1.31228
1.31081
1.30953
1.3085
1.30769
1.30702
1.30629
1.30524
1.30352
1.30086
1.29717
1.2928
1.28862
1.28593
1.28591
1.28889
1.29418
1.30042
1.30635
1.31121
1.31479
1.31722
1.31881
1.31987
1.32062
1.32119
1.32158
1.32174
1.32158
1.32103
1.32002
1.31856
1.3167
1.31453
1.31214
1.30964
1.30716
1.30483
1.3028
1.30129
1.30049
1.30059
1.30163
1.30354
1.30608
1.30889
1.31161
1.31388
1.31549
1.31629
1.31628
1.31552
1.3142
1.31255
1.31086
1.30945
1.30859
1.30852
1.3093
1.31091
1.31317
1.31584
1.31865
1.32135
1.32373
1.32561
1.32686
1.32735
1.32697
1.3256
1.32313
1.31948
1.31469
1.30899
1.30293
1.29736
1.29325
1.29137
1.29191
1.29442
1.29808
1.30207
1.30582
1.30902
1.31159
1.31352
1.31484
1.31558
1.31575
1.31537
1.31447
1.31313
1.31147
1.30965
1.30785
1.30627
1.30506
1.30432
1.30413
1.30454
1.30556
1.3072
1.30942
1.31209
1.31503
1.31801
1.32076
1.32302
1.32458
1.32525
1.32492
1.32351
1.32105
1.31774
1.31391
1.31012
1.30698
1.305
1.30438
1.30495
1.30626
1.30783
1.30927
1.3104
1.3112
1.31173
1.31208
1.31231
1.31245
1.31252
1.31252
1.31249
1.31244
1.31239
1.31234
1.31229
1.31221
1.31206
1.31181
1.31142
1.31088
1.3102
1.30943
1.30863
1.30792
1.30747
1.30745
1.30803
1.30937
1.31154
1.31451
1.31819
1.32238
1.32688
1.33146
1.33595
1.3402
1.34411
1.34761
1.35064
1.35318
1.35519
1.35664
1.3575
1.35774
1.35734
1.35629
1.35464
1.35245
1.34985
1.34701
1.34415
1.34151
1.33935
1.33787
1.3372
1.33738
1.33835
1.33994
1.34193
1.34405
1.34603
1.34764
1.3487
1.3491
1.34878
1.34772
1.34596
1.34356
1.34061
1.33723
1.33355
1.32981
1.32639
1.32381
1.32263
1.32319
1.32547
1.32913
1.33375
1.339
1.34453
1.34989
1.35447
1.3577
1.35919
1.35891
1.35722
1.35484
1.35265
1.35143
1.35158
1.35297
1.35505
1.35716
1.35872
1.3593
1.35869
1.35678
1.35352
1.34895
1.34319
1.33655
1.32953
1.32285
1.3173
1.31357
1.31201
1.3125
1.31451
1.31728
1.32007
1.32232
1.32372
1.32417
1.3237
1.32244
1.32054
1.31813
1.31536
1.31234
1.30918
1.30599
1.30282
1.29969
1.29652
1.29317
1.28945
1.28527
1.28083
1.27674
1.27388
1.27306
1.27457
1.2781
1.28299
1.28859
1.29449
1.30042
1.3062
1.31162
1.3165
1.32063
1.32392
1.3263
1.32779
1.32842
1.32824
1.32731
1.32564
1.32327
1.32021
1.31648
1.31214
1.30732
1.30221
1.29709
1.29226
1.28801
1.28453
1.2819
1.28014
1.27925
1.27924
1.28011
1.2818
1.28414
1.28685
1.28956
1.29196
1.29379
1.2949
1.29524
1.29487
1.29388
1.2924
1.29059
1.28861
1.2866
1.28472
1.28309
1.28181
1.28096
1.28057
1.28063
1.28112
1.28195
1.28303
1.28425
1.28549
1.28665
1.28766
1.28846
1.28899
1.28923
1.28917
1.28877
1.28805
1.287
1.28564
1.28401
1.28215
1.28016
1.27813
1.27618
1.27441
1.27292
1.27176
1.27096
1.27054
1.27048
1.27078
1.2714
1.27232
1.27347
1.27476
1.27612
1.27745
1.27866
1.27971
1.28054
1.28115
1.28152
1.28166
1.2816
1.28134
1.28092
1.28035
1.27966
1.27888
1.27803
1.27713
1.27618
1.27519
1.27415
1.27303
1.27177
1.27028
1.26843
1.26601
1.26273
1.25824
1.25215
1.24426
1.23476
1.22464
1.21573
1.21031
1.21008
1.21528
1.22453
1.23555
1.24619
1.25506
1.26164
1.26617
1.26933
1.27188
1.27442
1.27719
1.28008
1.28276
1.28489
1.28625
1.2868
1.28669
1.28615
1.28549
1.28498
1.28483
1.28513
1.28588
1.28698
1.28832
1.28976
1.29117
1.29244
1.2934
1.29388
1.29363
1.29232
1.2896
1.28514
1.27875
1.27054
1.26107
1.25144
1.24314
1.23767
1.23592
1.23781
1.24236
1.24816
1.25387
1.25862
1.26208
1.26453
1.26669
1.26949
1.27365
1.27934
1.28609
1.2931
1.29962
1.30517
1.30953
1.31269
1.31473
1.31577
1.31594
1.31534
1.31409
1.3123
1.31007
1.30754
1.30485
1.30215
1.29954
1.29707
1.29475
1.29249
1.29018
1.28772
1.28504
1.28213
1.27907
1.27596
1.27297
1.27032
1.26822
1.26691
1.26654
1.26713
1.26851
1.27034
1.27221
1.27372
1.27459
1.27472
1.2742
1.27325
1.27221
1.27145
1.27129
1.27194
1.27347
1.27576
1.2786
1.28171
1.28481
1.28771
1.29028
1.29245
1.29423
1.29562
1.29666
1.29739
1.29781
1.29795
1.29779
1.2973
1.29647
1.29524
1.29361
1.29156
1.28912
1.28635
1.28336
1.28031
1.27737
1.27472
1.27253
1.27095
1.27008
1.26999
1.27067
1.27207
1.27404
1.27641
1.27896
1.28149
1.2838
1.28574
1.28721
1.28811
1.28842
1.28811
1.28723
1.28581
1.28393
1.28172
1.27933
1.2769
1.27461
1.27256
1.27082
1.26936
1.2681
1.26696
1.26588
1.26498
1.26445
1.26461
1.2657
1.26782
1.27081
1.27437
1.2781
1.28164
1.28475
1.2873
1.28928
1.2907
1.29164
1.29216
1.29234
1.29222
1.29185
1.29125
1.29044
1.28941
1.28815
1.28665
1.28488
1.28282
1.28049
1.27792
1.27521
1.27252
1.27005
1.26804
1.26671
1.26619
1.26656
1.26773
1.26956
1.27184
1.27433
1.27681
1.27909
1.28102
1.28251
1.28352
1.28407
1.28424
1.28413
1.28391
1.28374
1.28377
1.28413
1.2849
1.28609
1.28767
1.28954
1.29158
1.29369
1.29574
1.29764
1.29935
1.30083
1.30206
1.30306
1.30384
1.3044
1.30476
1.30491
1.30484
1.30454
1.30399
1.30315
1.302
1.3005
1.29862
1.29635
1.29371
1.29075
1.28764
1.28463
1.28206
1.28029
1.27959
1.28003
1.28146
1.28351
1.28573
1.28766
1.28893
1.28933
1.28875
1.28727
1.28514
1.2828
1.28078
1.27959
1.27955
1.28072
1.28289
1.28573
1.28891
1.29219
1.29542
1.29852
1.30141
1.30406
1.30643
1.3085
1.31027
1.31177
1.31302
1.31405
1.31485
1.31543
1.31576
1.31581
1.31556
1.31497
1.314
1.31264
1.31087
1.30867
1.30602
1.30289
1.29925
1.29507
1.2904
1.28539
1.28031
1.27556
1.27156
1.26859
1.2667
1.26568
1.26514
1.26469
1.26405
1.26319
1.26229
1.26167
1.26169
1.26261
1.26452
1.26733
1.27082
1.27471
1.27867
1.28239
1.28558
1.28801
1.28955
1.29012
1.28973
1.28849
1.28662
1.28446
1.28241
1.28088
1.28013
1.28015
1.2806
1.2809
1.28026
1.27787
1.273
1.26529
1.25516
1.24444
1.23624
1.23359
1.23728
1.24526
1.25437
1.26233
1.2683
1.27247
1.27541
1.27765
1.27959
1.28144
1.28326
1.28502
1.28667
1.28817
1.28947
1.29056
1.29145
1.29214
1.29267
1.29304
1.29327
1.29338
1.29337
1.29326
1.29306
1.29278
1.29245
1.29205
1.29158
1.29103
1.29036
1.28955
1.28856
1.28735
1.28595
1.28439
1.28276
1.2812
1.27987
1.27891
1.27845
1.27855
1.27923
1.2805
1.28234
1.28474
1.28756
1.29059
1.29351
1.29603
1.2979
1.29905
1.29956
1.29967
1.29969
1.29992
1.30057
1.30169
1.30318
1.30482
1.30634
1.30754
1.30827
1.30847
1.30817
1.30747
1.30649
1.30543
1.30445
1.30375
1.30345
1.30365
1.30437
1.30557
1.30714
1.30895
1.31083
1.31267
1.31435
1.3158
1.31699
1.31791
1.31858
1.31901
1.31926
1.31938
1.31942
1.31944
1.31949
1.31962
1.31986
1.32023
1.32071
1.32125
1.3218
1.32224
1.32244
1.32225
1.32151
1.32006
1.31779
1.31464
1.31061
1.30579
1.30028
1.29411
1.2873
1.27982
1.27184
1.26384
1.25663
1.25126
1.24854
1.24881
1.25175
1.25659
1.2624
1.26833
1.27376
1.27834
1.28198
1.28483
1.28713
1.2892
1.29126
1.29336
1.29542
1.2972
1.29848
1.29905
1.29882
1.29781
1.29617
1.29412
1.29195
1.28995
1.28836
1.28736
1.28703
1.28733
1.28816
1.28934
1.2907
1.29206
1.29331
1.29434
1.29512
1.29561
1.29584
1.29583
1.29561
1.2952
1.29466
1.294
1.29326
1.29246
1.29162
1.29075
1.28986
1.28896
1.28806
1.28716
1.28629
1.28543
1.28458
1.28369
1.28265
1.28133
1.27958
1.27726
1.27437
1.27106
1.26778
1.26519
1.26402
1.26474
1.26734
1.27134
1.27601
1.28066
1.28481
1.28824
1.29092
1.29293
1.29439
1.29543
1.29616
1.29667
1.29702
1.29726
1.29738
1.2974
1.29731
1.29711
1.29687
1.29668
1.29669
1.2971
1.2981
1.2998
1.3022
1.30513
1.30834
1.3115
1.31426
1.31629
1.31726
1.31687
1.31481
1.31089
1.30515
1.29814
1.29105
1.28552
1.2829
1.28342
1.28602
1.2891
1.29134
1.29226
1.29209
1.29148
1.29115
1.29163
1.29311
1.29548
1.29844
1.30167
1.3049
1.30796
1.31073
1.31317
1.31527
1.31701
1.31838
1.31936
